{'dataset': 'breast_w', 'algorithm': 'ptdqn', 'num_clf': 20, 'num_training': 400000, 'learning_rate': 0.1, 'discount_factor': 1.0, 'epsilon': 0.1, 'random_state': 5103, 'portion': 0.5, 'sequential': False}
(699, 10)
reading data takes 0.293 sec
number of labels: 2

Running iteration 1 of 10 fold...
[18, 0, 1, 3, 8, 9, 14, 6]
using cpu
using cpu
    accuracy, precision, recall, f_score
max0: 0.9619, 0.9619, 0.9581, 0.9581

    accuracy, precision, recall, f_score
max3: 0.9745, 0.9745, 0.9720, 0.9720

    accuracy, precision, recall, f_score
max1: 0.9714, 0.9714, 0.9689, 0.9689


min loss: 0.009, episode: 399000
max accu: 0.971, episode: 220000

2.70 classifiers used
    accuracy, precision, recall, f_score
mv: 0.9714, 0.9714, 0.9689, 0.9689
wv: 0.9714, 0.9714, 0.9689, 0.9689
fs: 0.9714, 0.9714, 0.9689, 0.9689
rl: 0.9714, 0.9714, 0.9689, 0.9689

0.9657142857142856
0.97, 0.97, 0.95, 0.95, 0.97, 0.97, 0.97, 0.95, 0.97, 0.97, 0.95, 0.95, 0.97, 0.98, 0.97, 0.97, 0.91, 0.98, 0.97, 0.95

0.9649999999999999
0.95, 0.97, 0.97, 0.95, 0.97, 0.97, 0.97, 0.95, 0.92, 0.95, 0.97, 0.97, 0.92, 0.98, 0.98, 0.95, 0.98, 0.98, 0.95, 0.95


Running iteration 2 of 10 fold...
[6, 0]
using cpu
using cpu
    accuracy, precision, recall, f_score
max0: 0.9746, 0.9752, 0.9763, 0.9722

    accuracy, precision, recall, f_score
max3: 0.9809, 0.9811, 0.9810, 0.9789

    accuracy, precision, recall, f_score
max1: 0.9286, 0.9294, 0.9281, 0.9251


min loss: 0.009, episode: 399000
max accu: 0.929, episode: 230000

11.23 classifiers used
    accuracy, precision, recall, f_score
mv: 0.9143, 0.9143, 0.9096, 0.9096
wv: 0.9143, 0.9143, 0.9096, 0.9096
fs: 0.9143, 0.9143, 0.9096, 0.9096
rl: 0.9286, 0.9294, 0.9281, 0.9251

0.9121428571428571
0.9, 0.92, 0.92, 0.9, 0.9, 0.9, 0.91, 0.85, 0.92, 0.92, 0.92, 0.87, 0.92, 0.91, 0.94, 0.91, 0.92, 0.91, 0.91, 0.9

0.9085714285714284
0.91, 0.9, 0.92, 0.91, 0.91, 0.92, 0.91, 0.9, 0.88, 0.9, 0.94, 0.91, 0.9, 0.91, 0.9, 0.87, 0.9, 0.9, 0.92, 0.9


Running iteration 3 of 10 fold...
[10, 0, 6, 1, 13, 2, 9, 3]
using cpu
using cpu
    accuracy, precision, recall, f_score
max0: 0.9714, 0.9718, 0.9719, 0.9692

    accuracy, precision, recall, f_score
max3: 0.9745, 0.9745, 0.9727, 0.9727

    accuracy, precision, recall, f_score
max1: 0.9857, 0.9864, 0.9898, 0.9832


min loss: 0.007, episode: 396000
max accu: 0.986, episode: 10000

1.00 classifiers used
    accuracy, precision, recall, f_score
mv: 0.9571, 0.9625, 0.9694, 0.9509
wv: 0.9571, 0.9625, 0.9694, 0.9509
fs: 0.9571, 0.9625, 0.9694, 0.9509
rl: 0.9857, 0.9864, 0.9898, 0.9832

0.9521428571428572
0.95, 0.95, 0.95, 0.92, 0.9, 0.95, 0.98, 0.94, 0.94, 0.94, 0.95, 0.94, 0.95, 0.94, 0.98, 0.94, 0.97, 0.94, 0.98, 0.94

0.9457142857142854
0.94, 0.95, 0.95, 0.94, 0.91, 0.95, 0.95, 0.94, 0.92, 0.95, 0.95, 0.92, 0.91, 0.94, 0.98, 0.94, 0.94, 0.95, 0.95, 0.92


Running iteration 4 of 10 fold...
[2, 0, 4, 1, 10, 5]
using cpu
using cpu
    accuracy, precision, recall, f_score
max0: 0.9460, 0.9460, 0.9365, 0.9408

    accuracy, precision, recall, f_score
max3: 0.9682, 0.9686, 0.9605, 0.9654

    accuracy, precision, recall, f_score
max1: 1.0000, 1.0000, 1.0000, 1.0000


min loss: 0.009, episode: 394000
max accu: 1.000, episode: 30000

1.00 classifiers used
    accuracy, precision, recall, f_score
mv: 1.0000, 1.0000, 1.0000, 1.0000
wv: 1.0000, 1.0000, 1.0000, 1.0000
fs: 1.0000, 1.0000, 1.0000, 1.0000
rl: 1.0000, 1.0000, 1.0000, 1.0000

0.9714285714285713
0.98, 0.97, 1.0, 0.95, 0.97, 0.95, 1.0, 0.95, 0.95, 0.94, 1.0, 0.97, 0.97, 0.95, 1.0, 0.95, 0.95, 0.95, 1.0, 0.95

0.9742857142857144
0.95, 0.98, 1.0, 0.98, 0.94, 0.98, 0.97, 0.95, 0.97, 0.95, 1.0, 0.94, 0.98, 0.98, 0.98, 0.95, 0.97, 0.98, 1.0, 0.95

    accuracy, precision, recall, f_score
mv: 0.9607, 0.9621, 0.9620, 0.9573
wv: 0.9607, 0.9621, 0.9620, 0.9573
fs: 0.9607, 0.9621, 0.9620, 0.9573
rl: 0.9714, 0.9718, 0.9717, 0.9693

fs avg size: 6.00000, rl avg size: 3.98214
full test avg accu: 0.94839, test avg accu: 0.95036

training takes 12419.823 sec
