{'dataset': 'abalone', 'algorithm': 'ptdqn', 'num_clf': 50, 'num_training': 500000, 'learning_rate': 0.1, 'discount_factor': 1.0, 'epsilon': 0.1, 'random_state': 796, 'portion': 0.5, 'sequential': False}
(4177, 11)
reading data takes 3.296 sec
number of labels: 28

Running iteration 1 of 10 fold...
[9, 0, 1, 11, 33, 30, 8, 2, 7, 46, 31]
using cpu
using cpu
    accuracy, precision, recall, f_score
max0: 0.244279, 0.231694, 0.211197, 0.207769

    accuracy, precision, recall, f_score
max3: 0.244941, 0.235808, 0.262447, 0.251198

    accuracy, precision, recall, f_score
max1: 0.160287, 0.146581, 0.275227, 0.247695


min loss: 0.002, episode: 157000
max accu: 0.160, episode: 140000

45.18 classifiers used
    accuracy, precision, recall, f_score
mv: 0.150718, 0.147401, 0.212794, 0.186834
wv: 0.157895, 0.143871, 0.230660, 0.201415
fs: 0.160287, 0.163687, 0.255434, 0.235769
rl: 0.160287, 0.146581, 0.275227, 0.247695

0.19743480574773817
0.19, 0.20, 0.21, 0.19, 0.19, 0.18, 0.19, 0.19, 0.19, 0.21, 0.19, 0.21, 0.19, 0.20, 0.19, 0.20, 0.19, 0.20, 0.18, 0.19, 0.19, 0.20, 0.19, 0.20, 0.19, 0.19, 0.19, 0.20, 0.18, 0.17, 0.19, 0.19, 0.21, 0.20, 0.18, 0.19, 0.20, 0.19, 0.18, 0.18, 0.19, 0.19, 0.19, 0.19, 0.20, 0.19, 0.19, 0.18, 0.19, 0.21

0.19925452609158678
0.20, 0.20, 0.21, 0.19, 0.19, 0.19, 0.18, 0.21, 0.20, 0.22, 0.19, 0.20, 0.19, 0.21, 0.19, 0.21, 0.19, 0.20, 0.17, 0.20, 0.20, 0.21, 0.20, 0.19, 0.19, 0.18, 0.19, 0.19, 0.18, 0.18, 0.19, 0.21, 0.20, 0.20, 0.18, 0.21, 0.20, 0.18, 0.17, 0.17, 0.19, 0.18, 0.20, 0.20, 0.21, 0.20, 0.19, 0.17, 0.18, 0.20

0.12947368421052632
0.14, 0.10, 0.14, 0.12, 0.16, 0.14, 0.13, 0.13, 0.12, 0.12, 0.15, 0.15, 0.11, 0.12, 0.12, 0.11, 0.11, 0.10, 0.12, 0.11, 0.13, 0.14, 0.10, 0.11, 0.12, 0.14, 0.12, 0.14, 0.10, 0.13, 0.12, 0.13, 0.13, 0.13, 0.12, 0.12, 0.14, 0.11, 0.10, 0.11, 0.12, 0.12, 0.17, 0.12, 0.13, 0.13, 0.12, 0.13, 0.10, 0.13

0.13411483253588516
0.11, 0.11, 0.11, 0.13, 0.13, 0.09, 0.14, 0.13, 0.14, 0.11, 0.13, 0.16, 0.13, 0.14, 0.13, 0.15, 0.13, 0.13, 0.13, 0.13, 0.15, 0.15, 0.12, 0.16, 0.16, 0.15, 0.12, 0.13, 0.12, 0.12, 0.13, 0.15, 0.11, 0.12, 0.14, 0.15, 0.12, 0.13, 0.11, 0.11, 0.16, 0.11, 0.13, 0.13, 0.12, 0.11, 0.14, 0.12, 0.09, 0.12


Running iteration 2 of 10 fold...
[44, 0, 1, 36, 46, 28, 30, 49, 4]
using cpu
using cpu
    accuracy, precision, recall, f_score
max0: 0.246408, 0.233529, 0.224041, 0.229474

    accuracy, precision, recall, f_score
max3: 0.264111, 0.252562, 0.253437, 0.264880

    accuracy, precision, recall, f_score
max1: 0.138756, 0.164329, 0.218018, 0.186996


min loss: 0.001, episode: 227000
max accu: 0.139, episode: 290000

33.99 classifiers used
    accuracy, precision, recall, f_score
mv: 0.117225, 0.113703, 0.173786, 0.141474
wv: 0.112440, 0.110405, 0.168175, 0.136644
fs: 0.131579, 0.120849, 0.216904, 0.185907
rl: 0.138756, 0.164329, 0.218018, 0.186996

0.20300159659393294
0.21, 0.20, 0.19, 0.19, 0.20, 0.20, 0.18, 0.20, 0.19, 0.21, 0.18, 0.18, 0.19, 0.20, 0.21, 0.19, 0.19, 0.20, 0.20, 0.19, 0.20, 0.21, 0.19, 0.19, 0.20, 0.21, 0.19, 0.20, 0.21, 0.20, 0.20, 0.20, 0.20, 0.18, 0.19, 0.20, 0.20, 0.19, 0.20, 0.18, 0.20, 0.20, 0.20, 0.20, 0.22, 0.19, 0.22, 0.19, 0.21, 0.20

0.2033226837060703
0.21, 0.20, 0.18, 0.19, 0.20, 0.19, 0.18, 0.21, 0.20, 0.21, 0.18, 0.18, 0.19, 0.21, 0.21, 0.19, 0.20, 0.19, 0.22, 0.18, 0.20, 0.21, 0.19, 0.21, 0.20, 0.23, 0.18, 0.20, 0.22, 0.20, 0.19, 0.19, 0.20, 0.20, 0.20, 0.20, 0.21, 0.21, 0.20, 0.18, 0.21, 0.19, 0.20, 0.20, 0.22, 0.17, 0.23, 0.18, 0.21, 0.21

0.1169377990430622
0.11, 0.11, 0.09, 0.09, 0.12, 0.10, 0.11, 0.11, 0.13, 0.09, 0.12, 0.10, 0.13, 0.11, 0.13, 0.12, 0.09, 0.10, 0.11, 0.13, 0.12, 0.10, 0.12, 0.10, 0.10, 0.12, 0.12, 0.10, 0.15, 0.14, 0.10, 0.13, 0.12, 0.12, 0.12, 0.11, 0.11, 0.13, 0.13, 0.11, 0.10, 0.11, 0.11, 0.12, 0.14, 0.09, 0.11, 0.11, 0.08, 0.12

0.11751196172248804
0.11, 0.11, 0.12, 0.13, 0.08, 0.15, 0.11, 0.12, 0.12, 0.10, 0.11, 0.12, 0.08, 0.14, 0.10, 0.12, 0.11, 0.11, 0.11, 0.10, 0.16, 0.13, 0.10, 0.12, 0.12, 0.13, 0.08, 0.10, 0.10, 0.11, 0.11, 0.12, 0.15, 0.12, 0.09, 0.09, 0.13, 0.12, 0.10, 0.11, 0.12, 0.07, 0.13, 0.12, 0.09, 0.11, 0.12, 0.11, 0.11, 0.13


Running iteration 3 of 10 fold...
[16, 0, 1, 42, 43]
using cpu
using cpu
    accuracy, precision, recall, f_score
max0: 0.230974, 0.219096, 0.200557, 0.206985

    accuracy, precision, recall, f_score
max3: 0.223642, 0.227790, 0.200793, 0.211781

    accuracy, precision, recall, f_score
max1: 0.318182, 0.328451, 0.302371, 0.312919


min loss: 0.003, episode: 159000
max accu: 0.318, episode: 160000

49.89 classifiers used
    accuracy, precision, recall, f_score
mv: 0.320574, 0.327377, 0.311737, 0.318410
wv: 0.327751, 0.333046, 0.317158, 0.323782
fs: 0.253589, 0.267842, 0.240820, 0.238105
rl: 0.318182, 0.328451, 0.302371, 0.312919

0.1844385311335817
0.18, 0.18, 0.19, 0.18, 0.18, 0.17, 0.17, 0.17, 0.17, 0.18, 0.19, 0.18, 0.18, 0.17, 0.19, 0.18, 0.20, 0.19, 0.18, 0.18, 0.18, 0.18, 0.19, 0.17, 0.17, 0.17, 0.19, 0.19, 0.16, 0.17, 0.17, 0.17, 0.20, 0.18, 0.17, 0.17, 0.19, 0.19, 0.17, 0.19, 0.17, 0.18, 0.18, 0.18, 0.18, 0.18, 0.18, 0.18, 0.18, 0.18

0.18200212992545262
0.17, 0.17, 0.19, 0.19, 0.18, 0.18, 0.18, 0.16, 0.16, 0.18, 0.18, 0.17, 0.18, 0.16, 0.19, 0.17, 0.21, 0.19, 0.18, 0.18, 0.17, 0.18, 0.18, 0.16, 0.15, 0.17, 0.18, 0.19, 0.17, 0.18, 0.17, 0.16, 0.19, 0.17, 0.18, 0.16, 0.19, 0.18, 0.17, 0.17, 0.17, 0.19, 0.18, 0.18, 0.18, 0.18, 0.18, 0.18, 0.18, 0.17

0.22942583732057417
0.22, 0.25, 0.24, 0.27, 0.27, 0.20, 0.19, 0.24, 0.19, 0.21, 0.23, 0.23, 0.22, 0.22, 0.20, 0.22, 0.22, 0.21, 0.26, 0.22, 0.21, 0.23, 0.21, 0.22, 0.23, 0.22, 0.22, 0.23, 0.23, 0.23, 0.24, 0.23, 0.21, 0.23, 0.21, 0.24, 0.22, 0.22, 0.22, 0.22, 0.23, 0.21, 0.24, 0.22, 0.22, 0.22, 0.22, 0.23, 0.21, 0.26

0.23569377990430623
0.27, 0.24, 0.23, 0.24, 0.26, 0.23, 0.21, 0.25, 0.22, 0.21, 0.23, 0.25, 0.29, 0.21, 0.24, 0.26, 0.25, 0.23, 0.21, 0.25, 0.23, 0.26, 0.24, 0.21, 0.23, 0.27, 0.22, 0.23, 0.19, 0.22, 0.23, 0.23, 0.21, 0.23, 0.23, 0.22, 0.23, 0.22, 0.25, 0.22, 0.25, 0.26, 0.22, 0.21, 0.22, 0.17, 0.22, 0.20, 0.26, 0.21


Running iteration 4 of 10 fold...
[25, 0, 48, 16, 36, 46, 1, 37, 12, 8, 44]
using cpu
using cpu
    accuracy, precision, recall, f_score
max0: 0.208089, 0.191880, 0.175159, 0.178418

    accuracy, precision, recall, f_score
max3: 0.215122, 0.211320, 0.198385, 0.205862

    accuracy, precision, recall, f_score
max1: 0.291866, 0.294951, 0.334217, 0.340548


min loss: 0.003, episode: 251000
max accu: 0.292, episode: 300000

3.11 classifiers used
    accuracy, precision, recall, f_score
mv: 0.308612, 0.312806, 0.264479, 0.263601
wv: 0.315789, 0.317937, 0.269961, 0.268504
fs: 0.267943, 0.275237, 0.246558, 0.251185
rl: 0.291866, 0.294951, 0.334217, 0.340548

0.18348057477381588
0.17, 0.18, 0.17, 0.18, 0.18, 0.18, 0.18, 0.18, 0.18, 0.17, 0.18, 0.18, 0.19, 0.18, 0.19, 0.19, 0.17, 0.19, 0.19, 0.17, 0.16, 0.18, 0.18, 0.16, 0.19, 0.20, 0.17, 0.17, 0.18, 0.19, 0.17, 0.16, 0.18, 0.17, 0.17, 0.17, 0.19, 0.18, 0.18, 0.18, 0.17, 0.17, 0.17, 0.19, 0.19, 0.18, 0.19, 0.18, 0.19, 0.18

0.1810862619808307
0.18, 0.18, 0.15, 0.18, 0.18, 0.19, 0.18, 0.19, 0.17, 0.17, 0.19, 0.18, 0.19, 0.16, 0.20, 0.19, 0.16, 0.20, 0.17, 0.16, 0.15, 0.16, 0.18, 0.17, 0.17, 0.20, 0.17, 0.17, 0.18, 0.19, 0.18, 0.17, 0.18, 0.16, 0.18, 0.17, 0.19, 0.16, 0.17, 0.17, 0.17, 0.16, 0.14, 0.18, 0.19, 0.18, 0.19, 0.18, 0.19, 0.17

0.2305741626794258
0.22, 0.21, 0.20, 0.27, 0.26, 0.26, 0.22, 0.19, 0.21, 0.22, 0.23, 0.18, 0.22, 0.22, 0.26, 0.19, 0.27, 0.24, 0.25, 0.22, 0.24, 0.24, 0.23, 0.19, 0.21, 0.26, 0.21, 0.20, 0.25, 0.23, 0.25, 0.26, 0.22, 0.22, 0.25, 0.23, 0.22, 0.21, 0.21, 0.20, 0.20, 0.20, 0.21, 0.23, 0.23, 0.26, 0.23, 0.22, 0.24, 0.22

0.2345933014354067
0.19, 0.28, 0.22, 0.22, 0.22, 0.22, 0.22, 0.23, 0.20, 0.22, 0.20, 0.22, 0.21, 0.24, 0.25, 0.20, 0.26, 0.25, 0.27, 0.29, 0.22, 0.23, 0.22, 0.22, 0.23, 0.23, 0.22, 0.24, 0.23, 0.23, 0.22, 0.22, 0.24, 0.26, 0.27, 0.23, 0.19, 0.23, 0.20, 0.19, 0.26, 0.23, 0.22, 0.21, 0.24, 0.22, 0.25, 0.22, 0.26, 0.23


Running iteration 5 of 10 fold...
[0, 1, 38, 21, 40, 6]
using cpu
using cpu
    accuracy, precision, recall, f_score
max0: 0.235232, 0.224604, 0.196206, 0.205587

    accuracy, precision, recall, f_score