{'dataset': 'cmc', 'algorithm': 'alphanet', 'num_clf': 20, 'num_training': 500, 'learning_rate': 0.01, 'discount_factor': 0.99, 'epsilon': 0.1, 'random_state': 1870, 'portion': 0.5, 'sequential': False}
(663, 22)
(663, 22)
(147, 22)
finished epoch 100
average policy loss: 7.408778354046215
average value loss: 0.94462406971291
finished epoch 200
average policy loss: 64.03910686482445
average value loss: 55020340611.59783
finished epoch 300
average policy loss: 10.01772129284563
average value loss: 1632865940480.0
finished epoch 400
average policy loss: 34.13529255099384
average value loss: 7432026832556.3
finished epoch 500
average policy loss: 14.863559035816078
average value loss: 21390391531608.344
test case 0
	 ['visit 9', 'visit 5', 'visit 6', 'visit 7', 'visit 2', 'visit 19', 'visit 1', 'visit 16', 'visit 13', 'visit 8', 'visit 15', 'visit 0', 'visit 17', 'visit 4', 'visit 18', 'visit 3', 'evaluation']
	# trees: 16 , real: 1 , pred: 3
test case 1
	 ['visit 9', 'visit 5', 'visit 6', 'visit 7', 'visit 2', 'visit 19', 'visit 1', 'visit 16', 'visit 13', 'visit 8', 'visit 15', 'visit 0', 'visit 17', 'visit 4', 'visit 18', 'visit 3', 'evaluation']
	# trees: 16 , real: 1 , pred: 2
test case 2
	 ['visit 9', 'visit 5', 'visit 6', 'visit 7', 'visit 2', 'visit 19', 'visit 1', 'visit 16', 'visit 13', 'visit 8', 'visit 15', 'visit 0', 'visit 17', 'visit 4', 'visit 18', 'visit 3', 'evaluation']
	# trees: 16 , real: 1 , pred: 3
test case 3
	 ['visit 9', 'visit 5', 'visit 6', 'visit 7', 'visit 2', 'visit 19', 'visit 1', 'visit 16', 'visit 13', 'visit 8', 'visit 15', 'visit 0', 'visit 17', 'visit 4', 'visit 18', 'visit 3', 'evaluation']
	# trees: 16 , real: 1 , pred: 2
test case 4
	 ['visit 9', 'visit 5', 'visit 6', 'visit 7', 'visit 2', 'visit 19', 'visit 1', 'visit 16', 'visit 13', 'visit 8', 'visit 15', 'visit 0', 'visit 17', 'visit 4', 'visit 18', 'visit 3', 'evaluation']
	# trees: 16 , real: 1 , pred: 1
test case 5
	 ['visit 9', 'visit 5', 'visit 6', 'visit 7', 'visit 2', 'visit 19', 'visit 1', 'visit 16', 'visit 13', 'visit 8', 'visit 15', 'visit 0', 'visit 17', 'visit 4', 'visit 18', 'visit 3', 'evaluation']
	# trees: 16 , real: 1 , pred: 1
test case 6
	 ['visit 9', 'visit 5', 'visit 6', 'visit 7', 'visit 2', 'visit 19', 'visit 1', 'visit 16', 'visit 13', 'visit 8', 'visit 15', 'visit 0', 'visit 17', 'visit 4', 'visit 18', 'visit 3', 'evaluation']
	# trees: 16 , real: 1 , pred: 3
test case 7
	 ['visit 9', 'visit 5', 'visit 6', 'visit 7', 'visit 2', 'visit 19', 'visit 1', 'visit 16', 'visit 13', 'visit 8', 'visit 15', 'visit 0', 'visit 17', 'visit 4', 'visit 18', 'visit 3', 'evaluation']
	# trees: 16 , real: 1 , pred: 1
test case 8
	 ['visit 9', 'visit 5', 'visit 6', 'visit 7', 'visit 2', 'visit 19', 'visit 1', 'visit 16', 'visit 13', 'visit 8', 'visit 15', 'visit 0', 'visit 17', 'visit 4', 'visit 18', 'visit 3', 'evaluation']
	# trees: 16 , real: 1 , pred: 1
test case 9
	 ['visit 9', 'visit 5', 'visit 6', 'visit 7', 'visit 2', 'visit 19', 'visit 1', 'visit 16', 'visit 13', 'visit 8', 'visit 15', 'visit 0', 'visit 17', 'visit 4', 'visit 18', 'visit 3', 'evaluation']
	# trees: 16 , real: 1 , pred: 1
test case 10
	 ['visit 9', 'visit 5', 'visit 6', 'visit 7', 'visit 2', 'visit 19', 'visit 1', 'visit 16', 'visit 13', 'visit 8', 'visit 15', 'visit 0', 'visit 17', 'visit 4', 'visit 18', 'visit 3', 'evaluation']
	# trees: 16 , real: 1 , pred: 1
test case 11
	 ['visit 9', 'visit 5', 'visit 6', 'visit 7', 'visit 2', 'visit 19', 'visit 1', 'visit 16', 'visit 13', 'visit 8', 'visit 15', 'visit 0', 'visit 17', 'visit 4', 'visit 18', 'visit 3', 'evaluation']
	# trees: 16 , real: 1 , pred: 1
test case 12
	 ['visit 9', 'visit 5', 'visit 6', 'visit 7', 'visit 2', 'visit 19', 'visit 1', 'visit 16', 'visit 13', 'visit 8', 'visit 15', 'visit 0', 'visit 17', 'visit 4', 'visit 18', 'visit 3', 'evaluation']
	# trees: 16 , real: 1 , pred: 1
test case 13
	 ['visit 9', 'visit 5', 'visit 6', 'visit 7', 'visit 2', 'visit 19', 'visit 1', 'visit 16', 'visit 13', 'visit 8', 'visit 15', 'visit 0', 'visit 17', 'visit 4', 'visit 18', 'visit 3', 'evaluation']
	# trees: 16 , real: 1 , pred: 2
test case 14
	 ['visit 9', 'visit 5', 'visit 6', 'visit 7', 'visit 2', 'visit 19', 'visit 1', 'visit 16', 'visit 13', 'visit 8', 'visit 15', 'visit 0', 'visit 17', 'visit 4', 'visit 18', 'visit 3', 'evaluation']
	# trees: 16 , real: 1 , pred: 2
test case 15
	 ['visit 9', 'visit 5', 'visit 6', 'visit 7', 'visit 2', 'visit 19', 'visit 1', 'visit 16', 'visit 13', 'visit 8', 'visit 15', 'visit 0', 'visit 17', 'visit 4', 'visit 18', 'visit 3', 'evaluation']
	# trees: 16 , real: 1 , pred: 3
test case 16
	 ['visit 9', 'visit 5', 'visit 6', 'visit 7', 'visit 2', 'visit 19', 'visit 1', 'visit 16', 'visit 13', 'visit 8', 'visit 15', 'visit 0', 'visit 17', 'visit 4', 'visit 18', 'visit 3', 'evaluation']
	# trees: 16 , real: 1 , pred: 2
test case 17
	 ['visit 9', 'visit 5', 'visit 6', 'visit 7', 'visit 2', 'visit 19', 'visit 1', 'visit 16', 'visit 13', 'visit 8', 'visit 15', 'visit 0', 'visit 17', 'visit 4', 'visit 18', 'visit 3', 'evaluation']
	# trees: 16 , real: 1 , pred: 1
test case 18
	 ['visit 9', 'visit 5', 'visit 6', 'visit 7', 'visit 2', 'visit 19', 'visit 1', 'visit 16', 'visit 13', 'visit 8', 'visit 15', 'visit 0', 'visit 17', 'visit 4', 'visit 18', 'visit 3', 'evaluation']
	# trees: 16 , real: 1 , pred: 1
test case 19
	 ['visit 9', 'visit 5', 'visit 6', 'visit 7', 'visit 2', 'visit 19', 'visit 1', 'visit 16', 'visit 13', 'visit 8', 'visit 15', 'visit 0', 'visit 17', 'visit 4', 'visit 18', 'visit 3', 'evaluation']
	# trees: 16 , real: 1 , pred: 1
test case 20
	 ['visit 9', 'visit 5', 'visit 6', 'visit 7', 'visit 2', 'visit 19', 'visit 1', 'visit 16', 'visit 13', 'visit 8', 'visit 15', 'visit 0', 'visit 17', 'visit 4', 'visit 18', 'visit 3', 'evaluation']
	# trees: 16 , real: 1 , pred: 3
test case 21
	 ['visit 9', 'visit 5', 'visit 6', 'visit 7', 'visit 2', 'visit 19', 'visit 1', 'visit 16', 'visit 13', 'visit 8', 'visit 15', 'visit 0', 'visit 17', 'visit 4', 'visit 18', 'visit 3', 'evaluation']
	# trees: 16 , real: 1 , pred: 1
test case 22
	 ['visit 9', 'visit 5', 'visit 6', 'visit 7', 'visit 2', 'visit 19', 'visit 1', 'visit 16', 'visit 13', 'visit 8', 'visit 15', 'visit 0', 'visit 17', 'visit 4', 'visit 18', 'visit 3', 'evaluation']
	# trees: 16 , real: 1 , pred: 1
test case 23
	 ['visit 9', 'visit 5', 'visit 6', 'visit 7', 'visit 2', 'visit 19', 'visit 1', 'visit 16', 'visit 13', 'visit 8', 'visit 15', 'visit 0', 'visit 17', 'visit 4', 'visit 18', 'visit 3', 'evaluation']
	# trees: 16 , real: 1 , pred: 1
test case 24
	 ['visit 9', 'visit 5', 'visit 6', 'visit 7', 'visit 2', 'visit 19', 'visit 1', 'visit 16', 'visit 13', 'visit 8', 'visit 15', 'visit 0', 'visit 17', 'visit 4', 'visit 18', 'visit 3', 'evaluation']
	# trees: 16 , real: 1 , pred: 1
test case 25
	 ['visit 9', 'visit 5', 'visit 6', 'visit 7', 'visit 2', 'visit 19', 'visit 1', 'visit 16', 'visit 13', 'visit 8', 'visit 15', 'visit 0', 'visit 17', 'visit 4', 'visit 18', 'visit 3', 'evaluation']
	# trees: 16 , real: 1 , pred: 1
test case 26
	 ['visit 9', 'visit 5', 'visit 6', 'visit 7', 'visit 2', 'visit 19', 'visit 1', 'visit 16', 'visit 13', 'visit 8', 'visit 15', 'visit 0', 'visit 17', 'visit 4', 'visit 18', 'visit 3', 'evaluation']
	# trees: 16 , real: 1 , pred: 1
test case 27
	 ['visit 9', 'visit 5', 'visit 6', 'visit 7', 'visit 2', 'visit 19', 'visit 1', 'visit 16', 'visit 13', 'visit 8', 'visit 15', 'visit 0', 'visit 17', 'visit 4', 'visit 18', 'visit 3', 'evaluation']
	# trees: 16 , real: 1 , pred: 1
test case 28
	 ['visit 9', 'visit 5', 'visit 6', 'visit 7', 'visit 2', 'visit 19', 'visit 1', 'visit 16', 'visit 13', 'visit 8', 'visit 15', 'visit 0', 'visit 17', 'visit 4', 'visit 18', 'visit 3', 'evaluation']
	# trees: 16 , real: 1 , pred: 1
test case 29
	 ['visit 9', 'visit 5', 'visit 6', 'visit 7', 'visit 2', 'visit 19', 'visit 1', 'visit 16', 'visit 13', 'visit 8', 'visit 15', 'visit 0', 'visit 17', 'visit 4', 'visit 18', 'visit 3', 'evaluation']
	# trees: 16 , real: 1 , pred: 3
test case 30
	 ['visit 9', 'visit 5', 'visit 6', 'visit 7', 'visit 2', 'visit 19', 'visit 1', 'visit 16', 'visit 13', 'visit 8', 'visit 15', 'visit 0', 'visit 17', 'visit 4', 'visit 18', 'visit 3', 'evaluation']
	# trees: 16 , real: 1 , pred: 1
test case 31
	 ['visit 9', 'visit 5', 'visit 6', 'visit 7', 'visit 2', 'visit 19', 'visit 1', 'visit 16', 'visit 13', 'visit 8', 'visit 15', 'visit 0', 'visit 17', 'visit 4', 'visit 18', 'visit 3', 'evaluation']
	# trees: 16 , real: 1 , pred: 1
test case 32
	 ['visit 9', 'visit 5', 'visit 6', 'visit 7', 'visit 2', 'visit 19', 'visit 1', 'visit 16', 'visit 13', 'visit 8', 'visit 15', 'visit 0', 'visit 17', 'visit 4', 'visit 18', 'visit 3', 'evaluation']
	# trees: 16 , real: 1 , pred: 3
test case 33
	 ['visit 9', 'visit 5', 'visit 6', 'visit 7', 'visit 2', 'visit 19', 'visit 1', 'visit 16', 'visit 13', 'visit 8', 'visit 15', 'visit 0', 'visit 17', 'visit 4', 'visit 18', 'visit 3', 'evaluation']
	# trees: 16 , real: 1 , pred: 1
test case 34
	 ['visit 9', 'visit 5', 'visit 6', 'visit 7', 'visit 2', 'visit 19', 'visit 1', 'visit 16', 'visit 13', 'visit 8', 'visit 15', 'visit 0', 'visit 17', 'visit 4', 'visit 18', 'visit 3', 'evaluation']
	# trees: 16 , real: 1 , pred: 3
test case 35
	 ['visit 9', 'visit 5', 'visit 6', 'visit 7', 'visit 2', 'visit 19', 'visit 1', 'visit 16', 'visit 13', 'visit 8', 'visit 15', 'visit 0', 'visit 17', 'visit 4', 'visit 18', 'visit 3', 'evaluation']
	# trees: 16 , real: 1 , pred: 1
test case 36
	 ['visit 9', 'visit 5', 'visit 6', 'visit 7', 'visit 2', 'visit 19', 'visit 1', 'visit 16', 'visit 13', 'visit 8', 'visit 15', 'visit 0', 'visit 17', 'visit 4', 'visit 18', 'visit 3', 'evaluation']
	# trees: 16 , real: 1 , pred: 1
test case 37
	 ['visit 9', 'visit 5', 'visit 6', 'visit 7', 'visit 2', 'visit 19', 'visit 1', 'visit 16', 'visit 13', 'visit 8', 'visit 15', 'visit 0', 'visit 17', 'visit 4', 'visit 18', 'visit 3', 'evaluation']
	# trees: 16 , real: 1 , pred: 3
test case 38
	 ['visit 9', 'visit 5', 'visit 6', 'visit 7', 'visit 2', 'visit 19', 'visit 1', 'visit 16', 'visit 13', 'visit 8', 'visit 15', 'visit 0', 'visit 17', 'visit 4', 'visit 18', 'visit 3', 'evaluation']
	# trees: 16 , real: 1 , pred: 1
test case 39
	 ['visit 9', 'visit 5', 'visit 6', 'visit 7', 'visit 2', 'visit 19', 'visit 1', 'visit 16', 'visit 13', 'visit 8', 'visit 15', 'visit 0', 'visit 17', 'visit 4', 'visit 18', 'visit 3', 'evaluation']
	# trees: 16 , real: 1 , pred: 1
test case 40
	 ['visit 9', 'visit 5', 'visit 6', 'visit 7', 'visit 2', 'visit 19', 'visit 1', 'visit 16', 'visit 13', 'visit 8', 'visit 15', 'visit 0', 'visit 17', 'visit 4', 'visit 18', 'visit 3', 'evaluation']
	# trees: 16 , real: 1 , pred: 3
test case 41
	 ['visit 9', 'visit 5', 'visit 6', 'visit 7', 'visit 2', 'visit 19', 'visit 1', 'visit 16', 'visit 13', 'visit 8', 'visit 15', 'visit 0', 'visit 17', 'visit 4', 'visit 18', 'visit 3', 'evaluation']
	# trees: 16 , real: 1 , pred: 1
test case 42
	 ['visit 9', 'visit 5', 'visit 6', 'visit 7', 'visit 2', 'visit 19', 'visit 1', 'visit 16', 'visit 13', 'visit 8', 'visit 15', 'visit 0', 'visit 17', 'visit 4', 'visit 18', 'visit 3', 'evaluation']
	# trees: 16 , real: 1 , pred: 3
test case 43
	 ['visit 9', 'visit 5', 'visit 6', 'visit 7', 'visit 2', 'visit 19', 'visit 1', 'visit 16', 'visit 13', 'visit 8', 'visit 15', 'visit 0', 'visit 17', 'visit 4', 'visit 18', 'visit 3', 'evaluation']
	# trees: 16 , real: 1 , pred: 3
test case 44
	 ['visit 9', 'visit 5', 'visit 6', 'visit 7', 'visit 2', 'visit 19', 'visit 1', 'visit 16', 'visit 13', 'visit 8', 'visit 15', 'visit 0', 'visit 17', 'visit 4', 'visit 18', 'visit 3', 'evaluation']
	# trees: 16 , real: 1 , pred: 1
test case 45
	 ['visit 9', 'visit 5', 'visit 6', 'visit 7', 'visit 2', 'visit 19', 'visit 1', 'visit 16', 'visit 13', 'visit 8', 'visit 15', 'visit 0', 'visit 17', 'visit 4', 'visit 18', 'visit 3', 'evaluation']
	# trees: 16 , real: 1 , pred: 3
test case 46
	 ['visit 9', 'visit 5', 'visit 6', 'visit 7', 'visit 2', 'visit 19', 'visit 1', 'visit 16', 'visit 13', 'visit 8', 'visit 15', 'visit 0', 'visit 17', 'visit 4', 'visit 18', 'visit 3', 'evaluation']
	# trees: 16 , real: 1 , pred: 1
test case 47
	 ['visit 9', 'visit 5', 'visit 6', 'visit 7', 'visit 2', 'visit 19', 'visit 1', 'visit 16', 'visit 13', 'visit 8', 'visit 15', 'visit 0', 'visit 17', 'visit 4', 'visit 18', 'visit 3', 'evaluation']
	# trees: 16 , real: 2 , pred: 2
test case 48
	 ['visit 9', 'visit 5', 'visit 6', 'visit 7', 'visit 2', 'visit 19', 'visit 1', 'visit 16', 'visit 13', 'visit 8', 'visit 15', 'visit 0', 'visit 17', 'visit 4', 'visit 18', 'visit 3', 'evaluation']
	# trees: 16 , real: 2 , pred: 2
test case 49
	 ['visit 9', 'visit 5', 'visit 6', 'visit 7', 'visit 2', 'visit 19', 'visit 1', 'visit 16', 'visit 13', 'visit 8', 'visit 15', 'visit 0', 'visit 17', 'visit 4', 'visit 18', 'visit 3', 'evaluation']
	# trees: 16 , real: 2 , pred: 2
test case 50
	 ['visit 9', 'visit 5', 'visit 6', 'visit 7', 'visit 2', 'visit 19', 'visit 1', 'visit 16', 'visit 13', 'visit 8', 'visit 15', 'visit 0', 'visit 17', 'visit 4', 'visit 18', 'visit 3', 'evaluation']
	# trees: 16 , real: 2 , pred: 3
test case 51
	 ['visit 9', 'visit 5', 'visit 6', 'visit 7', 'visit 2', 'visit 19', 'visit 1', 'visit 16', 'visit 13', 'visit 8', 'visit 15', 'visit 0', 'visit 17', 'visit 4', 'visit 18', 'visit 3', 'evaluation']
	# trees: 16 , real: 2 , pred: 3
test case 52
	 ['visit 9', 'visit 5', 'visit 6', 'visit 7', 'visit 2', 'visit 19', 'visit 1', 'visit 16', 'visit 13', 'visit 8', 'visit 15', 'visit 0', 'visit 17', 'visit 4', 'visit 18', 'visit 3', 'evaluation']
	# trees: 16 , real: 2 , pred: 2
test case 53
	 ['visit 9', 'visit 5', 'visit 6', 'visit 7', 'visit 2', 'visit 19', 'visit 1', 'visit 16', 'visit 13', 'visit 8', 'visit 15', 'visit 0', 'visit 17', 'visit 4', 'visit 18', 'visit 3', 'evaluation']
	# trees: 16 , real: 2 , pred: 3
test case 54
	 ['visit 9', 'visit 5', 'visit 6', 'visit 7', 'visit 2', 'visit 19', 'visit 1', 'visit 16', 'visit 13', 'visit 8', 'visit 15', 'visit 0', 'visit 17', 'visit 4', 'visit 18', 'visit 3', 'evaluation']
	# trees: 16 , real: 2 , pred: 2
test case 55
	 ['visit 9', 'visit 5', 'visit 6', 'visit 7', 'visit 2', 'visit 19', 'visit 1', 'visit 16', 'visit 13', 'visit 8', 'visit 15', 'visit 0', 'visit 17', 'visit 4', 'visit 18', 'visit 3', 'evaluation']
	# trees: 16 , real: 2 , pred: 2
test case 56
	 ['visit 9', 'visit 5', 'visit 6', 'visit 7', 'visit 2', 'visit 19', 'visit 1', 'visit 16', 'visit 13', 'visit 8', 'visit 15', 'visit 0', 'visit 17', 'visit 4', 'visit 18', 'visit 3', 'evaluation']
	# trees: 16 , real: 2 , pred: 1
test case 57
	 ['visit 9', 'visit 5', 'visit 6', 'visit 7', 'visit 2', 'visit 19', 'visit 1', 'visit 16', 'visit 13', 'visit 8', 'visit 15', 'visit 0', 'visit 17', 'visit 4', 'visit 18', 'visit 3', 'evaluation']
	# trees: 16 , real: 2 , pred: 1
test case 58
	 ['visit 9', 'visit 5', 'visit 6', 'visit 7', 'visit 2', 'visit 19', 'visit 1', 'visit 16', 'visit 13', 'visit 8', 'visit 15', 'visit 0', 'visit 17', 'visit 4', 'visit 18', 'visit 3', 'evaluation']
	# trees: 16 , real: 2 , pred: 3
test case 59
	 ['visit 9', 'visit 5', 'visit 6', 'visit 7', 'visit 2', 'visit 19', 'visit 1', 'visit 16', 'visit 13', 'visit 8', 'visit 15', 'visit 0', 'visit 17', 'visit 4', 'visit 18', 'visit 3', 'evaluation']
	# trees: 16 , real: 2 , pred: 3
test case 60
	 ['visit 9', 'visit 5', 'visit 6', 'visit 7', 'visit 2', 'visit 19', 'visit 1', 'visit 16', 'visit 13', 'visit 8', 'visit 15', 'visit 0', 'visit 17', 'visit 4', 'visit 18', 'visit 3', 'evaluation']
	# trees: 16 , real: 2 , pred: 1
test case 61
	 ['visit 9', 'visit 5', 'visit 6', 'visit 7', 'visit 2', 'visit 19', 'visit 1', 'visit 16', 'visit 13', 'visit 8', 'visit 15', 'visit 0', 'visit 17', 'visit 4', 'visit 18', 'visit 3', 'evaluation']
	# trees: 16 , real: 2 , pred: 3
test case 62
	 ['visit 9', 'visit 5', 'visit 6', 'visit 7', 'visit 2', 'visit 19', 'visit 1', 'visit 16', 'visit 13', 'visit 8', 'visit 15', 'visit 0', 'visit 17', 'visit 4', 'visit 18', 'visit 3', 'evaluation']
	# trees: 16 , real: 2 , pred: 3
test case 63
	 ['visit 9', 'visit 5', 'visit 6', 'visit 7', 'visit 2', 'visit 19', 'visit 1', 'visit 16', 'visit 13', 'visit 8', 'visit 15', 'visit 0', 'visit 17', 'visit 4', 'visit 18', 'visit 3', 'evaluation']
	# trees: 16 , real: 2 , pred: 3
test case 64
	 ['visit 9', 'visit 5', 'visit 6', 'visit 7', 'visit 2', 'visit 19', 'visit 1', 'visit 16', 'visit 13', 'visit 8', 'visit 15', 'visit 0', 'visit 17', 'visit 4', 'visit 18', 'visit 3', 'evaluation']
	# trees: 16 , real: 2 , pred: 2
test case 65
	 ['visit 9', 'visit 5', 'visit 6', 'visit 7', 'visit 2', 'visit 19', 'visit 1', 'visit 16', 'visit 13', 'visit 8', 'visit 15', 'visit 0', 'visit 17', 'visit 4', 'visit 18', 'visit 3', 'evaluation']
	# trees: 16 , real: 2 , pred: 1
test case 66
	 ['visit 9', 'visit 5', 'visit 6', 'visit 7', 'visit 2', 'visit 19', 'visit 1', 'visit 16', 'visit 13', 'visit 8', 'visit 15', 'visit 0', 'visit 17', 'visit 4', 'visit 18', 'visit 3', 'evaluation']
	# trees: 16 , real: 2 , pred: 2
test case 67
	 ['visit 9', 'visit 5', 'visit 6', 'visit 7', 'visit 2', 'visit 19', 'visit 1', 'visit 16', 'visit 13', 'visit 8', 'visit 15', 'visit 0', 'visit 17', 'visit 4', 'visit 18', 'visit 3', 'evaluation']
	# trees: 16 , real: 2 , pred: 3
test case 68
	 ['visit 9', 'visit 5', 'visit 6', 'visit 7', 'visit 2', 'visit 19', 'visit 1', 'visit 16', 'visit 13', 'visit 8', 'visit 15', 'visit 0', 'visit 17', 'visit 4', 'visit 18', 'visit 3', 'evaluation']
	# trees: 16 , real: 2 , pred: 3
test case 69
	 ['visit 9', 'visit 5', 'visit 6', 'visit 7', 'visit 2', 'visit 19', 'visit 1', 'visit 16', 'visit 13', 'visit 8', 'visit 15', 'visit 0', 'visit 17', 'visit 4', 'visit 18', 'visit 3', 'evaluation']
	# trees: 16 , real: 3 , pred: 3
test case 70
	 ['visit 9', 'visit 5', 'visit 6', 'visit 7', 'visit 2', 'visit 19', 'visit 1', 'visit 16', 'visit 13', 'visit 8', 'visit 15', 'visit 0', 'visit 17', 'visit 4', 'visit 18', 'visit 3', 'evaluation']
	# trees: 16 , real: 3 , pred: 3
test case 71
	 ['visit 9', 'visit 5', 'visit 6', 'visit 7', 'visit 2', 'visit 19', 'visit 1', 'visit 16', 'visit 13', 'visit 8', 'visit 15', 'visit 0', 'visit 17', 'visit 4', 'visit 18', 'visit 3', 'evaluation']
	# trees: 16 , real: 3 , pred: 1
test case 72
	 ['visit 9', 'visit 5', 'visit 6', 'visit 7', 'visit 2', 'visit 19', 'visit 1', 'visit 16', 'visit 13', 'visit 8', 'visit 15', 'visit 0', 'visit 17', 'visit 4', 'visit 18', 'visit 3', 'evaluation']
	# trees: 16 , real: 3 , pred: 3
test case 73
	 ['visit 9', 'visit 5', 'visit 6', 'visit 7', 'visit 2', 'visit 19', 'visit 1', 'visit 16', 'visit 13', 'visit 8', 'visit 15', 'visit 0', 'visit 17', 'visit 4', 'visit 18', 'visit 3', 'evaluation']
	# trees: 16 , real: 3 , pred: 3
test case 74
	 ['visit 9', 'visit 5', 'visit 6', 'visit 7', 'visit 2', 'visit 19', 'visit 1', 'visit 16', 'visit 13', 'visit 8', 'visit 15', 'visit 0', 'visit 17', 'visit 4', 'visit 18', 'visit 3', 'evaluation']
	# trees: 16 , real: 3 , pred: 1
test case 75
	 ['visit 9', 'visit 5', 'visit 6', 'visit 7', 'visit 2', 'visit 19', 'visit 1', 'visit 16', 'visit 13', 'visit 8', 'visit 15', 'visit 0', 'visit 17', 'visit 4', 'visit 18', 'visit 3', 'evaluation']
	# trees: 16 , real: 3 , pred: 1
test case 76
	 ['visit 9', 'visit 5', 'visit 6', 'visit 7', 'visit 2', 'visit 19', 'visit 1', 'visit 16', 'visit 13', 'visit 8', 'visit 15', 'visit 0', 'visit 17', 'visit 4', 'visit 18', 'visit 3', 'evaluation']
	# trees: 16 , real: 3 , pred: 3
test case 77
	 ['visit 9', 'visit 5', 'visit 6', 'visit 7', 'visit 2', 'visit 19', 'visit 1', 'visit 16', 'visit 13', 'visit 8', 'visit 15', 'visit 0', 'visit 17', 'visit 4', 'visit 18', 'visit 3', 'evaluation']
	# trees: 16 , real: 3 , pred: 1
test case 78
	 ['visit 9', 'visit 5', 'visit 6', 'visit 7', 'visit 2', 'visit 19', 'visit 1', 'visit 16', 'visit 13', 'visit 8', 'visit 15', 'visit 0', 'visit 17', 'visit 4', 'visit 18', 'visit 3', 'evaluation']
	# trees: 16 , real: 3 , pred: 1
test case 79
	 ['visit 9', 'visit 5', 'visit 6', 'visit 7', 'visit 2', 'visit 19', 'visit 1', 'visit 16', 'visit 13', 'visit 8', 'visit 15', 'visit 0', 'visit 17', 'visit 4', 'visit 18', 'visit 3', 'evaluation']
	# trees: 16 , real: 3 , pred: 1
test case 80
	 ['visit 9', 'visit 5', 'visit 6', 'visit 7', 'visit 2', 'visit 19', 'visit 1', 'visit 16', 'visit 13', 'visit 8', 'visit 15', 'visit 0', 'visit 17', 'visit 4', 'visit 18', 'visit 3', 'evaluation']
	# trees: 16 , real: 3 , pred: 3
test case 81
	 ['visit 9', 'visit 5', 'visit 6', 'visit 7', 'visit 2', 'visit 19', 'visit 1', 'visit 16', 'visit 13', 'visit 8', 'visit 15', 'visit 0', 'visit 17', 'visit 4', 'visit 18', 'visit 3', 'evaluation']
	# trees: 16 , real: 3 , pred: 1
test case 82
	 ['visit 9', 'visit 5', 'visit 6', 'visit 7', 'visit 2', 'visit 19', 'visit 1', 'visit 16', 'visit 13', 'visit 8', 'visit 15', 'visit 0', 'visit 17', 'visit 4', 'visit 18', 'visit 3', 'evaluation']
	# trees: 16 , real: 3 , pred: 1
test case 83
	 ['visit 9', 'visit 5', 'visit 6', 'visit 7', 'visit 2', 'visit 19', 'visit 1', 'visit 16', 'visit 13', 'visit 8', 'visit 15', 'visit 0', 'visit 17', 'visit 4', 'visit 18', 'visit 3', 'evaluation']
	# trees: 16 , real: 3 , pred: 2
test case 84
	 ['visit 9', 'visit 5', 'visit 6', 'visit 7', 'visit 2', 'visit 19', 'visit 1', 'visit 16', 'visit 13', 'visit 8', 'visit 15', 'visit 0', 'visit 17', 'visit 4', 'visit 18', 'visit 3', 'evaluation']
	# trees: 16 , real: 3 , pred: 3
test case 85
	 ['visit 9', 'visit 5', 'visit 6', 'visit 7', 'visit 2', 'visit 19', 'visit 1', 'visit 16', 'visit 13', 'visit 8', 'visit 15', 'visit 0', 'visit 17', 'visit 4', 'visit 18', 'visit 3', 'evaluation']
	# trees: 16 , real: 3 , pred: 1
test case 86
	 ['visit 9', 'visit 5', 'visit 6', 'visit 7', 'visit 2', 'visit 19', 'visit 1', 'visit 16', 'visit 13', 'visit 8', 'visit 15', 'visit 0', 'visit 17', 'visit 4', 'visit 18', 'visit 3', 'evaluation']
	# trees: 16 , real: 3 , pred: 1
test case 87
	 ['visit 9', 'visit 5', 'visit 6', 'visit 7', 'visit 2', 'visit 19', 'visit 1', 'visit 16', 'visit 13', 'visit 8', 'visit 15', 'visit 0', 'visit 17', 'visit 4', 'visit 18', 'visit 3', 'evaluation']
	# trees: 16 , real: 3 , pred: 3
test case 88
	 ['visit 9', 'visit 5', 'visit 6', 'visit 7', 'visit 2', 'visit 19', 'visit 1', 'visit 16', 'visit 13', 'visit 8', 'visit 15', 'visit 0', 'visit 17', 'visit 4', 'visit 18', 'visit 3', 'evaluation']
	# trees: 16 , real: 3 , pred: 3
test case 89
	 ['visit 9', 'visit 5', 'visit 6', 'visit 7', 'visit 2', 'visit 19', 'visit 1', 'visit 16', 'visit 13', 'visit 8', 'visit 15', 'visit 0', 'visit 17', 'visit 4', 'visit 18', 'visit 3', 'evaluation']
	# trees: 16 , real: 3 , pred: 1
test case 90
	 ['visit 9', 'visit 5', 'visit 6', 'visit 7', 'visit 2', 'visit 19', 'visit 1', 'visit 16', 'visit 13', 'visit 8', 'visit 15', 'visit 0', 'visit 17', 'visit 4', 'visit 18', 'visit 3', 'evaluation']
	# trees: 16 , real: 3 , pred: 3
test case 91
	 ['visit 9', 'visit 5', 'visit 6', 'visit 7', 'visit 2', 'visit 19', 'visit 1', 'visit 16', 'visit 13', 'visit 8', 'visit 15', 'visit 0', 'visit 17', 'visit 4', 'visit 18', 'visit 3', 'evaluation']
	# trees: 16 , real: 3 , pred: 1
test case 92
	 ['visit 9', 'visit 5', 'visit 6', 'visit 7', 'visit 2', 'visit 19', 'visit 1', 'visit 16', 'visit 13', 'visit 8', 'visit 15', 'visit 0', 'visit 17', 'visit 4', 'visit 18', 'visit 3', 'evaluation']
	# trees: 16 , real: 3 , pred: 3
test case 93
	 ['visit 9', 'visit 5', 'visit 6', 'visit 7', 'visit 2', 'visit 19', 'visit 1', 'visit 16', 'visit 13', 'visit 8', 'visit 15', 'visit 0', 'visit 17', 'visit 4', 'visit 18', 'visit 3', 'evaluation']
	# trees: 16 , real: 3 , pred: 3
test case 94
	 ['visit 9', 'visit 5', 'visit 6', 'visit 7', 'visit 2', 'visit 19', 'visit 1', 'visit 16', 'visit 13', 'visit 8', 'visit 15', 'visit 0', 'visit 17', 'visit 4', 'visit 18', 'visit 3', 'evaluation']
	# trees: 16 , real: 3 , pred: 3
test case 95
	 ['visit 9', 'visit 5', 'visit 6', 'visit 7', 'visit 2', 'visit 19', 'visit 1', 'visit 16', 'visit 13', 'visit 8', 'visit 15', 'visit 0', 'visit 17', 'visit 4', 'visit 18', 'visit 3', 'evaluation']
	# trees: 16 , real: 3 , pred: 3
test case 96
	 ['visit 9', 'visit 5', 'visit 6', 'visit 7', 'visit 2', 'visit 19', 'visit 1', 'visit 16', 'visit 13', 'visit 8', 'visit 15', 'visit 0', 'visit 17', 'visit 4', 'visit 18', 'visit 3', 'evaluation']
	# trees: 16 , real: 3 , pred: 1
test case 97
	 ['visit 9', 'visit 5', 'visit 6', 'visit 7', 'visit 2', 'visit 19', 'visit 1', 'visit 16', 'visit 13', 'visit 8', 'visit 15', 'visit 0', 'visit 17', 'visit 4', 'visit 18', 'visit 3', 'evaluation']
	# trees: 16 , real: 3 , pred: 3
test case 98
	 ['visit 9', 'visit 5', 'visit 6', 'visit 7', 'visit 2', 'visit 19', 'visit 1', 'visit 16', 'visit 13', 'visit 8', 'visit 15', 'visit 0', 'visit 17', 'visit 4', 'visit 18', 'visit 3', 'evaluation']
	# trees: 16 , real: 3 , pred: 1
test case 99
	 ['visit 9', 'visit 5', 'visit 6', 'visit 7', 'visit 2', 'visit 19', 'visit 1', 'visit 16', 'visit 13', 'visit 8', 'visit 15', 'visit 0', 'visit 17', 'visit 4', 'visit 18', 'visit 3', 'evaluation']
	# trees: 16 , real: 3 , pred: 3
test case 100
	 ['visit 9', 'visit 5', 'visit 6', 'visit 7', 'visit 2', 'visit 19', 'visit 1', 'visit 16', 'visit 13', 'visit 8', 'visit 15', 'visit 0', 'visit 17', 'visit 4', 'visit 18', 'visit 3', 'evaluation']
	# trees: 16 , real: 3 , pred: 1
test case 101
	 ['visit 9', 'visit 5', 'visit 6', 'visit 7', 'visit 2', 'visit 19', 'visit 1', 'visit 16', 'visit 13', 'visit 8', 'visit 15', 'visit 0', 'visit 17', 'visit 4', 'visit 18', 'visit 3', 'evaluation']
	# trees: 16 , real: 3 , pred: 1
test case 102
	 ['visit 9', 'visit 5', 'visit 6', 'visit 7', 'visit 2', 'visit 19', 'visit 1', 'visit 16', 'visit 13', 'visit 8', 'visit 15', 'visit 0', 'visit 17', 'visit 4', 'visit 18', 'visit 3', 'evaluation']
	# trees: 16 , real: 3 , pred: 3
test case 103
	 ['visit 9', 'visit 5', 'visit 6', 'visit 7', 'visit 2', 'visit 19', 'visit 1', 'visit 16', 'visit 13', 'visit 8', 'visit 15', 'visit 0', 'visit 17', 'visit 4', 'visit 18', 'visit 3', 'evaluation']
	# trees: 16 , real: 3 , pred: 3
test case 104
	 ['visit 9', 'visit 5', 'visit 6', 'visit 7', 'visit 2', 'visit 19', 'visit 1', 'visit 16', 'visit 13', 'visit 8', 'visit 15', 'visit 0', 'visit 17', 'visit 4', 'visit 18', 'visit 3', 'evaluation']
	# trees: 16 , real: 1 , pred: 1
test case 105
	 ['visit 9', 'visit 5', 'visit 6', 'visit 7', 'visit 2', 'visit 19', 'visit 1', 'visit 16', 'visit 13', 'visit 8', 'visit 15', 'visit 0', 'visit 17', 'visit 4', 'visit 18', 'visit 3', 'evaluation']
	# trees: 16 , real: 1 , pred: 1
test case 106
	 ['visit 9', 'visit 5', 'visit 6', 'visit 7', 'visit 2', 'visit 19', 'visit 1', 'visit 16', 'visit 13', 'visit 8', 'visit 15', 'visit 0', 'visit 17', 'visit 4', 'visit 18', 'visit 3', 'evaluation']
	# trees: 16 , real: 1 , pred: 1
test case 107
	 ['visit 9', 'visit 5', 'visit 6', 'visit 7', 'visit 2', 'visit 19', 'visit 1', 'visit 16', 'visit 13', 'visit 8', 'visit 15', 'visit 0', 'visit 17', 'visit 4', 'visit 18', 'visit 3', 'evaluation']
	# trees: 16 , real: 1 , pred: 1
test case 108
	 ['visit 9', 'visit 5', 'visit 6', 'visit 7', 'visit 2', 'visit 19', 'visit 1', 'visit 16', 'visit 13', 'visit 8', 'visit 15', 'visit 0', 'visit 17', 'visit 4', 'visit 18', 'visit 3', 'evaluation']
	# trees: 16 , real: 1 , pred: 1
test case 109
	 ['visit 9', 'visit 5', 'visit 6', 'visit 7', 'visit 2', 'visit 19', 'visit 1', 'visit 16', 'visit 13', 'visit 8', 'visit 15', 'visit 0', 'visit 17', 'visit 4', 'visit 18', 'visit 3', 'evaluation']
	# trees: 16 , real: 1 , pred: 3
test case 110
	 ['visit 9', 'visit 5', 'visit 6', 'visit 7', 'visit 2', 'visit 19', 'visit 1', 'visit 16', 'visit 13', 'visit 8', 'visit 15', 'visit 0', 'visit 17', 'visit 4', 'visit 18', 'visit 3', 'evaluation']
	# trees: 16 , real: 1 , pred: 2
test case 111
	 ['visit 9', 'visit 5', 'visit 6', 'visit 7', 'visit 2', 'visit 19', 'visit 1', 'visit 16', 'visit 13', 'visit 8', 'visit 15', 'visit 0', 'visit 17', 'visit 4', 'visit 18', 'visit 3', 'evaluation']
	# trees: 16 , real: 1 , pred: 3
test case 112
	 ['visit 9', 'visit 5', 'visit 6', 'visit 7', 'visit 2', 'visit 19', 'visit 1', 'visit 16', 'visit 13', 'visit 8', 'visit 15', 'visit 0', 'visit 17', 'visit 4', 'visit 18', 'visit 3', 'evaluation']
	# trees: 16 , real: 1 , pred: 1
test case 113
	 ['visit 9', 'visit 5', 'visit 6', 'visit 7', 'visit 2', 'visit 19', 'visit 1', 'visit 16', 'visit 13', 'visit 8', 'visit 15', 'visit 0', 'visit 17', 'visit 4', 'visit 18', 'visit 3', 'evaluation']
	# trees: 16 , real: 1 , pred: 3
test case 114
	 ['visit 9', 'visit 5', 'visit 6', 'visit 7', 'visit 2', 'visit 19', 'visit 1', 'visit 16', 'visit 13', 'visit 8', 'visit 15', 'visit 0', 'visit 17', 'visit 4', 'visit 18', 'visit 3', 'evaluation']
	# trees: 16 , real: 1 , pred: 1
test case 115
	 ['visit 9', 'visit 5', 'visit 6', 'visit 7', 'visit 2', 'visit 19', 'visit 1', 'visit 16', 'visit 13', 'visit 8', 'visit 15', 'visit 0', 'visit 17', 'visit 4', 'visit 18', 'visit 3', 'evaluation']
	# trees: 16 , real: 1 , pred: 3
test case 116
	 ['visit 9', 'visit 5', 'visit 6', 'visit 7', 'visit 2', 'visit 19', 'visit 1', 'visit 16', 'visit 13', 'visit 8', 'visit 15', 'visit 0', 'visit 17', 'visit 4', 'visit 18', 'visit 3', 'evaluation']
	# trees: 16 , real: 1 , pred: 1
test case 117
	 ['visit 9', 'visit 5', 'visit 6', 'visit 7', 'visit 2', 'visit 19', 'visit 1', 'visit 16', 'visit 13', 'visit 8', 'visit 15', 'visit 0', 'visit 17', 'visit 4', 'visit 18', 'visit 3', 'evaluation']
	# trees: 16 , real: 1 , pred: 1
test case 118
	 ['visit 9', 'visit 5', 'visit 6', 'visit 7', 'visit 2', 'visit 19', 'visit 1', 'visit 16', 'visit 13', 'visit 8', 'visit 15', 'visit 0', 'visit 17', 'visit 4', 'visit 18', 'visit 3', 'evaluation']
	# trees: 16 , real: 1 , pred: 1
test case 119
	 ['visit 9', 'visit 5', 'visit 6', 'visit 7', 'visit 2', 'visit 19', 'visit 1', 'visit 16', 'visit 13', 'visit 8', 'visit 15', 'visit 0', 'visit 17', 'visit 4', 'visit 18', 'visit 3', 'evaluation']
	# trees: 16 , real: 1 , pred: 1
test case 120
	 ['visit 9', 'visit 5', 'visit 6', 'visit 7', 'visit 2', 'visit 19', 'visit 1', 'visit 16', 'visit 13', 'visit 8', 'visit 15', 'visit 0', 'visit 17', 'visit 4', 'visit 18', 'visit 3', 'evaluation']
	# trees: 16 , real: 1 , pred: 1
test case 121
	 ['visit 9', 'visit 5', 'visit 6', 'visit 7', 'visit 2', 'visit 19', 'visit 1', 'visit 16', 'visit 13', 'visit 8', 'visit 15', 'visit 0', 'visit 17', 'visit 4', 'visit 18', 'visit 3', 'evaluation']
	# trees: 16 , real: 1 , pred: 1
test case 122
	 ['visit 9', 'visit 5', 'visit 6', 'visit 7', 'visit 2', 'visit 19', 'visit 1', 'visit 16', 'visit 13', 'visit 8', 'visit 15', 'visit 0', 'visit 17', 'visit 4', 'visit 18', 'visit 3', 'evaluation']
	# trees: 16 , real: 1 , pred: 1
test case 123
	 ['visit 9', 'visit 5', 'visit 6', 'visit 7', 'visit 2', 'visit 19', 'visit 1', 'visit 16', 'visit 13', 'visit 8', 'visit 15', 'visit 0', 'visit 17', 'visit 4', 'visit 18', 'visit 3', 'evaluation']
	# trees: 16 , real: 1 , pred: 3
test case 124
	 ['visit 9', 'visit 5', 'visit 6', 'visit 7', 'visit 2', 'visit 19', 'visit 1', 'visit 16', 'visit 13', 'visit 8', 'visit 15', 'visit 0', 'visit 17', 'visit 4', 'visit 18', 'visit 3', 'evaluation']
	# trees: 16 , real: 1 , pred: 1
test case 125
	 ['visit 9', 'visit 5', 'visit 6', 'visit 7', 'visit 2', 'visit 19', 'visit 1', 'visit 16', 'visit 13', 'visit 8', 'visit 15', 'visit 0', 'visit 17', 'visit 4', 'visit 18', 'visit 3', 'evaluation']
	# trees: 16 , real: 2 , pred: 1
test case 126
	 ['visit 9', 'visit 5', 'visit 6', 'visit 7', 'visit 2', 'visit 19', 'visit 1', 'visit 16', 'visit 13', 'visit 8', 'visit 15', 'visit 0', 'visit 17', 'visit 4', 'visit 18', 'visit 3', 'evaluation']
	# trees: 16 , real: 2 , pred: 2
test case 127
	 ['visit 9', 'visit 5', 'visit 6', 'visit 7', 'visit 2', 'visit 19', 'visit 1', 'visit 16', 'visit 13', 'visit 8', 'visit 15', 'visit 0', 'visit 17', 'visit 4', 'visit 18', 'visit 3', 'evaluation']
	# trees: 16 , real: 2 , pred: 1
test case 128
	 ['visit 9', 'visit 5', 'visit 6', 'visit 7', 'visit 2', 'visit 19', 'visit 1', 'visit 16', 'visit 13', 'visit 8', 'visit 15', 'visit 0', 'visit 17', 'visit 4', 'visit 18', 'visit 3', 'evaluation']
	# trees: 16 , real: 2 , pred: 1
test case 129
	 ['visit 9', 'visit 5', 'visit 6', 'visit 7', 'visit 2', 'visit 19', 'visit 1', 'visit 16', 'visit 13', 'visit 8', 'visit 15', 'visit 0', 'visit 17', 'visit 4', 'visit 18', 'visit 3', 'evaluation']
	# trees: 16 , real: 2 , pred: 2
test case 130
	 ['visit 9', 'visit 5', 'visit 6', 'visit 7', 'visit 2', 'visit 19', 'visit 1', 'visit 16', 'visit 13', 'visit 8', 'visit 15', 'visit 0', 'visit 17', 'visit 4', 'visit 18', 'visit 3', 'evaluation']
	# trees: 16 , real: 2 , pred: 1
test case 131
	 ['visit 9', 'visit 5', 'visit 6', 'visit 7', 'visit 2', 'visit 19', 'visit 1', 'visit 16', 'visit 13', 'visit 8', 'visit 15', 'visit 0', 'visit 17', 'visit 4', 'visit 18', 'visit 3', 'evaluation']
	# trees: 16 , real: 2 , pred: 2
test case 132
	 ['visit 9', 'visit 5', 'visit 6', 'visit 7', 'visit 2', 'visit 19', 'visit 1', 'visit 16', 'visit 13', 'visit 8', 'visit 15', 'visit 0', 'visit 17', 'visit 4', 'visit 18', 'visit 3', 'evaluation']
	# trees: 16 , real: 2 , pred: 2
test case 133
	 ['visit 9', 'visit 5', 'visit 6', 'visit 7', 'visit 2', 'visit 19', 'visit 1', 'visit 16', 'visit 13', 'visit 8', 'visit 15', 'visit 0', 'visit 17', 'visit 4', 'visit 18', 'visit 3', 'evaluation']
	# trees: 16 , real: 3 , pred: 1
test case 134
	 ['visit 9', 'visit 5', 'visit 6', 'visit 7', 'visit 2', 'visit 19', 'visit 1', 'visit 16', 'visit 13', 'visit 8', 'visit 15', 'visit 0', 'visit 17', 'visit 4', 'visit 18', 'visit 3', 'evaluation']
	# trees: 16 , real: 3 , pred: 3
test case 135
	 ['visit 9', 'visit 5', 'visit 6', 'visit 7', 'visit 2', 'visit 19', 'visit 1', 'visit 16', 'visit 13', 'visit 8', 'visit 15', 'visit 0', 'visit 17', 'visit 4', 'visit 18', 'visit 3', 'evaluation']
	# trees: 16 , real: 3 , pred: 3
test case 136
	 ['visit 9', 'visit 5', 'visit 6', 'visit 7', 'visit 2', 'visit 19', 'visit 1', 'visit 16', 'visit 13', 'visit 8', 'visit 15', 'visit 0', 'visit 17', 'visit 4', 'visit 18', 'visit 3', 'evaluation']
	# trees: 16 , real: 3 , pred: 1
test case 137
	 ['visit 9', 'visit 5', 'visit 6', 'visit 7', 'visit 2', 'visit 19', 'visit 1', 'visit 16', 'visit 13', 'visit 8', 'visit 15', 'visit 0', 'visit 17', 'visit 4', 'visit 18', 'visit 3', 'evaluation']
	# trees: 16 , real: 3 , pred: 1
test case 138
	 ['visit 9', 'visit 5', 'visit 6', 'visit 7', 'visit 2', 'visit 19', 'visit 1', 'visit 16', 'visit 13', 'visit 8', 'visit 15', 'visit 0', 'visit 17', 'visit 4', 'visit 18', 'visit 3', 'evaluation']
	# trees: 16 , real: 3 , pred: 3
test case 139
	 ['visit 9', 'visit 5', 'visit 6', 'visit 7', 'visit 2', 'visit 19', 'visit 1', 'visit 16', 'visit 13', 'visit 8', 'visit 15', 'visit 0', 'visit 17', 'visit 4', 'visit 18', 'visit 3', 'evaluation']
	# trees: 16 , real: 3 , pred: 3
test case 140
	 ['visit 9', 'visit 5', 'visit 6', 'visit 7', 'visit 2', 'visit 19', 'visit 1', 'visit 16', 'visit 13', 'visit 8', 'visit 15', 'visit 0', 'visit 17', 'visit 4', 'visit 18', 'visit 3', 'evaluation']
	# trees: 16 , real: 3 , pred: 3
test case 141
	 ['visit 9', 'visit 5', 'visit 6', 'visit 7', 'visit 2', 'visit 19', 'visit 1', 'visit 16', 'visit 13', 'visit 8', 'visit 15', 'visit 0', 'visit 17', 'visit 4', 'visit 18', 'visit 3', 'evaluation']
	# trees: 16 , real: 3 , pred: 2
test case 142
	 ['visit 9', 'visit 5', 'visit 6', 'visit 7', 'visit 2', 'visit 19', 'visit 1', 'visit 16', 'visit 13', 'visit 8', 'visit 15', 'visit 0', 'visit 17', 'visit 4', 'visit 18', 'visit 3', 'evaluation']
	# trees: 16 , real: 3 , pred: 3
test case 143
	 ['visit 9', 'visit 5', 'visit 6', 'visit 7', 'visit 2', 'visit 19', 'visit 1', 'visit 16', 'visit 13', 'visit 8', 'visit 15', 'visit 0', 'visit 17', 'visit 4', 'visit 18', 'visit 3', 'evaluation']
	# trees: 16 , real: 3 , pred: 3
test case 144
	 ['visit 9', 'visit 5', 'visit 6', 'visit 7', 'visit 2', 'visit 19', 'visit 1', 'visit 16', 'visit 13', 'visit 8', 'visit 15', 'visit 0', 'visit 17', 'visit 4', 'visit 18', 'visit 3', 'evaluation']
	# trees: 16 , real: 3 , pred: 3
test case 145
	 ['visit 9', 'visit 5', 'visit 6', 'visit 7', 'visit 2', 'visit 19', 'visit 1', 'visit 16', 'visit 13', 'visit 8', 'visit 15', 'visit 0', 'visit 17', 'visit 4', 'visit 18', 'visit 3', 'evaluation']
	# trees: 16 , real: 3 , pred: 3
test case 146
	 ['visit 9', 'visit 5', 'visit 6', 'visit 7', 'visit 2', 'visit 19', 'visit 1', 'visit 16', 'visit 13', 'visit 8', 'visit 15', 'visit 0', 'visit 17', 'visit 4', 'visit 18', 'visit 3', 'evaluation']
	# trees: 16 , real: 3 , pred: 1
[[26 20  3]
 [16 44  8]
 [10  9 11]]
[[27 19  3]
 [16 44  8]
 [10  9 11]]
[[27 20  2]
 [18 44  6]
 [10  8 12]]
(0.5510204081632653, 0.5342465753424658, 0.5147792450313459, 0.5206806278009143)
(0.5578231292517006, 0.5401816911250874, 0.5215819661197812, 0.5270200387847447)
(0.564625850340136, 0.5673400673400674, 0.5326930772308923, 0.5426007326007326)
