{'dataset': 'audiology', 'algorithm': 'ptdqn', 'num_clf': 20, 'num_training': 50000, 'learning_rate': 0.01, 'discount_factor': 1, 'epsilon': 0.1, 'random_state': 8971, 'portion': 0.5, 'sequential': False}
(226, 95)
Running iteration 1 of 10 fold...

epoch: 999 row: 90 exploration: 0.10000
	 ['V16', 'E'] 

	sample size: 2

	s : N N N N N N N N N N N N N N N N N N N N -> action:  V16
	s': N N N N N N N N N N N N N N N N 0 N N N -> reward:  0.0

	s : N N N N N N N N N N N N N N N N 0 N N N -> action:  E
	s': None -> reward:  1.0

finished epoch 1000
average loss: 0.13855627969885245

epoch: 1999 row: 80 exploration: 0.10000
	 ['V16', 'E'] 

	sample size: 2

	s : N N N N N N N N N N N N N N N N N N N N -> action:  V16
	s': N N N N N N N N N N N N N N N N 11 N N N -> reward:  0.0

	s : N N N N N N N N N N N N N N N N 11 N N N -> action:  E
	s': None -> reward:  0.0

finished epoch 2000
average loss: 0.13179609993845223

epoch: 2999 row: 70 exploration: 0.10000
	 ['V16', 'V18', 'V14', 'E'] 

	sample size: 2

	s : N N N N N N N N N N N N N N N N 17 N N N -> action:  V18
	s': N N N N N N N N N N N N N N N N 17 N 11 N -> reward:  0.0

	s : N N N N N N N N N N N N N N 11 N 17 N 11 N -> action:  E
	s': None -> reward:  1.0

finished epoch 3000
average loss: 0.12676748937933008

epoch: 3999 row: 60 exploration: 0.10000
	 ['V16', 'V19', 'E'] 

	sample size: 2

	s : N N N N N N N N N N N N N N N N N N N N -> action:  V16
	s': N N N N N N N N N N N N N N N N 0 N N N -> reward:  0.0

	s : N N N N N N N N N N N N N N N N 0 N N 0 -> action:  E
	s': None -> reward:  1.0

finished epoch 4000
average loss: 0.11700968475290574

epoch: 4999 row: 50 exploration: 0.10000
	 ['V16', 'V0', 'V18', 'V2', 'V11', 'V14', 'V13', 'E'] 

	sample size: 3

	s : 11 N N N N N N N N N N N N N N N 3 N 11 N -> action:  V2
	s': 11 N 11 N N N N N N N N N N N N N 3 N 11 N -> reward:  0.0

	s : 11 N N N N N N N N N N N N N N N 3 N N N -> action:  V18
	s': 11 N N N N N N N N N N N N N N N 3 N 11 N -> reward:  0.0

	s : 11 N 11 N N N N N N N N 11 N 11 11 N 3 N 11 N -> action:  E
	s': None -> reward:  0.0

finished epoch 5000
average loss: 0.09797216434607253

epoch: 5999 row: 40 exploration: 0.10000
	 ['V16', 'V2', 'V13', 'V0', 'V14', 'V5', 'V19', 'V18', 'V12', 'V15', 'V6', 'V11', 'V17', 'V7', 'V9', 'V3', 'V10', 'V1', 'V8', 'E'] 

	sample size: 5

	s : 11 N 11 0 N 11 3 11 N 11 N 5 3 3 11 3 11 0 11 3 -> action:  V10
	s': 11 N 11 0 N 11 3 11 N 11 0 5 3 3 11 3 11 0 11 3 -> reward:  0.0

	s : 11 N 11 N N 11 N N N N N N 3 3 11 3 11 N 11 3 -> action:  V6
	s': 11 N 11 N N 11 3 N N N N N 3 3 11 3 11 N 11 3 -> reward:  0.0

	s : N N N N N N N N N N N N N N N N N N N N -> action:  V16
	s': N N N N N N N N N N N N N N N N 11 N N N -> reward:  0.0

	s : 11 N 11 N N 11 N N N N N N 3 3 11 N 11 N 11 3 -> action:  V15
	s': 11 N 11 N N 11 N N N N N N 3 3 11 3 11 N 11 3 -> reward:  0.0

	s : 11 0 11 0 N 11 3 11 11 11 0 5 3 3 11 3 11 0 11 3 -> action:  E
	s': None -> reward:  0.0

finished epoch 6000
average loss: 0.04487906358156761

epoch: 6999 row: 30 exploration: 0.10000
	 ['V2', 'V5', 'V16', 'V14', 'V15', 'V13', 'V0', 'V11', 'V6', 'V3', 'V12', 'V17', 'V19', 'V10', 'V9', 'V8', 'E'] 

	sample size: 5

	s : 0 N 0 0 N 0 0 N N N N 5 0 11 0 0 0 0 N 0 -> action:  V10
	s': 0 N 0 0 N 0 0 N N N 3 5 0 11 0 0 0 0 N 0 -> reward:  0.0

	s : N N 0 N N 0 N N N N N N N N 0 N 0 N N N -> action:  V15
	s': N N 0 N N 0 N N N N N N N N 0 0 0 N N N -> reward:  0.0

	s : N N 0 N N 0 N N N N N N N N N N N N N N -> action:  V16
	s': N N 0 N N 0 N N N N N N N N N N 0 N N N -> reward:  0.0

	s : N N 0 N N 0 N N N N N N N 11 0 0 0 N N N -> action:  V0
	s': 0 N 0 N N 0 N N N N N N N 11 0 0 0 N N N -> reward:  0.0

	s : 0 N 0 0 N 0 0 N 9 0 3 5 0 11 0 0 0 0 N 0 -> action:  E
	s': None -> reward:  1.0

finished epoch 7000
average loss: 0.0285966942747109

epoch: 7999 row: 20 exploration: 0.10000
	 ['V15', 'V2', 'V5', 'V13', 'V16', 'V0', 'V6', 'V12', 'V14', 'V18', 'V8', 'V10', 'V17', 'V9', 'V11', 'E'] 

	sample size: 5

	s : N N 5 N N 9 N N N N N N N 9 N 0 N N N N -> action:  V16
	s': N N 5 N N 9 N N N N N N N 9 N 0 5 N N N -> reward:  0.0

	s : N N 5 N N N N N N N N N N N N 0 N N N N -> action:  V5
	s': N N 5 N N 9 N N N N N N N N N 0 N N N N -> reward:  0.0

	s : N N 5 N N 9 N N N N N N N 9 N 0 N N N N -> action:  V16
	s': N N 5 N N 9 N N N N N N N 9 N 0 5 N N N -> reward:  0.0

	s : 0 N 5 N N 9 3 N N N N N 0 9 N 0 5 N N N -> action:  V14
	s': 0 N 5 N N 9 3 N N N N N 0 9 0 0 5 N N N -> reward:  0.0

	s : 0 N 5 N N 9 3 N 0 0 5 3 0 9 0 0 5 5 5 N -> action:  E
	s': None -> reward:  0.0

finished epoch 8000
average loss: 0.032824008044459334

epoch: 8999 row: 10 exploration: 0.10000
	 ['V4', 'V17', 'V9', 'V16', 'V18', 'E'] 

	sample size: 3

	s : N N N N 17 N N N N N N N N N N N N 12 N N -> action:  V9
	s': N N N N 17 N N N N 4 N N N N N N N 12 N N -> reward:  0.0

	s : N N N N N N N N N N N N N N N N N N N N -> action:  V4
	s': N N N N 17 N N N N N N N N N N N N N N N -> reward:  0.0

	s : N N N N 17 N N N N 4 N N N N N N 11 12 11 N -> action:  E
	s': None -> reward:  0.0

finished epoch 9000
average loss: 0.03165071093898223

epoch: 9999 row: 0 exploration: 0.10000
	 ['V4', 'V12', 'V5', 'V15', 'V6', 'V13', 'V7', 'V0', 'E'] 

	sample size: 3

	s : N N N N 0 0 N N N N N N 0 N N 0 N N N N -> action:  V6
	s': N N N N 0 0 11 N N N N N 0 N N 0 N N N N -> reward:  0.0

	s : N N N N 0 N N N N N N N 0 N N N N N N N -> action:  V5
	s': N N N N 0 0 N N N N N N 0 N N N N N N N -> reward:  0.0

	s : 11 N N N 0 0 11 11 N N N N 0 0 N 0 N N N N -> action:  E
	s': None -> reward:  1.0

finished epoch 10000
average loss: 0.051642348120207314

epoch: 10999 row: 91 exploration: 0.10000
	 ['V12', 'V4', 'V16', 'E'] 

	sample size: 2

	s : N N N N N N N N N N N N 16 N N N N N N N -> action:  V4
	s': N N N N 13 N N N N N N N 16 N N N N N N N -> reward:  0.0

	s : N N N N 13 N N N N N N N 16 N N N 17 N N N -> action:  E
	s': None -> reward:  0.0

finished epoch 11000
average loss: 0.06748803862938076

epoch: 11999 row: 81 exploration: 0.10000
	 ['V12', 'V4', 'V15', 'E'] 

	sample size: 2

	s : N N N N N N N N N N N N N N N N N N N N -> action:  V12
	s': N N N N N N N N N N N N 3 N N N N N N N -> reward:  0.0

	s : N N N N 3 N N N N N N N 3 N N 14 N N N N -> action:  E
	s': None -> reward:  1.0

finished epoch 12000
average loss: 0.04747854326532251

epoch: 12999 row: 71 exploration: 0.10000
	 ['V4', 'V12', 'V15', 'V5', 'V13', 'V11', 'V6', 'V10', 'V9', 'E'] 

	sample size: 3

	s : N N N N 16 16 N N N N N N 16 N N 16 N N N N -> action:  V13
	s': N N N N 16 16 N N N N N N 16 16 N 16 N N N N -> reward:  0.0

	s : N N N N N N N N N N N N N N N N N N N N -> action:  V4
	s': N N N N 16 N N N N N N N N N N N N N N N -> reward:  0.0

	s : N N N N 16 16 16 N N 16 16 16 16 16 N 16 N N N N -> action:  E
	s': None -> reward:  1.0

finished epoch 13000
average loss: 0.06919205246178899

epoch: 13999 row: 61 exploration: 0.10000
	 ['V12', 'V15', 'V4', 'V5', 'V13', 'V14', 'V19', 'V6', 'V1', 'V10', 'V17', 'V16', 'V18', 'E'] 

	sample size: 4

	s : N 11 N N 0 0 11 N N N 11 N 5 0 0 0 N 11 N 0 -> action:  V16
	s': N 11 N N 0 0 11 N N N 11 N 5 0 0 0 3 11 N 0 -> reward:  0.0

	s : N N N N N N N N N N N N 5 N N 0 N N N N -> action:  V4
	s': N N N N 0 N N N N N N N 5 N N 0 N N N N -> reward:  0.0

	s : N 11 N N 0 0 11 N N N 11 N 5 0 0 0 3 11 N 0 -> action:  V18
	s': N 11 N N 0 0 11 N N N 11 N 5 0 0 0 3 11 11 0 -> reward:  0.0

	s : N 11 N N 0 0 11 N N N 11 N 5 0 0 0 3 11 11 0 -> action:  E
	s': None -> reward:  0.0

finished epoch 14000
average loss: 0.05177479182385287

epoch: 14999 row: 51 exploration: 0.10000
	 ['V12', 'V4', 'V18', 'V5', 'V13', 'V15', 'V16', 'V9', 'V10', 'V3', 'V19', 'V1', 'E'] 

	sample size: 4

	s : N N N N N N N N N N N N N N N N N N N N -> action:  V12
	s': N N N N N N N N N N N N 8 N N N N N N N -> reward:  0.0

	s : N N N N 8 2 N N N N N N 8 8 N 8 16 N 8 N -> action:  V9
	s': N N N N 8 2 N N N 8 N N 8 8 N 8 16 N 8 N -> reward:  0.0

	s : N N N N 8 2 N N N N N N 8 8 N 8 16 N 8 N -> action:  V9
	s': N N N N 8 2 N N N 8 N N 8 8 N 8 16 N 8 N -> reward:  0.0

	s : N 8 N 8 8 2 N N N 8 8 N 8 8 N 8 16 N 8 8 -> action:  E
	s': None -> reward:  1.0

finished epoch 15000
average loss: 0.04172542552207051

epoch: 15999 row: 41 exploration: 0.10000
	 ['V12', 'V15', 'V4', 'V13', 'V0', 'V17', 'V16', 'V5', 'E'] 

	sample size: 3

	s : N N N N 11 N N N N N N N 3 N N 5 N N N N -> action:  V13
	s': N N N N 11 N N N N N N N 3 3 N 5 N N N N -> reward:  0.0

	s : N N N N 11 N N N N N N N 3 3 N 5 N N N N -> action:  V0
	s': 3 N N N 11 N N N N N N N 3 3 N 5 N N N N -> reward:  0.0

	s : 3 N N N 11 3 N N N N N N 3 3 N 5 3 0 N N -> action:  E
	s': None -> reward:  1.0

finished epoch 16000
average loss: 0.04060496442681324

epoch: 16999 row: 31 exploration: 0.10000
	 ['V12', 'V4', 'V15', 'E'] 

	sample size: 2

	s : N N N N 3 N N N N N N N 0 N N N N N N N -> action:  V15
	s': N N N N 3 N N N N N N N 0 N N 3 N N N N -> reward:  0.0

	s : N N N N 3 N N N N N N N 0 N N 3 N N N N -> action:  E
	s': None -> reward:  1.0

finished epoch 17000
average loss: 0.040652920396783886

epoch: 17999 row: 21 exploration: 0.10000
	 ['V12', 'V15', 'V4', 'V5', 'V13', 'V16', 'V7', 'V19', 'V8', 'V18', 'V2', 'V14', 'V17', 'E'] 

	sample size: 4

	s : N N N N N N N N N N N N 0 N N 0 N N N N -> action:  V4
	s': N N N N 0 N N N N N N N 0 N N 0 N N N N -> reward:  0.0

	s : N N N N N N N N N N N N 0 N N 0 N N N N -> action:  V4
	s': N N N N 0 N N N N N N N 0 N N 0 N N N N -> reward:  0.0

	s : N N N N 0 0 N 0 N N N N 0 0 N 0 0 N N 0 -> action:  V8
	s': N N N N 0 0 N 0 0 N N N 0 0 N 0 0 N N 0 -> reward:  0.0

	s : N N 0 N 0 0 N 0 0 N N N 0 0 0 0 0 0 0 0 -> action:  E
	s': None -> reward:  1.0

finished epoch 18000
average loss: 0.04313362837416935

epoch: 18999 row: 11 exploration: 0.10000
	 ['V12', 'V4', 'V6', 'V16', 'V5', 'V15', 'V13', 'V19', 'V8', 'E'] 

	sample size: 3

	s : N N N N 0 N 0 N N N N N 0 N N N N N N N -> action:  V16
	s': N N N N 0 N 0 N N N N N 0 N N N 0 N N N -> reward:  0.0

	s : N N N N 0 0 0 N N N N N 0 11 N 0 0 N N N -> action:  V19
	s': N N N N 0 0 0 N N N N N 0 11 N 0 0 N N 0 -> reward:  0.0

	s : N N N N 0 0 0 N 9 N N N 0 11 N 0 0 N N 0 -> action:  E
	s': None -> reward:  1.0

finished epoch 19000
average loss: 0.04341848876012955

epoch: 19999 row: 1 exploration: 0.10000
	 ['V12', 'V15', 'V4', 'V13', 'V16', 'V10', 'E'] 

	sample size: 3

	s : N N N N N N N N N N N N 3 N N 9 N N N N -> action:  V4
	s': N N N N 9 N N N N N N N 3 N N 9 N N N N -> reward:  0.0

	s : N N N N 9 N N N N N N N 3 9 N 9 3 N N N -> action:  V10
	s': N N N N 9 N N N N N 3 N 3 9 N 9 3 N N N -> reward:  0.0

	s : N N N N 9 N N N N N 3 N 3 9 N 9 3 N N N -> action:  E
	s': None -> reward:  0.0

finished epoch 20000
average loss: 0.037107514060480754

epoch: 20999 row: 92 exploration: 0.10000
	 ['V4', 'V15', 'V12', 'V14', 'V13', 'V6', 'V16', 'V17', 'V10', 'V11', 'V1', 'E'] 

	sample size: 4

	s : N N N N 3 N 5 N N N N N 0 11 11 14 11 0 N N -> action:  V10
	s': N N N N 3 N 5 N N N 9 N 0 11 11 14 11 0 N N -> reward:  0.0

	s : N N N N 3 N 5 N N N N N 0 11 11 14 11 0 N N -> action:  V10
	s': N N N N 3 N 5 N N N 9 N 0 11 11 14 11 0 N N -> reward:  0.0

	s : N N N N 3 N N N N N N N 0 N N 14 N N N N -> action:  V14
	s': N N N N 3 N N N N N N N 0 N 11 14 N N N N -> reward:  0.0

	s : N 0 N N 3 N 5 N N N 9 5 0 11 11 14 11 0 N N -> action:  E
	s': None -> reward:  0.0

finished epoch 21000
average loss: 0.034182950173264545

epoch: 21999 row: 82 exploration: 0.10000
	 ['V12', 'V4', 'V15', 'V19', 'V16', 'V13', 'V5', 'V7', 'V6', 'V8', 'V17', 'V14', 'E'] 

	sample size: 4

	s : N N N N 0 N N N N N N N 0 N N 0 N N N 0 -> action:  V16
	s': N N N N 0 N N N N N N N 0 N N 0 0 N N 0 -> reward:  0.0

	s : N N N N 0 0 0 9 0 N N N 0 0 N 0 0 0 N 0 -> action:  V14
	s': N N N N 0 0 0 9 0 N N N 0 0 0 0 0 0 N 0 -> reward:  0.0

	s : N N N N 0 0 N N N N N N 0 0 N 0 0 N N 0 -> action:  V7
	s': N N N N 0 0 N 9 N N N N 0 0 N 0 0 N N 0 -> reward:  0.0

	s : N N N N 0 0 0 9 0 N N N 0 0 0 0 0 0 N 0 -> action:  E
	s': None -> reward:  1.0

finished epoch 22000
average loss: 0.03050816409246181

epoch: 22999 row: 72 exploration: 0.10000
	 ['V12', 'V4', 'V15', 'V19', 'V13', 'V3', 'V16', 'V5', 'V7', 'E'] 

	sample size: 3

	s : N N N N N N N N N N N N N N N N N N N N -> action:  V12
	s': N N N N N N N N N N N N 0 N N N N N N N -> reward:  0.0

	s : N N N N 11 N N N N N N N 0 N N 5 N N N 11 -> action:  V13
	s': N N N N 11 N N N N N N N 0 3 N 5 N N N 11 -> reward:  0.0

	s : N N N 5 11 1 N 0 N N N N 0 3 N 5 11 N N 11 -> action:  E
	s': None -> reward:  1.0

finished epoch 23000
average loss: 0.03451774254659904

epoch: 23999 row: 62 exploration: 0.10000
	 ['V4', 'V12', 'V16', 'V15', 'V5', 'V13', 'V18', 'V3', 'V19', 'E'] 

	sample size: 3

	s : N N N N 9 9 N N N N N N 3 N N 0 5 N N N -> action:  V13
	s': N N N N 9 9 N N N N N N 3 9 N 0 5 N N N -> reward:  0.0

	s : N N N N 9 N N N N N N N 3 N N N 5 N N N -> action:  V15
	s': N N N N 9 N N N N N N N 3 N N 0 5 N N N -> reward:  0.0

	s : N N N 0 9 9 N N N N N N 3 9 N 0 5 N 9 9 -> action:  E
	s': None -> reward:  1.0

finished epoch 24000
average loss: 0.03184745539378673

epoch: 24999 row: 52 exploration: 0.10000
	 ['V12', 'V4', 'V16', 'V15', 'V5', 'V13', 'E'] 

	sample size: 3

	s : N N N N N N N N N N N N N N N N N N N N -> action:  V12
	s': N N N N N N N N N N N N 0 N N N N N N N -> reward:  0.0

	s : N N N N N N N N N N N N N N N N N N N N -> action:  V12
	s': N N N N N N N N N N N N 0 N N N N N N N -> reward:  0.0

	s : N N N N 9 9 N N N N N N 0 9 N 0 5 N N N -> action:  E
	s': None -> reward:  1.0

finished epoch 25000
average loss: 0.03354111513435783

epoch: 25999 row: 42 exploration: 0.10000
	 ['V15', 'V4', 'V12', 'V16', 'V5', 'V19', 'V13', 'V9', 'V7', 'V10', 'V14', 'V18', 'V1', 'V11', 'V17', 'V2', 'V8', 'V3', 'E'] 

	sample size: 5

	s : N N N N 14 3 N N N N N N 14 14 N 14 14 N N 14 -> action:  V9
	s': N N N N 14 3 N N N 14 N N 14 14 N 14 14 N N 14 -> reward:  0.0

	s : N N N N N N N N N N N N N N N 14 N N N N -> action:  V4
	s': N N N N 14 N N N N N N N N N N 14 N N N N -> reward:  0.0

	s : N N N N 14 N N N N N N N 14 N N 14 14 N N N -> action:  V5
	s': N N N N 14 3 N N N N N N 14 N N 14 14 N N N -> reward:  0.0

	s : N N N N 14 3 N 14 N 14 0 N 14 14 14 14 14 N 14 14 -> action:  V1
	s': N 14 N N 14 3 N 14 N 14 0 N 14 14 14 14 14 N 14 14 -> reward:  0.0

	s : N 14 14 14 14 3 N 14 0 14 0 14 14 14 14 14 14 0 14 14 -> action:  E
	s': None -> reward:  1.0

finished epoch 26000
average loss: 0.031384457471525136

epoch: 26999 row: 32 exploration: 0.10000
	 ['V4', 'V15', 'V12', 'V16', 'V6', 'V1', 'E'] 

	sample size: 3

	s : N N N N N N N N N N N N N N N N N N N N -> action:  V4
	s': N N N N 13 N N N N N N N N N N N N N N N -> reward:  0.0

	s : N N N N 13 N 8 N N N N N 3 N N 0 0 N N N -> action:  V1
	s': N 8 N N 13 N 8 N N N N N 3 N N 0 0 N N N -> reward:  0.0

	s : N 8 N N 13 N 8 N N N N N 3 N N 0 0 N N N -> action:  E
	s': None -> reward:  0.0

finished epoch 27000
average loss: 0.03751579426295939

epoch: 27999 row: 22 exploration: 0.10000
	 ['V4', 'V12', 'V15', 'V16', 'E'] 

	sample size: 2

	s : N N N N 0 N N N N N N N N N N N N N N N -> action:  V12
	s': N N N N 0 N N N N N N N 0 N N N N N N N -> reward:  0.0

	s : N N N N 0 N N N N N N N 0 N N 0 0 N N N -> action:  E
	s': None -> reward:  1.0

finished epoch 28000
average loss: 0.043664889408315505

epoch: 28999 row: 12 exploration: 0.10000
	 ['V4', 'E'] 

	sample size: 2

	s : N N N N N N N N N N N N N N N N N N N N -> action:  V4
	s': N N N N 4 N N N N N N N N N N N N N N N -> reward:  0.0

	s : N N N N 4 N N N N N N N N N N N N N N N -> action:  E
	s': None -> reward:  0.0

finished epoch 29000
average loss: 0.03994717149999997

epoch: 29999 row: 2 exploration: 0.10000
	 ['V15', 'V4', 'V12', 'V5', 'V13', 'V16', 'V19', 'V18', 'V11', 'E'] 

	sample size: 3

	s : N N N N 8 2 N N N N N N 2 N N 4 N N N N -> action:  V13
	s': N N N N 8 2 N N N N N N 2 18 N 4 N N N N -> reward:  0.0

	s : N N N N N N N N N N N N N N N 4 N N N N -> action:  V4
	s': N N N N 8 N N N N N N N N N N 4 N N N N -> reward:  0.0

	s : N N N N 8 2 N N N N N 9 2 18 N 4 2 N 8 2 -> action:  E
	s': None -> reward:  1.0

finished epoch 30000
average loss: 0.03259282146606711

epoch: 30999 row: 93 exploration: 0.10000
	 ['V12', 'V4', 'V16', 'V15', 'V5', 'V13', 'V19', 'E'] 

	sample size: 3

	s : N N N N 9 N N N N N N N 3 N N N 9 N N N -> action:  V15
	s': N N N N 9 N N N N N N N 3 N N 0 9 N N N -> reward:  0.0

	s : N N N N N N N N N N N N 3 N N N N N N N -> action:  V4
	s': N N N N 9 N N N N N N N 3 N N N N N N N -> reward:  0.0

	s : N N N N 9 0 N N N N N N 3 9 N 0 9 N N 9 -> action:  E
	s': None -> reward:  1.0

finished epoch 31000
average loss: 0.03130318754632208

epoch: 31999 row: 83 exploration: 0.10000
	 ['V15', 'V4', 'V3', 'V19', 'V12', 'V18', 'E'] 

	sample size: 3

	s : N N N N N N N N N N N N N N N N N N N N -> action:  V15
	s': N N N N N N N N N N N N N N N 4 N N N N -> reward:  0.0

	s : N N N 2 3 N N N N N N N N N N 4 N N N 16 -> action:  V12
	s': N N N 2 3 N N N N N N N 5 N N 4 N N N 16 -> reward:  0.0

	s : N N N 2 3 N N N N N N N 5 N N 4 N N 16 16 -> action:  E
	s': None -> reward:  0.0

finished epoch 32000
average loss: 0.034073119910633526

epoch: 32999 row: 73 exploration: 0.10000
	 ['V19', 'V4', 'V15', 'V12', 'V13', 'V5', 'V8', 'V10', 'V1', 'V17', 'V11', 'E'] 

	sample size: 4

	s : N N N N 3 1 N N 0 N N N 0 11 N 3 N N N 11 -> action:  V10
	s': N N N N 3 1 N N 0 N 3 N 0 11 N 3 N N N 11 -> reward:  0.0

	s : N N N N 3 N N N N N N N N N N N N N N 11 -> action:  V15
	s': N N N N 3 N N N N N N N N N N 3 N N N 11 -> reward:  0.0

	s : N N N N 3 N N N N N N N N N N N N N N 11 -> action:  V15
	s': N N N N 3 N N N N N N N N N N 3 N N N 11 -> reward:  0.0

	s : N 3 N N 3 1 N N 0 N 3 11 0 11 N 3 N 5 N 11 -> action:  E
	s': None -> reward:  1.0

finished epoch 33000
average loss: 0.029327829519332226

epoch: 33999 row: 63 exploration: 0.10000
	 ['V19', 'V4', 'V7', 'V15', 'V12', 'E'] 

	sample size: 3

	s : N N N N 3 N N N N N N N N N N N N N N 3 -> action:  V7
	s': N N N N 3 N N 0 N N N N N N N N N N N 3 -> reward:  0.0

	s : N N N N N N N N N N N N N N N N N N N 3 -> action:  V4
	s': N N N N 3 N N N N N N N N N N N N N N 3 -> reward:  0.0

	s : N N N N 3 N N 0 N N N N 5 N N 11 N N N 3 -> action:  E
	s': None -> reward:  0.0

finished epoch 34000
average loss: 0.03437712951351023

epoch: 34999 row: 53 exploration: 0.10000
	 ['V19', 'V4', 'V12', 'V17', 'V13', 'V14', 'E'] 

	sample size: 3

	s : N N N N N N N N N N N N N N N N N N N 16 -> action:  V4
	s': N N N N 16 N N N N N N N N N N N N N N 16 -> reward:  0.0

	s : N N N N 16 N N N N N N N 11 N N N N N N 16 -> action:  V17
	s': N N N N 16 N N N N N N N 11 N N N N 8 N 16 -> reward:  0.0

	s : N N N N 16 N N N N N N N 11 16 8 N N 8 N 16 -> action:  E
	s': None -> reward:  1.0

finished epoch 35000
average loss: 0.033252726822226575

epoch: 35999 row: 43 exploration: 0.10000
	 ['V19', 'V4', 'V15', 'V13', 'V12', 'E'] 

	sample size: 3

	s : N N N N N N N N N N N N N N N N N N N 11 -> action:  V4
	s': N N N N 3 N N N N N N N N N N N N N N 11 -> reward:  0.0

	s : N N N N 3 N N N N N N N N 3 N 3 N N N 11 -> action:  V12
	s': N N N N 3 N N N N N N N 3 3 N 3 N N N 11 -> reward:  0.0

	s : N N N N 3 N N N N N N N 3 3 N 3 N N N 11 -> action:  E
	s': None -> reward:  1.0

finished epoch 36000
average loss: 0.030908342356236972

epoch: 36999 row: 33 exploration: 0.10000
	 ['V12', 'V19', 'V4', 'V11', 'V15', 'V13', 'V7', 'V14', 'V16', 'V10', 'V6', 'V8', 'V17', 'V1', 'V18', 'V9', 'V5', 'V3', 'E'] 

	sample size: 5

	s : N 0 N N 0 N 3 9 0 N 3 0 0 0 0 0 0 0 3 0 -> action:  V9
	s': N 0 N N 0 N 3 9 0 0 3 0 0 0 0 0 0 0 3 0 -> reward:  0.0

	s : N N N N 0 N N N N N N 0 0 0 N 0 N N N 0 -> action:  V7
	s': N N N N 0 N N 9 N N N 0 0 0 N 0 N N N 0 -> reward:  0.0

	s : N N N N 0 N N 9 N N N 0 0 0 N 0 N N N 0 -> action:  V14
	s': N N N N 0 N N 9 N N N 0 0 0 0 0 N N N 0 -> reward:  0.0

	s : N N N N 0 N N N N N N N 0 N N N N N N 0 -> action:  V11
	s': N N N N 0 N N N N N N 0 0 N N N N N N 0 -> reward:  0.0

	s : N 0 N 0 0 0 3 9 0 0 3 0 0 0 0 0 0 0 3 0 -> action:  E
	s': None -> reward:  1.0

finished epoch 37000
average loss: 0.03837292724693089

epoch: 37999 row: 23 exploration: 0.10000
	 ['V19', 'V4', 'V12', 'V15', 'V13', 'V16', 'V18', 'V5', 'V14', 'V2', 'V7', 'V11', 'V6', 'V9', 'V1', 'V10', 'V17', 'V0', 'E'] 

	sample size: 5

	s : N N N N N N N N N N N N N N N N N N N N -> action:  V19
	s': N N N N N N N N N N N N N N N N N N N 9 -> reward:  0.0

	s : N 9 9 N 0 9 5 3 N 0 9 9 9 0 9 9 9 N 8 9 -> action:  V17
	s': N 9 9 N 0 9 5 3 N 0 9 9 9 0 9 9 9 9 8 9 -> reward:  0.0

	s : N N 9 N 0 9 N 3 N N N N 9 0 9 9 9 N 8 9 -> action:  V11
	s': N N 9 N 0 9 N 3 N N N 9 9 0 9 9 9 N 8 9 -> reward:  0.0

	s : N N 9 N 0 9 N 3 N N N N 9 0 9 9 9 N 8 9 -> action:  V11
	s': N N 9 N 0 9 N 3 N N N 9 9 0 9 9 9 N 8 9 -> reward:  0.0

	s : 9 9 9 N 0 9 5 3 N 0 9 9 9 0 9 9 9 9 8 9 -> action:  E
	s': None -> reward:  1.0

finished epoch 38000
average loss: 0.03158577103546304

epoch: 38999 row: 13 exploration: 0.10000
	 ['V19', 'V4', 'V15', 'V10', 'V5', 'E'] 

	sample size: 3

	s : N N N N 1 N N N N N 11 N N N N 1 N N N 3 -> action:  V5
	s': N N N N 1 3 N N N N 11 N N N N 1 N N N 3 -> reward:  0.0

	s : N N N N 1 N N N N N N N N N N 1 N N N 3 -> action:  V10
	s': N N N N 1 N N N N N 11 N N N N 1 N N N 3 -> reward:  0.0

	s : N N N N 1 3 N N N N 11 N N N N 1 N N N 3 -> action:  E
	s': None -> reward:  1.0

finished epoch 39000
average loss: 0.04059723166705226

epoch: 39999 row: 3 exploration: 0.10000
	 ['V19', 'V4', 'V15', 'V6', 'V12', 'V11', 'V18', 'V8', 'V14', 'V13', 'V9', 'V5', 'V16', 'E'] 

	sample size: 4

	s : N N N N N N N N N N N N N N N N N N N 11 -> action:  V4
	s': N N N N 3 N N N N N N N N N N N N N N 11 -> reward:  0.0

	s : N N N N 3 N 5 N 0 3 N 9 9 11 3 3 N N 0 11 -> action:  V5
	s': N N N N 3 3 5 N 0 3 N 9 9 11 3 3 N N 0 11 -> reward:  0.0

	s : N N N N N N N N N N N N N N N N N N N N -> action:  V19
	s': N N N N N N N N N N N N N N N N N N N 11 -> reward:  0.0

	s : N N N N 3 3 5 N 0 3 N 9 9 11 3 3 0 N 0 11 -> action:  E
	s': None -> reward:  1.0

finished epoch 40000
average loss: 0.03921717135511244

epoch: 40999 row: 94 exploration: 0.10000
	 ['V4', 'V19', 'V12', 'V15', 'V13', 'V5', 'V10', 'V7', 'E'] 

	sample size: 3

	s : N N N N 0 0 N N N N 0 N 0 0 N 0 N N N 0 -> action:  V7
	s': N N N N 0 0 N 9 N N 0 N 0 0 N 0 N N N 0 -> reward:  0.0

	s : N N N N 0 N N N N N N N N N N N N N N 0 -> action:  V12
	s': N N N N 0 N N N N N N N 0 N N N N N N 0 -> reward:  0.0

	s : N N N N 0 0 N 9 N N 0 N 0 0 N 0 N N N 0 -> action:  E
	s': None -> reward:  1.0

finished epoch 41000
average loss: 0.03850727318966892

epoch: 41999 row: 84 exploration: 0.10000
	 ['V19', 'V4', 'V15', 'V3', 'V12', 'V13', 'V6', 'V18', 'V9', 'V10', 'V16', 'V5', 'V11', 'V2', 'V17', 'V1', 'E'] 

	sample size: 5

	s : N N N 3 0 N 0 N N 0 0 N 14 0 N 0 N N 0 0 -> action:  V16
	s': N N N 3 0 N 0 N N 0 0 N 14 0 N 0 0 N 0 0 -> reward:  0.0

	s : N N N 3 0 N N N N N N N 14 0 N 0 N N N 0 -> action:  V6
	s': N N N 3 0 N 0 N N N N N 14 0 N 0 N N N 0 -> reward:  0.0

	s : N N N 3 0 N N N N N N N 14 0 N 0 N N N 0 -> action:  V6
	s': N N N 3 0 N 0 N N N N N 14 0 N 0 N N N 0 -> reward:  0.0

	s : N N N N N N N N N N N N N N N N N N N N -> action:  V19
	s': N N N N N N N N N N N N N N N N N N N 0 -> reward:  0.0

	s : N 14 0 3 0 0 0 N N 0 0 5 14 0 N 0 0 0 0 0 -> action:  E
	s': None -> reward:  1.0

finished epoch 42000
average loss: 0.04343588903536966

epoch: 42999 row: 74 exploration: 0.10000
	 ['V4', 'V19', 'V12', 'V15', 'V13', 'V1', 'V0', 'V6', 'V16', 'V9', 'V18', 'V10', 'V2', 'E'] 

	sample size: 4

	s : N 0 N N 0 N N N N N N N 9 0 N 0 N N N 0 -> action:  V0
	s': 0 0 N N 0 N N N N N N N 9 0 N 0 N N N 0 -> reward:  0.0

	s : N N N N 0 N N N N N N N 9 N N N N N N 0 -> action:  V15
	s': N N N N 0 N N N N N N N 9 N N 0 N N N 0 -> reward:  0.0

	s : 0 0 N N 0 N 0 N N 0 N N 9 0 N 0 0 N N 0 -> action:  V18
	s': 0 0 N N 0 N 0 N N 0 N N 9 0 N 0 0 N 0 0 -> reward:  0.0

	s : 0 0 0 N 0 N 0 N N 0 0 N 9 0 N 0 0 N 0 0 -> action:  E
	s': None -> reward:  1.0

finished epoch 43000
average loss: 0.04188707441262705

epoch: 43999 row: 64 exploration: 0.10000
	 ['V4', 'V19', 'V12', 'V15', 'V13', 'V9', 'E'] 

	sample size: 3

	s : N N N N 3 N N N N N N N N N N N N N N N -> action:  V19
	s': N N N N 3 N N N N N N N N N N N N N N 3 -> reward:  0.0

	s : N N N N 3 N N N N N N N 0 11 N 14 N N N 3 -> action:  V9
	s': N N N N 3 N N N N 11 N N 0 11 N 14 N N N 3 -> reward:  0.0

	s : N N N N 3 N N N N 11 N N 0 11 N 14 N N N 3 -> action:  E
	s': None -> reward:  1.0

finished epoch 44000
average loss: 0.037998352500317197

epoch: 44999 row: 54 exploration: 0.10000
	 ['V19', 'V4', 'V12', 'V15', 'V13', 'V10', 'V9', 'V7', 'V14', 'V2', 'V6', 'V16', 'V8', 'V1', 'V5', 'E'] 

	sample size: 5

	s : N N N N 0 N N N N N 9 N 3 0 N 9 N N N 0 -> action:  V9
	s': N N N N 0 N N N N 0 9 N 3 0 N 9 N N N 0 -> reward:  0.0

	s : N N 3 N 0 N 5 0 0 0 9 N 3 0 9 9 10 N N 0 -> action:  V1
	s': N 3 3 N 0 N 5 0 0 0 9 N 3 0 9 9 10 N N 0 -> reward:  0.0

	s : N N N N N N N N N N N N N N N N N N N 0 -> action:  V4
	s': N N N N 0 N N N N N N N N N N N N N N 0 -> reward:  0.0

	s : N N N N 0 N N 0 N 0 9 N 3 0 N 9 N N N 0 -> action:  V14
	s': N N N N 0 N N 0 N 0 9 N 3 0 9 9 N N N 0 -> reward:  0.0

	s : N 3 3 N 0 0 5 0 0 0 9 N 3 0 9 9 10 N N 0 -> action:  E
	s': None -> reward:  1.0

finished epoch 45000
average loss: 0.04057461602100375

epoch: 45999 row: 44 exploration: 0.10000
	 ['V2', 'V19', 'V4', 'V12', 'V16', 'E'] 

	sample size: 3

	s : N N 0 N N N N N N N N N N N N N N N N N -> action:  V19
	s': N N 0 N N N N N N N N N N N N N N N N 9 -> reward:  0.0

	s : N N N N N N N N N N N N N N N N N N N N -> action:  V2
	s': N N 0 N N N N N N N N N N N N N N N N N -> reward:  0.0

	s : N N 0 N 9 N N N N N N N 3 N N N 9 N N 9 -> action:  E
	s': None -> reward:  1.0

finished epoch 46000
average loss: 0.03597593084082473

epoch: 46999 row: 34 exploration: 0.10000
	 ['V19', 'V4', 'V12', 'V15', 'V13', 'V5', 'E'] 

	sample size: 3

	s : N N N N 0 N N N N N N N 0 N N 0 N N N 0 -> action:  V13
	s': N N N N 0 N N N N N N N 0 0 N 0 N N N 0 -> reward:  0.0

	s : N N N N N N N N N N N N N N N N N N N N -> action:  V19
	s': N N N N N N N N N N N N N N N N N N N 0 -> reward:  0.0

	s : N N N N 0 0 N N N N N N 0 0 N 0 N N N 0 -> action:  E
	s': None -> reward:  1.0

finished epoch 47000
average loss: 0.03209325676681351

epoch: 47999 row: 24 exploration: 0.10000
	 ['V12', 'V19', 'V4', 'V15', 'V13', 'V2', 'V5', 'V18', 'E'] 

	sample size: 3

	s : N N N N N N N N N N N N N N N N N N N N -> action:  V12
	s': N N N N N N N N N N N N 11 N N N N N N N -> reward:  0.0

	s : N N 5 N 5 11 N N N N N N 11 5 N 5 N N N 3 -> action:  V18
	s': N N 5 N 5 11 N N N N N N 11 5 N 5 N N 5 3 -> reward:  0.0

	s : N N 5 N 5 11 N N N N N N 11 5 N 5 N N 5 3 -> action:  E
	s': None -> reward:  1.0

finished epoch 48000
average loss: 0.0352638110227249

epoch: 48999 row: 14 exploration: 0.10000
	 ['V19', 'V12', 'V4', 'V15', 'V10', 'V13', 'E'] 

	sample size: 3

	s : N N N N 0 N N N N N N N 0 N N 0 N N N 0 -> action:  V10
	s': N N N N 0 N N N N N 0 N 0 N N 0 N N N 0 -> reward:  0.0

	s : N N N N N N N N N N N N 0 N N N N N N 0 -> action:  V4
	s': N N N N 0 N N N N N N N 0 N N N N N N 0 -> reward:  0.0

	s : N N N N 0 N N N N N 0 N 0 0 N 0 N N N 0 -> action:  E
	s': None -> reward:  1.0

finished epoch 49000
average loss: 0.037224852021181504

epoch: 49999 row: 4 exploration: 0.10000
	 ['V19', 'V4', 'V15', 'V12', 'V5', 'V3', 'V10', 'V11', 'V13', 'V9', 'V17', 'V7', 'V1', 'V18', 'V2', 'E'] 

	sample size: 5

	s : N N N 5 14 3 N N N N 5 9 5 3 N 5 N N N 3 -> action:  V9
	s': N N N 5 14 3 N N N 3 5 9 5 3 N 5 N N N 3 -> reward:  0.0

	s : N N N N 14 N N N N N N N N N N N N N N 3 -> action:  V15
	s': N N N N 14 N N N N N N N N N N 5 N N N 3 -> reward:  0.0

	s : N N N N N N N N N N N N N N N N N N N 3 -> action:  V4
	s': N N N N 14 N N N N N N N N N N N N N N 3 -> reward:  0.0

	s : N 14 N 5 14 3 N 5 N 3 5 9 5 3 N 5 N 3 3 3 -> action:  V2
	s': N 14 3 5 14 3 N 5 N 3 5 9 5 3 N 5 N 3 3 3 -> reward:  0.0

	s : N 14 3 5 14 3 N 5 N 3 5 9 5 3 N 5 N 3 3 3 -> action:  E
	s': None -> reward:  1.0

finished epoch 50000
average loss: 0.034228139685209956

test case 0
	state: N N N N N N N N N N N N N N N N N N N N
action: V19
	[0.5110212  0.6190866  0.5537993  0.6287205  0.6575015  0.6453238
 0.5898382  0.60375977 0.59971464 0.61566854 0.63366055 0.6258636
 0.63114756 0.6163387  0.58892405 0.65302616 0.53827846 0.62973017
 0.58052397 0.70946336 0.56161815]
	state: N N N N N N N N N N N N N N N N N N N 0
action: V12
	[0.67380726 0.7810993  0.72235376 0.7858688  0.8231017  0.80400175
 0.7522761  0.7591001  0.7669039  0.773257   0.79572946 0.79067034
 0.8238197  0.8129519  0.7539332  0.816944   0.7063618  0.7841568
 0.7591635  0.8793164  0.7745437 ]
	state: N N N N N N N N N N N N 11 N N N N N N 0
action: V4
	[0.7587756  0.85362434 0.8135131  0.8671512  0.9186965  0.8836246
 0.8326928  0.840811   0.8398814  0.85599935 0.8698211  0.869666
 0.9244087  0.8969974  0.831826   0.9066338  0.78913736 0.8582323
 0.8422657  0.96455836 0.8415204 ]
	state: N N N N 13 N N N N N N N 11 N N N N N N 0
action: V13
	[0.6887416  0.7929085  0.7323305  0.7875455  0.83797973 0.80991876
 0.7603859  0.76808476 0.7846764  0.7815305  0.79831535 0.797274
 0.8463496  0.8476679  0.77201486 0.82516116 0.7356609  0.78498
 0.7851188  0.8881855  0.83262944]
	state: N N N N 13 N N N N N N N 11 13 N N N N N 0
action: E
	[0.7386803  0.8468032  0.78028387 0.82733285 0.90425    0.85515773
 0.807758   0.81893486 0.83736825 0.8252545  0.8438731  0.84354085
 0.91455775 0.9243102  0.82582486 0.8759896  0.7956409  0.82268614
 0.84605736 0.9413486  0.93058413]
	 ['V19', 'V12', 'V4', 'V13', 'E'] 
	# trees: 4 , real: 13 , pred: 13

test case 1
	state: N N N N N N N N N N N N N N N N N N N N
action: V19
	[0.5110212  0.6190866  0.5537993  0.6287205  0.6575015  0.6453238
 0.5898382  0.60375977 0.59971464 0.61566854 0.63366055 0.6258636
 0.63114756 0.6163387  0.58892405 0.65302616 0.53827846 0.62973017
 0.58052397 0.70946336 0.56161815]
	state: N N N N N N N N N N N N N N N N N N N 11
action: V4
	[0.50928944 0.61782026 0.5523     0.62105757 0.6754169  0.64348954
 0.5923622  0.60443544 0.5967117  0.6095008  0.630647   0.62543243
 0.6304055  0.6192675  0.58763343 0.6552859  0.53956616 0.62202024
 0.5779446  0.70897883 0.5782831 ]
	state: N N N N 3 N N N N N N N N N N N N N N 11
action: V15
	[0.7747113  0.8755052  0.82943755 0.89158446 0.95869625 0.91186863
 0.86217886 0.8703364  0.85303116 0.8745724  0.8969615  0.8945543
 0.9364638  0.897182   0.8506588  0.94662935 0.78581643 0.88036096
 0.852615   0.9895046  0.8324422 ]
	state: N N N N 3 N N N N N N N N N N 5 N N N 11
action: V5
	[0.68891734 0.79585963 0.7321878  0.80917424 0.8676005  0.83578795
 0.7793669  0.78798974 0.772331   0.79000866 0.8199561  0.81274384
 0.8269433  0.79962015 0.76743424 0.8588584  0.6943966  0.8021711
 0.76112354 0.9041055  0.7502735 ]
	state: N N N N 3 3 N N N N N N N N N 5 N N N 11
action: V12
	[0.78635234 0.88616514 0.83325905 0.8921984  0.97317666 0.917934
 0.87017244 0.87925154 0.86736196 0.8790393  0.9005     0.8996894
 0.9504736  0.92194724 0.8636581  0.9541784  0.804013   0.8785781
 0.8700199  0.9987718  0.8831385 ]
	state: N N N N 3 3 N N N N N N 0 N N 5 N N N 11
action: V13
	[0.8628462  0.9611729  0.91335094 0.96873885 1.0669334  0.9961794
 0.9479533  0.9575238  0.9426664  0.9555795  0.977555   0.9776544
 1.046999   1.0106769  0.9376811  1.0393813  0.88208365 0.952099
 0.9526501  1.0810512  0.9662314 ]
	state: N N N N 3 3 N N N N N N 0 3 N 5 N N N 11
action: E
	[0.9099835  1.0044547  0.95864075 1.0057448  1.1148825  1.035979
 0.98946005 0.99762833 0.9843303  0.9946686  1.0175779  1.0190891
 1.1035843  1.0659647  0.98114216 1.0837376  0.93039346 0.98680514
 1.0014185  1.1249315  1.0219383 ]
	 ['V19', 'V4', 'V15', 'V5', 'V12', 'V13', 'E'] 
	# trees: 6 , real: 3 , pred: 3

test case 2
	state: N N N N N N N N N N N N N N N N N N N N
action: V19
	[0.5110212  0.6190866  0.5537993  0.6287205  0.6575015  0.6453238
 0.5898382  0.60375977 0.59971464 0.61566854 0.63366055 0.6258636
 0.63114756 0.6163387  0.58892405 0.65302616 0.53827846 0.62973017
 0.58052397 0.70946336 0.56161815]
	state: N N N N N N N N N N N N N N N N N N N 3
action: V4
	[0.5058494  0.61250305 0.5460771  0.6183285  0.6506842  0.6364015
 0.58338046 0.5960013  0.59473276 0.6072126  0.62212235 0.6186792
 0.6276268  0.61258495 0.5828897  0.6455924  0.5361016  0.61879295
 0.574436   0.7003378  0.5645262 ]
	state: N N N N 11 N N N N N N N N N N N N N N 3
action: V15
	[0.6899346  0.79772925 0.7363023  0.8040815  0.85417247 0.824303
 0.7744955  0.78155637 0.78049886 0.78816164 0.81291264 0.80683434
 0.84021366 0.82328415 0.77024984 0.84600586 0.71496195 0.798208
 0.7717961  0.8994181  0.7858116 ]
	state: N N N N 11 N N N N N N N N N N 2 N N N 3
action: V12
	[0.86734873 0.9562655  0.9255433  0.9796185  1.0640279  1.0008041
 0.95125836 0.9609835  0.9302123  0.9633382  0.98110884 0.97941345
 1.0462661  0.9887914  0.9342153  1.0419105  0.87168336 0.9612946
 0.941036   1.0861075  0.9004306 ]
	state: N N N N 11 N N N N N N N 8 N N 2 N N N 3
action: V5
	[0.89203674 0.97766817 0.950504   0.9991817  1.0921438  1.0222963
 0.97208965 0.98261553 0.9515762  0.9844477  0.9998887  1.0001554
 1.0761659  1.0154186  0.95849407 1.0683154  0.89751345 0.97801656
 0.9660772  1.1105152  0.92736155]
	state: N N N N 11 11 N N N N N N 8 N N 2 N N N 3
action: V13
	[0.8312179  0.918347   0.8847789  0.9352856  1.0166595  0.95775306
 0.90789634 0.9185784  0.8987273  0.9217724  0.9368179  0.93706405
 1.0064284  0.9591354  0.9014019  0.9942326  0.84909284 0.9164747
 0.9071202  1.0463469  0.8930437 ]
	state: N N N N 11 11 N N N N N N 8 11 N 2 N N N 3
action: V10
	[0.7691667  0.8641403  0.81962734 0.87282294 0.9462351  0.8931467
 0.8464697  0.8563702  0.8469441  0.8610668  0.87593865 0.87475884
 0.9348931  0.9070634  0.8478173  0.9270956  0.7991997  0.85719746
 0.85173637 0.97896796 0.86450046]
	state: N N N N 11 11 N N N N 2 N 8 11 N 2 N N N 3
action: E
	[0.6880685  0.79265004 0.72920585 0.78510445 0.85091597 0.80855423
 0.76393914 0.7729575  0.7828487  0.77604985 0.7968984  0.7933489
 0.8439774  0.84277046 0.7761203  0.8338012  0.7338893  0.7751531
 0.7809822  0.89385855 0.84141034]
	 ['V19', 'V4', 'V15', 'V12', 'V5', 'V13', 'V10', 'E'] 
	# trees: 7 , real: 3 , pred: 11

test case 3
	state: N N N N N N N N N N N N N N N N N N N N
action: V19
	[0.5110212  0.6190866  0.5537993  0.6287205  0.6575015  0.6453238
 0.5898382  0.60375977 0.59971464 0.61566854 0.63366055 0.6258636
 0.63114756 0.6163387  0.58892405 0.65302616 0.53827846 0.62973017
 0.58052397 0.70946336 0.56161815]
	state: N N N N N N N N N N N N N N N N N N N 12
action: V4
	[0.46229842 0.56907177 0.5043817  0.5753619  0.61478335 0.5950588
 0.5434961  0.5537193  0.553408   0.56420195 0.57928616 0.5763549
 0.58108187 0.5689265  0.5412446  0.59867793 0.49715605 0.5774534
 0.53284675 0.6570555  0.52626914]
	state: N N N N 4 N N N N N N N N N N N N N N 12
action: E
	[-0.06982931 -0.03870891 -0.03206639 -0.04067581  0.03009544 -0.06887923
 -0.06042967 -0.06920423 -0.05674028 -0.0727208  -0.0739674  -0.03415897
 -0.06438176 -0.09955637 -0.0494144  -0.09103058 -0.04354019 -0.08007979
 -0.03519551 -0.10620072 -0.01800667]
	 ['V19', 'V4', 'E'] 
	# trees: 2 , real: 12 , pred: 4

test case 4
	state: N N N N N N N N N N N N N N N N N N N N
action: V19
	[0.5110212  0.6190866  0.5537993  0.6287205  0.6575015  0.6453238
 0.5898382  0.60375977 0.59971464 0.61566854 0.63366055 0.6258636
 0.63114756 0.6163387  0.58892405 0.65302616 0.53827846 0.62973017
 0.58052397 0.70946336 0.56161815]
	state: N N N N N N N N N N N N N N N N N N N 11
action: V4
	[0.50928944 0.61782026 0.5523     0.62105757 0.6754169  0.64348954
 0.5923622  0.60443544 0.5967117  0.6095008  0.630647   0.62543243
 0.6304055  0.6192675  0.58763343 0.6552859  0.53956616 0.62202024
 0.5779446  0.70897883 0.5782831 ]
	state: N N N N 3 N N N N N N N N N N N N N N 11
action: V15
	[0.7747113  0.8755052  0.82943755 0.89158446 0.95869625 0.91186863
 0.86217886 0.8703364  0.85303116 0.8745724  0.8969615  0.8945543
 0.9364638  0.897182   0.8506588  0.94662935 0.78581643 0.88036096
 0.852615   0.9895046  0.8324422 ]
	state: N N N N 3 N N N N N N N N N N 3 N N N 11
action: V12
	[0.7899874  0.8937452  0.8395559  0.89598256 0.97772104 0.91944015
 0.873771   0.8824866  0.8799383  0.88337386 0.90600467 0.90325177
 0.9654188  0.9470093  0.87179744 0.9556058  0.82222104 0.8835072
 0.88586307 1.0027431  0.92449236]
	state: N N N N 3 N N N N N N N 0 N N 3 N N N 11
action: V13
	[0.8157838  0.9223523  0.8636722  0.9190902  1.0105385  0.9456331
 0.900043   0.9081627  0.90903157 0.9075616  0.93422204 0.9308421
 1.000148   0.98528546 0.8971944  0.98165756 0.852922   0.90731746
 0.9162015  1.0308278  0.96980166]
	state: N N N N 3 N N N N N N N 0 11 N 3 N N N 11
action: E
	[0.76513696 0.87586576 0.80809313 0.86515814 0.95634717 0.89523655
 0.8494481  0.8574278  0.8661813  0.85744137 0.8839025  0.8822424
 0.93881667 0.94040823 0.8512454  0.92528206 0.8096924  0.8589607
 0.8668175  0.9774473  0.9455396 ]
	 ['V19', 'V4', 'V15', 'V12', 'V13', 'E'] 
	# trees: 5 , real: 3 , pred: 3

test case 5
	state: N N N N N N N N N N N N N N N N N N N N
action: V19
	[0.5110212  0.6190866  0.5537993  0.6287205  0.6575015  0.6453238
 0.5898382  0.60375977 0.59971464 0.61566854 0.63366055 0.6258636
 0.63114756 0.6163387  0.58892405 0.65302616 0.53827846 0.62973017
 0.58052397 0.70946336 0.56161815]
	state: N N N N N N N N N N N N N N N N N N N 8
action: V4
	[0.7838247  0.87918997 0.8395739  0.8934975  0.95991284 0.91207594
 0.8608928  0.87123907 0.8592421  0.88057464 0.89672    0.89422685
 0.9511568  0.9159691  0.8543296  0.940822   0.8064052  0.8813476
 0.8620918  0.9953159  0.8511235 ]
	state: N N N N 8 N N N N N N N N N N N N N N 8
action: V12
	[0.8203564  0.9107021  0.8773902  0.9224685  0.9952404  0.9407963
 0.88958913 0.90065134 0.8913598  0.9133265  0.9237049  0.92499
 0.9953416  0.9616542  0.88948274 0.973763   0.8492517  0.90725225
 0.90202975 1.0285572  0.8978551 ]
	state: N N N N 8 N N N N N N N 8 N N N N N N 8
action: V15
	[0.8422552  0.9312098  0.8990279  0.9376469  1.0197699  0.9585771
 0.90695184 0.9186329  0.9135496  0.9311263  0.93933326 0.94343394
 1.0247877  0.9944075  0.9142518  0.99623436 0.87722886 0.92042
 0.92968285 1.0495334  0.93767124]
	state: N N N N 8 N N N N N N N 8 N N 8 N N N 8
action: V13
	[0.8251229  0.9157     0.8779164  0.91201    0.995768   0.9340163
 0.8842333  0.89656425 0.9040719  0.9099951  0.9168538  0.92313343
 1.0115876  0.9932023  0.90133226 0.96897274 0.87405366 0.8951055
 0.9218805  1.0301011  0.96043986]
	state: N N N N 8 N N N N N N N 8 5 N 8 N N N 8
action: E
	[0.8392944  0.92570937 0.89259714 0.924789   1.0090731  0.9473023
 0.8957837  0.9083874  0.91448545 0.92281735 0.92759687 0.93514633
 1.0266842  1.003228   0.91267514 0.98354095 0.88615316 0.90642226
 0.9333135  1.0431352  0.9643464 ]
	 ['V19', 'V4', 'V12', 'V15', 'V13', 'E'] 
	# trees: 5 , real: 8 , pred: 8

test case 6
	state: N N N N N N N N N N N N N N N N N N N N
action: V19
	[0.5110212  0.6190866  0.5537993  0.6287205  0.6575015  0.6453238
 0.5898382  0.60375977 0.59971464 0.61566854 0.63366055 0.6258636
 0.63114756 0.6163387  0.58892405 0.65302616 0.53827846 0.62973017
 0.58052397 0.70946336 0.56161815]
	state: N N N N N N N N N N N N N N N N N N N 16
action: V4
	[0.40178117 0.5068722  0.45067918 0.5191308  0.56535673 0.5319711
 0.48554188 0.49262086 0.48811147 0.506406   0.5234328  0.52184564
 0.51010084 0.49122846 0.4756866  0.53599626 0.43307304 0.5216145
 0.4625272  0.5922798  0.44005996]
	state: N N N N 16 N N N N N N N N N N N N N N 16
action: V12
	[0.78632474 0.8876047  0.84559685 0.9032865  0.9652952  0.9165947
 0.8677146  0.8762951  0.8624412  0.8871126  0.90627414 0.90267044
 0.95426583 0.9209219  0.86024344 0.9477221  0.8065767  0.89027506
 0.868052   0.99967253 0.8526237 ]
	state: N N N N 16 N N N N N N N 16 N N N N N N 16
action: V15
	[0.7909842  0.89598554 0.8500698  0.9115811  0.97863334 0.92719847
 0.8773667  0.885996   0.8712225  0.8931678  0.9166532  0.9120299
 0.96154946 0.9307849  0.8690032  0.96128964 0.8088075  0.8992546
 0.87829244 1.0088876  0.86734813]
	state: N N N N 16 N N N N N N N 16 N N 16 N N N 16
action: V13
	[0.8480113  0.9473231  0.9091339  0.95896786 1.0382379  0.97477436
 0.92402965 0.93428624 0.9260782  0.9449692  0.9618485  0.96055573
 1.035712   1.0080104  0.92541146 1.0142242  0.88040143 0.9414155
 0.9447168  1.0633327  0.9522709 ]
	state: N N N N 16 N N N N N N N 16 16 N 16 N N N 16
action: E
	[0.8595948  0.9601439  0.9169962  0.96112114 1.0487463  0.9803506
 0.92906    0.93925154 0.94466    0.95058954 0.9667241  0.96751016
 1.0542421  1.0401766  0.9402336  1.0224539  0.9070829  0.94218963
 0.9665213  1.070549   1.0093734 ]
	 ['V19', 'V4', 'V12', 'V15', 'V13', 'E'] 
	# trees: 5 , real: 16 , pred: 16

test case 7
	state: N N N N N N N N N N N N N N N N N N N N
action: V19
	[0.5110212  0.6190866  0.5537993  0.6287205  0.6575015  0.6453238
 0.5898382  0.60375977 0.59971464 0.61566854 0.63366055 0.6258636
 0.63114756 0.6163387  0.58892405 0.65302616 0.53827846 0.62973017
 0.58052397 0.70946336 0.56161815]
	state: N N N N N N N N N N N N N N N N N N N 0
action: V12
	[0.67380726 0.7810993  0.72235376 0.7858688  0.8231017  0.80400175
 0.7522761  0.7591001  0.7669039  0.773257   0.79572946 0.79067034
 0.8238197  0.8129519  0.7539332  0.816944   0.7063618  0.7841568
 0.7591635  0.8793164  0.7745437 ]
	state: N N N N N N N N N N N N 0 N N N N N N 0
action: V4
	[0.76881814 0.8685659  0.82007533 0.87542266 0.93823296 0.89522415
 0.8441311  0.8543564  0.8557539  0.8650017  0.88336617 0.8816962
 0.9408366  0.9208046  0.84441805 0.9166435  0.8045161  0.86686355
 0.8586767  0.981024   0.88284916]
	state: N N N N 0 N N N N N N N 0 N N N N N N 0
action: V15
	[0.8168366  0.91009873 0.8703294  0.920654   0.99220616 0.9406959
 0.8870162  0.89956194 0.894832   0.9095905  0.927339   0.92504424
 0.99818987 0.96402633 0.88586485 0.9644703  0.84813213 0.90689456
 0.9019785  1.0334523  0.9116068 ]
	state: N N N N 0 N N N N N N N 0 N N 0 N N N 0
action: V13
	[0.8384697  0.9279616  0.89234334 0.94125485 1.0179393  0.962152
 0.90947515 0.92169195 0.91085863 0.92981946 0.94821537 0.9466675
 1.0209076  0.9762593  0.90342474 0.98900586 0.86138934 0.9261009
 0.9170277  1.0575411  0.9137066 ]
	state: N N N N 0 N N N N N N N 0 0 N 0 N N N 0
action: V5
	[0.8784198  0.96885055 0.9319902  0.9778006  1.0660324  1.00372
 0.94834894 0.9616805  0.952267   0.96594733 0.9880344  0.98572445
 1.0720322  1.0280509  0.94319034 1.0345029  0.9013263  0.9613368
 0.9638579  1.1010549  0.9705598 ]
	state: N N N N 0 0 N N N N N N 0 0 N 0 N N N 0
action: V10
	[0.8966227  0.9831789  0.94862324 0.9915373  1.0827785  1.0194595
 0.961451   0.975999   0.96853673 0.9807742  1.0023532  1.0012807
 1.0945177  1.0465764  0.95706105 1.0488017  0.9213788  0.9740383
 0.9805975  1.1210197  0.9892264 ]
	state: N N N N 0 0 N N N N 0 N 0 0 N 0 N N N 0
action: V11
	[0.8890111  0.9762237  0.94086796 0.98188835 1.0727804  1.009115
 0.9526213  0.9666703  0.9621521  0.971978   0.99418753 0.99180686
 1.0868928  1.0426098  0.9504411  1.0371257  0.91753906 0.96413416
 0.9744618  1.1125468  0.99009156]
	state: N N N N 0 0 N N N N 0 0 0 0 N 0 N N N 0
action: E
	[0.8983672  0.98478544 0.94797665 0.9868811  1.0812722  1.0166804
 0.95841444 0.9730177  0.9724102  0.97876996 1.0007782  0.99879265
 1.0992551  1.0576106  0.9601296  1.0445678  0.93005687 0.9692946
 0.9870927  1.1216897  1.0118475 ]
	 ['V19', 'V12', 'V4', 'V15', 'V13', 'V5', 'V10', 'V11', 'E'] 
	# trees: 8 , real: 0 , pred: 0

test case 8
	state: N N N N N N N N N N N N N N N N N N N N
action: V19
	[0.5110212  0.6190866  0.5537993  0.6287205  0.6575015  0.6453238
 0.5898382  0.60375977 0.59971464 0.61566854 0.63366055 0.6258636
 0.63114756 0.6163387  0.58892405 0.65302616 0.53827846 0.62973017
 0.58052397 0.70946336 0.56161815]
	state: N N N N N N N N N N N N N N N N N N N 0
action: V12
	[0.67380726 0.7810993  0.72235376 0.7858688  0.8231017  0.80400175
 0.7522761  0.7591001  0.7669039  0.773257   0.79572946 0.79067034
 0.8238197  0.8129519  0.7539332  0.816944   0.7063618  0.7841568
 0.7591635  0.8793164  0.7745437 ]
	state: N N N N N N N N N N N N 0 N N N N N N 0
action: V4
	[0.76881814 0.8685659  0.82007533 0.87542266 0.93823296 0.89522415
 0.8441311  0.8543564  0.8557539  0.8650017  0.88336617 0.8816962
 0.9408366  0.9208046  0.84441805 0.9166435  0.8045161  0.86686355
 0.8586767  0.981024   0.88284916]
	state: N N N N 0 N N N N N N N 0 N N N N N N 0
action: V15
	[0.8168366  0.91009873 0.8703294  0.920654   0.99220616 0.9406959
 0.8870162  0.89956194 0.894832   0.9095905  0.927339   0.92504424
 0.99818987 0.96402633 0.88586485 0.9644703  0.84813213 0.90689456
 0.9019785  1.0334523  0.9116068 ]
	state: N N N N 0 N N N N N N N 0 N N 0 N N N 0
action: V13
	[0.8384697  0.9279616  0.89234334 0.94125485 1.0179393  0.962152
 0.90947515 0.92169195 0.91085863 0.92981946 0.94821537 0.9466675
 1.0209076  0.9762593  0.90342474 0.98900586 0.86138934 0.9261009
 0.9170277  1.0575411  0.9137066 ]
	state: N N N N 0 N N N N N N N 0 0 N 0 N N N 0
action: V5
	[0.8784198  0.96885055 0.9319902  0.9778006  1.0660324  1.00372
 0.94834894 0.9616805  0.952267   0.96594733 0.9880344  0.98572445
 1.0720322  1.0280509  0.94319034 1.0345029  0.9013263  0.9613368
 0.9638579  1.1010549  0.9705598 ]
	state: N N N N 0 0 N N N N N N 0 0 N 0 N N N 0
action: V10
	[0.8966227  0.9831789  0.94862324 0.9915373  1.0827785  1.0194595
 0.961451   0.975999   0.96853673 0.9807742  1.0023532  1.0012807
 1.0945177  1.0465764  0.95706105 1.0488017  0.9213788  0.9740383
 0.9805975  1.1210197  0.9892264 ]
	state: N N N N 0 0 N N N N 0 N 0 0 N 0 N N N 0
action: V11
	[0.8890111  0.9762237  0.94086796 0.98188835 1.0727804  1.009115
 0.9526213  0.9666703  0.9621521  0.971978   0.99418753 0.99180686
 1.0868928  1.0426098  0.9504411  1.0371257  0.91753906 0.96413416
 0.9744618  1.1125468  0.99009156]
	state: N N N N 0 0 N N N N 0 9 0 0 N 0 N N N 0
action: E
	[0.8777431  0.96399343 0.92831177 0.96620804 1.0557313  0.9928453
 0.9365686  0.95142674 0.952168   0.9584601  0.97776896 0.9769306
 1.0750345  1.0349028  0.9410292  1.0190661  0.9139902  0.9477476
 0.9644263  1.0990489  0.9899882 ]
	 ['V19', 'V12', 'V4', 'V15', 'V13', 'V5', 'V10', 'V11', 'E'] 
	# trees: 8 , real: 0 , pred: 0

test case 9
	state: N N N N N N N N N N N N N N N N N N N N
action: V19
	[0.5110212  0.6190866  0.5537993  0.6287205  0.6575015  0.6453238
 0.5898382  0.60375977 0.59971464 0.61566854 0.63366055 0.6258636
 0.63114756 0.6163387  0.58892405 0.65302616 0.53827846 0.62973017
 0.58052397 0.70946336 0.56161815]
	state: N N N N N N N N N N N N N N N N N N N 3
action: V4
	[0.5058494  0.61250305 0.5460771  0.6183285  0.6506842  0.6364015
 0.58338046 0.5960013  0.59473276 0.6072126  0.62212235 0.6186792
 0.6276268  0.61258495 0.5828897  0.6455924  0.5361016  0.61879295
 0.574436   0.7003378  0.5645262 ]
	state: N N N N 3 N N N N N N N N N N N N N N 3
action: V15
	[0.53895    0.6420576  0.5752261  0.6469391  0.6893808  0.6703745
 0.615192   0.62646484 0.630658   0.63808477 0.65097183 0.65190774
 0.66260964 0.6507728  0.61915064 0.68272513 0.5701573  0.64373964
 0.6112847  0.7356469  0.6210249 ]
	state: N N N N 3 N N N N N N N N N N 3 N N N 3
action: V12
	[0.689347   0.7940793  0.7296818  0.7905045  0.8491254  0.8145161
 0.76462215 0.77324426 0.7849097  0.78099203 0.8000037  0.7997713
 0.8435944  0.8401048  0.77384603 0.83735895 0.72811913 0.7821372
 0.78141046 0.89297044 0.8317967 ]
	state: N N N N 3 N N N N N N N 3 N N 3 N N N 3
action: V13
	[0.75184655 0.857191   0.79294103 0.84894174 0.92402285 0.8735878
 0.829469   0.83592904 0.84588313 0.8395822  0.8615363  0.85956085
 0.91784483 0.9159903  0.8354465  0.90507525 0.79152393 0.8376486
 0.84798723 0.9556929  0.914431  ]
	state: N N N N 3 N N N N N N N 3 11 N 3 N N N 3
action: E
	[0.7717462  0.87561584 0.8152259  0.8683577  0.9495115  0.89361995
 0.84983903 0.85713303 0.8637188  0.8603787  0.88040185 0.8799631
 0.94104165 0.9357065  0.8545799  0.92855304 0.81021464 0.8567602
 0.86778086 0.97704446 0.92887557]
	 ['V19', 'V4', 'V15', 'V12', 'V13', 'E'] 
	# trees: 5 , real: 3 , pred: 3

test case 10
	state: N N N N N N N N N N N N N N N N N N N N
action: V19
	[0.5110212  0.6190866  0.5537993  0.6287205  0.6575015  0.6453238
 0.5898382  0.60375977 0.59971464 0.61566854 0.63366055 0.6258636
 0.63114756 0.6163387  0.58892405 0.65302616 0.53827846 0.62973017
 0.58052397 0.70946336 0.56161815]
	state: N N N N N N N N N N N N N N N N N N N 3
action: V4
	[0.5058494  0.61250305 0.5460771  0.6183285  0.6506842  0.6364015
 0.58338046 0.5960013  0.59473276 0.6072126  0.62212235 0.6186792
 0.6276268  0.61258495 0.5828897  0.6455924  0.5361016  0.61879295
 0.574436   0.7003378  0.5645262 ]
	state: N N N N 3 N N N N N N N N N N N N N N 3
action: V15
	[0.53895    0.6420576  0.5752261  0.6469391  0.6893808  0.6703745
 0.615192   0.62646484 0.630658   0.63808477 0.65097183 0.65190774
 0.66260964 0.6507728  0.61915064 0.68272513 0.5701573  0.64373964
 0.6112847  0.7356469  0.6210249 ]
	state: N N N N 3 N N N N N N N N N N 3 N N N 3
action: V12
	[0.689347   0.7940793  0.7296818  0.7905045  0.8491254  0.8145161
 0.76462215 0.77324426 0.7849097  0.78099203 0.8000037  0.7997713
 0.8435944  0.8401048  0.77384603 0.83735895 0.72811913 0.7821372
 0.78141046 0.89297044 0.8317967 ]
	state: N N N N 3 N N N N N N N 3 N N 3 N N N 3
action: V13
	[0.75184655 0.857191   0.79294103 0.84894174 0.92402285 0.8735878
 0.829469   0.83592904 0.84588313 0.8395822  0.8615363  0.85956085
 0.91784483 0.9159903  0.8354465  0.90507525 0.79152393 0.8376486
 0.84798723 0.9556929  0.914431  ]
	state: N N N N 3 N N N N N N N 3 3 N 3 N N N 3
action: E
	[0.7115165  0.814712   0.7420549  0.7964101  0.87428266 0.82703555
 0.7826873  0.79046786 0.80700636 0.79227984 0.81157404 0.80954546
 0.8736679  0.8818755  0.7976866  0.8500131  0.76077425 0.78730834
 0.8110293  0.9090843  0.894551  ]
	 ['V19', 'V4', 'V15', 'V12', 'V13', 'E'] 
	# trees: 5 , real: 3 , pred: 3

test case 11
	state: N N N N N N N N N N N N N N N N N N N N
action: V19
	[0.5110212  0.6190866  0.5537993  0.6287205  0.6575015  0.6453238
 0.5898382  0.60375977 0.59971464 0.61566854 0.63366055 0.6258636
 0.63114756 0.6163387  0.58892405 0.65302616 0.53827846 0.62973017
 0.58052397 0.70946336 0.56161815]
	state: N N N N N N N N N N N N N N N N N N N 11
action: V4
	[0.50928944 0.61782026 0.5523     0.62105757 0.6754169  0.64348954
 0.5923622  0.60443544 0.5967117  0.6095008  0.630647   0.62543243
 0.6304055  0.6192675  0.58763343 0.6552859  0.53956616 0.62202024
 0.5779446  0.70897883 0.5782831 ]
	state: N N N N 3 N N N N N N N N N N N N N N 11
action: V15
	[0.7747113  0.8755052  0.82943755 0.89158446 0.95869625 0.91186863
 0.86217886 0.8703364  0.85303116 0.8745724  0.8969615  0.8945543
 0.9364638  0.897182   0.8506588  0.94662935 0.78581643 0.88036096
 0.852615   0.9895046  0.8324422 ]
	state: N N N N 3 N N N N N N N N N N 3 N N N 11
action: V12
	[0.7899874  0.8937452  0.8395559  0.89598256 0.97772104 0.91944015
 0.873771   0.8824866  0.8799383  0.88337386 0.90600467 0.90325177
 0.9654188  0.9470093  0.87179744 0.9556058  0.82222104 0.8835072
 0.88586307 1.0027431  0.92449236]
	state: N N N N 3 N N N N N N N 0 N N 3 N N N 11
action: V13
	[0.8157838  0.9223523  0.8636722  0.9190902  1.0105385  0.9456331
 0.900043   0.9081627  0.90903157 0.9075616  0.93422204 0.9308421
 1.000148   0.98528546 0.8971944  0.98165756 0.852922   0.90731746
 0.9162015  1.0308278  0.96980166]
	state: N N N N 3 N N N N N N N 0 11 N 3 N N N 11
action: E
	[0.76513696 0.87586576 0.80809313 0.86515814 0.95634717 0.89523655
 0.8494481  0.8574278  0.8661813  0.85744137 0.8839025  0.8822424
 0.93881667 0.94040823 0.8512454  0.92528206 0.8096924  0.8589607
 0.8668175  0.9774473  0.9455396 ]
	 ['V19', 'V4', 'V15', 'V12', 'V13', 'E'] 
	# trees: 5 , real: 3 , pred: 3

test case 12
	state: N N N N N N N N N N N N N N N N N N N N
action: V19
	[0.5110212  0.6190866  0.5537993  0.6287205  0.6575015  0.6453238
 0.5898382  0.60375977 0.59971464 0.61566854 0.63366055 0.6258636
 0.63114756 0.6163387  0.58892405 0.65302616 0.53827846 0.62973017
 0.58052397 0.70946336 0.56161815]
	state: N N N N N N N N N N N N N N N N N N N 0
action: V12
	[0.67380726 0.7810993  0.72235376 0.7858688  0.8231017  0.80400175
 0.7522761  0.7591001  0.7669039  0.773257   0.79572946 0.79067034
 0.8238197  0.8129519  0.7539332  0.816944   0.7063618  0.7841568
 0.7591635  0.8793164  0.7745437 ]
	state: N N N N N N N N N N N N 0 N N N N N N 0
action: V4
	[0.76881814 0.8685659  0.82007533 0.87542266 0.93823296 0.89522415
 0.8441311  0.8543564  0.8557539  0.8650017  0.88336617 0.8816962
 0.9408366  0.9208046  0.84441805 0.9166435  0.8045161  0.86686355
 0.8586767  0.981024   0.88284916]
	state: N N N N 0 N N N N N N N 0 N N N N N N 0
action: V15
	[0.8168366  0.91009873 0.8703294  0.920654   0.99220616 0.9406959
 0.8870162  0.89956194 0.894832   0.9095905  0.927339   0.92504424
 0.99818987 0.96402633 0.88586485 0.9644703  0.84813213 0.90689456
 0.9019785  1.0334523  0.9116068 ]
	state: N N N N 0 N N N N N N N 0 N N 0 N N N 0
action: V13
	[0.8384697  0.9279616  0.89234334 0.94125485 1.0179393  0.962152
 0.90947515 0.92169195 0.91085863 0.92981946 0.94821537 0.9466675
 1.0209076  0.9762593  0.90342474 0.98900586 0.86138934 0.9261009
 0.9170277  1.0575411  0.9137066 ]
	state: N N N N 0 N N N N N N N 0 0 N 0 N N N 0
action: V5
	[0.8784198  0.96885055 0.9319902  0.9778006  1.0660324  1.00372
 0.94834894 0.9616805  0.952267   0.96594733 0.9880344  0.98572445
 1.0720322  1.0280509  0.94319034 1.0345029  0.9013263  0.9613368
 0.9638579  1.1010549  0.9705598 ]
	state: N N N N 0 0 N N N N N N 0 0 N 0 N N N 0
action: V10
	[0.8966227  0.9831789  0.94862324 0.9915373  1.0827785  1.0194595
 0.961451   0.975999   0.96853673 0.9807742  1.0023532  1.0012807
 1.0945177  1.0465764  0.95706105 1.0488017  0.9213788  0.9740383
 0.9805975  1.1210197  0.9892264 ]
	state: N N N N 0 0 N N N N 0 N 0 0 N 0 N N N 0
action: V11
	[0.8890111  0.9762237  0.94086796 0.98188835 1.0727804  1.009115
 0.9526213  0.9666703  0.9621521  0.971978   0.99418753 0.99180686
 1.0868928  1.0426098  0.9504411  1.0371257  0.91753906 0.96413416
 0.9744618  1.1125468  0.99009156]
	state: N N N N 0 0 N N N N 0 0 0 0 N 0 N N N 0
action: E
	[0.8983672  0.98478544 0.94797665 0.9868811  1.0812722  1.0166804
 0.95841444 0.9730177  0.9724102  0.97876996 1.0007782  0.99879265
 1.0992551  1.0576106  0.9601296  1.0445678  0.93005687 0.9692946
 0.9870927  1.1216897  1.0118475 ]
	 ['V19', 'V12', 'V4', 'V15', 'V13', 'V5', 'V10', 'V11', 'E'] 
	# trees: 8 , real: 0 , pred: 0

test case 13
	state: N N N N N N N N N N N N N N N N N N N N
action: V19
	[0.5110212  0.6190866  0.5537993  0.6287205  0.6575015  0.6453238
 0.5898382  0.60375977 0.59971464 0.61566854 0.63366055 0.6258636
 0.63114756 0.6163387  0.58892405 0.65302616 0.53827846 0.62973017
 0.58052397 0.70946336 0.56161815]
	state: N N N N N N N N N N N N N N N N N N N 0
action: V12
	[0.67380726 0.7810993  0.72235376 0.7858688  0.8231017  0.80400175
 0.7522761  0.7591001  0.7669039  0.773257   0.79572946 0.79067034
 0.8238197  0.8129519  0.7539332  0.816944   0.7063618  0.7841568
 0.7591635  0.8793164  0.7745437 ]
	state: N N N N N N N N N N N N 0 N N N N N N 0
action: V4
	[0.76881814 0.8685659  0.82007533 0.87542266 0.93823296 0.89522415
 0.8441311  0.8543564  0.8557539  0.8650017  0.88336617 0.8816962
 0.9408366  0.9208046  0.84441805 0.9166435  0.8045161  0.86686355
 0.8586767  0.981024   0.88284916]
	state: N N N N 0 N N N N N N N 0 N N N N N N 0
action: V15
	[0.8168366  0.91009873 0.8703294  0.920654   0.99220616 0.9406959
 0.8870162  0.89956194 0.894832   0.9095905  0.927339   0.92504424
 0.99818987 0.96402633 0.88586485 0.9644703  0.84813213 0.90689456
 0.9019785  1.0334523  0.9116068 ]
	state: N N N N 0 N N N N N N N 0 N N 0 N N N 0
action: V13
	[0.8384697  0.9279616  0.89234334 0.94125485 1.0179393  0.962152
 0.90947515 0.92169195 0.91085863 0.92981946 0.94821537 0.9466675
 1.0209076  0.9762593  0.90342474 0.98900586 0.86138934 0.9261009
 0.9170277  1.0575411  0.9137066 ]
	state: N N N N 0 N N N N N N N 0 0 N 0 N N N 0
action: V5
	[0.8784198  0.96885055 0.9319902  0.9778006  1.0660324  1.00372
 0.94834894 0.9616805  0.952267   0.96594733 0.9880344  0.98572445
 1.0720322  1.0280509  0.94319034 1.0345029  0.9013263  0.9613368
 0.9638579  1.1010549  0.9705598 ]
	state: N N N N 0 0 N N N N N N 0 0 N 0 N N N 0
action: V10
	[0.8966227  0.9831789  0.94862324 0.9915373  1.0827785  1.0194595
 0.961451   0.975999   0.96853673 0.9807742  1.0023532  1.0012807
 1.0945177  1.0465764  0.95706105 1.0488017  0.9213788  0.9740383
 0.9805975  1.1210197  0.9892264 ]
	state: N N N N 0 0 N N N N 0 N 0 0 N 0 N N N 0
action: V11
	[0.8890111  0.9762237  0.94086796 0.98188835 1.0727804  1.009115
 0.9526213  0.9666703  0.9621521  0.971978   0.99418753 0.99180686
 1.0868928  1.0426098  0.9504411  1.0371257  0.91753906 0.96413416
 0.9744618  1.1125468  0.99009156]
	state: N N N N 0 0 N N N N 0 11 0 0 N 0 N N N 0
action: E
	[0.7399279  0.840739   0.77838033 0.8321536  0.89988583 0.8572932
 0.8061891  0.8183112  0.834688   0.82576525 0.84648305 0.84159017
 0.9127135  0.9087198  0.8158997  0.8698279  0.7923913  0.823747
 0.835206   0.9511217  0.9085781 ]
	 ['V19', 'V12', 'V4', 'V15', 'V13', 'V5', 'V10', 'V11', 'E'] 
	# trees: 8 , real: 0 , pred: 0

test case 14
	state: N N N N N N N N N N N N N N N N N N N N
action: V19
	[0.5110212  0.6190866  0.5537993  0.6287205  0.6575015  0.6453238
 0.5898382  0.60375977 0.59971464 0.61566854 0.63366055 0.6258636
 0.63114756 0.6163387  0.58892405 0.65302616 0.53827846 0.62973017
 0.58052397 0.70946336 0.56161815]
	state: N N N N N N N N N N N N N N N N N N N 3
action: V4
	[0.5058494  0.61250305 0.5460771  0.6183285  0.6506842  0.6364015
 0.58338046 0.5960013  0.59473276 0.6072126  0.62212235 0.6186792
 0.6276268  0.61258495 0.5828897  0.6455924  0.5361016  0.61879295
 0.574436   0.7003378  0.5645262 ]
	state: N N N N 3 N N N N N N N N N N N N N N 3
action: V15
	[0.53895    0.6420576  0.5752261  0.6469391  0.6893808  0.6703745
 0.615192   0.62646484 0.630658   0.63808477 0.65097183 0.65190774
 0.66260964 0.6507728  0.61915064 0.68272513 0.5701573  0.64373964
 0.6112847  0.7356469  0.6210249 ]
	state: N N N N 3 N N N N N N N N N N 3 N N N 3
action: V12
	[0.689347   0.7940793  0.7296818  0.7905045  0.8491254  0.8145161
 0.76462215 0.77324426 0.7849097  0.78099203 0.8000037  0.7997713
 0.8435944  0.8401048  0.77384603 0.83735895 0.72811913 0.7821372
 0.78141046 0.89297044 0.8317967 ]
	state: N N N N 3 N N N N N N N 3 N N 3 N N N 3
action: V13
	[0.75184655 0.857191   0.79294103 0.84894174 0.92402285 0.8735878
 0.829469   0.83592904 0.84588313 0.8395822  0.8615363  0.85956085
 0.91784483 0.9159903  0.8354465  0.90507525 0.79152393 0.8376486
 0.84798723 0.9556929  0.914431  ]
	state: N N N N 3 N N N N N N N 3 3 N 3 N N N 3
action: E
	[0.7115165  0.814712   0.7420549  0.7964101  0.87428266 0.82703555
 0.7826873  0.79046786 0.80700636 0.79227984 0.81157404 0.80954546
 0.8736679  0.8818755  0.7976866  0.8500131  0.76077425 0.78730834
 0.8110293  0.9090843  0.894551  ]
	 ['V19', 'V4', 'V15', 'V12', 'V13', 'E'] 
	# trees: 5 , real: 6 , pred: 3

test case 15
	state: N N N N N N N N N N N N N N N N N N N N
action: V19
	[0.5110212  0.6190866  0.5537993  0.6287205  0.6575015  0.6453238
 0.5898382  0.60375977 0.59971464 0.61566854 0.63366055 0.6258636
 0.63114756 0.6163387  0.58892405 0.65302616 0.53827846 0.62973017
 0.58052397 0.70946336 0.56161815]
	state: N N N N N N N N N N N N N N N N N N N 13
action: V4
	[0.35408598 0.45282218 0.39639628 0.447636   0.49748474 0.47083336
 0.42699197 0.43358016 0.44727355 0.44727764 0.44380036 0.4567769
 0.4665449  0.46760947 0.432543   0.46411029 0.42090586 0.4532578
 0.42569074 0.52898264 0.4462553 ]
	state: N N N N 13 N N N N N N N N N N N N N N 13
action: E
	[0.3225239  0.41543996 0.3567293  0.39581212 0.4669252  0.42827958
 0.38879102 0.39316797 0.41660056 0.4036105  0.39096698 0.413463
 0.43961474 0.45432872 0.4052099  0.4170034  0.40783146 0.40133208
 0.4014723  0.48818195 0.4663319 ]
	 ['V19', 'V4', 'E'] 
	# trees: 2 , real: 23 , pred: 13

test case 16
	state: N N N N N N N N N N N N N N N N N N N N
action: V19
	[0.5110212  0.6190866  0.5537993  0.6287205  0.6575015  0.6453238
 0.5898382  0.60375977 0.59971464 0.61566854 0.63366055 0.6258636
 0.63114756 0.6163387  0.58892405 0.65302616 0.53827846 0.62973017
 0.58052397 0.70946336 0.56161815]
	state: N N N N N N N N N N N N N N N N N N N 8
action: V4
	[0.7838247  0.87918997 0.8395739  0.8934975  0.95991284 0.91207594
 0.8608928  0.87123907 0.8592421  0.88057464 0.89672    0.89422685
 0.9511568  0.9159691  0.8543296  0.940822   0.8064052  0.8813476
 0.8620918  0.9953159  0.8511235 ]
	state: N N N N 17 N N N N N N N N N N N N N N 8
action: V11
	[-0.03409626  0.01400546  0.01292146  0.01809496  0.09408291  0.00796834
  0.00774403 -0.00284714  0.00896293  0.01067951  0.01366672  0.0211123
 -0.0070378  -0.02153683  0.0111336   0.00107422  0.00837515 -0.00052679
  0.01194794  0.01450562 -0.00315265]
	state: N N N N 17 N N N N N N 8 N N N N N N N 8
action: V3
	[-0.00837769  0.0422182   0.03161906  0.04855205  0.12561002  0.04514344
  0.04129403  0.03749792  0.04677305  0.04531397  0.0468216   0.04860233
  0.03330843  0.01159943  0.03591757  0.03718673  0.03896012  0.0345435
  0.03518347  0.0713762   0.02958653]
	state: N N N 8 17 N N N N N N 8 N N N N N N N 8
action: V5
	[0.02571295 0.08176904 0.06204447 0.08434075 0.17628475 0.09215219
 0.07852399 0.08593091 0.0858766  0.0834814  0.08582959 0.08342699
 0.08256811 0.05562511 0.06859268 0.07870179 0.08121606 0.07259513
 0.06291105 0.13451092 0.07935999]
	state: N N N 8 17 8 N N N N N 8 N N N N N N N 8
action: E
	[-0.03393506  0.00529054  0.00086001 -0.00151048  0.08908758 -0.00342683
 -0.00631475 -0.00805102 -0.00602251 -0.00522539 -0.00978274  0.00698997
 -0.01202914 -0.02852674  0.00190573 -0.01908985  0.0097715  -0.02311777
  0.00833604 -0.00403427  0.01739664]
	 ['V19', 'V4', 'V11', 'V3', 'V5', 'E'] 
	# trees: 5 , real: 8 , pred: 8

test case 17
	state: N N N N N N N N N N N N N N N N N N N N
action: V19
	[0.5110212  0.6190866  0.5537993  0.6287205  0.6575015  0.6453238
 0.5898382  0.60375977 0.59971464 0.61566854 0.63366055 0.6258636
 0.63114756 0.6163387  0.58892405 0.65302616 0.53827846 0.62973017
 0.58052397 0.70946336 0.56161815]
	state: N N N N N N N N N N N N N N N N N N N 3
action: V4
	[0.5058494  0.61250305 0.5460771  0.6183285  0.6506842  0.6364015
 0.58338046 0.5960013  0.59473276 0.6072126  0.62212235 0.6186792
 0.6276268  0.61258495 0.5828897  0.6455924  0.5361016  0.61879295
 0.574436   0.7003378  0.5645262 ]
	state: N N N N 11 N N N N N N N N N N N N N N 3
action: V15
	[0.6899346  0.79772925 0.7363023  0.8040815  0.85417247 0.824303
 0.7744955  0.78155637 0.78049886 0.78816164 0.81291264 0.80683434
 0.84021366 0.82328415 0.77024984 0.84600586 0.71496195 0.798208
 0.7717961  0.8994181  0.7858116 ]
	state: N N N N 11 N N N N N N N N N N 11 N N N 3
action: V12
	[0.7205996  0.8250655  0.76956385 0.8310152  0.8896396  0.8513276
 0.8021174  0.8112572  0.8139119  0.81768525 0.8375672  0.8353985
 0.8832395  0.8633243  0.80164325 0.8767601  0.7532733  0.8230316
 0.8076352  0.9318806  0.8320927 ]
	state: N N N N 11 N N N N N N N 11 N N 11 N N N 3
action: V13
	[0.8278461  0.918132   0.88606715 0.9360277  1.0085018  0.9550757
 0.9047569  0.9149312  0.900078   0.9226828  0.9355573  0.93599766
 1.0074097  0.9635574  0.8990176  0.9928728  0.8484616  0.92050475
 0.90975356 1.0396533  0.8920447 ]
	state: N N N N 11 N N N N N N N 11 11 N 11 N N N 3
action: V5
	[0.8554457  0.94568944 0.91537535 0.96458143 1.0435249  0.9827927
 0.9335448  0.9438242  0.92563117 0.9500154  0.9630323  0.96425706
 1.0412515  0.9914314  0.9262285  1.0270085  0.8735088  0.94660497
 0.9372182  1.0694866  0.91591847]
	state: N N N N 11 11 N N N N N N 11 11 N 11 N N N 3
action: V11
	[0.827864   0.9162063  0.8856284  0.9315249  1.0060833  0.94903725
 0.90110487 0.9111488  0.9001288  0.91964304 0.9294298  0.93265545
 1.0086869  0.96564275 0.89977765 0.990148   0.85481656 0.9136775
 0.9091524  1.0375462  0.90227985]
	state: N N N N 11 11 N N N N N 11 11 11 N 11 N N N 3
action: E
	[0.74310374 0.8410968  0.7928327  0.8433179  0.90687877 0.8635301
 0.8170891  0.8256656  0.8326205  0.8353545  0.8465236  0.8495446
 0.90987027 0.8973549  0.825876   0.8963842  0.78539366 0.8338947
 0.83490705 0.946335   0.8735146 ]
	 ['V19', 'V4', 'V15', 'V12', 'V13', 'V5', 'V11', 'E'] 
	# trees: 7 , real: 3 , pred: 11

test case 18
	state: N N N N N N N N N N N N N N N N N N N N
action: V19
	[0.5110212  0.6190866  0.5537993  0.6287205  0.6575015  0.6453238
 0.5898382  0.60375977 0.59971464 0.61566854 0.63366055 0.6258636
 0.63114756 0.6163387  0.58892405 0.65302616 0.53827846 0.62973017
 0.58052397 0.70946336 0.56161815]
	state: N N N N N N N N N N N N N N N N N N N 11
action: V4
	[0.50928944 0.61782026 0.5523     0.62105757 0.6754169  0.64348954
 0.5923622  0.60443544 0.5967117  0.6095008  0.630647   0.62543243
 0.6304055  0.6192675  0.58763343 0.6552859  0.53956616 0.62202024
 0.5779446  0.70897883 0.5782831 ]
	state: N N N N 1 N N N N N N N N N N N N N N 11
action: V15
	[0.4388841  0.54008746 0.47958648 0.5318321  0.60939276 0.5615138
 0.51670974 0.52714354 0.5275193  0.52944726 0.53837574 0.5464936
 0.56148905 0.5595832  0.5183816  0.5688667  0.49023467 0.5332932
 0.51066864 0.627931   0.5489955 ]
	state: N N N N 1 N N N N N N N N N N 1 N N N 11
action: E
	[0.60846186 0.7093602  0.6438318  0.69267184 0.7704084  0.7238206
 0.67692196 0.6929337  0.70070004 0.69597685 0.7069493  0.7103899
 0.75210553 0.75977707 0.6970116  0.7413852  0.66010565 0.6869405
 0.6995507  0.80769145 0.76833546]
	 ['V19', 'V4', 'V15', 'E'] 
	# trees: 3 , real: 1 , pred: 1

test case 19
	state: N N N N N N N N N N N N N N N N N N N N
action: V19
	[0.5110212  0.6190866  0.5537993  0.6287205  0.6575015  0.6453238
 0.5898382  0.60375977 0.59971464 0.61566854 0.63366055 0.6258636
 0.63114756 0.6163387  0.58892405 0.65302616 0.53827846 0.62973017
 0.58052397 0.70946336 0.56161815]
	state: N N N N N N N N N N N N N N N N N N N 0
action: V12
	[0.67380726 0.7810993  0.72235376 0.7858688  0.8231017  0.80400175
 0.7522761  0.7591001  0.7669039  0.773257   0.79572946 0.79067034
 0.8238197  0.8129519  0.7539332  0.816944   0.7063618  0.7841568
 0.7591635  0.8793164  0.7745437 ]
	state: N N N N N N N N N N N N 14 N N N N N N 0
action: V4
	[0.7786044  0.8746806  0.83290297 0.8873357  0.9465582  0.90730053
 0.8540556  0.86428314 0.8616544  0.8756448  0.89379865 0.8912809
 0.95278066 0.9213847  0.8505813  0.9280613  0.80846053 0.87958646
 0.86395    0.992514   0.8672076 ]
	state: N N N N 0 N N N N N N N 14 N N N N N N 0
action: V15
	[0.86628425 0.9517391  0.92544436 0.9734937  1.0477896  0.99371237
 0.9372917  0.9501729  0.9343125  0.96005636 0.9761428  0.9740451
 1.0565991  0.99934494 0.92800355 1.0215195  0.885577   0.9576139
 0.9440727  1.087352   0.91691977]
	state: N N N N 0 N N N N N N N 14 N N 0 N N N 0
action: V5
	[0.8848641  0.96824497 0.9439762  0.99135417 1.0712708  1.0124307
 0.95672446 0.97000927 0.9493394  0.97757876 0.9946415  0.9934384
 1.0774248  1.0113682  0.9430206  1.0426562  0.8976347  0.97425216
 0.95757586 1.109021   0.9223555 ]
	state: N N N N 0 0 N N N N N N 14 N N 0 N N N 0
action: V13
	[0.8743375  0.9547893  0.9300909  0.97686    1.0533202  0.99919933
 0.941034   0.9553886  0.938846   0.9643821  0.98015755 0.97914064
 1.0652044  0.99997866 0.9289291  1.0246537  0.89161456 0.9597828
 0.9449819  1.0974929  0.91657704]
	state: N N N N 0 0 N N N N N N 14 0 N 0 N N N 0
action: V10
	[0.8722661  0.9580516  0.922925   0.96735156 1.0525112  0.9966427
 0.937812   0.9516529  0.94889647 0.9584643  0.9776117  0.9771417
 1.0662584  1.0185997  0.9329277  1.0217825  0.8997315  0.9531562
 0.9553114  1.0947957  0.9666478 ]
	state: N N N N 0 0 N N N N 0 N 14 0 N 0 N N N 0
action: V11
	[0.8962827  0.9807044  0.9504735  0.9919424  1.0800834  1.0195942
 0.9615231  0.974994   0.9688684  0.9827092  1.0019715  1.0002073
 1.0958817  1.0426352  0.95550287 1.0475142  0.922149   0.9758629
 0.97910815 1.1200724  0.98021054]
	state: N N N N 0 0 N N N N 0 5 14 0 N 0 N N N 0
action: V3
	[0.96547395 1.0452563  1.0253482  1.0601693  1.1606898  1.0867826
 1.0294777  1.0432029  1.0272259  1.0500406  1.06813    1.0677571
 1.1769407  1.1072693  1.0188886  1.1243649  0.98360467 1.0382326
 1.0443182  1.1917859  1.023534  ]
	state: N N N 3 0 0 N N N N 0 5 14 0 N 0 N N N 0
action: V9
	[0.956446   1.0384406  1.018157   1.0541385  1.1513438  1.0792133
 1.0233771  1.0372952  1.01707    1.0437485  1.062185   1.0609251
 1.1671667  1.0953481  1.0105392  1.116284   0.97134185 1.0337737
 1.0340053  1.1835164  1.0037062 ]
	state: N N N 3 0 0 N N N 0 0 5 14 0 N 0 N N N 0
action: V1
	[0.9624441 1.0439521 1.0240526 1.0606806 1.1577837 1.0860254 1.0295763
 1.0437305 1.0210147 1.0497261 1.0694814 1.0671841 1.1738323 1.0992432
 1.0156051 1.1226202 0.9738665 1.0402243 1.0393263 1.1908132 1.0035717]
	state: N 14 N 3 0 0 N N N 0 0 5 14 0 N 0 N N N 0
action: V17
	[0.93102133 1.018901   0.9930143  1.033159   1.1247811  1.0566533
 1.0017486  1.0150738  0.9972275  1.0214822  1.0420318  1.0391768
 1.138396   1.0748355  0.9901254  1.0932863  0.9483042  1.0155263
 1.0133666  1.1580158  0.99151623]
	state: N 14 N 3 0 0 N N N 0 0 5 14 0 N 0 N 0 N 0
action: V18
	[0.9093659  0.9972081  0.9686447  1.0096722  1.0984098  1.0347037
 0.9785765  0.9917476  0.98114336 0.9990173  1.0188414  1.016429
 1.1130824  1.0565357  0.9697869  1.0674922  0.9326328  0.9931908
 0.99396193 1.1344548  0.9865346 ]
	state: N 14 N 3 0 0 N N N 0 0 5 14 0 N 0 N 0 11 0
action: E
	[0.88506657 0.97342    0.9398263  0.9829368  1.0697767  1.01069
 0.9536374  0.96694815 0.96180886 0.97366387 0.9935376  0.9918873
 1.0843492  1.0362425  0.9486946  1.0405347  0.9129336  0.9688453
 0.9729667  1.1086948  0.979754  ]
	 ['V19', 'V12', 'V4', 'V15', 'V5', 'V13', 'V10', 'V11', 'V3', 'V9', 'V1', 'V17', 'V18', 'E'] 
	# trees: 13 , real: 0 , pred: 0

test case 20
	state: N N N N N N N N N N N N N N N N N N N N
action: V19
	[0.5110212  0.6190866  0.5537993  0.6287205  0.6575015  0.6453238
 0.5898382  0.60375977 0.59971464 0.61566854 0.63366055 0.6258636
 0.63114756 0.6163387  0.58892405 0.65302616 0.53827846 0.62973017
 0.58052397 0.70946336 0.56161815]
	state: N N N N N N N N N N N N N N N N N N N 3
action: V4
	[0.5058494  0.61250305 0.5460771  0.6183285  0.6506842  0.6364015
 0.58338046 0.5960013  0.59473276 0.6072126  0.62212235 0.6186792
 0.6276268  0.61258495 0.5828897  0.6455924  0.5361016  0.61879295
 0.574436   0.7003378  0.5645262 ]
	state: N N N N 11 N N N N N N N N N N N N N N 3
action: V15
	[0.6899346  0.79772925 0.7363023  0.8040815  0.85417247 0.824303
 0.7744955  0.78155637 0.78049886 0.78816164 0.81291264 0.80683434
 0.84021366 0.82328415 0.77024984 0.84600586 0.71496195 0.798208
 0.7717961  0.8994181  0.7858116 ]
	state: N N N N 11 N N N N N N N N N N 3 N N N 3
action: V13
	[0.7241078  0.83065766 0.7648522  0.82212055 0.8927304  0.8483595
 0.8010721  0.8104696  0.8200226  0.81328213 0.8361948  0.8317209
 0.88960046 0.89077973 0.8091365  0.87208253 0.76781666 0.81554586
 0.8221793  0.93047786 0.88802963]
	state: N N N N 11 N N N N N N N N 3 N 3 N N N 3
action: V12
	[0.80306953 0.90678024 0.84783465 0.89919966 0.98118514 0.92501765
 0.8783006  0.8871237  0.8916585  0.8897718  0.9132455  0.91022664
 0.9841073  0.97468406 0.8830899  0.9569782  0.842466   0.888649
 0.90316725 1.0112481  0.958688  ]
	state: N N N N 11 N N N N N N N 3 3 N 3 N N N 3
action: E
	[0.8549166  0.95588714 0.8993288  0.9463362  1.042015   0.9742838
 0.9304674  0.93712234 0.9381107  0.9373864  0.9622828  0.96024793
 1.0445175  1.027217   0.9319664  1.0145776  0.8887843  0.93255156
 0.95346683 1.0636114  1.0056008 ]
	 ['V19', 'V4', 'V15', 'V13', 'V12', 'E'] 
	# trees: 5 , real: 3 , pred: 3

test case 21
	state: N N N N N N N N N N N N N N N N N N N N
action: V19
	[0.5110212  0.6190866  0.5537993  0.6287205  0.6575015  0.6453238
 0.5898382  0.60375977 0.59971464 0.61566854 0.63366055 0.6258636
 0.63114756 0.6163387  0.58892405 0.65302616 0.53827846 0.62973017
 0.58052397 0.70946336 0.56161815]
	state: N N N N N N N N N N N N N N N N N N N 9
action: V4
	[0.64941    0.75490797 0.69433933 0.75484484 0.80029655 0.775116
 0.7244118  0.7332761  0.74300754 0.7457917  0.7629428  0.7597527
 0.7950136  0.7955228  0.73426104 0.78668904 0.69175166 0.751391
 0.738312   0.85191023 0.77057844]
	state: N N N N 9 N N N N N N N N N N N N N N 9
action: V13
	[0.72600186 0.82754064 0.7767344  0.82424754 0.8834182  0.8413917
 0.7918362  0.8027506  0.81804246 0.81931305 0.82907504 0.8300174
 0.8929164  0.8933245  0.8077196  0.8600083  0.7845429  0.816444
 0.8217782  0.92789906 0.87329954]
	state: N N N N 9 N N N N N N N N 9 N N N N N 9
action: V12
	[0.7538027  0.85608923 0.8049     0.84926754 0.9165117  0.86741346
 0.8170021  0.82899326 0.8481812  0.8457427  0.85459805 0.85684204
 0.9311168  0.93224823 0.83746946 0.8885735  0.8193538  0.83890194
 0.8575109  0.9569497  0.9200905 ]
	state: N N N N 9 N N N N N N N 5 9 N N N N N 9
action: V15
	[0.88316184 0.9749621  0.94815385 0.9934191  1.0761869  1.0077695
 0.9548144  0.9671709  0.9560653  0.98054093 0.98801583 0.9911916
 1.0804824  1.0352535  0.95508564 1.0456636  0.92001855 0.9742498
 0.9749366  1.0967268  0.96000314]
	state: N N N N 9 N N N N N N N 5 9 N 0 N N N 9
action: V5
	[0.9036309  0.99265516 0.96984714 1.0149596  1.1011149  1.029993
 0.97756547 0.989186   0.9718975  1.0014311  1.0103889  1.013798
 1.1027619  1.0481231  0.9725367  1.0697477  0.93163264 0.995789
 0.99052924 1.1207039  0.95984054]
	state: N N N N 9 9 N N N N N N 5 9 N 0 N N N 9
action: V11
	[1.0266266 1.1128632 1.1009357 1.132127  1.246705  1.1483355 1.0948561
 1.1087414 1.0871159 1.1191559 1.1264911 1.1332372 1.2582765 1.1894479
 1.0927675 1.2052407 1.0554842 1.1044189 1.1236312 1.2487513 1.0877428]
	state: N N N N 9 9 N N N N N 16 5 9 N 0 N N N 9
action: V3
	[1.0387899 1.1238626 1.1138839 1.1442297 1.2596519 1.1598761 1.1079149
 1.1198125 1.099296  1.1312145 1.1387818 1.1465613 1.2725971 1.203343
 1.1047678 1.2209332 1.0669591 1.1164238 1.1376277 1.2596236 1.101624 ]
	state: N N N 16 9 9 N N N N N 16 5 9 N 0 N N N 9
action: V18
	[1.010001  1.1021581 1.08166   1.1108872 1.2283585 1.1306117 1.0789291
 1.0909219 1.0801978 1.1015004 1.1120908 1.1189774 1.2415993 1.1910129
 1.0819443 1.188726  1.047331  1.088092  1.116695  1.2295417 1.1121054]
	state: N N N 16 9 9 N N N N N 16 5 9 N 0 N N 3 9
action: E
	[0.9417832 1.0400289 1.0060987 1.0410452 1.1462749 1.060907  1.0100439
 1.0209501 1.0221846 1.0322648 1.0455805 1.0504408 1.1608906 1.1326573
 1.0214348 1.1098442 0.989134  1.0214454 1.0538521 1.1562437 1.0813596]
	 ['V19', 'V4', 'V13', 'V12', 'V15', 'V5', 'V11', 'V3', 'V18', 'E'] 
	# trees: 9 , real: 9 , pred: 9

test case 22
	state: N N N N N N N N N N N N N N N N N N N N
action: V19
	[0.5110212  0.6190866  0.5537993  0.6287205  0.6575015  0.6453238
 0.5898382  0.60375977 0.59971464 0.61566854 0.63366055 0.6258636
 0.63114756 0.6163387  0.58892405 0.65302616 0.53827846 0.62973017
 0.58052397 0.70946336 0.56161815]
	state: N N N N N N N N N N N N N N N N N N N 3
action: V4
	[0.5058494  0.61250305 0.5460771  0.6183285  0.6506842  0.6364015
 0.58338046 0.5960013  0.59473276 0.6072126  0.62212235 0.6186792
 0.6276268  0.61258495 0.5828897  0.6455924  0.5361016  0.61879295
 0.574436   0.7003378  0.5645262 ]
	state: N N N N 11 N N N N N N N N N N N N N N 3
action: V15
	[0.6899346  0.79772925 0.7363023  0.8040815  0.85417247 0.824303
 0.7744955  0.78155637 0.78049886 0.78816164 0.81291264 0.80683434
 0.84021366 0.82328415 0.77024984 0.84600586 0.71496195 0.798208
 0.7717961  0.8994181  0.7858116 ]
	state: N N N N 11 N N N N N N N N N N 11 N N N 3
action: V12
	[0.7205996  0.8250655  0.76956385 0.8310152  0.8896396  0.8513276
 0.8021174  0.8112572  0.8139119  0.81768525 0.8375672  0.8353985
 0.8832395  0.8633243  0.80164325 0.8767601  0.7532733  0.8230316
 0.8076352  0.9318806  0.8320927 ]
	state: N N N N 11 N N N N N N N 11 N N 11 N N N 3
action: V13
	[0.8278461  0.918132   0.88606715 0.9360277  1.0085018  0.9550757
 0.9047569  0.9149312  0.900078   0.9226828  0.9355573  0.93599766
 1.0074097  0.9635574  0.8990176  0.9928728  0.8484616  0.92050475
 0.90975356 1.0396533  0.8920447 ]
	state: N N N N 11 N N N N N N N 11 11 N 11 N N N 3
action: V5
	[0.8554457  0.94568944 0.91537535 0.96458143 1.0435249  0.9827927
 0.9335448  0.9438242  0.92563117 0.9500154  0.9630323  0.96425706
 1.0412515  0.9914314  0.9262285  1.0270085  0.8735088  0.94660497
 0.9372182  1.0694866  0.91591847]
	state: N N N N 11 11 N N N N N N 11 11 N 11 N N N 3
action: V11
	[0.827864   0.9162063  0.8856284  0.9315249  1.0060833  0.94903725
 0.90110487 0.9111488  0.9001288  0.91964304 0.9294298  0.93265545
 1.0086869  0.96564275 0.89977765 0.990148   0.85481656 0.9136775
 0.9091524  1.0375462  0.90227985]
	state: N N N N 11 11 N N N N N 4 11 11 N 11 N N N 3
action: V3
	[0.84109986 0.92435575 0.897035   0.9336923  1.0155596  0.9549639
 0.9063167  0.9172772  0.9100512  0.9269341  0.9335697  0.93991816
 1.0226036  0.9826542  0.91003954 0.996386   0.8723633  0.9150452
 0.92161703 1.0462656  0.9240489 ]
	state: N N N 11 11 11 N N N N N 4 11 11 N 11 N N N 3
action: E
	[0.81589615 0.8993108  0.8695223  0.90610737 0.986485   0.9298032
 0.88130254 0.8920287  0.88794047 0.900553   0.9071817  0.9138937
 0.99082416 0.9578662  0.8864267  0.96883047 0.8490976  0.8896591
 0.896633   1.0187109  0.90829617]
	 ['V19', 'V4', 'V15', 'V12', 'V13', 'V5', 'V11', 'V3', 'E'] 
	# trees: 8 , real: 11 , pred: 11
               accuracy, precision, recall, f_score
majority vote: 0.652174, 0.223148, 0.270833, 0.234570
weighted vote: 0.695652, 0.231481, 0.276042, 0.245635
reinforcement: 0.782609, 0.278770, 0.322917, 0.290278
