{'dataset': 'audiology', 'algorithm': 'ptdqn', 'num_clf': 50, 'num_training': 400000, 'learning_rate': 0.1, 'discount_factor': 1.0, 'epsilon': 0.1, 'random_state': 2825, 'portion': 0.5, 'sequential': False}
(226, 95)
reading data takes 6.415 sec
number of labels: 24

Running iteration 1 of 10 fold...
[ 0  1  2  3  4  5  6  7  8  9 10 11 12 13 14 15 16 17 18 19 20 21 22]
[32, 0, 27, 23, 21, 48, 5, 13, 31, 15, 45, 19, 49, 7, 2, 4, 35]
using cpu
using cpu
    accuracy, precision, recall, f_score
max0: 0.782178, 0.744831, 0.399913, 0.381469

    accuracy, precision, recall, f_score
max3: 0.764706, 0.695145, 0.306548, 0.275565

    accuracy, precision, recall, f_score
max1: 0.782609, 0.777778, 0.152778, 0.161806


min loss: 0.004, episode: 334000
max accu: 0.782, episode: 400000

10.04 classifiers used
    accuracy, precision, recall, f_score
mv: 0.826087, 0.816425, 0.181548, 0.177698
wv: 0.826087, 0.816425, 0.181548, 0.177698
fs: 0.739130, 0.769324, 0.146825, 0.158681
rl: 0.782609, 0.777778, 0.152778, 0.161806

0.5176237623762376
0.48, 0.53, 0.60, 0.39, 0.48, 0.63, 0.51, 0.52, 0.45, 0.46, 0.52, 0.43, 0.49, 0.47, 0.50, 0.60, 0.52, 0.65, 0.37, 0.48, 0.45, 0.59, 0.57, 0.57, 0.44, 0.43, 0.41, 0.59, 0.52, 0.51, 0.53, 0.58, 0.68, 0.42, 0.64, 0.52, 0.40, 0.46, 0.48, 0.48, 0.57, 0.57, 0.51, 0.54, 0.55, 0.47, 0.54, 0.50, 0.52, 0.52

0.4937254901960785
0.43, 0.58, 0.60, 0.37, 0.47, 0.54, 0.50, 0.37, 0.45, 0.47, 0.47, 0.41, 0.50, 0.43, 0.41, 0.62, 0.58, 0.62, 0.29, 0.49, 0.43, 0.52, 0.56, 0.58, 0.29, 0.35, 0.37, 0.62, 0.49, 0.47, 0.45, 0.64, 0.64, 0.35, 0.66, 0.45, 0.29, 0.45, 0.50, 0.43, 0.54, 0.58, 0.52, 0.56, 0.54, 0.54, 0.54, 0.49, 0.47, 0.52

0.5191304347826087
0.43, 0.69, 0.60, 0.39, 0.56, 0.78, 0.34, 0.52, 0.43, 0.39, 0.39, 0.39, 0.43, 0.47, 0.30, 0.69, 0.60, 0.60, 0.39, 0.47, 0.65, 0.60, 0.56, 0.47, 0.43, 0.34, 0.56, 0.56, 0.65, 0.52, 0.52, 0.56, 0.86, 0.39, 0.73, 0.43, 0.34, 0.47, 0.39, 0.39, 0.52, 0.69, 0.43, 0.47, 0.69, 0.39, 0.43, 0.69, 0.52, 0.60

0.6043478260869565
0.69, 0.60, 0.73, 0.39, 0.47, 0.69, 0.78, 0.69, 0.69, 0.60, 0.34, 0.65, 0.69, 0.56, 0.43, 0.73, 0.73, 0.73, 0.73, 0.34, 0.65, 0.47, 0.69, 0.39, 0.47, 0.30, 0.39, 0.82, 0.73, 0.65, 0.73, 0.52, 0.73, 0.43, 0.60, 0.73, 0.69, 0.65, 0.60, 0.56, 0.47, 0.69, 0.69, 0.47, 0.73, 0.56, 0.56, 0.73, 0.39, 0.56


Running iteration 2 of 10 fold...
[23 24 25 26 27 28 29 30 31 32 33 34 35 36 37 38 39 40 41 42 43 44 45]
[49, 0, 23, 15, 12, 1, 16, 17, 4, 13, 26, 48, 30, 44, 2, 24, 6, 9, 8]
using cpu
using cpu
