{'dataset': 'breast_cancer', 'algorithm': 'ptdqn', 'num_clf': 50, 'num_training': 10000, 'learning_rate': 0.01, 'discount_factor': 1, 'epsilon': 0.1, 'random_state': 7817, 'portion': 0.5, 'sequential': False}
(286, 16)
Running iteration 1 of 10 fold...

epoch: 999 row: 96 exploration: 0.10000
	 ['V27', 'E'] 


finished epoch 1000
average loss: 0.14620712512009776

epoch: 1999 row: 64 exploration: 0.10000
	 ['V27', 'E'] 


finished epoch 2000
average loss: 0.14063658817019314

epoch: 2999 row: 32 exploration: 0.10000
	 ['V27', 'E'] 


finished epoch 3000
average loss: 0.1350836095586419

epoch: 3999 row: 0 exploration: 0.10000
	 ['V27', 'E'] 


finished epoch 4000
average loss: 0.13637401363439858

epoch: 4999 row: 97 exploration: 0.10000
	 ['V27', 'E'] 


finished epoch 5000
average loss: 0.13416319496184587

epoch: 5999 row: 65 exploration: 0.10000
	 ['V27', 'E'] 


finished epoch 6000
average loss: 0.13140382828935981

epoch: 6999 row: 33 exploration: 0.10000
	 ['V27', 'V33', 'V36', 'V1', 'V29', 'V25', 'E'] 


finished epoch 7000
average loss: 0.11393536545266397

epoch: 7999 row: 1 exploration: 0.10000
	 ['V38', 'V27', 'V29', 'V1', 'V12', 'V36', 'V18', 'V33', 'V15', 'V11', 'V44', 'V23', 'V30', 'V43', 'V14', 'V42', 'V13', 'V25', 'V5', 'V22', 'V6', 'V10', 'V46', 'V26', 'V7', 'V39', 'V3', 'V4', 'V9', 'V37', 'V41', 'V32', 'V21', 'V48', 'V17', 'V20', 'V24', 'V31', 'E'] 


finished epoch 8000
average loss: 0.06312224604671064

epoch: 8999 row: 98 exploration: 0.10000
	 ['V27', 'V1', 'V29', 'V12', 'V36', 'V33', 'V11', 'V43', 'V18', 'V26', 'V3', 'V35', 'V28', 'V19', 'V41', 'V34', 'V21', 'V7', 'V9', 'V5', 'V23', 'V2', 'V24', 'V17', 'V15', 'V48', 'V44', 'V14', 'E'] 


finished epoch 9000
average loss: 0.030231570669682697

epoch: 9999 row: 66 exploration: 0.10000
	 ['V27', 'V1', 'V29', 'V47', 'V36', 'V28', 'V12', 'V19', 'V5', 'V41', 'V35', 'V33', 'V43', 'V2', 'V3', 'V48', 'V21', 'V23', 'E'] 


finished epoch 10000
average loss: 0.04050367774766346

test case 0
	 ['V27', 'V1', 'V29', 'V36', 'V19', 'V12', 'V43', 'V41', 'V15', 'V2', 'V11', 'V28', 'V33', 'V14', 'V35', 'E'] 
	# trees: 15 , real: 0 , pred: 1

test case 1
	 ['V27', 'V29', 'V1', 'V36', 'V11', 'V12', 'V19', 'V43', 'V28', 'V14', 'V47', 'V32', 'V2', 'V49', 'V37', 'V0', 'V26', 'V31', 'V25', 'V6', 'E'] 
	# trees: 20 , real: 0 , pred: 0

test case 2
	 ['V27', 'V29', 'V1', 'V11', 'V36', 'V19', 'V12', 'V43', 'V47', 'V14', 'V49', 'V32', 'V26', 'V31', 'V37', 'V28', 'V2', 'V0', 'V25', 'V46', 'V6', 'V16', 'V4', 'V40', 'V39', 'V15', 'V8', 'V22', 'V30', 'E'] 
	# trees: 29 , real: 0 , pred: 0

test case 3
	 ['V27', 'V29', 'V1', 'V36', 'V11', 'V19', 'V12', 'V43', 'V47', 'V14', 'V2', 'V28', 'V32', 'V49', 'V37', 'V26', 'V31', 'V25', 'V0', 'V46', 'V6', 'V4', 'V39', 'V15', 'E'] 
	# trees: 24 , real: 0 , pred: 0

test case 4
	 ['V27', 'V29', 'V1', 'V11', 'V36', 'V19', 'V12', 'V43', 'V14', 'V47', 'V28', 'V49', 'V2', 'V37', 'V0', 'V32', 'V31', 'E'] 
	# trees: 17 , real: 0 , pred: 0

test case 5
	 ['V27', 'V29', 'V1', 'V36', 'V11', 'V19', 'V12', 'V43', 'V14', 'V28', 'V47', 'V2', 'V49', 'V32', 'V37', 'V0', 'V26', 'V31', 'V25', 'V46', 'E'] 
	# trees: 20 , real: 0 , pred: 0

test case 6
	 ['V27', 'V29', 'V1', 'V11', 'V36', 'V19', 'V12', 'V43', 'V47', 'V14', 'V49', 'V32', 'V28', 'V37', 'V2', 'V26', 'V0', 'V31', 'V46', 'V25', 'V6', 'V16', 'V4', 'V40', 'V8', 'V15', 'V39', 'E'] 
	# trees: 27 , real: 1 , pred: 0

test case 7
	 ['V27', 'V1', 'V29', 'V36', 'V19', 'V12', 'V5', 'V41', 'V43', 'V35', 'V28', 'V33', 'V2', 'V23', 'V48', 'V15', 'V3', 'V21', 'E'] 
	# trees: 18 , real: 0 , pred: 1

test case 8
	 ['V27', 'V1', 'V29', 'V36', 'V19', 'V12', 'V11', 'V43', 'V2', 'V28', 'V14', 'V31', 'V48', 'V33', 'V41', 'E'] 
	# trees: 15 , real: 0 , pred: 0

test case 9
	 ['V27', 'V29', 'V1', 'V11', 'V36', 'V19', 'V12', 'V43', 'V47', 'V14', 'V49', 'V32', 'V26', 'V31', 'V37', 'V28', 'V2', 'V0', 'V25', 'V6', 'V46', 'V4', 'V16', 'V39', 'V15', 'V8', 'V40', 'V22', 'E'] 
	# trees: 28 , real: 0 , pred: 0

test case 10
	 ['V27', 'V29', 'V1', 'V36', 'V11', 'V19', 'V12', 'V43', 'V47', 'V14', 'V49', 'V2', 'V32', 'V26', 'V31', 'V37', 'V28', 'V46', 'V25', 'V4', 'V0', 'V39', 'V6', 'V40', 'V16', 'V8', 'V15', 'V22', 'V45', 'E'] 
	# trees: 29 , real: 0 , pred: 0

test case 11
	 ['V27', 'V29', 'V1', 'V36', 'V11', 'V19', 'V12', 'V43', 'V28', 'V2', 'V14', 'V33', 'E'] 
	# trees: 12 , real: 0 , pred: 0

test case 12
	 ['V27', 'V1', 'V29', 'V36', 'V19', 'V11', 'V43', 'V12', 'V47', 'V14', 'V2', 'V49', 'V32', 'V28', 'V26', 'V37', 'V31', 'V0', 'V25', 'V46', 'V6', 'V40', 'V16', 'V39', 'V4', 'V15', 'V8', 'V22', 'E'] 
	# trees: 28 , real: 0 , pred: 0

test case 13
	 ['V27', 'V1', 'V29', 'V36', 'V19', 'V12', 'V11', 'V43', 'V2', 'V28', 'V15', 'V41', 'V14', 'V33', 'V23', 'E'] 
	# trees: 15 , real: 0 , pred: 1

test case 14
	 ['V27', 'V1', 'V29', 'V36', 'V19', 'V12', 'V5', 'V41', 'V43', 'V35', 'V28', 'V33', 'V2', 'V48', 'V23', 'V11', 'E'] 
	# trees: 16 , real: 1 , pred: 1

test case 15
	 ['V27', 'V1', 'V29', 'V36', 'V12', 'V19', 'V5', 'V43', 'V41', 'V35', 'V33', 'V28', 'V3', 'V23', 'V2', 'V21', 'V48', 'E'] 
	# trees: 17 , real: 1 , pred: 1

test case 16
	 ['V27', 'V29', 'V1', 'V11', 'V36', 'V19', 'V12', 'V43', 'V47', 'V14', 'V49', 'V32', 'V26', 'V31', 'V37', 'V28', 'V2', 'V46', 'V25', 'V0', 'V4', 'V6', 'V40', 'V16', 'V8', 'V39', 'V22', 'V15', 'V30', 'E'] 
	# trees: 29 , real: 0 , pred: 0

test case 17
	 ['V27', 'V29', 'V1', 'V11', 'V36', 'V19', 'V12', 'V43', 'V47', 'V14', 'V49', 'V32', 'V26', 'V31', 'V37', 'V28', 'V2', 'V46', 'V25', 'V0', 'V6', 'V4', 'V40', 'V16', 'V8', 'V22', 'V39', 'V15', 'V30', 'V45', 'E'] 
	# trees: 30 , real: 0 , pred: 0

test case 18
	 ['V27', 'V29', 'V1', 'V11', 'V36', 'V19', 'V12', 'V43', 'V47', 'V14', 'V49', 'V32', 'V2', 'V28', 'V31', 'V37', 'V0', 'V6', 'V26', 'V15', 'V16', 'V25', 'V46', 'V4', 'V39', 'V33', 'E'] 
	# trees: 26 , real: 0 , pred: 0

test case 19
	 ['V27', 'V1', 'V29', 'V36', 'V12', 'V19', 'V11', 'V43', 'V28', 'V2', 'V15', 'V41', 'V33', 'V35', 'E'] 
	# trees: 14 , real: 1 , pred: 1

test case 20
	 ['V27', 'V29', 'V1', 'V36', 'V11', 'V19', 'V12', 'V43', 'V15', 'V28', 'V2', 'V31', 'V14', 'V49', 'V47', 'V26', 'V0', 'V32', 'E'] 
	# trees: 18 , real: 0 , pred: 0

test case 21
	 ['V27', 'V29', 'V1', 'V11', 'V12', 'V19', 'V36', 'V28', 'V43', 'V35', 'V15', 'V2', 'V5', 'V33', 'E'] 
	# trees: 14 , real: 1 , pred: 0

test case 22
	 ['V27', 'V29', 'V1', 'V36', 'V11', 'V19', 'V12', 'V43', 'V47', 'V14', 'V49', 'V2', 'V28', 'V37', 'V32', 'V31', 'V26', 'V0', 'V25', 'V46', 'E'] 
	# trees: 20 , real: 0 , pred: 0

test case 23
	 ['V27', 'V29', 'V1', 'V11', 'V36', 'V19', 'V12', 'V43', 'V14', 'V47', 'V28', 'V49', 'V2', 'V37', 'V0', 'V32', 'V26', 'V31', 'V25', 'V15', 'V6', 'V39', 'V4', 'V16', 'V8', 'E'] 
	# trees: 25 , real: 0 , pred: 0

test case 24
	 ['V27', 'V1', 'V29', 'V36', 'V19', 'V12', 'V43', 'V11', 'V28', 'V2', 'V33', 'V15', 'V41', 'V35', 'E'] 
	# trees: 14 , real: 1 , pred: 0

test case 25
	 ['V27', 'V1', 'V29', 'V36', 'V19', 'V12', 'V43', 'V11', 'V41', 'V5', 'V28', 'V35', 'V23', 'V2', 'V48', 'V33', 'V15', 'E'] 
	# trees: 17 , real: 1 , pred: 1

test case 26
	 ['V27', 'V29', 'V1', 'V11', 'V36', 'V19', 'V12', 'V43', 'V14', 'V47', 'V28', 'V49', 'V2', 'V37', 'V0', 'V32', 'V26', 'V31', 'V25', 'V15', 'V6', 'V39', 'V4', 'V16', 'V8', 'E'] 
	# trees: 25 , real: 0 , pred: 0

test case 27
	 ['V27', 'V1', 'V29', 'V36', 'V19', 'V12', 'V41', 'V43', 'V33', 'V35', 'V2', 'V28', 'V3', 'V5', 'V23', 'E'] 
	# trees: 15 , real: 0 , pred: 1

test case 28
	 ['V27', 'V1', 'V29', 'V36', 'V19', 'V11', 'V12', 'V43', 'V28', 'V2', 'V14', 'E'] 
	# trees: 11 , real: 1 , pred: 1
               accuracy, precision, recall, f_score
majority vote: 0.724138, 0.654762, 0.654762, 0.654762
weighted vote: 0.724138, 0.654762, 0.654762, 0.654762
reinforcement: 0.758621, 0.702778, 0.717262, 0.708752
Running iteration 2 of 10 fold...

epoch: 999 row: 96 exploration: 0.10000
	 ['V14', 'E'] 


finished epoch 1000
average loss: 0.14120453905413524

epoch: 1999 row: 64 exploration: 0.10000
	 ['V14', 'E'] 


finished epoch 2000
average loss: 0.13735746581479907

epoch: 2999 row: 32 exploration: 0.10000
	 ['V14', 'E'] 


finished epoch 3000
average loss: 0.13413895235210657

epoch: 3999 row: 0 exploration: 0.10000
	 ['V14', 'E'] 


finished epoch 4000
average loss: 0.1385210616700351

epoch: 4999 row: 97 exploration: 0.10000
	 ['V14', 'V24', 'E'] 


finished epoch 5000
average loss: 0.13080698967096396

epoch: 5999 row: 65 exploration: 0.10000
	 ['V14', 'V24', 'V32', 'V3', 'E'] 


finished epoch 6000
average loss: 0.11751529629685684

epoch: 6999 row: 33 exploration: 0.10000
	 ['V16', 'V14', 'V24', 'V3', 'V44', 'V48', 'V40', 'V37', 'V4', 'V9', 'V49', 'E'] 


finished epoch 7000
average loss: 0.09248143864402664

epoch: 7999 row: 1 exploration: 0.10000
	 ['V48', 'V14', 'V24', 'V44', 'V3', 'V4', 'V43', 'V40', 'V22', 'V37', 'V16', 'V0', 'V34', 'V5', 'V18', 'V39', 'V2', 'V28', 'V47', 'V21', 'V15', 'V35', 'V33', 'V30', 'V7', 'V9', 'V38', 'V25', 'V13', 'V26', 'V6', 'V42', 'V10', 'V12', 'V1', 'V19', 'V29', 'V41', 'V17', 'V23', 'V49', 'V8', 'V20', 'V32', 'V27', 'V46', 'V31', 'E'] 


finished epoch 8000
average loss: 0.03610934719449142

epoch: 8999 row: 98 exploration: 0.10000
	 ['V48', 'V14', 'V24', 'V44', 'V43', 'V3', 'V4', 'V22', 'V0', 'V29', 'V18', 'V1', 'V16', 'V21', 'V5', 'V25', 'V33', 'V19', 'V30', 'V38', 'V20', 'V7', 'V10', 'V8', 'V34', 'V13', 'V28', 'V47', 'V41', 'V9', 'V15', 'V49', 'E'] 


finished epoch 9000
average loss: 0.027328667121444595

epoch: 9999 row: 66 exploration: 0.10000
	 ['V48', 'V14', 'V24', 'V3', 'V44', 'V43', 'V17', 'V36', 'V10', 'V1', 'V41', 'V45', 'V34', 'V6', 'V38', 'V9', 'V23', 'V0', 'V46', 'V40', 'V30', 'V16', 'V2', 'V21', 'V37', 'V15', 'V49', 'V13', 'V8', 'V47', 'V29', 'V25', 'E'] 


finished epoch 10000
average loss: 0.020464071785929263

test case 0
	 ['V48', 'V14', 'V24', 'V17', 'V44', 'V3', 'V43', 'V36', 'V1', 'V45', 'V41', 'V38', 'V46', 'V6', 'V34', 'V0', 'V40', 'V18', 'V29', 'V4', 'V25', 'V30', 'V21', 'V23', 'V22', 'V5', 'V9', 'V49', 'V20', 'V32', 'V37', 'V47', 'V16', 'V13', 'V15', 'V42', 'V10', 'V19', 'V7', 'V33', 'V11', 'V28', 'E'] 
	# trees: 42 , real: 0 , pred: 0

test case 1
	 ['V48', 'V14', 'V24', 'V17', 'V44', 'V3', 'V43', 'V36', 'V1', 'V45', 'V6', 'V41', 'V23', 'V34', 'V0', 'V38', 'V40', 'V46', 'V2', 'V37', 'V30', 'V9', 'V15', 'V42', 'V35', 'V8', 'V18', 'V21', 'V49', 'V13', 'V47', 'V27', 'V12', 'V31', 'V32', 'E'] 
	# trees: 35 , real: 1 , pred: 0

test case 2
	 ['V48', 'V14', 'V24', 'V44', 'V17', 'V3', 'V43', 'V36', 'V1', 'V45', 'V41', 'V38', 'V46', 'V6', 'V23', 'V0', 'V40', 'V34', 'V2', 'V18', 'V25', 'V4', 'V30', 'V9', 'V37', 'V21', 'V8', 'V49', 'V29', 'V5', 'V13', 'V15', 'V32', 'V22', 'V47', 'V16', 'E'] 
	# trees: 36 , real: 0 , pred: 0

test case 3
	 ['V48', 'V14', 'V24', 'V17', 'V44', 'V3', 'V43', 'V36', 'V1', 'V45', 'V41', 'V23', 'V0', 'V6', 'V38', 'V46', 'V34', 'V40', 'V25', 'V37', 'V18', 'V9', 'V29', 'V30', 'V4', 'V22', 'V35', 'V2', 'V5', 'V42', 'V15', 'V8', 'V20', 'V47', 'V7', 'V16', 'V49', 'V10', 'V21', 'V13', 'V33', 'V19', 'E'] 
	# trees: 42 , real: 0 , pred: 1

test case 4
	 ['V48', 'V14', 'V24', 'V17', 'V44', 'V3', 'V43', 'V36', 'V1', 'V45', 'V34', 'V0', 'V38', 'V6', 'V41', 'V23', 'V46', 'V37', 'V40', 'V2', 'V18', 'V31', 'V30', 'V9', 'V42', 'V8', 'V4', 'V35', 'V49', 'V21', 'V15', 'V25', 'V13', 'V27', 'V47', 'V22', 'V32', 'V29', 'V16', 'E'] 
	# trees: 39 , real: 0 , pred: 0

test case 5
	 ['V48', 'V14', 'V24', 'V17', 'V44', 'V3', 'V43', 'V36', 'V1', 'V45', 'V41', 'V6', 'V34', 'V38', 'V0', 'V46', 'V23', 'V40', 'V18', 'V30', 'V2', 'V37', 'V21', 'V42', 'V9', 'V15', 'V29', 'V13', 'V49', 'V5', 'V47', 'V25', 'V32', 'V16', 'E'] 
	# trees: 34 , real: 0 , pred: 0

test case 6
	 ['V48', 'V14', 'V24', 'V44', 'V17', 'V3', 'V43', 'V36', 'V1', 'V45', 'V41', 'V6', 'V34', 'V38', 'V0', 'V46', 'V23', 'V40', 'V18', 'V30', 'V2', 'V9', 'V37', 'V8', 'V4', 'V49', 'V21', 'V15', 'V42', 'V31', 'V5', 'V32', 'V22', 'V13', 'V47', 'E'] 
	# trees: 35 , real: 0 , pred: 0

test case 7
	 ['V48', 'V14', 'V24', 'V3', 'V44', 'V17', 'V43', 'V29', 'V4', 'V22', 'V36', 'V1', 'V41', 'V6', 'V34', 'V38', 'V9', 'V30', 'V0', 'V46', 'V25', 'V5', 'V16', 'V18', 'V45', 'V20', 'V23', 'V37', 'V7', 'V28', 'V31', 'V40', 'V49', 'V35', 'V8', 'V10', 'V15', 'V2', 'V47', 'V42', 'V32', 'V21', 'V33', 'E'] 
	# trees: 43 , real: 1 , pred: 1

test case 8
	 ['V48', 'V14', 'V24', 'V17', 'V44', 'V3', 'V43', 'V36', 'V1', 'V45', 'V6', 'V34', 'V41', 'V23', 'V0', 'V40', 'V38', 'V2', 'V46', 'V37', 'V35', 'V42', 'V30', 'V15', 'V18', 'V9', 'V8', 'V31', 'V27', 'V49', 'V47', 'V21', 'V39', 'V12', 'V13', 'V32', 'V4', 'E'] 
	# trees: 37 , real: 0 , pred: 0

test case 9
	 ['V48', 'V14', 'V24', 'V3', 'V44', 'V17', 'V43', 'V29', 'V36', 'V1', 'V4', 'V46', 'V41', 'V38', 'V25', 'V34', 'V6', 'V45', 'V9', 'V22', 'V30', 'V0', 'V5', 'V23', 'V37', 'V18', 'V16', 'V31', 'V40', 'V49', 'V20', 'V35', 'V2', 'V28', 'V7', 'V8', 'V32', 'V42', 'V10', 'V21', 'V19', 'V47', 'V33', 'V15', 'V13', 'V27', 'V39', 'V12', 'E'] 
	# trees: 48 , real: 1 , pred: 1

test case 10
	 ['V48', 'V14', 'V24', 'V17', 'V44', 'V3', 'V43', 'V36', 'V1', 'V45', 'V34', 'V41', 'V23', 'V6', 'V0', 'V40', 'V38', 'V46', 'V2', 'V37', 'V35', 'V30', 'V42', 'V9', 'V15', 'V18', 'V8', 'V31', 'V4', 'V25', 'V47', 'V49', 'V12', 'V21', 'V27', 'V5', 'V32', 'V39', 'V22', 'V13', 'V20', 'V29', 'E'] 
	# trees: 42 , real: 0 , pred: 0

test case 11
	 ['V48', 'V14', 'V24', 'V44', 'V3', 'V17', 'V43', 'V36', 'V41', 'V38', 'V45', 'V1', 'V46', 'V6', 'V0', 'V40', 'V18', 'V4', 'V34', 'V23', 'V29', 'V30', 'V37', 'V5', 'V21', 'V9', 'V22', 'V25', 'V2', 'V20', 'V42', 'V13', 'V32', 'V15', 'V49', 'V16', 'V47', 'V12', 'V11', 'V10', 'V19', 'V7', 'V33', 'E'] 
	# trees: 43 , real: 0 , pred: 0

test case 12
	 ['V48', 'V14', 'V24', 'V44', 'V17', 'V3', 'V43', 'V36', 'V1', 'V34', 'V41', 'V38', 'V45', 'V0', 'V23', 'V46', 'V6', 'V37', 'V18', 'V4', 'V30', 'V22', 'V29', 'V9', 'V40', 'V2', 'V15', 'V42', 'V35', 'V31', 'V8', 'V49', 'V21', 'V20', 'V47', 'V25', 'V5', 'V32', 'V16', 'E'] 
	# trees: 39 , real: 0 , pred: 0

test case 13
	 ['V48', 'V14', 'V24', 'V44', 'V17', 'V3', 'V43', 'V36', 'V1', 'V45', 'V41', 'V6', 'V34', 'V23', 'V0', 'V38', 'V46', 'V40', 'V30', 'V9', 'V18', 'V37', 'V2', 'V8', 'V4', 'V47', 'V15', 'V21', 'V49', 'V32', 'V22', 'V29', 'V5', 'V13', 'V25', 'V20', 'E'] 
	# trees: 36 , real: 0 , pred: 0

test case 14
	 ['V48', 'V14', 'V24', 'V17', 'V44', 'V3', 'V43', 'V36', 'V1', 'V45', 'V23', 'V34', 'V41', 'V6', 'V0', 'V38', 'V40', 'V2', 'V46', 'V37', 'V35', 'V42', 'V30', 'V15', 'V8', 'V18', 'V31', 'V9', 'V4', 'V12', 'V49', 'V21', 'V27', 'V13', 'V47', 'V22', 'V32', 'V5', 'V29', 'E'] 
	# trees: 39 , real: 1 , pred: 0

test case 15
	 ['V48', 'V14', 'V24', 'V17', 'V44', 'V3', 'V43', 'V36', 'V1', 'V45', 'V41', 'V38', 'V46', 'V6', 'V25', 'V4', 'V29', 'V0', 'V18', 'V22', 'V21', 'V5', 'V30', 'V32', 'V9', 'V47', 'V16', 'V19', 'V10', 'V13', 'V20', 'V7', 'V49', 'V11', 'V33', 'V42', 'V40', 'V34', 'V15', 'V2', 'V12', 'E'] 
	# trees: 41 , real: 0 , pred: 0

test case 16
	 ['V48', 'V14', 'V24', 'V17', 'V44', 'V3', 'V43', 'V36', 'V1', 'V45', 'V34', 'V6', 'V41', 'V23', 'V0', 'V38', 'V40', 'V46', 'V2', 'V18', 'V37', 'V30', 'V42', 'V9', 'V15', 'V8', 'V35', 'V31', 'V49', 'V21', 'V27', 'V4', 'V47', 'V12', 'V13', 'V32', 'E'] 
	# trees: 36 , real: 0 , pred: 0

test case 17
	 ['V48', 'V14', 'V24', 'V17', 'V44', 'V3', 'V43', 'V36', 'V1', 'V45', 'V6', 'V34', 'V41', 'V38', 'V23', 'V0', 'V46', 'V40', 'V2', 'V18', 'V30', 'V37', 'V42', 'V21', 'V15', 'V9', 'V8', 'V35', 'V49', 'V13', 'V47', 'V31', 'V4', 'V32', 'V12', 'V27', 'V39', 'V26', 'E'] 
	# trees: 38 , real: 0 , pred: 0

test case 18
	 ['V48', 'V14', 'V24', 'V17', 'V44', 'V3', 'V43', 'V36', 'V1', 'V45', 'V6', 'V34', 'V41', 'V23', 'V0', 'V38', 'V40', 'V46', 'V2', 'V37', 'V35', 'V30', 'V42', 'V15', 'V18', 'V8', 'V9', 'V21', 'V49', 'V27', 'V12', 'V13', 'V47', 'V31', 'V32', 'E'] 
	# trees: 35 , real: 0 , pred: 0

test case 19
	 ['V48', 'V14', 'V24', 'V17', 'V44', 'V3', 'V43', 'V36', 'V1', 'V45', 'V6', 'V41', 'V23', 'V34', 'V0', 'V40', 'V38', 'V2', 'V46', 'V35', 'V37', 'V15', 'V42', 'V18', 'V30', 'V8', 'V9', 'V47', 'V27', 'V12', 'V21', 'V49', 'V13', 'V31', 'V32', 'V26', 'E'] 
	# trees: 36 , real: 0 , pred: 0

test case 20
	 ['V48', 'V14', 'V24', 'V3', 'V44', 'V43', 'V17', 'V36', 'V29', 'V41', 'V22', 'V6', 'V1', 'V38', 'V34', 'V30', 'V4', 'V16', 'V45', 'V46', 'V25', 'V21', 'V9', 'V0', 'V49', 'V5', 'V18', 'V7', 'V20', 'V13', 'V23', 'V37', 'V15', 'E'] 
	# trees: 33 , real: 0 , pred: 0

test case 21
	 ['V48', 'V14', 'V24', 'V44', 'V3', 'V43', 'V17', 'V36', 'V1', 'V41', 'V45', 'V38', 'V46', 'V6', 'V4', 'V29', 'V30', 'V22', 'V9', 'V34', 'V25', 'V21', 'V18', 'V16', 'V5', 'V0', 'V37', 'V13', 'V20', 'V7', 'V49', 'V10', 'V23', 'V40', 'V15', 'V2', 'V47', 'E'] 
	# trees: 37 , real: 1 , pred: 1

test case 22
	 ['V48', 'V14', 'V24', 'V3', 'V44', 'V43', 'V17', 'V36', 'V1', 'V34', 'V29', 'V4', 'V22', 'V41', 'V6', 'V0', 'V38', 'V30', 'V16', 'V21', 'V5', 'V46', 'V9', 'V49', 'V23', 'V37', 'V15', 'V45', 'V40', 'V2', 'V18', 'V42', 'V35', 'V25', 'V7', 'V20', 'V47', 'V10', 'E'] 
	# trees: 38 , real: 0 , pred: 1

test case 23
	 ['V48', 'V14', 'V24', 'V17', 'V44', 'V3', 'V43', 'V36', 'V1', 'V45', 'V41', 'V6', 'V34', 'V23', 'V0', 'V40', 'V38', 'V46', 'V37', 'V30', 'V2', 'V9', 'V42', 'V18', 'V15', 'V21', 'V8', 'V25', 'V35', 'V49', 'V4', 'V47', 'V5', 'V32', 'V29', 'V13', 'V22', 'V20', 'V12', 'E'] 
	# trees: 39 , real: 0 , pred: 0

test case 24
	 ['V48', 'V14', 'V24', 'V17', 'V44', 'V3', 'V43', 'V36', 'V1', 'V45', 'V6', 'V34', 'V41', 'V23', 'V0', 'V38', 'V40', 'V46', 'V2', 'V18', 'V30', 'V37', 'V42', 'V15', 'V9', 'V8', 'V35', 'V21', 'V49', 'V13', 'V47', 'V27', 'V31', 'V32', 'V4', 'V22', 'E'] 
	# trees: 36 , real: 0 , pred: 0

test case 25
	 ['V48', 'V14', 'V24', 'V44', 'V17', 'V3', 'V43', 'V36', 'V1', 'V34', 'V41', 'V38', 'V29', 'V4', 'V6', 'V22', 'V46', 'V45', 'V0', 'V30', 'V16', 'V9', 'V23', 'V18', 'V21', 'V5', 'V49', 'V25', 'V20', 'V7', 'V10', 'V32', 'V37', 'V40', 'V15', 'V2', 'V13', 'V8', 'E'] 
	# trees: 38 , real: 0 , pred: 0

test case 26
	 ['V48', 'V14', 'V24', 'V17', 'V44', 'V3', 'V43', 'V36', 'V1', 'V45', 'V6', 'V34', 'V41', 'V23', 'V0', 'V38', 'V40', 'V46', 'V2', 'V18', 'V30', 'V37', 'V42', 'V15', 'V9', 'V8', 'V35', 'V21', 'V49', 'V13', 'V47', 'V27', 'V31', 'V32', 'V4', 'V22', 'E'] 
	# trees: 36 , real: 1 , pred: 0

test case 27
	 ['V48', 'V14', 'V24', 'V17', 'V44', 'V3', 'V43', 'V36', 'V1', 'V45', 'V6', 'V41', 'V23', 'V34', 'V0', 'V38', 'V40', 'V46', 'V2', 'V37', 'V30', 'V9', 'V15', 'V42', 'V35', 'V8', 'V18', 'V21', 'V49', 'V13', 'V47', 'V27', 'V12', 'V31', 'V32', 'E'] 
	# trees: 35 , real: 0 , pred: 0

test case 28
	 ['V48', 'V14', 'V24', 'V3', 'V44', 'V17', 'V43', 'V29', 'V4', 'V22', 'V36', 'V41', 'V1', 'V34', 'V25', 'V38', 'V46', 'V30', 'V18', 'V16', 'V9', 'V5', 'V0', 'V20', 'V6', 'V7', 'V21', 'V49', 'V10', 'V23', 'V37', 'V45', 'V28', 'V32', 'V47', 'V31', 'V40', 'V19', 'V33', 'V13', 'V15', 'E'] 
	# trees: 41 , real: 0 , pred: 1
               accuracy, precision, recall, f_score
majority vote: 0.793103, 0.684783, 0.684783, 0.684783
weighted vote: 0.793103, 0.684783, 0.684783, 0.684783
reinforcement: 0.793103, 0.684783, 0.684783, 0.684783
Running iteration 3 of 10 fold...

epoch: 999 row: 96 exploration: 0.10000
	 ['V30', 'E'] 


finished epoch 1000
average loss: 0.14563848838108243

epoch: 1999 row: 64 exploration: 0.10000
	 ['V30', 'E'] 


finished epoch 2000
average loss: 0.13207164108753205

epoch: 2999 row: 32 exploration: 0.10000
	 ['V49', 'V30', 'E'] 


finished epoch 3000
average loss: 0.1338241220396012

epoch: 3999 row: 0 exploration: 0.10000
	 ['V49', 'V30', 'E'] 


finished epoch 4000
average loss: 0.13033507172204553

epoch: 4999 row: 97 exploration: 0.10000
	 ['V30', 'E'] 


finished epoch 5000
average loss: 0.12797050069272517

epoch: 5999 row: 65 exploration: 0.10000
	 ['V27', 'V30', 'E'] 


finished epoch 6000
average loss: 0.12749275933904575

epoch: 6999 row: 33 exploration: 0.10000
	 ['V30', 'E'] 


finished epoch 7000
average loss: 0.1235077384505421

epoch: 7999 row: 1 exploration: 0.10000
	 ['V30', 'V28', 'V13', 'V34', 'V0', 'V39', 'V9', 'V2', 'V23', 'V7', 'V21', 'V47', 'V44', 'V27', 'V48', 'V10', 'V18', 'V31', 'V12', 'V8', 'V3', 'V15', 'V17', 'V14', 'V5', 'V26', 'V25', 'V29', 'V24', 'V38', 'V46', 'V16', 'V20', 'V32', 'V22', 'V40', 'V49', 'V19', 'V43', 'V6', 'V45', 'V1', 'V37', 'V4', 'V33', 'V11', 'V36', 'E'] 


finished epoch 8000
average loss: 0.06457175560633187

epoch: 8999 row: 98 exploration: 0.10000
	 ['V30', 'V28', 'V13', 'V0', 'V34', 'V7', 'V39', 'V27', 'V36', 'V48', 'V2', 'V3', 'V11', 'V21', 'V26', 'V37', 'V8', 'V19', 'V45', 'V44', 'V25', 'V38', 'V31', 'V9', 'V22', 'V41', 'V33', 'V1', 'V20', 'V17', 'E'] 


finished epoch 9000
average loss: 0.03453946812484355

epoch: 9999 row: 66 exploration: 0.10000
	 ['V36', 'V30', 'V28', 'V13', 'V10', 'V0', 'V40', 'V27', 'V3', 'V38', 'V48', 'V8', 'V37', 'V26', 'V2', 'V31', 'V16', 'V11', 'V1', 'V44', 'V19', 'V49', 'V22', 'V33', 'V9', 'E'] 


finished epoch 10000
average loss: 0.03315303831440542

test case 0
	 ['V30', 'V28', 'V13', 'V0', 'V27', 'V39', 'V34', 'V21', 'V15', 'V1', 'V32', 'V38', 'V7', 'V24', 'V14', 'V46', 'V5', 'V25', 'V45', 'V3', 'V8', 'V6', 'V18', 'V29', 'V49', 'V47', 'V16', 'V20', 'V17', 'V11', 'V12', 'V31', 'V23', 'V44', 'V2', 'V40', 'V42', 'V43', 'V41', 'V4', 'V36', 'V9', 'V10', 'V35', 'V19', 'V26', 'E'] 
	# trees: 46 , real: 0 , pred: 0

test case 1
	 ['V30', 'V28', 'V13', 'V0', 'V27', 'V39', 'V1', 'V32', 'V38', 'V36', 'V8', 'V3', 'V16', 'V34', 'V2', 'V48', 'V15', 'V31', 'V11', 'V37', 'V26', 'V17', 'V19', 'V44', 'V22', 'V20', 'V9', 'E'] 
	# trees: 27 , real: 0 , pred: 1

test case 2
	 ['V30', 'V28', 'V13', 'V0', 'V27', 'V39', 'V34', 'V21', 'V15', 'V1', 'V32', 'V38', 'V7', 'V24', 'V14', 'V3', 'V8', 'V5', 'V45', 'V6', 'V16', 'V25', 'V18', 'V46', 'V31', 'V11', 'V20', 'V29', 'V49', 'V2', 'V36', 'V17', 'V44', 'V47', 'V12', 'V40', 'V43', 'V23', 'V4', 'V26', 'V41', 'V42', 'V19', 'V9', 'V35', 'E'] 
	# trees: 45 , real: 1 , pred: 0

test case 3
	 ['V30', 'V28', 'V13', 'V0', 'V27', 'V39', 'V1', 'V32', 'V34', 'V38', 'V15', 'V21', 'V8', 'V36', 'V7', 'V3', 'V16', 'V14', 'V18', 'V6', 'V2', 'V5', 'V11', 'V31', 'V45', 'V20', 'V24', 'V17', 'V44', 'V25', 'V12', 'V40', 'V23', 'V26', 'V43', 'V47', 'V42', 'V29', 'V4', 'V48', 'V46', 'V9', 'V22', 'V19', 'E'] 
	# trees: 44 , real: 1 , pred: 0

test case 4
	 ['V30', 'V28', 'V13', 'V0', 'V27', 'V39', 'V34', 'V21', 'V15', 'V1', 'V32', 'V38', 'V24', 'V7', 'V5', 'V45', 'V8', 'V25', 'V14', 'V3', 'V46', 'V29', 'V16', 'V6', 'V18', 'V20', 'V47', 'V11', 'V31', 'V2', 'V23', 'V44', 'V40', 'V17', 'V49', 'V12', 'V42', 'V43', 'V36', 'V4', 'V26', 'V41', 'E'] 
	# trees: 42 , real: 1 , pred: 0

test case 5
	 ['V30', 'V28', 'V13', 'V0', 'V27', 'V39', 'V34', 'V21', 'V15', 'V1', 'V32', 'V38', 'V24', 'V7', 'V3', 'V8', 'V5', 'V45', 'V25', 'V14', 'V29', 'V16', 'V46', 'V6', 'V20', 'V18', 'V31', 'V2', 'V11', 'V23', 'V44', 'V47', 'V40', 'V17', 'V42', 'V12', 'V49', 'V43', 'V36', 'V4', 'V26', 'E'] 
	# trees: 41 , real: 0 , pred: 0

test case 6
	 ['V30', 'V28', 'V13', 'V0', 'V27', 'V39', 'V34', 'V21', 'V15', 'V1', 'V32', 'V24', 'V7', 'V38', 'V14', 'V5', 'V46', 'V25', 'V8', 'V3', 'V6', 'V45', 'V18', 'V16', 'V11', 'V49', 'V29', 'V36', 'V17', 'V20', 'V31', 'V2', 'V44', 'V12', 'V47', 'V43', 'V23', 'V40', 'V4', 'V41', 'V9', 'V42', 'E'] 
	# trees: 42 , real: 0 , pred: 0

test case 7
	 ['V30', 'V28', 'V13', 'V0', 'V27', 'V39', 'V21', 'V34', 'V15', 'V1', 'V32', 'V24', 'V38', 'V7', 'V29', 'V5', 'V25', 'V14', 'V45', 'V3', 'V8', 'V46', 'V16', 'V6', 'V18', 'V20', 'V49', 'V47', 'V31', 'V2', 'V11', 'V44', 'V40', 'V17', 'V23', 'V12', 'V43', 'V4', 'V42', 'V36', 'V26', 'V41', 'E'] 
	# trees: 42 , real: 0 , pred: 0

test case 8
	 ['V30', 'V28', 'V13', 'V0', 'V27', 'V39', 'V34', 'V21', 'V15', 'V1', 'V32', 'V38', 'V7', 'V3', 'V24', 'V8', 'V14', 'V5', 'V45', 'V16', 'V31', 'V25', 'V6', 'V18', 'V29', 'V36', 'V11', 'V2', 'V20', 'V17', 'V46', 'V44', 'V26', 'V4', 'V40', 'V23', 'V19', 'V43', 'V37', 'E'] 
	# trees: 39 , real: 0 , pred: 0

test case 9
	 ['V30', 'V28', 'V13', 'V0', 'V27', 'V39', 'V34', 'V21', 'V15', 'V1', 'V32', 'V38', 'V7', 'V8', 'V3', 'V24', 'V14', 'V16', 'V36', 'V31', 'V45', 'V6', 'V2', 'V11', 'V5', 'V18', 'V25', 'V17', 'V20', 'V46', 'V44', 'V26', 'V48', 'E'] 
	# trees: 33 , real: 0 , pred: 0

test case 10
	 ['V30', 'V28', 'V13', 'V0', 'V27', 'V39', 'V21', 'V34', 'V15', 'V1', 'V32', 'V24', 'V38', 'V7', 'V29', 'V5', 'V25', 'V14', 'V45', 'V3', 'V8', 'V46', 'V16', 'V6', 'V18', 'V20', 'V49', 'V47', 'V31', 'V2', 'V11', 'V44', 'V40', 'V17', 'V23', 'V12', 'V43', 'V4', 'V42', 'V36', 'V26', 'V41', 'E'] 
	# trees: 42 , real: 0 , pred: 0

test case 11
	 ['V30', 'V28', 'V13', 'V0', 'V27', 'V39', 'V21', 'V34', 'V15', 'V1', 'V32', 'V24', 'V38', 'V7', 'V5', 'V8', 'V45', 'V3', 'V25', 'V14', 'V29', 'V46', 'V6', 'V16', 'V20', 'V31', 'V18', 'V2', 'V49', 'V47', 'V23', 'V44', 'V11', 'V12', 'V40', 'V42', 'V17', 'V41', 'V36', 'V43', 'V4', 'V26', 'E'] 
	# trees: 42 , real: 0 , pred: 0

test case 12
	 ['V30', 'V28', 'V13', 'V0', 'V27', 'V39', 'V1', 'V32', 'V38', 'V34', 'V15', 'V8', 'V21', 'V3', 'V16', 'V36', 'V31', 'V2', 'V14', 'V5', 'V6', 'V11', 'V45', 'V44', 'V20', 'V18', 'V26', 'V40', 'V37', 'V17', 'V48', 'V7', 'V25', 'V24', 'V29', 'V23', 'V4', 'V19', 'V43', 'V9', 'V12', 'V47', 'V42', 'E'] 
	# trees: 43 , real: 0 , pred: 0

test case 13
	 ['V30', 'V28', 'V13', 'V0', 'V27', 'V38', 'V36', 'V1', 'V8', 'V39', 'V32', 'V3', 'V34', 'V15', 'V16', 'V31', 'V2', 'V11', 'V26', 'V44', 'V37', 'V48', 'V19', 'V20', 'E'] 
	# trees: 24 , real: 1 , pred: 0

test case 14
	 ['V30', 'V28', 'V13', 'V0', 'V27', 'V36', 'V38', 'V8', 'V3', 'V48', 'V1', 'V39', 'V32', 'V16', 'V31', 'V2', 'V34', 'V15', 'V21', 'V6', 'V11', 'V14', 'V18', 'V37', 'V26', 'V9', 'V44', 'V19', 'V22', 'V33', 'V17', 'V5', 'V20', 'E'] 
	# trees: 33 , real: 1 , pred: 1

test case 15
	 ['V30', 'V28', 'V13', 'V0', 'V27', 'V38', 'V36', 'V1', 'V8', 'V32', 'V39', 'V3', 'V16', 'V31', 'V15', 'V34', 'V2', 'V37', 'V48', 'V21', 'V14', 'V6', 'V11', 'V18', 'V7', 'V45', 'V20', 'V26', 'V17', 'V5', 'V24', 'V9', 'V44', 'V19', 'E'] 
	# trees: 34 , real: 1 , pred: 1

test case 16
	 ['V30', 'V28', 'V13', 'V0', 'V27', 'V39', 'V34', 'V15', 'V21', 'V1', 'V32', 'V38', 'V7', 'V24', 'V3', 'V8', 'V16', 'V14', 'V6', 'V5', 'V46', 'V20', 'V45', 'V17', 'V25', 'V29', 'V36', 'V31', 'V11', 'V2', 'V49', 'V47', 'V4', 'V44', 'V40', 'V23', 'V43', 'E'] 
	# trees: 37 , real: 0 , pred: 0

test case 17
	 ['V30', 'V28', 'V13', 'V0', 'V27', 'V39', 'V1', 'V32', 'V38', 'V34', 'V15', 'V3', 'V21', 'V8', 'V16', 'V24', 'V5', 'V31', 'V2', 'V20', 'V45', 'V36', 'V6', 'V40', 'V7', 'V37', 'V11', 'V44', 'V14', 'V18', 'V17', 'V26', 'V48', 'V19', 'E'] 
	# trees: 34 , real: 0 , pred: 0

test case 18
	 ['V30', 'V28', 'V13', 'V0', 'V27', 'V39', 'V1', 'V38', 'V8', 'V3', 'V32', 'V36', 'V16', 'V2', 'V37', 'V48', 'V15', 'V31', 'V26', 'V11', 'V19', 'V44', 'V20', 'V9', 'V5', 'V33', 'V45', 'V6', 'V17', 'V22', 'V18', 'E'] 
	# trees: 31 , real: 1 , pred: 0

test case 19
	 ['V30', 'V28', 'V13', 'V0', 'V27', 'V39', 'V21', 'V34', 'V15', 'V1', 'V32', 'V24', 'V38', 'V7', 'V29', 'V5', 'V25', 'V14', 'V45', 'V3', 'V8', 'V46', 'V16', 'V6', 'V18', 'V20', 'V49', 'V47', 'V31', 'V2', 'V11', 'V44', 'V40', 'V17', 'V23', 'V12', 'V43', 'V4', 'V42', 'V36', 'V26', 'V41', 'E'] 
	# trees: 42 , real: 0 , pred: 0

test case 20
	 ['V30', 'V28', 'V13', 'V0', 'V27', 'V1', 'V38', 'V39', 'V32', 'V36', 'V8', 'V34', 'V15', 'V21', 'V3', 'V16', 'V14', 'V6', 'V7', 'V31', 'V2', 'V11', 'V18', 'V5', 'V17', 'V20', 'V48', 'V24', 'V45', 'V44', 'V46', 'V37', 'V26', 'V43', 'V25', 'V40', 'V23', 'V4', 'V19', 'E'] 
	# trees: 39 , real: 0 , pred: 1

test case 21
	 ['V30', 'V28', 'V13', 'V0', 'V27', 'V1', 'V39', 'V38', 'V36', 'V8', 'V32', 'V3', 'V16', 'V31', 'V15', 'V34', 'V2', 'V21', 'V37', 'V48', 'V26', 'V11', 'V17', 'V6', 'V19', 'V44', 'V20', 'E'] 
	# trees: 27 , real: 0 , pred: 1

test case 22
	 ['V30', 'V28', 'V13', 'V0', 'V27', 'V39', 'V1', 'V34', 'V15', 'V32', 'V38', 'V21', 'V3', 'V8', 'V16', 'V24', 'V31', 'V2', 'V5', 'V20', 'V45', 'V6', 'V7', 'V25', 'V44', 'V36', 'V11', 'V40', 'V26', 'V37', 'V19', 'V48', 'V23', 'V46', 'V17', 'E'] 
	# trees: 35 , real: 0 , pred: 0

test case 23
	 ['V30', 'V28', 'V13', 'V0', 'V27', 'V39', 'V34', 'V21', 'V15', 'V1', 'V32', 'V7', 'V24', 'V38', 'V14', 'V5', 'V8', 'V3', 'V6', 'V18', 'V36', 'V16', 'V25', 'V45', 'V11', 'V17', 'V31', 'V46', 'V29', 'V2', 'V20', 'V44', 'V12', 'V49', 'V43', 'V47', 'V4', 'V23', 'V26', 'E'] 
	# trees: 39 , real: 0 , pred: 0

test case 24
	 ['V30', 'V28', 'V13', 'V0', 'V27', 'V39', 'V21', 'V34', 'V15', 'V1', 'V32', 'V7', 'V24', 'V38', 'V14', 'V5', 'V18', 'V25', 'V46', 'V29', 'V8', 'V45', 'V3', 'V16', 'V10', 'V6', 'V36', 'V17', 'V11', 'V49', 'V47', 'V12', 'V20', 'V31', 'V23', 'V2', 'V44', 'V40', 'V42', 'V43', 'V9', 'V41', 'V4', 'V33', 'V19', 'V37', 'V26', 'E'] 
	# trees: 47 , real: 0 , pred: 0

test case 25
	 ['V30', 'V28', 'V13', 'V0', 'V27', 'V36', 'V38', 'V8', 'V3', 'V1', 'V2', 'V16', 'V32', 'V31', 'V48', 'V39', 'V15', 'V37', 'V26', 'V44', 'V11', 'V20', 'V45', 'V5', 'V6', 'V34', 'V19', 'V17', 'E'] 
	# trees: 28 , real: 0 , pred: 0

test case 26
	 ['V30', 'V28', 'V13', 'V0', 'V27', 'V39', 'V34', 'V21', 'V15', 'V1', 'V32', 'V38', 'V7', 'V24', 'V14', 'V3', 'V8', 'V25', 'V5', 'V45', 'V46', 'V6', 'V29', 'V16', 'V18', 'V20', 'V49', 'V31', 'V2', 'V11', 'V17', 'V23', 'V44', 'V47', 'V36', 'V40', 'V12', 'V43', 'V4', 'V42', 'E'] 
	# trees: 40 , real: 0 , pred: 0

test case 27
	 ['V30', 'V28', 'V13', 'V0', 'V27', 'V39', 'V21', 'V34', 'V15', 'V1', 'V32', 'V24', 'V38', 'V7', 'V5', 'V8', 'V45', 'V3', 'V25', 'V14', 'V29', 'V46', 'V6', 'V16', 'V20', 'V31', 'V2', 'V40', 'V11', 'V18', 'V44', 'V23', 'V47', 'V17', 'V49', 'V12', 'V42', 'V36', 'V43', 'V4', 'V26', 'V41', 'E'] 
	# trees: 42 , real: 0 , pred: 0

test case 28
	 ['V30', 'V28', 'V13', 'V0', 'V27', 'V39', 'V21', 'V34', 'V15', 'V1', 'V32', 'V24', 'V38', 'V7', 'V29', 'V5', 'V25', 'V14', 'V45', 'V3', 'V8', 'V46', 'V16', 'V6', 'V18', 'V20', 'V49', 'V47', 'V31', 'V2', 'V11', 'V44', 'V40', 'V17', 'V23', 'V12', 'V43', 'V4', 'V42', 'V36', 'V26', 'V41', 'E'] 
	# trees: 42 , real: 0 , pred: 0
               accuracy, precision, recall, f_score
majority vote: 0.758621, 0.663043, 0.646104, 0.652991
weighted vote: 0.758621, 0.663043, 0.646104, 0.652991
reinforcement: 0.724138, 0.595833, 0.574675, 0.579710
Running iteration 4 of 10 fold...

epoch: 999 row: 96 exploration: 0.10000
	 ['V3', 'E'] 


finished epoch 1000
average loss: 0.142611891647859

epoch: 1999 row: 64 exploration: 0.10000
	 ['V3', 'E'] 


finished epoch 2000
average loss: 0.13269456034433097

epoch: 2999 row: 32 exploration: 0.10000
	 ['V3', 'V36', 'E'] 


finished epoch 3000
average loss: 0.13334282006695866

epoch: 3999 row: 0 exploration: 0.10000
	 ['V3', 'E'] 


finished epoch 4000
average loss: 0.13055256587453187

epoch: 4999 row: 97 exploration: 0.10000
	 ['V3', 'E'] 


finished epoch 5000
average loss: 0.12873351396992802

epoch: 5999 row: 65 exploration: 0.10000
	 ['V3', 'E'] 


finished epoch 6000
average loss: 0.12212869288213551

epoch: 6999 row: 33 exploration: 0.10000
	 ['V3', 'V28', 'V5', 'V16', 'V6', 'V13', 'E'] 


finished epoch 7000
average loss: 0.10442020590882749

epoch: 7999 row: 1 exploration: 0.10000
	 ['V3', 'V28', 'V39', 'V40', 'V5', 'V6', 'V21', 'V16', 'V15', 'V37', 'V44', 'V49', 'V32', 'V43', 'E'] 


finished epoch 8000
average loss: 0.043449454143148616

epoch: 8999 row: 98 exploration: 0.10000
	 ['V3', 'V7', 'V28', 'V5', 'V40', 'V6', 'V37', 'V16', 'V44', 'V1', 'V34', 'V9', 'V47', 'V29', 'V2', 'V39', 'V43', 'V15', 'V23', 'V30', 'V31', 'V24', 'V17', 'V19', 'V36', 'V49', 'V21', 'V0', 'V22', 'V20', 'V18', 'V42', 'V38', 'V11', 'V10', 'V35', 'V8', 'V48', 'V4', 'V33', 'V45', 'V13', 'E'] 


finished epoch 9000
average loss: 0.026224764825979945

epoch: 9999 row: 66 exploration: 0.10000
	 ['V3', 'V28', 'V40', 'V20', 'V5', 'V6', 'V17', 'V8', 'V37', 'V49', 'V15', 'V18', 'V9', 'V45', 'V11', 'V44', 'V38', 'V10', 'V22', 'V30', 'V41', 'V1', 'V2', 'V48', 'V14', 'V33', 'V31', 'V24', 'V26', 'V42', 'V32', 'V23', 'V13', 'V35', 'V7', 'E'] 


finished epoch 10000
average loss: 0.025257226038091177

test case 0
	 ['V3', 'V28', 'V40', 'V5', 'V6', 'V8', 'V17', 'V15', 'V18', 'V37', 'V49', 'V44', 'V11', 'V41', 'V10', 'V20', 'V45', 'V38', 'V9', 'V7', 'V26', 'V32', 'V42', 'V22', 'V31', 'V30', 'V14', 'V13', 'V24', 'V48', 'V33', 'V1', 'V2', 'V0', 'V25', 'V35', 'V23', 'V46', 'E'] 
	# trees: 38 , real: 1 , pred: 0

test case 1
	 ['V3', 'V28', 'V40', 'V5', 'V6', 'V37', 'V17', 'V8', 'V9', 'V15', 'V45', 'V1', 'V49', 'V2', 'V20', 'V10', 'V39', 'V47', 'V34', 'V29', 'V24', 'V23', 'V19', 'V36', 'V33', 'V38', 'V30', 'V16', 'V22', 'V43', 'V4', 'V11', 'V21', 'V31', 'V0', 'V14', 'V32', 'V48', 'V13', 'V27', 'V35', 'E'] 
	# trees: 41 , real: 0 , pred: 0

test case 2
	 ['V3', 'V28', 'V40', 'V5', 'V6', 'V8', 'V17', 'V37', 'V15', 'V18', 'V49', 'V44', 'V10', 'V20', 'V9', 'V45', 'V11', 'V38', 'V33', 'V41', 'V2', 'V1', 'V48', 'V24', 'V23', 'V30', 'V35', 'V22', 'V31', 'V13', 'V42', 'V39', 'V36', 'E'] 
	# trees: 33 , real: 1 , pred: 0

test case 3
	 ['V3', 'V28', 'V40', 'V5', 'V6', 'V17', 'V37', 'V8', 'V9', 'V15', 'V49', 'V45', 'V1', 'V18', 'V11', 'V20', 'V33', 'V2', 'V47', 'V10', 'V30', 'V23', 'V38', 'V48', 'V34', 'V39', 'V19', 'V24', 'V22', 'V29', 'V36', 'V16', 'V21', 'V43', 'V4', 'V27', 'V31', 'V0', 'V14', 'V35', 'V42', 'E'] 
	# trees: 41 , real: 0 , pred: 0

test case 4
	 ['V3', 'V28', 'V40', 'V5', 'V6', 'V17', 'V37', 'V8', 'V15', 'V9', 'V45', 'V49', 'V1', 'V20', 'V2', 'V10', 'V33', 'V18', 'V38', 'V30', 'V22', 'V41', 'V36', 'V44', 'V24', 'V48', 'V11', 'V32', 'V23', 'V31', 'V39', 'V47', 'V42', 'V0', 'V13', 'V16', 'V27', 'V14', 'V4', 'V29', 'V34', 'V19', 'V43', 'V25', 'V35', 'E'] 
	# trees: 45 , real: 0 , pred: 0

test case 5
	 ['V3', 'V28', 'V40', 'V5', 'V6', 'V8', 'V17', 'V37', 'V18', 'V15', 'V49', 'V44', 'V11', 'V41', 'V45', 'V10', 'V32', 'V20', 'V9', 'V38', 'V22', 'V26', 'V7', 'V42', 'V31', 'V30', 'V33', 'V14', 'V13', 'V48', 'V24', 'V0', 'V25', 'V46', 'V1', 'V2', 'V23', 'V36', 'E'] 
	# trees: 38 , real: 0 , pred: 0

test case 6
	 ['V3', 'V28', 'V40', 'V5', 'V6', 'V37', 'V17', 'V9', 'V8', 'V15', 'V45', 'V1', 'V49', 'V11', 'V47', 'V18', 'V44', 'V48', 'V20', 'V33', 'V10', 'V24', 'V22', 'V2', 'V30', 'V41', 'V38', 'V23', 'V36', 'V39', 'V32', 'V34', 'V19', 'V29', 'V31', 'V0', 'V16', 'V13', 'V42', 'V27', 'V43', 'V4', 'V21', 'V35', 'E'] 
	# trees: 44 , real: 0 , pred: 0

test case 7
	 ['V3', 'V28', 'V40', 'V5', 'V6', 'V8', 'V17', 'V15', 'V18', 'V37', 'V49', 'V44', 'V11', 'V41', 'V45', 'V10', 'V7', 'V32', 'V38', 'V26', 'V20', 'V9', 'V22', 'V42', 'V30', 'V31', 'V33', 'V48', 'V14', 'V2', 'V13', 'V24', 'V1', 'V0', 'V23', 'V35', 'E'] 
	# trees: 36 , real: 0 , pred: 0

test case 8
	 ['V3', 'V28', 'V40', 'V5', 'V6', 'V17', 'V37', 'V8', 'V15', 'V9', 'V45', 'V49', 'V1', 'V20', 'V10', 'V2', 'V39', 'V33', 'V47', 'V30', 'V18', 'V22', 'V23', 'V24', 'V38', 'V48', 'V34', 'V29', 'V19', 'V16', 'V36', 'V43', 'V11', 'V31', 'V41', 'V0', 'V4', 'V35', 'V21', 'E'] 
	# trees: 39 , real: 1 , pred: 0

test case 9
	 ['V3', 'V28', 'V40', 'V5', 'V9', 'V47', 'V37', 'V17', 'V6', 'V1', 'V2', 'V45', 'V34', 'V29', 'V39', 'V19', 'V8', 'V16', 'V15', 'V20', 'V33', 'V36', 'V23', 'V24', 'V30', 'V4', 'V38', 'V11', 'V21', 'V10', 'V43', 'V27', 'V48', 'V49', 'V35', 'V14', 'E'] 
	# trees: 36 , real: 0 , pred: 1

test case 10
	 ['V3', 'V28', 'V40', 'V5', 'V6', 'V8', 'V17', 'V37', 'V18', 'V15', 'V49', 'V9', 'V44', 'V45', 'V11', 'V10', 'V20', 'V48', 'V22', 'V30', 'V38', 'V41', 'V1', 'V2', 'V33', 'V47', 'V24', 'V39', 'V23', 'V31', 'V29', 'V36', 'V42', 'V19', 'V34', 'V16', 'V35', 'V13', 'E'] 
	# trees: 38 , real: 0 , pred: 0

test case 11
	 ['V3', 'V28', 'V40', 'V5', 'V6', 'V8', 'V17', 'V37', 'V15', 'V18', 'V49', 'V44', 'V45', 'V9', 'V10', 'V20', 'V11', 'V38', 'V1', 'V2', 'V41', 'V33', 'V30', 'V48', 'V7', 'V13', 'V22', 'V32', 'V26', 'V42', 'V31', 'V24', 'V14', 'V0', 'V23', 'V36', 'V25', 'V46', 'E'] 
	# trees: 38 , real: 0 , pred: 0

test case 12
	 ['V3', 'V28', 'V40', 'V5', 'V6', 'V8', 'V17', 'V15', 'V18', 'V37', 'V49', 'V44', 'V11', 'V41', 'V45', 'V10', 'V7', 'V32', 'V38', 'V20', 'V9', 'V26', 'V22', 'V42', 'V31', 'V30', 'V14', 'V33', 'V13', 'V48', 'V2', 'V24', 'V1', 'V46', 'V23', 'V35', 'V0', 'V25', 'E'] 
	# trees: 38 , real: 0 , pred: 0

test case 13
	 ['V3', 'V28', 'V40', 'V5', 'V6', 'V8', 'V17', 'V37', 'V15', 'V18', 'V9', 'V49', 'V45', 'V44', 'V11', 'V10', 'V20', 'V41', 'V33', 'V32', 'V38', 'V1', 'V2', 'V30', 'V22', 'V48', 'V26', 'V24', 'V7', 'V36', 'V31', 'V23', 'V42', 'V14', 'V13', 'V0', 'V39', 'V19', 'V47', 'V34', 'V29', 'V16', 'V27', 'V43', 'E'] 
	# trees: 44 , real: 1 , pred: 0

test case 14
	 ['V3', 'V28', 'V40', 'V5', 'V9', 'V6', 'V37', 'V17', 'V8', 'V1', 'V47', 'V2', 'V29', 'V39', 'V34', 'V36', 'V45', 'V19', 'V24', 'V33', 'V20', 'V30', 'V23', 'V16', 'V38', 'V10', 'V21', 'V15', 'V35', 'V49', 'E'] 
	# trees: 30 , real: 0 , pred: 1

test case 15
	 ['V3', 'V28', 'V40', 'V5', 'V6', 'V8', 'V17', 'V37', 'V15', 'V18', 'V49', 'V9', 'V10', 'V11', 'V44', 'V45', 'V20', 'V38', 'V2', 'V1', 'V41', 'V30', 'V22', 'V48', 'V7', 'V26', 'V33', 'V42', 'V32', 'V24', 'V31', 'V13', 'V14', 'V0', 'V36', 'V23', 'V25', 'V27', 'V39', 'V46', 'E'] 
	# trees: 40 , real: 0 , pred: 0

test case 16
	 ['V3', 'V28', 'V40', 'V5', 'V6', 'V17', 'V37', 'V8', 'V9', 'V15', 'V49', 'V1', 'V45', 'V2', 'V11', 'V18', 'V20', 'V10', 'V33', 'V38', 'V47', 'V23', 'V30', 'V29', 'V41', 'V24', 'V36', 'V35', 'V22', 'V39', 'V19', 'V31', 'V16', 'E'] 
	# trees: 33 , real: 1 , pred: 0

test case 17
	 ['V3', 'V28', 'V40', 'V5', 'V6', 'V8', 'V17', 'V37', 'V15', 'V18', 'V49', 'V9', 'V10', 'V11', 'V44', 'V45', 'V20', 'V22', 'V41', 'V38', 'V1', 'V7', 'V48', 'V32', 'V26', 'V42', 'V30', 'V31', 'V33', 'V14', 'V13', 'V46', 'V2', 'V24', 'V23', 'V25', 'V36', 'E'] 
	# trees: 37 , real: 0 , pred: 0

test case 18
	 ['V3', 'V28', 'V40', 'V5', 'V9', 'V6', 'V37', 'V17', 'V47', 'V1', 'V2', 'V8', 'V39', 'V45', 'V15', 'V10', 'V30', 'V20', 'V29', 'V34', 'V36', 'V23', 'V33', 'V49', 'V38', 'V24', 'V22', 'V19', 'V11', 'V16', 'V18', 'V41', 'V35', 'V48', 'V31', 'V42', 'V13', 'V0', 'V4', 'V21', 'V43', 'V27', 'E'] 
	# trees: 42 , real: 0 , pred: 0

test case 19
	 ['V3', 'V28', 'V40', 'V5', 'V6', 'V8', 'V17', 'V15', 'V18', 'V37', 'V49', 'V44', 'V11', 'V41', 'V45', 'V10', 'V7', 'V32', 'V38', 'V20', 'V9', 'V26', 'V22', 'V42', 'V31', 'V30', 'V14', 'V33', 'V13', 'V48', 'V2', 'V24', 'V1', 'V46', 'V23', 'V35', 'V0', 'V25', 'E'] 
	# trees: 38 , real: 0 , pred: 0

test case 20
	 ['V3', 'V28', 'V40', 'V5', 'V6', 'V8', 'V17', 'V15', 'V37', 'V18', 'V49', 'V44', 'V11', 'V45', 'V9', 'V10', 'V20', 'V38', 'V41', 'V32', 'V33', 'V7', 'V48', 'V26', 'V2', 'V31', 'V22', 'V30', 'V42', 'V13', 'V14', 'V24', 'V1', 'V23', 'V46', 'V35', 'E'] 
	# trees: 36 , real: 0 , pred: 0

test case 21
	 ['V3', 'V28', 'V40', 'V5', 'V6', 'V8', 'V17', 'V37', 'V15', 'V18', 'V49', 'V9', 'V45', 'V22', 'V1', 'V2', 'V10', 'V39', 'V20', 'V30', 'V33', 'V38', 'V47', 'V24', 'V41', 'V23', 'V48', 'V31', 'V29', 'V34', 'V19', 'V36', 'V43', 'V11', 'V16', 'V42', 'V44', 'V0', 'V13', 'V4', 'V21', 'V27', 'V32', 'V35', 'V14', 'E'] 
	# trees: 45 , real: 0 , pred: 0

test case 22
	 ['V3', 'V28', 'V40', 'V5', 'V6', 'V8', 'V17', 'V15', 'V18', 'V37', 'V49', 'V44', 'V10', 'V20', 'V45', 'V11', 'V9', 'V38', 'V41', 'V22', 'V1', 'V2', 'V42', 'V33', 'V30', 'V24', 'V31', 'V35', 'V39', 'V23', 'V29', 'V48', 'V13', 'E'] 
	# trees: 33 , real: 0 , pred: 0

test case 23
	 ['V3', 'V28', 'V40', 'V5', 'V6', 'V37', 'V17', 'V9', 'V47', 'V8', 'V15', 'V1', 'V39', 'V2', 'V45', 'V20', 'V10', 'V34', 'V24', 'V33', 'V23', 'V29', 'V36', 'V30', 'V19', 'V22', 'V16', 'V48', 'V43', 'V11', 'V38', 'V35', 'V4', 'V49', 'V31', 'E'] 
	# trees: 35 , real: 0 , pred: 0

test case 24
	 ['V3', 'V28', 'V40', 'V5', 'V6', 'V8', 'V17', 'V15', 'V18', 'V37', 'V49', 'V44', 'V11', 'V41', 'V45', 'V10', 'V7', 'V32', 'V38', 'V20', 'V9', 'V26', 'V22', 'V42', 'V31', 'V30', 'V14', 'V33', 'V13', 'V46', 'V2', 'V48', 'V1', 'V24', 'V23', 'E'] 
	# trees: 35 , real: 0 , pred: 0

test case 25
	 ['V3', 'V28', 'V40', 'V5', 'V6', 'V8', 'V17', 'V37', 'V18', 'V15', 'V49', 'V44', 'V11', 'V45', 'V9', 'V10', 'V20', 'V48', 'V41', 'V38', 'V33', 'V32', 'V22', 'V1', 'V2', 'V30', 'V7', 'V26', 'V24', 'V31', 'V42', 'V23', 'V13', 'V14', 'V36', 'V35', 'V46', 'V19', 'E'] 
	# trees: 38 , real: 0 , pred: 0

test case 26
	 ['V3', 'V28', 'V40', 'V5', 'V6', 'V17', 'V37', 'V9', 'V8', 'V15', 'V1', 'V2', 'V10', 'V20', 'V45', 'V49', 'V39', 'V33', 'V30', 'V47', 'V18', 'V22', 'V36', 'V38', 'V29', 'V34', 'V24', 'V19', 'V23', 'V16', 'E'] 
	# trees: 30 , real: 1 , pred: 1

test case 27
	 ['V3', 'V28', 'V40', 'V5', 'V6', 'V8', 'V17', 'V37', 'V15', 'V18', 'V49', 'V9', 'V45', 'V22', 'V1', 'V2', 'V10', 'V20', 'V33', 'V38', 'V41', 'V44', 'V30', 'V11', 'V24', 'V48', 'V31', 'V42', 'V32', 'V36', 'V39', 'V23', 'V29', 'V0', 'V47', 'V13', 'V16', 'V4', 'V43', 'V34', 'V19', 'V27', 'V35', 'E'] 
	# trees: 43 , real: 0 , pred: 0

test case 28
	 ['V3', 'V28', 'V40', 'V5', 'V6', 'V8', 'V17', 'V37', 'V18', 'V15', 'V49', 'V10', 'V20', 'V44', 'V38', 'V41', 'V45', 'V9', 'V11', 'V33', 'V30', 'V26', 'V1', 'V22', 'V32', 'V31', 'V7', 'V42', 'V48', 'V13', 'V24', 'V14', 'V23', 'V2', 'V36', 'E'] 
	# trees: 35 , real: 0 , pred: 0
               accuracy, precision, recall, f_score
majority vote: 0.724138, 0.525000, 0.518116, 0.516667
weighted vote: 0.724138, 0.525000, 0.518116, 0.516667
reinforcement: 0.758621, 0.570513, 0.539855, 0.539683
Running iteration 5 of 10 fold...

epoch: 999 row: 96 exploration: 0.10000
	 ['V45', 'V30', 'E'] 


finished epoch 1000
average loss: 0.1451292091111827

epoch: 1999 row: 64 exploration: 0.10000
	 ['V30', 'E'] 


finished epoch 2000
average loss: 0.12927342038415374

epoch: 2999 row: 32 exploration: 0.10000
	 ['V30', 'E'] 


finished epoch 3000
average loss: 0.12940714298095554

epoch: 3999 row: 0 exploration: 0.10000
	 ['V30', 'E'] 


finished epoch 4000
average loss: 0.12811964689008892

epoch: 4999 row: 97 exploration: 0.10000
	 ['V30', 'E'] 


finished epoch 5000
average loss: 0.12283619219157844

epoch: 5999 row: 65 exploration: 0.10000
	 ['V30', 'V13', 'E'] 


finished epoch 6000
average loss: 0.11943171204347164

epoch: 6999 row: 33 exploration: 0.10000
	 ['V30', 'V13', 'V19', 'V27', 'V35', 'V49', 'V16', 'V44', 'V28', 'V12', 'V43', 'V10', 'V46', 'V32', 'V3', 'E'] 


finished epoch 7000
average loss: 0.08367750820571382

epoch: 7999 row: 1 exploration: 0.10000
	 ['V30', 'V27', 'V13', 'V19', 'V35', 'V49', 'V38', 'V10', 'V44', 'V2', 'V7', 'V28', 'V16', 'V39', 'V47', 'V45', 'V40', 'V23', 'V46', 'V43', 'V12', 'V48', 'V8', 'V33', 'V26', 'V34', 'V17', 'V11', 'V41', 'V31', 'V4', 'V32', 'V20', 'V24', 'V21', 'V42', 'V25', 'V37', 'V3', 'V5', 'V36', 'V29', 'V15', 'V22', 'V18', 'V6', 'V14', 'V9', 'V1', 'V0', 'E'] 


finished epoch 8000
average loss: 0.0349900090857991

epoch: 8999 row: 98 exploration: 0.10000
	 ['V30', 'V27', 'V13', 'V19', 'V35', 'V10', 'V44', 'V49', 'V2', 'V46', 'V15', 'V33', 'V43', 'V47', 'V34', 'V42', 'V48', 'V31', 'V14', 'V6', 'V36', 'V16', 'V12', 'V32', 'V39', 'V18', 'V5', 'E'] 


finished epoch 9000
average loss: 0.03261080879524525

epoch: 9999 row: 66 exploration: 0.10000
	 ['V30', 'V27', 'V13', 'V10', 'V2', 'V44', 'V43', 'V33', 'V48', 'V42', 'V46', 'V14', 'V7', 'V34', 'V16', 'V18', 'V6', 'V32', 'V47', 'V31', 'V36', 'V15', 'V35', 'V9', 'E'] 


finished epoch 10000
average loss: 0.030786253957339794

test case 0
	 ['V30', 'V27', 'V19', 'V13', 'V10', 'V2', 'V44', 'V43', 'V36', 'V33', 'V48', 'V46', 'V34', 'V14', 'V42', 'V6', 'V32', 'V47', 'V31', 'V15', 'V35', 'V18', 'V16', 'V26', 'V49', 'V9', 'V12', 'E'] 
	# trees: 27 , real: 0 , pred: 0

test case 1
	 ['V30', 'V27', 'V13', 'V19', 'V2', 'V44', 'V43', 'V33', 'V10', 'V48', 'V42', 'V46', 'V14', 'V36', 'V31', 'V34', 'V32', 'V15', 'V35', 'V47', 'V18', 'V6', 'V9', 'V16', 'V7', 'V23', 'V41', 'V24', 'V8', 'E'] 
	# trees: 29 , real: 1 , pred: 0

test case 2
	 ['V30', 'V27', 'V19', 'V13', 'V10', 'V2', 'V24', 'V36', 'V37', 'V23', 'V44', 'V21', 'V43', 'V33', 'V48', 'V31', 'V7', 'V39', 'V20', 'V0', 'E'] 
	# trees: 20 , real: 0 , pred: 0

test case 3
	 ['V30', 'V27', 'V19', 'V13', 'V10', 'V2', 'V24', 'V36', 'V37', 'V23', 'V44', 'V21', 'V43', 'V33', 'V48', 'V31', 'V7', 'V39', 'V20', 'V35', 'V41', 'V28', 'V22', 'E'] 
	# trees: 23 , real: 0 , pred: 0

test case 4
	 ['V30', 'V27', 'V19', 'V13', 'V10', 'V2', 'V24', 'V36', 'V37', 'V21', 'V44', 'V23', 'V48', 'V31', 'V43', 'V7', 'V39', 'V35', 'V20', 'V22', 'V0', 'V41', 'V11', 'E'] 
	# trees: 23 , real: 0 , pred: 0

test case 5
	 ['V30', 'V27', 'V13', 'V2', 'V44', 'V43', 'V19', 'V48', 'V10', 'V31', 'V46', 'V36', 'E'] 
	# trees: 12 , real: 0 , pred: 1

test case 6
	 ['V30', 'V27', 'V19', 'V13', 'V10', 'V2', 'V24', 'V36', 'V37', 'V23', 'V44', 'V21', 'V43', 'V33', 'V48', 'V31', 'V39', 'V7', 'V35', 'V20', 'V28', 'V3', 'V38', 'V47', 'V15', 'V41', 'V8', 'V11', 'E'] 
	# trees: 28 , real: 0 , pred: 0

test case 7
	 ['V30', 'V27', 'V13', 'V19', 'V2', 'V10', 'V44', 'V43', 'V48', 'V33', 'V36', 'V46', 'V34', 'V42', 'V31', 'V14', 'E'] 
	# trees: 16 , real: 0 , pred: 1

test case 8
	 ['V30', 'V27', 'V19', 'V13', 'V10', 'V2', 'V44', 'V36', 'V43', 'V24', 'V48', 'V21', 'V31', 'V33', 'V23', 'V7', 'V46', 'V37', 'E'] 
	# trees: 18 , real: 0 , pred: 1

test case 9
	 ['V30', 'V27', 'V19', 'V13', 'V10', 'V2', 'V24', 'V36', 'V44', 'V37', 'V23', 'V21', 'V48', 'V31', 'V43', 'V33', 'V7', 'V39', 'E'] 
	# trees: 18 , real: 0 , pred: 0

test case 10
	 ['V30', 'V27', 'V13', 'V19', 'V10', 'V2', 'V36', 'V24', 'V44', 'V48', 'V31', 'V37', 'V21', 'V43', 'V33', 'V7', 'V23', 'E'] 
	# trees: 17 , real: 0 , pred: 0

test case 11
	 ['V30', 'V27', 'V13', 'V19', 'V10', 'V2', 'V36', 'V44', 'V24', 'V48', 'V43', 'V33', 'V31', 'V46', 'V35', 'V21', 'V7', 'V23', 'V37', 'E'] 
	# trees: 19 , real: 0 , pred: 0

test case 12
	 ['V30', 'V27', 'V19', 'V13', 'V10', 'V2', 'V44', 'V24', 'V36', 'V23', 'V21', 'V48', 'V37', 'V43', 'V31', 'V33', 'V35', 'V20', 'V7', 'V39', 'V46', 'V41', 'V15', 'V5', 'E'] 
	# trees: 24 , real: 0 , pred: 0

test case 13
	 ['V30', 'V27', 'V19', 'V13', 'V10', 'V2', 'V24', 'V36', 'V44', 'V37', 'V21', 'V23', 'V48', 'V31', 'V7', 'V43', 'V39', 'V35', 'V33', 'V22', 'V41', 'E'] 
	# trees: 21 , real: 0 , pred: 0

test case 14
	 ['V30', 'V27', 'V13', 'V19', 'V10', 'V2', 'V44', 'V43', 'V36', 'V48', 'V24', 'V31', 'V33', 'V46', 'V34', 'V7', 'E'] 
	# trees: 16 , real: 1 , pred: 1

test case 15
	 ['V30', 'V27', 'V19', 'V13', 'V10', 'V2', 'V24', 'V36', 'V44', 'V23', 'V21', 'V37', 'V43', 'V48', 'V33', 'V31', 'V35', 'V7', 'V39', 'V20', 'V46', 'E'] 
	# trees: 21 , real: 0 , pred: 0

test case 16
	 ['V30', 'V27', 'V19', 'V13', 'V10', 'V2', 'V36', 'V44', 'V24', 'V43', 'V21', 'V37', 'V48', 'V31', 'V33', 'V7', 'V20', 'V23', 'V46', 'E'] 
	# trees: 19 , real: 1 , pred: 0

test case 17
	 ['V30', 'V27', 'V13', 'V19', 'V10', 'V2', 'V44', 'V24', 'V36', 'V43', 'V48', 'V33', 'V31', 'V46', 'V7', 'E'] 
	# trees: 15 , real: 1 , pred: 0

test case 18
	 ['V30', 'V27', 'V13', 'V44', 'V2', 'V43', 'V10', 'V33', 'V48', 'V42', 'V46', 'V34', 'V14', 'V31', 'V36', 'V6', 'V15', 'V32', 'V18', 'V47', 'V16', 'V12', 'V35', 'V26', 'V9', 'V49', 'V45', 'E'] 
	# trees: 27 , real: 0 , pred: 1

test case 19
	 ['V30', 'V27', 'V13', 'V19', 'V10', 'V2', 'V44', 'V36', 'V24', 'V43', 'V48', 'V33', 'V31', 'V21', 'V35', 'V37', 'V7', 'V23', 'V39', 'V28', 'V20', 'V41', 'V5', 'V3', 'V15', 'V47', 'E'] 
	# trees: 26 , real: 0 , pred: 0

test case 20
	 ['V30', 'V27', 'V13', 'V44', 'V2', 'V43', 'V10', 'V19', 'V48', 'V46', 'V33', 'V36', 'V34', 'V31', 'V42', 'V14', 'E'] 
	# trees: 16 , real: 1 , pred: 1

test case 21
	 ['V30', 'V27', 'V19', 'V13', 'V10', 'V2', 'V24', 'V36', 'V37', 'V23', 'V44', 'V21', 'V43', 'V33', 'V48', 'V31', 'V35', 'V20', 'V39', 'V7', 'V15', 'V41', 'V47', 'V3', 'V28', 'V32', 'V46', 'V5', 'E'] 
	# trees: 28 , real: 0 , pred: 0

test case 22
	 ['V30', 'V27', 'V19', 'V13', 'V10', 'V2', 'V24', 'V36', 'V44', 'V21', 'V23', 'V43', 'V48', 'V31', 'V33', 'V35', 'V20', 'V37', 'V39', 'V7', 'V5', 'V15', 'V46', 'E'] 
	# trees: 23 , real: 1 , pred: 0

test case 23
	 ['V30', 'V27', 'V19', 'V13', 'V10', 'V2', 'V24', 'V36', 'V44', 'V23', 'V21', 'V37', 'V43', 'V48', 'V33', 'V31', 'V7', 'V35', 'V39', 'V20', 'V28', 'V0', 'E'] 
	# trees: 22 , real: 0 , pred: 0

test case 24
	 ['V30', 'V27', 'V19', 'V13', 'V10', 'V2', 'V24', 'V36', 'V37', 'V23', 'V44', 'V21', 'V43', 'V48', 'V33', 'V31', 'V35', 'V7', 'V20', 'V39', 'V46', 'V15', 'V41', 'E'] 
	# trees: 23 , real: 1 , pred: 0

test case 25
	 ['V30', 'V27', 'V19', 'V13', 'V10', 'V2', 'V24', 'V36', 'V21', 'V37', 'V44', 'V23', 'V48', 'V31', 'V35', 'V43', 'V39', 'V20', 'V7', 'V33', 'V22', 'V28', 'V0', 'V41', 'V3', 'V5', 'E'] 
	# trees: 26 , real: 0 , pred: 0

test case 26
	 ['V30', 'V27', 'V13', 'V2', 'V44', 'V43', 'V19', 'V10', 'V36', 'V48', 'V24', 'V31', 'V7', 'V46', 'V33', 'E'] 
	# trees: 15 , real: 0 , pred: 0

test case 27
	 ['V30', 'V27', 'V19', 'V13', 'V10', 'V2', 'V36', 'V44', 'V24', 'V43', 'V35', 'V33', 'V37', 'V48', 'V21', 'V23', 'V31', 'V20', 'V7', 'V39', 'V28', 'V3', 'V5', 'V15', 'V41', 'V47', 'V32', 'V8', 'E'] 
	# trees: 28 , real: 1 , pred: 0

test case 28
	 ['V30', 'V27', 'V19', 'V13', 'V10', 'V2', 'V44', 'V36', 'V24', 'V43', 'V48', 'V31', 'V33', 'V21', 'V37', 'V35', 'V23', 'V20', 'V7', 'V46', 'V39', 'V28', 'V41', 'V5', 'V47', 'V15', 'V3', 'E'] 
	# trees: 27 , real: 0 , pred: 0
               accuracy, precision, recall, f_score
majority vote: 0.655172, 0.568452, 0.568452, 0.568452
weighted vote: 0.620690, 0.506494, 0.505952, 0.505426
reinforcement: 0.655172, 0.536232, 0.529762, 0.529221
Running iteration 6 of 10 fold...

epoch: 999 row: 96 exploration: 0.10000
	 ['V40', 'V34', 'E'] 


finished epoch 1000
average loss: 0.1433783060010528

epoch: 1999 row: 64 exploration: 0.10000
	 ['V22', 'V34', 'E'] 


finished epoch 2000
average loss: 0.13269153091590852

epoch: 2999 row: 32 exploration: 0.10000
	 ['V34', 'E'] 


finished epoch 3000
average loss: 0.13394793158024548

epoch: 3999 row: 0 exploration: 0.10000
	 ['V34', 'V40', 'E'] 


finished epoch 4000
average loss: 0.1326640611505136

epoch: 4999 row: 97 exploration: 0.10000
	 ['V34', 'E'] 


finished epoch 5000
average loss: 0.12082756006065756

epoch: 5999 row: 65 exploration: 0.10000
	 ['V34', 'V19', 'V0', 'V23', 'V3', 'V11', 'V40', 'V35', 'V48', 'V36', 'V31', 'V21', 'V33', 'V13', 'V49', 'V39', 'V8', 'V14', 'V47', 'V24', 'V26', 'V28', 'V12', 'V38', 'V41', 'V29', 'V45', 'V44', 'E'] 


finished epoch 6000
average loss: 0.08665144076989964

epoch: 6999 row: 33 exploration: 0.10000
	 ['V35', 'V19', 'V34', 'V0', 'V23', 'V11', 'V3', 'V21', 'V48', 'V36', 'V44', 'V14', 'V27', 'V49', 'V40', 'V13', 'V38', 'V32', 'V25', 'V9', 'V24', 'V20', 'V45', 'V33', 'V15', 'V28', 'V46', 'V4', 'V6', 'V2', 'V10', 'V22', 'V29', 'V31', 'V8', 'V37', 'V12', 'V26', 'V39', 'V16', 'V42', 'V47', 'V17', 'V5', 'V7', 'V41', 'V30', 'V1', 'V18', 'E'] 


finished epoch 7000
average loss: 0.03418427958953543

epoch: 7999 row: 1 exploration: 0.10000
	 ['V8', 'V19', 'V34', 'V0', 'V11', 'V23', 'V31', 'V21', 'V29', 'V3', 'V48', 'V36', 'V27', 'V25', 'V28', 'V37', 'V7', 'E'] 


finished epoch 8000
average loss: 0.052658318172965665

epoch: 8999 row: 98 exploration: 0.10000
	 ['V19', 'V34', 'V0', 'V11', 'V46', 'V29', 'V3', 'V24', 'V44', 'V45', 'V12', 'V48', 'V23', 'V18', 'V47', 'V13', 'V16', 'V30', 'V40', 'V2', 'V37', 'E'] 


finished epoch 9000
average loss: 0.039370788652682676

epoch: 9999 row: 66 exploration: 0.10000
	 ['V19', 'V34', 'V0', 'V44', 'V11', 'V47', 'V48', 'V3', 'V23', 'V43', 'V13', 'V8', 'V27', 'V42', 'V16', 'E'] 


finished epoch 10000
average loss: 0.04430977502521273

test case 0
	 ['V19', 'V34', 'V0', 'V44', 'V11', 'V48', 'V43', 'V47', 'V23', 'V3', 'V27', 'V10', 'V8', 'V13', 'V7', 'E'] 
	# trees: 15 , real: 1 , pred: 0

test case 1
	 ['V19', 'V34', 'V0', 'V44', 'V11', 'V43', 'V47', 'V48', 'V23', 'V3', 'V21', 'V41', 'V13', 'V8', 'V7', 'E'] 
	# trees: 15 , real: 0 , pred: 0

test case 2
	 ['V19', 'V34', 'V0', 'V44', 'V11', 'V47', 'V48', 'V23', 'V3', 'V43', 'V8', 'V7', 'E'] 
	# trees: 12 , real: 0 , pred: 0

test case 3
	 ['V19', 'V34', 'V0', 'V44', 'V11', 'V48', 'V43', 'V47', 'V24', 'V23', 'V27', 'V42', 'V8', 'V29', 'V13', 'E'] 
	# trees: 15 , real: 1 , pred: 0

test case 4
	 ['V19', 'V34', 'V0', 'V44', 'V11', 'V47', 'V48', 'V23', 'V3', 'V8', 'V27', 'V13', 'V32', 'E'] 
	# trees: 13 , real: 0 , pred: 0

test case 5
	 ['V19', 'V34', 'V0', 'V44', 'V11', 'V48', 'V47', 'V43', 'V23', 'V27', 'V3', 'V8', 'V13', 'V42', 'V32', 'E'] 
	# trees: 15 , real: 0 , pred: 0

test case 6
	 ['V19', 'V34', 'V0', 'V44', 'V11', 'V48', 'V43', 'V47', 'V23', 'V3', 'V27', 'V10', 'V8', 'V13', 'V7', 'E'] 
	# trees: 15 , real: 0 , pred: 0

test case 7
	 ['V19', 'V34', 'V0', 'V44', 'V11', 'V43', 'V47', 'V48', 'V23', 'V3', 'V21', 'V41', 'V13', 'V8', 'V7', 'V16', 'E'] 
	# trees: 16 , real: 0 , pred: 0

test case 8
	 ['V19', 'V34', 'V0', 'V44', 'V11', 'V47', 'V48', 'V43', 'V23', 'V3', 'V13', 'V41', 'V16', 'V8', 'V33', 'V7', 'E'] 
	# trees: 16 , real: 1 , pred: 0

test case 9
	 ['V19', 'V34', 'V0', 'V44', 'V11', 'V48', 'V47', 'V24', 'V23', 'V42', 'V27', 'V8', 'V13', 'V12', 'V18', 'V46', 'V29', 'V40', 'V37', 'V28', 'V26', 'E'] 
	# trees: 21 , real: 0 , pred: 0

test case 10
	 ['V19', 'V34', 'V0', 'V44', 'V11', 'V47', 'V48', 'V43', 'V23', 'V21', 'V3', 'V42', 'V27', 'V13', 'V8', 'V32', 'V16', 'E'] 
	# trees: 17 , real: 0 , pred: 0

test case 11
	 ['V19', 'V34', 'V0', 'V44', 'V11', 'V48', 'V47', 'V24', 'V13', 'V23', 'V18', 'V29', 'V42', 'V12', 'V46', 'V8', 'V45', 'V37', 'V28', 'V40', 'V26', 'V27', 'V30', 'V2', 'V5', 'E'] 
	# trees: 25 , real: 0 , pred: 1

test case 12
	 ['V19', 'V34', 'V0', 'V44', 'V11', 'V43', 'V47', 'V48', 'V23', 'V3', 'V21', 'V41', 'V13', 'V7', 'V16', 'E'] 
	# trees: 15 , real: 0 , pred: 0

test case 13
	 ['V19', 'V34', 'V0', 'V44', 'V11', 'V43', 'V47', 'V48', 'V23', 'V3', 'V21', 'V41', 'V13', 'V7', 'V16', 'E'] 
	# trees: 15 , real: 0 , pred: 0

test case 14
	 ['V19', 'V34', 'V0', 'V44', 'V11', 'V43', 'V47', 'V48', 'V23', 'V3', 'V13', 'V16', 'V7', 'E'] 
	# trees: 13 , real: 1 , pred: 0

test case 15
	 ['V19', 'V34', 'V0', 'V44', 'V11', 'V43', 'V47', 'V48', 'V23', 'V3', 'V21', 'V41', 'V13', 'V7', 'V16', 'E'] 
	# trees: 15 , real: 0 , pred: 0

test case 16
	 ['V19', 'V34', 'V0', 'V44', 'V11', 'V48', 'V47', 'V3', 'V13', 'V42', 'V24', 'V23', 'V8', 'V18', 'V29', 'V27', 'V12', 'V46', 'E'] 
	# trees: 18 , real: 0 , pred: 1

test case 17
	 ['V19', 'V34', 'V0', 'V44', 'V11', 'V47', 'V48', 'V23', 'V3', 'V8', 'V43', 'V7', 'V13', 'E'] 
	# trees: 13 , real: 0 , pred: 0

test case 18
	 ['V19', 'V34', 'V0', 'V44', 'V11', 'V47', 'V48', 'V43', 'V23', 'V3', 'V13', 'V41', 'V16', 'V7', 'E'] 
	# trees: 14 , real: 0 , pred: 0

test case 19
	 ['V19', 'V34', 'V0', 'V44', 'V11', 'V48', 'V47', 'V3', 'V13', 'V23', 'V41', 'V16', 'V8', 'V43', 'E'] 
	# trees: 14 , real: 0 , pred: 0

test case 20
	 ['V19', 'V34', 'V0', 'V44', 'V11', 'V47', 'V48', 'V23', 'V3', 'V43', 'V8', 'V7', 'E'] 
	# trees: 12 , real: 0 , pred: 0

test case 21
	 ['V19', 'V34', 'V0', 'V44', 'V47', 'V11', 'V48', 'V24', 'V8', 'V23', 'V13', 'V3', 'V12', 'V18', 'E'] 
	# trees: 14 , real: 1 , pred: 1

test case 22
	 ['V19', 'V34', 'V0', 'V44', 'V11', 'V47', 'V48', 'V24', 'V46', 'V12', 'V18', 'V29', 'V45', 'V42', 'V13', 'V37', 'V8', 'V28', 'V23', 'E'] 
	# trees: 19 , real: 1 , pred: 1

test case 23
	 ['V19', 'V34', 'V0', 'V44', 'V11', 'V47', 'V48', 'V23', 'V3', 'V8', 'E'] 
	# trees: 10 , real: 1 , pred: 0

test case 24
	 ['V19', 'V34', 'V0', 'V44', 'V11', 'V43', 'V47', 'V48', 'V23', 'V3', 'V21', 'V41', 'V13', 'V8', 'V7', 'E'] 
	# trees: 15 , real: 0 , pred: 0

test case 25
	 ['V19', 'V34', 'V0', 'V44', 'V47', 'V11', 'V48', 'V24', 'V29', 'V12', 'V46', 'V18', 'V42', 'V45', 'V26', 'V37', 'V28', 'V40', 'V33', 'V2', 'V14', 'V27', 'V20', 'V41', 'V4', 'V13', 'V30', 'V38', 'V5', 'E'] 
	# trees: 29 , real: 1 , pred: 1

test case 26
	 ['V19', 'V34', 'V0', 'V44', 'V11', 'V47', 'V48', 'V43', 'V23', 'V21', 'V3', 'V42', 'V13', 'V8', 'V27', 'V37', 'E'] 
	# trees: 16 , real: 0 , pred: 0

test case 27
	 ['V19', 'V34', 'V0', 'V44', 'V11', 'V47', 'V48', 'V43', 'V23', 'V21', 'V3', 'V42', 'V27', 'V13', 'V8', 'V32', 'V16', 'E'] 
	# trees: 17 , real: 0 , pred: 0

test case 28
	 ['V19', 'V34', 'V0', 'V44', 'V11', 'V43', 'V47', 'V48', 'V23', 'V3', 'V10', 'V41', 'V13', 'V8', 'V7', 'V16', 'V33', 'E'] 
	# trees: 17 , real: 0 , pred: 0
               accuracy, precision, recall, f_score
majority vote: 0.758621, 0.694805, 0.678571, 0.685271
weighted vote: 0.758621, 0.694805, 0.678571, 0.685271
reinforcement: 0.758621, 0.695833, 0.639881, 0.652991
Running iteration 7 of 10 fold...

epoch: 999 row: 96 exploration: 0.10000
	 ['V2', 'E'] 


finished epoch 1000
average loss: 0.14306616985067375

epoch: 1999 row: 64 exploration: 0.10000
	 ['V17', 'V2', 'V1', 'E'] 


finished epoch 2000
average loss: 0.13693588033318518

epoch: 2999 row: 32 exploration: 0.10000
	 ['V2', 'E'] 


finished epoch 3000
average loss: 0.1375747724659741

epoch: 3999 row: 0 exploration: 0.10000
	 ['V2', 'E'] 


finished epoch 4000
average loss: 0.13478815703466535

epoch: 4999 row: 97 exploration: 0.10000
	 ['V2', 'E'] 


finished epoch 5000
average loss: 0.1317670522555709

epoch: 5999 row: 65 exploration: 0.10000
	 ['V2', 'V40', 'E'] 


finished epoch 6000
average loss: 0.1278538310211152

epoch: 6999 row: 33 exploration: 0.10000
	 ['V46', 'V2', 'V40', 'E'] 


finished epoch 7000
average loss: 0.11979388130456209

epoch: 7999 row: 1 exploration: 0.10000
	 ['V46', 'V2', 'V40', 'V22', 'V34', 'V49', 'V37', 'V21', 'E'] 


finished epoch 8000
average loss: 0.09707731028582202

epoch: 8999 row: 98 exploration: 0.10000
	 ['V17', 'V46', 'V22', 'V28', 'V37', 'V40', 'V2', 'V45', 'V21', 'V9', 'V18', 'V47', 'V34', 'V1', 'V25', 'V10', 'V44', 'V13', 'V49', 'V39', 'V12', 'V42', 'V19', 'V5', 'V4', 'V23', 'V38', 'V8', 'V11', 'V0', 'V15', 'V48', 'V14', 'V36', 'V32', 'V27', 'V16', 'V20', 'V30', 'V41', 'V35', 'V7', 'V3', 'V43', 'V24', 'V6', 'V31', 'V26', 'E'] 


finished epoch 9000
average loss: 0.03792589213640895

epoch: 9999 row: 66 exploration: 0.10000
	 ['V46', 'V22', 'V37', 'V40', 'V45', 'V2', 'V34', 'V25', 'V24', 'V1', 'V19', 'V9', 'V13', 'V30', 'V27', 'V36', 'V47', 'V10', 'V41', 'V15', 'V23', 'V4', 'V21', 'V6', 'V32', 'V35', 'V11', 'V5', 'V3', 'V31', 'V0', 'V44', 'V42', 'V12', 'V17', 'V49', 'V33', 'V48', 'V8', 'V20', 'E'] 


finished epoch 10000
average loss: 0.026353236232942435

test case 0
	 ['V46', 'V22', 'V37', 'V40', 'V45', 'V2', 'V34', 'V25', 'V24', 'V1', 'V19', 'V9', 'V13', 'V30', 'V27', 'V36', 'V47', 'V10', 'V41', 'V4', 'V15', 'V21', 'V6', 'V32', 'V5', 'V11', 'V3', 'V12', 'V31', 'V49', 'V0', 'V23', 'V44', 'V42', 'V17', 'V33', 'E'] 
	# trees: 36 , real: 0 , pred: 0

test case 1
	 ['V46', 'V22', 'V37', 'V40', 'V2', 'V39', 'V19', 'V4', 'V1', 'V45', 'V12', 'V30', 'V47', 'V34', 'V16', 'V25', 'V24', 'V9', 'V13', 'V10', 'V18', 'V38', 'V43', 'V49', 'V35', 'V20', 'V23', 'V15', 'V48', 'V7', 'V32', 'V14', 'V11', 'E'] 
	# trees: 33 , real: 0 , pred: 1

test case 2
	 ['V46', 'V22', 'V37', 'V40', 'V45', 'V2', 'V34', 'V25', 'V1', 'V24', 'V9', 'V19', 'V13', 'V30', 'V27', 'V36', 'V47', 'V10', 'V4', 'V41', 'V15', 'V5', 'V6', 'V21', 'V11', 'V3', 'V32', 'V12', 'V49', 'V31', 'V42', 'V23', 'V43', 'V44', 'V0', 'V26', 'V48', 'V16', 'V33', 'V35', 'V7', 'V39', 'E'] 
	# trees: 42 , real: 1 , pred: 0

test case 3
	 ['V46', 'V22', 'V37', 'V40', 'V2', 'V45', 'V19', 'V39', 'V1', 'V34', 'V4', 'V25', 'V24', 'V30', 'V47', 'V13', 'V12', 'V10', 'V16', 'V9', 'V36', 'V49', 'V15', 'V27', 'V41', 'V32', 'V5', 'V11', 'V23', 'V20', 'E'] 
	# trees: 30 , real: 1 , pred: 0

test case 4
	 ['V46', 'V22', 'V37', 'V40', 'V2', 'V39', 'V19', 'V4', 'V45', 'V1', 'V16', 'V12', 'V30', 'V34', 'V47', 'V38', 'V10', 'V13', 'V18', 'V49', 'V35', 'V43', 'V14', 'V23', 'V7', 'V48', 'V20', 'V29', 'V5', 'V9', 'V24', 'V32', 'V25', 'V15', 'V8', 'V11', 'V36', 'V41', 'E'] 
	# trees: 38 , real: 0 , pred: 1

test case 5
	 ['V46', 'V22', 'V37', 'V40', 'V45', 'V2', 'V34', 'V25', 'V24', 'V1', 'V19', 'V9', 'V13', 'V30', 'V36', 'V27', 'V47', 'V10', 'V4', 'V41', 'V15', 'V6', 'V21', 'V5', 'V11', 'V32', 'V3', 'V31', 'V0', 'V23', 'V44', 'V12', 'V42', 'V49', 'V17', 'V26', 'V43', 'V48', 'V35', 'V20', 'V33', 'E'] 
	# trees: 41 , real: 0 , pred: 0

test case 6
	 ['V46', 'V22', 'V37', 'V40', 'V45', 'V2', 'V34', 'V25', 'V1', 'V24', 'V19', 'V9', 'V13', 'V30', 'V27', 'V36', 'V47', 'V10', 'V4', 'V41', 'V15', 'V5', 'V6', 'V11', 'V3', 'V21', 'V12', 'V32', 'V49', 'V42', 'V23', 'V16', 'V39', 'V31', 'V43', 'V48', 'V7', 'V35', 'V44', 'V38', 'V33', 'V0', 'V20', 'V14', 'E'] 
	# trees: 44 , real: 1 , pred: 0

test case 7
	 ['V46', 'V22', 'V37', 'V40', 'V2', 'V45', 'V34', 'V19', 'V1', 'V25', 'V4', 'V30', 'V24', 'V47', 'V9', 'V13', 'V10', 'V39', 'V36', 'V12', 'V27', 'V15', 'V16', 'V5', 'V11', 'V23', 'V49', 'V32', 'V41', 'V43', 'V35', 'V21', 'V48', 'V6', 'V20', 'V3', 'V44', 'V38', 'V42', 'E'] 
	# trees: 39 , real: 1 , pred: 1

test case 8
	 ['V46', 'V22', 'V37', 'V40', 'V2', 'V45', 'V34', 'V19', 'V1', 'V25', 'V30', 'V24', 'V9', 'V13', 'V4', 'V47', 'V39', 'V10', 'V12', 'V36', 'V5', 'V16', 'V15', 'V27', 'V49', 'V23', 'V38', 'V35', 'V48', 'V11', 'V3', 'E'] 
	# trees: 31 , real: 0 , pred: 0

test case 9
	 ['V46', 'V22', 'V37', 'V40', 'V2', 'V45', 'V34', 'V19', 'V1', 'V25', 'V30', 'V24', 'V9', 'V13', 'V4', 'V47', 'V39', 'V10', 'V12', 'V36', 'V5', 'V16', 'V15', 'V27', 'V49', 'V23', 'V38', 'V35', 'V48', 'V11', 'V3', 'E'] 
	# trees: 31 , real: 0 , pred: 0

test case 10
	 ['V46', 'V22', 'V37', 'V40', 'V2', 'V45', 'V34', 'V25', 'V1', 'V24', 'V9', 'V19', 'V13', 'V30', 'V27', 'V36', 'V47', 'V10', 'V4', 'V41', 'V15', 'V5', 'V6', 'V21', 'V11', 'V32', 'V12', 'V43', 'V23', 'V3', 'V49', 'V0', 'V44', 'V31', 'V42', 'V48', 'V39', 'V26', 'V16', 'V35', 'V17', 'V20', 'V7', 'V38', 'V33', 'V28', 'E'] 
	# trees: 46 , real: 0 , pred: 0

test case 11
	 ['V46', 'V22', 'V37', 'V40', 'V45', 'V2', 'V34', 'V25', 'V1', 'V24', 'V9', 'V19', 'V13', 'V27', 'V36', 'V30', 'V47', 'V10', 'V4', 'V41', 'V15', 'V21', 'V5', 'V6', 'V11', 'V3', 'V32', 'V12', 'V49', 'V31', 'V0', 'V23', 'V44', 'V42', 'V43', 'V26', 'V48', 'V16', 'V33', 'E'] 
	# trees: 39 , real: 0 , pred: 0

test case 12
	 ['V46', 'V22', 'V37', 'V40', 'V2', 'V45', 'V34', 'V25', 'V1', 'V19', 'V24', 'V9', 'V30', 'V13', 'V36', 'V47', 'V27', 'V4', 'V10', 'V41', 'V15', 'V5', 'V11', 'V6', 'V3', 'V21', 'V32', 'V39', 'V42', 'V12', 'V23', 'V49', 'V16', 'V35', 'V44', 'V38', 'V43', 'V48', 'V7', 'E'] 
	# trees: 39 , real: 0 , pred: 0

test case 13
	 ['V46', 'V22', 'V37', 'V40', 'V2', 'V19', 'V39', 'V4', 'V45', 'V34', 'V1', 'V25', 'V30', 'V24', 'V47', 'V9', 'V10', 'V12', 'V13', 'V36', 'V15', 'V27', 'V16', 'V23', 'V11', 'V41', 'V32', 'V5', 'V35', 'V6', 'V21', 'V3', 'V44', 'V0', 'V17', 'V42', 'V43', 'V49', 'V20', 'V48', 'E'] 
	# trees: 40 , real: 1 , pred: 1

test case 14
	 ['V46', 'V22', 'V37', 'V40', 'V2', 'V45', 'V34', 'V25', 'V24', 'V19', 'V1', 'V9', 'V30', 'V13', 'V27', 'V36', 'V47', 'V10', 'V15', 'V4', 'V41', 'V6', 'V21', 'V5', 'V11', 'V32', 'V3', 'V0', 'V23', 'V44', 'V17', 'V42', 'V31', 'V12', 'V43', 'V26', 'V49', 'V35', 'V48', 'V39', 'V33', 'V16', 'V20', 'E'] 
	# trees: 43 , real: 1 , pred: 0

test case 15
	 ['V46', 'V22', 'V37', 'V40', 'V45', 'V2', 'V34', 'V25', 'V1', 'V24', 'V19', 'V9', 'V13', 'V30', 'V27', 'V36', 'V47', 'V10', 'V4', 'V41', 'V15', 'V5', 'V6', 'V21', 'V11', 'V3', 'V32', 'V42', 'V12', 'V49', 'V31', 'V23', 'V44', 'V0', 'V43', 'V26', 'V48', 'V16', 'V33', 'V35', 'V7', 'V39', 'V38', 'V20', 'V14', 'E'] 
	# trees: 45 , real: 0 , pred: 0

test case 16
	 ['V46', 'V22', 'V37', 'V40', 'V2', 'V39', 'V4', 'V19', 'V45', 'V16', 'V1', 'V12', 'V38', 'V47', 'V10', 'V18', 'V14', 'V35', 'V7', 'V43', 'V49', 'V30', 'V23', 'V5', 'V20', 'V48', 'V29', 'V13', 'V8', 'V11', 'V24', 'V34', 'V32', 'V3', 'V25', 'V9', 'V36', 'E'] 
	# trees: 37 , real: 0 , pred: 0

test case 17
	 ['V46', 'V22', 'V37', 'V40', 'V2', 'V19', 'V45', 'V34', 'V1', 'V39', 'V4', 'V30', 'V24', 'V25', 'V9', 'V47', 'V13', 'V10', 'V12', 'V36', 'V15', 'V27', 'V5', 'V16', 'V41', 'V11', 'V49', 'V23', 'V35', 'V32', 'V6', 'V21', 'V48', 'V44', 'E'] 
	# trees: 34 , real: 0 , pred: 1

test case 18
	 ['V46', 'V22', 'V37', 'V40', 'V2', 'V45', 'V34', 'V25', 'V24', 'V1', 'V19', 'V9', 'V13', 'V30', 'V36', 'V27', 'V47', 'V10', 'V4', 'V41', 'V15', 'V5', 'V6', 'V11', 'V21', 'V12', 'V32', 'V3', 'V42', 'V31', 'V23', 'V49', 'V43', 'V0', 'V35', 'V44', 'V17', 'V16', 'V39', 'V7', 'V48', 'V20', 'V33', 'V26', 'E'] 
	# trees: 44 , real: 1 , pred: 0

test case 19
	 ['V46', 'V22', 'V37', 'V40', 'V2', 'V45', 'V19', 'V1', 'V4', 'V39', 'V34', 'V12', 'V47', 'V30', 'V25', 'V16', 'V10', 'V24', 'V9', 'V13', 'V18', 'V49', 'V38', 'V35', 'V43', 'V20', 'V23', 'V7', 'V48', 'V32', 'V15', 'V14', 'V5', 'V29', 'V36', 'V41', 'V11', 'E'] 
	# trees: 37 , real: 0 , pred: 1

test case 20
	 ['V46', 'V22', 'V37', 'V40', 'V2', 'V45', 'V19', 'V1', 'V4', 'V39', 'V34', 'V12', 'V47', 'V30', 'V25', 'V16', 'V10', 'V24', 'V9', 'V13', 'V49', 'V15', 'V18', 'V43', 'V38', 'V23', 'V20', 'V36', 'V32', 'V35', 'V41', 'V48', 'V11', 'V5', 'V7', 'V27', 'V14', 'E'] 
	# trees: 37 , real: 0 , pred: 1

test case 21
	 ['V46', 'V22', 'V37', 'V40', 'V45', 'V2', 'V34', 'V25', 'V24', 'V1', 'V19', 'V9', 'V13', 'V30', 'V36', 'V27', 'V47', 'V10', 'V4', 'V41', 'V15', 'V6', 'V5', 'V21', 'V11', 'V32', 'V3', 'V12', 'V0', 'V31', 'V23', 'V42', 'V49', 'V44', 'V43', 'V17', 'V48', 'V33', 'V35', 'V16', 'V26', 'V39', 'V7', 'E'] 
	# trees: 43 , real: 0 , pred: 0

test case 22
	 ['V46', 'V22', 'V37', 'V40', 'V45', 'V2', 'V34', 'V25', 'V1', 'V24', 'V19', 'V9', 'V13', 'V30', 'V27', 'V36', 'V47', 'V10', 'V4', 'V41', 'V15', 'V5', 'V6', 'V21', 'V11', 'V3', 'V32', 'V42', 'V31', 'V12', 'V0', 'V23', 'V49', 'V43', 'V44', 'V17', 'V26', 'V35', 'V39', 'V7', 'V16', 'V48', 'V33', 'V20', 'V38', 'V14', 'E'] 
	# trees: 46 , real: 1 , pred: 0

test case 23
	 ['V46', 'V22', 'V37', 'V40', 'V2', 'V45', 'V34', 'V19', 'V1', 'V25', 'V24', 'V30', 'V13', 'V4', 'V47', 'V9', 'V39', 'V10', 'V12', 'V36', 'V16', 'V27', 'V5', 'V41', 'V15', 'V11', 'V49', 'V23', 'V38', 'V48', 'V35', 'V6', 'V3', 'V32', 'E'] 
	# trees: 34 , real: 1 , pred: 0

test case 24
	 ['V46', 'V22', 'V37', 'V40', 'V2', 'V45', 'V34', 'V19', 'V1', 'V25', 'V24', 'V9', 'V30', 'V13', 'V47', 'V36', 'V10', 'V27', 'V4', 'V41', 'V15', 'V39', 'V12', 'V5', 'V11', 'V6', 'V21', 'V23', 'V32', 'V3', 'V49', 'V44', 'V0', 'V16', 'V35', 'V48', 'V43', 'V31', 'V20', 'V17', 'V42', 'E'] 
	# trees: 41 , real: 1 , pred: 0

test case 25
	 ['V46', 'V22', 'V37', 'V40', 'V2', 'V45', 'V34', 'V25', 'V1', 'V24', 'V19', 'V9', 'V30', 'V13', 'V36', 'V27', 'V47', 'V10', 'V4', 'V41', 'V15', 'V5', 'V6', 'V21', 'V32', 'V11', 'V3', 'V42', 'V23', 'V0', 'V31', 'V12', 'V17', 'V44', 'V49', 'V35', 'V43', 'V39', 'V16', 'V26', 'V48', 'V33', 'V20', 'V38', 'V7', 'V28', 'E'] 
	# trees: 46 , real: 0 , pred: 0

test case 26
	 ['V46', 'V22', 'V37', 'V40', 'V45', 'V2', 'V34', 'V25', 'V1', 'V24', 'V19', 'V9', 'V13', 'V30', 'V47', 'V36', 'V27', 'V4', 'V10', 'V15', 'V12', 'V5', 'V41', 'V11', 'V6', 'V3', 'V21', 'V32', 'V49', 'V23', 'V16', 'V48', 'E'] 
	# trees: 32 , real: 0 , pred: 0

test case 27
	 ['V46', 'V22', 'V37', 'V40', 'V2', 'V45', 'V34', 'V25', 'V19', 'V1', 'V24', 'V30', 'V13', 'V9', 'V47', 'V4', 'V36', 'V10', 'V27', 'V41', 'V15', 'V5', 'V12', 'V11', 'V6', 'V21', 'V32', 'V3', 'V23', 'V49', 'V35', 'V31', 'V44', 'E'] 
	# trees: 33 , real: 0 , pred: 0
               accuracy, precision, recall, f_score
majority vote: 0.500000, 0.378788, 0.411111, 0.387500
weighted vote: 0.500000, 0.378788, 0.411111, 0.387500
reinforcement: 0.535714, 0.452381, 0.461111, 0.450980
Running iteration 8 of 10 fold...

epoch: 999 row: 96 exploration: 0.10000
	 ['V40', 'E'] 


finished epoch 1000
average loss: 0.143158703776955

epoch: 1999 row: 64 exploration: 0.10000
	 ['V31', 'V40', 'E'] 


finished epoch 2000
average loss: 0.13314367535896598

epoch: 2999 row: 32 exploration: 0.10000
	 ['V40', 'V1', 'E'] 


finished epoch 3000
average loss: 0.13480043957172894

epoch: 3999 row: 0 exploration: 0.10000
	 ['V40', 'V1', 'V41', 'E'] 


finished epoch 4000
average loss: 0.12708023718954065

epoch: 4999 row: 97 exploration: 0.10000
	 ['V40', 'V1', 'V41', 'V29', 'V43', 'V28', 'E'] 


finished epoch 5000
average loss: 0.11356031478219665

epoch: 5999 row: 65 exploration: 0.10000
	 ['V40', 'V1', 'V29', 'V41', 'V27', 'V44', 'V12', 'V34', 'V18', 'V23', 'V28', 'V26', 'V4', 'V36', 'V10', 'V17', 'V9', 'V32', 'V33', 'V46', 'V42', 'V5', 'V13', 'V11', 'V38', 'V31', 'V15', 'V43', 'V25', 'V16', 'V2', 'V7', 'V35', 'V19', 'V20', 'V14', 'V37', 'V39', 'V8', 'V0', 'V48', 'V21', 'V30', 'V6', 'E'] 


finished epoch 6000
average loss: 0.053418234133649094

epoch: 6999 row: 33 exploration: 0.10000
	 ['V40', 'V1', 'V29', 'V41', 'V34', 'V27', 'V17', 'V12', 'V26', 'V36', 'V16', 'V37', 'V23', 'V4', 'V31', 'V35', 'V3', 'V39', 'V49', 'V6', 'V48', 'V20', 'V32', 'V47', 'E'] 


finished epoch 7000
average loss: 0.03702172066256753

epoch: 7999 row: 1 exploration: 0.10000
	 ['V40', 'V1', 'V43', 'V29', 'V41', 'V36', 'V26', 'V4', 'V24', 'V37', 'V12', 'V32', 'V39', 'V31', 'V47', 'V33', 'V45', 'V19', 'V3', 'V6', 'V30', 'V2', 'E'] 


finished epoch 8000
average loss: 0.041300392511257084

epoch: 8999 row: 98 exploration: 0.10000
	 ['V40', 'V24', 'V1', 'V29', 'V18', 'V27', 'V20', 'V41', 'V39', 'V10', 'V3', 'V37', 'V12', 'E'] 


finished epoch 9000
average loss: 0.03891262823574107

epoch: 9999 row: 66 exploration: 0.10000
	 ['V40', 'V1', 'V29', 'V10', 'V38', 'V47', 'V21', 'V5', 'E'] 


finished epoch 10000
average loss: 0.040727993031177905

test case 0
	 ['V40', 'V1', 'V29', 'V38', 'V47', 'V5', 'V21', 'V24', 'E'] 
	# trees: 8 , real: 0 , pred: 0

test case 1
	 ['V40', 'V1', 'V29', 'V38', 'V47', 'V5', 'V21', 'V24', 'E'] 
	# trees: 8 , real: 1 , pred: 0

test case 2
	 ['V40', 'V1', 'V29', 'V27', 'V38', 'V47', 'V37', 'E'] 
	# trees: 7 , real: 1 , pred: 1

test case 3
	 ['V40', 'V1', 'V29', 'V38', 'V47', 'V5', 'V21', 'V24', 'E'] 
	# trees: 8 , real: 0 , pred: 0

test case 4
	 ['V40', 'V1', 'V29', 'V38', 'V47', 'V5', 'V21', 'V24', 'E'] 
	# trees: 8 , real: 1 , pred: 0

test case 5
	 ['V40', 'V1', 'V29', 'V38', 'V47', 'V21', 'V24', 'V5', 'V6', 'E'] 
	# trees: 9 , real: 1 , pred: 0

test case 6
	 ['V40', 'V1', 'V29', 'V27', 'V38', 'V47', 'V21', 'E'] 
	# trees: 7 , real: 0 , pred: 0

test case 7
	 ['V40', 'V1', 'V29', 'V47', 'V38', 'E'] 
	# trees: 5 , real: 1 , pred: 1

test case 8
	 ['V40', 'V1', 'V29', 'V38', 'V47', 'V5', 'V21', 'V24', 'E'] 
	# trees: 8 , real: 0 , pred: 0

test case 9
	 ['V40', 'V1', 'V29', 'V38', 'V47', 'V21', 'E'] 
	# trees: 6 , real: 0 , pred: 0

test case 10
	 ['V40', 'V1', 'V29', 'V38', 'V47', 'V5', 'V21', 'V24', 'E'] 
	# trees: 8 , real: 0 , pred: 0

test case 11
	 ['V40', 'V1', 'V29', 'V38', 'V47', 'V21', 'V27', 'V24', 'V3', 'E'] 
	# trees: 9 , real: 0 , pred: 0

test case 12
	 ['V40', 'V1', 'V29', 'V38', 'V47', 'V5', 'V21', 'V24', 'E'] 
	# trees: 8 , real: 0 , pred: 0

test case 13
	 ['V40', 'V1', 'V29', 'V27', 'V38', 'V47', 'E'] 
	# trees: 6 , real: 0 , pred: 1

test case 14
	 ['V40', 'V1', 'V29', 'V38', 'V47', 'V27', 'V39', 'V37', 'E'] 
	# trees: 8 , real: 1 , pred: 1

test case 15
	 ['V40', 'V1', 'V29', 'V38', 'V47', 'V27', 'V25', 'V37', 'E'] 
	# trees: 8 , real: 0 , pred: 1

test case 16
	 ['V40', 'V1', 'V29', 'V38', 'V47', 'V21', 'V24', 'V5', 'V6', 'E'] 
	# trees: 9 , real: 0 , pred: 0

test case 17
	 ['V40', 'V1', 'V29', 'V38', 'V47', 'V24', 'V27', 'E'] 
	# trees: 7 , real: 1 , pred: 1

test case 18
	 ['V40', 'V1', 'V29', 'V38', 'V47', 'V21', 'E'] 
	# trees: 6 , real: 0 , pred: 0

test case 19
	 ['V40', 'V1', 'V29', 'V38', 'V47', 'V21', 'V27', 'V24', 'V31', 'V5', 'E'] 
	# trees: 10 , real: 0 , pred: 1

test case 20
	 ['V40', 'V1', 'V29', 'V38', 'V47', 'V27', 'V39', 'V37', 'E'] 
	# trees: 8 , real: 0 , pred: 1

test case 21
	 ['V40', 'V1', 'V29', 'V38', 'V47', 'V5', 'V21', 'V24', 'E'] 
	# trees: 8 , real: 1 , pred: 0

test case 22
	 ['V40', 'V1', 'V29', 'V38', 'V47', 'V21', 'V24', 'E'] 
	# trees: 7 , real: 1 , pred: 0

test case 23
	 ['V40', 'V1', 'V29', 'V38', 'V47', 'V5', 'V21', 'V24', 'E'] 
	# trees: 8 , real: 0 , pred: 0

test case 24
	 ['V40', 'V1', 'V29', 'V27', 'V38', 'V35', 'V37', 'V25', 'E'] 
	# trees: 8 , real: 1 , pred: 1

test case 25
	 ['V40', 'V1', 'V29', 'V38', 'V47', 'V5', 'V21', 'V24', 'E'] 
	# trees: 8 , real: 0 , pred: 0

test case 26
	 ['V40', 'V1', 'V29', 'V38', 'V47', 'V5', 'V21', 'V24', 'E'] 
	# trees: 8 , real: 1 , pred: 0

test case 27
	 ['V40', 'V1', 'V29', 'V38', 'V47', 'V21', 'V24', 'V3', 'E'] 
	# trees: 8 , real: 1 , pred: 0
               accuracy, precision, recall, f_score
majority vote: 0.750000, 0.847826, 0.708333, 0.704374
weighted vote: 0.714286, 0.833333, 0.666667, 0.650000
reinforcement: 0.607143, 0.593567, 0.583333, 0.580952
Running iteration 9 of 10 fold...

epoch: 999 row: 96 exploration: 0.10000
	 ['V0', 'E'] 


finished epoch 1000
average loss: 0.14667464595916682

epoch: 1999 row: 64 exploration: 0.10000
	 ['V0', 'E'] 


finished epoch 2000
average loss: 0.1228148563047871

epoch: 2999 row: 32 exploration: 0.10000
	 ['V0', 'E'] 


finished epoch 3000
average loss: 0.12226324560679495

epoch: 3999 row: 0 exploration: 0.10000
	 ['V0', 'V42', 'E'] 


finished epoch 4000
average loss: 0.1218935078131035

epoch: 4999 row: 97 exploration: 0.10000
	 ['V0', 'E'] 


finished epoch 5000
average loss: 0.11644241391029209

epoch: 5999 row: 65 exploration: 0.10000
	 ['V0', 'V18', 'V32', 'V29', 'V48', 'V14', 'V39', 'V31', 'V24', 'V20', 'V45', 'V46', 'V19', 'V28', 'V27', 'V8', 'V34', 'V35', 'V1', 'V11', 'E'] 


finished epoch 6000
average loss: 0.07481162415760627

epoch: 6999 row: 33 exploration: 0.10000
	 ['V0', 'V18', 'V32', 'V11', 'V29', 'V48', 'V7', 'V14', 'V39', 'V31', 'V47', 'V24', 'V21', 'V5', 'V6', 'V25', 'V37', 'V15', 'V46', 'V34', 'V30', 'V28', 'V3', 'V12', 'V22', 'V16', 'V33', 'V20', 'V45', 'V9', 'V10', 'V26', 'V38', 'V36', 'V35', 'V40', 'V13', 'V1', 'V8', 'V44', 'V49', 'V23', 'V19', 'V27', 'V17', 'V42', 'V41', 'V4', 'V43', 'E'] 


finished epoch 7000
average loss: 0.03014474286639597

epoch: 7999 row: 1 exploration: 0.10000
	 ['V0', 'V18', 'V49', 'V32', 'V29', 'V21', 'V24', 'V10', 'V14', 'V39', 'V3', 'V30', 'V4', 'V44', 'V26', 'V15', 'V46', 'V27', 'V16', 'E'] 


finished epoch 8000
average loss: 0.03574908967689407

epoch: 8999 row: 98 exploration: 0.10000
	 ['V0', 'V18', 'V32', 'V29', 'V49', 'V10', 'V21', 'V41', 'V14', 'V48', 'V39', 'V13', 'V42', 'V27', 'V46', 'V26', 'V15', 'V34', 'V24', 'V31', 'V22', 'V44', 'V16', 'V1', 'V20', 'V40', 'V11', 'V35', 'E'] 


finished epoch 9000
average loss: 0.03445484338072129

epoch: 9999 row: 66 exploration: 0.10000
	 ['V19', 'V44', 'E'] 


finished epoch 10000
average loss: 0.03186460918990633

test case 0
	 ['V0', 'V18', 'V32', 'V29', 'V41', 'V42', 'V3', 'V23', 'V24', 'V35', 'V8', 'V45', 'E'] 
	# trees: 12 , real: 0 , pred: 0

test case 1
	 ['V0', 'V18', 'V32', 'V29', 'V8', 'V6', 'V42', 'V23', 'V28', 'V3', 'V25', 'V30', 'V43', 'V41', 'V19', 'V33', 'V5', 'V12', 'V37', 'V45', 'V38', 'V9', 'V16', 'V11', 'E'] 
	# trees: 24 , real: 0 , pred: 1

test case 2
	 ['V0', 'V18', 'V32', 'V41', 'V29', 'V42', 'V3', 'V24', 'V35', 'V10', 'V23', 'V8', 'V45', 'V28', 'V34', 'E'] 
	# trees: 15 , real: 0 , pred: 0

test case 3
	 ['V0', 'V18', 'V32', 'V29', 'V41', 'V42', 'V3', 'V23', 'V8', 'V35', 'E'] 
	# trees: 10 , real: 0 , pred: 0

test case 4
	 ['V0', 'V18', 'V32', 'V29', 'V41', 'V42', 'V3', 'V23', 'E'] 
	# trees: 8 , real: 0 , pred: 0

test case 5
	 ['V0', 'V18', 'V32', 'V29', 'V41', 'V42', 'V3', 'V35', 'V23', 'V24', 'V8', 'E'] 
	# trees: 11 , real: 1 , pred: 0

test case 6
	 ['V0', 'V18', 'V32', 'V41', 'V29', 'V42', 'V3', 'V24', 'V23', 'V8', 'V28', 'V6', 'V35', 'V25', 'V45', 'V19', 'E'] 
	# trees: 16 , real: 0 , pred: 0

test case 7
	 ['V0', 'V18', 'V32', 'V29', 'V42', 'V3', 'V41', 'V24', 'V23', 'V8', 'V35', 'V34', 'V10', 'E'] 
	# trees: 13 , real: 0 , pred: 0

test case 8
	 ['V0', 'V18', 'V32', 'V41', 'V29', 'V42', 'V3', 'V24', 'V35', 'V23', 'V10', 'V8', 'V28', 'V34', 'V6', 'V45', 'V33', 'V25', 'V37', 'V5', 'V12', 'V9', 'V30', 'V44', 'V19', 'E'] 
	# trees: 25 , real: 1 , pred: 1

test case 9
	 ['V0', 'V18', 'V32', 'V29', 'V42', 'V3', 'V8', 'V23', 'V6', 'V28', 'V41', 'V25', 'V19', 'V45', 'V12', 'E'] 
	# trees: 15 , real: 0 , pred: 0

test case 10
	 ['V0', 'V18', 'V32', 'V41', 'V29', 'V42', 'V24', 'V3', 'V35', 'V10', 'V23', 'V34', 'V26', 'V22', 'E'] 
	# trees: 14 , real: 1 , pred: 0

test case 11
	 ['V0', 'V18', 'V32', 'V41', 'V29', 'V42', 'V24', 'V3', 'V35', 'V10', 'V23', 'V26', 'V22', 'E'] 
	# trees: 13 , real: 0 , pred: 0

test case 12
	 ['V0', 'V18', 'V32', 'V29', 'V41', 'V42', 'V3', 'V35', 'V24', 'V23', 'V8', 'V34', 'E'] 
	# trees: 12 , real: 1 , pred: 0

test case 13
	 ['V0', 'V18', 'V32', 'V29', 'V41', 'V42', 'V3', 'V35', 'V24', 'V10', 'V34', 'V23', 'V4', 'V14', 'V8', 'V45', 'V36', 'E'] 
	# trees: 17 , real: 1 , pred: 0

test case 14
	 ['V0', 'V18', 'V32', 'V41', 'V29', 'V42', 'V24', 'V3', 'V35', 'V10', 'V23', 'V8', 'V45', 'E'] 
	# trees: 13 , real: 0 , pred: 0

test case 15
	 ['V0', 'V18', 'V32', 'V29', 'V42', 'V41', 'V3', 'V8', 'V23', 'V35', 'V24', 'V45', 'V34', 'V28', 'V6', 'E'] 
	# trees: 15 , real: 1 , pred: 1

test case 16
	 ['V0', 'V18', 'V32', 'V29', 'V8', 'V6', 'V42', 'V23', 'V28', 'V30', 'V25', 'E'] 
	# trees: 11 , real: 0 , pred: 0

test case 17
	 ['V0', 'V18', 'V32', 'V29', 'V41', 'V42', 'V3', 'V23', 'V24', 'V35', 'V8', 'V10', 'V45', 'V34', 'E'] 
	# trees: 14 , real: 1 , pred: 0

test case 18
	 ['V0', 'V18', 'V32', 'V29', 'V41', 'V42', 'V3', 'V8', 'V23', 'V35', 'V24', 'E'] 
	# trees: 11 , real: 1 , pred: 1

test case 19
	 ['V0', 'V18', 'V32', 'V29', 'V41', 'V42', 'V3', 'V23', 'V24', 'V35', 'V10', 'V34', 'V8', 'V45', 'V26', 'V36', 'E'] 
	# trees: 16 , real: 1 , pred: 0

test case 20
	 ['V0', 'V18', 'V32', 'V41', 'V29', 'V42', 'V3', 'V35', 'V24', 'V10', 'V23', 'E'] 
	# trees: 11 , real: 0 , pred: 0

test case 21
	 ['V0', 'V18', 'V32', 'V29', 'V41', 'V42', 'V23', 'V3', 'V8', 'V35', 'V24', 'V28', 'V6', 'E'] 
	# trees: 13 , real: 0 , pred: 1

test case 22
	 ['V0', 'V18', 'V32', 'V41', 'V29', 'V42', 'V24', 'V3', 'V35', 'V10', 'V23', 'V26', 'V22', 'E'] 
	# trees: 13 , real: 0 , pred: 0

test case 23
	 ['V0', 'V18', 'V32', 'V29', 'V41', 'V42', 'V23', 'V8', 'E'] 
	# trees: 8 , real: 1 , pred: 0

test case 24
	 ['V0', 'V18', 'V32', 'V41', 'V29', 'V42', 'V3', 'V24', 'V35', 'V10', 'V23', 'V8', 'V5', 'V25', 'V22', 'V26', 'V45', 'V34', 'V36', 'E'] 
	# trees: 19 , real: 1 , pred: 1

test case 25
	 ['V0', 'V18', 'V32', 'V41', 'V29', 'V42', 'V24', 'V3', 'V35', 'V10', 'V23', 'V26', 'V22', 'E'] 
	# trees: 13 , real: 0 , pred: 0

test case 26
	 ['V0', 'V18', 'V32', 'V29', 'V41', 'V42', 'V3', 'V8', 'V23', 'V28', 'E'] 
	# trees: 10 , real: 1 , pred: 1

test case 27
	 ['V0', 'V18', 'V32', 'V29', 'V41', 'V42', 'V3', 'V24', 'V35', 'V23', 'V8', 'V34', 'E'] 
	# trees: 12 , real: 0 , pred: 0
               accuracy, precision, recall, f_score
majority vote: 0.607143, 0.604348, 0.562500, 0.535445
weighted vote: 0.607143, 0.604348, 0.562500, 0.535445
reinforcement: 0.678571, 0.690476, 0.645833, 0.641536
Running iteration 10 of 10 fold...

epoch: 999 row: 96 exploration: 0.10000
	 ['V7', 'E'] 


finished epoch 1000
average loss: 0.14333528218691935

epoch: 1999 row: 64 exploration: 0.10000
	 ['V7', 'E'] 


finished epoch 2000
average loss: 0.1339324142821133

epoch: 2999 row: 32 exploration: 0.10000
	 ['V7', 'E'] 


finished epoch 3000
average loss: 0.13696699568443

epoch: 3999 row: 0 exploration: 0.10000
	 ['V7', 'E'] 


finished epoch 4000
average loss: 0.13255543923191726

epoch: 4999 row: 97 exploration: 0.10000
	 ['V7', 'E'] 


finished epoch 5000
average loss: 0.13254430111125112

epoch: 5999 row: 65 exploration: 0.10000
	 ['V43', 'V35', 'V7', 'V40', 'V23', 'E'] 


finished epoch 6000
average loss: 0.12752380802715196

epoch: 6999 row: 33 exploration: 0.10000
	 ['V7', 'V40', 'V21', 'V23', 'V36', 'V25', 'V2', 'V20', 'V48', 'V38', 'V39', 'V44', 'V3', 'V5', 'V29', 'V27', 'V19', 'V18', 'V8', 'V45', 'V49', 'V14', 'V31', 'V32', 'V24', 'V42', 'V12', 'V34', 'V26', 'V11', 'V35', 'V15', 'V4', 'V33', 'V37', 'V17', 'V22', 'E'] 


finished epoch 7000
average loss: 0.08163272131746635

epoch: 7999 row: 1 exploration: 0.10000
	 ['V7', 'V40', 'V23', 'V20', 'V21', 'V5', 'V36', 'V25', 'V8', 'V28', 'V39', 'V29', 'V3', 'V42', 'V9', 'V38', 'V2', 'V1', 'E'] 


finished epoch 8000
average loss: 0.04647503380815033

epoch: 8999 row: 98 exploration: 0.10000
	 ['V7', 'V40', 'V23', 'E'] 


finished epoch 9000
average loss: 0.10794262628818979

epoch: 9999 row: 66 exploration: 0.10000
	 ['V7', 'V23', 'V40', 'V26', 'V20', 'V17', 'V10', 'V28', 'V18', 'V9', 'V0', 'V32', 'E'] 


finished epoch 10000
average loss: 0.069923071370431

test case 0
	 ['V7', 'V23', 'V40', 'V20', 'V28', 'V18', 'V9', 'V0', 'E'] 
	# trees: 8 , real: 0 , pred: 0

test case 1
	 ['V7', 'V23', 'V40', 'V20', 'V28', 'V18', 'V9', 'V36', 'V43', 'V32', 'V27', 'E'] 
	# trees: 11 , real: 0 , pred: 0

test case 2
	 ['V7', 'V40', 'V23', 'V20', 'V28', 'V9', 'V43', 'V21', 'V36', 'V18', 'E'] 
	# trees: 10 , real: 0 , pred: 0

test case 3
	 ['V7', 'V40', 'V23', 'V20', 'V28', 'V18', 'V12', 'V0', 'V27', 'V37', 'E'] 
	# trees: 10 , real: 0 , pred: 1

test case 4
	 ['V7', 'V23', 'V40', 'V20', 'V18', 'V0', 'V28', 'V9', 'V12', 'V32', 'V27', 'E'] 
	# trees: 11 , real: 1 , pred: 1

test case 5
	 ['V7', 'V23', 'V40', 'V20', 'V28', 'V18', 'V9', 'V43', 'E'] 
	# trees: 8 , real: 1 , pred: 0

test case 6
	 ['V7', 'V40', 'V23', 'V20', 'V28', 'V21', 'V43', 'V9', 'V48', 'V36', 'V8', 'V22', 'V11', 'V29', 'E'] 
	# trees: 14 , real: 1 , pred: 0

test case 7
	 ['V7', 'V40', 'V23', 'V20', 'V28', 'V21', 'V43', 'V9', 'V48', 'V36', 'V8', 'V22', 'V11', 'V29', 'E'] 
	# trees: 14 , real: 0 , pred: 0

test case 8
	 ['V7', 'V23', 'V40', 'V20', 'V28', 'V18', 'V36', 'V9', 'V25', 'V0', 'V32', 'V27', 'E'] 
	# trees: 12 , real: 0 , pred: 1

test case 9
	 ['V7', 'V40', 'V23', 'V20', 'V28', 'V9', 'V43', 'V36', 'V18', 'V21', 'V8', 'V39', 'E'] 
	# trees: 12 , real: 0 , pred: 0

test case 10
	 ['V7', 'V40', 'V23', 'V20', 'V28', 'V21', 'V9', 'V43', 'V36', 'V18', 'V39', 'V8', 'E'] 
	# trees: 12 , real: 0 , pred: 0

test case 11
	 ['V7', 'V40', 'V23', 'V20', 'V28', 'V9', 'V43', 'V21', 'V36', 'V22', 'V11', 'V8', 'E'] 
	# trees: 12 , real: 0 , pred: 0

test case 12
	 ['V7', 'V40', 'V23', 'V20', 'V28', 'V21', 'V43', 'V9', 'V36', 'V48', 'V8', 'V22', 'E'] 
	# trees: 12 , real: 0 , pred: 0

test case 13
	 ['V7', 'V40', 'V23', 'V20', 'V28', 'V21', 'V9', 'V43', 'V36', 'V48', 'V8', 'V22', 'V18', 'V11', 'V29', 'E'] 
	# trees: 15 , real: 0 , pred: 0

test case 14
	 ['V7', 'V40', 'V23', 'V20', 'V28', 'V18', 'V9', 'V12', 'V43', 'V36', 'V27', 'E'] 
	# trees: 11 , real: 1 , pred: 0

test case 15
	 ['V7', 'V23', 'V40', 'V20', 'V28', 'V18', 'V0', 'V9', 'V32', 'V27', 'E'] 
	# trees: 10 , real: 0 , pred: 1

test case 16
	 ['V7', 'V23', 'V40', 'V20', 'V28', 'V18', 'V0', 'V9', 'V27', 'E'] 
	# trees: 9 , real: 0 , pred: 1

test case 17
	 ['V7', 'V40', 'V23', 'V20', 'V28', 'V9', 'V43', 'V18', 'V36', 'V27', 'E'] 
	# trees: 10 , real: 1 , pred: 0

test case 18
	 ['V7', 'V40', 'V23', 'V20', 'V28', 'V21', 'V9', 'V43', 'V36', 'V8', 'V39', 'V18', 'E'] 
	# trees: 12 , real: 1 , pred: 0

test case 19
	 ['V7', 'V40', 'V23', 'V20', 'V28', 'V21', 'V43', 'V9', 'V48', 'V36', 'V8', 'V22', 'V11', 'V29', 'E'] 
	# trees: 14 , real: 0 , pred: 0

test case 20
	 ['V7', 'V40', 'V23', 'V20', 'V28', 'V21', 'V43', 'V9', 'V48', 'V36', 'V8', 'V22', 'V11', 'E'] 
	# trees: 13 , real: 0 , pred: 0

test case 21
	 ['V7', 'V23', 'V40', 'V20', 'V28', 'V18', 'V9', 'V43', 'E'] 
	# trees: 8 , real: 0 , pred: 0

test case 22
	 ['V7', 'V40', 'V23', 'V20', 'V28', 'V18', 'V9', 'V12', 'V0', 'V27', 'E'] 
	# trees: 10 , real: 0 , pred: 0

test case 23
	 ['V7', 'V40', 'V23', 'V20', 'V28', 'V9', 'V36', 'V43', 'V18', 'V39', 'V32', 'E'] 
	# trees: 11 , real: 0 , pred: 0

test case 24
	 ['V7', 'V23', 'V40', 'V20', 'V18', 'V0', 'V28', 'V12', 'V37', 'V27', 'E'] 
	# trees: 10 , real: 1 , pred: 1

test case 25
	 ['V7', 'V40', 'V23', 'V20', 'V28', 'V9', 'V43', 'V36', 'V18', 'V21', 'V32', 'E'] 
	# trees: 11 , real: 0 , pred: 0

test case 26
	 ['V7', 'V40', 'V23', 'V20', 'V28', 'V9', 'V43', 'V21', 'V36', 'V18', 'V22', 'E'] 
	# trees: 11 , real: 1 , pred: 0

test case 27
	 ['V7', 'V40', 'V23', 'V20', 'V28', 'V21', 'V43', 'V9', 'V48', 'V36', 'V8', 'V22', 'V11', 'V29', 'E'] 
	# trees: 14 , real: 0 , pred: 0
               accuracy, precision, recall, f_score
majority vote: 0.714286, 0.625000, 0.575000, 0.575758
weighted vote: 0.714286, 0.625000, 0.575000, 0.575758
reinforcement: 0.642857, 0.530303, 0.525000, 0.523810
