{'dataset': 'cmc', 'algorithm': 'ptdqn', 'num_clf': 20, 'num_training': 400000, 'learning_rate': 0.1, 'discount_factor': 1.0, 'epsilon': 0.1, 'random_state': 9327, 'portion': 0.5, 'sequential': False}
(1473, 22)
reading data takes 6.127 sec
number of labels: 3

Running iteration 1 of 10 fold...
[13, 0]
using cpu
using cpu
    accuracy, precision, recall, f_score
max0: 0.5234, 0.5321, 0.5173, 0.5118

    accuracy, precision, recall, f_score
max3: 0.5106, 0.5310, 0.5134, 0.4987

    accuracy, precision, recall, f_score
max1: 0.5743, 0.5729, 0.5680, 0.5656


min loss: 0.013, episode: 200000
max accu: 0.574, episode: 120000

3.50 classifiers used
    accuracy, precision, recall, f_score
mv: 0.5541, 0.5487, 0.5357, 0.5337
wv: 0.5203, 0.5127, 0.5030, 0.4975
fs: 0.5743, 0.5844, 0.5501, 0.5580
rl: 0.5743, 0.5729, 0.5680, 0.5656

0.4621621621621621
0.43, 0.55, 0.47, 0.39, 0.45, 0.57, 0.42, 0.37, 0.37, 0.50, 0.46, 0.43, 0.43, 0.57, 0.43, 0.43, 0.37, 0.58, 0.48, 0.42

0.4641891891891892
0.39, 0.5, 0.43, 0.45, 0.47, 0.53, 0.49, 0.42, 0.42, 0.54, 0.43, 0.35, 0.45, 0.55, 0.39, 0.47, 0.39, 0.55, 0.51, 0.47


Running iteration 2 of 10 fold...
[1, 0, 13, 11, 4, 12, 18]
using cpu
using cpu
    accuracy, precision, recall, f_score
max0: 0.5204, 0.5264, 0.5150, 0.5090

    accuracy, precision, recall, f_score
max3: 0.5106, 0.5258, 0.5079, 0.4984

    accuracy, precision, recall, f_score
max1: 0.5608, 0.5771, 0.5604, 0.5526


min loss: 0.014, episode: 174000
max accu: 0.561, episode: 390000

4.59 classifiers used
    accuracy, precision, recall, f_score
mv: 0.5676, 0.5806, 0.5659, 0.5573
wv: 0.5608, 0.5822, 0.5577, 0.5477
fs: 0.5338, 0.5378, 0.5091, 0.5089
rl: 0.5608, 0.5771, 0.5604, 0.5526

0.47128378378378377
0.52, 0.53, 0.44, 0.40, 0.41, 0.56, 0.52, 0.37, 0.49, 0.54, 0.46, 0.41, 0.47, 0.52, 0.45, 0.38, 0.47, 0.54, 0.47, 0.38

0.48006756756756747
0.48, 0.49, 0.47, 0.45, 0.42, 0.52, 0.53, 0.41, 0.46, 0.5, 0.48, 0.41, 0.51, 0.56, 0.5, 0.37, 0.48, 0.54, 0.52, 0.41


Running iteration 3 of 10 fold...
[1, 0, 3, 17, 14]
using cpu
using cpu
    accuracy, precision, recall, f_score
max0: 0.5023, 0.4903, 0.4618, 0.4608

    accuracy, precision, recall, f_score
max3: 0.4985, 0.4813, 0.4490, 0.4501

    accuracy, precision, recall, f_score
max1: 0.6216, 0.6477, 0.5934, 0.6044


min loss: 0.013, episode: 180000
max accu: 0.622, episode: 230000

3.78 classifiers used
    accuracy, precision, recall, f_score
mv: 0.6081, 0.6325, 0.6077, 0.5930
wv: 0.5743, 0.6009, 0.5762, 0.5631
fs: 0.6014, 0.6086, 0.5922, 0.5937
rl: 0.6216, 0.6477, 0.5934, 0.6044

0.4780405405405406
0.5, 0.56, 0.49, 0.39, 0.50, 0.52, 0.46, 0.33, 0.53, 0.55, 0.51, 0.37, 0.50, 0.60, 0.49, 0.42, 0.43, 0.5, 0.47, 0.36

0.4692567567567568
0.46, 0.55, 0.52, 0.33, 0.44, 0.52, 0.47, 0.41, 0.43, 0.50, 0.49, 0.39, 0.47, 0.54, 0.43, 0.41, 0.52, 0.54, 0.47, 0.37


Running iteration 4 of 10 fold...
[9, 0, 17, 15, 18, 8]
using cpu
using cpu
    accuracy, precision, recall, f_score
max0: 0.5370, 0.5433, 0.5324, 0.5252

    accuracy, precision, recall, f_score
max3: 0.5438, 0.5569, 0.5368, 0.5260

    accuracy, precision, recall, f_score
max1: 0.5442, 0.5667, 0.5251, 0.5188


min loss: 0.012, episode: 202000
max accu: 0.544, episode: 200000

18.05 classifiers used
    accuracy, precision, recall, f_score
mv: 0.5170, 0.5483, 0.5079, 0.4987
wv: 0.4966, 0.5609, 0.5081, 0.4878
fs: 0.4898, 0.5054, 0.4508, 0.4512
rl: 0.5442, 0.5667, 0.5251, 0.5188

0.435374149659864
0.49, 0.48, 0.41, 0.40, 0.46, 0.49, 0.44, 0.41, 0.42, 0.51, 0.50, 0.38, 0.48, 0.46, 0.38, 0.34, 0.40, 0.48, 0.40, 0.28

0.44353741496598625
0.44, 0.51, 0.43, 0.30, 0.43, 0.53, 0.48, 0.34, 0.46, 0.44, 0.48, 0.41, 0.49, 0.46, 0.49, 0.31, 0.42, 0.48, 0.47, 0.39

    accuracy, precision, recall, f_score
mv: 0.5617, 0.5775, 0.5543, 0.5457
wv: 0.5380, 0.5642, 0.5363, 0.5240
fs: 0.5498, 0.5590, 0.5256, 0.5279
rl: 0.5752, 0.5911, 0.5618, 0.5604

fs avg size: 5.00000, rl avg size: 7.48320
full test avg accu: 0.46426, test avg accu: 0.46172

training takes 11473.589 sec
