{'dataset': 'glass', 'algorithm': 'ptdqn', 'num_clf': 20, 'num_training': 350000, 'learning_rate': 0.1, 'discount_factor': 1.0, 'epsilon': 0.1, 'random_state': 6229, 'portion': 0.5, 'sequential': False}
(214, 10)
reading data takes 0.018 sec
number of labels: 6

Running iteration 1 of 10 fold...
[10, 0, 15, 5, 12, 19, 16]
using cpu
using cpu
    accuracy, precision, recall, f_score
max0: 0.6771, 0.6713, 0.4874, 0.5013

    accuracy, precision, recall, f_score
max3: 0.6667, 0.6736, 0.5040, 0.5110

    accuracy, precision, recall, f_score
max1: 0.7727, 0.8675, 0.8167, 0.7836


min loss: 0.009, episode: 238000
max accu: 0.773, episode: 350000

8.14 classifiers used
    accuracy, precision, recall, f_score
mv: 0.6818, 0.7935, 0.7333, 0.7255
wv: 0.6364, 0.7814, 0.7167, 0.5944
fs: 0.7273, 0.8130, 0.8000, 0.7655
rl: 0.7727, 0.8675, 0.8167, 0.7836

0.5659090909090909
0.63, 0.54, 0.5, 0.36, 0.68, 0.54, 0.63, 0.31, 0.59, 0.45, 0.77, 0.54, 0.77, 0.59, 0.68, 0.36, 0.68, 0.68, 0.63, 0.31

0.5022727272727272
0.63, 0.40, 0.40, 0.36, 0.63, 0.36, 0.59, 0.68, 0.63, 0.31, 0.59, 0.36, 0.59, 0.45, 0.59, 0.36, 0.68, 0.36, 0.63, 0.36


Running iteration 2 of 10 fold...
[6, 0, 8, 11, 4, 10, 2, 19]
using cpu
using cpu
    accuracy, precision, recall, f_score
max0: 0.6354, 0.6880, 0.5380, 0.5564

    accuracy, precision, recall, f_score
max3: 0.6250, 0.5872, 0.5944, 0.5762

    accuracy, precision, recall, f_score
max1: 0.7273, 0.6595, 0.5028, 0.4648


min loss: 0.020, episode: 232000
max accu: 0.727, episode: 310000

1.64 classifiers used
    accuracy, precision, recall, f_score
mv: 0.7727, 0.7033, 0.5306, 0.4917
wv: 0.8182, 0.7511, 0.5556, 0.5139
fs: 0.7727, 0.7257, 0.5306, 0.5121
rl: 0.7273, 0.6595, 0.5028, 0.4648

0.5454545454545453
0.54, 0.36, 0.5, 0.59, 0.77, 0.45, 0.68, 0.40, 0.59, 0.45, 0.59, 0.59, 0.63, 0.63, 0.54, 0.40, 0.54, 0.54, 0.68, 0.36

0.6022727272727273
0.68, 0.77, 0.59, 0.59, 0.68, 0.63, 0.59, 0.59, 0.77, 0.5, 0.63, 0.63, 0.63, 0.31, 0.63, 0.45, 0.54, 0.54, 0.59, 0.63


Running iteration 3 of 10 fold...
[2, 0, 8, 12, 6]
using cpu
using cpu
    accuracy, precision, recall, f_score
max0: 0.6146, 0.6027, 0.5239, 0.5125

    accuracy, precision, recall, f_score
max3: 0.6250, 0.5993, 0.5602, 0.5302

    accuracy, precision, recall, f_score
max1: 0.6818, 0.5833, 0.5667, 0.5197


min loss: 0.010, episode: 217000
max accu: 0.682, episode: 350000

5.18 classifiers used
    accuracy, precision, recall, f_score
mv: 0.6364, 0.5942, 0.4833, 0.4911
wv: 0.6364, 0.5942, 0.4833, 0.4911
fs: 0.6364, 0.5725, 0.4944, 0.4137
rl: 0.6818, 0.5833, 0.5667, 0.5197

0.5886363636363635
0.59, 0.5, 0.68, 0.40, 0.59, 0.5, 0.59, 0.63, 0.63, 0.54, 0.68, 0.40, 0.77, 0.68, 0.63, 0.59, 0.72, 0.5, 0.54, 0.54

0.5704545454545454
0.54, 0.45, 0.63, 0.40, 0.72, 0.59, 0.72, 0.68, 0.63, 0.5, 0.68, 0.5, 0.54, 0.54, 0.59, 0.45, 0.59, 0.40, 0.72, 0.45


Running iteration 4 of 10 fold...
[10, 0, 4, 3]
using cpu
using cpu
    accuracy, precision, recall, f_score
max0: 0.6771, 0.6255, 0.5698, 0.5792

    accuracy, precision, recall, f_score
max3: 0.6458, 0.5665, 0.5200, 0.4931

    accuracy, precision, recall, f_score
max1: 0.5455, 0.4364, 0.2778, 0.2063


min loss: 0.010, episode: 217000
max accu: 0.545, episode: 340000

5.00 classifiers used
    accuracy, precision, recall, f_score
mv: 0.5000, 0.5152, 0.3333, 0.2897
wv: 0.5000, 0.4132, 0.2639, 0.1903
fs: 0.3636, 0.3287, 0.2222, 0.1451
rl: 0.5455, 0.4364, 0.2778, 0.2063

0.41818181818181815
0.5, 0.36, 0.5, 0.22, 0.45, 0.54, 0.54, 0.27, 0.54, 0.31, 0.45, 0.31, 0.5, 0.40, 0.5, 0.27, 0.5, 0.40, 0.5, 0.22

0.42727272727272725
0.5, 0.27, 0.5, 0.27, 0.40, 0.22, 0.54, 0.31, 0.68, 0.31, 0.59, 0.27, 0.5, 0.40, 0.59, 0.31, 0.54, 0.31, 0.5, 0.45

    accuracy, precision, recall, f_score
mv: 0.6477, 0.6515, 0.5201, 0.4995
wv: 0.6477, 0.6350, 0.5049, 0.4474
fs: 0.6250, 0.6100, 0.5118, 0.4591
rl: 0.6818, 0.6367, 0.5410, 0.4936

fs avg size: 6.00000, rl avg size: 4.98864
full test avg accu: 0.52557, test avg accu: 0.52955

training takes 5692.272 sec
