{'dataset': 'human_activity', 'algorithm': 'ptdqn', 'num_clf': 20, 'num_training': 400000, 'learning_rate': 0.1, 'discount_factor': 1.0, 'epsilon': 0.1, 'random_state': 5971, 'portion': 0.5, 'sequential': False}
(10299, 562)
reading data takes 1.194 sec
number of labels: 6

Running iteration 1 of 10 fold...
[13, 0, 1, 6]
using cpu
using cpu
    accuracy, precision, recall, f_score
max0: 0.9711, 0.9714, 0.9714, 0.9710

    accuracy, precision, recall, f_score
max3: 0.9702, 0.9707, 0.9713, 0.9706

    accuracy, precision, recall, f_score
max1: 0.9660, 0.9661, 0.9657, 0.9663


min loss: 0.005, episode: 384000
max accu: 0.966, episode: 390000

17.08 classifiers used
    accuracy, precision, recall, f_score
mv: 0.9689, 0.9690, 0.9688, 0.9686
wv: 0.9631, 0.9632, 0.9622, 0.9622
fs: 0.9689, 0.9690, 0.9698, 0.9701
rl: 0.9660, 0.9661, 0.9657, 0.9663

0.863252427184466
0.84, 0.97, 0.93, 0.78, 0.86, 0.96, 0.93, 0.7, 0.87, 0.96, 0.93, 0.64, 0.89, 0.96, 0.94, 0.62, 0.87, 0.96, 0.93, 0.62

0.8655339805825243
0.85, 0.96, 0.92, 0.80, 0.82, 0.96, 0.94, 0.63, 0.85, 0.97, 0.93, 0.69, 0.82, 0.97, 0.94, 0.67, 0.88, 0.96, 0.93, 0.73


Running iteration 2 of 10 fold...
[1, 0, 5, 4, 9, 12, 10, 13, 2, 14]
using cpu
using cpu
    accuracy, precision, recall, f_score
max0: 0.9737, 0.9737, 0.9737, 0.9738

    accuracy, precision, recall, f_score
max3: 0.9745, 0.9746, 0.9747, 0.9747

    accuracy, precision, recall, f_score
max1: 0.9777, 0.9781, 0.9777, 0.9775


min loss: 0.004, episode: 378000
max accu: 0.978, episode: 380000

17.52 classifiers used
    accuracy, precision, recall, f_score
mv: 0.9825, 0.9828, 0.9832, 0.9829
wv: 0.9796, 0.9798, 0.9804, 0.9801
fs: 0.9806, 0.9810, 0.9824, 0.9817
rl: 0.9777, 0.9781, 0.9777, 0.9775

0.8706310679611651
0.85, 0.97, 0.93, 0.60, 0.85, 0.96, 0.94, 0.77, 0.85, 0.95, 0.93, 0.63, 0.87, 0.97, 0.94, 0.72, 0.89, 0.96, 0.94, 0.80

0.8742233009708738
0.86, 0.96, 0.93, 0.77, 0.88, 0.96, 0.94, 0.66, 0.87, 0.97, 0.95, 0.67, 0.87, 0.97, 0.93, 0.80, 0.88, 0.97, 0.95, 0.59


Running iteration 3 of 10 fold...
[17, 0, 1, 14, 5, 6, 4, 18]
using cpu
using cpu
    accuracy, precision, recall, f_score
max0: 0.9756, 0.9757, 0.9764, 0.9764

    accuracy, precision, recall, f_score
max3: 0.9771, 0.9772, 0.9776, 0.9776

    accuracy, precision, recall, f_score
max1: 0.9825, 0.9826, 0.9816, 0.9823


min loss: 0.007, episode: 400000
max accu: 0.983, episode: 240000

16.45 classifiers used
    accuracy, precision, recall, f_score
mv: 0.9757, 0.9759, 0.9737, 0.9753
wv: 0.9786, 0.9789, 0.9762, 0.9778
fs: 0.9825, 0.9825, 0.9827, 0.9828
rl: 0.9825, 0.9826, 0.9816, 0.9823

0.875873786407767
0.86, 0.96, 0.94, 0.73, 0.88, 0.97, 0.93, 0.73, 0.86, 0.97, 0.93, 0.70, 0.88, 0.96, 0.94, 0.63, 0.88, 0.97, 0.93, 0.78

0.8723300970873786
0.87, 0.97, 0.92, 0.75, 0.87, 0.97, 0.93, 0.64, 0.87, 0.97, 0.94, 0.66, 0.85, 0.96, 0.93, 0.75, 0.89, 0.96, 0.93, 0.71


Running iteration 4 of 10 fold...
[5, 0, 1, 6, 17, 14]
using cpu
using cpu
    accuracy, precision, recall, f_score
max0: 0.9735, 0.9735, 0.9739, 0.9741

    accuracy, precision, recall, f_score
max3: 0.9698, 0.9698, 0.9705, 0.9705

    accuracy, precision, recall, f_score
max1: 0.9806, 0.9806, 0.9817, 0.9814


min loss: 0.005, episode: 400000
max accu: 0.981, episode: 380000

17.46 classifiers used
    accuracy, precision, recall, f_score
mv: 0.9709, 0.9710, 0.9722, 0.9719
wv: 0.9718, 0.9719, 0.9728, 0.9726
fs: 0.9816, 0.9816, 0.9822, 0.9822
rl: 0.9806, 0.9806, 0.9817, 0.9814

0.8827184466019418
0.87, 0.96, 0.94, 0.79, 0.88, 0.97, 0.93, 0.69, 0.85, 0.96, 0.93, 0.76, 0.86, 0.97, 0.93, 0.68, 0.87, 0.97, 0.92, 0.82

0.8799029126213593
0.82, 0.96, 0.93, 0.74, 0.87, 0.96, 0.93, 0.83, 0.85, 0.97, 0.94, 0.68, 0.87, 0.96, 0.93, 0.82, 0.84, 0.96, 0.93, 0.69

    accuracy, precision, recall, f_score
mv: 0.9745, 0.9747, 0.9745, 0.9747
wv: 0.9733, 0.9735, 0.9729, 0.9732
fs: 0.9784, 0.9785, 0.9793, 0.9792
rl: 0.9767, 0.9768, 0.9766, 0.9769

fs avg size: 7.00000, rl avg size: 17.13010
full test avg accu: 0.87300, test avg accu: 0.87312

training takes 10432.242 sec
