{'dataset': 'iris', 'algorithm': 'ptdqn', 'num_clf': 50, 'num_training': 500000, 'learning_rate': 0.1, 'discount_factor': 1.0, 'epsilon': 0.1, 'random_state': 2233, 'portion': 0.5, 'sequential': False}
(300, 5)
reading data takes 0.031 sec
number of labels: 3

Running iteration 1 of 10 fold...
[34, 0, 2, 1, 4, 3, 6, 5, 7, 8, 9, 10, 11, 12, 13, 14, 15, 16, 17, 18, 19, 20, 21, 22, 23, 24, 25, 26, 27, 28, 29, 30, 31, 32, 33, 35, 36, 37, 38, 39, 40, 41, 42, 43, 44, 45, 46, 47, 48, 49]
using cpu
using cpu
    accuracy, precision, recall, f_score
max0: 0.955556, 0.955556, 0.959855, 0.959855

    accuracy, precision, recall, f_score
max3: 0.955224, 0.955708, 0.960513, 0.960724

    accuracy, precision, recall, f_score
max1: 1.000000, 1.000000, 0.333333, 0.333333


min loss: 0.008, episode: 261000
max accu: 1.000, episode: 50000

1.00 classifiers used
    accuracy, precision, recall, f_score
mv: 1.000000, 1.000000, 0.333333, 0.333333
wv: 1.000000, 1.000000, 0.333333, 0.333333
fs: 1.000000, 1.000000, 0.333333, 0.333333
rl: 1.000000, 1.000000, 0.333333, 0.333333

0.9558518518518518
0.94, 0.94, 0.95, 0.94, 0.97, 0.91, 0.97, 0.92, 0.94, 0.91, 0.97, 0.94, 0.92, 0.97, 0.97, 0.96, 0.96, 0.92, 0.97, 0.97, 0.94, 0.95, 0.94, 0.97, 0.97, 0.96, 0.95, 0.97, 0.95, 0.97, 0.95, 0.96, 0.97, 0.96, 0.98, 0.95, 0.94, 0.93, 0.97, 0.94, 0.94, 0.95, 0.97, 0.94, 0.91, 0.94, 0.95, 0.94, 0.97, 0.97

0.9489552238805972
0.94, 0.92, 0.94, 0.94, 0.97, 0.92, 0.97, 0.92, 0.94, 0.92, 0.97, 0.94, 0.92, 0.94, 0.97, 0.94, 0.94, 0.92, 0.97, 0.97, 0.92, 0.94, 0.94, 0.94, 0.95, 0.97, 0.95, 0.95, 0.95, 0.97, 0.95, 0.95, 0.97, 0.95, 0.97, 0.95, 0.95, 0.92, 0.97, 0.94, 0.92, 0.94, 0.97, 0.97, 0.92, 0.94, 0.95, 0.94, 0.95, 0.97

0.9980000000000001
1.0, 1.0, 1.0, 1.0, 1.0, 1.0, 1.0, 1.0, 1.0, 1.0, 1.0, 1.0, 1.0, 1.0, 1.0, 1.0, 0.96, 1.0, 1.0, 0.96, 1.0, 1.0, 1.0, 1.0, 1.0, 1.0, 1.0, 1.0, 1.0, 1.0, 1.0, 1.0, 1.0, 1.0, 1.0, 1.0, 1.0, 1.0, 1.0, 1.0, 1.0, 1.0, 1.0, 1.0, 1.0, 0.96, 1.0, 1.0, 1.0, 1.0

0.9980000000000001
1.0, 1.0, 1.0, 1.0, 1.0, 0.93, 1.0, 1.0, 1.0, 1.0, 1.0, 1.0, 1.0, 1.0, 1.0, 1.0, 1.0, 1.0, 1.0, 1.0, 1.0, 1.0, 1.0, 1.0, 1.0, 1.0, 1.0, 1.0, 1.0, 1.0, 1.0, 1.0, 1.0, 1.0, 1.0, 1.0, 1.0, 1.0, 1.0, 1.0, 1.0, 1.0, 0.96, 1.0, 1.0, 1.0, 1.0, 1.0, 1.0, 1.0


Running iteration 2 of 10 fold...
[31, 0, 15, 1, 4, 2, 5, 3, 6, 7, 8, 9, 10, 11, 12, 13, 14, 16, 17, 18, 19, 20, 21, 22, 23, 24, 25, 26, 27, 28, 29, 30, 32, 33, 34, 35, 36, 37, 38, 39, 40, 41, 42, 43, 44, 45, 46, 47, 48, 49]
using cpu
using cpu
    accuracy, precision, recall, f_score
max0: 0.933333, 0.936975, 0.941160, 0.938718

    accuracy, precision, recall, f_score
max3: 0.940299, 0.940299, 0.946581, 0.946581

    accuracy, precision, recall, f_score
max1: 1.000000, 1.000000, 0.666667, 0.666667


min loss: 0.005, episode: 500000
max accu: 1.000, episode: 10000

1.00 classifiers used
    accuracy, precision, recall, f_score
mv: 1.000000, 1.000000, 0.666667, 0.666667
wv: 1.000000, 1.000000, 0.666667, 0.666667
fs: 1.000000, 1.000000, 0.666667, 0.666667
rl: 1.000000, 1.000000, 0.666667, 0.666667

0.9546666666666667
0.93, 0.95, 0.94, 0.94, 0.93, 0.97, 0.95, 0.95, 0.97, 0.95, 0.95, 0.94, 0.96, 0.95, 0.95, 0.94, 0.97, 0.96, 0.92, 0.95, 0.94, 0.94, 0.94, 0.95, 0.96, 0.97, 0.88, 0.96, 0.96, 0.96, 0.97, 0.98, 0.94, 0.95, 0.97, 0.96, 0.96, 0.95, 0.93, 0.94, 0.95, 0.93, 0.94, 0.97, 0.95, 0.95, 0.95, 0.97, 0.94, 0.96

0.9498507462686567
0.95, 0.95, 0.94, 0.95, 0.94, 0.97, 0.95, 0.94, 0.97, 0.95, 0.95, 0.94, 0.95, 0.95, 0.94, 0.92, 0.97, 0.95, 0.91, 0.94, 0.94, 0.94, 0.95, 0.95, 0.94, 0.97, 0.86, 0.95, 0.95, 0.94, 0.95, 0.97, 0.94, 0.97, 0.97, 0.95, 0.95, 0.95, 0.94, 0.95, 0.95, 0.94, 0.94, 0.97, 0.95, 0.95, 0.94, 0.97, 0.94, 0.95

0.9780000000000001
1.0, 0.93, 0.96, 0.96, 1.0, 0.96, 0.96, 0.96, 1.0, 1.0, 0.93, 0.93, 0.93, 1.0, 1.0, 0.93, 1.0, 1.0, 1.0, 1.0, 0.96, 1.0, 1.0, 1.0, 1.0, 1.0, 0.93, 0.96, 0.93, 1.0, 0.96, 1.0, 1.0, 0.96, 0.96, 0.96, 1.0, 0.96, 1.0, 0.96, 1.0, 0.96, 1.0, 1.0, 0.96, 1.0, 0.93, 1.0, 0.96, 0.96

0.9946666666666667
1.0, 1.0, 1.0, 1.0, 0.96, 1.0, 0.96, 1.0, 1.0, 0.93, 1.0, 1.0, 1.0, 1.0, 0.96, 1.0, 0.96, 1.0, 1.0, 1.0, 1.0, 1.0, 0.96, 1.0, 1.0, 1.0, 1.0, 1.0, 1.0, 1.0, 1.0, 1.0, 0.96, 1.0, 1.0, 1.0, 1.0, 1.0, 1.0, 1.0, 1.0, 1.0, 1.0, 1.0, 1.0, 1.0, 1.0, 1.0, 1.0, 1.0


Running iteration 3 of 10 fold...
[5, 0, 1, 2, 3, 4, 6, 7, 8, 9, 10, 11, 12, 13, 14, 15, 16, 17, 18, 19, 20, 21, 22, 23, 24, 25, 26, 27, 28, 29, 30, 31, 32, 33, 34, 35, 36, 37, 38, 39, 40, 41, 42, 43, 44, 45, 46, 47, 48, 49]
using cpu
using cpu
    accuracy, precision, recall, f_score
max0: 0.985185, 0.985724, 0.980392, 0.983726

    accuracy, precision, recall, f_score
max3: 0.985075, 0.985627, 0.979167, 0.982958

    accuracy, precision, recall, f_score
max1: 0.933333, 1.000000, 0.311111, 0.321839


min loss: 0.006, episode: 267000
max accu: 0.933, episode: 480000

9.03 classifiers used
    accuracy, precision, recall, f_score
mv: 1.000000, 1.000000, 0.333333, 0.333333
wv: 1.000000, 1.000000, 0.333333, 0.333333
fs: 0.933333, 1.000000, 0.311111, 0.321839
rl: 0.933333, 1.000000, 0.311111, 0.321839

0.960888888888889
0.92, 0.91, 0.97, 0.97, 0.93, 0.98, 0.97, 0.98, 0.93, 0.97, 0.91, 0.92, 0.97, 0.97, 0.96, 0.98, 0.98, 0.94, 0.96, 0.98, 0.97, 0.91, 0.98, 0.98, 0.97, 0.98, 0.95, 0.97, 0.96, 0.92, 0.98, 0.91, 0.94, 0.94, 0.96, 0.98, 0.91, 0.94, 0.97, 0.94, 0.98, 0.98, 0.98, 0.97, 0.97, 0.94, 0.98, 0.91, 0.94, 0.98

0.9680597014925373
0.94, 0.91, 0.98, 0.98, 0.95, 0.98, 0.98, 0.98, 0.95, 0.98, 0.94, 0.94, 0.98, 0.98, 0.98, 0.98, 0.98, 0.97, 0.97, 0.98, 0.98, 0.94, 0.98, 0.98, 0.98, 0.98, 0.97, 0.98, 0.97, 0.94, 0.98, 0.92, 0.94, 0.97, 0.97, 0.98, 0.94, 0.94, 0.97, 0.94, 0.98, 0.98, 0.98, 0.97, 0.98, 0.92, 0.98, 0.95, 0.94, 0.98

0.8946666666666667
0.93, 0.73, 0.93, 0.86, 0.93, 0.93, 0.93, 0.93, 0.9, 0.9, 0.93, 0.93, 0.9, 0.83, 0.93, 0.93, 0.9, 0.93, 0.93, 0.9, 0.83, 0.93, 0.9, 0.93, 0.86, 0.9, 0.93, 0.93, 0.9, 0.93, 0.93, 0.83, 0.8, 0.9, 0.93, 0.93, 0.93, 0.83, 0.83, 0.83, 0.9, 0.93, 0.93, 0.9, 0.9, 0.7, 0.93, 0.96, 0.66, 0.93

0.9533333333333335
0.93, 1.0, 0.96, 0.93, 0.96, 0.93, 0.9, 1.0, 1.0, 0.96, 0.9, 0.93, 0.93, 0.93, 0.96, 0.93, 0.93, 1.0, 0.96, 1.0, 0.96, 0.86, 0.93, 0.93, 0.9, 0.9, 0.9, 1.0, 0.96, 0.96, 0.96, 0.83, 0.96, 0.93, 0.96, 0.9, 1.0, 0.93, 0.96, 1.0, 1.0, 0.93, 1.0, 1.0, 1.0, 1.0, 0.96, 0.9, 0.96, 1.0


Running iteration 4 of 10 fold...
[9, 0, 6, 2, 18, 1, 23, 4, 24, 5, 47, 3]
using cpu
using cpu
    accuracy, precision, recall, f_score
max0: 0.948148, 0.949015, 0.942535, 0.944934

    accuracy, precision, recall, f_score
max3: 0.970149, 0.972537, 0.964912, 0.967593

    accuracy, precision, recall, f_score
max1: 1.000000, 1.000000, 0.666667, 0.666667


min loss: 0.010, episode: 245000
max accu: 1.000, episode: 30000

1.00 classifiers used
    accuracy, precision, recall, f_score
mv: 1.000000, 1.000000, 0.666667, 0.666667
wv: 1.000000, 1.000000, 0.666667, 0.666667
fs: 1.000000, 1.000000, 0.666667, 0.666667
rl: 1.000000, 1.000000, 0.666667, 0.666667

0.9438518518518519
0.95, 0.94, 0.89, 0.96, 0.97, 0.94, 0.96, 0.94, 0.91, 0.97, 0.94, 0.97, 0.90, 0.94, 0.94, 0.91, 0.97, 0.91, 0.97, 0.96, 0.94, 0.97, 0.95, 0.96, 0.97, 0.93, 0.93, 0.95, 0.92, 0.96, 0.85, 0.88, 0.93, 0.93, 0.93, 0.94, 0.94, 0.95, 0.94, 0.95, 0.94, 0.95, 0.92, 0.95, 0.97, 0.97, 0.95, 0.90, 0.95, 0.94

0.966865671641791
0.97, 0.97, 0.92, 0.98, 0.98, 0.97, 0.98, 0.97, 0.94, 0.98, 0.95, 0.98, 0.94, 0.95, 0.95, 0.95, 0.98, 0.94, 0.97, 0.98, 0.98, 0.98, 0.97, 0.98, 0.98, 0.95, 0.97, 0.98, 0.95, 0.98, 0.89, 0.92, 0.95, 0.97, 0.97, 0.95, 0.97, 0.98, 0.97, 0.97, 0.97, 0.97, 0.97, 0.97, 0.98, 0.98, 0.97, 0.92, 0.98, 0.97

0.9833333333333334
1.0, 0.96, 0.96, 1.0, 1.0, 1.0, 0.93, 0.96, 1.0, 0.96, 0.96, 1.0, 1.0, 1.0, 1.0, 1.0, 1.0, 1.0, 1.0, 1.0, 1.0, 1.0, 1.0, 0.96, 0.96, 1.0, 1.0, 0.96, 1.0, 0.96, 1.0, 1.0, 1.0, 0.96, 0.96, 0.96, 1.0, 1.0, 0.96, 0.96, 1.0, 0.96, 1.0, 1.0, 0.93, 1.0, 1.0, 0.86, 0.96, 0.96

0.978
1.0, 0.96, 0.96, 1.0, 1.0, 1.0, 0.93, 1.0, 1.0, 0.96, 1.0, 1.0, 0.96, 0.93, 0.96, 1.0, 1.0, 0.93, 0.96, 0.93, 1.0, 0.93, 0.96, 0.96, 1.0, 0.96, 0.93, 1.0, 0.96, 0.96, 0.96, 0.96, 1.0, 0.96, 1.0, 1.0, 1.0, 1.0, 1.0, 0.96, 1.0, 0.96, 0.96, 1.0, 0.96, 1.0, 1.0, 0.96, 0.93, 1.0


Running iteration 5 of 10 fold...
[5, 0, 14, 10]
using cpu
using cpu
