{'dataset': 'iris', 'algorithm': 'ptdqn', 'num_clf': 50, 'num_training': 300000, 'learning_rate': 0.1, 'discount_factor': 1.0, 'epsilon': 0.1, 'random_state': 3046, 'portion': 0.5, 'sequential': False}
(300, 5)
reading data takes 0.018 sec
number of labels: 3

Running iteration 1 of 10 fold...
[2, 0, 42, 1, 46, 3]
using cpu
using cpu
    accuracy, precision, recall, f_score
max0: 0.940741, 0.945831, 0.945926, 0.943853

    accuracy, precision, recall, f_score
max3: 0.910448, 0.918944, 0.915404, 0.912879

    accuracy, precision, recall, f_score
max1: 1.000000, 1.000000, 1.000000, 1.000000


min loss: 0.008, episode: 272000
max accu: 1.000, episode: 240000

6.17 classifiers used
    accuracy, precision, recall, f_score
mv: 1.000000, 1.000000, 1.000000, 1.000000
wv: 1.000000, 1.000000, 1.000000, 1.000000
fs: 1.000000, 1.000000, 1.000000, 1.000000
rl: 1.000000, 1.000000, 1.000000, 1.000000

0.9374814814814816
0.94, 0.94, 0.97, 0.94, 0.95, 0.94, 0.93, 0.91, 0.92, 0.94, 0.95, 0.94, 0.95, 0.97, 0.94, 0.94, 0.93, 0.91, 0.94, 0.94, 0.93, 0.70, 0.93, 0.91, 0.95, 0.96, 0.96, 0.94, 0.92, 0.94, 0.94, 0.93, 0.91, 0.96, 0.94, 0.91, 0.94, 0.92, 0.94, 0.91, 0.95, 0.93, 0.96, 0.93, 0.94, 0.95, 0.97, 0.91, 0.96, 0.95

0.9107462686567164
0.91, 0.92, 0.95, 0.91, 0.92, 0.92, 0.89, 0.88, 0.92, 0.91, 0.92, 0.91, 0.92, 0.94, 0.94, 0.91, 0.91, 0.86, 0.91, 0.91, 0.89, 0.67, 0.91, 0.88, 0.92, 0.94, 0.92, 0.91, 0.89, 0.92, 0.92, 0.91, 0.91, 0.94, 0.91, 0.89, 0.89, 0.91, 0.91, 0.88, 0.92, 0.91, 0.94, 0.91, 0.91, 0.94, 0.95, 0.88, 0.94, 0.94

0.9746666666666666
1.0, 1.0, 0.93, 1.0, 1.0, 1.0, 1.0, 0.93, 1.0, 1.0, 1.0, 1.0, 1.0, 1.0, 0.93, 1.0, 0.96, 0.96, 1.0, 1.0, 0.93, 0.73, 1.0, 0.93, 1.0, 1.0, 1.0, 1.0, 0.96, 1.0, 1.0, 1.0, 0.96, 1.0, 1.0, 0.96, 0.96, 0.93, 1.0, 0.93, 1.0, 1.0, 1.0, 0.96, 0.93, 1.0, 0.9, 0.93, 0.93, 1.0

0.9906666666666666
0.96, 1.0, 0.96, 1.0, 1.0, 0.93, 0.93, 1.0, 1.0, 1.0, 1.0, 1.0, 1.0, 1.0, 0.96, 1.0, 0.96, 1.0, 1.0, 1.0, 1.0, 1.0, 1.0, 1.0, 1.0, 1.0, 1.0, 1.0, 1.0, 1.0, 1.0, 1.0, 1.0, 1.0, 0.96, 1.0, 0.93, 1.0, 0.96, 1.0, 1.0, 1.0, 1.0, 1.0, 1.0, 1.0, 1.0, 1.0, 0.93, 1.0


Running iteration 2 of 10 fold...
[45, 0, 37, 1]
using cpu
using cpu
    accuracy, precision, recall, f_score
max0: 0.940741, 0.945807, 0.944974, 0.943237

    accuracy, precision, recall, f_score
max3: 0.910448, 0.918361, 0.913043, 0.912381

    accuracy, precision, recall, f_score
max1: 0.966667, 0.970370, 0.974359, 0.967059


min loss: 0.008, episode: 276000
max accu: 0.967, episode: 240000

3.00 classifiers used
    accuracy, precision, recall, f_score
mv: 1.000000, 1.000000, 1.000000, 1.000000
wv: 1.000000, 1.000000, 1.000000, 1.000000
fs: 1.000000, 1.000000, 1.000000, 1.000000
rl: 1.000000, 1.000000, 1.000000, 1.000000

0.9330370370370369
0.94, 0.94, 0.91, 0.94, 0.85, 0.95, 0.95, 0.94, 0.93, 0.93, 0.94, 0.90, 0.94, 0.85, 0.94, 0.91, 0.93, 0.94, 0.94, 0.93, 0.91, 0.94, 0.95, 0.92, 0.93, 0.94, 0.96, 0.94, 0.93, 0.96, 0.95, 0.90, 0.95, 0.77, 0.94, 0.94, 0.91, 0.97, 0.95, 0.92, 0.93, 0.94, 0.96, 0.91, 0.90, 0.97, 0.96, 0.92, 0.93, 0.95

0.9017910447761195
0.91, 0.91, 0.88, 0.91, 0.79, 0.92, 0.92, 0.91, 0.91, 0.91, 0.91, 0.86, 0.89, 0.77, 0.91, 0.89, 0.89, 0.91, 0.91, 0.91, 0.86, 0.92, 0.94, 0.89, 0.91, 0.91, 0.94, 0.91, 0.91, 0.94, 0.91, 0.86, 0.94, 0.71, 0.91, 0.91, 0.88, 0.97, 0.92, 0.89, 0.91, 0.91, 0.92, 0.89, 0.86, 0.97, 0.92, 0.89, 0.91, 0.94

0.9593333333333334
0.96, 1.0, 0.93, 0.96, 0.8, 1.0, 0.96, 0.96, 0.96, 1.0, 0.93, 0.96, 0.93, 0.83, 0.96, 0.96, 0.93, 1.0, 0.96, 0.96, 0.93, 1.0, 0.96, 0.93, 0.96, 0.96, 0.96, 0.96, 0.96, 1.0, 0.93, 0.96, 0.96, 0.83, 0.96, 0.96, 0.96, 1.0, 0.96, 0.96, 0.93, 1.0, 0.96, 0.96, 0.96, 1.0, 0.96, 0.96, 0.96, 1.0

0.978
0.96, 1.0, 0.96, 0.96, 1.0, 0.96, 0.96, 0.96, 0.96, 1.0, 0.96, 0.96, 1.0, 1.0, 0.96, 0.96, 0.96, 0.96, 0.96, 0.96, 1.0, 0.96, 0.96, 0.96, 0.96, 1.0, 0.96, 0.96, 1.0, 1.0, 0.96, 0.96, 1.0, 0.96, 0.96, 0.96, 0.96, 1.0, 0.96, 0.96, 1.0, 1.0, 0.96, 0.96, 1.0, 1.0, 0.96, 0.96, 1.0, 1.0


Running iteration 3 of 10 fold...
[9, 0, 13, 2, 1, 3, 17, 4, 21, 5, 10, 6, 25, 7, 29, 8, 18, 11]
using cpu
using cpu
    accuracy, precision, recall, f_score
max0: 0.940741, 0.950036, 0.943262, 0.940623

    accuracy, precision, recall, f_score
max3: 0.925373, 0.939724, 0.927536, 0.923889

    accuracy, precision, recall, f_score
max1: 0.933333, 0.942222, 0.933333, 0.939153


min loss: 0.008, episode: 277000
max accu: 0.933, episode: 40000

1.00 classifiers used
    accuracy, precision, recall, f_score
mv: 0.900000, 0.903283, 0.915385, 0.912381
wv: 0.933333, 0.933333, 0.941026, 0.941026
fs: 0.966667, 0.969048, 0.966667, 0.970110
rl: 0.933333, 0.942222, 0.933333, 0.939153

0.9419259259259257
0.94, 0.95, 0.95, 0.94, 0.95, 0.86, 0.94, 0.94, 0.96, 0.97, 0.97, 0.91, 0.95, 0.97, 0.94, 0.94, 0.96, 0.94, 0.94, 0.93, 0.96, 0.97, 0.97, 0.94, 0.94, 0.96, 0.94, 0.93, 0.94, 0.95, 0.96, 0.95, 0.96, 0.57, 0.97, 0.91, 0.95, 0.96, 0.96, 0.94, 0.94, 0.94, 0.97, 0.94, 0.94, 0.94, 0.95, 0.92, 0.93, 0.96

0.921492537313433
0.91, 0.94, 0.92, 0.92, 0.92, 0.82, 0.92, 0.92, 0.94, 0.94, 0.94, 0.88, 0.95, 0.95, 0.91, 0.92, 0.95, 0.94, 0.92, 0.92, 0.94, 0.94, 0.95, 0.92, 0.91, 0.95, 0.92, 0.91, 0.92, 0.94, 0.94, 0.94, 0.94, 0.58, 0.94, 0.88, 0.92, 0.94, 0.95, 0.92, 0.94, 0.92, 0.95, 0.92, 0.92, 0.92, 0.92, 0.91, 0.89, 0.95

0.9226666666666667
0.9, 0.9, 0.93, 0.93, 0.93, 0.86, 0.93, 0.93, 0.96, 0.9, 0.93, 0.9, 1.0, 0.96, 0.93, 0.9, 0.96, 0.93, 0.93, 0.9, 0.96, 0.93, 0.93, 0.93, 0.93, 0.96, 0.93, 0.9, 0.9, 0.93, 0.93, 0.93, 0.96, 0.56, 0.93, 0.9, 0.93, 0.93, 0.93, 0.9, 0.96, 0.93, 0.93, 0.93, 0.93, 0.93, 0.93, 0.9, 0.86, 0.96

0.9293333333333332
1.0, 0.9, 0.9, 0.93, 0.9, 0.96, 0.93, 0.9, 0.96, 0.96, 0.86, 0.93, 0.93, 0.96, 0.93, 0.93, 0.86, 0.96, 0.8, 0.93, 0.96, 0.93, 0.93, 0.93, 0.93, 0.93, 0.9, 0.9, 1.0, 0.93, 0.93, 0.9, 1.0, 0.93, 0.9, 0.93, 0.9, 0.93, 0.9, 0.9, 1.0, 0.96, 0.93, 0.9, 0.93, 0.93, 0.9, 0.93, 0.93, 0.93

    accuracy, precision, recall, f_score
mv: 0.966667, 0.967761, 0.971795, 0.970794
wv: 0.977778, 0.977778, 0.980342, 0.980342
fs: 0.988889, 0.989683, 0.988889, 0.990037
rl: 0.977778, 0.980741, 0.977778, 0.979718

fs avg size: 9.33333, rl avg size: 3.38889
full test avg accu: 0.96600, test avg accu: 0.95222

training takes 5631.872 sec
