{'dataset': 'lymphography', 'algorithm': 'ptdqn', 'num_clf': 20, 'num_training': 350000, 'learning_rate': 0.1, 'discount_factor': 1.0, 'epsilon': 0.1, 'random_state': 6938, 'portion': 0.5, 'sequential': False}
(148, 39)
reading data takes 0.445 sec
number of labels: 4

Running iteration 1 of 10 fold...
[9, 0, 1, 18]
using cpu
using cpu
    accuracy, precision, recall, f_score
max0: 0.7612, 0.7495, 0.4023, 0.3876

    accuracy, precision, recall, f_score
max3: 0.8182, 0.7922, 0.5500, 0.5427

    accuracy, precision, recall, f_score
max1: 0.9333, 0.9429, 0.9444, 0.9321


min loss: 0.007, episode: 349000
max accu: 0.933, episode: 210000

2.80 classifiers used
    accuracy, precision, recall, f_score
mv: 0.8667, 0.8909, 0.8333, 0.8500
wv: 0.8667, 0.8909, 0.8333, 0.8500
fs: 0.9333, 0.9400, 0.9167, 0.9282
rl: 0.9333, 0.9429, 0.9444, 0.9321

0.7933333333333332
0.8, 0.86, 0.73, 0.8, 0.6, 0.86, 0.66, 0.73, 0.93, 0.93, 1.0, 0.53, 0.73, 0.86, 0.86, 0.66, 0.73, 0.93, 0.86, 0.73

0.7366666666666666
0.86, 0.86, 0.73, 0.8, 0.8, 0.86, 0.86, 0.6, 0.6, 0.8, 0.8, 0.66, 0.6, 0.8, 0.73, 0.53, 0.66, 0.73, 0.73, 0.66


Running iteration 2 of 10 fold...
[13, 0, 9, 4, 19, 14]
using cpu
using cpu
    accuracy, precision, recall, f_score
max0: 0.8358, 0.8111, 0.4443, 0.4271

    accuracy, precision, recall, f_score
max3: 0.8182, 0.8054, 0.5722, 0.5523

    accuracy, precision, recall, f_score
max1: 1.0000, 1.0000, 1.0000, 1.0000


min loss: 0.007, episode: 329000
max accu: 1.000, episode: 300000

14.13 classifiers used
    accuracy, precision, recall, f_score
mv: 0.9333, 0.9444, 0.9500, 0.9282
wv: 0.9333, 0.9444, 0.9500, 0.9282
fs: 0.8667, 0.9048, 0.9000, 0.8611
rl: 1.0000, 1.0000, 1.0000, 1.0000

0.7366666666666667
0.73, 0.86, 0.93, 0.46, 0.46, 0.73, 0.73, 0.8, 0.86, 0.86, 0.8, 0.46, 0.66, 0.86, 0.66, 0.46, 0.6, 1.0, 0.93, 0.8

0.7633333333333334
0.66, 0.73, 0.8, 0.66, 0.6, 0.86, 0.66, 0.6, 0.73, 1.0, 0.73, 0.8, 0.66, 0.86, 0.8, 0.8, 0.86, 1.0, 0.86, 0.53


Running iteration 3 of 10 fold...
[17, 0, 1, 5, 4]
using cpu
using cpu
    accuracy, precision, recall, f_score
max0: 0.8209, 0.8246, 0.6699, 0.6606

    accuracy, precision, recall, f_score
max3: 0.7879, 0.8081, 0.7976, 0.7806

    accuracy, precision, recall, f_score
max1: 0.8667, 0.8095, 0.6250, 0.5994


min loss: 0.006, episode: 329000
max accu: 0.867, episode: 210000

4.60 classifiers used
    accuracy, precision, recall, f_score
mv: 0.8667, 0.8333, 0.6250, 0.5968
wv: 0.8667, 0.8333, 0.6250, 0.5968
fs: 0.8000, 0.7481, 0.5694, 0.5523
rl: 0.8667, 0.8095, 0.6250, 0.5994

0.7633333333333334
0.8, 0.86, 0.8, 0.86, 0.6, 0.73, 0.8, 0.46, 0.73, 0.8, 0.8, 0.93, 0.73, 0.8, 0.8, 0.73, 0.8, 0.8, 0.8, 0.6

0.7333333333333333
0.73, 0.8, 0.8, 0.46, 0.73, 0.86, 0.8, 0.6, 0.6, 0.8, 1.0, 0.8, 0.66, 0.8, 0.73, 0.46, 0.66, 0.86, 0.8, 0.66


Running iteration 4 of 10 fold...
[13, 0, 5, 6, 1, 9, 4, 10, 11, 14]
using cpu
using cpu
    accuracy, precision, recall, f_score
max0: 0.8209, 0.7839, 0.4267, 0.4171

    accuracy, precision, recall, f_score
max3: 0.8485, 0.8227, 0.5803, 0.5726

    accuracy, precision, recall, f_score
max1: 0.8000, 0.8462, 0.7000, 0.7205


min loss: 0.010, episode: 336000
max accu: 0.800, episode: 190000

3.20 classifiers used
    accuracy, precision, recall, f_score
mv: 0.7333, 0.7222, 0.6500, 0.6591
wv: 0.7333, 0.7222, 0.6500, 0.6591
fs: 0.7333, 0.7222, 0.6500, 0.6591
rl: 0.8000, 0.8462, 0.7000, 0.7205

0.6766666666666666
0.66, 0.73, 0.66, 0.46, 0.66, 0.66, 0.66, 0.53, 0.73, 0.8, 0.86, 0.46, 0.66, 0.8, 0.86, 0.53, 0.66, 0.86, 0.73, 0.46

0.7266666666666666
0.73, 0.73, 0.86, 0.8, 0.86, 0.93, 0.73, 0.53, 0.86, 0.73, 0.73, 0.73, 0.6, 0.73, 0.8, 0.73, 0.53, 0.73, 0.66, 0.46

    accuracy, precision, recall, f_score
mv: 0.8500, 0.8477, 0.7646, 0.7585
wv: 0.8500, 0.8477, 0.7646, 0.7585
fs: 0.8333, 0.8288, 0.7590, 0.7502
rl: 0.9000, 0.8996, 0.8174, 0.8130

fs avg size: 6.25000, rl avg size: 6.18333
full test avg accu: 0.74000, test avg accu: 0.74250

training takes 6483.001 sec
