{'dataset': 'cmc', 'algorithm': 'dqn', 'num_clf': 100, 'num_training': 500, 'learning_rate': 0.01, 'discount_factor': 0.99, 'epsilon': 0.1, 'random_state': 1448, 'portion': 0.5, 'sequential': False}
(663, 22)
(663, 22)
(147, 22)
finished epoch 100
average loss: 4.838039956780328e+23
finished epoch 200
average loss: 1.8555057338491006e+23
finished epoch 300
average loss: 1.7494168005190736e+21
finished epoch 400
average loss: 2.713328642657397e+20
finished epoch 500
average loss: 6.18623205522653e+19
test case 0
	 ['visit 6', 'visit 87', 'visit 4', 'visit 48', 'visit 69', 'visit 67', 'visit 92', 'visit 72', 'visit 71', 'visit 98', 'visit 43', 'visit 19', 'visit 24', 'visit 57', 'visit 97', 'visit 0', 'evaluation']
	# trees: 16 , real: 1 , pred: 1
test case 1
	 ['visit 6', 'visit 87', 'visit 4', 'visit 48', 'visit 69', 'visit 67', 'visit 92', 'visit 72', 'visit 71', 'visit 98', 'visit 43', 'visit 19', 'visit 24', 'visit 57', 'visit 97', 'visit 0', 'evaluation']
	# trees: 16 , real: 1 , pred: 1
test case 2
	 ['visit 6', 'visit 87', 'visit 4', 'visit 48', 'visit 69', 'visit 67', 'visit 92', 'visit 72', 'visit 71', 'visit 98', 'visit 43', 'visit 19', 'visit 24', 'visit 57', 'visit 97', 'visit 0', 'evaluation']
	# trees: 16 , real: 1 , pred: 1
test case 3
	 ['visit 6', 'visit 87', 'visit 4', 'visit 48', 'visit 69', 'visit 67', 'visit 92', 'visit 72', 'visit 71', 'visit 98', 'visit 43', 'visit 19', 'visit 24', 'visit 57', 'visit 97', 'visit 0', 'evaluation']
	# trees: 16 , real: 1 , pred: 1
test case 4
	 ['visit 6', 'visit 87', 'visit 4', 'visit 48', 'visit 69', 'visit 67', 'visit 92', 'visit 72', 'visit 71', 'visit 98', 'visit 43', 'visit 19', 'visit 24', 'visit 57', 'visit 97', 'visit 0', 'evaluation']
	# trees: 16 , real: 1 , pred: 2
test case 5
	 ['visit 6', 'visit 87', 'visit 4', 'visit 48', 'visit 69', 'visit 67', 'visit 92', 'visit 72', 'visit 71', 'visit 98', 'visit 43', 'visit 19', 'visit 24', 'visit 57', 'visit 97', 'visit 0', 'evaluation']
	# trees: 16 , real: 1 , pred: 3
test case 6
	 ['visit 6', 'visit 87', 'visit 4', 'visit 48', 'visit 69', 'visit 67', 'visit 92', 'visit 72', 'visit 71', 'visit 98', 'visit 43', 'visit 19', 'visit 24', 'visit 57', 'visit 97', 'visit 0', 'evaluation']
	# trees: 16 , real: 1 , pred: 3
test case 7
	 ['visit 6', 'visit 87', 'visit 4', 'visit 48', 'visit 69', 'visit 67', 'visit 92', 'visit 72', 'visit 71', 'visit 98', 'visit 43', 'visit 19', 'visit 24', 'visit 57', 'visit 97', 'visit 0', 'evaluation']
	# trees: 16 , real: 1 , pred: 3
test case 8
	 ['visit 6', 'visit 87', 'visit 4', 'visit 48', 'visit 69', 'visit 67', 'visit 92', 'visit 72', 'visit 71', 'visit 98', 'visit 43', 'visit 19', 'visit 24', 'visit 57', 'visit 97', 'visit 0', 'evaluation']
	# trees: 16 , real: 1 , pred: 1
test case 9
	 ['visit 6', 'visit 87', 'visit 4', 'visit 48', 'visit 69', 'visit 67', 'visit 92', 'visit 72', 'visit 71', 'visit 98', 'visit 43', 'visit 19', 'visit 24', 'visit 57', 'visit 97', 'visit 0', 'evaluation']
	# trees: 16 , real: 1 , pred: 1
test case 10
	 ['visit 6', 'visit 87', 'visit 4', 'visit 48', 'visit 69', 'visit 67', 'visit 92', 'visit 72', 'visit 71', 'visit 98', 'visit 43', 'visit 19', 'visit 24', 'visit 57', 'visit 97', 'visit 0', 'evaluation']
	# trees: 16 , real: 1 , pred: 1
test case 11
	 ['visit 6', 'visit 87', 'visit 4', 'visit 48', 'visit 69', 'visit 67', 'visit 92', 'visit 72', 'visit 71', 'visit 98', 'visit 43', 'visit 19', 'visit 24', 'visit 57', 'visit 97', 'visit 0', 'evaluation']
	# trees: 16 , real: 1 , pred: 1
test case 12
	 ['visit 6', 'visit 87', 'visit 4', 'visit 48', 'visit 69', 'visit 67', 'visit 92', 'visit 72', 'visit 71', 'visit 98', 'visit 43', 'visit 19', 'visit 24', 'visit 57', 'visit 97', 'visit 0', 'evaluation']
	# trees: 16 , real: 1 , pred: 1
test case 13
	 ['visit 6', 'visit 87', 'visit 4', 'visit 48', 'visit 69', 'visit 67', 'visit 92', 'visit 72', 'visit 71', 'visit 98', 'visit 43', 'visit 19', 'visit 24', 'visit 57', 'visit 97', 'visit 0', 'evaluation']
	# trees: 16 , real: 1 , pred: 1
test case 14
	 ['visit 6', 'visit 87', 'visit 4', 'visit 48', 'visit 69', 'visit 67', 'visit 92', 'visit 72', 'visit 71', 'visit 98', 'visit 43', 'visit 19', 'visit 24', 'visit 57', 'visit 97', 'visit 0', 'evaluation']
	# trees: 16 , real: 1 , pred: 3
test case 15
	 ['visit 6', 'visit 87', 'visit 4', 'visit 48', 'visit 69', 'visit 67', 'visit 92', 'visit 72', 'visit 71', 'visit 98', 'visit 43', 'visit 19', 'visit 24', 'visit 57', 'visit 97', 'visit 0', 'evaluation']
	# trees: 16 , real: 1 , pred: 1
test case 16
	 ['visit 6', 'visit 87', 'visit 4', 'visit 48', 'visit 69', 'visit 67', 'visit 92', 'visit 72', 'visit 71', 'visit 98', 'visit 43', 'visit 19', 'visit 24', 'visit 57', 'visit 97', 'visit 0', 'evaluation']
	# trees: 16 , real: 1 , pred: 2
test case 17
	 ['visit 6', 'visit 87', 'visit 4', 'visit 48', 'visit 69', 'visit 67', 'visit 92', 'visit 72', 'visit 71', 'visit 98', 'visit 43', 'visit 19', 'visit 24', 'visit 57', 'visit 97', 'visit 0', 'evaluation']
	# trees: 16 , real: 1 , pred: 1
test case 18
	 ['visit 6', 'visit 87', 'visit 4', 'visit 48', 'visit 69', 'visit 67', 'visit 92', 'visit 72', 'visit 71', 'visit 98', 'visit 43', 'visit 19', 'visit 24', 'visit 57', 'visit 97', 'visit 0', 'evaluation']
	# trees: 16 , real: 1 , pred: 1
test case 19
	 ['visit 6', 'visit 87', 'visit 4', 'visit 48', 'visit 69', 'visit 67', 'visit 92', 'visit 72', 'visit 71', 'visit 98', 'visit 43', 'visit 19', 'visit 24', 'visit 57', 'visit 97', 'visit 0', 'evaluation']
	# trees: 16 , real: 1 , pred: 1
test case 20
	 ['visit 6', 'visit 87', 'visit 4', 'visit 48', 'visit 69', 'visit 67', 'visit 92', 'visit 72', 'visit 71', 'visit 98', 'visit 43', 'visit 19', 'visit 24', 'visit 57', 'visit 97', 'visit 0', 'evaluation']
	# trees: 16 , real: 1 , pred: 1
test case 21
	 ['visit 6', 'visit 87', 'visit 4', 'visit 48', 'visit 69', 'visit 67', 'visit 92', 'visit 72', 'visit 71', 'visit 98', 'visit 43', 'visit 19', 'visit 24', 'visit 57', 'visit 97', 'visit 0', 'evaluation']
	# trees: 16 , real: 1 , pred: 1
test case 22
	 ['visit 6', 'visit 87', 'visit 4', 'visit 48', 'visit 69', 'visit 67', 'visit 92', 'visit 72', 'visit 71', 'visit 98', 'visit 43', 'visit 19', 'visit 24', 'visit 57', 'visit 97', 'visit 0', 'evaluation']
	# trees: 16 , real: 1 , pred: 1
test case 23
	 ['visit 6', 'visit 87', 'visit 4', 'visit 48', 'visit 69', 'visit 67', 'visit 92', 'visit 72', 'visit 71', 'visit 98', 'visit 43', 'visit 19', 'visit 24', 'visit 57', 'visit 97', 'visit 0', 'evaluation']
	# trees: 16 , real: 1 , pred: 3
test case 24
	 ['visit 6', 'visit 87', 'visit 4', 'visit 48', 'visit 69', 'visit 67', 'visit 92', 'visit 72', 'visit 71', 'visit 98', 'visit 43', 'visit 19', 'visit 24', 'visit 57', 'visit 97', 'visit 0', 'evaluation']
	# trees: 16 , real: 1 , pred: 1
test case 25
	 ['visit 6', 'visit 87', 'visit 4', 'visit 48', 'visit 69', 'visit 67', 'visit 92', 'visit 72', 'visit 71', 'visit 98', 'visit 43', 'visit 19', 'visit 24', 'visit 57', 'visit 97', 'visit 0', 'evaluation']
	# trees: 16 , real: 1 , pred: 1
test case 26
	 ['visit 6', 'visit 87', 'visit 4', 'visit 48', 'visit 69', 'visit 67', 'visit 92', 'visit 72', 'visit 71', 'visit 98', 'visit 43', 'visit 19', 'visit 24', 'visit 57', 'visit 97', 'visit 0', 'evaluation']
	# trees: 16 , real: 1 , pred: 1
test case 27
	 ['visit 6', 'visit 87', 'visit 4', 'visit 48', 'visit 69', 'visit 67', 'visit 92', 'visit 72', 'visit 71', 'visit 98', 'visit 43', 'visit 19', 'visit 24', 'visit 57', 'visit 97', 'visit 0', 'evaluation']
	# trees: 16 , real: 1 , pred: 1
test case 28
	 ['visit 6', 'visit 87', 'visit 4', 'visit 48', 'visit 69', 'visit 67', 'visit 92', 'visit 72', 'visit 71', 'visit 98', 'visit 43', 'visit 19', 'visit 24', 'visit 57', 'visit 97', 'visit 0', 'evaluation']
	# trees: 16 , real: 1 , pred: 3
test case 29
	 ['visit 6', 'visit 87', 'visit 4', 'visit 48', 'visit 69', 'visit 67', 'visit 92', 'visit 72', 'visit 71', 'visit 98', 'visit 43', 'visit 19', 'visit 24', 'visit 57', 'visit 97', 'visit 0', 'evaluation']
	# trees: 16 , real: 1 , pred: 3
test case 30
	 ['visit 6', 'visit 87', 'visit 4', 'visit 48', 'visit 69', 'visit 67', 'visit 92', 'visit 72', 'visit 71', 'visit 98', 'visit 43', 'visit 19', 'visit 24', 'visit 57', 'visit 97', 'visit 0', 'evaluation']
	# trees: 16 , real: 1 , pred: 3
test case 31
	 ['visit 6', 'visit 87', 'visit 4', 'visit 48', 'visit 69', 'visit 67', 'visit 92', 'visit 72', 'visit 71', 'visit 98', 'visit 43', 'visit 19', 'visit 24', 'visit 57', 'visit 97', 'visit 0', 'evaluation']
	# trees: 16 , real: 1 , pred: 3
test case 32
	 ['visit 6', 'visit 87', 'visit 4', 'visit 48', 'visit 69', 'visit 67', 'visit 92', 'visit 72', 'visit 71', 'visit 98', 'visit 43', 'visit 19', 'visit 24', 'visit 57', 'visit 97', 'visit 0', 'evaluation']
	# trees: 16 , real: 1 , pred: 1
test case 33
	 ['visit 6', 'visit 87', 'visit 4', 'visit 48', 'visit 69', 'visit 67', 'visit 92', 'visit 72', 'visit 71', 'visit 98', 'visit 43', 'visit 19', 'visit 24', 'visit 57', 'visit 97', 'visit 0', 'evaluation']
	# trees: 16 , real: 1 , pred: 1
test case 34
	 ['visit 6', 'visit 87', 'visit 4', 'visit 48', 'visit 69', 'visit 67', 'visit 92', 'visit 72', 'visit 71', 'visit 98', 'visit 43', 'visit 19', 'visit 24', 'visit 57', 'visit 97', 'visit 0', 'evaluation']
	# trees: 16 , real: 1 , pred: 1
test case 35
	 ['visit 6', 'visit 87', 'visit 4', 'visit 48', 'visit 69', 'visit 67', 'visit 92', 'visit 72', 'visit 71', 'visit 98', 'visit 43', 'visit 19', 'visit 24', 'visit 57', 'visit 97', 'visit 0', 'evaluation']
	# trees: 16 , real: 1 , pred: 3
test case 36
	 ['visit 6', 'visit 87', 'visit 4', 'visit 48', 'visit 69', 'visit 67', 'visit 92', 'visit 72', 'visit 71', 'visit 98', 'visit 43', 'visit 19', 'visit 24', 'visit 57', 'visit 97', 'visit 0', 'evaluation']
	# trees: 16 , real: 1 , pred: 3
test case 37
	 ['visit 6', 'visit 87', 'visit 4', 'visit 48', 'visit 69', 'visit 67', 'visit 92', 'visit 72', 'visit 71', 'visit 98', 'visit 43', 'visit 19', 'visit 24', 'visit 57', 'visit 97', 'visit 0', 'evaluation']
	# trees: 16 , real: 1 , pred: 1
test case 38
	 ['visit 6', 'visit 87', 'visit 4', 'visit 48', 'visit 69', 'visit 67', 'visit 92', 'visit 72', 'visit 71', 'visit 98', 'visit 43', 'visit 19', 'visit 24', 'visit 57', 'visit 97', 'visit 0', 'evaluation']
	# trees: 16 , real: 1 , pred: 1
test case 39
	 ['visit 6', 'visit 87', 'visit 4', 'visit 48', 'visit 69', 'visit 67', 'visit 92', 'visit 72', 'visit 71', 'visit 98', 'visit 43', 'visit 19', 'visit 24', 'visit 57', 'visit 97', 'visit 0', 'evaluation']
	# trees: 16 , real: 2 , pred: 2
test case 40
	 ['visit 6', 'visit 87', 'visit 4', 'visit 48', 'visit 69', 'visit 67', 'visit 92', 'visit 72', 'visit 71', 'visit 98', 'visit 43', 'visit 19', 'visit 24', 'visit 57', 'visit 97', 'visit 0', 'evaluation']
	# trees: 16 , real: 2 , pred: 2
test case 41
	 ['visit 6', 'visit 87', 'visit 4', 'visit 48', 'visit 69', 'visit 67', 'visit 92', 'visit 72', 'visit 71', 'visit 98', 'visit 43', 'visit 19', 'visit 24', 'visit 57', 'visit 97', 'visit 0', 'evaluation']
	# trees: 16 , real: 2 , pred: 2
test case 42
	 ['visit 6', 'visit 87', 'visit 4', 'visit 48', 'visit 69', 'visit 67', 'visit 92', 'visit 72', 'visit 71', 'visit 98', 'visit 43', 'visit 19', 'visit 24', 'visit 57', 'visit 97', 'visit 0', 'evaluation']
	# trees: 16 , real: 2 , pred: 2
test case 43
	 ['visit 6', 'visit 87', 'visit 4', 'visit 48', 'visit 69', 'visit 67', 'visit 92', 'visit 72', 'visit 71', 'visit 98', 'visit 43', 'visit 19', 'visit 24', 'visit 57', 'visit 97', 'visit 0', 'evaluation']
	# trees: 16 , real: 2 , pred: 1
test case 44
	 ['visit 6', 'visit 87', 'visit 4', 'visit 48', 'visit 69', 'visit 67', 'visit 92', 'visit 72', 'visit 71', 'visit 98', 'visit 43', 'visit 19', 'visit 24', 'visit 57', 'visit 97', 'visit 0', 'evaluation']
	# trees: 16 , real: 2 , pred: 2
test case 45
	 ['visit 6', 'visit 87', 'visit 4', 'visit 48', 'visit 69', 'visit 67', 'visit 92', 'visit 72', 'visit 71', 'visit 98', 'visit 43', 'visit 19', 'visit 24', 'visit 57', 'visit 97', 'visit 0', 'evaluation']
	# trees: 16 , real: 2 , pred: 3
test case 46
	 ['visit 6', 'visit 87', 'visit 4', 'visit 48', 'visit 69', 'visit 67', 'visit 92', 'visit 72', 'visit 71', 'visit 98', 'visit 43', 'visit 19', 'visit 24', 'visit 57', 'visit 97', 'visit 0', 'evaluation']
	# trees: 16 , real: 2 , pred: 3
test case 47
	 ['visit 6', 'visit 87', 'visit 4', 'visit 48', 'visit 69', 'visit 67', 'visit 92', 'visit 72', 'visit 71', 'visit 98', 'visit 43', 'visit 19', 'visit 24', 'visit 57', 'visit 97', 'visit 0', 'evaluation']
	# trees: 16 , real: 2 , pred: 3
test case 48
	 ['visit 6', 'visit 87', 'visit 4', 'visit 48', 'visit 69', 'visit 67', 'visit 92', 'visit 72', 'visit 71', 'visit 98', 'visit 43', 'visit 19', 'visit 24', 'visit 57', 'visit 97', 'visit 0', 'evaluation']
	# trees: 16 , real: 2 , pred: 1
test case 49
	 ['visit 6', 'visit 87', 'visit 4', 'visit 48', 'visit 69', 'visit 67', 'visit 92', 'visit 72', 'visit 71', 'visit 98', 'visit 43', 'visit 19', 'visit 24', 'visit 57', 'visit 97', 'visit 0', 'evaluation']
	# trees: 16 , real: 2 , pred: 3
test case 50
	 ['visit 6', 'visit 87', 'visit 4', 'visit 48', 'visit 69', 'visit 67', 'visit 92', 'visit 72', 'visit 71', 'visit 98', 'visit 43', 'visit 19', 'visit 24', 'visit 57', 'visit 97', 'visit 0', 'evaluation']
	# trees: 16 , real: 2 , pred: 1
test case 51
	 ['visit 6', 'visit 87', 'visit 4', 'visit 48', 'visit 69', 'visit 67', 'visit 92', 'visit 72', 'visit 71', 'visit 98', 'visit 43', 'visit 19', 'visit 24', 'visit 57', 'visit 97', 'visit 0', 'evaluation']
	# trees: 16 , real: 2 , pred: 2
test case 52
	 ['visit 6', 'visit 87', 'visit 4', 'visit 48', 'visit 69', 'visit 67', 'visit 92', 'visit 72', 'visit 71', 'visit 98', 'visit 43', 'visit 19', 'visit 24', 'visit 57', 'visit 97', 'visit 0', 'evaluation']
	# trees: 16 , real: 2 , pred: 3
test case 53
	 ['visit 6', 'visit 87', 'visit 4', 'visit 48', 'visit 69', 'visit 67', 'visit 92', 'visit 72', 'visit 71', 'visit 98', 'visit 43', 'visit 19', 'visit 24', 'visit 57', 'visit 97', 'visit 0', 'evaluation']
	# trees: 16 , real: 2 , pred: 1
test case 54
	 ['visit 6', 'visit 87', 'visit 4', 'visit 48', 'visit 69', 'visit 67', 'visit 92', 'visit 72', 'visit 71', 'visit 98', 'visit 43', 'visit 19', 'visit 24', 'visit 57', 'visit 97', 'visit 0', 'evaluation']
	# trees: 16 , real: 2 , pred: 1
test case 55
	 ['visit 6', 'visit 87', 'visit 4', 'visit 48', 'visit 69', 'visit 67', 'visit 92', 'visit 72', 'visit 71', 'visit 98', 'visit 43', 'visit 19', 'visit 24', 'visit 57', 'visit 97', 'visit 0', 'evaluation']
	# trees: 16 , real: 2 , pred: 2
test case 56
	 ['visit 6', 'visit 87', 'visit 4', 'visit 48', 'visit 69', 'visit 67', 'visit 92', 'visit 72', 'visit 71', 'visit 98', 'visit 43', 'visit 19', 'visit 24', 'visit 57', 'visit 97', 'visit 0', 'evaluation']
	# trees: 16 , real: 2 , pred: 1
test case 57
	 ['visit 6', 'visit 87', 'visit 4', 'visit 48', 'visit 69', 'visit 67', 'visit 92', 'visit 72', 'visit 71', 'visit 98', 'visit 43', 'visit 19', 'visit 24', 'visit 57', 'visit 97', 'visit 0', 'evaluation']
	# trees: 16 , real: 3 , pred: 3
test case 58
	 ['visit 6', 'visit 87', 'visit 4', 'visit 48', 'visit 69', 'visit 67', 'visit 92', 'visit 72', 'visit 71', 'visit 98', 'visit 43', 'visit 19', 'visit 24', 'visit 57', 'visit 97', 'visit 0', 'evaluation']
	# trees: 16 , real: 3 , pred: 3
test case 59
	 ['visit 6', 'visit 87', 'visit 4', 'visit 48', 'visit 69', 'visit 67', 'visit 92', 'visit 72', 'visit 71', 'visit 98', 'visit 43', 'visit 19', 'visit 24', 'visit 57', 'visit 97', 'visit 0', 'evaluation']
	# trees: 16 , real: 3 , pred: 2
test case 60
	 ['visit 6', 'visit 87', 'visit 4', 'visit 48', 'visit 69', 'visit 67', 'visit 92', 'visit 72', 'visit 71', 'visit 98', 'visit 43', 'visit 19', 'visit 24', 'visit 57', 'visit 97', 'visit 0', 'evaluation']
	# trees: 16 , real: 3 , pred: 1
test case 61
	 ['visit 6', 'visit 87', 'visit 4', 'visit 48', 'visit 69', 'visit 67', 'visit 92', 'visit 72', 'visit 71', 'visit 98', 'visit 43', 'visit 19', 'visit 24', 'visit 57', 'visit 97', 'visit 0', 'evaluation']
	# trees: 16 , real: 3 , pred: 2
test case 62
	 ['visit 6', 'visit 87', 'visit 4', 'visit 48', 'visit 69', 'visit 67', 'visit 92', 'visit 72', 'visit 71', 'visit 98', 'visit 43', 'visit 19', 'visit 24', 'visit 57', 'visit 97', 'visit 0', 'evaluation']
	# trees: 16 , real: 3 , pred: 1
test case 63
	 ['visit 6', 'visit 87', 'visit 4', 'visit 48', 'visit 69', 'visit 67', 'visit 92', 'visit 72', 'visit 71', 'visit 98', 'visit 43', 'visit 19', 'visit 24', 'visit 57', 'visit 97', 'visit 0', 'evaluation']
	# trees: 16 , real: 3 , pred: 3
test case 64
	 ['visit 6', 'visit 87', 'visit 4', 'visit 48', 'visit 69', 'visit 67', 'visit 92', 'visit 72', 'visit 71', 'visit 98', 'visit 43', 'visit 19', 'visit 24', 'visit 57', 'visit 97', 'visit 0', 'evaluation']
	# trees: 16 , real: 3 , pred: 3
test case 65
	 ['visit 6', 'visit 87', 'visit 4', 'visit 48', 'visit 69', 'visit 67', 'visit 92', 'visit 72', 'visit 71', 'visit 98', 'visit 43', 'visit 19', 'visit 24', 'visit 57', 'visit 97', 'visit 0', 'evaluation']
	# trees: 16 , real: 3 , pred: 1
test case 66
	 ['visit 6', 'visit 87', 'visit 4', 'visit 48', 'visit 69', 'visit 67', 'visit 92', 'visit 72', 'visit 71', 'visit 98', 'visit 43', 'visit 19', 'visit 24', 'visit 57', 'visit 97', 'visit 0', 'evaluation']
	# trees: 16 , real: 3 , pred: 2
test case 67
	 ['visit 6', 'visit 87', 'visit 4', 'visit 48', 'visit 69', 'visit 67', 'visit 92', 'visit 72', 'visit 71', 'visit 98', 'visit 43', 'visit 19', 'visit 24', 'visit 57', 'visit 97', 'visit 0', 'evaluation']
	# trees: 16 , real: 3 , pred: 3
test case 68
	 ['visit 6', 'visit 87', 'visit 4', 'visit 48', 'visit 69', 'visit 67', 'visit 92', 'visit 72', 'visit 71', 'visit 98', 'visit 43', 'visit 19', 'visit 24', 'visit 57', 'visit 97', 'visit 0', 'evaluation']
	# trees: 16 , real: 3 , pred: 3
test case 69
	 ['visit 6', 'visit 87', 'visit 4', 'visit 48', 'visit 69', 'visit 67', 'visit 92', 'visit 72', 'visit 71', 'visit 98', 'visit 43', 'visit 19', 'visit 24', 'visit 57', 'visit 97', 'visit 0', 'evaluation']
	# trees: 16 , real: 3 , pred: 1
test case 70
	 ['visit 6', 'visit 87', 'visit 4', 'visit 48', 'visit 69', 'visit 67', 'visit 92', 'visit 72', 'visit 71', 'visit 98', 'visit 43', 'visit 19', 'visit 24', 'visit 57', 'visit 97', 'visit 0', 'evaluation']
	# trees: 16 , real: 3 , pred: 2
test case 71
	 ['visit 6', 'visit 87', 'visit 4', 'visit 48', 'visit 69', 'visit 67', 'visit 92', 'visit 72', 'visit 71', 'visit 98', 'visit 43', 'visit 19', 'visit 24', 'visit 57', 'visit 97', 'visit 0', 'evaluation']
	# trees: 16 , real: 3 , pred: 3
test case 72
	 ['visit 6', 'visit 87', 'visit 4', 'visit 48', 'visit 69', 'visit 67', 'visit 92', 'visit 72', 'visit 71', 'visit 98', 'visit 43', 'visit 19', 'visit 24', 'visit 57', 'visit 97', 'visit 0', 'evaluation']
	# trees: 16 , real: 3 , pred: 1
test case 73
	 ['visit 6', 'visit 87', 'visit 4', 'visit 48', 'visit 69', 'visit 67', 'visit 92', 'visit 72', 'visit 71', 'visit 98', 'visit 43', 'visit 19', 'visit 24', 'visit 57', 'visit 97', 'visit 0', 'evaluation']
	# trees: 16 , real: 3 , pred: 1
test case 74
	 ['visit 6', 'visit 87', 'visit 4', 'visit 48', 'visit 69', 'visit 67', 'visit 92', 'visit 72', 'visit 71', 'visit 98', 'visit 43', 'visit 19', 'visit 24', 'visit 57', 'visit 97', 'visit 0', 'evaluation']
	# trees: 16 , real: 3 , pred: 2
test case 75
	 ['visit 6', 'visit 87', 'visit 4', 'visit 48', 'visit 69', 'visit 67', 'visit 92', 'visit 72', 'visit 71', 'visit 98', 'visit 43', 'visit 19', 'visit 24', 'visit 57', 'visit 97', 'visit 0', 'evaluation']
	# trees: 16 , real: 3 , pred: 3
test case 76
	 ['visit 6', 'visit 87', 'visit 4', 'visit 48', 'visit 69', 'visit 67', 'visit 92', 'visit 72', 'visit 71', 'visit 98', 'visit 43', 'visit 19', 'visit 24', 'visit 57', 'visit 97', 'visit 0', 'evaluation']
	# trees: 16 , real: 3 , pred: 3
test case 77
	 ['visit 6', 'visit 87', 'visit 4', 'visit 48', 'visit 69', 'visit 67', 'visit 92', 'visit 72', 'visit 71', 'visit 98', 'visit 43', 'visit 19', 'visit 24', 'visit 57', 'visit 97', 'visit 0', 'evaluation']
	# trees: 16 , real: 3 , pred: 2
test case 78
	 ['visit 6', 'visit 87', 'visit 4', 'visit 48', 'visit 69', 'visit 67', 'visit 92', 'visit 72', 'visit 71', 'visit 98', 'visit 43', 'visit 19', 'visit 24', 'visit 57', 'visit 97', 'visit 0', 'evaluation']
	# trees: 16 , real: 3 , pred: 2
test case 79
	 ['visit 6', 'visit 87', 'visit 4', 'visit 48', 'visit 69', 'visit 67', 'visit 92', 'visit 72', 'visit 71', 'visit 98', 'visit 43', 'visit 19', 'visit 24', 'visit 57', 'visit 97', 'visit 0', 'evaluation']
	# trees: 16 , real: 3 , pred: 1
test case 80
	 ['visit 6', 'visit 87', 'visit 4', 'visit 48', 'visit 69', 'visit 67', 'visit 92', 'visit 72', 'visit 71', 'visit 98', 'visit 43', 'visit 19', 'visit 24', 'visit 57', 'visit 97', 'visit 0', 'evaluation']
	# trees: 16 , real: 3 , pred: 3
test case 81
	 ['visit 6', 'visit 87', 'visit 4', 'visit 48', 'visit 69', 'visit 67', 'visit 92', 'visit 72', 'visit 71', 'visit 98', 'visit 43', 'visit 19', 'visit 24', 'visit 57', 'visit 97', 'visit 0', 'evaluation']
	# trees: 16 , real: 3 , pred: 2
test case 82
	 ['visit 6', 'visit 87', 'visit 4', 'visit 48', 'visit 69', 'visit 67', 'visit 92', 'visit 72', 'visit 71', 'visit 98', 'visit 43', 'visit 19', 'visit 24', 'visit 57', 'visit 97', 'visit 0', 'evaluation']
	# trees: 16 , real: 3 , pred: 3
test case 83
	 ['visit 6', 'visit 87', 'visit 4', 'visit 48', 'visit 69', 'visit 67', 'visit 92', 'visit 72', 'visit 71', 'visit 98', 'visit 43', 'visit 19', 'visit 24', 'visit 57', 'visit 97', 'visit 0', 'evaluation']
	# trees: 16 , real: 3 , pred: 3
test case 84
	 ['visit 6', 'visit 87', 'visit 4', 'visit 48', 'visit 69', 'visit 67', 'visit 92', 'visit 72', 'visit 71', 'visit 98', 'visit 43', 'visit 19', 'visit 24', 'visit 57', 'visit 97', 'visit 0', 'evaluation']
	# trees: 16 , real: 3 , pred: 1
test case 85
	 ['visit 6', 'visit 87', 'visit 4', 'visit 48', 'visit 69', 'visit 67', 'visit 92', 'visit 72', 'visit 71', 'visit 98', 'visit 43', 'visit 19', 'visit 24', 'visit 57', 'visit 97', 'visit 0', 'evaluation']
	# trees: 16 , real: 3 , pred: 3
test case 86
	 ['visit 6', 'visit 87', 'visit 4', 'visit 48', 'visit 69', 'visit 67', 'visit 92', 'visit 72', 'visit 71', 'visit 98', 'visit 43', 'visit 19', 'visit 24', 'visit 57', 'visit 97', 'visit 0', 'evaluation']
	# trees: 16 , real: 3 , pred: 3
test case 87
	 ['visit 6', 'visit 87', 'visit 4', 'visit 48', 'visit 69', 'visit 67', 'visit 92', 'visit 72', 'visit 71', 'visit 98', 'visit 43', 'visit 19', 'visit 24', 'visit 57', 'visit 97', 'visit 0', 'evaluation']
	# trees: 16 , real: 3 , pred: 2
test case 88
	 ['visit 6', 'visit 87', 'visit 4', 'visit 48', 'visit 69', 'visit 67', 'visit 92', 'visit 72', 'visit 71', 'visit 98', 'visit 43', 'visit 19', 'visit 24', 'visit 57', 'visit 97', 'visit 0', 'evaluation']
	# trees: 16 , real: 3 , pred: 3
test case 89
	 ['visit 6', 'visit 87', 'visit 4', 'visit 48', 'visit 69', 'visit 67', 'visit 92', 'visit 72', 'visit 71', 'visit 98', 'visit 43', 'visit 19', 'visit 24', 'visit 57', 'visit 97', 'visit 0', 'evaluation']
	# trees: 16 , real: 3 , pred: 2
test case 90
	 ['visit 6', 'visit 87', 'visit 4', 'visit 48', 'visit 69', 'visit 67', 'visit 92', 'visit 72', 'visit 71', 'visit 98', 'visit 43', 'visit 19', 'visit 24', 'visit 57', 'visit 97', 'visit 0', 'evaluation']
	# trees: 16 , real: 3 , pred: 3
test case 91
	 ['visit 6', 'visit 87', 'visit 4', 'visit 48', 'visit 69', 'visit 67', 'visit 92', 'visit 72', 'visit 71', 'visit 98', 'visit 43', 'visit 19', 'visit 24', 'visit 57', 'visit 97', 'visit 0', 'evaluation']
	# trees: 16 , real: 3 , pred: 2
test case 92
	 ['visit 6', 'visit 87', 'visit 4', 'visit 48', 'visit 69', 'visit 67', 'visit 92', 'visit 72', 'visit 71', 'visit 98', 'visit 43', 'visit 19', 'visit 24', 'visit 57', 'visit 97', 'visit 0', 'evaluation']
	# trees: 16 , real: 3 , pred: 3
test case 93
	 ['visit 6', 'visit 87', 'visit 4', 'visit 48', 'visit 69', 'visit 67', 'visit 92', 'visit 72', 'visit 71', 'visit 98', 'visit 43', 'visit 19', 'visit 24', 'visit 57', 'visit 97', 'visit 0', 'evaluation']
	# trees: 16 , real: 3 , pred: 3
test case 94
	 ['visit 6', 'visit 87', 'visit 4', 'visit 48', 'visit 69', 'visit 67', 'visit 92', 'visit 72', 'visit 71', 'visit 98', 'visit 43', 'visit 19', 'visit 24', 'visit 57', 'visit 97', 'visit 0', 'evaluation']
	# trees: 16 , real: 3 , pred: 3
test case 95
	 ['visit 6', 'visit 87', 'visit 4', 'visit 48', 'visit 69', 'visit 67', 'visit 92', 'visit 72', 'visit 71', 'visit 98', 'visit 43', 'visit 19', 'visit 24', 'visit 57', 'visit 97', 'visit 0', 'evaluation']
	# trees: 16 , real: 3 , pred: 3
test case 96
	 ['visit 6', 'visit 87', 'visit 4', 'visit 48', 'visit 69', 'visit 67', 'visit 92', 'visit 72', 'visit 71', 'visit 98', 'visit 43', 'visit 19', 'visit 24', 'visit 57', 'visit 97', 'visit 0', 'evaluation']
	# trees: 16 , real: 3 , pred: 2
test case 97
	 ['visit 6', 'visit 87', 'visit 4', 'visit 48', 'visit 69', 'visit 67', 'visit 92', 'visit 72', 'visit 71', 'visit 98', 'visit 43', 'visit 19', 'visit 24', 'visit 57', 'visit 97', 'visit 0', 'evaluation']
	# trees: 16 , real: 1 , pred: 1
test case 98
	 ['visit 6', 'visit 87', 'visit 4', 'visit 48', 'visit 69', 'visit 67', 'visit 92', 'visit 72', 'visit 71', 'visit 98', 'visit 43', 'visit 19', 'visit 24', 'visit 57', 'visit 97', 'visit 0', 'evaluation']
	# trees: 16 , real: 1 , pred: 3
test case 99
	 ['visit 6', 'visit 87', 'visit 4', 'visit 48', 'visit 69', 'visit 67', 'visit 92', 'visit 72', 'visit 71', 'visit 98', 'visit 43', 'visit 19', 'visit 24', 'visit 57', 'visit 97', 'visit 0', 'evaluation']
	# trees: 16 , real: 1 , pred: 3
test case 100
	 ['visit 6', 'visit 87', 'visit 4', 'visit 48', 'visit 69', 'visit 67', 'visit 92', 'visit 72', 'visit 71', 'visit 98', 'visit 43', 'visit 19', 'visit 24', 'visit 57', 'visit 97', 'visit 0', 'evaluation']
	# trees: 16 , real: 1 , pred: 1
test case 101
	 ['visit 6', 'visit 87', 'visit 4', 'visit 48', 'visit 69', 'visit 67', 'visit 92', 'visit 72', 'visit 71', 'visit 98', 'visit 43', 'visit 19', 'visit 24', 'visit 57', 'visit 97', 'visit 0', 'evaluation']
	# trees: 16 , real: 1 , pred: 3
test case 102
	 ['visit 6', 'visit 87', 'visit 4', 'visit 48', 'visit 69', 'visit 67', 'visit 92', 'visit 72', 'visit 71', 'visit 98', 'visit 43', 'visit 19', 'visit 24', 'visit 57', 'visit 97', 'visit 0', 'evaluation']
	# trees: 16 , real: 1 , pred: 1
test case 103
	 ['visit 6', 'visit 87', 'visit 4', 'visit 48', 'visit 69', 'visit 67', 'visit 92', 'visit 72', 'visit 71', 'visit 98', 'visit 43', 'visit 19', 'visit 24', 'visit 57', 'visit 97', 'visit 0', 'evaluation']
	# trees: 16 , real: 1 , pred: 1
test case 104
	 ['visit 6', 'visit 87', 'visit 4', 'visit 48', 'visit 69', 'visit 67', 'visit 92', 'visit 72', 'visit 71', 'visit 98', 'visit 43', 'visit 19', 'visit 24', 'visit 57', 'visit 97', 'visit 0', 'evaluation']
	# trees: 16 , real: 1 , pred: 3
test case 105
	 ['visit 6', 'visit 87', 'visit 4', 'visit 48', 'visit 69', 'visit 67', 'visit 92', 'visit 72', 'visit 71', 'visit 98', 'visit 43', 'visit 19', 'visit 24', 'visit 57', 'visit 97', 'visit 0', 'evaluation']
	# trees: 16 , real: 1 , pred: 1
test case 106
	 ['visit 6', 'visit 87', 'visit 4', 'visit 48', 'visit 69', 'visit 67', 'visit 92', 'visit 72', 'visit 71', 'visit 98', 'visit 43', 'visit 19', 'visit 24', 'visit 57', 'visit 97', 'visit 0', 'evaluation']
	# trees: 16 , real: 1 , pred: 1
test case 107
	 ['visit 6', 'visit 87', 'visit 4', 'visit 48', 'visit 69', 'visit 67', 'visit 92', 'visit 72', 'visit 71', 'visit 98', 'visit 43', 'visit 19', 'visit 24', 'visit 57', 'visit 97', 'visit 0', 'evaluation']
	# trees: 16 , real: 1 , pred: 3
test case 108
	 ['visit 6', 'visit 87', 'visit 4', 'visit 48', 'visit 69', 'visit 67', 'visit 92', 'visit 72', 'visit 71', 'visit 98', 'visit 43', 'visit 19', 'visit 24', 'visit 57', 'visit 97', 'visit 0', 'evaluation']
	# trees: 16 , real: 1 , pred: 1
test case 109
	 ['visit 6', 'visit 87', 'visit 4', 'visit 48', 'visit 69', 'visit 67', 'visit 92', 'visit 72', 'visit 71', 'visit 98', 'visit 43', 'visit 19', 'visit 24', 'visit 57', 'visit 97', 'visit 0', 'evaluation']
	# trees: 16 , real: 1 , pred: 3
test case 110
	 ['visit 6', 'visit 87', 'visit 4', 'visit 48', 'visit 69', 'visit 67', 'visit 92', 'visit 72', 'visit 71', 'visit 98', 'visit 43', 'visit 19', 'visit 24', 'visit 57', 'visit 97', 'visit 0', 'evaluation']
	# trees: 16 , real: 1 , pred: 3
test case 111
	 ['visit 6', 'visit 87', 'visit 4', 'visit 48', 'visit 69', 'visit 67', 'visit 92', 'visit 72', 'visit 71', 'visit 98', 'visit 43', 'visit 19', 'visit 24', 'visit 57', 'visit 97', 'visit 0', 'evaluation']
	# trees: 16 , real: 1 , pred: 1
test case 112
	 ['visit 6', 'visit 87', 'visit 4', 'visit 48', 'visit 69', 'visit 67', 'visit 92', 'visit 72', 'visit 71', 'visit 98', 'visit 43', 'visit 19', 'visit 24', 'visit 57', 'visit 97', 'visit 0', 'evaluation']
	# trees: 16 , real: 1 , pred: 1
test case 113
	 ['visit 6', 'visit 87', 'visit 4', 'visit 48', 'visit 69', 'visit 67', 'visit 92', 'visit 72', 'visit 71', 'visit 98', 'visit 43', 'visit 19', 'visit 24', 'visit 57', 'visit 97', 'visit 0', 'evaluation']
	# trees: 16 , real: 1 , pred: 2
test case 114
	 ['visit 6', 'visit 87', 'visit 4', 'visit 48', 'visit 69', 'visit 67', 'visit 92', 'visit 72', 'visit 71', 'visit 98', 'visit 43', 'visit 19', 'visit 24', 'visit 57', 'visit 97', 'visit 0', 'evaluation']
	# trees: 16 , real: 1 , pred: 1
test case 115
	 ['visit 6', 'visit 87', 'visit 4', 'visit 48', 'visit 69', 'visit 67', 'visit 92', 'visit 72', 'visit 71', 'visit 98', 'visit 43', 'visit 19', 'visit 24', 'visit 57', 'visit 97', 'visit 0', 'evaluation']
	# trees: 16 , real: 1 , pred: 3
test case 116
	 ['visit 6', 'visit 87', 'visit 4', 'visit 48', 'visit 69', 'visit 67', 'visit 92', 'visit 72', 'visit 71', 'visit 98', 'visit 43', 'visit 19', 'visit 24', 'visit 57', 'visit 97', 'visit 0', 'evaluation']
	# trees: 16 , real: 1 , pred: 2
test case 117
	 ['visit 6', 'visit 87', 'visit 4', 'visit 48', 'visit 69', 'visit 67', 'visit 92', 'visit 72', 'visit 71', 'visit 98', 'visit 43', 'visit 19', 'visit 24', 'visit 57', 'visit 97', 'visit 0', 'evaluation']
	# trees: 16 , real: 1 , pred: 3
test case 118
	 ['visit 6', 'visit 87', 'visit 4', 'visit 48', 'visit 69', 'visit 67', 'visit 92', 'visit 72', 'visit 71', 'visit 98', 'visit 43', 'visit 19', 'visit 24', 'visit 57', 'visit 97', 'visit 0', 'evaluation']
	# trees: 16 , real: 1 , pred: 2
test case 119
	 ['visit 6', 'visit 87', 'visit 4', 'visit 48', 'visit 69', 'visit 67', 'visit 92', 'visit 72', 'visit 71', 'visit 98', 'visit 43', 'visit 19', 'visit 24', 'visit 57', 'visit 97', 'visit 0', 'evaluation']
	# trees: 16 , real: 1 , pred: 1
test case 120
	 ['visit 6', 'visit 87', 'visit 4', 'visit 48', 'visit 69', 'visit 67', 'visit 92', 'visit 72', 'visit 71', 'visit 98', 'visit 43', 'visit 19', 'visit 24', 'visit 57', 'visit 97', 'visit 0', 'evaluation']
	# trees: 16 , real: 1 , pred: 1
test case 121
	 ['visit 6', 'visit 87', 'visit 4', 'visit 48', 'visit 69', 'visit 67', 'visit 92', 'visit 72', 'visit 71', 'visit 98', 'visit 43', 'visit 19', 'visit 24', 'visit 57', 'visit 97', 'visit 0', 'evaluation']
	# trees: 16 , real: 1 , pred: 3
test case 122
	 ['visit 6', 'visit 87', 'visit 4', 'visit 48', 'visit 69', 'visit 67', 'visit 92', 'visit 72', 'visit 71', 'visit 98', 'visit 43', 'visit 19', 'visit 24', 'visit 57', 'visit 97', 'visit 0', 'evaluation']
	# trees: 16 , real: 1 , pred: 3
test case 123
	 ['visit 6', 'visit 87', 'visit 4', 'visit 48', 'visit 69', 'visit 67', 'visit 92', 'visit 72', 'visit 71', 'visit 98', 'visit 43', 'visit 19', 'visit 24', 'visit 57', 'visit 97', 'visit 0', 'evaluation']
	# trees: 16 , real: 1 , pred: 1
test case 124
	 ['visit 6', 'visit 87', 'visit 4', 'visit 48', 'visit 69', 'visit 67', 'visit 92', 'visit 72', 'visit 71', 'visit 98', 'visit 43', 'visit 19', 'visit 24', 'visit 57', 'visit 97', 'visit 0', 'evaluation']
	# trees: 16 , real: 1 , pred: 3
test case 125
	 ['visit 6', 'visit 87', 'visit 4', 'visit 48', 'visit 69', 'visit 67', 'visit 92', 'visit 72', 'visit 71', 'visit 98', 'visit 43', 'visit 19', 'visit 24', 'visit 57', 'visit 97', 'visit 0', 'evaluation']
	# trees: 16 , real: 1 , pred: 1
test case 126
	 ['visit 6', 'visit 87', 'visit 4', 'visit 48', 'visit 69', 'visit 67', 'visit 92', 'visit 72', 'visit 71', 'visit 98', 'visit 43', 'visit 19', 'visit 24', 'visit 57', 'visit 97', 'visit 0', 'evaluation']
	# trees: 16 , real: 1 , pred: 3
test case 127
	 ['visit 6', 'visit 87', 'visit 4', 'visit 48', 'visit 69', 'visit 67', 'visit 92', 'visit 72', 'visit 71', 'visit 98', 'visit 43', 'visit 19', 'visit 24', 'visit 57', 'visit 97', 'visit 0', 'evaluation']
	# trees: 16 , real: 1 , pred: 1
test case 128
	 ['visit 6', 'visit 87', 'visit 4', 'visit 48', 'visit 69', 'visit 67', 'visit 92', 'visit 72', 'visit 71', 'visit 98', 'visit 43', 'visit 19', 'visit 24', 'visit 57', 'visit 97', 'visit 0', 'evaluation']
	# trees: 16 , real: 1 , pred: 1
test case 129
	 ['visit 6', 'visit 87', 'visit 4', 'visit 48', 'visit 69', 'visit 67', 'visit 92', 'visit 72', 'visit 71', 'visit 98', 'visit 43', 'visit 19', 'visit 24', 'visit 57', 'visit 97', 'visit 0', 'evaluation']
	# trees: 16 , real: 2 , pred: 1
test case 130
	 ['visit 6', 'visit 87', 'visit 4', 'visit 48', 'visit 69', 'visit 67', 'visit 92', 'visit 72', 'visit 71', 'visit 98', 'visit 43', 'visit 19', 'visit 24', 'visit 57', 'visit 97', 'visit 0', 'evaluation']
	# trees: 16 , real: 2 , pred: 2
test case 131
	 ['visit 6', 'visit 87', 'visit 4', 'visit 48', 'visit 69', 'visit 67', 'visit 92', 'visit 72', 'visit 71', 'visit 98', 'visit 43', 'visit 19', 'visit 24', 'visit 57', 'visit 97', 'visit 0', 'evaluation']
	# trees: 16 , real: 2 , pred: 3
test case 132
	 ['visit 6', 'visit 87', 'visit 4', 'visit 48', 'visit 69', 'visit 67', 'visit 92', 'visit 72', 'visit 71', 'visit 98', 'visit 43', 'visit 19', 'visit 24', 'visit 57', 'visit 97', 'visit 0', 'evaluation']
	# trees: 16 , real: 2 , pred: 3
test case 133
	 ['visit 6', 'visit 87', 'visit 4', 'visit 48', 'visit 69', 'visit 67', 'visit 92', 'visit 72', 'visit 71', 'visit 98', 'visit 43', 'visit 19', 'visit 24', 'visit 57', 'visit 97', 'visit 0', 'evaluation']
	# trees: 16 , real: 2 , pred: 1
test case 134
	 ['visit 6', 'visit 87', 'visit 4', 'visit 48', 'visit 69', 'visit 67', 'visit 92', 'visit 72', 'visit 71', 'visit 98', 'visit 43', 'visit 19', 'visit 24', 'visit 57', 'visit 97', 'visit 0', 'evaluation']
	# trees: 16 , real: 2 , pred: 3
test case 135
	 ['visit 6', 'visit 87', 'visit 4', 'visit 48', 'visit 69', 'visit 67', 'visit 92', 'visit 72', 'visit 71', 'visit 98', 'visit 43', 'visit 19', 'visit 24', 'visit 57', 'visit 97', 'visit 0', 'evaluation']
	# trees: 16 , real: 2 , pred: 2
test case 136
	 ['visit 6', 'visit 87', 'visit 4', 'visit 48', 'visit 69', 'visit 67', 'visit 92', 'visit 72', 'visit 71', 'visit 98', 'visit 43', 'visit 19', 'visit 24', 'visit 57', 'visit 97', 'visit 0', 'evaluation']
	# trees: 16 , real: 3 , pred: 3
test case 137
	 ['visit 6', 'visit 87', 'visit 4', 'visit 48', 'visit 69', 'visit 67', 'visit 92', 'visit 72', 'visit 71', 'visit 98', 'visit 43', 'visit 19', 'visit 24', 'visit 57', 'visit 97', 'visit 0', 'evaluation']
	# trees: 16 , real: 3 , pred: 3
test case 138
	 ['visit 6', 'visit 87', 'visit 4', 'visit 48', 'visit 69', 'visit 67', 'visit 92', 'visit 72', 'visit 71', 'visit 98', 'visit 43', 'visit 19', 'visit 24', 'visit 57', 'visit 97', 'visit 0', 'evaluation']
	# trees: 16 , real: 3 , pred: 1
test case 139
	 ['visit 6', 'visit 87', 'visit 4', 'visit 48', 'visit 69', 'visit 67', 'visit 92', 'visit 72', 'visit 71', 'visit 98', 'visit 43', 'visit 19', 'visit 24', 'visit 57', 'visit 97', 'visit 0', 'evaluation']
	# trees: 16 , real: 3 , pred: 3
test case 140
	 ['visit 6', 'visit 87', 'visit 4', 'visit 48', 'visit 69', 'visit 67', 'visit 92', 'visit 72', 'visit 71', 'visit 98', 'visit 43', 'visit 19', 'visit 24', 'visit 57', 'visit 97', 'visit 0', 'evaluation']
	# trees: 16 , real: 3 , pred: 3
test case 141
	 ['visit 6', 'visit 87', 'visit 4', 'visit 48', 'visit 69', 'visit 67', 'visit 92', 'visit 72', 'visit 71', 'visit 98', 'visit 43', 'visit 19', 'visit 24', 'visit 57', 'visit 97', 'visit 0', 'evaluation']
	# trees: 16 , real: 3 , pred: 1
test case 142
	 ['visit 6', 'visit 87', 'visit 4', 'visit 48', 'visit 69', 'visit 67', 'visit 92', 'visit 72', 'visit 71', 'visit 98', 'visit 43', 'visit 19', 'visit 24', 'visit 57', 'visit 97', 'visit 0', 'evaluation']
	# trees: 16 , real: 3 , pred: 2
test case 143
	 ['visit 6', 'visit 87', 'visit 4', 'visit 48', 'visit 69', 'visit 67', 'visit 92', 'visit 72', 'visit 71', 'visit 98', 'visit 43', 'visit 19', 'visit 24', 'visit 57', 'visit 97', 'visit 0', 'evaluation']
	# trees: 16 , real: 3 , pred: 3
test case 144
	 ['visit 6', 'visit 87', 'visit 4', 'visit 48', 'visit 69', 'visit 67', 'visit 92', 'visit 72', 'visit 71', 'visit 98', 'visit 43', 'visit 19', 'visit 24', 'visit 57', 'visit 97', 'visit 0', 'evaluation']
	# trees: 16 , real: 3 , pred: 3
test case 145
	 ['visit 6', 'visit 87', 'visit 4', 'visit 48', 'visit 69', 'visit 67', 'visit 92', 'visit 72', 'visit 71', 'visit 98', 'visit 43', 'visit 19', 'visit 24', 'visit 57', 'visit 97', 'visit 0', 'evaluation']
	# trees: 16 , real: 3 , pred: 3
test case 146
	 ['visit 6', 'visit 87', 'visit 4', 'visit 48', 'visit 69', 'visit 67', 'visit 92', 'visit 72', 'visit 71', 'visit 98', 'visit 43', 'visit 19', 'visit 24', 'visit 57', 'visit 97', 'visit 0', 'evaluation']
	# trees: 16 , real: 3 , pred: 1
[[ 7  7 11]
 [ 5 44 22]
 [ 9 14 28]]
[[ 7  6 12]
 [ 5 44 22]
 [ 9 14 28]]
[[ 9  8  8]
 [ 5 42 24]
 [13 11 27]]
(0.5374149659863946, 0.4897576012330111, 0.48291263923409744, 0.4838022165387894)
(0.5374149659863946, 0.4908154121863799, 0.48291263923409744, 0.48392496639258215)
(0.5306122448979592, 0.4931616807137786, 0.49365368682684335, 0.49114219114219115)
