{'dataset': 'cmc', 'algorithm': 'dqn', 'num_clf': 20, 'num_training': 500, 'learning_rate': 0.01, 'discount_factor': 0.99, 'epsilon': 0.1, 'random_state': 4451, 'portion': 0.5, 'sequential': False}
(663, 22)
(663, 22)
(147, 22)
finished epoch 100
average loss: 5891.291537208134
finished epoch 200
average loss: 7.188137710887247
finished epoch 300
average loss: 5.1987089180151465
finished epoch 400
average loss: 7.171555808902232
finished epoch 500
average loss: 0.9276514216531734
test case 0
	 ['visit 12', 'visit 4', 'visit 16', 'visit 2', 'evaluation']
	# trees: 4 , real: 1 , pred: 3
test case 1
	 ['visit 12', 'visit 4', 'visit 16', 'visit 2', 'evaluation']
	# trees: 4 , real: 1 , pred: 3
test case 2
	 ['visit 12', 'visit 4', 'visit 16', 'visit 2', 'evaluation']
	# trees: 4 , real: 1 , pred: 2
test case 3
	 ['visit 12', 'visit 4', 'visit 16', 'visit 2', 'evaluation']
	# trees: 4 , real: 1 , pred: 1
test case 4
	 ['visit 12', 'visit 4', 'visit 16', 'visit 2', 'evaluation']
	# trees: 4 , real: 1 , pred: 1
test case 5
	 ['visit 12', 'visit 4', 'visit 16', 'visit 2', 'evaluation']
	# trees: 4 , real: 1 , pred: 3
test case 6
	 ['visit 12', 'visit 4', 'visit 16', 'visit 2', 'evaluation']
	# trees: 4 , real: 1 , pred: 2
test case 7
	 ['visit 12', 'visit 4', 'visit 16', 'visit 2', 'evaluation']
	# trees: 4 , real: 1 , pred: 3
test case 8
	 ['visit 12', 'visit 4', 'visit 16', 'visit 2', 'evaluation']
	# trees: 4 , real: 1 , pred: 1
test case 9
	 ['visit 12', 'visit 4', 'visit 16', 'visit 2', 'evaluation']
	# trees: 4 , real: 1 , pred: 1
test case 10
	 ['visit 12', 'visit 4', 'visit 16', 'visit 2', 'evaluation']
	# trees: 4 , real: 1 , pred: 1
test case 11
	 ['visit 12', 'visit 4', 'visit 16', 'visit 2', 'evaluation']
	# trees: 4 , real: 1 , pred: 3
test case 12
	 ['visit 12', 'visit 4', 'visit 16', 'visit 2', 'evaluation']
	# trees: 4 , real: 1 , pred: 3
test case 13
	 ['visit 12', 'visit 4', 'visit 16', 'visit 2', 'evaluation']
	# trees: 4 , real: 1 , pred: 1
test case 14
	 ['visit 12', 'visit 4', 'visit 16', 'visit 2', 'evaluation']
	# trees: 4 , real: 1 , pred: 1
test case 15
	 ['visit 12', 'visit 4', 'visit 16', 'visit 2', 'evaluation']
	# trees: 4 , real: 1 , pred: 1
test case 16
	 ['visit 12', 'visit 4', 'visit 16', 'visit 2', 'evaluation']
	# trees: 4 , real: 1 , pred: 1
test case 17
	 ['visit 12', 'visit 4', 'visit 16', 'visit 2', 'evaluation']
	# trees: 4 , real: 1 , pred: 3
test case 18
	 ['visit 12', 'visit 4', 'visit 16', 'visit 2', 'evaluation']
	# trees: 4 , real: 1 , pred: 1
test case 19
	 ['visit 12', 'visit 4', 'visit 16', 'visit 2', 'evaluation']
	# trees: 4 , real: 1 , pred: 1
test case 20
	 ['visit 12', 'visit 4', 'visit 16', 'visit 2', 'evaluation']
	# trees: 4 , real: 1 , pred: 1
test case 21
	 ['visit 12', 'visit 4', 'visit 16', 'visit 2', 'evaluation']
	# trees: 4 , real: 1 , pred: 3
test case 22
	 ['visit 12', 'visit 4', 'visit 16', 'visit 2', 'evaluation']
	# trees: 4 , real: 1 , pred: 2
test case 23
	 ['visit 12', 'visit 4', 'visit 16', 'visit 2', 'evaluation']
	# trees: 4 , real: 1 , pred: 3
test case 24
	 ['visit 12', 'visit 4', 'visit 16', 'visit 2', 'evaluation']
	# trees: 4 , real: 1 , pred: 3
test case 25
	 ['visit 12', 'visit 4', 'visit 16', 'visit 2', 'evaluation']
	# trees: 4 , real: 1 , pred: 1
test case 26
	 ['visit 12', 'visit 4', 'visit 16', 'visit 2', 'evaluation']
	# trees: 4 , real: 1 , pred: 1
test case 27
	 ['visit 12', 'visit 4', 'visit 16', 'visit 2', 'evaluation']
	# trees: 4 , real: 1 , pred: 3
test case 28
	 ['visit 12', 'visit 4', 'visit 16', 'visit 2', 'evaluation']
	# trees: 4 , real: 1 , pred: 1
test case 29
	 ['visit 12', 'visit 4', 'visit 16', 'visit 2', 'evaluation']
	# trees: 4 , real: 1 , pred: 3
test case 30
	 ['visit 12', 'visit 4', 'visit 16', 'visit 2', 'evaluation']
	# trees: 4 , real: 1 , pred: 1
test case 31
	 ['visit 12', 'visit 4', 'visit 16', 'visit 2', 'evaluation']
	# trees: 4 , real: 1 , pred: 3
test case 32
	 ['visit 12', 'visit 4', 'visit 16', 'visit 2', 'evaluation']
	# trees: 4 , real: 1 , pred: 1
test case 33
	 ['visit 12', 'visit 4', 'visit 16', 'visit 2', 'evaluation']
	# trees: 4 , real: 2 , pred: 2
test case 34
	 ['visit 12', 'visit 4', 'visit 16', 'visit 2', 'evaluation']
	# trees: 4 , real: 2 , pred: 3
test case 35
	 ['visit 12', 'visit 4', 'visit 16', 'visit 2', 'evaluation']
	# trees: 4 , real: 2 , pred: 2
test case 36
	 ['visit 12', 'visit 4', 'visit 16', 'visit 2', 'evaluation']
	# trees: 4 , real: 2 , pred: 3
test case 37
	 ['visit 12', 'visit 4', 'visit 16', 'visit 2', 'evaluation']
	# trees: 4 , real: 2 , pred: 2
test case 38
	 ['visit 12', 'visit 4', 'visit 16', 'visit 2', 'evaluation']
	# trees: 4 , real: 2 , pred: 1
test case 39
	 ['visit 12', 'visit 4', 'visit 16', 'visit 2', 'evaluation']
	# trees: 4 , real: 2 , pred: 2
test case 40
	 ['visit 12', 'visit 4', 'visit 16', 'visit 2', 'evaluation']
	# trees: 4 , real: 2 , pred: 2
test case 41
	 ['visit 12', 'visit 4', 'visit 16', 'visit 2', 'evaluation']
	# trees: 4 , real: 2 , pred: 2
test case 42
	 ['visit 12', 'visit 4', 'visit 16', 'visit 2', 'evaluation']
	# trees: 4 , real: 2 , pred: 3
test case 43
	 ['visit 12', 'visit 4', 'visit 16', 'visit 2', 'evaluation']
	# trees: 4 , real: 2 , pred: 1
test case 44
	 ['visit 12', 'visit 4', 'visit 16', 'visit 2', 'evaluation']
	# trees: 4 , real: 2 , pred: 3
test case 45
	 ['visit 12', 'visit 4', 'visit 16', 'visit 2', 'evaluation']
	# trees: 4 , real: 2 , pred: 1
test case 46
	 ['visit 12', 'visit 4', 'visit 16', 'visit 2', 'evaluation']
	# trees: 4 , real: 2 , pred: 1
test case 47
	 ['visit 12', 'visit 4', 'visit 16', 'visit 2', 'evaluation']
	# trees: 4 , real: 2 , pred: 2
test case 48
	 ['visit 12', 'visit 4', 'visit 16', 'visit 2', 'evaluation']
	# trees: 4 , real: 2 , pred: 3
test case 49
	 ['visit 12', 'visit 4', 'visit 16', 'visit 2', 'evaluation']
	# trees: 4 , real: 2 , pred: 2
test case 50
	 ['visit 12', 'visit 4', 'visit 16', 'visit 2', 'evaluation']
	# trees: 4 , real: 2 , pred: 3
test case 51
	 ['visit 12', 'visit 4', 'visit 16', 'visit 2', 'evaluation']
	# trees: 4 , real: 2 , pred: 1
test case 52
	 ['visit 12', 'visit 4', 'visit 16', 'visit 2', 'evaluation']
	# trees: 4 , real: 2 , pred: 1
test case 53
	 ['visit 12', 'visit 4', 'visit 16', 'visit 2', 'evaluation']
	# trees: 4 , real: 2 , pred: 2
test case 54
	 ['visit 12', 'visit 4', 'visit 16', 'visit 2', 'evaluation']
	# trees: 4 , real: 2 , pred: 1
test case 55
	 ['visit 12', 'visit 4', 'visit 16', 'visit 2', 'evaluation']
	# trees: 4 , real: 2 , pred: 3
test case 56
	 ['visit 12', 'visit 4', 'visit 16', 'visit 2', 'evaluation']
	# trees: 4 , real: 2 , pred: 1
test case 57
	 ['visit 12', 'visit 4', 'visit 16', 'visit 2', 'evaluation']
	# trees: 4 , real: 2 , pred: 2
test case 58
	 ['visit 12', 'visit 4', 'visit 16', 'visit 2', 'evaluation']
	# trees: 4 , real: 2 , pred: 2
test case 59
	 ['visit 12', 'visit 4', 'visit 16', 'visit 2', 'evaluation']
	# trees: 4 , real: 2 , pred: 2
test case 60
	 ['visit 12', 'visit 4', 'visit 16', 'visit 2', 'evaluation']
	# trees: 4 , real: 2 , pred: 2
test case 61
	 ['visit 12', 'visit 4', 'visit 16', 'visit 2', 'evaluation']
	# trees: 4 , real: 2 , pred: 3
test case 62
	 ['visit 12', 'visit 4', 'visit 16', 'visit 2', 'evaluation']
	# trees: 4 , real: 2 , pred: 2
test case 63
	 ['visit 12', 'visit 4', 'visit 16', 'visit 2', 'evaluation']
	# trees: 4 , real: 2 , pred: 3
test case 64
	 ['visit 12', 'visit 4', 'visit 16', 'visit 2', 'evaluation']
	# trees: 4 , real: 3 , pred: 3
test case 65
	 ['visit 12', 'visit 4', 'visit 16', 'visit 2', 'evaluation']
	# trees: 4 , real: 3 , pred: 3
test case 66
	 ['visit 12', 'visit 4', 'visit 16', 'visit 2', 'evaluation']
	# trees: 4 , real: 3 , pred: 3
test case 67
	 ['visit 12', 'visit 4', 'visit 16', 'visit 2', 'evaluation']
	# trees: 4 , real: 3 , pred: 3
test case 68
	 ['visit 12', 'visit 4', 'visit 16', 'visit 2', 'evaluation']
	# trees: 4 , real: 3 , pred: 1
test case 69
	 ['visit 12', 'visit 4', 'visit 16', 'visit 2', 'evaluation']
	# trees: 4 , real: 3 , pred: 1
test case 70
	 ['visit 12', 'visit 4', 'visit 16', 'visit 2', 'evaluation']
	# trees: 4 , real: 3 , pred: 3
test case 71
	 ['visit 12', 'visit 4', 'visit 16', 'visit 2', 'evaluation']
	# trees: 4 , real: 3 , pred: 1
test case 72
	 ['visit 12', 'visit 4', 'visit 16', 'visit 2', 'evaluation']
	# trees: 4 , real: 3 , pred: 3
test case 73
	 ['visit 12', 'visit 4', 'visit 16', 'visit 2', 'evaluation']
	# trees: 4 , real: 3 , pred: 2
test case 74
	 ['visit 12', 'visit 4', 'visit 16', 'visit 2', 'evaluation']
	# trees: 4 , real: 3 , pred: 2
test case 75
	 ['visit 12', 'visit 4', 'visit 16', 'visit 2', 'evaluation']
	# trees: 4 , real: 3 , pred: 3
test case 76
	 ['visit 12', 'visit 4', 'visit 16', 'visit 2', 'evaluation']
	# trees: 4 , real: 3 , pred: 3
test case 77
	 ['visit 12', 'visit 4', 'visit 16', 'visit 2', 'evaluation']
	# trees: 4 , real: 3 , pred: 3
test case 78
	 ['visit 12', 'visit 4', 'visit 16', 'visit 2', 'evaluation']
	# trees: 4 , real: 3 , pred: 3
test case 79
	 ['visit 12', 'visit 4', 'visit 16', 'visit 2', 'evaluation']
	# trees: 4 , real: 3 , pred: 1
test case 80
	 ['visit 12', 'visit 4', 'visit 16', 'visit 2', 'evaluation']
	# trees: 4 , real: 3 , pred: 1
test case 81
	 ['visit 12', 'visit 4', 'visit 16', 'visit 2', 'evaluation']
	# trees: 4 , real: 3 , pred: 2
test case 82
	 ['visit 12', 'visit 4', 'visit 16', 'visit 2', 'evaluation']
	# trees: 4 , real: 3 , pred: 3
test case 83
	 ['visit 12', 'visit 4', 'visit 16', 'visit 2', 'evaluation']
	# trees: 4 , real: 3 , pred: 2
test case 84
	 ['visit 12', 'visit 4', 'visit 16', 'visit 2', 'evaluation']
	# trees: 4 , real: 3 , pred: 2
test case 85
	 ['visit 12', 'visit 4', 'visit 16', 'visit 2', 'evaluation']
	# trees: 4 , real: 3 , pred: 1
test case 86
	 ['visit 12', 'visit 4', 'visit 16', 'visit 2', 'evaluation']
	# trees: 4 , real: 3 , pred: 3
test case 87
	 ['visit 12', 'visit 4', 'visit 16', 'visit 2', 'evaluation']
	# trees: 4 , real: 3 , pred: 3
test case 88
	 ['visit 12', 'visit 4', 'visit 16', 'visit 2', 'evaluation']
	# trees: 4 , real: 3 , pred: 3
test case 89
	 ['visit 12', 'visit 4', 'visit 16', 'visit 2', 'evaluation']
	# trees: 4 , real: 3 , pred: 2
test case 90
	 ['visit 12', 'visit 4', 'visit 16', 'visit 2', 'evaluation']
	# trees: 4 , real: 3 , pred: 3
test case 91
	 ['visit 12', 'visit 4', 'visit 16', 'visit 2', 'evaluation']
	# trees: 4 , real: 3 , pred: 2
test case 92
	 ['visit 12', 'visit 4', 'visit 16', 'visit 2', 'evaluation']
	# trees: 4 , real: 3 , pred: 2
test case 93
	 ['visit 12', 'visit 4', 'visit 16', 'visit 2', 'evaluation']
	# trees: 4 , real: 3 , pred: 3
test case 94
	 ['visit 12', 'visit 4', 'visit 16', 'visit 2', 'evaluation']
	# trees: 4 , real: 3 , pred: 3
test case 95
	 ['visit 12', 'visit 4', 'visit 16', 'visit 2', 'evaluation']
	# trees: 4 , real: 3 , pred: 3
test case 96
	 ['visit 12', 'visit 4', 'visit 16', 'visit 2', 'evaluation']
	# trees: 4 , real: 1 , pred: 1
test case 97
	 ['visit 12', 'visit 4', 'visit 16', 'visit 2', 'evaluation']
	# trees: 4 , real: 1 , pred: 3
test case 98
	 ['visit 12', 'visit 4', 'visit 16', 'visit 2', 'evaluation']
	# trees: 4 , real: 1 , pred: 2
test case 99
	 ['visit 12', 'visit 4', 'visit 16', 'visit 2', 'evaluation']
	# trees: 4 , real: 1 , pred: 3
test case 100
	 ['visit 12', 'visit 4', 'visit 16', 'visit 2', 'evaluation']
	# trees: 4 , real: 1 , pred: 1
test case 101
	 ['visit 12', 'visit 4', 'visit 16', 'visit 2', 'evaluation']
	# trees: 4 , real: 1 , pred: 3
test case 102
	 ['visit 12', 'visit 4', 'visit 16', 'visit 2', 'evaluation']
	# trees: 4 , real: 1 , pred: 1
test case 103
	 ['visit 12', 'visit 4', 'visit 16', 'visit 2', 'evaluation']
	# trees: 4 , real: 1 , pred: 1
test case 104
	 ['visit 12', 'visit 4', 'visit 16', 'visit 2', 'evaluation']
	# trees: 4 , real: 1 , pred: 1
test case 105
	 ['visit 12', 'visit 4', 'visit 16', 'visit 2', 'evaluation']
	# trees: 4 , real: 1 , pred: 1
test case 106
	 ['visit 12', 'visit 4', 'visit 16', 'visit 2', 'evaluation']
	# trees: 4 , real: 1 , pred: 2
test case 107
	 ['visit 12', 'visit 4', 'visit 16', 'visit 2', 'evaluation']
	# trees: 4 , real: 1 , pred: 1
test case 108
	 ['visit 12', 'visit 4', 'visit 16', 'visit 2', 'evaluation']
	# trees: 4 , real: 1 , pred: 3
test case 109
	 ['visit 12', 'visit 4', 'visit 16', 'visit 2', 'evaluation']
	# trees: 4 , real: 1 , pred: 1
test case 110
	 ['visit 12', 'visit 4', 'visit 16', 'visit 2', 'evaluation']
	# trees: 4 , real: 1 , pred: 3
test case 111
	 ['visit 12', 'visit 4', 'visit 16', 'visit 2', 'evaluation']
	# trees: 4 , real: 1 , pred: 1
test case 112
	 ['visit 12', 'visit 4', 'visit 16', 'visit 2', 'evaluation']
	# trees: 4 , real: 2 , pred: 1
test case 113
	 ['visit 12', 'visit 4', 'visit 16', 'visit 2', 'evaluation']
	# trees: 4 , real: 2 , pred: 1
test case 114
	 ['visit 12', 'visit 4', 'visit 16', 'visit 2', 'evaluation']
	# trees: 4 , real: 2 , pred: 2
test case 115
	 ['visit 12', 'visit 4', 'visit 16', 'visit 2', 'evaluation']
	# trees: 4 , real: 2 , pred: 1
test case 116
	 ['visit 12', 'visit 4', 'visit 16', 'visit 2', 'evaluation']
	# trees: 4 , real: 2 , pred: 1
test case 117
	 ['visit 12', 'visit 4', 'visit 16', 'visit 2', 'evaluation']
	# trees: 4 , real: 2 , pred: 1
test case 118
	 ['visit 12', 'visit 4', 'visit 16', 'visit 2', 'evaluation']
	# trees: 4 , real: 2 , pred: 2
test case 119
	 ['visit 12', 'visit 4', 'visit 16', 'visit 2', 'evaluation']
	# trees: 4 , real: 2 , pred: 2
test case 120
	 ['visit 12', 'visit 4', 'visit 16', 'visit 2', 'evaluation']
	# trees: 4 , real: 2 , pred: 2
test case 121
	 ['visit 12', 'visit 4', 'visit 16', 'visit 2', 'evaluation']
	# trees: 4 , real: 2 , pred: 3
test case 122
	 ['visit 12', 'visit 4', 'visit 16', 'visit 2', 'evaluation']
	# trees: 4 , real: 2 , pred: 1
test case 123
	 ['visit 12', 'visit 4', 'visit 16', 'visit 2', 'evaluation']
	# trees: 4 , real: 3 , pred: 3
test case 124
	 ['visit 12', 'visit 4', 'visit 16', 'visit 2', 'evaluation']
	# trees: 4 , real: 3 , pred: 1
test case 125
	 ['visit 12', 'visit 4', 'visit 16', 'visit 2', 'evaluation']
	# trees: 4 , real: 3 , pred: 2
test case 126
	 ['visit 12', 'visit 4', 'visit 16', 'visit 2', 'evaluation']
	# trees: 4 , real: 3 , pred: 1
test case 127
	 ['visit 12', 'visit 4', 'visit 16', 'visit 2', 'evaluation']
	# trees: 4 , real: 3 , pred: 3
test case 128
	 ['visit 12', 'visit 4', 'visit 16', 'visit 2', 'evaluation']
	# trees: 4 , real: 3 , pred: 3
test case 129
	 ['visit 12', 'visit 4', 'visit 16', 'visit 2', 'evaluation']
	# trees: 4 , real: 3 , pred: 3
test case 130
	 ['visit 12', 'visit 4', 'visit 16', 'visit 2', 'evaluation']
	# trees: 4 , real: 3 , pred: 3
test case 131
	 ['visit 12', 'visit 4', 'visit 16', 'visit 2', 'evaluation']
	# trees: 4 , real: 3 , pred: 3
test case 132
	 ['visit 12', 'visit 4', 'visit 16', 'visit 2', 'evaluation']
	# trees: 4 , real: 3 , pred: 1
test case 133
	 ['visit 12', 'visit 4', 'visit 16', 'visit 2', 'evaluation']
	# trees: 4 , real: 3 , pred: 3
test case 134
	 ['visit 12', 'visit 4', 'visit 16', 'visit 2', 'evaluation']
	# trees: 4 , real: 3 , pred: 2
test case 135
	 ['visit 12', 'visit 4', 'visit 16', 'visit 2', 'evaluation']
	# trees: 4 , real: 3 , pred: 3
test case 136
	 ['visit 12', 'visit 4', 'visit 16', 'visit 2', 'evaluation']
	# trees: 4 , real: 3 , pred: 1
test case 137
	 ['visit 12', 'visit 4', 'visit 16', 'visit 2', 'evaluation']
	# trees: 4 , real: 3 , pred: 3
test case 138
	 ['visit 12', 'visit 4', 'visit 16', 'visit 2', 'evaluation']
	# trees: 4 , real: 3 , pred: 3
test case 139
	 ['visit 12', 'visit 4', 'visit 16', 'visit 2', 'evaluation']
	# trees: 4 , real: 3 , pred: 2
test case 140
	 ['visit 12', 'visit 4', 'visit 16', 'visit 2', 'evaluation']
	# trees: 4 , real: 3 , pred: 3
test case 141
	 ['visit 12', 'visit 4', 'visit 16', 'visit 2', 'evaluation']
	# trees: 4 , real: 3 , pred: 1
test case 142
	 ['visit 12', 'visit 4', 'visit 16', 'visit 2', 'evaluation']
	# trees: 4 , real: 3 , pred: 3
test case 143
	 ['visit 12', 'visit 4', 'visit 16', 'visit 2', 'evaluation']
	# trees: 4 , real: 3 , pred: 1
test case 144
	 ['visit 12', 'visit 4', 'visit 16', 'visit 2', 'evaluation']
	# trees: 4 , real: 3 , pred: 3
test case 145
	 ['visit 12', 'visit 4', 'visit 16', 'visit 2', 'evaluation']
	# trees: 4 , real: 3 , pred: 3
test case 146
	 ['visit 12', 'visit 4', 'visit 16', 'visit 2', 'evaluation']
	# trees: 4 , real: 3 , pred: 3
[[29 18  2]
 [14 32 10]
 [17 11 14]]
[[29 18  2]
 [15 31 10]
 [16 11 15]]
[[26 18  5]
 [12 33 11]
 [14 10 18]]
(0.5102040816326531, 0.5154616785764327, 0.4988662131519274, 0.4969611148780064)
(0.5102040816326531, 0.5185185185185185, 0.5008503401360545, 0.5004584863531537)
(0.5238095238095238, 0.5234651237544198, 0.516156462585034, 0.5175460865924649)
