{'dataset': 'cmc', 'algorithm': 'dqn', 'num_clf': 50, 'num_training': 500, 'learning_rate': 0.01, 'discount_factor': 0.99, 'epsilon': 0.1, 'random_state': 1165, 'portion': 0.5, 'sequential': False}
(663, 22)
(663, 22)
(147, 22)
finished epoch 100
average loss: 21534152511.38345
finished epoch 200
average loss: 17755242.062708545
finished epoch 300
average loss: 4819491.800363501
finished epoch 400
average loss: 4838072.777679547
finished epoch 500
average loss: 2999985.610482469
test case 0
	 ['visit 10', 'visit 26', 'evaluation']
	# trees: 2 , real: 1 , pred: 1
test case 1
	 ['visit 10', 'visit 26', 'evaluation']
	# trees: 2 , real: 1 , pred: 3
test case 2
	 ['visit 10', 'visit 26', 'evaluation']
	# trees: 2 , real: 1 , pred: 1
test case 3
	 ['visit 10', 'visit 26', 'evaluation']
	# trees: 2 , real: 1 , pred: 1
test case 4
	 ['visit 10', 'visit 26', 'evaluation']
	# trees: 2 , real: 1 , pred: 1
test case 5
	 ['visit 10', 'visit 26', 'evaluation']
	# trees: 2 , real: 1 , pred: 1
test case 6
	 ['visit 10', 'visit 26', 'evaluation']
	# trees: 2 , real: 1 , pred: 1
test case 7
	 ['visit 10', 'visit 26', 'evaluation']
	# trees: 2 , real: 1 , pred: 2
test case 8
	 ['visit 10', 'visit 26', 'evaluation']
	# trees: 2 , real: 1 , pred: 2
test case 9
	 ['visit 10', 'visit 26', 'evaluation']
	# trees: 2 , real: 1 , pred: 2
test case 10
	 ['visit 10', 'visit 26', 'evaluation']
	# trees: 2 , real: 1 , pred: 3
test case 11
	 ['visit 10', 'visit 26', 'evaluation']
	# trees: 2 , real: 1 , pred: 2
test case 12
	 ['visit 10', 'visit 26', 'evaluation']
	# trees: 2 , real: 1 , pred: 3
test case 13
	 ['visit 10', 'visit 26', 'evaluation']
	# trees: 2 , real: 1 , pred: 1
test case 14
	 ['visit 10', 'visit 26', 'evaluation']
	# trees: 2 , real: 1 , pred: 1
test case 15
	 ['visit 10', 'visit 26', 'evaluation']
	# trees: 2 , real: 1 , pred: 1
test case 16
	 ['visit 10', 'visit 26', 'evaluation']
	# trees: 2 , real: 1 , pred: 2
test case 17
	 ['visit 10', 'visit 26', 'evaluation']
	# trees: 2 , real: 1 , pred: 2
test case 18
	 ['visit 10', 'visit 26', 'evaluation']
	# trees: 2 , real: 1 , pred: 3
test case 19
	 ['visit 10', 'visit 26', 'evaluation']
	# trees: 2 , real: 1 , pred: 1
test case 20
	 ['visit 10', 'visit 26', 'evaluation']
	# trees: 2 , real: 1 , pred: 3
test case 21
	 ['visit 10', 'visit 26', 'evaluation']
	# trees: 2 , real: 1 , pred: 1
test case 22
	 ['visit 10', 'visit 26', 'evaluation']
	# trees: 2 , real: 1 , pred: 1
test case 23
	 ['visit 10', 'visit 26', 'evaluation']
	# trees: 2 , real: 1 , pred: 1
test case 24
	 ['visit 10', 'visit 26', 'evaluation']
	# trees: 2 , real: 1 , pred: 3
test case 25
	 ['visit 10', 'visit 26', 'evaluation']
	# trees: 2 , real: 1 , pred: 3
test case 26
	 ['visit 10', 'visit 26', 'evaluation']
	# trees: 2 , real: 1 , pred: 1
test case 27
	 ['visit 10', 'visit 26', 'evaluation']
	# trees: 2 , real: 1 , pred: 3
test case 28
	 ['visit 10', 'visit 26', 'evaluation']
	# trees: 2 , real: 1 , pred: 1
test case 29
	 ['visit 10', 'visit 26', 'evaluation']
	# trees: 2 , real: 1 , pred: 3
test case 30
	 ['visit 10', 'visit 26', 'evaluation']
	# trees: 2 , real: 1 , pred: 3
test case 31
	 ['visit 10', 'visit 26', 'evaluation']
	# trees: 2 , real: 1 , pred: 3
test case 32
	 ['visit 10', 'visit 26', 'evaluation']
	# trees: 2 , real: 1 , pred: 1
test case 33
	 ['visit 10', 'visit 26', 'evaluation']
	# trees: 2 , real: 1 , pred: 3
test case 34
	 ['visit 10', 'visit 26', 'evaluation']
	# trees: 2 , real: 1 , pred: 3
test case 35
	 ['visit 10', 'visit 26', 'evaluation']
	# trees: 2 , real: 1 , pred: 1
test case 36
	 ['visit 10', 'visit 26', 'evaluation']
	# trees: 2 , real: 1 , pred: 3
test case 37
	 ['visit 10', 'visit 26', 'evaluation']
	# trees: 2 , real: 1 , pred: 1
test case 38
	 ['visit 10', 'visit 26', 'evaluation']
	# trees: 2 , real: 1 , pred: 2
test case 39
	 ['visit 10', 'visit 26', 'evaluation']
	# trees: 2 , real: 1 , pred: 1
test case 40
	 ['visit 10', 'visit 26', 'evaluation']
	# trees: 2 , real: 1 , pred: 1
test case 41
	 ['visit 10', 'visit 26', 'evaluation']
	# trees: 2 , real: 1 , pred: 2
test case 42
	 ['visit 10', 'visit 26', 'evaluation']
	# trees: 2 , real: 1 , pred: 3
test case 43
	 ['visit 10', 'visit 26', 'evaluation']
	# trees: 2 , real: 1 , pred: 1
test case 44
	 ['visit 10', 'visit 26', 'evaluation']
	# trees: 2 , real: 2 , pred: 1
test case 45
	 ['visit 10', 'visit 26', 'evaluation']
	# trees: 2 , real: 2 , pred: 2
test case 46
	 ['visit 10', 'visit 26', 'evaluation']
	# trees: 2 , real: 2 , pred: 3
test case 47
	 ['visit 10', 'visit 26', 'evaluation']
	# trees: 2 , real: 2 , pred: 1
test case 48
	 ['visit 10', 'visit 26', 'evaluation']
	# trees: 2 , real: 2 , pred: 3
test case 49
	 ['visit 10', 'visit 26', 'evaluation']
	# trees: 2 , real: 2 , pred: 2
test case 50
	 ['visit 10', 'visit 26', 'evaluation']
	# trees: 2 , real: 2 , pred: 3
test case 51
	 ['visit 10', 'visit 26', 'evaluation']
	# trees: 2 , real: 2 , pred: 2
test case 52
	 ['visit 10', 'visit 26', 'evaluation']
	# trees: 2 , real: 2 , pred: 3
test case 53
	 ['visit 10', 'visit 26', 'evaluation']
	# trees: 2 , real: 2 , pred: 2
test case 54
	 ['visit 10', 'visit 26', 'evaluation']
	# trees: 2 , real: 2 , pred: 3
test case 55
	 ['visit 10', 'visit 26', 'evaluation']
	# trees: 2 , real: 2 , pred: 2
test case 56
	 ['visit 10', 'visit 26', 'evaluation']
	# trees: 2 , real: 2 , pred: 2
test case 57
	 ['visit 10', 'visit 26', 'evaluation']
	# trees: 2 , real: 2 , pred: 2
test case 58
	 ['visit 10', 'visit 26', 'evaluation']
	# trees: 2 , real: 2 , pred: 3
test case 59
	 ['visit 10', 'visit 26', 'evaluation']
	# trees: 2 , real: 2 , pred: 2
test case 60
	 ['visit 10', 'visit 26', 'evaluation']
	# trees: 2 , real: 2 , pred: 3
test case 61
	 ['visit 10', 'visit 26', 'evaluation']
	# trees: 2 , real: 2 , pred: 3
test case 62
	 ['visit 10', 'visit 26', 'evaluation']
	# trees: 2 , real: 2 , pred: 2
test case 63
	 ['visit 10', 'visit 26', 'evaluation']
	# trees: 2 , real: 2 , pred: 2
test case 64
	 ['visit 10', 'visit 26', 'evaluation']
	# trees: 2 , real: 2 , pred: 3
test case 65
	 ['visit 10', 'visit 26', 'evaluation']
	# trees: 2 , real: 2 , pred: 2
test case 66
	 ['visit 10', 'visit 26', 'evaluation']
	# trees: 2 , real: 2 , pred: 3
test case 67
	 ['visit 10', 'visit 26', 'evaluation']
	# trees: 2 , real: 2 , pred: 1
test case 68
	 ['visit 10', 'visit 26', 'evaluation']
	# trees: 2 , real: 2 , pred: 2
test case 69
	 ['visit 10', 'visit 26', 'evaluation']
	# trees: 2 , real: 2 , pred: 3
test case 70
	 ['visit 10', 'visit 26', 'evaluation']
	# trees: 2 , real: 2 , pred: 3
test case 71
	 ['visit 10', 'visit 26', 'evaluation']
	# trees: 2 , real: 3 , pred: 3
test case 72
	 ['visit 10', 'visit 26', 'evaluation']
	# trees: 2 , real: 3 , pred: 3
test case 73
	 ['visit 10', 'visit 26', 'evaluation']
	# trees: 2 , real: 3 , pred: 3
test case 74
	 ['visit 10', 'visit 26', 'evaluation']
	# trees: 2 , real: 3 , pred: 3
test case 75
	 ['visit 10', 'visit 26', 'evaluation']
	# trees: 2 , real: 3 , pred: 1
test case 76
	 ['visit 10', 'visit 26', 'evaluation']
	# trees: 2 , real: 3 , pred: 1
test case 77
	 ['visit 10', 'visit 26', 'evaluation']
	# trees: 2 , real: 3 , pred: 3
test case 78
	 ['visit 10', 'visit 26', 'evaluation']
	# trees: 2 , real: 3 , pred: 1
test case 79
	 ['visit 10', 'visit 26', 'evaluation']
	# trees: 2 , real: 3 , pred: 3
test case 80
	 ['visit 10', 'visit 26', 'evaluation']
	# trees: 2 , real: 3 , pred: 2
test case 81
	 ['visit 10', 'visit 26', 'evaluation']
	# trees: 2 , real: 3 , pred: 2
test case 82
	 ['visit 10', 'visit 26', 'evaluation']
	# trees: 2 , real: 3 , pred: 2
test case 83
	 ['visit 10', 'visit 26', 'evaluation']
	# trees: 2 , real: 3 , pred: 1
test case 84
	 ['visit 10', 'visit 26', 'evaluation']
	# trees: 2 , real: 3 , pred: 1
test case 85
	 ['visit 10', 'visit 26', 'evaluation']
	# trees: 2 , real: 3 , pred: 1
test case 86
	 ['visit 10', 'visit 26', 'evaluation']
	# trees: 2 , real: 3 , pred: 2
test case 87
	 ['visit 10', 'visit 26', 'evaluation']
	# trees: 2 , real: 3 , pred: 2
test case 88
	 ['visit 10', 'visit 26', 'evaluation']
	# trees: 2 , real: 3 , pred: 2
test case 89
	 ['visit 10', 'visit 26', 'evaluation']
	# trees: 2 , real: 3 , pred: 3
test case 90
	 ['visit 10', 'visit 26', 'evaluation']
	# trees: 2 , real: 3 , pred: 3
test case 91
	 ['visit 10', 'visit 26', 'evaluation']
	# trees: 2 , real: 3 , pred: 3
test case 92
	 ['visit 10', 'visit 26', 'evaluation']
	# trees: 2 , real: 3 , pred: 2
test case 93
	 ['visit 10', 'visit 26', 'evaluation']
	# trees: 2 , real: 3 , pred: 1
test case 94
	 ['visit 10', 'visit 26', 'evaluation']
	# trees: 2 , real: 3 , pred: 3
test case 95
	 ['visit 10', 'visit 26', 'evaluation']
	# trees: 2 , real: 3 , pred: 3
test case 96
	 ['visit 10', 'visit 26', 'evaluation']
	# trees: 2 , real: 3 , pred: 1
test case 97
	 ['visit 10', 'visit 26', 'evaluation']
	# trees: 2 , real: 3 , pred: 3
test case 98
	 ['visit 10', 'visit 26', 'evaluation']
	# trees: 2 , real: 3 , pred: 3
test case 99
	 ['visit 10', 'visit 26', 'evaluation']
	# trees: 2 , real: 3 , pred: 2
test case 100
	 ['visit 10', 'visit 26', 'evaluation']
	# trees: 2 , real: 3 , pred: 3
test case 101
	 ['visit 10', 'visit 26', 'evaluation']
	# trees: 2 , real: 3 , pred: 3
test case 102
	 ['visit 10', 'visit 26', 'evaluation']
	# trees: 2 , real: 3 , pred: 2
test case 103
	 ['visit 10', 'visit 26', 'evaluation']
	# trees: 2 , real: 3 , pred: 3
test case 104
	 ['visit 10', 'visit 26', 'evaluation']
	# trees: 2 , real: 3 , pred: 2
test case 105
	 ['visit 10', 'visit 26', 'evaluation']
	# trees: 2 , real: 3 , pred: 2
test case 106
	 ['visit 10', 'visit 26', 'evaluation']
	# trees: 2 , real: 3 , pred: 1
test case 107
	 ['visit 10', 'visit 26', 'evaluation']
	# trees: 2 , real: 3 , pred: 1
test case 108
	 ['visit 10', 'visit 26', 'evaluation']
	# trees: 2 , real: 3 , pred: 2
test case 109
	 ['visit 10', 'visit 26', 'evaluation']
	# trees: 2 , real: 3 , pred: 2
test case 110
	 ['visit 10', 'visit 26', 'evaluation']
	# trees: 2 , real: 3 , pred: 1
test case 111
	 ['visit 10', 'visit 26', 'evaluation']
	# trees: 2 , real: 3 , pred: 3
test case 112
	 ['visit 10', 'visit 26', 'evaluation']
	# trees: 2 , real: 3 , pred: 2
test case 113
	 ['visit 10', 'visit 26', 'evaluation']
	# trees: 2 , real: 1 , pred: 1
test case 114
	 ['visit 10', 'visit 26', 'evaluation']
	# trees: 2 , real: 1 , pred: 1
test case 115
	 ['visit 10', 'visit 26', 'evaluation']
	# trees: 2 , real: 1 , pred: 2
test case 116
	 ['visit 10', 'visit 26', 'evaluation']
	# trees: 2 , real: 1 , pred: 2
test case 117
	 ['visit 10', 'visit 26', 'evaluation']
	# trees: 2 , real: 1 , pred: 2
test case 118
	 ['visit 10', 'visit 26', 'evaluation']
	# trees: 2 , real: 1 , pred: 1
test case 119
	 ['visit 10', 'visit 26', 'evaluation']
	# trees: 2 , real: 1 , pred: 1
test case 120
	 ['visit 10', 'visit 26', 'evaluation']
	# trees: 2 , real: 1 , pred: 2
test case 121
	 ['visit 10', 'visit 26', 'evaluation']
	# trees: 2 , real: 1 , pred: 1
test case 122
	 ['visit 10', 'visit 26', 'evaluation']
	# trees: 2 , real: 1 , pred: 3
test case 123
	 ['visit 10', 'visit 26', 'evaluation']
	# trees: 2 , real: 1 , pred: 1
test case 124
	 ['visit 10', 'visit 26', 'evaluation']
	# trees: 2 , real: 1 , pred: 1
test case 125
	 ['visit 10', 'visit 26', 'evaluation']
	# trees: 2 , real: 2 , pred: 1
test case 126
	 ['visit 10', 'visit 26', 'evaluation']
	# trees: 2 , real: 2 , pred: 2
test case 127
	 ['visit 10', 'visit 26', 'evaluation']
	# trees: 2 , real: 2 , pred: 1
test case 128
	 ['visit 10', 'visit 26', 'evaluation']
	# trees: 2 , real: 2 , pred: 3
test case 129
	 ['visit 10', 'visit 26', 'evaluation']
	# trees: 2 , real: 2 , pred: 2
test case 130
	 ['visit 10', 'visit 26', 'evaluation']
	# trees: 2 , real: 2 , pred: 3
test case 131
	 ['visit 10', 'visit 26', 'evaluation']
	# trees: 2 , real: 2 , pred: 1
test case 132
	 ['visit 10', 'visit 26', 'evaluation']
	# trees: 2 , real: 2 , pred: 2
test case 133
	 ['visit 10', 'visit 26', 'evaluation']
	# trees: 2 , real: 2 , pred: 1
test case 134
	 ['visit 10', 'visit 26', 'evaluation']
	# trees: 2 , real: 2 , pred: 3
test case 135
	 ['visit 10', 'visit 26', 'evaluation']
	# trees: 2 , real: 2 , pred: 2
test case 136
	 ['visit 10', 'visit 26', 'evaluation']
	# trees: 2 , real: 3 , pred: 1
test case 137
	 ['visit 10', 'visit 26', 'evaluation']
	# trees: 2 , real: 3 , pred: 2
test case 138
	 ['visit 10', 'visit 26', 'evaluation']
	# trees: 2 , real: 3 , pred: 2
test case 139
	 ['visit 10', 'visit 26', 'evaluation']
	# trees: 2 , real: 3 , pred: 3
test case 140
	 ['visit 10', 'visit 26', 'evaluation']
	# trees: 2 , real: 3 , pred: 3
test case 141
	 ['visit 10', 'visit 26', 'evaluation']
	# trees: 2 , real: 3 , pred: 1
test case 142
	 ['visit 10', 'visit 26', 'evaluation']
	# trees: 2 , real: 3 , pred: 2
test case 143
	 ['visit 10', 'visit 26', 'evaluation']
	# trees: 2 , real: 3 , pred: 3
test case 144
	 ['visit 10', 'visit 26', 'evaluation']
	# trees: 2 , real: 3 , pred: 2
test case 145
	 ['visit 10', 'visit 26', 'evaluation']
	# trees: 2 , real: 3 , pred: 1
test case 146
	 ['visit 10', 'visit 26', 'evaluation']
	# trees: 2 , real: 3 , pred: 3
[[12  9 17]
 [ 5 25 26]
 [13 17 23]]
[[12  9 17]
 [ 6 25 25]
 [13 17 23]]
[[16  7 15]
 [12 28 16]
 [18 14 21]]
(0.40816326530612246, 0.41289364230540704, 0.3987267697545751, 0.40226183931516535)
(0.40816326530612246, 0.4103796688236916, 0.3987267697545751, 0.40164877168575547)
(0.4421768707482993, 0.4410336040770823, 0.43909301555776237, 0.4380952380952381)
