{'dataset': 'cmc', 'algorithm': 'dqn', 'num_clf': 20, 'num_training': 500, 'learning_rate': 0.01, 'discount_factor': 0.99, 'epsilon': 0.1, 'random_state': 6704, 'portion': 0.5, 'sequential': False}
(663, 22)
(663, 22)
(147, 22)
finished epoch 100
average loss: 771650.5385565019
finished epoch 200
average loss: 2529.2548205049934
finished epoch 300
average loss: 313.651677585465
finished epoch 400
average loss: 1335.0285799898325
finished epoch 500
average loss: 135.94505017787213
test case 0
	 ['visit 11', 'visit 17', 'visit 15', 'visit 14', 'visit 10', 'visit 6', 'visit 5', 'visit 0', 'visit 2', 'visit 19', 'visit 12', 'visit 4', 'visit 9', 'visit 7', 'visit 3', 'visit 18', 'visit 1', 'visit 13', 'visit 8', 'visit 16', 'evaluation']
	# trees: 20 , real: 1 , pred: 3
test case 1
	 ['visit 11', 'visit 17', 'visit 15', 'visit 14', 'visit 10', 'visit 6', 'visit 5', 'visit 0', 'visit 2', 'visit 19', 'visit 12', 'visit 4', 'visit 9', 'visit 7', 'visit 3', 'visit 18', 'visit 1', 'visit 13', 'visit 8', 'visit 16', 'evaluation']
	# trees: 20 , real: 1 , pred: 1
test case 2
	 ['visit 11', 'visit 17', 'visit 15', 'visit 14', 'visit 10', 'visit 6', 'visit 5', 'visit 0', 'visit 2', 'visit 19', 'visit 12', 'visit 4', 'visit 9', 'visit 7', 'visit 3', 'visit 18', 'visit 1', 'visit 13', 'visit 8', 'visit 16', 'evaluation']
	# trees: 20 , real: 1 , pred: 1
test case 3
	 ['visit 11', 'visit 17', 'visit 15', 'visit 14', 'visit 10', 'visit 6', 'visit 5', 'visit 0', 'visit 2', 'visit 19', 'visit 12', 'visit 4', 'visit 9', 'visit 7', 'visit 3', 'visit 18', 'visit 1', 'visit 13', 'visit 8', 'visit 16', 'evaluation']
	# trees: 20 , real: 1 , pred: 1
test case 4
	 ['visit 11', 'visit 17', 'visit 15', 'visit 14', 'visit 10', 'visit 6', 'visit 5', 'visit 0', 'visit 2', 'visit 19', 'visit 12', 'visit 4', 'visit 9', 'visit 7', 'visit 3', 'visit 18', 'visit 1', 'visit 13', 'visit 8', 'visit 16', 'evaluation']
	# trees: 20 , real: 1 , pred: 1
test case 5
	 ['visit 11', 'visit 17', 'visit 15', 'visit 14', 'visit 10', 'visit 6', 'visit 5', 'visit 0', 'visit 2', 'visit 19', 'visit 12', 'visit 4', 'visit 9', 'visit 7', 'visit 3', 'visit 18', 'visit 1', 'visit 13', 'visit 8', 'visit 16', 'evaluation']
	# trees: 20 , real: 1 , pred: 1
test case 6
	 ['visit 11', 'visit 17', 'visit 15', 'visit 14', 'visit 10', 'visit 6', 'visit 5', 'visit 0', 'visit 2', 'visit 19', 'visit 12', 'visit 4', 'visit 9', 'visit 7', 'visit 3', 'visit 18', 'visit 1', 'visit 13', 'visit 8', 'visit 16', 'evaluation']
	# trees: 20 , real: 1 , pred: 1
test case 7
	 ['visit 11', 'visit 17', 'visit 15', 'visit 14', 'visit 10', 'visit 6', 'visit 5', 'visit 0', 'visit 2', 'visit 19', 'visit 12', 'visit 4', 'visit 9', 'visit 7', 'visit 3', 'visit 18', 'visit 1', 'visit 13', 'visit 8', 'visit 16', 'evaluation']
	# trees: 20 , real: 1 , pred: 1
test case 8
	 ['visit 11', 'visit 17', 'visit 15', 'visit 14', 'visit 10', 'visit 6', 'visit 5', 'visit 0', 'visit 2', 'visit 19', 'visit 12', 'visit 4', 'visit 9', 'visit 7', 'visit 3', 'visit 18', 'visit 1', 'visit 13', 'visit 8', 'visit 16', 'evaluation']
	# trees: 20 , real: 1 , pred: 1
test case 9
	 ['visit 11', 'visit 17', 'visit 15', 'visit 14', 'visit 10', 'visit 6', 'visit 5', 'visit 0', 'visit 2', 'visit 19', 'visit 12', 'visit 4', 'visit 9', 'visit 7', 'visit 3', 'visit 18', 'visit 1', 'visit 13', 'visit 8', 'visit 16', 'evaluation']
	# trees: 20 , real: 1 , pred: 1
test case 10
	 ['visit 11', 'visit 17', 'visit 15', 'visit 14', 'visit 10', 'visit 6', 'visit 5', 'visit 0', 'visit 2', 'visit 19', 'visit 12', 'visit 4', 'visit 9', 'visit 7', 'visit 3', 'visit 18', 'visit 1', 'visit 13', 'visit 8', 'visit 16', 'evaluation']
	# trees: 20 , real: 1 , pred: 1
test case 11
	 ['visit 11', 'visit 17', 'visit 15', 'visit 14', 'visit 10', 'visit 6', 'visit 5', 'visit 0', 'visit 2', 'visit 19', 'visit 12', 'visit 4', 'visit 9', 'visit 7', 'visit 3', 'visit 18', 'visit 1', 'visit 13', 'visit 8', 'visit 16', 'evaluation']
	# trees: 20 , real: 1 , pred: 1
test case 12
	 ['visit 11', 'visit 17', 'visit 15', 'visit 14', 'visit 10', 'visit 6', 'visit 5', 'visit 0', 'visit 2', 'visit 19', 'visit 12', 'visit 4', 'visit 9', 'visit 7', 'visit 3', 'visit 18', 'visit 1', 'visit 13', 'visit 8', 'visit 16', 'evaluation']
	# trees: 20 , real: 1 , pred: 1
test case 13
	 ['visit 11', 'visit 17', 'visit 15', 'visit 14', 'visit 10', 'visit 6', 'visit 5', 'visit 0', 'visit 2', 'visit 19', 'visit 12', 'visit 4', 'visit 9', 'visit 7', 'visit 3', 'visit 18', 'visit 1', 'visit 13', 'visit 8', 'visit 16', 'evaluation']
	# trees: 20 , real: 1 , pred: 3
test case 14
	 ['visit 11', 'visit 17', 'visit 15', 'visit 14', 'visit 10', 'visit 6', 'visit 5', 'visit 0', 'visit 2', 'visit 19', 'visit 12', 'visit 4', 'visit 9', 'visit 7', 'visit 3', 'visit 18', 'visit 1', 'visit 13', 'visit 8', 'visit 16', 'evaluation']
	# trees: 20 , real: 1 , pred: 1
test case 15
	 ['visit 11', 'visit 17', 'visit 15', 'visit 14', 'visit 10', 'visit 6', 'visit 5', 'visit 0', 'visit 2', 'visit 19', 'visit 12', 'visit 4', 'visit 9', 'visit 7', 'visit 3', 'visit 18', 'visit 1', 'visit 13', 'visit 8', 'visit 16', 'evaluation']
	# trees: 20 , real: 1 , pred: 1
test case 16
	 ['visit 11', 'visit 17', 'visit 15', 'visit 14', 'visit 10', 'visit 6', 'visit 5', 'visit 0', 'visit 2', 'visit 19', 'visit 12', 'visit 4', 'visit 9', 'visit 7', 'visit 3', 'visit 18', 'visit 1', 'visit 13', 'visit 8', 'visit 16', 'evaluation']
	# trees: 20 , real: 1 , pred: 3
test case 17
	 ['visit 11', 'visit 17', 'visit 15', 'visit 14', 'visit 10', 'visit 6', 'visit 5', 'visit 0', 'visit 2', 'visit 19', 'visit 12', 'visit 4', 'visit 9', 'visit 7', 'visit 3', 'visit 18', 'visit 1', 'visit 13', 'visit 8', 'visit 16', 'evaluation']
	# trees: 20 , real: 1 , pred: 1
test case 18
	 ['visit 11', 'visit 17', 'visit 15', 'visit 14', 'visit 10', 'visit 6', 'visit 5', 'visit 0', 'visit 2', 'visit 19', 'visit 12', 'visit 4', 'visit 9', 'visit 7', 'visit 3', 'visit 18', 'visit 1', 'visit 13', 'visit 8', 'visit 16', 'evaluation']
	# trees: 20 , real: 1 , pred: 2
test case 19
	 ['visit 11', 'visit 17', 'visit 15', 'visit 14', 'visit 10', 'visit 6', 'visit 5', 'visit 0', 'visit 2', 'visit 19', 'visit 12', 'visit 4', 'visit 9', 'visit 7', 'visit 3', 'visit 18', 'visit 1', 'visit 13', 'visit 8', 'visit 16', 'evaluation']
	# trees: 20 , real: 1 , pred: 1
test case 20
	 ['visit 11', 'visit 17', 'visit 15', 'visit 14', 'visit 10', 'visit 6', 'visit 5', 'visit 0', 'visit 2', 'visit 19', 'visit 12', 'visit 4', 'visit 9', 'visit 7', 'visit 3', 'visit 18', 'visit 1', 'visit 13', 'visit 8', 'visit 16', 'evaluation']
	# trees: 20 , real: 1 , pred: 1
test case 21
	 ['visit 11', 'visit 17', 'visit 15', 'visit 14', 'visit 10', 'visit 6', 'visit 5', 'visit 0', 'visit 2', 'visit 19', 'visit 12', 'visit 4', 'visit 9', 'visit 7', 'visit 3', 'visit 18', 'visit 1', 'visit 13', 'visit 8', 'visit 16', 'evaluation']
	# trees: 20 , real: 1 , pred: 1
test case 22
	 ['visit 11', 'visit 17', 'visit 15', 'visit 14', 'visit 10', 'visit 6', 'visit 5', 'visit 0', 'visit 2', 'visit 19', 'visit 12', 'visit 4', 'visit 9', 'visit 7', 'visit 3', 'visit 18', 'visit 1', 'visit 13', 'visit 8', 'visit 16', 'evaluation']
	# trees: 20 , real: 1 , pred: 1
test case 23
	 ['visit 11', 'visit 17', 'visit 15', 'visit 14', 'visit 10', 'visit 6', 'visit 5', 'visit 0', 'visit 2', 'visit 19', 'visit 12', 'visit 4', 'visit 9', 'visit 7', 'visit 3', 'visit 18', 'visit 1', 'visit 13', 'visit 8', 'visit 16', 'evaluation']
	# trees: 20 , real: 1 , pred: 1
test case 24
	 ['visit 11', 'visit 17', 'visit 15', 'visit 14', 'visit 10', 'visit 6', 'visit 5', 'visit 0', 'visit 2', 'visit 19', 'visit 12', 'visit 4', 'visit 9', 'visit 7', 'visit 3', 'visit 18', 'visit 1', 'visit 13', 'visit 8', 'visit 16', 'evaluation']
	# trees: 20 , real: 1 , pred: 1
test case 25
	 ['visit 11', 'visit 17', 'visit 15', 'visit 14', 'visit 10', 'visit 6', 'visit 5', 'visit 0', 'visit 2', 'visit 19', 'visit 12', 'visit 4', 'visit 9', 'visit 7', 'visit 3', 'visit 18', 'visit 1', 'visit 13', 'visit 8', 'visit 16', 'evaluation']
	# trees: 20 , real: 1 , pred: 1
test case 26
	 ['visit 11', 'visit 17', 'visit 15', 'visit 14', 'visit 10', 'visit 6', 'visit 5', 'visit 0', 'visit 2', 'visit 19', 'visit 12', 'visit 4', 'visit 9', 'visit 7', 'visit 3', 'visit 18', 'visit 1', 'visit 13', 'visit 8', 'visit 16', 'evaluation']
	# trees: 20 , real: 1 , pred: 1
test case 27
	 ['visit 11', 'visit 17', 'visit 15', 'visit 14', 'visit 10', 'visit 6', 'visit 5', 'visit 0', 'visit 2', 'visit 19', 'visit 12', 'visit 4', 'visit 9', 'visit 7', 'visit 3', 'visit 18', 'visit 1', 'visit 13', 'visit 8', 'visit 16', 'evaluation']
	# trees: 20 , real: 1 , pred: 2
test case 28
	 ['visit 11', 'visit 17', 'visit 15', 'visit 14', 'visit 10', 'visit 6', 'visit 5', 'visit 0', 'visit 2', 'visit 19', 'visit 12', 'visit 4', 'visit 9', 'visit 7', 'visit 3', 'visit 18', 'visit 1', 'visit 13', 'visit 8', 'visit 16', 'evaluation']
	# trees: 20 , real: 1 , pred: 1
test case 29
	 ['visit 11', 'visit 17', 'visit 15', 'visit 14', 'visit 10', 'visit 6', 'visit 5', 'visit 0', 'visit 2', 'visit 19', 'visit 12', 'visit 4', 'visit 9', 'visit 7', 'visit 3', 'visit 18', 'visit 1', 'visit 13', 'visit 8', 'visit 16', 'evaluation']
	# trees: 20 , real: 1 , pred: 3
test case 30
	 ['visit 11', 'visit 17', 'visit 15', 'visit 14', 'visit 10', 'visit 6', 'visit 5', 'visit 0', 'visit 2', 'visit 19', 'visit 12', 'visit 4', 'visit 9', 'visit 7', 'visit 3', 'visit 18', 'visit 1', 'visit 13', 'visit 8', 'visit 16', 'evaluation']
	# trees: 20 , real: 1 , pred: 1
test case 31
	 ['visit 11', 'visit 17', 'visit 15', 'visit 14', 'visit 10', 'visit 6', 'visit 5', 'visit 0', 'visit 2', 'visit 19', 'visit 12', 'visit 4', 'visit 9', 'visit 7', 'visit 3', 'visit 18', 'visit 1', 'visit 13', 'visit 8', 'visit 16', 'evaluation']
	# trees: 20 , real: 1 , pred: 1
test case 32
	 ['visit 11', 'visit 17', 'visit 15', 'visit 14', 'visit 10', 'visit 6', 'visit 5', 'visit 0', 'visit 2', 'visit 19', 'visit 12', 'visit 4', 'visit 9', 'visit 7', 'visit 3', 'visit 18', 'visit 1', 'visit 13', 'visit 8', 'visit 16', 'evaluation']
	# trees: 20 , real: 1 , pred: 1
test case 33
	 ['visit 11', 'visit 17', 'visit 15', 'visit 14', 'visit 10', 'visit 6', 'visit 5', 'visit 0', 'visit 2', 'visit 19', 'visit 12', 'visit 4', 'visit 9', 'visit 7', 'visit 3', 'visit 18', 'visit 1', 'visit 13', 'visit 8', 'visit 16', 'evaluation']
	# trees: 20 , real: 1 , pred: 1
test case 34
	 ['visit 11', 'visit 17', 'visit 15', 'visit 14', 'visit 10', 'visit 6', 'visit 5', 'visit 0', 'visit 2', 'visit 19', 'visit 12', 'visit 4', 'visit 9', 'visit 7', 'visit 3', 'visit 18', 'visit 1', 'visit 13', 'visit 8', 'visit 16', 'evaluation']
	# trees: 20 , real: 1 , pred: 1
test case 35
	 ['visit 11', 'visit 17', 'visit 15', 'visit 14', 'visit 10', 'visit 6', 'visit 5', 'visit 0', 'visit 2', 'visit 19', 'visit 12', 'visit 4', 'visit 9', 'visit 7', 'visit 3', 'visit 18', 'visit 1', 'visit 13', 'visit 8', 'visit 16', 'evaluation']
	# trees: 20 , real: 1 , pred: 2
test case 36
	 ['visit 11', 'visit 17', 'visit 15', 'visit 14', 'visit 10', 'visit 6', 'visit 5', 'visit 0', 'visit 2', 'visit 19', 'visit 12', 'visit 4', 'visit 9', 'visit 7', 'visit 3', 'visit 18', 'visit 1', 'visit 13', 'visit 8', 'visit 16', 'evaluation']
	# trees: 20 , real: 1 , pred: 1
test case 37
	 ['visit 11', 'visit 17', 'visit 15', 'visit 14', 'visit 10', 'visit 6', 'visit 5', 'visit 0', 'visit 2', 'visit 19', 'visit 12', 'visit 4', 'visit 9', 'visit 7', 'visit 3', 'visit 18', 'visit 1', 'visit 13', 'visit 8', 'visit 16', 'evaluation']
	# trees: 20 , real: 1 , pred: 2
test case 38
	 ['visit 11', 'visit 17', 'visit 15', 'visit 14', 'visit 10', 'visit 6', 'visit 5', 'visit 0', 'visit 2', 'visit 19', 'visit 12', 'visit 4', 'visit 9', 'visit 7', 'visit 3', 'visit 18', 'visit 1', 'visit 13', 'visit 8', 'visit 16', 'evaluation']
	# trees: 20 , real: 1 , pred: 1
test case 39
	 ['visit 11', 'visit 17', 'visit 15', 'visit 14', 'visit 10', 'visit 6', 'visit 5', 'visit 0', 'visit 2', 'visit 19', 'visit 12', 'visit 4', 'visit 9', 'visit 7', 'visit 3', 'visit 18', 'visit 1', 'visit 13', 'visit 8', 'visit 16', 'evaluation']
	# trees: 20 , real: 1 , pred: 1
test case 40
	 ['visit 11', 'visit 17', 'visit 15', 'visit 14', 'visit 10', 'visit 6', 'visit 5', 'visit 0', 'visit 2', 'visit 19', 'visit 12', 'visit 4', 'visit 9', 'visit 7', 'visit 3', 'visit 18', 'visit 1', 'visit 13', 'visit 8', 'visit 16', 'evaluation']
	# trees: 20 , real: 1 , pred: 1
test case 41
	 ['visit 11', 'visit 17', 'visit 15', 'visit 14', 'visit 10', 'visit 6', 'visit 5', 'visit 0', 'visit 2', 'visit 19', 'visit 12', 'visit 4', 'visit 9', 'visit 7', 'visit 3', 'visit 18', 'visit 1', 'visit 13', 'visit 8', 'visit 16', 'evaluation']
	# trees: 20 , real: 1 , pred: 1
test case 42
	 ['visit 11', 'visit 17', 'visit 15', 'visit 14', 'visit 10', 'visit 6', 'visit 5', 'visit 0', 'visit 2', 'visit 19', 'visit 12', 'visit 4', 'visit 9', 'visit 7', 'visit 3', 'visit 18', 'visit 1', 'visit 13', 'visit 8', 'visit 16', 'evaluation']
	# trees: 20 , real: 1 , pred: 1
test case 43
	 ['visit 11', 'visit 17', 'visit 15', 'visit 14', 'visit 10', 'visit 6', 'visit 5', 'visit 0', 'visit 2', 'visit 19', 'visit 12', 'visit 4', 'visit 9', 'visit 7', 'visit 3', 'visit 18', 'visit 1', 'visit 13', 'visit 8', 'visit 16', 'evaluation']
	# trees: 20 , real: 1 , pred: 1
test case 44
	 ['visit 11', 'visit 17', 'visit 15', 'visit 14', 'visit 10', 'visit 6', 'visit 5', 'visit 0', 'visit 2', 'visit 19', 'visit 12', 'visit 4', 'visit 9', 'visit 7', 'visit 3', 'visit 18', 'visit 1', 'visit 13', 'visit 8', 'visit 16', 'evaluation']
	# trees: 20 , real: 1 , pred: 1
test case 45
	 ['visit 11', 'visit 17', 'visit 15', 'visit 14', 'visit 10', 'visit 6', 'visit 5', 'visit 0', 'visit 2', 'visit 19', 'visit 12', 'visit 4', 'visit 9', 'visit 7', 'visit 3', 'visit 18', 'visit 1', 'visit 13', 'visit 8', 'visit 16', 'evaluation']
	# trees: 20 , real: 1 , pred: 1
test case 46
	 ['visit 11', 'visit 17', 'visit 15', 'visit 14', 'visit 10', 'visit 6', 'visit 5', 'visit 0', 'visit 2', 'visit 19', 'visit 12', 'visit 4', 'visit 9', 'visit 7', 'visit 3', 'visit 18', 'visit 1', 'visit 13', 'visit 8', 'visit 16', 'evaluation']
	# trees: 20 , real: 2 , pred: 2
test case 47
	 ['visit 11', 'visit 17', 'visit 15', 'visit 14', 'visit 10', 'visit 6', 'visit 5', 'visit 0', 'visit 2', 'visit 19', 'visit 12', 'visit 4', 'visit 9', 'visit 7', 'visit 3', 'visit 18', 'visit 1', 'visit 13', 'visit 8', 'visit 16', 'evaluation']
	# trees: 20 , real: 2 , pred: 1
test case 48
	 ['visit 11', 'visit 17', 'visit 15', 'visit 14', 'visit 10', 'visit 6', 'visit 5', 'visit 0', 'visit 2', 'visit 19', 'visit 12', 'visit 4', 'visit 9', 'visit 7', 'visit 3', 'visit 18', 'visit 1', 'visit 13', 'visit 8', 'visit 16', 'evaluation']
	# trees: 20 , real: 2 , pred: 1
test case 49
	 ['visit 11', 'visit 17', 'visit 15', 'visit 14', 'visit 10', 'visit 6', 'visit 5', 'visit 0', 'visit 2', 'visit 19', 'visit 12', 'visit 4', 'visit 9', 'visit 7', 'visit 3', 'visit 18', 'visit 1', 'visit 13', 'visit 8', 'visit 16', 'evaluation']
	# trees: 20 , real: 2 , pred: 2
test case 50
	 ['visit 11', 'visit 17', 'visit 15', 'visit 14', 'visit 10', 'visit 6', 'visit 5', 'visit 0', 'visit 2', 'visit 19', 'visit 12', 'visit 4', 'visit 9', 'visit 7', 'visit 3', 'visit 18', 'visit 1', 'visit 13', 'visit 8', 'visit 16', 'evaluation']
	# trees: 20 , real: 2 , pred: 3
test case 51
	 ['visit 11', 'visit 17', 'visit 15', 'visit 14', 'visit 10', 'visit 6', 'visit 5', 'visit 0', 'visit 2', 'visit 19', 'visit 12', 'visit 4', 'visit 9', 'visit 7', 'visit 3', 'visit 18', 'visit 1', 'visit 13', 'visit 8', 'visit 16', 'evaluation']
	# trees: 20 , real: 2 , pred: 2
test case 52
	 ['visit 11', 'visit 17', 'visit 15', 'visit 14', 'visit 10', 'visit 6', 'visit 5', 'visit 0', 'visit 2', 'visit 19', 'visit 12', 'visit 4', 'visit 9', 'visit 7', 'visit 3', 'visit 18', 'visit 1', 'visit 13', 'visit 8', 'visit 16', 'evaluation']
	# trees: 20 , real: 2 , pred: 2
test case 53
	 ['visit 11', 'visit 17', 'visit 15', 'visit 14', 'visit 10', 'visit 6', 'visit 5', 'visit 0', 'visit 2', 'visit 19', 'visit 12', 'visit 4', 'visit 9', 'visit 7', 'visit 3', 'visit 18', 'visit 1', 'visit 13', 'visit 8', 'visit 16', 'evaluation']
	# trees: 20 , real: 2 , pred: 2
test case 54
	 ['visit 11', 'visit 17', 'visit 15', 'visit 14', 'visit 10', 'visit 6', 'visit 5', 'visit 0', 'visit 2', 'visit 19', 'visit 12', 'visit 4', 'visit 9', 'visit 7', 'visit 3', 'visit 18', 'visit 1', 'visit 13', 'visit 8', 'visit 16', 'evaluation']
	# trees: 20 , real: 2 , pred: 1
test case 55
	 ['visit 11', 'visit 17', 'visit 15', 'visit 14', 'visit 10', 'visit 6', 'visit 5', 'visit 0', 'visit 2', 'visit 19', 'visit 12', 'visit 4', 'visit 9', 'visit 7', 'visit 3', 'visit 18', 'visit 1', 'visit 13', 'visit 8', 'visit 16', 'evaluation']
	# trees: 20 , real: 2 , pred: 3
test case 56
	 ['visit 11', 'visit 17', 'visit 15', 'visit 14', 'visit 10', 'visit 6', 'visit 5', 'visit 0', 'visit 2', 'visit 19', 'visit 12', 'visit 4', 'visit 9', 'visit 7', 'visit 3', 'visit 18', 'visit 1', 'visit 13', 'visit 8', 'visit 16', 'evaluation']
	# trees: 20 , real: 2 , pred: 1
test case 57
	 ['visit 11', 'visit 17', 'visit 15', 'visit 14', 'visit 10', 'visit 6', 'visit 5', 'visit 0', 'visit 2', 'visit 19', 'visit 12', 'visit 4', 'visit 9', 'visit 7', 'visit 3', 'visit 18', 'visit 1', 'visit 13', 'visit 8', 'visit 16', 'evaluation']
	# trees: 20 , real: 2 , pred: 1
test case 58
	 ['visit 11', 'visit 17', 'visit 15', 'visit 14', 'visit 10', 'visit 6', 'visit 5', 'visit 0', 'visit 2', 'visit 19', 'visit 12', 'visit 4', 'visit 9', 'visit 7', 'visit 3', 'visit 18', 'visit 1', 'visit 13', 'visit 8', 'visit 16', 'evaluation']
	# trees: 20 , real: 2 , pred: 3
test case 59
	 ['visit 11', 'visit 17', 'visit 15', 'visit 14', 'visit 10', 'visit 6', 'visit 5', 'visit 0', 'visit 2', 'visit 19', 'visit 12', 'visit 4', 'visit 9', 'visit 7', 'visit 3', 'visit 18', 'visit 1', 'visit 13', 'visit 8', 'visit 16', 'evaluation']
	# trees: 20 , real: 2 , pred: 3
test case 60
	 ['visit 11', 'visit 17', 'visit 15', 'visit 14', 'visit 10', 'visit 6', 'visit 5', 'visit 0', 'visit 2', 'visit 19', 'visit 12', 'visit 4', 'visit 9', 'visit 7', 'visit 3', 'visit 18', 'visit 1', 'visit 13', 'visit 8', 'visit 16', 'evaluation']
	# trees: 20 , real: 2 , pred: 2
test case 61
	 ['visit 11', 'visit 17', 'visit 15', 'visit 14', 'visit 10', 'visit 6', 'visit 5', 'visit 0', 'visit 2', 'visit 19', 'visit 12', 'visit 4', 'visit 9', 'visit 7', 'visit 3', 'visit 18', 'visit 1', 'visit 13', 'visit 8', 'visit 16', 'evaluation']
	# trees: 20 , real: 2 , pred: 1
test case 62
	 ['visit 11', 'visit 17', 'visit 15', 'visit 14', 'visit 10', 'visit 6', 'visit 5', 'visit 0', 'visit 2', 'visit 19', 'visit 12', 'visit 4', 'visit 9', 'visit 7', 'visit 3', 'visit 18', 'visit 1', 'visit 13', 'visit 8', 'visit 16', 'evaluation']
	# trees: 20 , real: 2 , pred: 2
test case 63
	 ['visit 11', 'visit 17', 'visit 15', 'visit 14', 'visit 10', 'visit 6', 'visit 5', 'visit 0', 'visit 2', 'visit 19', 'visit 12', 'visit 4', 'visit 9', 'visit 7', 'visit 3', 'visit 18', 'visit 1', 'visit 13', 'visit 8', 'visit 16', 'evaluation']
	# trees: 20 , real: 2 , pred: 1
test case 64
	 ['visit 11', 'visit 17', 'visit 15', 'visit 14', 'visit 10', 'visit 6', 'visit 5', 'visit 0', 'visit 2', 'visit 19', 'visit 12', 'visit 4', 'visit 9', 'visit 7', 'visit 3', 'visit 18', 'visit 1', 'visit 13', 'visit 8', 'visit 16', 'evaluation']
	# trees: 20 , real: 2 , pred: 2
test case 65
	 ['visit 11', 'visit 17', 'visit 15', 'visit 14', 'visit 10', 'visit 6', 'visit 5', 'visit 0', 'visit 2', 'visit 19', 'visit 12', 'visit 4', 'visit 9', 'visit 7', 'visit 3', 'visit 18', 'visit 1', 'visit 13', 'visit 8', 'visit 16', 'evaluation']
	# trees: 20 , real: 2 , pred: 2
test case 66
	 ['visit 11', 'visit 17', 'visit 15', 'visit 14', 'visit 10', 'visit 6', 'visit 5', 'visit 0', 'visit 2', 'visit 19', 'visit 12', 'visit 4', 'visit 9', 'visit 7', 'visit 3', 'visit 18', 'visit 1', 'visit 13', 'visit 8', 'visit 16', 'evaluation']
	# trees: 20 , real: 2 , pred: 2
test case 67
	 ['visit 11', 'visit 17', 'visit 15', 'visit 14', 'visit 10', 'visit 6', 'visit 5', 'visit 0', 'visit 2', 'visit 19', 'visit 12', 'visit 4', 'visit 9', 'visit 7', 'visit 3', 'visit 18', 'visit 1', 'visit 13', 'visit 8', 'visit 16', 'evaluation']
	# trees: 20 , real: 3 , pred: 3
test case 68
	 ['visit 11', 'visit 17', 'visit 15', 'visit 14', 'visit 10', 'visit 6', 'visit 5', 'visit 0', 'visit 2', 'visit 19', 'visit 12', 'visit 4', 'visit 9', 'visit 7', 'visit 3', 'visit 18', 'visit 1', 'visit 13', 'visit 8', 'visit 16', 'evaluation']
	# trees: 20 , real: 3 , pred: 1
test case 69
	 ['visit 11', 'visit 17', 'visit 15', 'visit 14', 'visit 10', 'visit 6', 'visit 5', 'visit 0', 'visit 2', 'visit 19', 'visit 12', 'visit 4', 'visit 9', 'visit 7', 'visit 3', 'visit 18', 'visit 1', 'visit 13', 'visit 8', 'visit 16', 'evaluation']
	# trees: 20 , real: 3 , pred: 3
test case 70
	 ['visit 11', 'visit 17', 'visit 15', 'visit 14', 'visit 10', 'visit 6', 'visit 5', 'visit 0', 'visit 2', 'visit 19', 'visit 12', 'visit 4', 'visit 9', 'visit 7', 'visit 3', 'visit 18', 'visit 1', 'visit 13', 'visit 8', 'visit 16', 'evaluation']
	# trees: 20 , real: 3 , pred: 1
test case 71
	 ['visit 11', 'visit 17', 'visit 15', 'visit 14', 'visit 10', 'visit 6', 'visit 5', 'visit 0', 'visit 2', 'visit 19', 'visit 12', 'visit 4', 'visit 9', 'visit 7', 'visit 3', 'visit 18', 'visit 1', 'visit 13', 'visit 8', 'visit 16', 'evaluation']
	# trees: 20 , real: 3 , pred: 1
test case 72
	 ['visit 11', 'visit 17', 'visit 15', 'visit 14', 'visit 10', 'visit 6', 'visit 5', 'visit 0', 'visit 2', 'visit 19', 'visit 12', 'visit 4', 'visit 9', 'visit 7', 'visit 3', 'visit 18', 'visit 1', 'visit 13', 'visit 8', 'visit 16', 'evaluation']
	# trees: 20 , real: 3 , pred: 3
test case 73
	 ['visit 11', 'visit 17', 'visit 15', 'visit 14', 'visit 10', 'visit 6', 'visit 5', 'visit 0', 'visit 2', 'visit 19', 'visit 12', 'visit 4', 'visit 9', 'visit 7', 'visit 3', 'visit 18', 'visit 1', 'visit 13', 'visit 8', 'visit 16', 'evaluation']
	# trees: 20 , real: 3 , pred: 3
test case 74
	 ['visit 11', 'visit 17', 'visit 15', 'visit 14', 'visit 10', 'visit 6', 'visit 5', 'visit 0', 'visit 2', 'visit 19', 'visit 12', 'visit 4', 'visit 9', 'visit 7', 'visit 3', 'visit 18', 'visit 1', 'visit 13', 'visit 8', 'visit 16', 'evaluation']
	# trees: 20 , real: 3 , pred: 1
test case 75
	 ['visit 11', 'visit 17', 'visit 15', 'visit 14', 'visit 10', 'visit 6', 'visit 5', 'visit 0', 'visit 2', 'visit 19', 'visit 12', 'visit 4', 'visit 9', 'visit 7', 'visit 3', 'visit 18', 'visit 1', 'visit 13', 'visit 8', 'visit 16', 'evaluation']
	# trees: 20 , real: 3 , pred: 2
test case 76
	 ['visit 11', 'visit 17', 'visit 15', 'visit 14', 'visit 10', 'visit 6', 'visit 5', 'visit 0', 'visit 2', 'visit 19', 'visit 12', 'visit 4', 'visit 9', 'visit 7', 'visit 3', 'visit 18', 'visit 1', 'visit 13', 'visit 8', 'visit 16', 'evaluation']
	# trees: 20 , real: 3 , pred: 3
test case 77
	 ['visit 11', 'visit 17', 'visit 15', 'visit 14', 'visit 10', 'visit 6', 'visit 5', 'visit 0', 'visit 2', 'visit 19', 'visit 12', 'visit 4', 'visit 9', 'visit 7', 'visit 3', 'visit 18', 'visit 1', 'visit 13', 'visit 8', 'visit 16', 'evaluation']
	# trees: 20 , real: 3 , pred: 3
test case 78
	 ['visit 11', 'visit 17', 'visit 15', 'visit 14', 'visit 10', 'visit 6', 'visit 5', 'visit 0', 'visit 2', 'visit 19', 'visit 12', 'visit 4', 'visit 9', 'visit 7', 'visit 3', 'visit 18', 'visit 1', 'visit 13', 'visit 8', 'visit 16', 'evaluation']
	# trees: 20 , real: 3 , pred: 3
test case 79
	 ['visit 11', 'visit 17', 'visit 15', 'visit 14', 'visit 10', 'visit 6', 'visit 5', 'visit 0', 'visit 2', 'visit 19', 'visit 12', 'visit 4', 'visit 9', 'visit 7', 'visit 3', 'visit 18', 'visit 1', 'visit 13', 'visit 8', 'visit 16', 'evaluation']
	# trees: 20 , real: 3 , pred: 3
test case 80
	 ['visit 11', 'visit 17', 'visit 15', 'visit 14', 'visit 10', 'visit 6', 'visit 5', 'visit 0', 'visit 2', 'visit 19', 'visit 12', 'visit 4', 'visit 9', 'visit 7', 'visit 3', 'visit 18', 'visit 1', 'visit 13', 'visit 8', 'visit 16', 'evaluation']
	# trees: 20 , real: 3 , pred: 3
test case 81
	 ['visit 11', 'visit 17', 'visit 15', 'visit 14', 'visit 10', 'visit 6', 'visit 5', 'visit 0', 'visit 2', 'visit 19', 'visit 12', 'visit 4', 'visit 9', 'visit 7', 'visit 3', 'visit 18', 'visit 1', 'visit 13', 'visit 8', 'visit 16', 'evaluation']
	# trees: 20 , real: 3 , pred: 2
test case 82
	 ['visit 11', 'visit 17', 'visit 15', 'visit 14', 'visit 10', 'visit 6', 'visit 5', 'visit 0', 'visit 2', 'visit 19', 'visit 12', 'visit 4', 'visit 9', 'visit 7', 'visit 3', 'visit 18', 'visit 1', 'visit 13', 'visit 8', 'visit 16', 'evaluation']
	# trees: 20 , real: 3 , pred: 1
test case 83
	 ['visit 11', 'visit 17', 'visit 15', 'visit 14', 'visit 10', 'visit 6', 'visit 5', 'visit 0', 'visit 2', 'visit 19', 'visit 12', 'visit 4', 'visit 9', 'visit 7', 'visit 3', 'visit 18', 'visit 1', 'visit 13', 'visit 8', 'visit 16', 'evaluation']
	# trees: 20 , real: 3 , pred: 2
test case 84
	 ['visit 11', 'visit 17', 'visit 15', 'visit 14', 'visit 10', 'visit 6', 'visit 5', 'visit 0', 'visit 2', 'visit 19', 'visit 12', 'visit 4', 'visit 9', 'visit 7', 'visit 3', 'visit 18', 'visit 1', 'visit 13', 'visit 8', 'visit 16', 'evaluation']
	# trees: 20 , real: 3 , pred: 1
test case 85
	 ['visit 11', 'visit 17', 'visit 15', 'visit 14', 'visit 10', 'visit 6', 'visit 5', 'visit 0', 'visit 2', 'visit 19', 'visit 12', 'visit 4', 'visit 9', 'visit 7', 'visit 3', 'visit 18', 'visit 1', 'visit 13', 'visit 8', 'visit 16', 'evaluation']
	# trees: 20 , real: 3 , pred: 1
test case 86
	 ['visit 11', 'visit 17', 'visit 15', 'visit 14', 'visit 10', 'visit 6', 'visit 5', 'visit 0', 'visit 2', 'visit 19', 'visit 12', 'visit 4', 'visit 9', 'visit 7', 'visit 3', 'visit 18', 'visit 1', 'visit 13', 'visit 8', 'visit 16', 'evaluation']
	# trees: 20 , real: 3 , pred: 3
test case 87
	 ['visit 11', 'visit 17', 'visit 15', 'visit 14', 'visit 10', 'visit 6', 'visit 5', 'visit 0', 'visit 2', 'visit 19', 'visit 12', 'visit 4', 'visit 9', 'visit 7', 'visit 3', 'visit 18', 'visit 1', 'visit 13', 'visit 8', 'visit 16', 'evaluation']
	# trees: 20 , real: 3 , pred: 3
test case 88
	 ['visit 11', 'visit 17', 'visit 15', 'visit 14', 'visit 10', 'visit 6', 'visit 5', 'visit 0', 'visit 2', 'visit 19', 'visit 12', 'visit 4', 'visit 9', 'visit 7', 'visit 3', 'visit 18', 'visit 1', 'visit 13', 'visit 8', 'visit 16', 'evaluation']
	# trees: 20 , real: 3 , pred: 1
test case 89
	 ['visit 11', 'visit 17', 'visit 15', 'visit 14', 'visit 10', 'visit 6', 'visit 5', 'visit 0', 'visit 2', 'visit 19', 'visit 12', 'visit 4', 'visit 9', 'visit 7', 'visit 3', 'visit 18', 'visit 1', 'visit 13', 'visit 8', 'visit 16', 'evaluation']
	# trees: 20 , real: 3 , pred: 3
test case 90
	 ['visit 11', 'visit 17', 'visit 15', 'visit 14', 'visit 10', 'visit 6', 'visit 5', 'visit 0', 'visit 2', 'visit 19', 'visit 12', 'visit 4', 'visit 9', 'visit 7', 'visit 3', 'visit 18', 'visit 1', 'visit 13', 'visit 8', 'visit 16', 'evaluation']
	# trees: 20 , real: 3 , pred: 1
test case 91
	 ['visit 11', 'visit 17', 'visit 15', 'visit 14', 'visit 10', 'visit 6', 'visit 5', 'visit 0', 'visit 2', 'visit 19', 'visit 12', 'visit 4', 'visit 9', 'visit 7', 'visit 3', 'visit 18', 'visit 1', 'visit 13', 'visit 8', 'visit 16', 'evaluation']
	# trees: 20 , real: 3 , pred: 1
test case 92
	 ['visit 11', 'visit 17', 'visit 15', 'visit 14', 'visit 10', 'visit 6', 'visit 5', 'visit 0', 'visit 2', 'visit 19', 'visit 12', 'visit 4', 'visit 9', 'visit 7', 'visit 3', 'visit 18', 'visit 1', 'visit 13', 'visit 8', 'visit 16', 'evaluation']
	# trees: 20 , real: 3 , pred: 1
test case 93
	 ['visit 11', 'visit 17', 'visit 15', 'visit 14', 'visit 10', 'visit 6', 'visit 5', 'visit 0', 'visit 2', 'visit 19', 'visit 12', 'visit 4', 'visit 9', 'visit 7', 'visit 3', 'visit 18', 'visit 1', 'visit 13', 'visit 8', 'visit 16', 'evaluation']
	# trees: 20 , real: 3 , pred: 3
test case 94
	 ['visit 11', 'visit 17', 'visit 15', 'visit 14', 'visit 10', 'visit 6', 'visit 5', 'visit 0', 'visit 2', 'visit 19', 'visit 12', 'visit 4', 'visit 9', 'visit 7', 'visit 3', 'visit 18', 'visit 1', 'visit 13', 'visit 8', 'visit 16', 'evaluation']
	# trees: 20 , real: 3 , pred: 3
test case 95
	 ['visit 11', 'visit 17', 'visit 15', 'visit 14', 'visit 10', 'visit 6', 'visit 5', 'visit 0', 'visit 2', 'visit 19', 'visit 12', 'visit 4', 'visit 9', 'visit 7', 'visit 3', 'visit 18', 'visit 1', 'visit 13', 'visit 8', 'visit 16', 'evaluation']
	# trees: 20 , real: 3 , pred: 3
test case 96
	 ['visit 11', 'visit 17', 'visit 15', 'visit 14', 'visit 10', 'visit 6', 'visit 5', 'visit 0', 'visit 2', 'visit 19', 'visit 12', 'visit 4', 'visit 9', 'visit 7', 'visit 3', 'visit 18', 'visit 1', 'visit 13', 'visit 8', 'visit 16', 'evaluation']
	# trees: 20 , real: 3 , pred: 3
test case 97
	 ['visit 11', 'visit 17', 'visit 15', 'visit 14', 'visit 10', 'visit 6', 'visit 5', 'visit 0', 'visit 2', 'visit 19', 'visit 12', 'visit 4', 'visit 9', 'visit 7', 'visit 3', 'visit 18', 'visit 1', 'visit 13', 'visit 8', 'visit 16', 'evaluation']
	# trees: 20 , real: 3 , pred: 3
test case 98
	 ['visit 11', 'visit 17', 'visit 15', 'visit 14', 'visit 10', 'visit 6', 'visit 5', 'visit 0', 'visit 2', 'visit 19', 'visit 12', 'visit 4', 'visit 9', 'visit 7', 'visit 3', 'visit 18', 'visit 1', 'visit 13', 'visit 8', 'visit 16', 'evaluation']
	# trees: 20 , real: 3 , pred: 1
test case 99
	 ['visit 11', 'visit 17', 'visit 15', 'visit 14', 'visit 10', 'visit 6', 'visit 5', 'visit 0', 'visit 2', 'visit 19', 'visit 12', 'visit 4', 'visit 9', 'visit 7', 'visit 3', 'visit 18', 'visit 1', 'visit 13', 'visit 8', 'visit 16', 'evaluation']
	# trees: 20 , real: 3 , pred: 3
test case 100
	 ['visit 11', 'visit 17', 'visit 15', 'visit 14', 'visit 10', 'visit 6', 'visit 5', 'visit 0', 'visit 2', 'visit 19', 'visit 12', 'visit 4', 'visit 9', 'visit 7', 'visit 3', 'visit 18', 'visit 1', 'visit 13', 'visit 8', 'visit 16', 'evaluation']
	# trees: 20 , real: 1 , pred: 3
test case 101
	 ['visit 11', 'visit 17', 'visit 15', 'visit 14', 'visit 10', 'visit 6', 'visit 5', 'visit 0', 'visit 2', 'visit 19', 'visit 12', 'visit 4', 'visit 9', 'visit 7', 'visit 3', 'visit 18', 'visit 1', 'visit 13', 'visit 8', 'visit 16', 'evaluation']
	# trees: 20 , real: 1 , pred: 1
test case 102
	 ['visit 11', 'visit 17', 'visit 15', 'visit 14', 'visit 10', 'visit 6', 'visit 5', 'visit 0', 'visit 2', 'visit 19', 'visit 12', 'visit 4', 'visit 9', 'visit 7', 'visit 3', 'visit 18', 'visit 1', 'visit 13', 'visit 8', 'visit 16', 'evaluation']
	# trees: 20 , real: 1 , pred: 3
test case 103
	 ['visit 11', 'visit 17', 'visit 15', 'visit 14', 'visit 10', 'visit 6', 'visit 5', 'visit 0', 'visit 2', 'visit 19', 'visit 12', 'visit 4', 'visit 9', 'visit 7', 'visit 3', 'visit 18', 'visit 1', 'visit 13', 'visit 8', 'visit 16', 'evaluation']
	# trees: 20 , real: 1 , pred: 1
test case 104
	 ['visit 11', 'visit 17', 'visit 15', 'visit 14', 'visit 10', 'visit 6', 'visit 5', 'visit 0', 'visit 2', 'visit 19', 'visit 12', 'visit 4', 'visit 9', 'visit 7', 'visit 3', 'visit 18', 'visit 1', 'visit 13', 'visit 8', 'visit 16', 'evaluation']
	# trees: 20 , real: 1 , pred: 1
test case 105
	 ['visit 11', 'visit 17', 'visit 15', 'visit 14', 'visit 10', 'visit 6', 'visit 5', 'visit 0', 'visit 2', 'visit 19', 'visit 12', 'visit 4', 'visit 9', 'visit 7', 'visit 3', 'visit 18', 'visit 1', 'visit 13', 'visit 8', 'visit 16', 'evaluation']
	# trees: 20 , real: 1 , pred: 1
test case 106
	 ['visit 11', 'visit 17', 'visit 15', 'visit 14', 'visit 10', 'visit 6', 'visit 5', 'visit 0', 'visit 2', 'visit 19', 'visit 12', 'visit 4', 'visit 9', 'visit 7', 'visit 3', 'visit 18', 'visit 1', 'visit 13', 'visit 8', 'visit 16', 'evaluation']
	# trees: 20 , real: 1 , pred: 1
test case 107
	 ['visit 11', 'visit 17', 'visit 15', 'visit 14', 'visit 10', 'visit 6', 'visit 5', 'visit 0', 'visit 2', 'visit 19', 'visit 12', 'visit 4', 'visit 9', 'visit 7', 'visit 3', 'visit 18', 'visit 1', 'visit 13', 'visit 8', 'visit 16', 'evaluation']
	# trees: 20 , real: 1 , pred: 3
test case 108
	 ['visit 11', 'visit 17', 'visit 15', 'visit 14', 'visit 10', 'visit 6', 'visit 5', 'visit 0', 'visit 2', 'visit 19', 'visit 12', 'visit 4', 'visit 9', 'visit 7', 'visit 3', 'visit 18', 'visit 1', 'visit 13', 'visit 8', 'visit 16', 'evaluation']
	# trees: 20 , real: 1 , pred: 3
test case 109
	 ['visit 11', 'visit 17', 'visit 15', 'visit 14', 'visit 10', 'visit 6', 'visit 5', 'visit 0', 'visit 2', 'visit 19', 'visit 12', 'visit 4', 'visit 9', 'visit 7', 'visit 3', 'visit 18', 'visit 1', 'visit 13', 'visit 8', 'visit 16', 'evaluation']
	# trees: 20 , real: 1 , pred: 1
test case 110
	 ['visit 11', 'visit 17', 'visit 15', 'visit 14', 'visit 10', 'visit 6', 'visit 5', 'visit 0', 'visit 2', 'visit 19', 'visit 12', 'visit 4', 'visit 9', 'visit 7', 'visit 3', 'visit 18', 'visit 1', 'visit 13', 'visit 8', 'visit 16', 'evaluation']
	# trees: 20 , real: 1 , pred: 2
test case 111
	 ['visit 11', 'visit 17', 'visit 15', 'visit 14', 'visit 10', 'visit 6', 'visit 5', 'visit 0', 'visit 2', 'visit 19', 'visit 12', 'visit 4', 'visit 9', 'visit 7', 'visit 3', 'visit 18', 'visit 1', 'visit 13', 'visit 8', 'visit 16', 'evaluation']
	# trees: 20 , real: 1 , pred: 1
test case 112
	 ['visit 11', 'visit 17', 'visit 15', 'visit 14', 'visit 10', 'visit 6', 'visit 5', 'visit 0', 'visit 2', 'visit 19', 'visit 12', 'visit 4', 'visit 9', 'visit 7', 'visit 3', 'visit 18', 'visit 1', 'visit 13', 'visit 8', 'visit 16', 'evaluation']
	# trees: 20 , real: 1 , pred: 1
test case 113
	 ['visit 11', 'visit 17', 'visit 15', 'visit 14', 'visit 10', 'visit 6', 'visit 5', 'visit 0', 'visit 2', 'visit 19', 'visit 12', 'visit 4', 'visit 9', 'visit 7', 'visit 3', 'visit 18', 'visit 1', 'visit 13', 'visit 8', 'visit 16', 'evaluation']
	# trees: 20 , real: 1 , pred: 2
test case 114
	 ['visit 11', 'visit 17', 'visit 15', 'visit 14', 'visit 10', 'visit 6', 'visit 5', 'visit 0', 'visit 2', 'visit 19', 'visit 12', 'visit 4', 'visit 9', 'visit 7', 'visit 3', 'visit 18', 'visit 1', 'visit 13', 'visit 8', 'visit 16', 'evaluation']
	# trees: 20 , real: 1 , pred: 1
test case 115
	 ['visit 11', 'visit 17', 'visit 15', 'visit 14', 'visit 10', 'visit 6', 'visit 5', 'visit 0', 'visit 2', 'visit 19', 'visit 12', 'visit 4', 'visit 9', 'visit 7', 'visit 3', 'visit 18', 'visit 1', 'visit 13', 'visit 8', 'visit 16', 'evaluation']
	# trees: 20 , real: 1 , pred: 2
test case 116
	 ['visit 11', 'visit 17', 'visit 15', 'visit 14', 'visit 10', 'visit 6', 'visit 5', 'visit 0', 'visit 2', 'visit 19', 'visit 12', 'visit 4', 'visit 9', 'visit 7', 'visit 3', 'visit 18', 'visit 1', 'visit 13', 'visit 8', 'visit 16', 'evaluation']
	# trees: 20 , real: 1 , pred: 1
test case 117
	 ['visit 11', 'visit 17', 'visit 15', 'visit 14', 'visit 10', 'visit 6', 'visit 5', 'visit 0', 'visit 2', 'visit 19', 'visit 12', 'visit 4', 'visit 9', 'visit 7', 'visit 3', 'visit 18', 'visit 1', 'visit 13', 'visit 8', 'visit 16', 'evaluation']
	# trees: 20 , real: 1 , pred: 3
test case 118
	 ['visit 11', 'visit 17', 'visit 15', 'visit 14', 'visit 10', 'visit 6', 'visit 5', 'visit 0', 'visit 2', 'visit 19', 'visit 12', 'visit 4', 'visit 9', 'visit 7', 'visit 3', 'visit 18', 'visit 1', 'visit 13', 'visit 8', 'visit 16', 'evaluation']
	# trees: 20 , real: 2 , pred: 1
test case 119
	 ['visit 11', 'visit 17', 'visit 15', 'visit 14', 'visit 10', 'visit 6', 'visit 5', 'visit 0', 'visit 2', 'visit 19', 'visit 12', 'visit 4', 'visit 9', 'visit 7', 'visit 3', 'visit 18', 'visit 1', 'visit 13', 'visit 8', 'visit 16', 'evaluation']
	# trees: 20 , real: 2 , pred: 2
test case 120
	 ['visit 11', 'visit 17', 'visit 15', 'visit 14', 'visit 10', 'visit 6', 'visit 5', 'visit 0', 'visit 2', 'visit 19', 'visit 12', 'visit 4', 'visit 9', 'visit 7', 'visit 3', 'visit 18', 'visit 1', 'visit 13', 'visit 8', 'visit 16', 'evaluation']
	# trees: 20 , real: 2 , pred: 1
test case 121
	 ['visit 11', 'visit 17', 'visit 15', 'visit 14', 'visit 10', 'visit 6', 'visit 5', 'visit 0', 'visit 2', 'visit 19', 'visit 12', 'visit 4', 'visit 9', 'visit 7', 'visit 3', 'visit 18', 'visit 1', 'visit 13', 'visit 8', 'visit 16', 'evaluation']
	# trees: 20 , real: 2 , pred: 3
test case 122
	 ['visit 11', 'visit 17', 'visit 15', 'visit 14', 'visit 10', 'visit 6', 'visit 5', 'visit 0', 'visit 2', 'visit 19', 'visit 12', 'visit 4', 'visit 9', 'visit 7', 'visit 3', 'visit 18', 'visit 1', 'visit 13', 'visit 8', 'visit 16', 'evaluation']
	# trees: 20 , real: 2 , pred: 3
test case 123
	 ['visit 11', 'visit 17', 'visit 15', 'visit 14', 'visit 10', 'visit 6', 'visit 5', 'visit 0', 'visit 2', 'visit 19', 'visit 12', 'visit 4', 'visit 9', 'visit 7', 'visit 3', 'visit 18', 'visit 1', 'visit 13', 'visit 8', 'visit 16', 'evaluation']
	# trees: 20 , real: 2 , pred: 1
test case 124
	 ['visit 11', 'visit 17', 'visit 15', 'visit 14', 'visit 10', 'visit 6', 'visit 5', 'visit 0', 'visit 2', 'visit 19', 'visit 12', 'visit 4', 'visit 9', 'visit 7', 'visit 3', 'visit 18', 'visit 1', 'visit 13', 'visit 8', 'visit 16', 'evaluation']
	# trees: 20 , real: 2 , pred: 2
test case 125
	 ['visit 11', 'visit 17', 'visit 15', 'visit 14', 'visit 10', 'visit 6', 'visit 5', 'visit 0', 'visit 2', 'visit 19', 'visit 12', 'visit 4', 'visit 9', 'visit 7', 'visit 3', 'visit 18', 'visit 1', 'visit 13', 'visit 8', 'visit 16', 'evaluation']
	# trees: 20 , real: 2 , pred: 1
test case 126
	 ['visit 11', 'visit 17', 'visit 15', 'visit 14', 'visit 10', 'visit 6', 'visit 5', 'visit 0', 'visit 2', 'visit 19', 'visit 12', 'visit 4', 'visit 9', 'visit 7', 'visit 3', 'visit 18', 'visit 1', 'visit 13', 'visit 8', 'visit 16', 'evaluation']
	# trees: 20 , real: 2 , pred: 1
test case 127
	 ['visit 11', 'visit 17', 'visit 15', 'visit 14', 'visit 10', 'visit 6', 'visit 5', 'visit 0', 'visit 2', 'visit 19', 'visit 12', 'visit 4', 'visit 9', 'visit 7', 'visit 3', 'visit 18', 'visit 1', 'visit 13', 'visit 8', 'visit 16', 'evaluation']
	# trees: 20 , real: 2 , pred: 2
test case 128
	 ['visit 11', 'visit 17', 'visit 15', 'visit 14', 'visit 10', 'visit 6', 'visit 5', 'visit 0', 'visit 2', 'visit 19', 'visit 12', 'visit 4', 'visit 9', 'visit 7', 'visit 3', 'visit 18', 'visit 1', 'visit 13', 'visit 8', 'visit 16', 'evaluation']
	# trees: 20 , real: 2 , pred: 2
test case 129
	 ['visit 11', 'visit 17', 'visit 15', 'visit 14', 'visit 10', 'visit 6', 'visit 5', 'visit 0', 'visit 2', 'visit 19', 'visit 12', 'visit 4', 'visit 9', 'visit 7', 'visit 3', 'visit 18', 'visit 1', 'visit 13', 'visit 8', 'visit 16', 'evaluation']
	# trees: 20 , real: 2 , pred: 1
test case 130
	 ['visit 11', 'visit 17', 'visit 15', 'visit 14', 'visit 10', 'visit 6', 'visit 5', 'visit 0', 'visit 2', 'visit 19', 'visit 12', 'visit 4', 'visit 9', 'visit 7', 'visit 3', 'visit 18', 'visit 1', 'visit 13', 'visit 8', 'visit 16', 'evaluation']
	# trees: 20 , real: 2 , pred: 3
test case 131
	 ['visit 11', 'visit 17', 'visit 15', 'visit 14', 'visit 10', 'visit 6', 'visit 5', 'visit 0', 'visit 2', 'visit 19', 'visit 12', 'visit 4', 'visit 9', 'visit 7', 'visit 3', 'visit 18', 'visit 1', 'visit 13', 'visit 8', 'visit 16', 'evaluation']
	# trees: 20 , real: 3 , pred: 1
test case 132
	 ['visit 11', 'visit 17', 'visit 15', 'visit 14', 'visit 10', 'visit 6', 'visit 5', 'visit 0', 'visit 2', 'visit 19', 'visit 12', 'visit 4', 'visit 9', 'visit 7', 'visit 3', 'visit 18', 'visit 1', 'visit 13', 'visit 8', 'visit 16', 'evaluation']
	# trees: 20 , real: 3 , pred: 3
test case 133
	 ['visit 11', 'visit 17', 'visit 15', 'visit 14', 'visit 10', 'visit 6', 'visit 5', 'visit 0', 'visit 2', 'visit 19', 'visit 12', 'visit 4', 'visit 9', 'visit 7', 'visit 3', 'visit 18', 'visit 1', 'visit 13', 'visit 8', 'visit 16', 'evaluation']
	# trees: 20 , real: 3 , pred: 3
test case 134
	 ['visit 11', 'visit 17', 'visit 15', 'visit 14', 'visit 10', 'visit 6', 'visit 5', 'visit 0', 'visit 2', 'visit 19', 'visit 12', 'visit 4', 'visit 9', 'visit 7', 'visit 3', 'visit 18', 'visit 1', 'visit 13', 'visit 8', 'visit 16', 'evaluation']
	# trees: 20 , real: 3 , pred: 3
test case 135
	 ['visit 11', 'visit 17', 'visit 15', 'visit 14', 'visit 10', 'visit 6', 'visit 5', 'visit 0', 'visit 2', 'visit 19', 'visit 12', 'visit 4', 'visit 9', 'visit 7', 'visit 3', 'visit 18', 'visit 1', 'visit 13', 'visit 8', 'visit 16', 'evaluation']
	# trees: 20 , real: 3 , pred: 3
test case 136
	 ['visit 11', 'visit 17', 'visit 15', 'visit 14', 'visit 10', 'visit 6', 'visit 5', 'visit 0', 'visit 2', 'visit 19', 'visit 12', 'visit 4', 'visit 9', 'visit 7', 'visit 3', 'visit 18', 'visit 1', 'visit 13', 'visit 8', 'visit 16', 'evaluation']
	# trees: 20 , real: 3 , pred: 3
test case 137
	 ['visit 11', 'visit 17', 'visit 15', 'visit 14', 'visit 10', 'visit 6', 'visit 5', 'visit 0', 'visit 2', 'visit 19', 'visit 12', 'visit 4', 'visit 9', 'visit 7', 'visit 3', 'visit 18', 'visit 1', 'visit 13', 'visit 8', 'visit 16', 'evaluation']
	# trees: 20 , real: 3 , pred: 3
test case 138
	 ['visit 11', 'visit 17', 'visit 15', 'visit 14', 'visit 10', 'visit 6', 'visit 5', 'visit 0', 'visit 2', 'visit 19', 'visit 12', 'visit 4', 'visit 9', 'visit 7', 'visit 3', 'visit 18', 'visit 1', 'visit 13', 'visit 8', 'visit 16', 'evaluation']
	# trees: 20 , real: 3 , pred: 2
test case 139
	 ['visit 11', 'visit 17', 'visit 15', 'visit 14', 'visit 10', 'visit 6', 'visit 5', 'visit 0', 'visit 2', 'visit 19', 'visit 12', 'visit 4', 'visit 9', 'visit 7', 'visit 3', 'visit 18', 'visit 1', 'visit 13', 'visit 8', 'visit 16', 'evaluation']
	# trees: 20 , real: 3 , pred: 2
test case 140
	 ['visit 11', 'visit 17', 'visit 15', 'visit 14', 'visit 10', 'visit 6', 'visit 5', 'visit 0', 'visit 2', 'visit 19', 'visit 12', 'visit 4', 'visit 9', 'visit 7', 'visit 3', 'visit 18', 'visit 1', 'visit 13', 'visit 8', 'visit 16', 'evaluation']
	# trees: 20 , real: 3 , pred: 3
test case 141
	 ['visit 11', 'visit 17', 'visit 15', 'visit 14', 'visit 10', 'visit 6', 'visit 5', 'visit 0', 'visit 2', 'visit 19', 'visit 12', 'visit 4', 'visit 9', 'visit 7', 'visit 3', 'visit 18', 'visit 1', 'visit 13', 'visit 8', 'visit 16', 'evaluation']
	# trees: 20 , real: 3 , pred: 3
test case 142
	 ['visit 11', 'visit 17', 'visit 15', 'visit 14', 'visit 10', 'visit 6', 'visit 5', 'visit 0', 'visit 2', 'visit 19', 'visit 12', 'visit 4', 'visit 9', 'visit 7', 'visit 3', 'visit 18', 'visit 1', 'visit 13', 'visit 8', 'visit 16', 'evaluation']
	# trees: 20 , real: 3 , pred: 1
test case 143
	 ['visit 11', 'visit 17', 'visit 15', 'visit 14', 'visit 10', 'visit 6', 'visit 5', 'visit 0', 'visit 2', 'visit 19', 'visit 12', 'visit 4', 'visit 9', 'visit 7', 'visit 3', 'visit 18', 'visit 1', 'visit 13', 'visit 8', 'visit 16', 'evaluation']
	# trees: 20 , real: 3 , pred: 3
test case 144
	 ['visit 11', 'visit 17', 'visit 15', 'visit 14', 'visit 10', 'visit 6', 'visit 5', 'visit 0', 'visit 2', 'visit 19', 'visit 12', 'visit 4', 'visit 9', 'visit 7', 'visit 3', 'visit 18', 'visit 1', 'visit 13', 'visit 8', 'visit 16', 'evaluation']
	# trees: 20 , real: 3 , pred: 2
test case 145
	 ['visit 11', 'visit 17', 'visit 15', 'visit 14', 'visit 10', 'visit 6', 'visit 5', 'visit 0', 'visit 2', 'visit 19', 'visit 12', 'visit 4', 'visit 9', 'visit 7', 'visit 3', 'visit 18', 'visit 1', 'visit 13', 'visit 8', 'visit 16', 'evaluation']
	# trees: 20 , real: 3 , pred: 2
test case 146
	 ['visit 11', 'visit 17', 'visit 15', 'visit 14', 'visit 10', 'visit 6', 'visit 5', 'visit 0', 'visit 2', 'visit 19', 'visit 12', 'visit 4', 'visit 9', 'visit 7', 'visit 3', 'visit 18', 'visit 1', 'visit 13', 'visit 8', 'visit 16', 'evaluation']
	# trees: 20 , real: 3 , pred: 1
[[48  9  7]
 [15 27  7]
 [13  7 14]]
[[47 10  7]
 [16 26  7]
 [13  6 15]]
[[48  9  7]
 [15 27  7]
 [13  7 14]]
(0.6054421768707483, 0.5864953080375357, 0.5709283713485394, 0.5747612368930742)
(0.5986394557823129, 0.5849033503298476, 0.5687212384953982, 0.5730158730158731)
(0.6054421768707483, 0.5864953080375357, 0.5709283713485394, 0.5747612368930742)
