{'mode': 'examine', 'dataset': 'ecoli', 'num_clf': 100, 'reuse': False, 'random_state': 9848, 'num_estimators': 100}
(151, 8)
(151, 8)
(34, 8)
Number of label: 8 

Single different (100) (x20)

Multi different (100) (x5)

Forth quarter (76) (x6)

Third quarter (51) (x1)

Second quarter (26) (x1)

First quarter (1) (x5)

No different (0) (x113)


[0.7947019867549668, 0.7814569536423841, 0.8013245033112583, 0.7947019867549668, 0.7814569536423841, 0.7947019867549668, 0.7947019867549668, 0.7880794701986755, 0.7748344370860927, 0.7947019867549668, 0.8079470198675497, 0.8013245033112583, 0.7814569536423841, 0.7748344370860927, 0.7880794701986755, 0.8013245033112583, 0.7880794701986755, 0.7880794701986755, 0.7814569536423841, 0.7814569536423841, 0.8013245033112583, 0.7880794701986755, 0.7814569536423841, 0.7947019867549668, 0.8013245033112583, 0.7814569536423841, 0.7947019867549668, 0.7748344370860927, 0.8079470198675497, 0.8013245033112583, 0.7814569536423841, 0.7814569536423841, 0.7880794701986755, 0.8079470198675497, 0.7814569536423841, 0.7880794701986755, 0.7880794701986755, 0.7880794701986755, 0.7880794701986755, 0.7880794701986755, 0.7947019867549668, 0.7880794701986755, 0.7814569536423841, 0.7880794701986755, 0.7947019867549668, 0.7814569536423841, 0.8013245033112583, 0.7947019867549668, 0.8079470198675497, 0.7880794701986755, 0.7880794701986755, 0.7880794701986755, 0.7947019867549668, 0.8013245033112583, 0.7880794701986755, 0.7880794701986755, 0.8013245033112583, 0.7880794701986755, 0.7880794701986755, 0.7814569536423841, 0.7814569536423841, 0.7880794701986755, 0.7814569536423841, 0.7814569536423841, 0.7947019867549668, 0.7880794701986755, 0.7814569536423841, 0.7947019867549668, 0.7947019867549668, 0.7814569536423841, 0.7814569536423841, 0.7947019867549668, 0.7947019867549668, 0.7814569536423841, 0.7947019867549668, 0.7947019867549668, 0.7814569536423841, 0.7880794701986755, 0.7880794701986755, 0.7947019867549668, 0.8013245033112583, 0.7947019867549668, 0.8013245033112583, 0.7682119205298014, 0.7880794701986755, 0.7814569536423841, 0.7814569536423841, 0.8013245033112583, 0.7880794701986755, 0.7880794701986755, 0.7880794701986755, 0.8079470198675497, 0.7880794701986755, 0.7947019867549668, 0.8013245033112583, 0.7880794701986755, 0.8013245033112583, 0.7947019867549668, 0.7880794701986755, 0.7947019867549668]
0.7903311258278148


Single different (100) (x3)

Multi different (100) (x1)

Forth quarter (76) (x0)

Third quarter (51) (x0)

Second quarter (26) (x1)

First quarter (1) (x2)

No different (0) (x27)


[0.8529411764705882, 0.8529411764705882, 0.8529411764705882, 0.8529411764705882, 0.8823529411764706, 0.8529411764705882, 0.8823529411764706, 0.8529411764705882, 0.8823529411764706, 0.8823529411764706, 0.8529411764705882, 0.8823529411764706, 0.8823529411764706, 0.8529411764705882, 0.8529411764705882, 0.8823529411764706, 0.8529411764705882, 0.8529411764705882, 0.8529411764705882, 0.8529411764705882, 0.8529411764705882, 0.8529411764705882, 0.8823529411764706, 0.8529411764705882, 0.8529411764705882, 0.7941176470588235, 0.8823529411764706, 0.8235294117647058, 0.8823529411764706, 0.8823529411764706, 0.8529411764705882, 0.8529411764705882, 0.8529411764705882, 0.8823529411764706, 0.8823529411764706, 0.8823529411764706, 0.8235294117647058, 0.8823529411764706, 0.8529411764705882, 0.8235294117647058, 0.8823529411764706, 0.8529411764705882, 0.8529411764705882, 0.8529411764705882, 0.8529411764705882, 0.8823529411764706, 0.8823529411764706, 0.8235294117647058, 0.8529411764705882, 0.8529411764705882, 0.8529411764705882, 0.8823529411764706, 0.8235294117647058, 0.8235294117647058, 0.8823529411764706, 0.8529411764705882, 0.8529411764705882, 0.8529411764705882, 0.8529411764705882, 0.8529411764705882, 0.8529411764705882, 0.8529411764705882, 0.8823529411764706, 0.8529411764705882, 0.8529411764705882, 0.8823529411764706, 0.8529411764705882, 0.8529411764705882, 0.8823529411764706, 0.8529411764705882, 0.8529411764705882, 0.8529411764705882, 0.8529411764705882, 0.8529411764705882, 0.8823529411764706, 0.8823529411764706, 0.8529411764705882, 0.8529411764705882, 0.8823529411764706, 0.8823529411764706, 0.8823529411764706, 0.8235294117647058, 0.8235294117647058, 0.8529411764705882, 0.8823529411764706, 0.8529411764705882, 0.8823529411764706, 0.8823529411764706, 0.8529411764705882, 0.8529411764705882, 0.8235294117647058, 0.8823529411764706, 0.8823529411764706, 0.8529411764705882, 0.8823529411764706, 0.8823529411764706, 0.8529411764705882, 0.8823529411764706, 0.8823529411764706, 0.8529411764705882]
0.8605882352941177
