{'mode': 'examine', 'dataset': 'audiology', 'num_clf': 50, 'reuse': False, 'random_state': 9774, 'num_estimators': 100}
(100, 95)
(100, 95)
(26, 95)
Number of label: 24 

Single different (50) (x16)

Multi different (50) (x12)

Forth quarter (38) (x4)

Third quarter (26) (x3)

Second quarter (13) (x1)

First quarter (1) (x3)

No different (0) (x61)


[0.66, 0.65, 0.64, 0.65, 0.66, 0.66, 0.66, 0.65, 0.66, 0.67, 0.69, 0.67, 0.65, 0.66, 0.65, 0.69, 0.66, 0.67, 0.67, 0.66, 0.66, 0.64, 0.65, 0.67, 0.64, 0.64, 0.68, 0.66, 0.67, 0.66, 0.68, 0.66, 0.65, 0.65, 0.67, 0.67, 0.64, 0.65, 0.64, 0.66, 0.65, 0.65, 0.65, 0.66, 0.64, 0.65, 0.67, 0.66, 0.65, 0.66]
0.6581999999999999


Single different (50) (x2)

Multi different (50) (x2)

Forth quarter (38) (x3)

Third quarter (26) (x0)

Second quarter (13) (x1)

First quarter (1) (x1)

No different (0) (x17)


[0.6923076923076923, 0.7307692307692307, 0.7307692307692307, 0.7307692307692307, 0.7692307692307693, 0.7307692307692307, 0.7307692307692307, 0.6923076923076923, 0.6923076923076923, 0.7307692307692307, 0.7307692307692307, 0.7307692307692307, 0.7307692307692307, 0.6923076923076923, 0.7307692307692307, 0.6923076923076923, 0.6923076923076923, 0.7307692307692307, 0.7692307692307693, 0.6923076923076923, 0.7307692307692307, 0.7307692307692307, 0.7692307692307693, 0.7307692307692307, 0.6923076923076923, 0.7307692307692307, 0.7307692307692307, 0.7307692307692307, 0.6923076923076923, 0.6923076923076923, 0.7692307692307693, 0.7307692307692307, 0.6923076923076923, 0.6923076923076923, 0.6923076923076923, 0.6923076923076923, 0.6923076923076923, 0.6923076923076923, 0.6923076923076923, 0.7692307692307693, 0.6923076923076923, 0.6923076923076923, 0.7307692307692307, 0.7307692307692307, 0.6923076923076923, 0.7307692307692307, 0.7692307692307693, 0.7307692307692307, 0.7692307692307693, 0.7307692307692307]
0.7207692307692306
