{'mode': 'examine', 'dataset': 'cmc', 'num_clf': 100, 'reuse': True, 'random_state': 558, 'num_estimators': 100}
(663, 22)
(663, 22)
(147, 22)
Number of label: 3 

Single different (100) (x5)

Multi different (100) (x0)

Forth quarter (76) (x23)

Third quarter (51) (x26)

Second quarter (26) (x21)

First quarter (1) (x22)

No different (0) (x1229)


[0.9607843137254902, 0.9607843137254902, 0.9607843137254902, 0.9607843137254902, 0.9607843137254902, 0.9607843137254902, 0.9607843137254902, 0.9607843137254902, 0.9607843137254902, 0.9607843137254902, 0.9607843137254902, 0.9607843137254902, 0.9607843137254902, 0.9607843137254902, 0.9607843137254902, 0.9607843137254902, 0.9607843137254902, 0.9607843137254902, 0.9607843137254902, 0.9607843137254902, 0.9607843137254902, 0.9607843137254902, 0.9607843137254902, 0.9607843137254902, 0.9607843137254902, 0.9607843137254902, 0.9607843137254902, 0.9607843137254902, 0.9607843137254902, 0.9607843137254902, 0.9607843137254902, 0.9607843137254902, 0.9607843137254902, 0.9607843137254902, 0.9607843137254902, 0.9607843137254902, 0.9607843137254902, 0.9607843137254902, 0.9607843137254902, 0.9607843137254902, 0.9607843137254902, 0.9607843137254902, 0.9607843137254902, 0.9607843137254902, 0.9607843137254902, 0.9607843137254902, 0.9607843137254902, 0.9607843137254902, 0.9607843137254902, 0.9607843137254902, 0.9607843137254902, 0.9607843137254902, 0.9607843137254902, 0.9600301659125189, 0.9607843137254902, 0.9607843137254902, 0.9607843137254902, 0.9600301659125189, 0.9607843137254902, 0.9607843137254902, 0.9607843137254902, 0.9607843137254902, 0.9607843137254902, 0.9607843137254902, 0.9607843137254902, 0.9607843137254902, 0.9607843137254902, 0.9607843137254902, 0.9607843137254902, 0.9607843137254902, 0.9607843137254902, 0.9607843137254902, 0.9607843137254902, 0.9607843137254902, 0.9607843137254902, 0.9607843137254902, 0.9607843137254902, 0.9607843137254902, 0.9607843137254902, 0.9607843137254902, 0.9607843137254902, 0.9607843137254902, 0.9607843137254902, 0.9607843137254902, 0.9607843137254902, 0.9607843137254902, 0.9607843137254902, 0.9607843137254902, 0.9607843137254902, 0.9607843137254902, 0.9607843137254902, 0.9607843137254902, 0.9607843137254902, 0.9607843137254902, 0.9607843137254902, 0.9607843137254902, 0.9607843137254902, 0.9607843137254902, 0.9607843137254902, 0.9607843137254902]
0.9607692307692304


Single different (100) (x42)

Multi different (100) (x4)

Forth quarter (76) (x18)

Third quarter (51) (x5)

Second quarter (26) (x6)

First quarter (1) (x10)

No different (0) (x62)


[0.5374149659863946, 0.5510204081632653, 0.5510204081632653, 0.5306122448979592, 0.5510204081632653, 0.5374149659863946, 0.54421768707483, 0.5510204081632653, 0.5170068027210885, 0.54421768707483, 0.54421768707483, 0.5306122448979592, 0.5374149659863946, 0.5170068027210885, 0.5170068027210885, 0.5170068027210885, 0.5510204081632653, 0.5374149659863946, 0.5578231292517006, 0.5102040816326531, 0.5102040816326531, 0.5306122448979592, 0.5306122448979592, 0.54421768707483, 0.54421768707483, 0.5374149659863946, 0.5306122448979592, 0.5238095238095238, 0.54421768707483, 0.5238095238095238, 0.5374149659863946, 0.54421768707483, 0.5170068027210885, 0.5306122448979592, 0.5306122448979592, 0.5238095238095238, 0.5306122448979592, 0.5170068027210885, 0.5306122448979592, 0.5238095238095238, 0.5238095238095238, 0.5374149659863946, 0.54421768707483, 0.5374149659863946, 0.5170068027210885, 0.5170068027210885, 0.5510204081632653, 0.5170068027210885, 0.5102040816326531, 0.5374149659863946, 0.5306122448979592, 0.5238095238095238, 0.5102040816326531, 0.5374149659863946, 0.5034013605442177, 0.5238095238095238, 0.5374149659863946, 0.5238095238095238, 0.5170068027210885, 0.5374149659863946, 0.5374149659863946, 0.5510204081632653, 0.5306122448979592, 0.54421768707483, 0.5170068027210885, 0.5374149659863946, 0.5306122448979592, 0.5306122448979592, 0.54421768707483, 0.5170068027210885, 0.54421768707483, 0.5238095238095238, 0.5306122448979592, 0.5034013605442177, 0.5510204081632653, 0.5374149659863946, 0.5238095238095238, 0.54421768707483, 0.5374149659863946, 0.5510204081632653, 0.5238095238095238, 0.54421768707483, 0.5238095238095238, 0.5306122448979592, 0.5102040816326531, 0.5578231292517006, 0.5170068027210885, 0.5170068027210885, 0.5170068027210885, 0.5238095238095238, 0.5510204081632653, 0.54421768707483, 0.5102040816326531, 0.564625850340136, 0.5510204081632653, 0.5374149659863946, 0.5374149659863946, 0.54421768707483, 0.5510204081632653, 0.54421768707483]
0.5326530612244897
