{'mode': 'examine', 'dataset': 'lymphography', 'num_clf': 100, 'reuse': True, 'random_state': 9288, 'num_estimators': 100}
(66, 39)
(67, 39)
(15, 39)
Number of label: 4 

Single different (100) (x0)

Multi different (100) (x0)

Forth quarter (76) (x0)

Third quarter (51) (x0)

Second quarter (26) (x0)

First quarter (1) (x0)

No different (0) (x133)


[1.0, 1.0, 1.0, 1.0, 1.0, 1.0, 1.0, 1.0, 1.0, 1.0, 1.0, 1.0, 1.0, 1.0, 1.0, 1.0, 1.0, 1.0, 1.0, 1.0, 1.0, 1.0, 1.0, 1.0, 1.0, 1.0, 1.0, 1.0, 1.0, 1.0, 1.0, 1.0, 1.0, 1.0, 1.0, 1.0, 1.0, 1.0, 1.0, 1.0, 1.0, 1.0, 1.0, 1.0, 1.0, 1.0, 1.0, 1.0, 1.0, 1.0, 1.0, 1.0, 1.0, 1.0, 1.0, 1.0, 1.0, 1.0, 1.0, 1.0, 1.0, 1.0, 1.0, 1.0, 1.0, 1.0, 1.0, 1.0, 1.0, 1.0, 1.0, 1.0, 1.0, 1.0, 1.0, 1.0, 1.0, 1.0, 1.0, 1.0, 1.0, 1.0, 1.0, 1.0, 1.0, 1.0, 1.0, 1.0, 1.0, 1.0, 1.0, 1.0, 1.0, 1.0, 1.0, 1.0, 1.0, 1.0, 1.0, 1.0]
1.0


Single different (100) (x1)

Multi different (100) (x0)

Forth quarter (76) (x1)

Third quarter (51) (x0)

Second quarter (26) (x1)

First quarter (1) (x1)

No different (0) (x11)


[0.8666666666666667, 0.8, 0.8666666666666667, 0.8666666666666667, 0.8, 0.8666666666666667, 0.8, 0.8666666666666667, 0.8, 0.8666666666666667, 0.8666666666666667, 0.7333333333333333, 0.8666666666666667, 0.8666666666666667, 0.8666666666666667, 0.8666666666666667, 0.8666666666666667, 0.8666666666666667, 0.8666666666666667, 0.8666666666666667, 0.8, 0.8, 0.8666666666666667, 0.8666666666666667, 0.8666666666666667, 0.8666666666666667, 0.8666666666666667, 0.8, 0.8666666666666667, 0.8666666666666667, 0.8666666666666667, 0.8666666666666667, 0.8666666666666667, 0.8, 0.8666666666666667, 0.8, 0.8666666666666667, 0.8666666666666667, 0.8666666666666667, 0.8666666666666667, 0.8666666666666667, 0.8, 0.8666666666666667, 0.8, 0.8666666666666667, 0.8666666666666667, 0.8666666666666667, 0.8666666666666667, 0.8666666666666667, 0.8666666666666667, 0.8, 0.8, 0.8666666666666667, 0.8, 0.8, 0.8666666666666667, 0.8, 0.8666666666666667, 0.8666666666666667, 0.8, 0.8666666666666667, 0.8666666666666667, 0.8, 0.8666666666666667, 0.8666666666666667, 0.8666666666666667, 0.8666666666666667, 0.8666666666666667, 0.8, 0.8666666666666667, 0.8, 0.8666666666666667, 0.8666666666666667, 0.8666666666666667, 0.8666666666666667, 0.8, 0.9333333333333333, 0.8666666666666667, 0.8666666666666667, 0.8, 0.8666666666666667, 0.8666666666666667, 0.8666666666666667, 0.8666666666666667, 0.8, 0.8, 0.8666666666666667, 0.8666666666666667, 0.8, 0.8666666666666667, 0.8666666666666667, 0.8666666666666667, 0.8666666666666667, 0.8666666666666667, 0.8666666666666667, 0.8666666666666667, 0.8666666666666667, 0.8666666666666667, 0.8, 0.8666666666666667]
0.8486666666666666
