{'mode': 'examine', 'dataset': 'human_activity', 'num_clf': 100, 'reuse': False, 'random_state': 8991, 'num_estimators': 100}
(3676, 562)
(3676, 562)
(2947, 562)
Number of label: 6 

Single different (100) (x28)

Multi different (100) (x0)

Forth quarter (76) (x25)

Third quarter (51) (x26)

Second quarter (26) (x18)

First quarter (1) (x89)

No different (0) (x3490)


[0.9774211099020674, 0.9771490750816104, 0.9785092491838956, 0.9774211099020674, 0.9763329706202394, 0.9774211099020674, 0.9801414581066377, 0.9793253536452666, 0.9776931447225244, 0.9798694232861807, 0.9790533188248096, 0.9801414581066377, 0.9771490750816104, 0.9776931447225244, 0.9774211099020674, 0.9779651795429815, 0.9774211099020674, 0.9776931447225244, 0.9793253536452666, 0.9795973884657236, 0.9801414581066377, 0.9766050054406964, 0.9782372143634385, 0.9774211099020674, 0.9766050054406964, 0.9790533188248096, 0.9766050054406964, 0.9801414581066377, 0.9771490750816104, 0.9782372143634385, 0.9790533188248096, 0.9760609357997824, 0.9785092491838956, 0.9795973884657236, 0.9787812840043526, 0.9766050054406964, 0.9787812840043526, 0.9785092491838956, 0.9795973884657236, 0.9787812840043526, 0.9787812840043526, 0.9785092491838956, 0.9804134929270947, 0.9790533188248096, 0.9779651795429815, 0.9771490750816104, 0.9771490750816104, 0.9787812840043526, 0.9806855277475517, 0.9760609357997824, 0.9768770402611534, 0.9779651795429815, 0.9776931447225244, 0.9787812840043526, 0.9782372143634385, 0.9768770402611534, 0.9795973884657236, 0.9776931447225244, 0.9790533188248096, 0.9795973884657236, 0.9760609357997824, 0.9798694232861807, 0.9779651795429815, 0.9779651795429815, 0.9774211099020674, 0.9774211099020674, 0.9757889009793254, 0.9757889009793254, 0.9779651795429815, 0.9790533188248096, 0.9771490750816104, 0.9793253536452666, 0.9768770402611534, 0.9768770402611534, 0.9795973884657236, 0.9771490750816104, 0.9782372143634385, 0.9790533188248096, 0.9760609357997824, 0.9760609357997824, 0.9790533188248096, 0.9782372143634385, 0.9795973884657236, 0.9804134929270947, 0.9787812840043526, 0.9790533188248096, 0.9766050054406964, 0.9776931447225244, 0.9763329706202394, 0.9785092491838956, 0.9787812840043526, 0.9785092491838956, 0.9782372143634385, 0.9798694232861807, 0.9801414581066377, 0.9782372143634385, 0.9785092491838956, 0.9795973884657236, 0.9782372143634385, 0.9782372143634385]
0.9782045701849836


Single different (100) (x84)

Multi different (100) (x4)

Forth quarter (76) (x85)

Third quarter (51) (x47)

Second quarter (26) (x49)

First quarter (1) (x150)

No different (0) (x2528)


[0.9243298269426535, 0.9250084832032576, 0.9280624363759755, 0.9209365456396336, 0.9209365456396336, 0.9199185612487275, 0.9243298269426535, 0.9209365456396336, 0.9212758737699356, 0.9260264675941635, 0.9209365456396336, 0.9246691550729556, 0.9267051238547676, 0.9195792331184255, 0.9267051238547676, 0.9192399049881235, 0.9209365456396336, 0.9246691550729556, 0.9199185612487275, 0.9246691550729556, 0.9256871394638616, 0.9209365456396336, 0.9243298269426535, 0.9202578893790295, 0.9260264675941635, 0.9280624363759755, 0.9195792331184255, 0.9222938581608415, 0.9222938581608415, 0.9246691550729556, 0.9243298269426535, 0.9256871394638616, 0.9239904988123515, 0.9222938581608415, 0.9297590770274856, 0.9222938581608415, 0.9253478113335596, 0.9246691550729556, 0.9222938581608415, 0.9182219205972175, 0.9256871394638616, 0.9294197488971836, 0.9229725144214456, 0.9202578893790295, 0.9267051238547676, 0.9236511706820495, 0.9222938581608415, 0.9219545300305395, 0.9263657957244655, 0.9209365456396336, 0.9273837801153716, 0.9229725144214456, 0.9246691550729556, 0.9236511706820495, 0.9219545300305395, 0.9219545300305395, 0.9253478113335596, 0.9307770614183916, 0.9192399049881235, 0.9260264675941635, 0.9151679674244995, 0.9273837801153716, 0.9263657957244655, 0.9297590770274856, 0.9216152019002375, 0.9263657957244655, 0.9212758737699356, 0.9243298269426535, 0.9297590770274856, 0.9243298269426535, 0.9239904988123515, 0.9219545300305395, 0.9219545300305395, 0.9280624363759755, 0.9243298269426535, 0.9287410926365796, 0.9273837801153716, 0.9243298269426535, 0.9216152019002375, 0.9185612487275195, 0.9233118425517476, 0.9189005768578216, 0.9233118425517476, 0.9222938581608415, 0.9243298269426535, 0.9199185612487275, 0.9195792331184255, 0.9263657957244655, 0.9260264675941635, 0.9229725144214456, 0.9236511706820495, 0.9202578893790295, 0.9256871394638616, 0.9212758737699356, 0.9161859518154055, 0.9250084832032576, 0.9192399049881235, 0.9246691550729556, 0.9212758737699356, 0.9199185612487275]
0.9234848998982014
