{'mode': 'examine', 'dataset': 'lymphography', 'num_clf': 50, 'reuse': False, 'random_state': 8358, 'num_estimators': 100}
(66, 39)
(67, 39)
(15, 39)
Number of label: 4 

Single different (50) (x5)

Multi different (50) (x1)

Forth quarter (38) (x8)

Third quarter (26) (x3)

Second quarter (13) (x1)

First quarter (1) (x6)

No different (0) (x43)


[0.7313432835820896, 0.835820895522388, 0.7313432835820896, 0.7761194029850746, 0.7611940298507462, 0.7313432835820896, 0.7761194029850746, 0.7910447761194029, 0.7313432835820896, 0.746268656716418, 0.7313432835820896, 0.7313432835820896, 0.7313432835820896, 0.7910447761194029, 0.7313432835820896, 0.7611940298507462, 0.7611940298507462, 0.746268656716418, 0.8059701492537313, 0.7761194029850746, 0.7910447761194029, 0.746268656716418, 0.7761194029850746, 0.746268656716418, 0.7761194029850746, 0.746268656716418, 0.746268656716418, 0.746268656716418, 0.746268656716418, 0.746268656716418, 0.7164179104477612, 0.746268656716418, 0.7611940298507462, 0.746268656716418, 0.746268656716418, 0.746268656716418, 0.7014925373134329, 0.7313432835820896, 0.7164179104477612, 0.7313432835820896, 0.746268656716418, 0.7611940298507462, 0.746268656716418, 0.746268656716418, 0.7910447761194029, 0.7313432835820896, 0.746268656716418, 0.8208955223880597, 0.746268656716418, 0.7611940298507462]
0.7537313432835822


Single different (50) (x0)

Multi different (50) (x1)

Forth quarter (38) (x1)

Third quarter (26) (x3)

Second quarter (13) (x0)

First quarter (1) (x1)

No different (0) (x9)


[0.7333333333333333, 0.8, 0.8, 0.8, 0.8666666666666667, 0.7333333333333333, 0.8, 0.7333333333333333, 0.7333333333333333, 0.6666666666666666, 0.8666666666666667, 0.8, 0.6666666666666666, 0.6, 0.6666666666666666, 0.8, 0.7333333333333333, 0.7333333333333333, 0.8, 0.8, 0.7333333333333333, 0.7333333333333333, 0.8, 0.7333333333333333, 0.6666666666666666, 0.7333333333333333, 0.8, 0.6666666666666666, 0.7333333333333333, 0.6666666666666666, 0.7333333333333333, 0.7333333333333333, 0.7333333333333333, 0.8, 0.7333333333333333, 0.7333333333333333, 0.7333333333333333, 0.6666666666666666, 0.6666666666666666, 0.7333333333333333, 0.8666666666666667, 0.7333333333333333, 0.8, 0.8, 0.8, 0.8666666666666667, 0.7333333333333333, 0.6666666666666666, 0.6666666666666666, 0.7333333333333333]
0.7466666666666667
