{'mode': 'examine', 'dataset': 'hepatitis', 'num_clf': 50, 'reuse': True, 'random_state': 7317, 'num_estimators': 100}
(70, 20)
(70, 20)
(15, 20)
Number of label: 2 

Single different (50) (x0)

Multi different (50) (x0)

Forth quarter (38) (x0)

Third quarter (26) (x0)

Second quarter (13) (x0)

First quarter (1) (x0)

No different (0) (x140)


[1.0, 1.0, 1.0, 1.0, 1.0, 1.0, 1.0, 1.0, 1.0, 1.0, 1.0, 1.0, 1.0, 1.0, 1.0, 1.0, 1.0, 1.0, 1.0, 1.0, 1.0, 1.0, 1.0, 1.0, 1.0, 1.0, 1.0, 1.0, 1.0, 1.0, 1.0, 1.0, 1.0, 1.0, 1.0, 1.0, 1.0, 1.0, 1.0, 1.0, 1.0, 1.0, 1.0, 1.0, 1.0, 1.0, 1.0, 1.0, 1.0, 1.0]
1.0


Single different (50) (x1)

Multi different (50) (x0)

Forth quarter (38) (x1)

Third quarter (26) (x1)

Second quarter (13) (x0)

First quarter (1) (x1)

No different (0) (x11)


[0.8666666666666667, 0.8666666666666667, 0.8, 0.8, 0.8, 0.8666666666666667, 0.8, 0.8, 0.8, 0.8666666666666667, 0.8666666666666667, 0.8, 0.8666666666666667, 0.8, 0.8, 0.8666666666666667, 0.8, 0.9333333333333333, 0.8, 0.7333333333333333, 0.8, 0.7333333333333333, 0.8, 0.8666666666666667, 0.8, 0.8666666666666667, 0.8666666666666667, 0.8, 0.8666666666666667, 0.8, 0.8666666666666667, 0.8, 0.8666666666666667, 0.8666666666666667, 0.8, 0.8666666666666667, 0.8, 0.8, 0.8, 0.8, 0.8, 0.8, 0.8, 0.8, 0.9333333333333333, 0.9333333333333333, 0.8, 0.8, 0.7333333333333333, 0.8666666666666667]
0.8253333333333335
