{'mode': 'examine', 'dataset': 'breast_cancer', 'num_clf': 100, 'reuse': True, 'random_state': 2077, 'num_estimators': 100}
(128, 16)
(129, 16)
(29, 16)
Number of label: 2 

Single different (100) (x0)

Multi different (100) (x0)

Forth quarter (76) (x3)

Third quarter (51) (x1)

Second quarter (26) (x1)

First quarter (1) (x6)

No different (0) (x246)


[0.9844357976653697, 0.9844357976653697, 0.9844357976653697, 0.9844357976653697, 0.9844357976653697, 0.9844357976653697, 0.9844357976653697, 0.9844357976653697, 0.9844357976653697, 0.9844357976653697, 0.9844357976653697, 0.9844357976653697, 0.9844357976653697, 0.9844357976653697, 0.9844357976653697, 0.9844357976653697, 0.9844357976653697, 0.9844357976653697, 0.9844357976653697, 0.9844357976653697, 0.9844357976653697, 0.9844357976653697, 0.9844357976653697, 0.9844357976653697, 0.9844357976653697, 0.9844357976653697, 0.9844357976653697, 0.9844357976653697, 0.9844357976653697, 0.9844357976653697, 0.9844357976653697, 0.9844357976653697, 0.9844357976653697, 0.9844357976653697, 0.9844357976653697, 0.9844357976653697, 0.9844357976653697, 0.9844357976653697, 0.9844357976653697, 0.9844357976653697, 0.9844357976653697, 0.9844357976653697, 0.9844357976653697, 0.9844357976653697, 0.9844357976653697, 0.9844357976653697, 0.9844357976653697, 0.9844357976653697, 0.9844357976653697, 0.9844357976653697, 0.9844357976653697, 0.9844357976653697, 0.9844357976653697, 0.9844357976653697, 0.9844357976653697, 0.9844357976653697, 0.9844357976653697, 0.980544747081712, 0.9844357976653697, 0.9844357976653697, 0.9844357976653697, 0.9844357976653697, 0.9844357976653697, 0.9844357976653697, 0.9844357976653697, 0.9844357976653697, 0.9844357976653697, 0.9844357976653697, 0.9844357976653697, 0.9844357976653697, 0.9844357976653697, 0.9844357976653697, 0.9844357976653697, 0.9844357976653697, 0.9844357976653697, 0.980544747081712, 0.9844357976653697, 0.9844357976653697, 0.9844357976653697, 0.9844357976653697, 0.9844357976653697, 0.9844357976653697, 0.9844357976653697, 0.9844357976653697, 0.9844357976653697, 0.9844357976653697, 0.9844357976653697, 0.9844357976653697, 0.9844357976653697, 0.9844357976653697, 0.9844357976653697, 0.980544747081712, 0.9844357976653697, 0.9844357976653697, 0.9844357976653697, 0.9844357976653697, 0.9844357976653697, 0.9844357976653697, 0.9844357976653697, 0.9844357976653697]
0.98431906614786


Single different (100) (x4)

Multi different (100) (x0)

Forth quarter (76) (x2)

Third quarter (51) (x1)

Second quarter (26) (x0)

First quarter (1) (x6)

No different (0) (x16)


[0.7586206896551724, 0.7241379310344828, 0.7931034482758621, 0.7241379310344828, 0.7931034482758621, 0.7586206896551724, 0.7241379310344828, 0.7931034482758621, 0.7586206896551724, 0.7586206896551724, 0.7586206896551724, 0.7586206896551724, 0.7586206896551724, 0.6896551724137931, 0.7931034482758621, 0.7931034482758621, 0.7586206896551724, 0.7241379310344828, 0.7586206896551724, 0.7586206896551724, 0.7931034482758621, 0.7931034482758621, 0.7586206896551724, 0.7586206896551724, 0.7241379310344828, 0.7586206896551724, 0.7586206896551724, 0.6896551724137931, 0.6896551724137931, 0.7931034482758621, 0.7586206896551724, 0.7586206896551724, 0.7241379310344828, 0.7241379310344828, 0.7586206896551724, 0.7586206896551724, 0.7586206896551724, 0.7931034482758621, 0.7586206896551724, 0.7931034482758621, 0.7931034482758621, 0.7241379310344828, 0.7931034482758621, 0.6896551724137931, 0.7241379310344828, 0.7241379310344828, 0.7586206896551724, 0.8275862068965517, 0.7586206896551724, 0.7241379310344828, 0.7241379310344828, 0.6896551724137931, 0.7586206896551724, 0.7586206896551724, 0.7931034482758621, 0.7586206896551724, 0.7586206896551724, 0.7586206896551724, 0.7586206896551724, 0.7931034482758621, 0.7241379310344828, 0.6896551724137931, 0.7586206896551724, 0.7586206896551724, 0.7931034482758621, 0.7586206896551724, 0.7931034482758621, 0.7586206896551724, 0.8275862068965517, 0.7586206896551724, 0.6896551724137931, 0.6896551724137931, 0.7241379310344828, 0.7586206896551724, 0.7241379310344828, 0.7586206896551724, 0.7241379310344828, 0.7586206896551724, 0.6896551724137931, 0.7241379310344828, 0.7241379310344828, 0.7586206896551724, 0.7586206896551724, 0.7931034482758621, 0.7241379310344828, 0.7586206896551724, 0.7586206896551724, 0.7241379310344828, 0.7586206896551724, 0.7241379310344828, 0.7586206896551724, 0.6896551724137931, 0.7241379310344828, 0.7586206896551724, 0.7586206896551724, 0.6896551724137931, 0.8275862068965517, 0.7586206896551724, 0.7241379310344828, 0.7931034482758621]
0.7513793103448276
