{'mode': 'examine', 'dataset': 'dematology', 'num_clf': 50, 'reuse': False, 'random_state': 8578, 'num_estimators': 100}
(164, 35)
(165, 35)
(37, 35)
Number of label: 6 

Single different (50) (x1)

Multi different (50) (x0)

Forth quarter (38) (x5)

Third quarter (26) (x1)

Second quarter (13) (x0)

First quarter (1) (x1)

No different (0) (x157)


[0.9818181818181818, 0.9575757575757575, 0.9575757575757575, 0.9636363636363636, 0.9575757575757575, 0.9575757575757575, 0.9818181818181818, 0.9757575757575757, 0.9696969696969697, 0.9575757575757575, 0.9636363636363636, 0.9575757575757575, 0.9757575757575757, 0.9636363636363636, 0.9636363636363636, 0.9515151515151515, 0.9575757575757575, 0.9575757575757575, 0.9696969696969697, 0.9575757575757575, 0.9757575757575757, 0.9575757575757575, 0.9575757575757575, 0.9575757575757575, 0.9515151515151515, 0.9636363636363636, 0.9575757575757575, 0.9696969696969697, 0.9757575757575757, 0.9757575757575757, 0.9636363636363636, 0.9575757575757575, 0.9575757575757575, 0.9515151515151515, 0.9575757575757575, 0.9636363636363636, 0.9575757575757575, 0.9575757575757575, 0.9575757575757575, 0.9636363636363636, 0.9636363636363636, 0.9575757575757575, 0.9636363636363636, 0.9575757575757575, 0.9636363636363636, 0.9636363636363636, 0.9575757575757575, 0.9636363636363636, 0.9636363636363636, 0.9575757575757575]
0.9624242424242425


Single different (50) (x0)

Multi different (50) (x0)

Forth quarter (38) (x1)

Third quarter (26) (x0)

Second quarter (13) (x0)

First quarter (1) (x1)

No different (0) (x35)


[1.0, 0.972972972972973, 0.972972972972973, 0.972972972972973, 0.972972972972973, 0.972972972972973, 0.972972972972973, 1.0, 0.972972972972973, 0.972972972972973, 1.0, 0.972972972972973, 0.972972972972973, 0.972972972972973, 0.972972972972973, 0.972972972972973, 0.972972972972973, 0.972972972972973, 0.972972972972973, 0.972972972972973, 0.972972972972973, 0.972972972972973, 0.972972972972973, 0.972972972972973, 0.972972972972973, 0.972972972972973, 0.972972972972973, 0.972972972972973, 0.972972972972973, 0.972972972972973, 0.972972972972973, 0.972972972972973, 0.972972972972973, 0.972972972972973, 0.972972972972973, 0.972972972972973, 0.972972972972973, 0.972972972972973, 0.972972972972973, 0.972972972972973, 0.972972972972973, 0.972972972972973, 1.0, 0.972972972972973, 0.972972972972973, 0.972972972972973, 0.972972972972973, 0.972972972972973, 0.972972972972973, 0.972972972972973]
0.9751351351351352
