{'mode': 'examine', 'dataset': 'ecoli', 'num_clf': 50, 'reuse': True, 'random_state': 735, 'num_estimators': 100}
(151, 8)
(151, 8)
(34, 8)
Number of label: 8 

Single different (50) (x0)

Multi different (50) (x0)

Forth quarter (38) (x0)

Third quarter (26) (x0)

Second quarter (13) (x0)

First quarter (1) (x0)

No different (0) (x302)


[1.0, 1.0, 1.0, 1.0, 1.0, 1.0, 1.0, 1.0, 1.0, 1.0, 1.0, 1.0, 1.0, 1.0, 1.0, 1.0, 1.0, 1.0, 1.0, 1.0, 1.0, 1.0, 1.0, 1.0, 1.0, 1.0, 1.0, 1.0, 1.0, 1.0, 1.0, 1.0, 1.0, 1.0, 1.0, 1.0, 1.0, 1.0, 1.0, 1.0, 1.0, 1.0, 1.0, 1.0, 1.0, 1.0, 1.0, 1.0, 1.0, 1.0]
1.0


Single different (50) (x4)

Multi different (50) (x0)

Forth quarter (38) (x1)

Third quarter (26) (x0)

Second quarter (13) (x2)

First quarter (1) (x1)

No different (0) (x26)


[0.7941176470588235, 0.8235294117647058, 0.7941176470588235, 0.8529411764705882, 0.8529411764705882, 0.8529411764705882, 0.8529411764705882, 0.7941176470588235, 0.8529411764705882, 0.8235294117647058, 0.7941176470588235, 0.8529411764705882, 0.8529411764705882, 0.8529411764705882, 0.7941176470588235, 0.8529411764705882, 0.8529411764705882, 0.8529411764705882, 0.8529411764705882, 0.8235294117647058, 0.8235294117647058, 0.8235294117647058, 0.7941176470588235, 0.7941176470588235, 0.8529411764705882, 0.7941176470588235, 0.8529411764705882, 0.8235294117647058, 0.7647058823529411, 0.8235294117647058, 0.8235294117647058, 0.8235294117647058, 0.8529411764705882, 0.7647058823529411, 0.7941176470588235, 0.8529411764705882, 0.8529411764705882, 0.8235294117647058, 0.8529411764705882, 0.7941176470588235, 0.8235294117647058, 0.8235294117647058, 0.8529411764705882, 0.8235294117647058, 0.7941176470588235, 0.8235294117647058, 0.8235294117647058, 0.8529411764705882, 0.8235294117647058, 0.8529411764705882]
0.8270588235294116
