{'mode': 'examine', 'dataset': 'hepatitis', 'num_clf': 50, 'reuse': False, 'random_state': 3345, 'num_estimators': 100}
(70, 20)
(70, 20)
(15, 20)
Number of label: 2 

Single different (50) (x6)

Multi different (50) (x0)

Forth quarter (38) (x5)

Third quarter (26) (x2)

Second quarter (13) (x2)

First quarter (1) (x3)

No different (0) (x52)


[0.8285714285714286, 0.8, 0.8142857142857143, 0.8285714285714286, 0.8285714285714286, 0.8428571428571429, 0.8142857142857143, 0.8142857142857143, 0.8, 0.8142857142857143, 0.8571428571428571, 0.8285714285714286, 0.8428571428571429, 0.8, 0.8142857142857143, 0.8428571428571429, 0.8428571428571429, 0.8285714285714286, 0.8285714285714286, 0.8142857142857143, 0.8142857142857143, 0.8285714285714286, 0.8285714285714286, 0.8, 0.8, 0.8285714285714286, 0.8142857142857143, 0.7857142857142857, 0.8142857142857143, 0.8285714285714286, 0.8, 0.8142857142857143, 0.8142857142857143, 0.8285714285714286, 0.8142857142857143, 0.8142857142857143, 0.8142857142857143, 0.8, 0.8142857142857143, 0.7857142857142857, 0.8285714285714286, 0.8285714285714286, 0.8285714285714286, 0.8428571428571429, 0.8142857142857143, 0.8285714285714286, 0.8285714285714286, 0.8285714285714286, 0.8, 0.8]
0.819142857142857


Single different (50) (x3)

Multi different (50) (x0)

Forth quarter (38) (x0)

Third quarter (26) (x1)

Second quarter (13) (x0)

First quarter (1) (x0)

No different (0) (x11)


[0.7333333333333333, 0.7333333333333333, 0.8, 0.7333333333333333, 0.8, 0.8, 0.8, 0.8, 0.8, 0.8, 0.8, 0.8, 0.7333333333333333, 0.7333333333333333, 0.8, 0.8, 0.7333333333333333, 0.8, 0.8, 0.7333333333333333, 0.7333333333333333, 0.8, 0.7333333333333333, 0.7333333333333333, 0.7333333333333333, 0.7333333333333333, 0.8, 0.8, 0.7333333333333333, 0.7333333333333333, 0.8, 0.8, 0.8, 0.7333333333333333, 0.7333333333333333, 0.8, 0.7333333333333333, 0.7333333333333333, 0.7333333333333333, 0.7333333333333333, 0.8, 0.7333333333333333, 0.7333333333333333, 0.8, 0.7333333333333333, 0.8, 0.7333333333333333, 0.8, 0.7333333333333333, 0.7333333333333333]
0.7653333333333333
