{'mode': 'examine', 'dataset': 'audiology', 'num_clf': 100, 'reuse': False, 'random_state': 1608, 'num_estimators': 100}
(100, 95)
(100, 95)
(26, 95)
Number of label: 24 

Single different (100) (x9)

Multi different (100) (x11)

Forth quarter (76) (x11)

Third quarter (51) (x2)

Second quarter (26) (x5)

First quarter (1) (x11)

No different (0) (x51)


[0.68, 0.66, 0.66, 0.69, 0.67, 0.68, 0.7, 0.63, 0.67, 0.66, 0.67, 0.67, 0.64, 0.66, 0.65, 0.67, 0.65, 0.67, 0.65, 0.67, 0.69, 0.63, 0.65, 0.67, 0.65, 0.66, 0.66, 0.67, 0.66, 0.68, 0.65, 0.66, 0.66, 0.65, 0.65, 0.62, 0.69, 0.66, 0.69, 0.62, 0.68, 0.66, 0.66, 0.64, 0.68, 0.65, 0.66, 0.68, 0.66, 0.68, 0.66, 0.67, 0.66, 0.66, 0.66, 0.67, 0.67, 0.66, 0.68, 0.66, 0.64, 0.62, 0.65, 0.66, 0.66, 0.65, 0.67, 0.67, 0.69, 0.65, 0.65, 0.66, 0.68, 0.66, 0.7, 0.66, 0.67, 0.66, 0.68, 0.64, 0.67, 0.66, 0.65, 0.69, 0.68, 0.64, 0.67, 0.65, 0.65, 0.64, 0.67, 0.67, 0.7, 0.64, 0.69, 0.65, 0.65, 0.65, 0.67, 0.66]
0.6624000000000001


Single different (100) (x2)

Multi different (100) (x1)

Forth quarter (76) (x1)

Third quarter (51) (x1)

Second quarter (26) (x2)

First quarter (1) (x4)

No different (0) (x15)


[0.8076923076923077, 0.7692307692307693, 0.7692307692307693, 0.8076923076923077, 0.8461538461538461, 0.7692307692307693, 0.8076923076923077, 0.7692307692307693, 0.8461538461538461, 0.7307692307692307, 0.7692307692307693, 0.8461538461538461, 0.8461538461538461, 0.8461538461538461, 0.8076923076923077, 0.8076923076923077, 0.7307692307692307, 0.6923076923076923, 0.7692307692307693, 0.7307692307692307, 0.8076923076923077, 0.7692307692307693, 0.7692307692307693, 0.8076923076923077, 0.7307692307692307, 0.7307692307692307, 0.7307692307692307, 0.7692307692307693, 0.7692307692307693, 0.7692307692307693, 0.7692307692307693, 0.7692307692307693, 0.8076923076923077, 0.7307692307692307, 0.8461538461538461, 0.7307692307692307, 0.8461538461538461, 0.8076923076923077, 0.8461538461538461, 0.7307692307692307, 0.8461538461538461, 0.7692307692307693, 0.7692307692307693, 0.7692307692307693, 0.7692307692307693, 0.7692307692307693, 0.8076923076923077, 0.8076923076923077, 0.7692307692307693, 0.8076923076923077, 0.8076923076923077, 0.7692307692307693, 0.7692307692307693, 0.7692307692307693, 0.7692307692307693, 0.8076923076923077, 0.7692307692307693, 0.7692307692307693, 0.8076923076923077, 0.6923076923076923, 0.7692307692307693, 0.7692307692307693, 0.8076923076923077, 0.7692307692307693, 0.7692307692307693, 0.7692307692307693, 0.8076923076923077, 0.8076923076923077, 0.7692307692307693, 0.8076923076923077, 0.7692307692307693, 0.7692307692307693, 0.8076923076923077, 0.8076923076923077, 0.7692307692307693, 0.8846153846153846, 0.8076923076923077, 0.7692307692307693, 0.8076923076923077, 0.7307692307692307, 0.8076923076923077, 0.7692307692307693, 0.7307692307692307, 0.7692307692307693, 0.7307692307692307, 0.7307692307692307, 0.8076923076923077, 0.8076923076923077, 0.7692307692307693, 0.7307692307692307, 0.7692307692307693, 0.8461538461538461, 0.8076923076923077, 0.7307692307692307, 0.8076923076923077, 0.8076923076923077, 0.8076923076923077, 0.7692307692307693, 0.7692307692307693, 0.8076923076923077]
0.7826923076923077
