{'mode': 'examine', 'dataset': 'hepatitis', 'num_clf': 100, 'reuse': False, 'random_state': 212, 'num_estimators': 100}
(70, 20)
(70, 20)
(15, 20)
Number of label: 2 

Single different (100) (x8)

Multi different (100) (x0)

Forth quarter (76) (x1)

Third quarter (51) (x1)

Second quarter (26) (x2)

First quarter (1) (x7)

No different (0) (x51)


[0.8428571428571429, 0.8428571428571429, 0.8428571428571429, 0.8428571428571429, 0.8571428571428571, 0.8428571428571429, 0.8428571428571429, 0.8285714285714286, 0.8142857142857143, 0.8571428571428571, 0.8428571428571429, 0.8428571428571429, 0.8285714285714286, 0.8714285714285714, 0.8571428571428571, 0.8285714285714286, 0.8571428571428571, 0.8571428571428571, 0.8285714285714286, 0.8571428571428571, 0.8571428571428571, 0.8571428571428571, 0.8428571428571429, 0.8285714285714286, 0.8571428571428571, 0.8428571428571429, 0.8285714285714286, 0.8285714285714286, 0.8428571428571429, 0.7857142857142857, 0.8428571428571429, 0.8428571428571429, 0.8571428571428571, 0.8571428571428571, 0.8428571428571429, 0.8428571428571429, 0.8428571428571429, 0.8428571428571429, 0.8571428571428571, 0.8428571428571429, 0.8571428571428571, 0.8428571428571429, 0.8714285714285714, 0.8428571428571429, 0.8428571428571429, 0.8571428571428571, 0.8571428571428571, 0.8428571428571429, 0.8571428571428571, 0.8285714285714286, 0.8428571428571429, 0.8285714285714286, 0.8285714285714286, 0.8428571428571429, 0.8428571428571429, 0.8571428571428571, 0.8428571428571429, 0.8428571428571429, 0.8571428571428571, 0.8428571428571429, 0.8428571428571429, 0.8428571428571429, 0.8428571428571429, 0.8, 0.8428571428571429, 0.8714285714285714, 0.8714285714285714, 0.8571428571428571, 0.8714285714285714, 0.8571428571428571, 0.8428571428571429, 0.8571428571428571, 0.8714285714285714, 0.8571428571428571, 0.8428571428571429, 0.8571428571428571, 0.8428571428571429, 0.8285714285714286, 0.8571428571428571, 0.8142857142857143, 0.8428571428571429, 0.8285714285714286, 0.8571428571428571, 0.8571428571428571, 0.8428571428571429, 0.8571428571428571, 0.8285714285714286, 0.8428571428571429, 0.8571428571428571, 0.8428571428571429, 0.8285714285714286, 0.8285714285714286, 0.8285714285714286, 0.8571428571428571, 0.8428571428571429, 0.8428571428571429, 0.8428571428571429, 0.8571428571428571, 0.8571428571428571, 0.8142857142857143]
0.844857142857143


Single different (100) (x4)

Multi different (100) (x0)

Forth quarter (76) (x0)

Third quarter (51) (x0)

Second quarter (26) (x0)

First quarter (1) (x1)

No different (0) (x10)


[0.7333333333333333, 0.6666666666666666, 0.7333333333333333, 0.7333333333333333, 0.7333333333333333, 0.7333333333333333, 0.7333333333333333, 0.7333333333333333, 0.7333333333333333, 0.7333333333333333, 0.7333333333333333, 0.7333333333333333, 0.7333333333333333, 0.7333333333333333, 0.7333333333333333, 0.7333333333333333, 0.7333333333333333, 0.7333333333333333, 0.7333333333333333, 0.7333333333333333, 0.7333333333333333, 0.7333333333333333, 0.7333333333333333, 0.7333333333333333, 0.7333333333333333, 0.7333333333333333, 0.7333333333333333, 0.7333333333333333, 0.7333333333333333, 0.7333333333333333, 0.7333333333333333, 0.7333333333333333, 0.7333333333333333, 0.7333333333333333, 0.7333333333333333, 0.7333333333333333, 0.7333333333333333, 0.7333333333333333, 0.7333333333333333, 0.7333333333333333, 0.7333333333333333, 0.7333333333333333, 0.7333333333333333, 0.7333333333333333, 0.7333333333333333, 0.7333333333333333, 0.7333333333333333, 0.7333333333333333, 0.7333333333333333, 0.7333333333333333, 0.7333333333333333, 0.7333333333333333, 0.7333333333333333, 0.7333333333333333, 0.7333333333333333, 0.7333333333333333, 0.7333333333333333, 0.7333333333333333, 0.7333333333333333, 0.7333333333333333, 0.7333333333333333, 0.7333333333333333, 0.7333333333333333, 0.7333333333333333, 0.7333333333333333, 0.7333333333333333, 0.7333333333333333, 0.7333333333333333, 0.7333333333333333, 0.7333333333333333, 0.7333333333333333, 0.7333333333333333, 0.7333333333333333, 0.7333333333333333, 0.7333333333333333, 0.7333333333333333, 0.7333333333333333, 0.7333333333333333, 0.7333333333333333, 0.7333333333333333, 0.7333333333333333, 0.7333333333333333, 0.7333333333333333, 0.7333333333333333, 0.6666666666666666, 0.7333333333333333, 0.7333333333333333, 0.7333333333333333, 0.7333333333333333, 0.7333333333333333, 0.7333333333333333, 0.7333333333333333, 0.7333333333333333, 0.7333333333333333, 0.7333333333333333, 0.7333333333333333, 0.7333333333333333, 0.7333333333333333, 0.7333333333333333, 0.7333333333333333]
0.7319999999999999
