{'mode': 'examine', 'dataset': 'breast_cancer', 'num_clf': 50, 'reuse': True, 'random_state': 8339, 'num_estimators': 100}
(128, 16)
(129, 16)
(29, 16)
Number of label: 2 

Single different (50) (x0)

Multi different (50) (x0)

Forth quarter (38) (x4)

Third quarter (26) (x2)

Second quarter (13) (x2)

First quarter (1) (x6)

No different (0) (x243)


[0.9766536964980544, 0.9766536964980544, 0.9766536964980544, 0.9766536964980544, 0.9766536964980544, 0.9766536964980544, 0.9766536964980544, 0.9766536964980544, 0.9766536964980544, 0.9766536964980544, 0.9766536964980544, 0.9766536964980544, 0.9766536964980544, 0.9766536964980544, 0.9766536964980544, 0.9766536964980544, 0.9766536964980544, 0.9766536964980544, 0.9766536964980544, 0.9766536964980544, 0.9766536964980544, 0.9766536964980544, 0.9766536964980544, 0.9766536964980544, 0.9766536964980544, 0.9766536964980544, 0.9766536964980544, 0.9766536964980544, 0.9766536964980544, 0.9766536964980544, 0.9766536964980544, 0.9766536964980544, 0.9766536964980544, 0.9766536964980544, 0.9766536964980544, 0.9766536964980544, 0.9766536964980544, 0.9766536964980544, 0.9766536964980544, 0.9766536964980544, 0.9766536964980544, 0.9766536964980544, 0.9766536964980544, 0.9727626459143969, 0.9727626459143969, 0.9766536964980544, 0.9766536964980544, 0.9766536964980544, 0.9766536964980544, 0.9766536964980544]
0.9764980544747082


Single different (50) (x4)

Multi different (50) (x0)

Forth quarter (38) (x2)

Third quarter (26) (x1)

Second quarter (13) (x1)

First quarter (1) (x0)

No different (0) (x21)


[0.7586206896551724, 0.7586206896551724, 0.7586206896551724, 0.7586206896551724, 0.7586206896551724, 0.7586206896551724, 0.7586206896551724, 0.7241379310344828, 0.8275862068965517, 0.7241379310344828, 0.7586206896551724, 0.7931034482758621, 0.7931034482758621, 0.7586206896551724, 0.7241379310344828, 0.7586206896551724, 0.7586206896551724, 0.7931034482758621, 0.7586206896551724, 0.7586206896551724, 0.7586206896551724, 0.7586206896551724, 0.7586206896551724, 0.7586206896551724, 0.7586206896551724, 0.7931034482758621, 0.7241379310344828, 0.7586206896551724, 0.7586206896551724, 0.7931034482758621, 0.7586206896551724, 0.7586206896551724, 0.7241379310344828, 0.7241379310344828, 0.7586206896551724, 0.7931034482758621, 0.7931034482758621, 0.7241379310344828, 0.7586206896551724, 0.7931034482758621, 0.7931034482758621, 0.7586206896551724, 0.7931034482758621, 0.7241379310344828, 0.7241379310344828, 0.7586206896551724, 0.7241379310344828, 0.7586206896551724, 0.7586206896551724, 0.7586206896551724]
0.76
