{'mode': 'examine', 'dataset': 'glass', 'num_clf': 50, 'reuse': False, 'random_state': 3168, 'num_estimators': 100}
(96, 10)
(97, 10)
(21, 10)
Number of label: 6 

Single different (50) (x10)

Multi different (50) (x2)

Forth quarter (38) (x5)

Third quarter (26) (x4)

Second quarter (13) (x4)

First quarter (1) (x16)

No different (0) (x56)


[0.7525773195876289, 0.7938144329896907, 0.8144329896907216, 0.7319587628865979, 0.8041237113402062, 0.7731958762886598, 0.7422680412371134, 0.7731958762886598, 0.7525773195876289, 0.7628865979381443, 0.7628865979381443, 0.8041237113402062, 0.7938144329896907, 0.7731958762886598, 0.7422680412371134, 0.7628865979381443, 0.7835051546391752, 0.7938144329896907, 0.7525773195876289, 0.7525773195876289, 0.7628865979381443, 0.7731958762886598, 0.7319587628865979, 0.7628865979381443, 0.7628865979381443, 0.7835051546391752, 0.7938144329896907, 0.7938144329896907, 0.7731958762886598, 0.7216494845360825, 0.8041237113402062, 0.8041237113402062, 0.7731958762886598, 0.8041237113402062, 0.7731958762886598, 0.7628865979381443, 0.8144329896907216, 0.7938144329896907, 0.7731958762886598, 0.7835051546391752, 0.7216494845360825, 0.7731958762886598, 0.7525773195876289, 0.7731958762886598, 0.7938144329896907, 0.7835051546391752, 0.7628865979381443, 0.7628865979381443, 0.8041237113402062, 0.7835051546391752]
0.7736082474226804


Single different (50) (x2)

Multi different (50) (x0)

Forth quarter (38) (x2)

Third quarter (26) (x0)

Second quarter (13) (x0)

First quarter (1) (x3)

No different (0) (x14)


[0.8571428571428571, 0.8095238095238095, 0.8095238095238095, 0.8095238095238095, 0.7142857142857143, 0.8095238095238095, 0.7619047619047619, 0.8095238095238095, 0.8571428571428571, 0.8095238095238095, 0.8095238095238095, 0.8095238095238095, 0.7619047619047619, 0.8095238095238095, 0.8095238095238095, 0.8095238095238095, 0.8095238095238095, 0.8571428571428571, 0.8095238095238095, 0.7619047619047619, 0.8095238095238095, 0.7619047619047619, 0.8095238095238095, 0.8095238095238095, 0.8095238095238095, 0.8571428571428571, 0.8095238095238095, 0.8095238095238095, 0.8571428571428571, 0.8095238095238095, 0.8095238095238095, 0.8095238095238095, 0.7619047619047619, 0.8095238095238095, 0.7619047619047619, 0.8095238095238095, 0.8095238095238095, 0.8095238095238095, 0.8095238095238095, 0.8095238095238095, 0.7142857142857143, 0.8095238095238095, 0.7619047619047619, 0.7619047619047619, 0.8095238095238095, 0.8095238095238095, 0.8095238095238095, 0.8095238095238095, 0.8095238095238095, 0.8571428571428571]
0.8038095238095236
