{'mode': 'examine', 'dataset': 'cmc', 'num_clf': 50, 'reuse': True, 'random_state': 7597, 'num_estimators': 100}
(663, 22)
(663, 22)
(147, 22)
Number of label: 3 

Single different (50) (x9)

Multi different (50) (x0)

Forth quarter (38) (x22)

Third quarter (26) (x27)

Second quarter (13) (x24)

First quarter (1) (x17)

No different (0) (x1227)


[0.9577677224736049, 0.9577677224736049, 0.9577677224736049, 0.9577677224736049, 0.9577677224736049, 0.9577677224736049, 0.9577677224736049, 0.9577677224736049, 0.9577677224736049, 0.9577677224736049, 0.9577677224736049, 0.9577677224736049, 0.9577677224736049, 0.9577677224736049, 0.9577677224736049, 0.9577677224736049, 0.9577677224736049, 0.9577677224736049, 0.9577677224736049, 0.9577677224736049, 0.9577677224736049, 0.9577677224736049, 0.9577677224736049, 0.9577677224736049, 0.9577677224736049, 0.9577677224736049, 0.9577677224736049, 0.9577677224736049, 0.9577677224736049, 0.9577677224736049, 0.9577677224736049, 0.9577677224736049, 0.9577677224736049, 0.9577677224736049, 0.9577677224736049, 0.9577677224736049, 0.9577677224736049, 0.9577677224736049, 0.9577677224736049, 0.9577677224736049, 0.9577677224736049, 0.9577677224736049, 0.9577677224736049, 0.9577677224736049, 0.9577677224736049, 0.9577677224736049, 0.9577677224736049, 0.9577677224736049, 0.9577677224736049, 0.9577677224736049]
0.9577677224736049


Single different (50) (x50)

Multi different (50) (x5)

Forth quarter (38) (x17)

Third quarter (26) (x2)

Second quarter (13) (x7)

First quarter (1) (x11)

No different (0) (x55)


[0.4965986394557823, 0.46938775510204084, 0.4965986394557823, 0.46938775510204084, 0.4965986394557823, 0.48299319727891155, 0.4965986394557823, 0.47619047619047616, 0.48299319727891155, 0.48299319727891155, 0.4897959183673469, 0.48299319727891155, 0.47619047619047616, 0.47619047619047616, 0.47619047619047616, 0.5034013605442177, 0.4557823129251701, 0.5034013605442177, 0.48299319727891155, 0.46258503401360546, 0.5034013605442177, 0.4897959183673469, 0.4965986394557823, 0.4965986394557823, 0.4897959183673469, 0.4965986394557823, 0.47619047619047616, 0.46938775510204084, 0.46938775510204084, 0.47619047619047616, 0.4965986394557823, 0.4965986394557823, 0.47619047619047616, 0.47619047619047616, 0.48299319727891155, 0.4965986394557823, 0.4897959183673469, 0.4897959183673469, 0.48299319727891155, 0.4897959183673469, 0.5102040816326531, 0.5034013605442177, 0.5170068027210885, 0.4897959183673469, 0.46938775510204084, 0.46938775510204084, 0.5102040816326531, 0.4897959183673469, 0.47619047619047616, 0.4965986394557823]
0.48666666666666664
