{'mode': 'examine', 'dataset': 'human_activity', 'num_clf': 50, 'reuse': True, 'random_state': 8426, 'num_estimators': 100}
(3676, 562)
(3676, 562)
(2947, 562)
Number of label: 6 

Single different (50) (x0)

Multi different (50) (x0)

Forth quarter (38) (x0)

Third quarter (26) (x0)

Second quarter (13) (x0)

First quarter (1) (x0)

No different (0) (x7352)


[1.0, 1.0, 1.0, 1.0, 1.0, 1.0, 1.0, 1.0, 1.0, 1.0, 1.0, 1.0, 1.0, 1.0, 1.0, 1.0, 1.0, 1.0, 1.0, 1.0, 1.0, 1.0, 1.0, 1.0, 1.0, 1.0, 1.0, 1.0, 1.0, 1.0, 1.0, 1.0, 1.0, 1.0, 1.0, 1.0, 1.0, 1.0, 1.0, 1.0, 1.0, 1.0, 1.0, 1.0, 1.0, 1.0, 1.0, 1.0, 1.0, 1.0]
1.0


Single different (50) (x87)

Multi different (50) (x2)

Forth quarter (38) (x79)

Third quarter (26) (x43)

Second quarter (13) (x51)

First quarter (1) (x131)

No different (0) (x2554)


[0.9294197488971836, 0.9243298269426535, 0.9263657957244655, 0.9270444519850696, 0.9294197488971836, 0.9246691550729556, 0.9233118425517476, 0.9253478113335596, 0.9307770614183916, 0.9307770614183916, 0.9239904988123515, 0.9250084832032576, 0.9209365456396336, 0.9290804207668816, 0.9297590770274856, 0.9300984051577876, 0.9284017645062775, 0.9277231082456736, 0.9263657957244655, 0.9297590770274856, 0.9239904988123515, 0.9284017645062775, 0.9277231082456736, 0.9253478113335596, 0.9311163895486936, 0.9270444519850696, 0.9294197488971836, 0.9233118425517476, 0.9239904988123515, 0.9273837801153716, 0.9290804207668816, 0.9273837801153716, 0.9277231082456736, 0.9270444519850696, 0.9226331862911435, 0.9270444519850696, 0.9290804207668816, 0.9243298269426535, 0.9246691550729556, 0.9246691550729556, 0.9239904988123515, 0.9256871394638616, 0.9267051238547676, 0.9311163895486936, 0.9277231082456736, 0.9267051238547676, 0.9287410926365796, 0.9253478113335596, 0.9253478113335596, 0.9250084832032576]
0.9268069222938581
