{'mode': 'examine', 'dataset': 'lymphography', 'num_clf': 50, 'reuse': True, 'random_state': 5032, 'num_estimators': 100}
(66, 39)
(67, 39)
(15, 39)
Number of label: 4 

Single different (50) (x0)

Multi different (50) (x0)

Forth quarter (38) (x0)

Third quarter (26) (x0)

Second quarter (13) (x0)

First quarter (1) (x1)

No different (0) (x132)


[1.0, 1.0, 1.0, 1.0, 1.0, 1.0, 1.0, 1.0, 1.0, 1.0, 1.0, 1.0, 1.0, 1.0, 1.0, 1.0, 1.0, 1.0, 1.0, 0.9924812030075187, 1.0, 1.0, 1.0, 1.0, 1.0, 1.0, 1.0, 1.0, 1.0, 1.0, 1.0, 1.0, 1.0, 1.0, 1.0, 1.0, 1.0, 1.0, 1.0, 1.0, 1.0, 1.0, 1.0, 1.0, 1.0, 1.0, 1.0, 1.0, 1.0, 1.0]
0.9998496240601503


Single different (50) (x1)

Multi different (50) (x1)

Forth quarter (38) (x0)

Third quarter (26) (x0)

Second quarter (13) (x0)

First quarter (1) (x2)

No different (0) (x11)


[0.8666666666666667, 0.8666666666666667, 0.8, 0.8666666666666667, 0.8, 0.8666666666666667, 0.8666666666666667, 0.8666666666666667, 0.8666666666666667, 0.8666666666666667, 0.8666666666666667, 0.8666666666666667, 0.8, 0.8, 0.8666666666666667, 0.8666666666666667, 0.8, 0.8666666666666667, 0.8666666666666667, 0.8666666666666667, 0.8666666666666667, 0.8, 0.7333333333333333, 0.8666666666666667, 0.8666666666666667, 0.8666666666666667, 0.8666666666666667, 0.8666666666666667, 0.8, 0.8666666666666667, 0.8666666666666667, 0.8666666666666667, 0.8666666666666667, 0.8666666666666667, 0.8, 0.8666666666666667, 0.8666666666666667, 0.8666666666666667, 0.8666666666666667, 0.8666666666666667, 0.8666666666666667, 0.8, 0.8666666666666667, 0.8666666666666667, 0.8, 0.8666666666666667, 0.8, 0.8666666666666667, 0.8666666666666667, 0.8666666666666667]
0.8493333333333334
