{'mode': 'examine', 'dataset': 'breast_cancer', 'num_clf': 50, 'reuse': False, 'random_state': 8892, 'num_estimators': 100}
(128, 16)
(129, 16)
(29, 16)
Number of label: 2 

Single different (50) (x26)

Multi different (50) (x0)

Forth quarter (38) (x4)

Third quarter (26) (x8)

Second quarter (13) (x4)

First quarter (1) (x10)

No different (0) (x77)


[0.7054263565891473, 0.7209302325581395, 0.689922480620155, 0.7209302325581395, 0.6976744186046512, 0.7364341085271318, 0.7131782945736435, 0.7054263565891473, 0.7286821705426356, 0.6976744186046512, 0.6976744186046512, 0.7364341085271318, 0.7131782945736435, 0.7054263565891473, 0.7054263565891473, 0.7286821705426356, 0.7131782945736435, 0.7286821705426356, 0.7131782945736435, 0.6821705426356589, 0.7364341085271318, 0.7209302325581395, 0.6976744186046512, 0.7054263565891473, 0.7054263565891473, 0.6976744186046512, 0.7286821705426356, 0.689922480620155, 0.689922480620155, 0.7131782945736435, 0.7054263565891473, 0.7364341085271318, 0.6976744186046512, 0.7131782945736435, 0.7131782945736435, 0.6976744186046512, 0.6976744186046512, 0.7209302325581395, 0.7286821705426356, 0.6976744186046512, 0.7364341085271318, 0.7364341085271318, 0.6666666666666666, 0.7054263565891473, 0.689922480620155, 0.6976744186046512, 0.7131782945736435, 0.7441860465116279, 0.7209302325581395, 0.6821705426356589]
0.7105426356589147


Single different (50) (x6)

Multi different (50) (x0)

Forth quarter (38) (x3)

Third quarter (26) (x1)

Second quarter (13) (x0)

First quarter (1) (x2)

No different (0) (x17)


[0.6551724137931034, 0.6896551724137931, 0.6896551724137931, 0.7241379310344828, 0.6551724137931034, 0.6896551724137931, 0.6896551724137931, 0.6896551724137931, 0.6551724137931034, 0.6896551724137931, 0.6551724137931034, 0.6206896551724138, 0.6896551724137931, 0.6896551724137931, 0.6206896551724138, 0.6896551724137931, 0.6896551724137931, 0.7241379310344828, 0.6896551724137931, 0.7241379310344828, 0.6551724137931034, 0.6896551724137931, 0.6896551724137931, 0.6896551724137931, 0.6551724137931034, 0.6551724137931034, 0.6896551724137931, 0.6551724137931034, 0.7241379310344828, 0.6896551724137931, 0.6551724137931034, 0.7241379310344828, 0.6896551724137931, 0.6896551724137931, 0.6896551724137931, 0.7586206896551724, 0.6551724137931034, 0.6551724137931034, 0.6896551724137931, 0.6896551724137931, 0.6896551724137931, 0.6551724137931034, 0.6551724137931034, 0.6551724137931034, 0.6551724137931034, 0.6551724137931034, 0.6551724137931034, 0.6551724137931034, 0.6896551724137931, 0.6896551724137931]
0.6793103448275862
