{'mode': 'examine', 'dataset': 'glass', 'num_clf': 100, 'reuse': True, 'random_state': 737, 'num_estimators': 100}
(96, 10)
(97, 10)
(21, 10)
Number of label: 6 

Single different (100) (x0)

Multi different (100) (x0)

Forth quarter (76) (x0)

Third quarter (51) (x0)

Second quarter (26) (x0)

First quarter (1) (x1)

No different (0) (x192)


[1.0, 1.0, 1.0, 1.0, 1.0, 1.0, 1.0, 1.0, 1.0, 1.0, 1.0, 1.0, 1.0, 1.0, 1.0, 1.0, 1.0, 1.0, 1.0, 1.0, 1.0, 1.0, 1.0, 1.0, 1.0, 1.0, 1.0, 1.0, 1.0, 1.0, 1.0, 1.0, 1.0, 1.0, 1.0, 1.0, 1.0, 1.0, 1.0, 1.0, 1.0, 1.0, 1.0, 1.0, 1.0, 1.0, 1.0, 1.0, 1.0, 1.0, 1.0, 1.0, 1.0, 1.0, 1.0, 1.0, 1.0, 1.0, 1.0, 1.0, 1.0, 1.0, 1.0, 0.9948186528497409, 1.0, 1.0, 1.0, 1.0, 1.0, 1.0, 1.0, 1.0, 1.0, 1.0, 1.0, 1.0, 1.0, 1.0, 1.0, 1.0, 1.0, 1.0, 1.0, 1.0, 1.0, 1.0, 1.0, 1.0, 1.0, 1.0, 1.0, 1.0, 1.0, 1.0, 1.0, 1.0, 1.0, 1.0, 1.0, 1.0]
0.9999481865284975


Single different (100) (x2)

Multi different (100) (x2)

Forth quarter (76) (x2)

Third quarter (51) (x1)

Second quarter (26) (x0)

First quarter (1) (x3)

No different (0) (x11)


[0.7142857142857143, 0.7619047619047619, 0.7142857142857143, 0.7142857142857143, 0.7619047619047619, 0.7142857142857143, 0.6190476190476191, 0.7619047619047619, 0.7142857142857143, 0.7142857142857143, 0.7619047619047619, 0.7619047619047619, 0.6666666666666666, 0.7142857142857143, 0.6666666666666666, 0.7142857142857143, 0.6190476190476191, 0.7142857142857143, 0.6666666666666666, 0.7619047619047619, 0.7142857142857143, 0.7142857142857143, 0.7142857142857143, 0.6666666666666666, 0.6666666666666666, 0.6666666666666666, 0.6666666666666666, 0.7142857142857143, 0.6666666666666666, 0.7619047619047619, 0.6666666666666666, 0.7619047619047619, 0.6666666666666666, 0.7142857142857143, 0.7619047619047619, 0.7142857142857143, 0.7142857142857143, 0.7619047619047619, 0.6666666666666666, 0.7142857142857143, 0.7142857142857143, 0.6666666666666666, 0.7142857142857143, 0.6666666666666666, 0.6666666666666666, 0.7142857142857143, 0.7142857142857143, 0.6190476190476191, 0.6666666666666666, 0.6666666666666666, 0.7142857142857143, 0.7142857142857143, 0.7142857142857143, 0.7142857142857143, 0.6666666666666666, 0.6666666666666666, 0.6666666666666666, 0.7142857142857143, 0.7142857142857143, 0.6666666666666666, 0.6666666666666666, 0.6666666666666666, 0.7142857142857143, 0.7619047619047619, 0.6666666666666666, 0.7142857142857143, 0.6666666666666666, 0.7142857142857143, 0.7142857142857143, 0.7142857142857143, 0.7142857142857143, 0.7142857142857143, 0.7142857142857143, 0.7619047619047619, 0.7142857142857143, 0.7142857142857143, 0.8095238095238095, 0.7619047619047619, 0.7142857142857143, 0.6666666666666666, 0.7142857142857143, 0.6666666666666666, 0.7142857142857143, 0.6666666666666666, 0.6666666666666666, 0.7142857142857143, 0.6190476190476191, 0.7142857142857143, 0.6666666666666666, 0.7142857142857143, 0.7142857142857143, 0.7142857142857143, 0.7142857142857143, 0.7142857142857143, 0.7619047619047619, 0.6666666666666666, 0.7619047619047619, 0.6666666666666666, 0.7619047619047619, 0.6190476190476191]
0.7033333333333335
