{'mode': 'examine', 'dataset': 'cmc', 'num_clf': 50, 'reuse': False, 'random_state': 2842, 'num_estimators': 100}
(663, 22)
(663, 22)
(147, 22)
Number of label: 3 

Single different (50) (x203)

Multi different (50) (x35)

Forth quarter (38) (x61)

Third quarter (26) (x23)

Second quarter (13) (x23)

First quarter (1) (x77)

No different (0) (x241)


[0.5052790346907994, 0.5188536953242836, 0.5173453996983409, 0.5113122171945701, 0.5188536953242836, 0.5203619909502263, 0.5203619909502263, 0.49924585218702866, 0.49924585218702866, 0.5143288084464555, 0.5158371040723982, 0.5007541478129713, 0.5143288084464555, 0.5113122171945701, 0.49321266968325794, 0.5143288084464555, 0.5188536953242836, 0.5128205128205128, 0.5158371040723982, 0.5067873303167421, 0.5128205128205128, 0.521870286576169, 0.5233785822021116, 0.502262443438914, 0.5143288084464555, 0.521870286576169, 0.502262443438914, 0.5082956259426847, 0.5082956259426847, 0.5098039215686274, 0.5082956259426847, 0.5067873303167421, 0.5248868778280543, 0.5098039215686274, 0.5113122171945701, 0.5128205128205128, 0.5233785822021116, 0.521870286576169, 0.5128205128205128, 0.5203619909502263, 0.5052790346907994, 0.49924585218702866, 0.5007541478129713, 0.5037707390648567, 0.5067873303167421, 0.5248868778280543, 0.502262443438914, 0.5173453996983409, 0.5113122171945701, 0.5143288084464555]
0.5118552036199095


Single different (50) (x34)

Multi different (50) (x9)

Forth quarter (38) (x15)

Third quarter (26) (x11)

Second quarter (13) (x2)

First quarter (1) (x14)

No different (0) (x62)


[0.5578231292517006, 0.54421768707483, 0.5510204081632653, 0.54421768707483, 0.5578231292517006, 0.54421768707483, 0.5578231292517006, 0.54421768707483, 0.5510204081632653, 0.5306122448979592, 0.5578231292517006, 0.5510204081632653, 0.54421768707483, 0.5306122448979592, 0.5578231292517006, 0.5510204081632653, 0.5374149659863946, 0.5578231292517006, 0.564625850340136, 0.54421768707483, 0.54421768707483, 0.5714285714285714, 0.5510204081632653, 0.54421768707483, 0.5510204081632653, 0.54421768707483, 0.5714285714285714, 0.5510204081632653, 0.5782312925170068, 0.5510204081632653, 0.5714285714285714, 0.5374149659863946, 0.54421768707483, 0.54421768707483, 0.5306122448979592, 0.5782312925170068, 0.5578231292517006, 0.564625850340136, 0.5578231292517006, 0.5374149659863946, 0.564625850340136, 0.5578231292517006, 0.5510204081632653, 0.5782312925170068, 0.54421768707483, 0.5510204081632653, 0.5510204081632653, 0.5374149659863946, 0.5782312925170068, 0.5170068027210885]
0.5518367346938775
