{'mode': 'examine', 'dataset': 'audiology', 'num_clf': 100, 'reuse': True, 'random_state': 8548, 'num_estimators': 100}
(100, 95)
(100, 95)
(26, 95)
Number of label: 24 

Single different (100) (x0)

Multi different (100) (x0)

Forth quarter (76) (x0)

Third quarter (51) (x0)

Second quarter (26) (x0)

First quarter (1) (x0)

No different (0) (x200)


[1.0, 1.0, 1.0, 1.0, 1.0, 1.0, 1.0, 1.0, 1.0, 1.0, 1.0, 1.0, 1.0, 1.0, 1.0, 1.0, 1.0, 1.0, 1.0, 1.0, 1.0, 1.0, 1.0, 1.0, 1.0, 1.0, 1.0, 1.0, 1.0, 1.0, 1.0, 1.0, 1.0, 1.0, 1.0, 1.0, 1.0, 1.0, 1.0, 1.0, 1.0, 1.0, 1.0, 1.0, 1.0, 1.0, 1.0, 1.0, 1.0, 1.0, 1.0, 1.0, 1.0, 1.0, 1.0, 1.0, 1.0, 1.0, 1.0, 1.0, 1.0, 1.0, 1.0, 1.0, 1.0, 1.0, 1.0, 1.0, 1.0, 1.0, 1.0, 1.0, 1.0, 1.0, 1.0, 1.0, 1.0, 1.0, 1.0, 1.0, 1.0, 1.0, 1.0, 1.0, 1.0, 1.0, 1.0, 1.0, 1.0, 1.0, 1.0, 1.0, 1.0, 1.0, 1.0, 1.0, 1.0, 1.0, 1.0, 1.0]
1.0


Single different (100) (x1)

Multi different (100) (x0)

Forth quarter (76) (x3)

Third quarter (51) (x2)

Second quarter (26) (x0)

First quarter (1) (x2)

No different (0) (x18)


[0.8461538461538461, 0.7692307692307693, 0.8076923076923077, 0.7692307692307693, 0.8461538461538461, 0.7692307692307693, 0.8076923076923077, 0.7692307692307693, 0.7692307692307693, 0.8076923076923077, 0.8461538461538461, 0.7692307692307693, 0.7692307692307693, 0.8076923076923077, 0.7307692307692307, 0.7692307692307693, 0.7692307692307693, 0.8076923076923077, 0.8076923076923077, 0.8076923076923077, 0.7692307692307693, 0.7692307692307693, 0.8076923076923077, 0.7307692307692307, 0.7307692307692307, 0.8076923076923077, 0.7692307692307693, 0.7692307692307693, 0.7692307692307693, 0.7307692307692307, 0.8076923076923077, 0.8461538461538461, 0.8076923076923077, 0.7692307692307693, 0.7692307692307693, 0.8461538461538461, 0.7307692307692307, 0.8461538461538461, 0.7692307692307693, 0.8076923076923077, 0.7692307692307693, 0.7692307692307693, 0.7692307692307693, 0.7692307692307693, 0.8076923076923077, 0.8076923076923077, 0.8461538461538461, 0.7692307692307693, 0.7692307692307693, 0.8461538461538461, 0.8461538461538461, 0.7692307692307693, 0.8076923076923077, 0.8076923076923077, 0.8076923076923077, 0.7307692307692307, 0.7692307692307693, 0.8461538461538461, 0.8461538461538461, 0.7692307692307693, 0.7307692307692307, 0.8076923076923077, 0.8461538461538461, 0.7692307692307693, 0.7692307692307693, 0.7692307692307693, 0.7692307692307693, 0.8461538461538461, 0.7692307692307693, 0.7692307692307693, 0.7692307692307693, 0.8076923076923077, 0.7307692307692307, 0.7692307692307693, 0.7692307692307693, 0.7692307692307693, 0.8076923076923077, 0.7692307692307693, 0.8076923076923077, 0.8461538461538461, 0.8076923076923077, 0.7692307692307693, 0.7692307692307693, 0.7692307692307693, 0.7307692307692307, 0.8076923076923077, 0.8076923076923077, 0.8076923076923077, 0.7692307692307693, 0.8076923076923077, 0.7692307692307693, 0.7692307692307693, 0.7692307692307693, 0.8076923076923077, 0.8076923076923077, 0.7692307692307693, 0.7692307692307693, 0.8076923076923077, 0.8461538461538461, 0.7692307692307693]
0.7884615384615385
