{'mode': 'examine', 'dataset': 'glass', 'num_clf': 100, 'reuse': False, 'random_state': 3832, 'num_estimators': 100}
(96, 10)
(97, 10)
(21, 10)
Number of label: 6 

Single different (100) (x13)

Multi different (100) (x3)

Forth quarter (76) (x8)

Third quarter (51) (x1)

Second quarter (26) (x4)

First quarter (1) (x12)

No different (0) (x56)


[0.7216494845360825, 0.7319587628865979, 0.7216494845360825, 0.7319587628865979, 0.7319587628865979, 0.7216494845360825, 0.7216494845360825, 0.711340206185567, 0.7319587628865979, 0.7525773195876289, 0.7422680412371134, 0.7422680412371134, 0.7422680412371134, 0.7525773195876289, 0.7319587628865979, 0.7216494845360825, 0.711340206185567, 0.7422680412371134, 0.7422680412371134, 0.7010309278350515, 0.7319587628865979, 0.7216494845360825, 0.7422680412371134, 0.7422680412371134, 0.7422680412371134, 0.6907216494845361, 0.7319587628865979, 0.7319587628865979, 0.7319587628865979, 0.7319587628865979, 0.7319587628865979, 0.7319587628865979, 0.7422680412371134, 0.7628865979381443, 0.7010309278350515, 0.7216494845360825, 0.711340206185567, 0.7216494845360825, 0.7422680412371134, 0.6907216494845361, 0.711340206185567, 0.711340206185567, 0.7525773195876289, 0.7216494845360825, 0.711340206185567, 0.7422680412371134, 0.711340206185567, 0.7216494845360825, 0.7319587628865979, 0.7216494845360825, 0.7422680412371134, 0.7319587628865979, 0.7216494845360825, 0.7216494845360825, 0.711340206185567, 0.711340206185567, 0.7422680412371134, 0.7319587628865979, 0.7319587628865979, 0.7422680412371134, 0.7216494845360825, 0.7216494845360825, 0.6804123711340206, 0.7422680412371134, 0.7422680412371134, 0.7422680412371134, 0.7010309278350515, 0.6907216494845361, 0.711340206185567, 0.6804123711340206, 0.7525773195876289, 0.7319587628865979, 0.7216494845360825, 0.7216494845360825, 0.7319587628865979, 0.711340206185567, 0.7525773195876289, 0.7319587628865979, 0.7319587628865979, 0.7628865979381443, 0.7010309278350515, 0.7010309278350515, 0.7319587628865979, 0.7216494845360825, 0.711340206185567, 0.7319587628865979, 0.711340206185567, 0.7422680412371134, 0.7319587628865979, 0.711340206185567, 0.7422680412371134, 0.7216494845360825, 0.7216494845360825, 0.7216494845360825, 0.7319587628865979, 0.7010309278350515, 0.7010309278350515, 0.7216494845360825, 0.7216494845360825, 0.7216494845360825]
0.7257731958762887


Single different (100) (x4)

Multi different (100) (x0)

Forth quarter (76) (x1)

Third quarter (51) (x1)

Second quarter (26) (x0)

First quarter (1) (x1)

No different (0) (x14)


[0.7142857142857143, 0.7142857142857143, 0.7619047619047619, 0.7142857142857143, 0.7142857142857143, 0.7142857142857143, 0.7619047619047619, 0.7142857142857143, 0.7142857142857143, 0.7619047619047619, 0.7142857142857143, 0.7142857142857143, 0.7142857142857143, 0.7619047619047619, 0.7142857142857143, 0.7142857142857143, 0.7619047619047619, 0.7619047619047619, 0.7142857142857143, 0.7619047619047619, 0.7619047619047619, 0.7142857142857143, 0.7619047619047619, 0.7142857142857143, 0.7619047619047619, 0.7142857142857143, 0.7142857142857143, 0.7142857142857143, 0.7142857142857143, 0.7142857142857143, 0.7142857142857143, 0.7619047619047619, 0.7142857142857143, 0.6666666666666666, 0.7619047619047619, 0.7619047619047619, 0.7142857142857143, 0.8095238095238095, 0.7619047619047619, 0.7619047619047619, 0.7142857142857143, 0.7619047619047619, 0.7619047619047619, 0.7142857142857143, 0.7142857142857143, 0.7142857142857143, 0.6666666666666666, 0.7142857142857143, 0.7142857142857143, 0.7142857142857143, 0.7142857142857143, 0.7619047619047619, 0.7142857142857143, 0.7142857142857143, 0.7142857142857143, 0.7619047619047619, 0.7142857142857143, 0.7619047619047619, 0.7619047619047619, 0.7142857142857143, 0.7142857142857143, 0.7142857142857143, 0.8095238095238095, 0.7142857142857143, 0.6666666666666666, 0.7619047619047619, 0.7142857142857143, 0.7619047619047619, 0.7142857142857143, 0.7142857142857143, 0.7619047619047619, 0.6666666666666666, 0.7142857142857143, 0.7142857142857143, 0.7619047619047619, 0.7619047619047619, 0.7142857142857143, 0.7142857142857143, 0.7619047619047619, 0.7619047619047619, 0.7619047619047619, 0.7619047619047619, 0.7619047619047619, 0.7142857142857143, 0.7142857142857143, 0.7142857142857143, 0.7142857142857143, 0.7142857142857143, 0.7619047619047619, 0.7619047619047619, 0.7619047619047619, 0.7619047619047619, 0.7142857142857143, 0.7619047619047619, 0.7142857142857143, 0.7619047619047619, 0.7142857142857143, 0.6666666666666666, 0.7619047619047619, 0.7619047619047619]
0.7323809523809524
