{'dataset': 'audiology', 'algorithm': 'ptdqn', 'num_clf': 100, 'num_training': 350000, 'learning_rate': 0.1, 'discount_factor': 1.0, 'epsilon': 0.1, 'random_state': 1871, 'portion': 0.5, 'sequential': False}
(226, 95)
reading data takes 12.994 sec
number of labels: 24

Running iteration 1 of 10 fold...
[31, 0, 37, 70]
using cpu
using cpu
    accuracy, precision, recall, f_score
max0: 0.6832, 0.6359, 0.3311, 0.2930

    accuracy, precision, recall, f_score
max3: 0.6863, 0.6271, 0.3986, 0.3623

    accuracy, precision, recall, f_score
max1: 0.7826, 0.7283, 0.6909, 0.6364


min loss: 0.012, episode: 269000
max accu: 0.783, episode: 210000

8.70 classifiers used
    accuracy, precision, recall, f_score
mv: 0.7391, 0.7059, 0.6455, 0.6202
wv: 0.7391, 0.7059, 0.6455, 0.6202
fs: 0.6522, 0.6936, 0.5242, 0.4681
rl: 0.7826, 0.7283, 0.6909, 0.6364

0.6213043478260869
0.52, 0.65, 0.69, 0.69, 0.65, 0.60, 0.52, 0.65, 0.52, 0.60, 0.52, 0.69, 0.60, 0.78, 0.65, 0.73, 0.65, 0.69, 0.60, 0.60, 0.65, 0.60, 0.39, 0.60, 0.60, 0.65, 0.52, 0.69, 0.43, 0.56, 0.56, 0.69, 0.65, 0.65, 0.47, 0.78, 0.56, 0.65, 0.60, 0.60, 0.52, 0.65, 0.65, 0.73, 0.69, 0.73, 0.56, 0.56, 0.60, 0.73, 0.60, 0.73, 0.47, 0.60, 0.56, 0.69, 0.60, 0.69, 0.52, 0.73, 0.56, 0.65, 0.60, 0.69, 0.52, 0.65, 0.60, 0.73, 0.56, 0.65, 0.52, 0.82, 0.60, 0.69, 0.65, 0.69, 0.39, 0.69, 0.56, 0.69, 0.39, 0.78, 0.52, 0.56, 0.73, 0.65, 0.47, 0.60, 0.47, 0.73, 0.56, 0.56, 0.56, 0.60, 0.47, 0.73, 0.69, 0.73, 0.43, 0.73

0.6047826086956521
0.69, 0.65, 0.39, 0.56, 0.56, 0.56, 0.52, 0.65, 0.52, 0.60, 0.47, 0.65, 0.52, 0.65, 0.65, 0.60, 0.73, 0.73, 0.52, 0.69, 0.69, 0.56, 0.60, 0.65, 0.56, 0.73, 0.56, 0.73, 0.56, 0.73, 0.43, 0.69, 0.56, 0.69, 0.47, 0.69, 0.43, 0.69, 0.56, 0.65, 0.43, 0.65, 0.60, 0.65, 0.52, 0.65, 0.52, 0.78, 0.47, 0.65, 0.47, 0.73, 0.43, 0.65, 0.52, 0.52, 0.56, 0.56, 0.56, 0.82, 0.65, 0.60, 0.52, 0.65, 0.65, 0.78, 0.52, 0.69, 0.73, 0.60, 0.56, 0.69, 0.52, 0.69, 0.52, 0.65, 0.47, 0.60, 0.43, 0.60, 0.34, 0.65, 0.43, 0.60, 0.60, 0.60, 0.60, 0.78, 0.60, 0.60, 0.52, 0.69, 0.56, 0.65, 0.52, 0.69, 0.52, 0.69, 0.60, 0.73


Running iteration 2 of 10 fold...
[15, 0, 23, 24, 36, 7, 6, 45, 65, 88, 68]
using cpu
using cpu
    accuracy, precision, recall, f_score
max0: 0.7030, 0.6794, 0.4854, 0.4572

    accuracy, precision, recall, f_score
max3: 0.7059, 0.6343, 0.5278, 0.4604

    accuracy, precision, recall, f_score
max1: 0.5652, 0.5870, 0.4015, 0.2929


min loss: 0.020, episode: 254000
max accu: 0.565, episode: 210000

4.52 classifiers used
    accuracy, precision, recall, f_score
mv: 0.5217, 0.3623, 0.3409, 0.2286
wv: 0.5652, 0.5145, 0.3712, 0.2684
fs: 0.6522, 0.5932, 0.4470, 0.3454
rl: 0.5652, 0.5870, 0.4015, 0.2929

0.5091304347826088
0.43, 0.43, 0.39, 0.52, 0.26, 0.52, 0.47, 0.52, 0.47, 0.43, 0.43, 0.47, 0.47, 0.60, 0.56, 0.56, 0.52, 0.60, 0.56, 0.43, 0.47, 0.47, 0.47, 0.60, 0.34, 0.56, 0.47, 0.56, 0.17, 0.60, 0.56, 0.60, 0.47, 0.65, 0.65, 0.52, 0.52, 0.56, 0.52, 0.60, 0.47, 0.60, 0.39, 0.52, 0.34, 0.60, 0.52, 0.56, 0.13, 0.47, 0.47, 0.52, 0.43, 0.47, 0.47, 0.56, 0.60, 0.56, 0.47, 0.47, 0.69, 0.65, 0.47, 0.47, 0.34, 0.56, 0.47, 0.60, 0.34, 0.56, 0.52, 0.52, 0.52, 0.56, 0.56, 0.47, 0.47, 0.56, 0.43, 0.47, 0.56, 0.60, 0.56, 0.73, 0.47, 0.43, 0.52, 0.56, 0.39, 0.56, 0.47, 0.65, 0.56, 0.56, 0.56, 0.56, 0.21, 0.60, 0.52, 0.43

0.5039130434782608
0.39, 0.60, 0.52, 0.60, 0.39, 0.56, 0.47, 0.65, 0.39, 0.43, 0.34, 0.47, 0.60, 0.43, 0.52, 0.60, 0.47, 0.56, 0.69, 0.56, 0.43, 0.52, 0.56, 0.52, 0.34, 0.56, 0.56, 0.43, 0.52, 0.60, 0.52, 0.65, 0.43, 0.56, 0.52, 0.60, 0.21, 0.52, 0.47, 0.52, 0.47, 0.56, 0.34, 0.39, 0.39, 0.47, 0.60, 0.60, 0.52, 0.56, 0.56, 0.52, 0.47, 0.47, 0.39, 0.39, 0.43, 0.43, 0.47, 0.47, 0.47, 0.56, 0.52, 0.52, 0.43, 0.34, 0.60, 0.47, 0.60, 0.43, 0.52, 0.52, 0.39, 0.60, 0.43, 0.47, 0.60, 0.52, 0.52, 0.56, 0.39, 0.65, 0.52, 0.60, 0.43, 0.52, 0.43, 0.47, 0.43, 0.56, 0.52, 0.47, 0.39, 0.56, 0.34, 0.52, 0.52, 0.60, 0.52, 0.60


Running iteration 3 of 10 fold...
[45, 0, 12, 31, 24, 92, 10, 60, 4, 56, 20, 33, 30]
using cpu
using cpu
    accuracy, precision, recall, f_score
max0: 0.5941, 0.5567, 0.3217, 0.2671

    accuracy, precision, recall, f_score
max3: 0.6275, 0.5681, 0.4054, 0.3425

    accuracy, precision, recall, f_score
max1: 0.7826, 0.8203, 0.7413, 0.6628


min loss: 0.010, episode: 262000
max accu: 0.783, episode: 170000

1.48 classifiers used
    accuracy, precision, recall, f_score
mv: 0.6957, 0.6609, 0.5627, 0.4738
wv: 0.6957, 0.6899, 0.5627, 0.4205
fs: 0.6957, 0.6609, 0.5627, 0.4738
rl: 0.7826, 0.8203, 0.7413, 0.6628

0.5721739130434783
0.30, 0.69, 0.47, 0.56, 0.47, 0.65, 0.56, 0.60, 0.56, 0.60, 0.60, 0.47, 0.60, 0.73, 0.60, 0.60, 0.56, 0.65, 0.69, 0.65, 0.39, 0.65, 0.52, 0.52, 0.26, 0.69, 0.65, 0.69, 0.73, 0.65, 0.73, 0.65, 0.34, 0.65, 0.56, 0.69, 0.43, 0.47, 0.43, 0.52, 0.43, 0.73, 0.52, 0.65, 0.65, 0.69, 0.56, 0.56, 0.34, 0.56, 0.60, 0.65, 0.69, 0.52, 0.43, 0.47, 0.43, 0.65, 0.43, 0.52, 0.47, 0.69, 0.56, 0.60, 0.52, 0.69, 0.60, 0.52, 0.39, 0.43, 0.82, 0.69, 0.39, 0.73, 0.56, 0.56, 0.39, 0.47, 0.69, 0.60, 0.21, 0.60, 0.69, 0.60, 0.43, 0.65, 0.65, 0.69, 0.56, 0.69, 0.56, 0.60, 0.34, 0.69, 0.60, 0.52, 0.39, 0.73, 0.52, 0.69

0.5921739130434783
0.60, 0.60, 0.47, 0.65, 0.52, 0.69, 0.65, 0.65, 0.56, 0.73, 0.69, 0.65, 0.34, 0.65, 0.47, 0.52, 0.34, 0.69, 0.60, 0.65, 0.47, 0.65, 0.56, 0.60, 0.43, 0.60, 0.65, 0.60, 0.56, 0.69, 0.65, 0.60, 0.60, 0.56, 0.47, 0.65, 0.26, 0.78, 0.60, 0.65, 0.43, 0.73, 0.65, 0.65, 0.56, 0.69, 0.52, 0.65, 0.52, 0.69, 0.60, 0.60, 0.52, 0.65, 0.60, 0.65, 0.60, 0.60, 0.69, 0.69, 0.34, 0.69, 0.56, 0.65, 0.47, 0.56, 0.65, 0.69, 0.39, 0.56, 0.65, 0.69, 0.65, 0.69, 0.52, 0.60, 0.47, 0.65, 0.56, 0.65, 0.47, 0.65, 0.65, 0.52, 0.52, 0.60, 0.69, 0.65, 0.43, 0.69, 0.52, 0.60, 0.34, 0.56, 0.69, 0.65, 0.56, 0.65, 0.39, 0.56


Running iteration 4 of 10 fold...
[55, 0, 52, 42, 80]
using cpu
using cpu
    accuracy, precision, recall, f_score
max0: 0.7228, 0.6699, 0.4023, 0.3624

    accuracy, precision, recall, f_score
max3: 0.6863, 0.6343, 0.3899, 0.3270

    accuracy, precision, recall, f_score
max1: 0.9565, 0.9275, 0.9000, 0.8800


min loss: 0.011, episode: 268000
max accu: 0.957, episode: 250000

38.91 classifiers used
    accuracy, precision, recall, f_score
mv: 0.8261, 0.7319, 0.6750, 0.6259
wv: 0.8696, 0.8188, 0.7750, 0.7366
fs: 0.8696, 0.7696, 0.7000, 0.6598
rl: 0.9565, 0.9275, 0.9000, 0.8800

0.6356521739130435
0.65, 0.39, 0.60, 0.69, 0.56, 0.82, 0.47, 0.78, 0.26, 0.60, 0.39, 0.65, 0.65, 0.82, 0.56, 0.60, 0.60, 0.73, 0.56, 0.82, 0.60, 0.60, 0.82, 0.60, 0.60, 0.73, 0.56, 0.78, 0.56, 0.73, 0.69, 0.60, 0.47, 0.69, 0.56, 0.82, 0.47, 0.78, 0.52, 0.78, 0.52, 0.65, 0.60, 0.82, 0.52, 0.73, 0.52, 0.60, 0.39, 0.65, 0.43, 0.78, 0.69, 0.78, 0.52, 0.78, 0.69, 0.78, 0.43, 0.73, 0.39, 0.65, 0.65, 0.86, 0.39, 0.60, 0.60, 0.82, 0.47, 0.73, 0.60, 0.65, 0.60, 0.73, 0.65, 0.73, 0.60, 0.69, 0.65, 0.86, 0.47, 0.73, 0.47, 0.60, 0.65, 0.69, 0.43, 0.73, 0.73, 0.78, 0.60, 0.69, 0.56, 0.52, 0.73, 0.73, 0.30, 0.69, 0.47, 0.73

0.6239130434782609
0.43, 0.78, 0.65, 0.78, 0.47, 0.43, 0.52, 0.60, 0.47, 0.69, 0.43, 0.69, 0.73, 0.69, 0.52, 0.82, 0.47, 0.69, 0.60, 0.91, 0.47, 0.69, 0.56, 0.69, 0.56, 0.73, 0.56, 0.73, 0.43, 0.73, 0.65, 0.82, 0.47, 0.56, 0.47, 0.78, 0.69, 0.73, 0.60, 0.69, 0.52, 0.73, 0.47, 0.69, 0.56, 0.73, 0.56, 0.69, 0.65, 0.69, 0.52, 0.65, 0.56, 0.73, 0.60, 0.73, 0.65, 0.60, 0.56, 0.65, 0.65, 0.60, 0.43, 0.82, 0.34, 0.73, 0.52, 0.78, 0.39, 0.65, 0.47, 0.86, 0.47, 0.73, 0.39, 0.69, 0.39, 0.52, 0.56, 0.82, 0.43, 0.78, 0.82, 0.86, 0.34, 0.65, 0.56, 0.69, 0.52, 0.60, 0.65, 0.56, 0.47, 0.69, 0.60, 0.69, 0.56, 0.73, 0.60, 0.69

    accuracy, precision, recall, f_score
mv: 0.7609, 0.6152, 0.5560, 0.5499
wv: 0.7827, 0.6823, 0.5886, 0.5786
fs: 0.7827, 0.6793, 0.5585, 0.5668
rl: 0.8696, 0.7658, 0.6834, 0.7714

fs avg size: 8.25000, rl avg size: 13.40217
full test avg accu: 0.58120, test avg accu: 0.58457

training takes 54276.077 sec
