{'dataset': 'audiology', 'algorithm': 'ptdqn', 'num_clf': 20, 'num_training': 350000, 'learning_rate': 0.1, 'discount_factor': 1.0, 'epsilon': 0.1, 'random_state': 7540, 'portion': 0.5, 'sequential': False}
(226, 95)
reading data takes 11.558 sec
number of labels: 24

Running iteration 1 of 10 fold...
[5, 0, 13, 15]
using cpu
using cpu
    accuracy, precision, recall, f_score
max0: 0.6535, 0.6041, 0.3621, 0.3405

    accuracy, precision, recall, f_score
max3: 0.5882, 0.5002, 0.3750, 0.3337

    accuracy, precision, recall, f_score
max1: 0.7826, 0.7500, 0.6562, 0.6214


min loss: 0.012, episode: 272000
max accu: 0.783, episode: 300000

14.91 classifiers used
    accuracy, precision, recall, f_score
mv: 0.6957, 0.6196, 0.4896, 0.4499
wv: 0.6957, 0.6196, 0.4896, 0.4499
fs: 0.6957, 0.6449, 0.6736, 0.6069
rl: 0.7826, 0.7500, 0.6562, 0.6214

0.6000000000000002
0.52, 0.52, 0.52, 0.73, 0.47, 0.69, 0.60, 0.73, 0.39, 0.60, 0.73, 0.65, 0.56, 0.69, 0.56, 0.69, 0.60, 0.39, 0.65, 0.60

0.591304347826087
0.52, 0.60, 0.52, 0.65, 0.34, 0.82, 0.56, 0.56, 0.39, 0.60, 0.65, 0.69, 0.30, 0.65, 0.60, 0.65, 0.65, 0.65, 0.56, 0.78


Running iteration 2 of 10 fold...
[1, 0, 7, 9, 12, 16]
using cpu
using cpu
    accuracy, precision, recall, f_score
max0: 0.6139, 0.4906, 0.3074, 0.2749

    accuracy, precision, recall, f_score
max3: 0.6078, 0.5088, 0.3363, 0.2754

    accuracy, precision, recall, f_score
max1: 0.7391, 0.6661, 0.5437, 0.4946


min loss: 0.007, episode: 346000
max accu: 0.739, episode: 10000

6.43 classifiers used
    accuracy, precision, recall, f_score
mv: 0.8261, 0.7319, 0.6000, 0.5636
wv: 0.8261, 0.7319, 0.6000, 0.5636
fs: 0.7391, 0.6755, 0.5437, 0.4950
rl: 0.7391, 0.6661, 0.5437, 0.4946

0.6478260869565217
0.56, 0.69, 0.56, 0.60, 0.69, 0.69, 0.73, 0.60, 0.60, 0.69, 0.56, 0.56, 0.60, 0.86, 0.56, 0.60, 0.69, 0.73, 0.69, 0.56

0.6543478260869565
0.56, 0.78, 0.56, 0.69, 0.43, 0.82, 0.78, 0.73, 0.56, 0.43, 0.60, 0.73, 0.73, 0.82, 0.60, 0.65, 0.65, 0.69, 0.52, 0.65


Running iteration 3 of 10 fold...
[15, 0, 12, 5]
using cpu
using cpu
    accuracy, precision, recall, f_score
max0: 0.6436, 0.5866, 0.4291, 0.4105

    accuracy, precision, recall, f_score
max3: 0.6275, 0.5547, 0.4895, 0.4747

    accuracy, precision, recall, f_score
max1: 0.6957, 0.7406, 0.5917, 0.5556


min loss: 0.007, episode: 279000
max accu: 0.696, episode: 190000

1.96 classifiers used
    accuracy, precision, recall, f_score
mv: 0.6087, 0.4821, 0.5417, 0.4368
wv: 0.6522, 0.7212, 0.5667, 0.4623
fs: 0.6087, 0.5690, 0.5250, 0.4160
rl: 0.6957, 0.7406, 0.5917, 0.5556

0.5304347826086957
0.52, 0.65, 0.52, 0.56, 0.30, 0.47, 0.56, 0.60, 0.43, 0.47, 0.47, 0.52, 0.52, 0.56, 0.47, 0.60, 0.65, 0.60, 0.52, 0.52

0.5152173913043478
0.43, 0.43, 0.52, 0.52, 0.47, 0.56, 0.47, 0.56, 0.52, 0.56, 0.56, 0.65, 0.34, 0.52, 0.60, 0.43, 0.47, 0.43, 0.60, 0.56


Running iteration 4 of 10 fold...
[4, 0, 3, 10, 17]
using cpu
using cpu
    accuracy, precision, recall, f_score
max0: 0.6733, 0.6442, 0.4022, 0.4048

    accuracy, precision, recall, f_score
max3: 0.6471, 0.5537, 0.4132, 0.3805

    accuracy, precision, recall, f_score
max1: 0.6522, 0.5420, 0.4762, 0.4051


min loss: 0.009, episode: 272000
max accu: 0.652, episode: 330000

11.70 classifiers used
    accuracy, precision, recall, f_score
mv: 0.6087, 0.4476, 0.3929, 0.3271
wv: 0.6087, 0.4614, 0.3929, 0.3167
fs: 0.7391, 0.6698, 0.6429, 0.5592
rl: 0.6522, 0.5420, 0.4762, 0.4051

0.5434782608695652
0.60, 0.52, 0.47, 0.60, 0.69, 0.52, 0.60, 0.52, 0.43, 0.73, 0.56, 0.56, 0.30, 0.65, 0.56, 0.60, 0.34, 0.52, 0.47, 0.52

0.5043478260869565
0.39, 0.52, 0.52, 0.60, 0.34, 0.56, 0.56, 0.52, 0.47, 0.65, 0.56, 0.60, 0.21, 0.34, 0.47, 0.65, 0.39, 0.65, 0.47, 0.52

    accuracy, precision, recall, f_score
mv: 0.6848, 0.5703, 0.5060, 0.4444
wv: 0.6957, 0.6335, 0.5123, 0.4481
fs: 0.6957, 0.6398, 0.5963, 0.5193
rl: 0.7174, 0.6747, 0.5670, 0.5192

fs avg size: 4.75000, rl avg size: 8.75000
full test avg accu: 0.56630, test avg accu: 0.58043

training takes 7032.425 sec
