{'dataset': 'audiology', 'algorithm': 'ptdqn', 'num_clf': 20, 'num_training': 350000, 'learning_rate': 0.1, 'discount_factor': 1.0, 'epsilon': 0.1, 'random_state': 6255, 'portion': 0.5, 'sequential': False}
(226, 95)
reading data takes 10.583 sec
number of labels: 24

Running iteration 1 of 10 fold...
[4, 0, 17, 14, 7, 9, 3]
using cpu
using cpu
    accuracy, precision, recall, f_score
max0: 0.716049, 0.664843, 0.491044, 0.447414

    accuracy, precision, recall, f_score
max3: 0.682927, 0.632712, 0.568182, 0.564719

    accuracy, precision, recall, f_score
max1: 0.608696, 0.686957, 0.616667, 0.522393


min loss: 0.013, episode: 315000
max accu: 0.716, episode: 250000

6.83 classifiers used
    accuracy, precision, recall, f_score
mv: 0.695652, 0.766304, 0.666667, 0.621212
wv: 0.695652, 0.766304, 0.666667, 0.621212
fs: 0.739130, 0.730435, 0.616667, 0.521861
rl: 0.608696, 0.686957, 0.616667, 0.522393

0.538888888888889
0.59, 0.50, 0.46, 0.46, 0.64, 0.61, 0.56, 0.59, 0.58, 0.53, 0.53, 0.54, 0.46, 0.50, 0.49, 0.55, 0.49, 0.56, 0.60, 0.44

0.4987804878048781
0.51, 0.41, 0.46, 0.41, 0.65, 0.51, 0.56, 0.56, 0.56, 0.56, 0.58, 0.53, 0.43, 0.43, 0.43, 0.48, 0.41, 0.48, 0.53, 0.39

0.5108695652173914
0.69, 0.47, 0.39, 0.43, 0.60, 0.69, 0.69, 0.47, 0.52, 0.60, 0.43, 0.43, 0.30, 0.43, 0.39, 0.47, 0.56, 0.43, 0.56, 0.56

0.47826086956521746
0.47, 0.43, 0.26, 0.39, 0.65, 0.30, 0.52, 0.34, 0.60, 0.39, 0.65, 0.43, 0.47, 0.60, 0.43, 0.65, 0.43, 0.34, 0.60, 0.52


Running iteration 2 of 10 fold...
[16, 0, 10, 19, 18, 13]
using cpu
using cpu
    accuracy, precision, recall, f_score
max0: 0.703704, 0.698741, 0.566219, 0.550506

    accuracy, precision, recall, f_score
max3: 0.658537, 0.617073, 0.623906, 0.579155

    accuracy, precision, recall, f_score
max1: 0.434783, 0.447826, 0.264550, 0.150588


min loss: 0.008, episode: 284000
max accu: 0.704, episode: 230000

5.61 classifiers used
    accuracy, precision, recall, f_score
mv: 0.652174, 0.673913, 0.537037, 0.381313
wv: 0.608696, 0.623188, 0.425926, 0.284091
fs: 0.521739, 0.528986, 0.394180, 0.238659
rl: 0.434783, 0.447826, 0.264550, 0.150588

0.5259259259259259
0.53, 0.45, 0.56, 0.56, 0.50, 0.56, 0.64, 0.53, 0.49, 0.48, 0.48, 0.49, 0.43, 0.56, 0.56, 0.43, 0.70, 0.51, 0.55, 0.41

0.4926829268292684
0.51, 0.46, 0.53, 0.48, 0.41, 0.46, 0.56, 0.56, 0.34, 0.43, 0.56, 0.46, 0.43, 0.56, 0.48, 0.48, 0.63, 0.51, 0.48, 0.43

0.382608695652174
0.43, 0.26, 0.39, 0.52, 0.39, 0.56, 0.65, 0.26, 0.52, 0.39, 0.21, 0.34, 0.21, 0.39, 0.39, 0.21, 0.56, 0.30, 0.34, 0.26

0.45434782608695656
0.52, 0.56, 0.43, 0.52, 0.52, 0.47, 0.47, 0.39, 0.43, 0.52, 0.52, 0.47, 0.39, 0.39, 0.43, 0.39, 0.34, 0.26, 0.56, 0.43


Running iteration 3 of 10 fold...
[15, 0, 19, 17, 8, 4, 1, 10, 5, 7, 14]
using cpu
using cpu
    accuracy, precision, recall, f_score
max0: 0.740741, 0.743128, 0.538633, 0.489768

    accuracy, precision, recall, f_score
max3: 0.682927, 0.647816, 0.663889, 0.598291

    accuracy, precision, recall, f_score
max1: 0.869565, 0.872671, 0.761905, 0.714286


min loss: 0.009, episode: 282000
max accu: 0.741, episode: 250000

14.17 classifiers used
    accuracy, precision, recall, f_score
mv: 0.869565, 0.872671, 0.761905, 0.714286
wv: 0.869565, 0.872671, 0.761905, 0.714286
fs: 0.913043, 0.942029, 0.904762, 0.867965
rl: 0.869565, 0.872671, 0.761905, 0.714286

0.5296296296296297
0.41, 0.56, 0.53, 0.40, 0.58, 0.54, 0.51, 0.54, 0.58, 0.50, 0.55, 0.48, 0.48, 0.54, 0.56, 0.64, 0.51, 0.56, 0.45, 0.58

0.47195121951219504
0.46, 0.43, 0.43, 0.39, 0.58, 0.46, 0.48, 0.43, 0.53, 0.46, 0.48, 0.46, 0.46, 0.46, 0.51, 0.53, 0.46, 0.46, 0.31, 0.56

0.6782608695652173
0.47, 0.73, 0.78, 0.52, 0.69, 0.73, 0.78, 0.78, 0.65, 0.69, 0.86, 0.47, 0.65, 0.65, 0.60, 0.78, 0.60, 0.78, 0.60, 0.65

0.6565217391304347
0.69, 0.69, 0.65, 0.60, 0.65, 0.69, 0.69, 0.65, 0.60, 0.56, 0.69, 0.60, 0.65, 0.78, 0.78, 0.56, 0.69, 0.43, 0.69, 0.69

    accuracy, precision, recall, f_score
mv: 0.739130, 0.770963, 0.655203, 0.572270
wv: 0.724638, 0.754055, 0.618166, 0.539863
fs: 0.724638, 0.733816, 0.638536, 0.542829
rl: 0.637681, 0.669151, 0.547707, 0.462422

fs avg size: 8.00000, rl avg size: 8.86957
full test avg accu: 0.52971, test avg accu: 0.52391

training takes 4270.134 sec
