{'dataset': 'abalone', 'algorithm': 'ptdqn', 'num_clf': 100, 'num_training': 10000, 'learning_rate': 0.1, 'discount_factor': 1.0, 'epsilon': 0.1, 'random_state': 6666, 'portion': 0.5, 'sequential': False}
reading data takes 2.746 sec
data shape: (4177, 11)
number of labels: 28

Running iteration 1 of 10 fold...
training ensembles takes 81.516 sec
creating environment takes 8.544 sec
voting takes 59.606 sec
      accuracy, precision, recall, f_score
  mv: 0.1459, 0.0954, 0.1150, 0.0865
  wv: 0.1340, 0.1514, 0.1094, 0.0838

0.1372488038277512
0.12, 0.17, 0.14, 0.07, 0.14, 0.19, 0.13, 0.09, 0.13, 0.17, 0.11, 0.05, 0.11, 0.16, 0.15, 0.06, 0.14, 0.16, 0.15, 0.07, 0.16, 0.18, 0.15, 0.05, 0.18, 0.15, 0.13, 0.07, 0.16, 0.19, 0.15, 0.06, 0.16, 0.16, 0.13, 0.07, 0.16, 0.17, 0.15, 0.08, 0.21, 0.17, 0.15, 0.08, 0.16, 0.18, 0.15, 0.07, 0.18, 0.16, 0.11, 0.08, 0.13, 0.17, 0.18, 0.07, 0.17, 0.14, 0.14, 0.09, 0.17, 0.18, 0.13, 0.06, 0.15, 0.19, 0.15, 0.04, 0.16, 0.18, 0.13, 0.09, 0.13, 0.15, 0.15, 0.05, 0.13, 0.17, 0.15, 0.05, 0.16, 0.16, 0.14, 0.07, 0.14, 0.15, 0.15, 0.06, 0.14, 0.17, 0.13, 0.06, 0.16, 0.18, 0.13, 0.07, 0.14, 0.17, 0.15, 0.08

0.12933014354066985
0.16, 0.16, 0.12, 0.07, 0.15, 0.17, 0.13, 0.05, 0.12, 0.16, 0.14, 0.10, 0.15, 0.13, 0.11, 0.07, 0.12, 0.17, 0.15, 0.07, 0.12, 0.16, 0.14, 0.12, 0.14, 0.15, 0.12, 0.10, 0.17, 0.16, 0.14, 0.05, 0.15, 0.12, 0.17, 0.04, 0.15, 0.15, 0.13, 0.10, 0.13, 0.17, 0.15, 0.07, 0.12, 0.16, 0.15, 0.07, 0.17, 0.12, 0.15, 0.08, 0.17, 0.13, 0.12, 0.06, 0.11, 0.12, 0.12, 0.06, 0.14, 0.18, 0.14, 0.07, 0.14, 0.16, 0.14, 0.06, 0.15, 0.16, 0.15, 0.10, 0.11, 0.13, 0.14, 0.05, 0.14, 0.16, 0.12, 0.07, 0.12, 0.12, 0.15, 0.08, 0.13, 0.14, 0.13, 0.09, 0.14, 0.17, 0.11, 0.07, 0.19, 0.14, 0.15, 0.07, 0.12, 0.14, 0.11, 0.08


Running iteration 2 of 10 fold...
training ensembles takes 67.576 sec
creating environment takes 8.169 sec
voting takes 59.119 sec
      accuracy, precision, recall, f_score
  mv: 0.1005, 0.0545, 0.1094, 0.0829
  wv: 0.0789, 0.0598, 0.0924, 0.0606

0.10102870813397129
0.15, 0.08, 0.12, 0.05, 0.10, 0.09, 0.11, 0.05, 0.11, 0.09, 0.11, 0.05, 0.11, 0.10, 0.12, 0.07, 0.10, 0.11, 0.11, 0.07, 0.14, 0.10, 0.11, 0.05, 0.11, 0.10, 0.11, 0.06, 0.10, 0.11, 0.15, 0.04, 0.08, 0.09, 0.11, 0.05, 0.11, 0.10, 0.11, 0.05, 0.11, 0.08, 0.13, 0.06, 0.11, 0.10, 0.10, 0.06, 0.14, 0.10, 0.09, 0.05, 0.12, 0.10, 0.11, 0.07, 0.11, 0.10, 0.11, 0.05, 0.12, 0.10, 0.11, 0.06, 0.13, 0.10, 0.13, 0.05, 0.13, 0.10, 0.10, 0.04, 0.11, 0.10, 0.11, 0.07, 0.13, 0.10, 0.13, 0.05, 0.13, 0.11, 0.11, 0.06, 0.14, 0.11, 0.13, 0.06, 0.10, 0.10, 0.13, 0.05, 0.12, 0.10, 0.10, 0.06, 0.11, 0.09, 0.13, 0.06

0.09851674641148325
0.13, 0.09, 0.11, 0.07, 0.12, 0.10, 0.13, 0.07, 0.12, 0.10, 0.12, 0.05, 0.12, 0.11, 0.10, 0.05, 0.08, 0.10, 0.12, 0.06, 0.13, 0.07, 0.11, 0.05, 0.10, 0.11, 0.11, 0.07, 0.10, 0.08, 0.12, 0.08, 0.11, 0.08, 0.10, 0.05, 0.12, 0.09, 0.09, 0.06, 0.13, 0.12, 0.09, 0.03, 0.10, 0.07, 0.10, 0.06, 0.12, 0.10, 0.13, 0.05, 0.12, 0.11, 0.12, 0.07, 0.08, 0.09, 0.09, 0.07, 0.12, 0.09, 0.10, 0.08, 0.10, 0.10, 0.10, 0.07, 0.11, 0.11, 0.11, 0.06, 0.09, 0.12, 0.11, 0.06, 0.11, 0.08, 0.11, 0.05, 0.14, 0.09, 0.11, 0.05, 0.11, 0.10, 0.13, 0.08, 0.09, 0.07, 0.13, 0.07, 0.09, 0.11, 0.12, 0.07, 0.11, 0.06, 0.11, 0.05


Running iteration 3 of 10 fold...
training ensembles takes 68.224 sec
creating environment takes 8.232 sec
voting takes 60.022 sec
      accuracy, precision, recall, f_score
  mv: 0.3541, 0.3573, 0.2344, 0.2243
  wv: 0.3325, 0.3451, 0.2309, 0.1908

0.26105263157894737
0.28, 0.30, 0.25, 0.17, 0.28, 0.26, 0.27, 0.16, 0.30, 0.30, 0.29, 0.19, 0.29, 0.33, 0.28, 0.21, 0.26, 0.28, 0.26, 0.17, 0.29, 0.25, 0.26, 0.16, 0.25, 0.28, 0.28, 0.18, 0.27, 0.28, 0.25, 0.17, 0.30, 0.30, 0.27, 0.18, 0.28, 0.35, 0.31, 0.16, 0.31, 0.27, 0.23, 0.16, 0.31, 0.28, 0.25, 0.18, 0.26, 0.31, 0.28, 0.18, 0.25, 0.25, 0.28, 0.18, 0.25, 0.29, 0.27, 0.20, 0.26, 0.33, 0.27, 0.16, 0.26, 0.26, 0.26, 0.18, 0.26, 0.31, 0.27, 0.17, 0.30, 0.33, 0.26, 0.21, 0.28, 0.31, 0.27, 0.18, 0.30, 0.30, 0.27, 0.16, 0.28, 0.29, 0.27, 0.20, 0.26, 0.33, 0.26, 0.20, 0.28, 0.36, 0.27, 0.17, 0.29, 0.34, 0.22, 0.22

0.25643540669856457
0.27, 0.27, 0.23, 0.17, 0.28, 0.30, 0.27, 0.18, 0.26, 0.28, 0.28, 0.24, 0.27, 0.27, 0.22, 0.23, 0.31, 0.29, 0.28, 0.22, 0.27, 0.28, 0.27, 0.19, 0.30, 0.29, 0.27, 0.19, 0.26, 0.29, 0.28, 0.22, 0.27, 0.29, 0.23, 0.17, 0.25, 0.27, 0.25, 0.18, 0.29, 0.28, 0.24, 0.20, 0.29, 0.26, 0.27, 0.18, 0.26, 0.30, 0.25, 0.17, 0.24, 0.32, 0.26, 0.19, 0.28, 0.28, 0.24, 0.19, 0.25, 0.31, 0.26, 0.17, 0.30, 0.31, 0.27, 0.18, 0.22, 0.26, 0.23, 0.18, 0.24, 0.25, 0.23, 0.23, 0.26, 0.25, 0.27, 0.19, 0.27, 0.27, 0.26, 0.17, 0.25, 0.31, 0.25, 0.21, 0.32, 0.26, 0.27, 0.19, 0.26, 0.31, 0.25, 0.26, 0.28, 0.28, 0.27, 0.19


Running iteration 4 of 10 fold...
training ensembles takes 73.917 sec
creating environment takes 10.383 sec
voting takes 73.801 sec
      accuracy, precision, recall, f_score
  mv: 0.3541, 0.3450, 0.1891, 0.1821
  wv: 0.3301, 0.3333, 0.3284, 0.2627

0.2651913875598086
0.25, 0.34, 0.25, 0.12, 0.27, 0.37, 0.27, 0.12, 0.30, 0.33, 0.27, 0.14, 0.28, 0.36, 0.27, 0.12, 0.30, 0.34, 0.28, 0.13, 0.31, 0.36, 0.28, 0.13, 0.31, 0.36, 0.25, 0.13, 0.28, 0.33, 0.27, 0.13, 0.28, 0.32, 0.29, 0.15, 0.26, 0.35, 0.23, 0.13, 0.29, 0.33, 0.28, 0.11, 0.26, 0.33, 0.27, 0.14, 0.29, 0.38, 0.30, 0.14, 0.29, 0.34, 0.24, 0.13, 0.31, 0.32, 0.30, 0.15, 0.27, 0.34, 0.28, 0.12, 0.31, 0.36, 0.30, 0.13, 0.33, 0.33, 0.26, 0.12, 0.31, 0.33, 0.27, 0.15, 0.35, 0.35, 0.26, 0.15, 0.32, 0.36, 0.27, 0.12, 0.29, 0.33, 0.29, 0.13, 0.29, 0.34, 0.28, 0.13, 0.29, 0.32, 0.26, 0.14, 0.35, 0.33, 0.30, 0.14

0.25672248803827746
0.28, 0.30, 0.29, 0.14, 0.29, 0.31, 0.27, 0.18, 0.24, 0.32, 0.26, 0.11, 0.29, 0.35, 0.27, 0.13, 0.30, 0.30, 0.27, 0.15, 0.27, 0.36, 0.25, 0.14, 0.28, 0.33, 0.24, 0.14, 0.30, 0.38, 0.28, 0.12, 0.25, 0.29, 0.22, 0.12, 0.29, 0.37, 0.25, 0.12, 0.25, 0.33, 0.24, 0.13, 0.30, 0.33, 0.24, 0.12, 0.28, 0.30, 0.27, 0.17, 0.27, 0.32, 0.29, 0.11, 0.32, 0.34, 0.23, 0.13, 0.25, 0.30, 0.27, 0.11, 0.29, 0.35, 0.28, 0.10, 0.30, 0.31, 0.28, 0.12, 0.28, 0.32, 0.24, 0.15, 0.34, 0.33, 0.28, 0.11, 0.30, 0.33, 0.27, 0.14, 0.27, 0.31, 0.31, 0.19, 0.29, 0.31, 0.24, 0.15, 0.30, 0.31, 0.27, 0.15, 0.32, 0.31, 0.25, 0.14


Running iteration 5 of 10 fold...
training ensembles takes 73.990 sec
creating environment takes 8.365 sec
voting takes 64.958 sec
      accuracy, precision, recall, f_score
  mv: 0.3182, 0.2854, 0.2078, 0.1777
  wv: 0.3110, 0.3247, 0.2556, 0.2039

0.23351674641148323
0.23, 0.32, 0.28, 0.10, 0.24, 0.33, 0.25, 0.09, 0.29, 0.32, 0.23, 0.10, 0.26, 0.32, 0.22, 0.07, 0.27, 0.33, 0.25, 0.09, 0.27, 0.31, 0.25, 0.08, 0.27, 0.33, 0.22, 0.08, 0.30, 0.30, 0.26, 0.08, 0.29, 0.32, 0.24, 0.10, 0.26, 0.33, 0.23, 0.08, 0.27, 0.32, 0.19, 0.08, 0.27, 0.31, 0.25, 0.07, 0.30, 0.30, 0.23, 0.08, 0.27, 0.31, 0.26, 0.07, 0.28, 0.32, 0.26, 0.09, 0.24, 0.33, 0.25, 0.06, 0.23, 0.34, 0.26, 0.08, 0.29, 0.31, 0.24, 0.09, 0.27, 0.33, 0.21, 0.08, 0.26, 0.31, 0.24, 0.10, 0.23, 0.31, 0.26, 0.08, 0.30, 0.33, 0.26, 0.09, 0.28, 0.31, 0.26, 0.12, 0.28, 0.33, 0.22, 0.08, 0.24, 0.33, 0.22, 0.09

0.24241626794258372
0.27, 0.34, 0.24, 0.15, 0.27, 0.30, 0.25, 0.09, 0.24, 0.32, 0.28, 0.10, 0.25, 0.31, 0.26, 0.09, 0.26, 0.31, 0.25, 0.09, 0.28, 0.31, 0.24, 0.13, 0.30, 0.31, 0.24, 0.10, 0.27, 0.31, 0.28, 0.09, 0.27, 0.32, 0.27, 0.12, 0.25, 0.28, 0.25, 0.15, 0.25, 0.33, 0.27, 0.14, 0.26, 0.34, 0.25, 0.12, 0.27, 0.33, 0.28, 0.12, 0.27, 0.29, 0.28, 0.08, 0.25, 0.27, 0.28, 0.08, 0.27, 0.32, 0.25, 0.10, 0.26, 0.32, 0.27, 0.13, 0.26, 0.35, 0.26, 0.08, 0.29, 0.31, 0.24, 0.07, 0.25, 0.33, 0.27, 0.09, 0.27, 0.31, 0.24, 0.08, 0.28, 0.31, 0.27, 0.12, 0.29, 0.31, 0.26, 0.14, 0.30, 0.32, 0.25, 0.11, 0.28, 0.30, 0.22, 0.20


Running iteration 6 of 10 fold...
training ensembles takes 69.714 sec
creating environment takes 8.347 sec
voting takes 70.688 sec
      accuracy, precision, recall, f_score
  mv: 0.1292, 0.0760, 0.1033, 0.0756
  wv: 0.1005, 0.0738, 0.0978, 0.0630

0.116244019138756
0.15, 0.14, 0.11, 0.08, 0.14, 0.13, 0.11, 0.06, 0.13, 0.14, 0.10, 0.05, 0.10, 0.13, 0.10, 0.05, 0.12, 0.13, 0.10, 0.05, 0.14, 0.12, 0.12, 0.07, 0.14, 0.15, 0.11, 0.05, 0.13, 0.13, 0.13, 0.05, 0.13, 0.13, 0.16, 0.06, 0.11, 0.14, 0.09, 0.07, 0.14, 0.13, 0.12, 0.06, 0.12, 0.12, 0.10, 0.04, 0.12, 0.13, 0.12, 0.06, 0.15, 0.14, 0.13, 0.07, 0.16, 0.15, 0.11, 0.05, 0.13, 0.14, 0.12, 0.04, 0.14, 0.11, 0.12, 0.06, 0.14, 0.14, 0.12, 0.06, 0.14, 0.13, 0.12, 0.06, 0.13, 0.15, 0.10, 0.05, 0.14, 0.13, 0.11, 0.08, 0.13, 0.15, 0.12, 0.06, 0.16, 0.13, 0.11, 0.07, 0.17, 0.13, 0.11, 0.07, 0.14, 0.13, 0.12, 0.04

0.11660287081339712
0.13, 0.14, 0.14, 0.05, 0.12, 0.13, 0.13, 0.08, 0.11, 0.13, 0.11, 0.06, 0.13, 0.10, 0.13, 0.11, 0.13, 0.13, 0.11, 0.06, 0.13, 0.12, 0.11, 0.07, 0.14, 0.13, 0.12, 0.10, 0.11, 0.14, 0.12, 0.09, 0.12, 0.12, 0.09, 0.05, 0.14, 0.12, 0.12, 0.09, 0.16, 0.16, 0.13, 0.08, 0.15, 0.11, 0.10, 0.06, 0.11, 0.14, 0.11, 0.07, 0.13, 0.13, 0.11, 0.07, 0.15, 0.12, 0.10, 0.09, 0.13, 0.11, 0.11, 0.06, 0.16, 0.13, 0.12, 0.07, 0.11, 0.12, 0.12, 0.07, 0.13, 0.13, 0.11, 0.06, 0.13, 0.11, 0.12, 0.10, 0.11, 0.12, 0.12, 0.07, 0.12, 0.12, 0.12, 0.07, 0.14, 0.13, 0.14, 0.09, 0.12, 0.13, 0.13, 0.07, 0.11, 0.12, 0.11, 0.06


Running iteration 7 of 10 fold...
training ensembles takes 69.851 sec
creating environment takes 8.429 sec
voting takes 60.728 sec
      accuracy, precision, recall, f_score
  mv: 0.3876, 0.3805, 0.2384, 0.2369
  wv: 0.3804, 0.3822, 0.2898, 0.2558

0.28464114832535886
0.29, 0.35, 0.29, 0.17, 0.34, 0.35, 0.27, 0.19, 0.31, 0.35, 0.32, 0.18, 0.33, 0.36, 0.29, 0.15, 0.31, 0.33, 0.29, 0.14, 0.34, 0.34, 0.33, 0.17, 0.33, 0.35, 0.27, 0.18, 0.33, 0.34, 0.26, 0.15, 0.25, 0.34, 0.29, 0.18, 0.33, 0.34, 0.28, 0.17, 0.33, 0.30, 0.28, 0.18, 0.35, 0.36, 0.27, 0.17, 0.34, 0.33, 0.30, 0.17, 0.33, 0.34, 0.29, 0.21, 0.32, 0.33, 0.27, 0.16, 0.35, 0.33, 0.27, 0.18, 0.29, 0.36, 0.30, 0.18, 0.33, 0.35, 0.26, 0.17, 0.33, 0.36, 0.26, 0.20, 0.29, 0.35, 0.26, 0.17, 0.30, 0.34, 0.24, 0.18, 0.32, 0.36, 0.31, 0.15, 0.32, 0.33, 0.29, 0.16, 0.34, 0.37, 0.27, 0.15, 0.30, 0.36, 0.27, 0.17

0.28483253588516755
0.30, 0.33, 0.28, 0.16, 0.34, 0.34, 0.29, 0.16, 0.31, 0.31, 0.30, 0.18, 0.30, 0.33, 0.32, 0.19, 0.31, 0.32, 0.31, 0.19, 0.29, 0.32, 0.29, 0.19, 0.32, 0.33, 0.32, 0.21, 0.31, 0.32, 0.36, 0.23, 0.30, 0.34, 0.30, 0.22, 0.32, 0.34, 0.30, 0.16, 0.29, 0.36, 0.30, 0.20, 0.31, 0.29, 0.26, 0.17, 0.28, 0.30, 0.28, 0.19, 0.29, 0.37, 0.29, 0.22, 0.29, 0.33, 0.30, 0.22, 0.29, 0.31, 0.31, 0.19, 0.30, 0.32, 0.27, 0.18, 0.34, 0.35, 0.28, 0.12, 0.27, 0.30, 0.29, 0.24, 0.33, 0.34, 0.28, 0.21, 0.34, 0.35, 0.29, 0.16, 0.29, 0.35, 0.28, 0.17, 0.30, 0.34, 0.30, 0.22, 0.32, 0.30, 0.28, 0.19, 0.30, 0.35, 0.30, 0.16


Running iteration 8 of 10 fold...
training ensembles takes 70.700 sec
creating environment takes 8.599 sec
voting takes 61.792 sec
      accuracy, precision, recall, f_score
  mv: 0.1942, 0.1316, 0.1198, 0.0825
  wv: 0.1942, 0.1734, 0.1496, 0.1102

0.1552517985611511
0.17, 0.20, 0.15, 0.06, 0.21, 0.17, 0.16, 0.04, 0.21, 0.18, 0.16, 0.06, 0.17, 0.18, 0.18, 0.07, 0.16, 0.17, 0.15, 0.08, 0.17, 0.20, 0.17, 0.04, 0.19, 0.19, 0.17, 0.04, 0.19, 0.20, 0.19, 0.05, 0.20, 0.21, 0.20, 0.05, 0.16, 0.19, 0.16, 0.04, 0.18, 0.20, 0.16, 0.05, 0.20, 0.20, 0.17, 0.05, 0.20, 0.20, 0.18, 0.05, 0.20, 0.19, 0.17, 0.04, 0.18, 0.19, 0.17, 0.05, 0.20, 0.20, 0.16, 0.04, 0.19, 0.20, 0.19, 0.05, 0.18, 0.20, 0.22, 0.04, 0.19, 0.18, 0.22, 0.04, 0.18, 0.19, 0.16, 0.06, 0.15, 0.20, 0.17, 0.05, 0.20, 0.19, 0.17, 0.05, 0.17, 0.20, 0.15, 0.05, 0.21, 0.18, 0.14, 0.05, 0.18, 0.20, 0.19, 0.06

0.1603357314148681
0.21, 0.22, 0.15, 0.04, 0.18, 0.18, 0.18, 0.16, 0.19, 0.20, 0.18, 0.04, 0.18, 0.19, 0.21, 0.13, 0.17, 0.17, 0.16, 0.05, 0.17, 0.18, 0.20, 0.05, 0.19, 0.20, 0.15, 0.10, 0.17, 0.21, 0.18, 0.09, 0.16, 0.21, 0.17, 0.11, 0.20, 0.20, 0.17, 0.05, 0.18, 0.20, 0.19, 0.15, 0.16, 0.20, 0.17, 0.06, 0.17, 0.19, 0.15, 0.04, 0.17, 0.21, 0.16, 0.12, 0.18, 0.18, 0.19, 0.09, 0.20, 0.18, 0.17, 0.07, 0.17, 0.19, 0.16, 0.05, 0.18, 0.20, 0.18, 0.05, 0.17, 0.19, 0.20, 0.05, 0.20, 0.20, 0.18, 0.06, 0.16, 0.21, 0.16, 0.04, 0.20, 0.18, 0.17, 0.04, 0.16, 0.20, 0.16, 0.04, 0.17, 0.19, 0.19, 0.05, 0.18, 0.19, 0.20, 0.09


Running iteration 9 of 10 fold...
training ensembles takes 71.725 sec
creating environment takes 8.297 sec
voting takes 61.073 sec
      accuracy, precision, recall, f_score
  mv: 0.3477, 0.3096, 0.1904, 0.1796
  wv: 0.3165, 0.2923, 0.2156, 0.1760

0.24937649880095922
0.29, 0.32, 0.27, 0.13, 0.29, 0.30, 0.23, 0.10, 0.30, 0.32, 0.24, 0.10, 0.31, 0.32, 0.25, 0.12, 0.28, 0.31, 0.23, 0.12, 0.28, 0.29, 0.29, 0.11, 0.27, 0.34, 0.25, 0.10, 0.29, 0.31, 0.23, 0.12, 0.29, 0.30, 0.26, 0.14, 0.30, 0.30, 0.29, 0.11, 0.27, 0.33, 0.28, 0.11, 0.28, 0.33, 0.27, 0.13, 0.27, 0.29, 0.27, 0.13, 0.29, 0.29, 0.23, 0.11, 0.29, 0.30, 0.28, 0.11, 0.29, 0.29, 0.22, 0.11, 0.35, 0.32, 0.26, 0.11, 0.29, 0.30, 0.25, 0.12, 0.30, 0.31, 0.24, 0.10, 0.29, 0.30, 0.27, 0.11, 0.28, 0.32, 0.27, 0.17, 0.29, 0.32, 0.26, 0.13, 0.27, 0.32, 0.27, 0.12, 0.29, 0.32, 0.25, 0.12, 0.31, 0.31, 0.26, 0.15

0.24657074340527577
0.26, 0.29, 0.24, 0.13, 0.29, 0.28, 0.22, 0.27, 0.29, 0.28, 0.24, 0.13, 0.28, 0.29, 0.26, 0.15, 0.28, 0.30, 0.26, 0.12, 0.27, 0.27, 0.29, 0.11, 0.27, 0.29, 0.26, 0.15, 0.25, 0.30, 0.27, 0.18, 0.25, 0.29, 0.22, 0.12, 0.29, 0.31, 0.25, 0.13, 0.28, 0.31, 0.23, 0.18, 0.27, 0.30, 0.23, 0.15, 0.26, 0.32, 0.28, 0.15, 0.27, 0.29, 0.24, 0.12, 0.32, 0.27, 0.28, 0.17, 0.27, 0.30, 0.24, 0.13, 0.27, 0.29, 0.29, 0.15, 0.30, 0.29, 0.24, 0.15, 0.30, 0.29, 0.24, 0.10, 0.30, 0.31, 0.25, 0.12, 0.23, 0.28, 0.27, 0.14, 0.26, 0.29, 0.22, 0.12, 0.26, 0.29, 0.26, 0.13, 0.32, 0.33, 0.25, 0.14, 0.30, 0.27, 0.26, 0.14


Running iteration 10 of 10 fold...
training ensembles takes 72.528 sec
creating environment takes 8.291 sec
voting takes 61.213 sec
      accuracy, precision, recall, f_score
  mv: 0.3022, 0.3426, 0.1746, 0.1711
  wv: 0.2758, 0.3080, 0.1585, 0.1441

0.21489208633093526
0.27, 0.28, 0.23, 0.09, 0.23, 0.27, 0.20, 0.06, 0.25, 0.27, 0.23, 0.13, 0.22, 0.29, 0.22, 0.11, 0.22, 0.28, 0.22, 0.08, 0.26, 0.28, 0.24, 0.09, 0.23, 0.27, 0.24, 0.10, 0.24, 0.24, 0.21, 0.10, 0.24, 0.29, 0.23, 0.10, 0.28, 0.27, 0.20, 0.09, 0.30, 0.26, 0.22, 0.11, 0.23, 0.26, 0.20, 0.10, 0.23, 0.29, 0.22, 0.11, 0.25, 0.24, 0.21, 0.08, 0.23, 0.29, 0.22, 0.10, 0.24, 0.25, 0.23, 0.10, 0.28, 0.28, 0.22, 0.09, 0.23, 0.26, 0.21, 0.10, 0.29, 0.27, 0.23, 0.09, 0.28, 0.25, 0.23, 0.11, 0.23, 0.28, 0.21, 0.12, 0.25, 0.26, 0.23, 0.10, 0.22, 0.30, 0.21, 0.10, 0.27, 0.28, 0.23, 0.09, 0.27, 0.26, 0.26, 0.11

0.21695443645083934
0.21, 0.23, 0.22, 0.11, 0.25, 0.25, 0.22, 0.17, 0.22, 0.24, 0.21, 0.09, 0.21, 0.27, 0.25, 0.12, 0.23, 0.24, 0.23, 0.10, 0.23, 0.25, 0.23, 0.17, 0.21, 0.22, 0.19, 0.13, 0.22, 0.23, 0.23, 0.13, 0.24, 0.28, 0.22, 0.11, 0.26, 0.24, 0.23, 0.12, 0.24, 0.25, 0.24, 0.11, 0.24, 0.24, 0.20, 0.14, 0.23, 0.25, 0.23, 0.12, 0.24, 0.27, 0.20, 0.13, 0.26, 0.28, 0.23, 0.14, 0.25, 0.23, 0.23, 0.12, 0.23, 0.25, 0.18, 0.11, 0.23, 0.24, 0.23, 0.16, 0.24, 0.25, 0.25, 0.13, 0.22, 0.25, 0.21, 0.21, 0.27, 0.27, 0.23, 0.18, 0.31, 0.26, 0.24, 0.16, 0.22, 0.27, 0.22, 0.10, 0.25, 0.25, 0.22, 0.13, 0.26, 0.27, 0.23, 0.14

      accuracy, precision, recall, f_score
  mv: 0.2634, 0.2378, 0.1682, 0.1499
  wv: 0.2454, 0.2444, 0.1928, 0.1551
  fs: 0.0000, 0.0000, 0.0000, 0.0000
adab: 0.0000, 0.0000, 0.0000, 0.0000
eprl: 0.0000, 0.0000, 0.0000, 0.0000
ibrl: 0.0000, 0.0000, 0.0000, 0.0000

time costs: C, E, V, FS, Ada, EPRL, IBRL
       71.97, 8.56, 63.30, 0.0, 0.0, 0.0, 0.0
FS size: 0.00000, EPRL size: 0.00000, IBRL size: 0.00000
full test avg accu: 0.20184, part test avg accu: 0.20087
