{'dataset': 'abalone', 'algorithm': 'ptdqn', 'num_clf': 100, 'num_training': 10000, 'learning_rate': 0.1, 'discount_factor': 1.0, 'epsilon': 0.1, 'random_state': 6666, 'portion': 0.5, 'sequential': False}
reading data takes 2.119 sec
data shape: (4177, 11)
number of labels: 28

Running iteration 1 of 10 fold...
loading ensembles takes 0.142 sec
creating environment takes 1.467 sec
voting takes 46.221 sec
      accuracy, precision, recall, f_score
  mv: 0.1746, 0.1020, 0.1392, 0.1019
  wv: 0.1699, 0.1041, 0.1328, 0.0964

0.14875598086124403
0.12, 0.14, 0.12, 0.16, 0.12, 0.14, 0.14, 0.13, 0.14, 0.14, 0.15, 0.14, 0.14, 0.13, 0.14, 0.15, 0.15, 0.12, 0.12, 0.16, 0.15, 0.15, 0.14, 0.14, 0.15, 0.14, 0.13, 0.16, 0.13, 0.13, 0.13, 0.15, 0.12, 0.13, 0.12, 0.13, 0.12, 0.16, 0.14, 0.14, 0.14, 0.13, 0.14, 0.14, 0.17, 0.16, 0.16, 0.15, 0.12, 0.19, 0.15, 0.14, 0.15, 0.11, 0.13, 0.16, 0.11, 0.14, 0.16, 0.17, 0.12, 0.13, 0.16, 0.16, 0.10, 0.16, 0.12, 0.12, 0.16, 0.17, 0.15, 0.15, 0.15, 0.13, 0.19, 0.15, 0.14, 0.18, 0.16, 0.16, 0.13, 0.12, 0.15, 0.15, 0.16, 0.15, 0.14, 0.16, 0.16, 0.15, 0.13, 0.18, 0.12, 0.15, 0.12, 0.15, 0.13, 0.16, 0.17, 0.18

0.13559808612440188
0.12, 0.14, 0.11, 0.13, 0.11, 0.11, 0.11, 0.12, 0.12, 0.13, 0.12, 0.15, 0.11, 0.12, 0.14, 0.11, 0.12, 0.13, 0.15, 0.09, 0.08, 0.11, 0.12, 0.12, 0.11, 0.12, 0.12, 0.11, 0.14, 0.14, 0.11, 0.10, 0.12, 0.11, 0.17, 0.13, 0.14, 0.15, 0.12, 0.14, 0.13, 0.14, 0.11, 0.13, 0.15, 0.12, 0.16, 0.11, 0.13, 0.14, 0.11, 0.15, 0.13, 0.13, 0.11, 0.12, 0.16, 0.14, 0.11, 0.16, 0.11, 0.09, 0.14, 0.16, 0.14, 0.14, 0.10, 0.11, 0.16, 0.13, 0.16, 0.17, 0.14, 0.15, 0.14, 0.13, 0.15, 0.15, 0.15, 0.14, 0.12, 0.16, 0.14, 0.14, 0.16, 0.13, 0.12, 0.15, 0.12, 0.10, 0.11, 0.14, 0.13, 0.15, 0.16, 0.14, 0.14, 0.16, 0.16, 0.15


Running iteration 2 of 10 fold...
loading ensembles takes 0.254 sec
creating environment takes 2.881 sec
voting takes 44.313 sec
      accuracy, precision, recall, f_score
  mv: 0.0742, 0.0357, 0.0849, 0.0497
  wv: 0.0813, 0.0398, 0.0877, 0.0562

0.10265550239234447
0.11, 0.10, 0.09, 0.12, 0.09, 0.07, 0.10, 0.12, 0.13, 0.08, 0.09, 0.07, 0.09, 0.11, 0.10, 0.10, 0.09, 0.09, 0.08, 0.08, 0.08, 0.12, 0.09, 0.11, 0.10, 0.08, 0.10, 0.11, 0.09, 0.11, 0.09, 0.10, 0.08, 0.09, 0.06, 0.09, 0.07, 0.10, 0.08, 0.08, 0.09, 0.11, 0.10, 0.10, 0.09, 0.08, 0.10, 0.10, 0.07, 0.11, 0.08, 0.08, 0.09, 0.08, 0.10, 0.09, 0.07, 0.08, 0.08, 0.10, 0.13, 0.09, 0.07, 0.10, 0.10, 0.09, 0.11, 0.08, 0.11, 0.10, 0.10, 0.12, 0.11, 0.11, 0.10, 0.10, 0.10, 0.11, 0.10, 0.10, 0.09, 0.13, 0.10, 0.10, 0.10, 0.11, 0.10, 0.11, 0.12, 0.14, 0.12, 0.13, 0.09, 0.11, 0.12, 0.12, 0.10, 0.10, 0.11, 0.10

0.10313397129186601
0.12, 0.09, 0.11, 0.11, 0.10, 0.10, 0.12, 0.12, 0.10, 0.11, 0.11, 0.10, 0.09, 0.11, 0.10, 0.08, 0.11, 0.09, 0.10, 0.12, 0.10, 0.10, 0.10, 0.12, 0.09, 0.09, 0.11, 0.09, 0.08, 0.08, 0.11, 0.08, 0.10, 0.11, 0.06, 0.08, 0.11, 0.07, 0.11, 0.10, 0.08, 0.07, 0.08, 0.09, 0.09, 0.10, 0.10, 0.09, 0.10, 0.10, 0.09, 0.09, 0.11, 0.07, 0.10, 0.09, 0.11, 0.08, 0.09, 0.10, 0.10, 0.07, 0.06, 0.10, 0.08, 0.10, 0.09, 0.07, 0.11, 0.11, 0.11, 0.09, 0.15, 0.11, 0.10, 0.11, 0.11, 0.10, 0.09, 0.08, 0.10, 0.11, 0.11, 0.10, 0.09, 0.10, 0.11, 0.10, 0.08, 0.10, 0.11, 0.13, 0.11, 0.09, 0.13, 0.13, 0.12, 0.10, 0.12, 0.10


Running iteration 3 of 10 fold...
loading ensembles takes 0.177 sec
creating environment takes 2.184 sec
voting takes 55.863 sec
      accuracy, precision, recall, f_score
  mv: 0.3301, 0.3400, 0.2199, 0.2196
  wv: 0.3301, 0.3381, 0.2225, 0.2263

0.27669856459330144
0.28, 0.28, 0.28, 0.25, 0.25, 0.26, 0.27, 0.27, 0.24, 0.26, 0.27, 0.26, 0.27, 0.28, 0.30, 0.24, 0.28, 0.23, 0.21, 0.26, 0.26, 0.27, 0.28, 0.28, 0.27, 0.28, 0.22, 0.30, 0.27, 0.27, 0.29, 0.28, 0.27, 0.27, 0.22, 0.27, 0.23, 0.24, 0.27, 0.22, 0.29, 0.29, 0.27, 0.28, 0.28, 0.27, 0.26, 0.25, 0.29, 0.29, 0.30, 0.26, 0.20, 0.24, 0.26, 0.23, 0.27, 0.27, 0.30, 0.26, 0.26, 0.23, 0.27, 0.26, 0.25, 0.26, 0.24, 0.27, 0.34, 0.27, 0.33, 0.30, 0.28, 0.31, 0.32, 0.28, 0.22, 0.30, 0.29, 0.27, 0.31, 0.28, 0.27, 0.28, 0.29, 0.28, 0.30, 0.31, 0.28, 0.29, 0.31, 0.29, 0.26, 0.31, 0.28, 0.32, 0.27, 0.31, 0.27, 0.28

0.27181818181818185
0.25, 0.22, 0.24, 0.25, 0.23, 0.25, 0.20, 0.30, 0.22, 0.24, 0.28, 0.28, 0.23, 0.27, 0.24, 0.28, 0.31, 0.23, 0.22, 0.24, 0.27, 0.27, 0.27, 0.25, 0.27, 0.25, 0.30, 0.30, 0.28, 0.31, 0.26, 0.28, 0.27, 0.25, 0.30, 0.26, 0.24, 0.29, 0.25, 0.22, 0.27, 0.23, 0.25, 0.23, 0.27, 0.26, 0.24, 0.28, 0.26, 0.33, 0.27, 0.20, 0.24, 0.28, 0.28, 0.28, 0.28, 0.26, 0.23, 0.24, 0.27, 0.25, 0.28, 0.27, 0.28, 0.27, 0.26, 0.27, 0.27, 0.29, 0.31, 0.29, 0.30, 0.26, 0.28, 0.25, 0.29, 0.23, 0.29, 0.30, 0.28, 0.27, 0.35, 0.27, 0.28, 0.32, 0.25, 0.26, 0.25, 0.22, 0.29, 0.28, 0.29, 0.26, 0.28, 0.28, 0.29, 0.28, 0.25, 0.30


Running iteration 4 of 10 fold...
loading ensembles takes 0.237 sec
creating environment takes 3.006 sec
voting takes 51.828 sec
      accuracy, precision, recall, f_score
  mv: 0.3589, 0.3415, 0.1829, 0.1772
  wv: 0.3589, 0.3460, 0.1863, 0.1827

0.300622009569378
0.32, 0.33, 0.27, 0.34, 0.27, 0.30, 0.31, 0.32, 0.31, 0.28, 0.30, 0.27, 0.28, 0.30, 0.30, 0.37, 0.27, 0.31, 0.27, 0.27, 0.32, 0.28, 0.29, 0.27, 0.33, 0.31, 0.30, 0.28, 0.28, 0.31, 0.27, 0.29, 0.31, 0.30, 0.33, 0.28, 0.28, 0.30, 0.30, 0.27, 0.31, 0.28, 0.33, 0.30, 0.31, 0.33, 0.32, 0.26, 0.33, 0.29, 0.28, 0.27, 0.25, 0.31, 0.28, 0.33, 0.30, 0.29, 0.28, 0.25, 0.30, 0.24, 0.32, 0.29, 0.32, 0.30, 0.29, 0.28, 0.31, 0.28, 0.30, 0.27, 0.32, 0.29, 0.31, 0.29, 0.31, 0.33, 0.33, 0.27, 0.33, 0.29, 0.26, 0.33, 0.27, 0.28, 0.29, 0.28, 0.28, 0.30, 0.30, 0.32, 0.30, 0.26, 0.31, 0.30, 0.29, 0.27, 0.29, 0.26

0.28200956937799043
0.32, 0.22, 0.28, 0.24, 0.27, 0.22, 0.23, 0.24, 0.29, 0.28, 0.26, 0.25, 0.26, 0.26, 0.29, 0.27, 0.25, 0.31, 0.26, 0.26, 0.27, 0.28, 0.29, 0.25, 0.30, 0.31, 0.30, 0.26, 0.25, 0.27, 0.26, 0.26, 0.31, 0.27, 0.27, 0.32, 0.27, 0.32, 0.21, 0.31, 0.27, 0.29, 0.29, 0.29, 0.30, 0.25, 0.28, 0.31, 0.31, 0.25, 0.32, 0.31, 0.25, 0.27, 0.35, 0.24, 0.33, 0.30, 0.27, 0.27, 0.23, 0.24, 0.24, 0.28, 0.31, 0.26, 0.26, 0.31, 0.26, 0.30, 0.33, 0.29, 0.25, 0.23, 0.24, 0.29, 0.31, 0.32, 0.28, 0.27, 0.31, 0.26, 0.26, 0.22, 0.26, 0.32, 0.30, 0.29, 0.30, 0.27, 0.23, 0.28, 0.24, 0.30, 0.28, 0.28, 0.34, 0.27, 0.29, 0.30


Running iteration 5 of 10 fold...
loading ensembles takes 0.224 sec
creating environment takes 3.012 sec
voting takes 53.958 sec
      accuracy, precision, recall, f_score
  mv: 0.3301, 0.2945, 0.2562, 0.2335
  wv: 0.3062, 0.2763, 0.2290, 0.1871

0.2801913875598086
0.25, 0.25, 0.26, 0.29, 0.26, 0.26, 0.29, 0.28, 0.24, 0.27, 0.26, 0.26, 0.25, 0.27, 0.27, 0.26, 0.28, 0.26, 0.22, 0.27, 0.27, 0.27, 0.26, 0.27, 0.26, 0.27, 0.27, 0.25, 0.29, 0.30, 0.28, 0.25, 0.27, 0.28, 0.29, 0.29, 0.29, 0.25, 0.25, 0.30, 0.28, 0.30, 0.27, 0.29, 0.26, 0.31, 0.29, 0.28, 0.30, 0.30, 0.28, 0.29, 0.26, 0.27, 0.27, 0.28, 0.29, 0.29, 0.27, 0.30, 0.30, 0.26, 0.26, 0.28, 0.30, 0.27, 0.29, 0.29, 0.25, 0.29, 0.27, 0.27, 0.27, 0.26, 0.27, 0.27, 0.26, 0.28, 0.27, 0.30, 0.27, 0.27, 0.28, 0.30, 0.27, 0.27, 0.28, 0.28, 0.30, 0.30, 0.27, 0.27, 0.30, 0.27, 0.28, 0.29, 0.25, 0.30, 0.26, 0.28

0.2741866028708134
0.27, 0.28, 0.27, 0.22, 0.26, 0.25, 0.23, 0.29, 0.25, 0.29, 0.26, 0.25, 0.22, 0.27, 0.22, 0.24, 0.28, 0.27, 0.29, 0.29, 0.26, 0.26, 0.26, 0.24, 0.26, 0.24, 0.25, 0.27, 0.23, 0.25, 0.28, 0.29, 0.25, 0.29, 0.27, 0.31, 0.31, 0.27, 0.28, 0.27, 0.30, 0.26, 0.31, 0.31, 0.24, 0.27, 0.23, 0.27, 0.29, 0.26, 0.28, 0.25, 0.25, 0.26, 0.28, 0.28, 0.25, 0.24, 0.30, 0.25, 0.29, 0.27, 0.28, 0.27, 0.28, 0.28, 0.24, 0.28, 0.27, 0.29, 0.29, 0.26, 0.29, 0.27, 0.26, 0.27, 0.27, 0.27, 0.29, 0.31, 0.23, 0.27, 0.29, 0.27, 0.29, 0.27, 0.25, 0.29, 0.27, 0.25, 0.27, 0.28, 0.31, 0.32, 0.28, 0.27, 0.25, 0.25, 0.28, 0.30


Running iteration 6 of 10 fold...
loading ensembles takes 0.272 sec
creating environment takes 4.660 sec
voting takes 63.231 sec
      accuracy, precision, recall, f_score
  mv: 0.1388, 0.0763, 0.1253, 0.0830
  wv: 0.1507, 0.0847, 0.1346, 0.0930

0.13045454545454546
0.13, 0.11, 0.15, 0.11, 0.15, 0.13, 0.11, 0.13, 0.14, 0.13, 0.14, 0.11, 0.12, 0.11, 0.12, 0.11, 0.11, 0.15, 0.11, 0.11, 0.11, 0.12, 0.14, 0.13, 0.12, 0.11, 0.12, 0.14, 0.13, 0.11, 0.15, 0.12, 0.14, 0.12, 0.13, 0.13, 0.15, 0.15, 0.11, 0.11, 0.13, 0.13, 0.11, 0.12, 0.12, 0.14, 0.11, 0.12, 0.10, 0.11, 0.09, 0.11, 0.14, 0.11, 0.14, 0.12, 0.11, 0.11, 0.12, 0.13, 0.12, 0.15, 0.12, 0.12, 0.11, 0.10, 0.13, 0.12, 0.13, 0.13, 0.13, 0.16, 0.13, 0.11, 0.12, 0.11, 0.11, 0.13, 0.13, 0.13, 0.12, 0.14, 0.14, 0.11, 0.13, 0.14, 0.14, 0.13, 0.12, 0.15, 0.13, 0.14, 0.14, 0.11, 0.14, 0.13, 0.16, 0.13, 0.15, 0.11

0.12468899521531102
0.11, 0.12, 0.11, 0.13, 0.11, 0.11, 0.11, 0.10, 0.13, 0.11, 0.12, 0.12, 0.13, 0.13, 0.11, 0.12, 0.12, 0.13, 0.12, 0.10, 0.12, 0.09, 0.11, 0.12, 0.08, 0.08, 0.11, 0.12, 0.11, 0.13, 0.12, 0.11, 0.12, 0.11, 0.13, 0.11, 0.12, 0.11, 0.12, 0.13, 0.13, 0.11, 0.13, 0.11, 0.12, 0.13, 0.09, 0.12, 0.09, 0.10, 0.13, 0.12, 0.10, 0.11, 0.12, 0.11, 0.11, 0.13, 0.12, 0.13, 0.15, 0.09, 0.13, 0.11, 0.10, 0.11, 0.13, 0.10, 0.11, 0.14, 0.17, 0.12, 0.11, 0.13, 0.12, 0.13, 0.12, 0.13, 0.14, 0.14, 0.13, 0.12, 0.13, 0.14, 0.15, 0.14, 0.12, 0.14, 0.11, 0.14, 0.10, 0.12, 0.15, 0.13, 0.13, 0.14, 0.14, 0.09, 0.15, 0.13


Running iteration 7 of 10 fold...
loading ensembles takes 0.297 sec
creating environment takes 3.617 sec
voting takes 64.744 sec
      accuracy, precision, recall, f_score
  mv: 0.3469, 0.3476, 0.2335, 0.2394
  wv: 0.3517, 0.3591, 0.2409, 0.2512

0.30133971291866024
0.24, 0.27, 0.25, 0.27, 0.27, 0.26, 0.28, 0.24, 0.30, 0.29, 0.29, 0.32, 0.26, 0.26, 0.26, 0.32, 0.29, 0.27, 0.30, 0.28, 0.27, 0.26, 0.27, 0.30, 0.30, 0.25, 0.28, 0.29, 0.26, 0.27, 0.29, 0.26, 0.30, 0.28, 0.30, 0.27, 0.29, 0.29, 0.32, 0.29, 0.31, 0.30, 0.28, 0.34, 0.31, 0.32, 0.27, 0.29, 0.28, 0.29, 0.29, 0.28, 0.29, 0.31, 0.29, 0.32, 0.29, 0.32, 0.29, 0.29, 0.30, 0.29, 0.27, 0.30, 0.30, 0.32, 0.30, 0.25, 0.31, 0.34, 0.33, 0.34, 0.36, 0.31, 0.36, 0.27, 0.31, 0.31, 0.31, 0.35, 0.31, 0.31, 0.31, 0.35, 0.30, 0.35, 0.33, 0.30, 0.31, 0.32, 0.31, 0.31, 0.33, 0.34, 0.32, 0.27, 0.31, 0.25, 0.34, 0.32

0.2880143540669856
0.22, 0.26, 0.23, 0.25, 0.27, 0.25, 0.28, 0.27, 0.25, 0.28, 0.28, 0.25, 0.26, 0.29, 0.22, 0.23, 0.27, 0.27, 0.25, 0.27, 0.32, 0.29, 0.28, 0.22, 0.27, 0.23, 0.29, 0.29, 0.27, 0.22, 0.26, 0.29, 0.31, 0.23, 0.26, 0.32, 0.28, 0.30, 0.27, 0.26, 0.32, 0.27, 0.29, 0.26, 0.28, 0.27, 0.26, 0.28, 0.31, 0.33, 0.30, 0.27, 0.26, 0.27, 0.25, 0.30, 0.25, 0.29, 0.33, 0.27, 0.23, 0.26, 0.25, 0.24, 0.29, 0.29, 0.28, 0.32, 0.26, 0.29, 0.27, 0.35, 0.29, 0.29, 0.30, 0.26, 0.33, 0.33, 0.32, 0.28, 0.35, 0.33, 0.33, 0.29, 0.31, 0.27, 0.33, 0.29, 0.32, 0.29, 0.29, 0.32, 0.30, 0.32, 0.31, 0.33, 0.33, 0.32, 0.31, 0.33


Running iteration 8 of 10 fold...
loading ensembles takes 0.337 sec
creating environment takes 4.155 sec
voting takes 69.433 sec
      accuracy, precision, recall, f_score
  mv: 0.1990, 0.1384, 0.1398, 0.1087
  wv: 0.1942, 0.1384, 0.1265, 0.1013

0.18688249400479623
0.17, 0.18, 0.19, 0.21, 0.19, 0.18, 0.18, 0.17, 0.20, 0.16, 0.20, 0.18, 0.17, 0.18, 0.18, 0.19, 0.19, 0.17, 0.20, 0.19, 0.18, 0.16, 0.19, 0.18, 0.20, 0.21, 0.18, 0.18, 0.18, 0.16, 0.18, 0.22, 0.20, 0.20, 0.21, 0.17, 0.16, 0.19, 0.21, 0.17, 0.18, 0.18, 0.17, 0.20, 0.19, 0.20, 0.19, 0.19, 0.17, 0.18, 0.20, 0.19, 0.19, 0.16, 0.16, 0.17, 0.20, 0.17, 0.20, 0.16, 0.19, 0.19, 0.19, 0.17, 0.20, 0.17, 0.19, 0.15, 0.17, 0.16, 0.19, 0.18, 0.16, 0.18, 0.19, 0.17, 0.19, 0.21, 0.17, 0.18, 0.16, 0.20, 0.19, 0.21, 0.19, 0.19, 0.19, 0.18, 0.16, 0.18, 0.17, 0.16, 0.19, 0.17, 0.19, 0.15, 0.20, 0.18, 0.15, 0.15

0.18074340527577942
0.17, 0.16, 0.19, 0.14, 0.16, 0.14, 0.17, 0.15, 0.17, 0.16, 0.19, 0.16, 0.17, 0.17, 0.17, 0.16, 0.15, 0.17, 0.15, 0.15, 0.16, 0.17, 0.18, 0.16, 0.15, 0.16, 0.18, 0.17, 0.17, 0.19, 0.15, 0.15, 0.14, 0.17, 0.18, 0.17, 0.18, 0.16, 0.19, 0.16, 0.19, 0.16, 0.18, 0.20, 0.21, 0.18, 0.22, 0.16, 0.18, 0.17, 0.17, 0.20, 0.17, 0.19, 0.19, 0.16, 0.17, 0.20, 0.19, 0.18, 0.19, 0.18, 0.20, 0.15, 0.19, 0.19, 0.21, 0.19, 0.20, 0.19, 0.16, 0.22, 0.19, 0.19, 0.16, 0.13, 0.21, 0.18, 0.16, 0.21, 0.19, 0.21, 0.19, 0.17, 0.15, 0.20, 0.16, 0.18, 0.16, 0.19, 0.19, 0.18, 0.15, 0.19, 0.17, 0.18, 0.18, 0.16, 0.18, 0.21


Running iteration 9 of 10 fold...
loading ensembles takes 0.329 sec
creating environment takes 3.989 sec
voting takes 62.416 sec
      accuracy, precision, recall, f_score
  mv: 0.3357, 0.3057, 0.1695, 0.1657
  wv: 0.3309, 0.2953, 0.1714, 0.1655

0.2844124700239808
0.25, 0.29, 0.25, 0.27, 0.28, 0.28, 0.29, 0.25, 0.27, 0.27, 0.29, 0.28, 0.30, 0.24, 0.27, 0.25, 0.28, 0.28, 0.26, 0.28, 0.27, 0.27, 0.26, 0.26, 0.26, 0.27, 0.27, 0.27, 0.27, 0.28, 0.25, 0.28, 0.27, 0.29, 0.25, 0.29, 0.29, 0.25, 0.29, 0.27, 0.27, 0.25, 0.25, 0.27, 0.26, 0.26, 0.25, 0.26, 0.27, 0.28, 0.29, 0.27, 0.29, 0.26, 0.30, 0.30, 0.27, 0.30, 0.29, 0.27, 0.26, 0.25, 0.29, 0.26, 0.29, 0.27, 0.28, 0.25, 0.27, 0.28, 0.32, 0.30, 0.30, 0.27, 0.33, 0.30, 0.32, 0.31, 0.28, 0.29, 0.27, 0.28, 0.32, 0.28, 0.28, 0.32, 0.30, 0.29, 0.28, 0.29, 0.32, 0.27, 0.29, 0.33, 0.31, 0.30, 0.31, 0.29, 0.30, 0.29

0.26966426858513187
0.26, 0.25, 0.22, 0.26, 0.27, 0.27, 0.26, 0.27, 0.29, 0.27, 0.24, 0.24, 0.24, 0.23, 0.26, 0.26, 0.23, 0.24, 0.23, 0.25, 0.26, 0.25, 0.27, 0.28, 0.27, 0.24, 0.26, 0.26, 0.23, 0.28, 0.26, 0.24, 0.25, 0.27, 0.25, 0.27, 0.27, 0.27, 0.25, 0.27, 0.24, 0.28, 0.25, 0.24, 0.29, 0.25, 0.31, 0.29, 0.27, 0.27, 0.26, 0.28, 0.23, 0.26, 0.26, 0.24, 0.25, 0.28, 0.26, 0.26, 0.28, 0.24, 0.24, 0.27, 0.26, 0.25, 0.25, 0.26, 0.29, 0.29, 0.26, 0.28, 0.24, 0.26, 0.30, 0.26, 0.31, 0.31, 0.28, 0.30, 0.28, 0.27, 0.31, 0.29, 0.28, 0.27, 0.27, 0.27, 0.26, 0.25, 0.29, 0.26, 0.29, 0.29, 0.24, 0.31, 0.29, 0.27, 0.29, 0.24


Running iteration 10 of 10 fold...
loading ensembles takes 0.316 sec
creating environment takes 3.708 sec
voting takes 62.640 sec
      accuracy, precision, recall, f_score
  mv: 0.2902, 0.2604, 0.1689, 0.1548
  wv: 0.2878, 0.2829, 0.1528, 0.1437

0.2570983213429256
0.24, 0.24, 0.25, 0.25, 0.27, 0.22, 0.27, 0.25, 0.25, 0.26, 0.28, 0.26, 0.23, 0.26, 0.25, 0.26, 0.25, 0.26, 0.21, 0.21, 0.22, 0.23, 0.22, 0.25, 0.28, 0.24, 0.24, 0.23, 0.27, 0.25, 0.28, 0.25, 0.26, 0.23, 0.23, 0.28, 0.28, 0.29, 0.25, 0.25, 0.29, 0.27, 0.23, 0.28, 0.26, 0.23, 0.23, 0.29, 0.25, 0.23, 0.25, 0.29, 0.24, 0.23, 0.26, 0.26, 0.25, 0.25, 0.25, 0.25, 0.27, 0.29, 0.24, 0.24, 0.29, 0.23, 0.27, 0.29, 0.26, 0.23, 0.21, 0.24, 0.26, 0.27, 0.23, 0.28, 0.24, 0.25, 0.23, 0.25, 0.25, 0.25, 0.26, 0.25, 0.25, 0.28, 0.22, 0.24, 0.24, 0.29, 0.24, 0.23, 0.23, 0.27, 0.28, 0.25, 0.25, 0.24, 0.29, 0.23

0.23920863309352516
0.23, 0.22, 0.22, 0.24, 0.21, 0.23, 0.23, 0.27, 0.21, 0.25, 0.19, 0.24, 0.23, 0.24, 0.24, 0.23, 0.23, 0.24, 0.24, 0.21, 0.22, 0.22, 0.22, 0.24, 0.23, 0.21, 0.22, 0.24, 0.24, 0.22, 0.24, 0.26, 0.24, 0.22, 0.26, 0.22, 0.26, 0.22, 0.22, 0.26, 0.22, 0.26, 0.23, 0.27, 0.22, 0.21, 0.25, 0.21, 0.19, 0.25, 0.21, 0.26, 0.25, 0.24, 0.25, 0.25, 0.24, 0.18, 0.27, 0.20, 0.23, 0.19, 0.25, 0.26, 0.22, 0.23, 0.20, 0.25, 0.25, 0.25, 0.26, 0.21, 0.26, 0.20, 0.23, 0.23, 0.23, 0.26, 0.24, 0.26, 0.24, 0.22, 0.28, 0.22, 0.25, 0.22, 0.23, 0.25, 0.23, 0.25, 0.25, 0.25, 0.24, 0.24, 0.23, 0.24, 0.25, 0.24, 0.24, 0.24

      accuracy, precision, recall, f_score
  mv: 0.2579, 0.2242, 0.1720, 0.1534
  wv: 0.2562, 0.2265, 0.1685, 0.1503
  fs: 0.0000, 0.0000, 0.0000, 0.0000
adab: 0.0000, 0.0000, 0.0000, 0.0000
eprl: 0.0000, 0.0000, 0.0000, 0.0000
ibrl: 0.0000, 0.0000, 0.0000, 0.0000

time costs: C, E, V, FS, Ada, EPRL, IBRL
       0.25, 3.26, 57.46, 0.0, 0.0, 0.0, 0.0
FS size: 0.00000, EPRL size: 0.00000, IBRL size: 0.00000
full test avg accu: 0.22691, part test avg accu: 0.21691
