{'dataset': 'abalone', 'algorithm': 'ptdqn', 'num_clf': 100, 'num_training': 10000, 'learning_rate': 0.1, 'discount_factor': 1.0, 'epsilon': 0.1, 'random_state': 6666, 'portion': 0.5, 'sequential': False}
reading data takes 1.727 sec
data shape: (4177, 11)
number of labels: 28

Running iteration 1 of 10 fold...
training ensembles takes 2.174 sec
creating environment takes 1.222 sec
voting takes 25.094 sec
      accuracy, precision, recall, f_score
  mv: 0.1651, 0.1379, 0.1170, 0.1022
  wv: 0.1627, 0.1314, 0.1115, 0.0963

0.15497607655502393
0.12, 0.15, 0.14, 0.18, 0.14, 0.13, 0.13, 0.15, 0.13, 0.16, 0.16, 0.14, 0.11, 0.16, 0.16, 0.16, 0.14, 0.15, 0.13, 0.15, 0.16, 0.15, 0.13, 0.15, 0.18, 0.16, 0.12, 0.16, 0.16, 0.15, 0.11, 0.18, 0.16, 0.15, 0.19, 0.17, 0.16, 0.15, 0.18, 0.19, 0.21, 0.17, 0.15, 0.15, 0.16, 0.15, 0.15, 0.14, 0.18, 0.17, 0.11, 0.16, 0.13, 0.17, 0.18, 0.16, 0.17, 0.15, 0.15, 0.16, 0.17, 0.16, 0.15, 0.13, 0.15, 0.15, 0.14, 0.13, 0.16, 0.15, 0.14, 0.12, 0.13, 0.13, 0.16, 0.16, 0.13, 0.15, 0.12, 0.19, 0.16, 0.16, 0.14, 0.12, 0.14, 0.17, 0.14, 0.15, 0.14, 0.12, 0.15, 0.15, 0.16, 0.15, 0.14, 0.16, 0.14, 0.13, 0.13, 0.13

0.14456937799043065
0.16, 0.11, 0.13, 0.16, 0.15, 0.11, 0.13, 0.12, 0.12, 0.13, 0.14, 0.15, 0.15, 0.15, 0.13, 0.13, 0.12, 0.13, 0.15, 0.15, 0.12, 0.14, 0.14, 0.14, 0.14, 0.16, 0.17, 0.17, 0.17, 0.15, 0.18, 0.13, 0.15, 0.13, 0.16, 0.17, 0.15, 0.14, 0.13, 0.12, 0.13, 0.12, 0.12, 0.14, 0.12, 0.10, 0.14, 0.12, 0.17, 0.16, 0.12, 0.16, 0.17, 0.11, 0.14, 0.11, 0.11, 0.14, 0.12, 0.13, 0.14, 0.15, 0.13, 0.13, 0.14, 0.16, 0.15, 0.15, 0.15, 0.13, 0.16, 0.18, 0.11, 0.15, 0.17, 0.14, 0.14, 0.14, 0.18, 0.14, 0.12, 0.15, 0.14, 0.13, 0.13, 0.12, 0.12, 0.13, 0.14, 0.13, 0.14, 0.13, 0.19, 0.14, 0.16, 0.13, 0.12, 0.14, 0.13, 0.14


Running iteration 2 of 10 fold...
training ensembles takes 2.162 sec
creating environment takes 1.533 sec
voting takes 24.872 sec
      accuracy, precision, recall, f_score
  mv: 0.1196, 0.0853, 0.1042, 0.0712
  wv: 0.1172, 0.0918, 0.0968, 0.0712

0.1216028708133971
0.15, 0.13, 0.12, 0.11, 0.10, 0.10, 0.11, 0.10, 0.11, 0.12, 0.15, 0.11, 0.11, 0.12, 0.09, 0.13, 0.10, 0.09, 0.10, 0.12, 0.14, 0.14, 0.12, 0.09, 0.11, 0.10, 0.10, 0.10, 0.10, 0.13, 0.11, 0.12, 0.08, 0.11, 0.12, 0.11, 0.11, 0.15, 0.11, 0.13, 0.11, 0.12, 0.13, 0.09, 0.11, 0.11, 0.11, 0.11, 0.14, 0.11, 0.12, 0.11, 0.12, 0.12, 0.11, 0.10, 0.11, 0.11, 0.11, 0.13, 0.12, 0.14, 0.13, 0.13, 0.13, 0.11, 0.11, 0.10, 0.13, 0.14, 0.11, 0.12, 0.11, 0.12, 0.14, 0.09, 0.13, 0.11, 0.10, 0.12, 0.13, 0.13, 0.11, 0.14, 0.14, 0.15, 0.11, 0.14, 0.10, 0.11, 0.15, 0.11, 0.12, 0.12, 0.11, 0.11, 0.11, 0.10, 0.12, 0.14

0.11351674641148322
0.13, 0.11, 0.11, 0.12, 0.12, 0.12, 0.08, 0.11, 0.12, 0.11, 0.12, 0.11, 0.12, 0.10, 0.13, 0.14, 0.08, 0.11, 0.12, 0.11, 0.13, 0.13, 0.13, 0.09, 0.10, 0.10, 0.11, 0.12, 0.10, 0.12, 0.11, 0.11, 0.11, 0.10, 0.11, 0.13, 0.12, 0.13, 0.09, 0.11, 0.13, 0.09, 0.10, 0.11, 0.10, 0.09, 0.12, 0.11, 0.12, 0.08, 0.10, 0.09, 0.12, 0.10, 0.11, 0.11, 0.08, 0.11, 0.09, 0.12, 0.12, 0.10, 0.11, 0.10, 0.10, 0.11, 0.10, 0.11, 0.11, 0.12, 0.10, 0.11, 0.09, 0.11, 0.11, 0.10, 0.11, 0.12, 0.11, 0.11, 0.14, 0.10, 0.11, 0.13, 0.11, 0.07, 0.08, 0.12, 0.09, 0.12, 0.12, 0.09, 0.09, 0.10, 0.14, 0.12, 0.11, 0.10, 0.12, 0.11


Running iteration 3 of 10 fold...
training ensembles takes 2.128 sec
creating environment takes 1.529 sec
voting takes 25.001 sec
      accuracy, precision, recall, f_score
  mv: 0.3278, 0.3364, 0.2173, 0.2042
  wv: 0.3230, 0.3299, 0.2063, 0.1921

0.28801435406698567
0.28, 0.29, 0.25, 0.29, 0.28, 0.28, 0.30, 0.26, 0.30, 0.31, 0.29, 0.32, 0.29, 0.30, 0.29, 0.25, 0.26, 0.26, 0.30, 0.31, 0.29, 0.27, 0.26, 0.30, 0.25, 0.29, 0.28, 0.29, 0.27, 0.31, 0.30, 0.32, 0.30, 0.29, 0.30, 0.29, 0.28, 0.30, 0.27, 0.28, 0.31, 0.25, 0.27, 0.35, 0.31, 0.26, 0.28, 0.27, 0.26, 0.29, 0.33, 0.30, 0.25, 0.29, 0.28, 0.27, 0.25, 0.26, 0.23, 0.28, 0.26, 0.25, 0.31, 0.30, 0.26, 0.28, 0.30, 0.22, 0.26, 0.24, 0.27, 0.33, 0.30, 0.25, 0.27, 0.29, 0.28, 0.29, 0.24, 0.25, 0.30, 0.33, 0.27, 0.29, 0.28, 0.29, 0.30, 0.26, 0.26, 0.28, 0.29, 0.28, 0.28, 0.32, 0.29, 0.30, 0.29, 0.31, 0.28, 0.28

0.2795215311004785
0.27, 0.26, 0.27, 0.27, 0.28, 0.30, 0.23, 0.24, 0.26, 0.28, 0.28, 0.27, 0.27, 0.29, 0.21, 0.27, 0.31, 0.26, 0.29, 0.26, 0.27, 0.28, 0.26, 0.27, 0.30, 0.27, 0.34, 0.28, 0.26, 0.24, 0.26, 0.31, 0.27, 0.26, 0.29, 0.28, 0.25, 0.27, 0.30, 0.25, 0.29, 0.27, 0.29, 0.28, 0.29, 0.28, 0.26, 0.29, 0.26, 0.32, 0.27, 0.28, 0.24, 0.29, 0.30, 0.27, 0.28, 0.25, 0.26, 0.25, 0.25, 0.31, 0.29, 0.31, 0.30, 0.28, 0.29, 0.29, 0.22, 0.22, 0.27, 0.30, 0.24, 0.27, 0.28, 0.24, 0.26, 0.28, 0.31, 0.29, 0.27, 0.29, 0.29, 0.27, 0.25, 0.29, 0.31, 0.31, 0.32, 0.29, 0.24, 0.28, 0.26, 0.24, 0.28, 0.31, 0.28, 0.28, 0.23, 0.29


Running iteration 4 of 10 fold...
training ensembles takes 2.119 sec
creating environment takes 1.582 sec
voting takes 25.090 sec
      accuracy, precision, recall, f_score
  mv: 0.3565, 0.3461, 0.1865, 0.1809
  wv: 0.3636, 0.3539, 0.1859, 0.1807

0.29916267942583735
0.25, 0.33, 0.29, 0.33, 0.27, 0.26, 0.32, 0.28, 0.30, 0.29, 0.29, 0.32, 0.28, 0.30, 0.25, 0.30, 0.30, 0.30, 0.27, 0.30, 0.31, 0.29, 0.27, 0.28, 0.31, 0.31, 0.31, 0.31, 0.28, 0.27, 0.26, 0.29, 0.28, 0.30, 0.26, 0.28, 0.26, 0.30, 0.30, 0.28, 0.29, 0.30, 0.27, 0.33, 0.26, 0.33, 0.25, 0.33, 0.29, 0.30, 0.34, 0.29, 0.29, 0.29, 0.27, 0.27, 0.31, 0.29, 0.29, 0.30, 0.27, 0.29, 0.30, 0.30, 0.31, 0.31, 0.31, 0.32, 0.33, 0.28, 0.27, 0.27, 0.31, 0.29, 0.27, 0.31, 0.35, 0.28, 0.30, 0.30, 0.32, 0.26, 0.28, 0.31, 0.29, 0.33, 0.35, 0.30, 0.29, 0.28, 0.26, 0.30, 0.29, 0.29, 0.31, 0.31, 0.35, 0.31, 0.27, 0.28

0.28435406698564597
0.28, 0.28, 0.29, 0.24, 0.29, 0.28, 0.26, 0.28, 0.24, 0.30, 0.34, 0.26, 0.29, 0.25, 0.32, 0.24, 0.30, 0.30, 0.27, 0.24, 0.27, 0.28, 0.29, 0.29, 0.28, 0.30, 0.28, 0.29, 0.30, 0.25, 0.23, 0.30, 0.25, 0.32, 0.28, 0.28, 0.29, 0.30, 0.23, 0.24, 0.25, 0.31, 0.26, 0.30, 0.30, 0.38, 0.30, 0.30, 0.28, 0.27, 0.25, 0.28, 0.27, 0.26, 0.28, 0.22, 0.32, 0.27, 0.27, 0.31, 0.25, 0.24, 0.27, 0.31, 0.29, 0.24, 0.30, 0.30, 0.30, 0.27, 0.28, 0.22, 0.28, 0.26, 0.28, 0.33, 0.34, 0.21, 0.25, 0.34, 0.30, 0.29, 0.26, 0.23, 0.27, 0.30, 0.26, 0.27, 0.29, 0.31, 0.25, 0.29, 0.30, 0.30, 0.26, 0.26, 0.32, 0.29, 0.28, 0.26


Running iteration 5 of 10 fold...
training ensembles takes 2.144 sec
creating environment takes 1.539 sec
voting takes 24.787 sec
      accuracy, precision, recall, f_score
  mv: 0.3014, 0.2947, 0.2479, 0.2275
  wv: 0.3158, 0.3040, 0.2587, 0.2408

0.2771531100478469
0.23, 0.28, 0.28, 0.33, 0.24, 0.27, 0.28, 0.30, 0.29, 0.31, 0.28, 0.26, 0.26, 0.28, 0.26, 0.27, 0.27, 0.26, 0.27, 0.26, 0.27, 0.28, 0.27, 0.23, 0.27, 0.26, 0.26, 0.27, 0.30, 0.28, 0.27, 0.29, 0.29, 0.26, 0.30, 0.26, 0.26, 0.27, 0.27, 0.26, 0.27, 0.24, 0.29, 0.28, 0.27, 0.28, 0.29, 0.22, 0.30, 0.25, 0.27, 0.28, 0.27, 0.27, 0.30, 0.28, 0.28, 0.29, 0.29, 0.26, 0.24, 0.30, 0.26, 0.30, 0.23, 0.26, 0.28, 0.27, 0.29, 0.31, 0.26, 0.27, 0.27, 0.27, 0.26, 0.26, 0.26, 0.26, 0.28, 0.25, 0.23, 0.27, 0.28, 0.27, 0.30, 0.27, 0.26, 0.26, 0.28, 0.27, 0.29, 0.26, 0.28, 0.31, 0.30, 0.26, 0.24, 0.22, 0.31, 0.27

0.2703349282296651
0.27, 0.28, 0.25, 0.22, 0.27, 0.28, 0.28, 0.25, 0.24, 0.28, 0.29, 0.27, 0.25, 0.28, 0.27, 0.25, 0.26, 0.26, 0.26, 0.28, 0.28, 0.26, 0.26, 0.28, 0.30, 0.28, 0.26, 0.27, 0.27, 0.29, 0.27, 0.25, 0.27, 0.28, 0.29, 0.22, 0.25, 0.26, 0.23, 0.26, 0.25, 0.29, 0.26, 0.27, 0.26, 0.28, 0.24, 0.23, 0.27, 0.25, 0.29, 0.27, 0.27, 0.29, 0.27, 0.27, 0.25, 0.26, 0.25, 0.27, 0.27, 0.25, 0.27, 0.22, 0.26, 0.32, 0.26, 0.29, 0.26, 0.24, 0.25, 0.24, 0.29, 0.30, 0.27, 0.28, 0.25, 0.25, 0.22, 0.28, 0.27, 0.26, 0.23, 0.28, 0.28, 0.25, 0.29, 0.24, 0.29, 0.29, 0.24, 0.23, 0.30, 0.24, 0.26, 0.25, 0.28, 0.29, 0.30, 0.29


Running iteration 6 of 10 fold...
training ensembles takes 2.133 sec
creating environment takes 1.512 sec
voting takes 24.922 sec
      accuracy, precision, recall, f_score
  mv: 0.1364, 0.1020, 0.1153, 0.0857
  wv: 0.1411, 0.1137, 0.1166, 0.0889

0.13933014354066986
0.15, 0.12, 0.12, 0.17, 0.14, 0.15, 0.12, 0.12, 0.13, 0.14, 0.16, 0.12, 0.10, 0.12, 0.13, 0.14, 0.12, 0.16, 0.12, 0.13, 0.14, 0.12, 0.11, 0.14, 0.14, 0.11, 0.13, 0.13, 0.13, 0.13, 0.15, 0.12, 0.13, 0.10, 0.15, 0.13, 0.11, 0.15, 0.13, 0.14, 0.14, 0.13, 0.14, 0.14, 0.12, 0.12, 0.13, 0.13, 0.12, 0.13, 0.13, 0.14, 0.15, 0.15, 0.11, 0.14, 0.16, 0.14, 0.15, 0.14, 0.13, 0.13, 0.15, 0.15, 0.14, 0.13, 0.12, 0.16, 0.14, 0.14, 0.14, 0.12, 0.14, 0.13, 0.12, 0.15, 0.13, 0.18, 0.11, 0.12, 0.14, 0.16, 0.16, 0.13, 0.13, 0.10, 0.14, 0.12, 0.16, 0.15, 0.15, 0.11, 0.17, 0.12, 0.12, 0.12, 0.14, 0.15, 0.14, 0.12

0.13253588516746412
0.13, 0.14, 0.12, 0.13, 0.12, 0.16, 0.12, 0.10, 0.11, 0.13, 0.15, 0.13, 0.13, 0.12, 0.11, 0.15, 0.13, 0.11, 0.14, 0.12, 0.13, 0.14, 0.11, 0.13, 0.14, 0.14, 0.11, 0.13, 0.11, 0.15, 0.11, 0.11, 0.12, 0.12, 0.14, 0.13, 0.14, 0.14, 0.12, 0.13, 0.16, 0.14, 0.14, 0.11, 0.15, 0.11, 0.12, 0.15, 0.11, 0.14, 0.11, 0.13, 0.13, 0.13, 0.14, 0.11, 0.15, 0.12, 0.12, 0.13, 0.13, 0.14, 0.14, 0.13, 0.16, 0.12, 0.14, 0.11, 0.11, 0.14, 0.12, 0.12, 0.13, 0.14, 0.12, 0.10, 0.13, 0.14, 0.12, 0.15, 0.11, 0.12, 0.11, 0.13, 0.12, 0.13, 0.15, 0.10, 0.14, 0.10, 0.16, 0.14, 0.12, 0.11, 0.11, 0.12, 0.11, 0.12, 0.13, 0.12


Running iteration 7 of 10 fold...
training ensembles takes 2.171 sec
creating environment takes 1.601 sec
voting takes 24.747 sec
      accuracy, precision, recall, f_score
  mv: 0.3947, 0.3856, 0.2519, 0.2569
  wv: 0.3876, 0.3814, 0.2499, 0.2534

0.3223205741626794
0.29, 0.30, 0.34, 0.34, 0.34, 0.31, 0.27, 0.33, 0.31, 0.31, 0.31, 0.31, 0.33, 0.30, 0.36, 0.33, 0.31, 0.33, 0.34, 0.34, 0.34, 0.29, 0.30, 0.30, 0.33, 0.34, 0.30, 0.35, 0.33, 0.28, 0.32, 0.35, 0.25, 0.33, 0.33, 0.33, 0.33, 0.27, 0.32, 0.27, 0.33, 0.32, 0.30, 0.30, 0.35, 0.33, 0.35, 0.26, 0.34, 0.33, 0.34, 0.27, 0.33, 0.33, 0.32, 0.32, 0.32, 0.34, 0.32, 0.33, 0.35, 0.28, 0.30, 0.32, 0.29, 0.30, 0.34, 0.31, 0.33, 0.31, 0.33, 0.34, 0.33, 0.32, 0.33, 0.33, 0.29, 0.32, 0.33, 0.33, 0.30, 0.28, 0.31, 0.32, 0.32, 0.33, 0.29, 0.31, 0.32, 0.30, 0.32, 0.30, 0.34, 0.32, 0.34, 0.30, 0.30, 0.29, 0.32, 0.31

0.307799043062201
0.30, 0.31, 0.28, 0.32, 0.34, 0.30, 0.28, 0.33, 0.31, 0.28, 0.27, 0.32, 0.30, 0.30, 0.25, 0.31, 0.31, 0.30, 0.32, 0.33, 0.29, 0.29, 0.27, 0.36, 0.32, 0.26, 0.27, 0.35, 0.31, 0.27, 0.30, 0.32, 0.30, 0.30, 0.28, 0.30, 0.32, 0.32, 0.35, 0.32, 0.29, 0.26, 0.24, 0.30, 0.31, 0.30, 0.31, 0.35, 0.28, 0.33, 0.32, 0.31, 0.29, 0.31, 0.32, 0.31, 0.29, 0.30, 0.33, 0.32, 0.29, 0.32, 0.33, 0.25, 0.30, 0.26, 0.28, 0.32, 0.34, 0.34, 0.28, 0.31, 0.27, 0.30, 0.30, 0.27, 0.33, 0.30, 0.29, 0.28, 0.34, 0.28, 0.32, 0.29, 0.29, 0.28, 0.33, 0.31, 0.30, 0.34, 0.35, 0.26, 0.32, 0.29, 0.26, 0.32, 0.30, 0.33, 0.31, 0.29


Running iteration 8 of 10 fold...
training ensembles takes 2.138 sec
creating environment takes 1.534 sec
voting takes 24.891 sec
      accuracy, precision, recall, f_score
  mv: 0.2254, 0.1933, 0.1506, 0.1224
  wv: 0.2038, 0.1952, 0.1272, 0.1116

0.19023980815347724
0.17, 0.20, 0.21, 0.18, 0.21, 0.18, 0.17, 0.17, 0.21, 0.17, 0.18, 0.19, 0.17, 0.17, 0.20, 0.19, 0.16, 0.21, 0.19, 0.18, 0.17, 0.23, 0.21, 0.15, 0.19, 0.21, 0.16, 0.18, 0.19, 0.18, 0.17, 0.21, 0.20, 0.21, 0.23, 0.20, 0.16, 0.18, 0.18, 0.19, 0.18, 0.20, 0.18, 0.18, 0.20, 0.20, 0.17, 0.17, 0.20, 0.17, 0.17, 0.20, 0.20, 0.17, 0.17, 0.19, 0.18, 0.16, 0.18, 0.21, 0.20, 0.17, 0.21, 0.18, 0.19, 0.16, 0.17, 0.18, 0.18, 0.19, 0.18, 0.15, 0.19, 0.19, 0.19, 0.20, 0.18, 0.17, 0.19, 0.20, 0.15, 0.18, 0.20, 0.19, 0.20, 0.17, 0.20, 0.16, 0.17, 0.15, 0.21, 0.19, 0.21, 0.18, 0.19, 0.20, 0.18, 0.19, 0.19, 0.18

0.187242206235012
0.21, 0.17, 0.17, 0.19, 0.18, 0.21, 0.20, 0.16, 0.19, 0.19, 0.20, 0.17, 0.18, 0.18, 0.18, 0.17, 0.17, 0.17, 0.16, 0.19, 0.17, 0.16, 0.21, 0.19, 0.19, 0.18, 0.19, 0.17, 0.17, 0.18, 0.20, 0.16, 0.16, 0.18, 0.17, 0.18, 0.20, 0.18, 0.18, 0.16, 0.18, 0.18, 0.16, 0.19, 0.16, 0.18, 0.20, 0.16, 0.17, 0.20, 0.17, 0.22, 0.17, 0.19, 0.17, 0.17, 0.18, 0.16, 0.20, 0.19, 0.20, 0.20, 0.17, 0.16, 0.17, 0.17, 0.20, 0.20, 0.18, 0.21, 0.19, 0.18, 0.17, 0.18, 0.19, 0.22, 0.20, 0.16, 0.20, 0.19, 0.16, 0.15, 0.18, 0.18, 0.20, 0.18, 0.20, 0.17, 0.16, 0.18, 0.17, 0.18, 0.17, 0.19, 0.23, 0.21, 0.18, 0.19, 0.19, 0.19


Running iteration 9 of 10 fold...
training ensembles takes 2.157 sec
creating environment takes 1.530 sec
voting takes 24.673 sec
      accuracy, precision, recall, f_score
  mv: 0.3357, 0.3152, 0.1791, 0.1748
  wv: 0.3525, 0.3423, 0.1997, 0.1994

0.29165467625899283
0.29, 0.29, 0.28, 0.27, 0.29, 0.28, 0.34, 0.26, 0.30, 0.26, 0.30, 0.23, 0.31, 0.27, 0.30, 0.30, 0.28, 0.29, 0.29, 0.29, 0.28, 0.28, 0.29, 0.26, 0.27, 0.28, 0.29, 0.30, 0.29, 0.30, 0.30, 0.26, 0.29, 0.29, 0.31, 0.29, 0.30, 0.30, 0.30, 0.27, 0.27, 0.27, 0.29, 0.28, 0.28, 0.31, 0.30, 0.28, 0.27, 0.27, 0.31, 0.29, 0.29, 0.28, 0.31, 0.28, 0.29, 0.29, 0.31, 0.28, 0.29, 0.26, 0.28, 0.28, 0.35, 0.27, 0.28, 0.27, 0.29, 0.27, 0.30, 0.28, 0.30, 0.28, 0.26, 0.29, 0.29, 0.34, 0.30, 0.30, 0.28, 0.27, 0.29, 0.28, 0.29, 0.28, 0.28, 0.28, 0.27, 0.26, 0.30, 0.25, 0.29, 0.30, 0.25, 0.30, 0.31, 0.30, 0.29, 0.30

0.27971223021582736
0.26, 0.27, 0.27, 0.28, 0.29, 0.28, 0.27, 0.27, 0.29, 0.28, 0.27, 0.26, 0.28, 0.28, 0.25, 0.27, 0.28, 0.31, 0.23, 0.29, 0.27, 0.27, 0.26, 0.27, 0.27, 0.26, 0.27, 0.26, 0.25, 0.29, 0.28, 0.27, 0.25, 0.30, 0.26, 0.29, 0.29, 0.30, 0.27, 0.27, 0.28, 0.28, 0.26, 0.27, 0.27, 0.27, 0.26, 0.26, 0.26, 0.26, 0.29, 0.30, 0.27, 0.30, 0.28, 0.26, 0.32, 0.27, 0.28, 0.27, 0.27, 0.25, 0.28, 0.28, 0.27, 0.27, 0.27, 0.29, 0.30, 0.26, 0.25, 0.30, 0.30, 0.28, 0.26, 0.26, 0.30, 0.30, 0.28, 0.30, 0.23, 0.25, 0.25, 0.28, 0.26, 0.29, 0.28, 0.30, 0.26, 0.25, 0.29, 0.28, 0.32, 0.24, 0.27, 0.28, 0.30, 0.30, 0.30, 0.25


Running iteration 10 of 10 fold...
training ensembles takes 2.118 sec
creating environment takes 1.610 sec
voting takes 29.330 sec
      accuracy, precision, recall, f_score
  mv: 0.2974, 0.3211, 0.1643, 0.1650
  wv: 0.3070, 0.3116, 0.1784, 0.1761

0.2542925659472422
0.27, 0.26, 0.26, 0.23, 0.23, 0.26, 0.25, 0.27, 0.25, 0.24, 0.24, 0.24, 0.22, 0.23, 0.28, 0.26, 0.22, 0.24, 0.23, 0.26, 0.26, 0.25, 0.25, 0.24, 0.23, 0.25, 0.25, 0.24, 0.24, 0.24, 0.28, 0.23, 0.24, 0.25, 0.28, 0.24, 0.28, 0.26, 0.22, 0.29, 0.30, 0.25, 0.25, 0.23, 0.23, 0.23, 0.25, 0.25, 0.23, 0.26, 0.26, 0.24, 0.25, 0.27, 0.26, 0.23, 0.23, 0.25, 0.26, 0.27, 0.24, 0.27, 0.26, 0.25, 0.28, 0.22, 0.28, 0.25, 0.23, 0.28, 0.25, 0.24, 0.29, 0.24, 0.21, 0.26, 0.28, 0.26, 0.29, 0.23, 0.23, 0.25, 0.22, 0.24, 0.25, 0.24, 0.26, 0.23, 0.22, 0.23, 0.22, 0.26, 0.27, 0.25, 0.24, 0.26, 0.27, 0.24, 0.21, 0.24

0.24055155875299758
0.21, 0.21, 0.20, 0.24, 0.25, 0.23, 0.25, 0.23, 0.22, 0.24, 0.25, 0.24, 0.21, 0.22, 0.23, 0.28, 0.23, 0.23, 0.23, 0.23, 0.23, 0.22, 0.24, 0.23, 0.21, 0.26, 0.22, 0.26, 0.22, 0.23, 0.25, 0.24, 0.24, 0.24, 0.21, 0.25, 0.26, 0.22, 0.25, 0.23, 0.24, 0.29, 0.21, 0.27, 0.24, 0.26, 0.21, 0.24, 0.23, 0.23, 0.23, 0.21, 0.24, 0.21, 0.24, 0.21, 0.26, 0.22, 0.24, 0.22, 0.25, 0.24, 0.23, 0.23, 0.23, 0.20, 0.22, 0.22, 0.23, 0.23, 0.24, 0.22, 0.24, 0.22, 0.28, 0.23, 0.22, 0.23, 0.22, 0.26, 0.27, 0.20, 0.26, 0.22, 0.31, 0.20, 0.26, 0.29, 0.22, 0.24, 0.26, 0.27, 0.25, 0.21, 0.27, 0.22, 0.26, 0.22, 0.19, 0.23

      accuracy, precision, recall, f_score
  mv: 0.2660, 0.2518, 0.1734, 0.1591
  wv: 0.2674, 0.2555, 0.1731, 0.1610
  fs: 0.0000, 0.0000, 0.0000, 0.0000
adab: 0.0000, 0.0000, 0.0000, 0.0000
eprl: 0.0000, 0.0000, 0.0000, 0.0000
ibrl: 0.0000, 0.0000, 0.0000, 0.0000

time costs: C, E, V, FS, Ada, EPRL, IBRL
       2.14, 1.51, 25.34, 0.0, 0.0, 0.0, 0.0
FS size: 0.00000, EPRL size: 0.00000, IBRL size: 0.00000
full test avg accu: 0.23387, part test avg accu: 0.22401
