{'dataset': 'audio', 'algorithm': 'ptdqn', 'num_clf': 100, 'num_training': 10000, 'learning_rate': 0.1, 'discount_factor': 1.0, 'epsilon': 0.1, 'random_state': 6666, 'portion': 0.5, 'sequential': False}
reading data takes 9.439 sec
data shape: (226, 95)
number of labels: 24

Running iteration 1 of 10 fold...
loading ensembles takes 0.290 sec
creating environment takes 0.935 sec
voting takes 3.916 sec
      accuracy, precision, recall, f_score
  mv: 0.3478, 0.2273, 0.1905, 0.1404
  wv: 0.7391, 0.6285, 0.5306, 0.4989

0.4604347826086956
0.30, 0.30, 0.47, 0.39, 0.34, 0.26, 0.43, 0.30, 0.30, 0.26, 0.47, 0.34, 0.34, 0.34, 0.39, 0.52, 0.26, 0.34, 0.43, 0.39, 0.26, 0.34, 0.30, 0.43, 0.04, 0.34, 0.39, 0.47, 0.30, 0.30, 0.21, 0.34, 0.30, 0.47, 0.78, 0.73, 0.65, 0.56, 0.60, 0.52, 0.60, 0.39, 0.82, 0.65, 0.86, 0.86, 0.82, 0.56, 0.39, 0.69, 0.56, 0.60, 0.82, 0.82, 0.73, 0.73, 0.39, 0.78, 0.52, 0.65, 0.82, 0.60, 0.91, 0.86, 0.56, 0.73, 0.52, 0.82, 0.39, 0.30, 0.39, 0.39, 0.39, 0.39, 0.30, 0.30, 0.39, 0.34, 0.30, 0.39, 0.30, 0.30, 0.30, 0.39, 0.30, 0.30, 0.39, 0.39, 0.30, 0.30, 0.39, 0.30, 0.39, 0.34, 0.39, 0.30, 0.30, 0.39, 0.39, 0.30

0.4791304347826086
0.52, 0.39, 0.21, 0.34, 0.26, 0.34, 0.26, 0.34, 0.39, 0.34, 0.52, 0.43, 0.47, 0.39, 0.26, 0.30, 0.34, 0.30, 0.26, 0.47, 0.17, 0.39, 0.34, 0.21, 0.34, 0.34, 0.39, 0.30, 0.30, 0.30, 0.21, 0.47, 0.34, 0.52, 0.78, 0.39, 0.78, 0.73, 0.56, 0.65, 0.82, 0.78, 0.86, 0.78, 0.56, 0.78, 0.78, 0.47, 0.78, 0.69, 0.65, 0.82, 0.34, 0.86, 0.86, 0.65, 0.91, 0.73, 0.78, 0.52, 0.82, 0.69, 0.65, 0.78, 0.78, 0.39, 0.82, 0.82, 0.39, 0.39, 0.39, 0.30, 0.43, 0.39, 0.30, 0.39, 0.39, 0.30, 0.39, 0.39, 0.30, 0.39, 0.34, 0.39, 0.34, 0.30, 0.39, 0.39, 0.39, 0.39, 0.39, 0.30, 0.34, 0.39, 0.30, 0.39, 0.39, 0.39, 0.39, 0.34


Running iteration 2 of 10 fold...
loading ensembles takes 0.279 sec
creating environment takes 0.934 sec
voting takes 3.897 sec
      accuracy, precision, recall, f_score
  mv: 0.4783, 0.6149, 0.4228, 0.3800
  wv: 0.7826, 0.7492, 0.5833, 0.5342

0.37304347826086953
0.30, 0.13, 0.43, 0.43, 0.26, 0.04, 0.26, 0.21, 0.34, 0.26, 0.26, 0.34, 0.26, 0.17, 0.21, 0.43, 0.30, 0.26, 0.34, 0.34, 0.39, 0.43, 0.39, 0.47, 0.39, 0.34, 0.34, 0.30, 0.21, 0.43, 0.34, 0.34, 0.30, 0.08, 0.56, 0.30, 0.69, 0.34, 0.73, 0.47, 0.56, 0.69, 0.60, 0.69, 0.26, 0.69, 0.30, 0.65, 0.69, 0.43, 0.65, 0.60, 0.47, 0.73, 0.52, 0.39, 0.47, 0.52, 0.60, 0.65, 0.60, 0.60, 0.69, 0.69, 0.78, 0.65, 0.52, 0.43, 0.21, 0.13, 0.13, 0.21, 0.21, 0.21, 0.26, 0.21, 0.26, 0.26, 0.26, 0.26, 0.17, 0.26, 0.30, 0.34, 0.26, 0.17, 0.21, 0.21, 0.30, 0.17, 0.21, 0.39, 0.30, 0.26, 0.13, 0.21, 0.17, 0.34, 0.13, 0.17

0.36391304347826087
0.39, 0.26, 0.43, 0.26, 0.47, 0.26, 0.39, 0.34, 0.34, 0.39, 0.43, 0.39, 0.30, 0.43, 0.47, 0.26, 0.34, 0.17, 0.39, 0.26, 0.43, 0.30, 0.26, 0.17, 0.21, 0.39, 0.26, 0.34, 0.39, 0.26, 0.34, 0.43, 0.08, 0.52, 0.78, 0.47, 0.26, 0.47, 0.69, 0.65, 0.39, 0.60, 0.73, 0.78, 0.60, 0.39, 0.69, 0.73, 0.69, 0.56, 0.52, 0.52, 0.65, 0.73, 0.78, 0.52, 0.65, 0.47, 0.73, 0.43, 0.56, 0.56, 0.30, 0.47, 0.56, 0.73, 0.26, 0.17, 0.17, 0.08, 0.17, 0.13, 0.13, 0.17, 0.17, 0.17, 0.17, 0.17, 0.13, 0.13, 0.13, 0.17, 0.30, 0.21, 0.13, 0.13, 0.08, 0.39, 0.17, 0.39, 0.13, 0.13, 0.08, 0.17, 0.13, 0.13, 0.26, 0.26, 0.21, 0.17


Running iteration 3 of 10 fold...
loading ensembles takes 0.283 sec
creating environment takes 0.907 sec
voting takes 3.896 sec
      accuracy, precision, recall, f_score
  mv: 0.6087, 0.8168, 0.6143, 0.6194
  wv: 0.7826, 0.7261, 0.6571, 0.5518

0.39173913043478265
0.43, 0.26, 0.39, 0.21, 0.34, 0.30, 0.34, 0.26, 0.17, 0.30, 0.39, 0.30, 0.17, 0.43, 0.34, 0.43, 0.43, 0.34, 0.43, 0.47, 0.34, 0.26, 0.34, 0.21, 0.34, 0.34, 0.34, 0.30, 0.56, 0.34, 0.43, 0.34, 0.30, 0.47, 0.21, 0.60, 0.43, 0.60, 0.26, 0.65, 0.47, 0.60, 0.47, 0.52, 0.73, 0.78, 0.60, 0.73, 0.73, 0.73, 0.56, 0.69, 0.43, 0.56, 0.86, 0.60, 0.52, 0.39, 0.60, 0.73, 0.69, 0.73, 0.43, 0.73, 0.69, 0.69, 0.73, 0.30, 0.26, 0.21, 0.08, 0.13, 0.13, 0.13, 0.39, 0.43, 0.08, 0.08, 0.34, 0.13, 0.26, 0.21, 0.26, 0.13, 0.08, 0.21, 0.26, 0.30, 0.26, 0.39, 0.21, 0.30, 0.08, 0.30, 0.21, 0.08, 0.26, 0.26, 0.26, 0.26

0.40956521739130436
0.47, 0.34, 0.34, 0.26, 0.34, 0.30, 0.39, 0.30, 0.43, 0.30, 0.39, 0.39, 0.39, 0.30, 0.43, 0.30, 0.52, 0.39, 0.39, 0.34, 0.47, 0.43, 0.26, 0.39, 0.17, 0.30, 0.39, 0.34, 0.21, 0.47, 0.47, 0.47, 0.39, 0.39, 0.82, 0.86, 0.60, 0.60, 0.65, 0.17, 0.65, 0.73, 0.60, 0.39, 0.56, 0.65, 0.82, 0.78, 0.56, 0.60, 0.73, 0.73, 0.69, 0.82, 0.39, 0.69, 0.69, 0.69, 0.86, 0.60, 0.73, 0.52, 0.34, 0.56, 0.39, 0.60, 0.47, 0.78, 0.17, 0.39, 0.26, 0.26, 0.08, 0.17, 0.21, 0.13, 0.34, 0.08, 0.26, 0.13, 0.13, 0.13, 0.26, 0.17, 0.21, 0.08, 0.08, 0.34, 0.26, 0.21, 0.21, 0.34, 0.17, 0.39, 0.34, 0.17, 0.13, 0.26, 0.21, 0.13


Running iteration 4 of 10 fold...
loading ensembles takes 0.269 sec
creating environment takes 0.939 sec
voting takes 3.964 sec
      accuracy, precision, recall, f_score
  mv: 0.4783, 0.3486, 0.4444, 0.3829
  wv: 0.5217, 0.4891, 0.4861, 0.4025

0.2769565217391305
0.17, 0.30, 0.34, 0.30, 0.34, 0.26, 0.26, 0.26, 0.30, 0.34, 0.21, 0.30, 0.39, 0.17, 0.21, 0.39, 0.17, 0.13, 0.30, 0.34, 0.17, 0.21, 0.39, 0.26, 0.21, 0.21, 0.21, 0.26, 0.17, 0.17, 0.26, 0.17, 0.34, 0.26, 0.39, 0.39, 0.34, 0.34, 0.43, 0.47, 0.39, 0.34, 0.39, 0.43, 0.34, 0.52, 0.34, 0.47, 0.43, 0.34, 0.39, 0.39, 0.47, 0.30, 0.34, 0.43, 0.39, 0.39, 0.39, 0.39, 0.43, 0.47, 0.21, 0.43, 0.34, 0.52, 0.47, 0.47, 0.17, 0.17, 0.17, 0.17, 0.13, 0.04, 0.13, 0.17, 0.13, 0.26, 0.13, 0.13, 0.13, 0.17, 0.13, 0.13, 0.17, 0.21, 0.13, 0.13, 0.13, 0.21, 0.13, 0.17, 0.17, 0.17, 0.13, 0.13, 0.13, 0.17, 0.26, 0.17

0.25086956521739134
0.26, 0.26, 0.30, 0.17, 0.30, 0.21, 0.21, 0.08, 0.30, 0.30, 0.21, 0.26, 0.39, 0.13, 0.13, 0.26, 0.34, 0.21, 0.39, 0.26, 0.43, 0.21, 0.26, 0.34, 0.26, 0.26, 0.34, 0.21, 0.26, 0.26, 0.17, 0.08, 0.26, 0.21, 0.52, 0.47, 0.39, 0.30, 0.39, 0.43, 0.43, 0.17, 0.39, 0.34, 0.30, 0.30, 0.39, 0.26, 0.30, 0.21, 0.43, 0.30, 0.47, 0.43, 0.47, 0.43, 0.47, 0.34, 0.34, 0.26, 0.26, 0.34, 0.30, 0.30, 0.34, 0.34, 0.17, 0.21, 0.13, 0.13, 0.13, 0.13, 0.13, 0.13, 0.13, 0.13, 0.13, 0.13, 0.13, 0.13, 0.13, 0.13, 0.13, 0.13, 0.13, 0.13, 0.17, 0.17, 0.13, 0.13, 0.13, 0.21, 0.21, 0.17, 0.13, 0.13, 0.13, 0.13, 0.13, 0.13


Running iteration 5 of 10 fold...
loading ensembles takes 0.284 sec
creating environment takes 0.940 sec
voting takes 3.954 sec
      accuracy, precision, recall, f_score
  mv: 0.4348, 0.5090, 0.3462, 0.3077
  wv: 0.5217, 0.4942, 0.4423, 0.3214

0.25478260869565217
0.30, 0.04, 0.26, 0.30, 0.13, 0.30, 0.30, 0.26, 0.17, 0.08, 0.21, 0.21, 0.26, 0.21, 0.21, 0.21, 0.26, 0.34, 0.21, 0.26, 0.17, 0.21, 0.17, 0.17, 0.30, 0.21, 0.17, 0.13, 0.17, 0.34, 0.34, 0.21, 0.21, 0.17, 0.30, 0.26, 0.21, 0.30, 0.47, 0.30, 0.43, 0.34, 0.39, 0.21, 0.34, 0.39, 0.34, 0.39, 0.43, 0.34, 0.21, 0.47, 0.34, 0.30, 0.47, 0.26, 0.30, 0.30, 0.21, 0.30, 0.39, 0.43, 0.34, 0.21, 0.39, 0.34, 0.34, 0.17, 0.17, 0.17, 0.21, 0.17, 0.21, 0.21, 0.30, 0.04, 0.17, 0.17, 0.17, 0.21, 0.21, 0.21, 0.26, 0.21, 0.26, 0.08, 0.13, 0.30, 0.17, 0.08, 0.26, 0.17, 0.17, 0.21, 0.21, 0.26, 0.21, 0.30, 0.21, 0.17

0.20304347826086955
0.13, 0.13, 0.13, 0.04, 0.08, 0.13, 0.08, 0.13, 0.08, 0.26, 0.08, 0.17, 0.17, 0.17, 0.17, 0.21, 0.21, 0.21, 0.26, 0.08, 0.13, 0.08, 0.26, 0.13, 0.17, 0.21, 0.17, 0.13, 0.26, 0.13, 0.08, 0.21, 0.13, 0.21, 0.34, 0.43, 0.43, 0.34, 0.34, 0.26, 0.26, 0.30, 0.26, 0.13, 0.34, 0.34, 0.34, 0.34, 0.26, 0.26, 0.39, 0.34, 0.26, 0.21, 0.21, 0.30, 0.39, 0.30, 0.34, 0.26, 0.21, 0.17, 0.26, 0.34, 0.34, 0.26, 0.30, 0.39, 0.08, 0.08, 0.17, 0.17, 0.08, 0.08, 0.21, 0.13, 0.17, 0.08, 0.04, 0.13, 0.26, 0.04, 0.04, 0.21, 0.17, 0.13, 0.17, 0.08, 0.08, 0.13, 0.13, 0.17, 0.17, 0.17, 0.17, 0.17, 0.21, 0.21, 0.26, 0.04


Running iteration 6 of 10 fold...
loading ensembles takes 0.277 sec
creating environment takes 0.952 sec
voting takes 4.338 sec
      accuracy, precision, recall, f_score
  mv: 0.6522, 0.5326, 0.4182, 0.3939
  wv: 0.7826, 0.6529, 0.5455, 0.5189

0.4773913043478261
0.30, 0.39, 0.47, 0.47, 0.21, 0.39, 0.56, 0.39, 0.60, 0.47, 0.60, 0.52, 0.47, 0.52, 0.39, 0.43, 0.47, 0.43, 0.47, 0.52, 0.56, 0.60, 0.34, 0.52, 0.43, 0.47, 0.26, 0.47, 0.43, 0.43, 0.60, 0.39, 0.43, 0.34, 0.65, 0.60, 0.56, 0.73, 0.47, 0.65, 0.60, 0.52, 0.60, 0.60, 0.73, 0.52, 0.52, 0.78, 0.60, 0.60, 0.60, 0.69, 0.60, 0.56, 0.65, 0.78, 0.60, 0.52, 0.69, 0.69, 0.60, 0.60, 0.60, 0.65, 0.60, 0.56, 0.39, 0.43, 0.39, 0.52, 0.21, 0.34, 0.39, 0.34, 0.30, 0.34, 0.34, 0.21, 0.34, 0.30, 0.30, 0.47, 0.34, 0.30, 0.34, 0.47, 0.30, 0.39, 0.34, 0.39, 0.43, 0.34, 0.34, 0.43, 0.34, 0.34, 0.34, 0.34, 0.34, 0.39

0.42130434782608694
0.39, 0.30, 0.26, 0.39, 0.39, 0.30, 0.13, 0.21, 0.39, 0.30, 0.47, 0.34, 0.47, 0.47, 0.30, 0.34, 0.43, 0.34, 0.26, 0.47, 0.34, 0.43, 0.34, 0.47, 0.39, 0.39, 0.39, 0.34, 0.43, 0.30, 0.34, 0.39, 0.52, 0.26, 0.60, 0.47, 0.69, 0.60, 0.60, 0.60, 0.43, 0.65, 0.43, 0.43, 0.73, 0.34, 0.39, 0.65, 0.56, 0.56, 0.69, 0.60, 0.69, 0.65, 0.52, 0.60, 0.69, 0.56, 0.73, 0.60, 0.47, 0.30, 0.60, 0.69, 0.47, 0.60, 0.73, 0.60, 0.26, 0.30, 0.30, 0.39, 0.30, 0.34, 0.34, 0.39, 0.30, 0.39, 0.34, 0.30, 0.34, 0.21, 0.30, 0.13, 0.34, 0.30, 0.30, 0.08, 0.34, 0.34, 0.34, 0.30, 0.30, 0.39, 0.34, 0.34, 0.30, 0.34, 0.21, 0.30


Running iteration 7 of 10 fold...
loading ensembles takes 0.342 sec
creating environment takes 1.032 sec
voting takes 4.086 sec
      accuracy, precision, recall, f_score
  mv: 0.5909, 0.6742, 0.5238, 0.4857
  wv: 0.8182, 0.8394, 0.7381, 0.7167

0.42954545454545445
0.31, 0.18, 0.36, 0.31, 0.31, 0.18, 0.31, 0.13, 0.45, 0.18, 0.09, 0.18, 0.22, 0.18, 0.54, 0.13, 0.27, 0.27, 0.27, 0.27, 0.18, 0.31, 0.22, 0.22, 0.18, 0.31, 0.22, 0.36, 0.27, 0.18, 0.22, 0.27, 0.27, 0.22, 0.63, 0.72, 0.31, 0.68, 0.72, 0.63, 0.72, 0.45, 0.59, 0.68, 0.72, 0.59, 0.81, 0.54, 0.40, 0.45, 0.5, 0.77, 0.54, 0.68, 0.77, 0.77, 0.63, 0.72, 0.72, 0.86, 0.77, 0.36, 0.54, 0.54, 0.59, 0.59, 0.45, 0.77, 0.36, 0.5, 0.36, 0.36, 0.59, 0.31, 0.31, 0.5, 0.45, 0.36, 0.36, 0.5, 0.18, 0.54, 0.27, 0.40, 0.36, 0.27, 0.36, 0.27, 0.45, 0.54, 0.36, 0.5, 0.36, 0.31, 0.40, 0.54, 0.5, 0.40, 0.5, 0.27

0.39636363636363625
0.22, 0.31, 0.22, 0.22, 0.22, 0.45, 0.31, 0.36, 0.27, 0.22, 0.5, 0.36, 0.40, 0.5, 0.27, 0.22, 0.31, 0.22, 0.09, 0.22, 0.27, 0.31, 0.22, 0.27, 0.36, 0.18, 0.31, 0.27, 0.18, 0.18, 0.36, 0.45, 0.18, 0.45, 0.31, 0.36, 0.72, 0.59, 0.40, 0.68, 0.72, 0.68, 0.45, 0.59, 0.77, 0.68, 0.68, 0.63, 0.45, 0.45, 0.81, 0.72, 0.5, 0.68, 0.45, 0.54, 0.77, 0.72, 0.40, 0.68, 0.54, 0.72, 0.72, 0.72, 0.77, 0.63, 0.72, 0.40, 0.22, 0.22, 0.22, 0.31, 0.5, 0.40, 0.18, 0.27, 0.18, 0.18, 0.22, 0.22, 0.22, 0.18, 0.40, 0.18, 0.27, 0.22, 0.18, 0.40, 0.18, 0.22, 0.22, 0.40, 0.27, 0.18, 0.45, 0.22, 0.40, 0.18, 0.27, 0.45


Running iteration 8 of 10 fold...
loading ensembles takes 0.299 sec
creating environment takes 1.065 sec
voting takes 4.173 sec
      accuracy, precision, recall, f_score
  mv: 0.6364, 0.7273, 0.5556, 0.5278
  wv: 0.7273, 0.8838, 0.7407, 0.5071

0.4504545454545454
0.18, 0.45, 0.63, 0.59, 0.31, 0.27, 0.63, 0.27, 0.45, 0.40, 0.31, 0.45, 0.59, 0.27, 0.5, 0.63, 0.45, 0.59, 0.27, 0.45, 0.31, 0.36, 0.45, 0.68, 0.59, 0.5, 0.36, 0.31, 0.22, 0.27, 0.22, 0.45, 0.36, 0.45, 0.36, 0.54, 0.45, 0.45, 0.68, 0.5, 0.40, 0.45, 0.45, 0.5, 0.45, 0.31, 0.5, 0.40, 0.45, 0.72, 0.40, 0.5, 0.40, 0.40, 0.36, 0.72, 0.36, 0.5, 0.45, 0.36, 0.59, 0.68, 0.77, 0.31, 0.31, 0.5, 0.40, 0.59, 0.40, 0.40, 0.45, 0.40, 0.45, 0.54, 0.54, 0.45, 0.31, 0.5, 0.40, 0.13, 0.5, 0.54, 0.54, 0.40, 0.45, 0.36, 0.54, 0.45, 0.63, 0.5, 0.36, 0.59, 0.31, 0.40, 0.45, 0.31, 0.40, 0.54, 0.5, 0.40

0.3986363636363636
0.36, 0.31, 0.36, 0.27, 0.31, 0.36, 0.40, 0.27, 0.36, 0.31, 0.40, 0.27, 0.31, 0.36, 0.36, 0.40, 0.36, 0.36, 0.31, 0.22, 0.31, 0.40, 0.40, 0.40, 0.31, 0.22, 0.27, 0.31, 0.31, 0.31, 0.40, 0.36, 0.40, 0.27, 0.45, 0.68, 0.40, 0.59, 0.5, 0.5, 0.40, 0.36, 0.5, 0.5, 0.77, 0.31, 0.54, 0.40, 0.40, 0.40, 0.5, 0.45, 0.40, 0.63, 0.36, 0.45, 0.63, 0.45, 0.40, 0.5, 0.5, 0.40, 0.5, 0.68, 0.5, 0.45, 0.54, 0.5, 0.36, 0.36, 0.31, 0.31, 0.31, 0.31, 0.31, 0.31, 0.40, 0.31, 0.40, 0.31, 0.36, 0.45, 0.31, 0.36, 0.31, 0.36, 0.36, 0.31, 0.40, 0.36, 0.31, 0.40, 0.45, 0.40, 0.31, 0.36, 0.40, 0.45, 0.40, 0.36


Running iteration 9 of 10 fold...
loading ensembles takes 0.323 sec
creating environment takes 1.082 sec
voting takes 4.188 sec
      accuracy, precision, recall, f_score
  mv: 0.5455, 0.5348, 0.2604, 0.2615
  wv: 0.7727, 0.7037, 0.5625, 0.5427

0.4959090909090908
0.54, 0.27, 0.31, 0.5, 0.40, 0.27, 0.45, 0.40, 0.36, 0.45, 0.45, 0.31, 0.40, 0.31, 0.5, 0.45, 0.22, 0.54, 0.36, 0.45, 0.36, 0.27, 0.40, 0.27, 0.45, 0.40, 0.45, 0.40, 0.45, 0.36, 0.27, 0.45, 0.36, 0.45, 0.68, 0.5, 0.5, 0.68, 0.68, 0.68, 0.81, 0.68, 0.72, 0.54, 0.77, 0.54, 0.59, 0.72, 0.63, 0.77, 0.59, 0.5, 0.72, 0.86, 0.68, 0.68, 0.59, 0.63, 0.59, 0.45, 0.63, 0.81, 0.72, 0.68, 0.45, 0.72, 0.72, 0.63, 0.22, 0.45, 0.45, 0.45, 0.22, 0.5, 0.45, 0.5, 0.45, 0.45, 0.5, 0.40, 0.54, 0.40, 0.22, 0.59, 0.5, 0.45, 0.18, 0.40, 0.45, 0.45, 0.45, 0.5, 0.5, 0.45, 0.45, 0.45, 0.45, 0.40, 0.45, 0.40

0.44954545454545447
0.45, 0.13, 0.40, 0.22, 0.45, 0.45, 0.45, 0.54, 0.5, 0.36, 0.5, 0.5, 0.54, 0.5, 0.45, 0.31, 0.40, 0.5, 0.31, 0.45, 0.40, 0.22, 0.13, 0.5, 0.40, 0.31, 0.36, 0.36, 0.40, 0.27, 0.36, 0.27, 0.22, 0.22, 0.45, 0.54, 0.59, 0.72, 0.40, 0.72, 0.5, 0.54, 0.68, 0.40, 0.54, 0.5, 0.36, 0.72, 0.5, 0.63, 0.63, 0.45, 0.36, 0.63, 0.54, 0.22, 0.72, 0.59, 0.68, 0.45, 0.63, 0.63, 0.68, 0.54, 0.68, 0.68, 0.72, 0.59, 0.5, 0.45, 0.36, 0.40, 0.27, 0.18, 0.36, 0.40, 0.45, 0.36, 0.40, 0.5, 0.40, 0.40, 0.45, 0.18, 0.36, 0.36, 0.40, 0.40, 0.36, 0.40, 0.54, 0.31, 0.27, 0.40, 0.5, 0.45, 0.5, 0.40, 0.31, 0.40


Running iteration 10 of 10 fold...
loading ensembles takes 0.312 sec
creating environment takes 1.055 sec
voting takes 3.671 sec
      accuracy, precision, recall, f_score
  mv: 0.5909, 0.5660, 0.3333, 0.2887
  wv: 0.7273, 0.7621, 0.5000, 0.4551

0.45409090909090905
0.31, 0.18, 0.45, 0.45, 0.45, 0.31, 0.36, 0.45, 0.5, 0.22, 0.27, 0.36, 0.45, 0.54, 0.5, 0.40, 0.40, 0.5, 0.36, 0.31, 0.59, 0.22, 0.40, 0.36, 0.54, 0.18, 0.40, 0.45, 0.68, 0.18, 0.63, 0.40, 0.5, 0.40, 0.40, 0.22, 0.59, 0.68, 0.5, 0.54, 0.72, 0.59, 0.54, 0.13, 0.5, 0.59, 0.68, 0.54, 0.68, 0.5, 0.72, 0.0, 0.59, 0.63, 0.59, 0.77, 0.72, 0.45, 0.63, 0.72, 0.68, 0.31, 0.63, 0.72, 0.59, 0.63, 0.5, 0.5, 0.04, 0.5, 0.5, 0.5, 0.5, 0.5, 0.45, 0.5, 0.40, 0.09, 0.13, 0.45, 0.5, 0.45, 0.40, 0.45, 0.5, 0.13, 0.5, 0.40, 0.40, 0.31, 0.45, 0.5, 0.40, 0.5, 0.45, 0.5, 0.5, 0.09, 0.45, 0.09

0.5036363636363635
0.5, 0.31, 0.5, 0.59, 0.31, 0.59, 0.40, 0.13, 0.68, 0.27, 0.31, 0.31, 0.27, 0.40, 0.5, 0.40, 0.54, 0.40, 0.54, 0.54, 0.54, 0.54, 0.45, 0.72, 0.40, 0.22, 0.63, 0.40, 0.5, 0.45, 0.54, 0.63, 0.45, 0.63, 0.5, 0.59, 0.54, 0.81, 0.31, 0.5, 0.40, 0.86, 0.59, 0.40, 0.63, 0.59, 0.59, 0.27, 0.63, 0.72, 0.77, 0.59, 0.45, 0.72, 0.59, 0.68, 0.77, 0.54, 0.81, 0.77, 0.54, 0.77, 0.72, 0.63, 0.72, 0.59, 0.63, 0.63, 0.40, 0.5, 0.40, 0.40, 0.40, 0.40, 0.5, 0.40, 0.40, 0.5, 0.5, 0.27, 0.31, 0.40, 0.40, 0.40, 0.5, 0.22, 0.40, 0.5, 0.40, 0.40, 0.5, 0.5, 0.5, 0.45, 0.40, 0.40, 0.5, 0.40, 0.40, 0.36

      accuracy, precision, recall, f_score
  mv: 0.5364, 0.5551, 0.4109, 0.3788
  wv: 0.7176, 0.6929, 0.5786, 0.5049
  fs: 0.0000, 0.0000, 0.0000, 0.0000
adab: 0.0000, 0.0000, 0.0000, 0.0000
eprl: 0.0000, 0.0000, 0.0000, 0.0000
ibrl: 0.0000, 0.0000, 0.0000, 0.0000

time costs: C, E, V, FS, Ada, EPRL, IBRL
       0.29, 0.98, 4.00, 0.0, 0.0, 0.0, 0.0
FS size: 0.00000, EPRL size: 0.00000, IBRL size: 0.00000
full test avg accu: 0.40643, part test avg accu: 0.38760
