{'dataset': 'audio', 'algorithm': 'ptdqn', 'num_clf': 100, 'num_training': 10000, 'learning_rate': 0.1, 'discount_factor': 1.0, 'epsilon': 0.1, 'random_state': 6666, 'portion': 0.5, 'sequential': False}
reading data takes 3.736 sec
data shape: (226, 95)
number of labels: 24

Running iteration 1 of 10 fold...
loading ensembles takes 0.110 sec
creating environment takes 0.455 sec
voting takes 1.600 sec
      accuracy, precision, recall, f_score
  mv: 0.7391, 0.6671, 0.4524, 0.3956
  wv: 0.7391, 0.6671, 0.4524, 0.3956

0.5517391304347826
0.39, 0.56, 0.34, 0.56, 0.78, 0.47, 0.56, 0.47, 0.65, 0.56, 0.47, 0.69, 0.60, 0.52, 0.52, 0.60, 0.65, 0.30, 0.30, 0.69, 0.78, 0.69, 0.82, 0.39, 0.69, 0.73, 0.39, 0.78, 0.43, 0.69, 0.52, 0.39, 0.65, 0.69, 0.60, 0.39, 0.69, 0.52, 0.34, 0.47, 0.65, 0.26, 0.52, 0.39, 0.43, 0.73, 0.26, 0.56, 0.43, 0.65, 0.52, 0.47, 0.39, 0.43, 0.34, 0.52, 0.69, 0.69, 0.65, 0.52, 0.39, 0.56, 0.47, 0.69, 0.47, 0.47, 0.52, 0.52, 0.43, 0.56, 0.69, 0.73, 0.30, 0.52, 0.65, 0.26, 0.60, 0.13, 0.56, 0.78, 0.52, 0.56, 0.43, 0.82, 0.73, 0.43, 0.65, 0.60, 0.69, 0.73, 0.78, 0.78, 0.34, 0.60, 0.39, 0.30, 0.73, 0.65, 0.65, 0.60

0.5182608695652173
0.65, 0.26, 0.30, 0.78, 0.34, 0.52, 0.47, 0.30, 0.43, 0.34, 0.52, 0.69, 0.73, 0.78, 0.30, 0.47, 0.52, 0.34, 0.47, 0.39, 0.60, 0.69, 0.56, 0.39, 0.30, 0.73, 0.65, 0.52, 0.47, 0.21, 0.39, 0.60, 0.65, 0.39, 0.39, 0.60, 0.26, 0.56, 0.60, 0.60, 0.34, 0.47, 0.08, 0.69, 0.39, 0.43, 0.52, 0.60, 0.30, 0.65, 0.43, 0.47, 0.52, 0.43, 0.65, 0.60, 0.78, 0.52, 0.47, 0.82, 0.52, 0.43, 0.69, 0.60, 0.65, 0.69, 0.47, 0.43, 0.43, 0.43, 0.39, 0.69, 0.47, 0.56, 0.73, 0.60, 0.60, 0.34, 0.60, 0.43, 0.56, 0.69, 0.52, 0.21, 0.69, 0.43, 0.56, 0.52, 0.69, 0.78, 0.78, 0.34, 0.60, 0.52, 0.43, 0.34, 0.60, 0.43, 0.52, 0.43


Running iteration 2 of 10 fold...
loading ensembles takes 0.109 sec
creating environment takes 0.459 sec
voting takes 1.652 sec
      accuracy, precision, recall, f_score
  mv: 0.6957, 0.6043, 0.5000, 0.4537
  wv: 0.7826, 0.7274, 0.5833, 0.5565

0.47608695652173905
0.30, 0.60, 0.47, 0.26, 0.47, 0.26, 0.47, 0.56, 0.65, 0.43, 0.39, 0.34, 0.65, 0.65, 0.47, 0.60, 0.47, 0.34, 0.47, 0.43, 0.47, 0.56, 0.43, 0.52, 0.39, 0.60, 0.52, 0.52, 0.47, 0.56, 0.39, 0.43, 0.34, 0.34, 0.43, 0.60, 0.56, 0.34, 0.60, 0.34, 0.43, 0.39, 0.60, 0.43, 0.47, 0.56, 0.47, 0.56, 0.21, 0.60, 0.26, 0.47, 0.52, 0.47, 0.21, 0.39, 0.43, 0.47, 0.52, 0.52, 0.26, 0.43, 0.52, 0.39, 0.30, 0.52, 0.47, 0.60, 0.43, 0.43, 0.52, 0.30, 0.52, 0.52, 0.52, 0.39, 0.43, 0.26, 0.43, 0.73, 0.47, 0.65, 0.39, 0.65, 0.56, 0.52, 0.52, 0.39, 0.56, 0.56, 0.73, 0.39, 0.52, 0.47, 0.65, 0.39, 0.43, 0.52, 0.60, 0.52

0.40826086956521734
0.43, 0.34, 0.43, 0.26, 0.30, 0.65, 0.39, 0.65, 0.60, 0.39, 0.17, 0.60, 0.43, 0.30, 0.65, 0.34, 0.47, 0.43, 0.39, 0.26, 0.39, 0.52, 0.52, 0.65, 0.34, 0.08, 0.91, 0.60, 0.21, 0.65, 0.30, 0.43, 0.34, 0.39, 0.65, 0.30, 0.52, 0.30, 0.39, 0.47, 0.39, 0.43, 0.34, 0.39, 0.43, 0.21, 0.30, 0.39, 0.21, 0.56, 0.43, 0.56, 0.52, 0.56, 0.34, 0.30, 0.47, 0.52, 0.39, 0.56, 0.65, 0.34, 0.39, 0.39, 0.34, 0.30, 0.34, 0.43, 0.43, 0.47, 0.21, 0.30, 0.26, 0.34, 0.34, 0.56, 0.26, 0.56, 0.30, 0.52, 0.39, 0.30, 0.30, 0.17, 0.39, 0.17, 0.34, 0.47, 0.30, 0.39, 0.26, 0.26, 0.30, 0.39, 0.34, 0.56, 0.60, 0.30, 0.30, 0.39


Running iteration 3 of 10 fold...
loading ensembles takes 0.108 sec
creating environment takes 0.464 sec
voting takes 1.879 sec
      accuracy, precision, recall, f_score
  mv: 0.7826, 0.7329, 0.6571, 0.5583
  wv: 0.8696, 0.8768, 0.7571, 0.6720

0.5230434782608695
0.47, 0.43, 0.69, 0.73, 0.52, 0.69, 0.47, 0.43, 0.52, 0.60, 0.47, 0.47, 0.43, 0.69, 0.56, 0.47, 0.69, 0.86, 0.52, 0.65, 0.65, 0.60, 0.39, 0.43, 0.52, 0.60, 0.69, 0.47, 0.52, 0.26, 0.52, 0.65, 0.43, 0.60, 0.52, 0.47, 0.30, 0.39, 0.39, 0.47, 0.30, 0.47, 0.52, 0.65, 0.65, 0.52, 0.34, 0.43, 0.52, 0.60, 0.73, 0.52, 0.60, 0.39, 0.39, 0.52, 0.47, 0.73, 0.52, 0.52, 0.47, 0.34, 0.65, 0.39, 0.52, 0.47, 0.47, 0.60, 0.60, 0.65, 0.47, 0.39, 0.39, 0.21, 0.43, 0.65, 0.21, 0.60, 0.52, 0.30, 0.73, 0.39, 0.30, 0.52, 0.82, 0.43, 0.56, 0.65, 0.56, 0.43, 0.65, 0.47, 0.30, 0.73, 0.52, 0.56, 0.78, 0.43, 0.34, 0.69

0.48347826086956525
0.39, 0.34, 0.52, 0.47, 0.52, 0.47, 0.34, 0.39, 0.56, 0.43, 0.47, 0.39, 0.43, 0.52, 0.47, 0.56, 0.69, 0.52, 0.73, 0.43, 0.39, 0.60, 0.52, 0.52, 0.43, 0.43, 0.39, 0.39, 0.56, 0.47, 0.47, 0.34, 0.60, 0.39, 0.56, 0.39, 0.43, 0.43, 0.47, 0.65, 0.30, 0.73, 0.78, 0.65, 0.47, 0.43, 0.52, 0.17, 0.47, 0.65, 0.60, 0.43, 0.47, 0.34, 0.08, 0.65, 0.47, 0.34, 0.34, 0.47, 0.34, 0.69, 0.52, 0.21, 0.47, 0.47, 0.69, 0.39, 0.39, 0.34, 0.47, 0.56, 0.47, 0.43, 0.47, 0.30, 0.78, 0.60, 0.65, 0.65, 0.52, 0.65, 0.47, 0.52, 0.56, 0.30, 0.34, 0.52, 0.47, 0.26, 0.30, 0.34, 0.47, 0.39, 0.60, 0.47, 0.78, 0.34, 0.69, 0.52


Running iteration 4 of 10 fold...
loading ensembles takes 0.110 sec
creating environment takes 0.474 sec
voting takes 1.653 sec
      accuracy, precision, recall, f_score
  mv: 0.4348, 0.3674, 0.4167, 0.3331
  wv: 0.4783, 0.4155, 0.5000, 0.4128

0.3530434782608695
0.39, 0.43, 0.39, 0.21, 0.47, 0.47, 0.21, 0.34, 0.39, 0.26, 0.39, 0.26, 0.26, 0.34, 0.39, 0.34, 0.26, 0.34, 0.39, 0.43, 0.52, 0.39, 0.30, 0.39, 0.43, 0.26, 0.30, 0.39, 0.30, 0.34, 0.43, 0.34, 0.43, 0.39, 0.30, 0.39, 0.26, 0.47, 0.21, 0.21, 0.39, 0.52, 0.34, 0.34, 0.56, 0.39, 0.26, 0.43, 0.26, 0.30, 0.39, 0.39, 0.39, 0.30, 0.39, 0.43, 0.21, 0.39, 0.26, 0.30, 0.34, 0.30, 0.39, 0.30, 0.39, 0.30, 0.21, 0.34, 0.34, 0.30, 0.30, 0.30, 0.26, 0.21, 0.43, 0.26, 0.34, 0.39, 0.39, 0.21, 0.34, 0.34, 0.26, 0.34, 0.39, 0.30, 0.43, 0.26, 0.52, 0.39, 0.39, 0.34, 0.26, 0.47, 0.34, 0.47, 0.34, 0.43, 0.39, 0.34

0.3252173913043479
0.43, 0.43, 0.21, 0.30, 0.34, 0.30, 0.34, 0.26, 0.34, 0.30, 0.34, 0.30, 0.47, 0.34, 0.34, 0.34, 0.30, 0.47, 0.13, 0.34, 0.30, 0.39, 0.39, 0.30, 0.17, 0.39, 0.34, 0.43, 0.26, 0.39, 0.17, 0.43, 0.26, 0.43, 0.47, 0.34, 0.39, 0.34, 0.21, 0.34, 0.43, 0.30, 0.17, 0.39, 0.26, 0.39, 0.34, 0.30, 0.47, 0.26, 0.17, 0.17, 0.30, 0.34, 0.34, 0.34, 0.34, 0.34, 0.30, 0.21, 0.21, 0.26, 0.21, 0.39, 0.26, 0.39, 0.21, 0.21, 0.39, 0.52, 0.30, 0.34, 0.39, 0.47, 0.43, 0.26, 0.26, 0.26, 0.30, 0.21, 0.30, 0.34, 0.34, 0.21, 0.30, 0.39, 0.13, 0.30, 0.26, 0.34, 0.39, 0.39, 0.34, 0.47, 0.30, 0.34, 0.17, 0.34, 0.39, 0.21


Running iteration 5 of 10 fold...
loading ensembles takes 0.111 sec
creating environment takes 0.486 sec
voting takes 1.631 sec
      accuracy, precision, recall, f_score
  mv: 0.4783, 0.5072, 0.4038, 0.3104
  wv: 0.5217, 0.5342, 0.4423, 0.3330

0.3252173913043478
0.39, 0.26, 0.30, 0.43, 0.43, 0.39, 0.26, 0.30, 0.13, 0.26, 0.26, 0.21, 0.34, 0.26, 0.26, 0.30, 0.30, 0.17, 0.21, 0.43, 0.30, 0.30, 0.47, 0.34, 0.43, 0.30, 0.26, 0.34, 0.34, 0.21, 0.30, 0.26, 0.26, 0.43, 0.17, 0.30, 0.47, 0.21, 0.39, 0.34, 0.34, 0.30, 0.21, 0.39, 0.30, 0.43, 0.43, 0.26, 0.34, 0.26, 0.30, 0.26, 0.21, 0.39, 0.34, 0.26, 0.47, 0.30, 0.47, 0.43, 0.52, 0.34, 0.47, 0.39, 0.34, 0.21, 0.34, 0.34, 0.26, 0.52, 0.13, 0.39, 0.21, 0.30, 0.21, 0.34, 0.34, 0.34, 0.21, 0.34, 0.34, 0.47, 0.30, 0.30, 0.26, 0.30, 0.39, 0.34, 0.30, 0.52, 0.21, 0.34, 0.39, 0.39, 0.30, 0.26, 0.30, 0.26, 0.26, 0.30

0.25739130434782614
0.17, 0.17, 0.08, 0.26, 0.34, 0.26, 0.08, 0.34, 0.26, 0.26, 0.26, 0.34, 0.17, 0.26, 0.30, 0.21, 0.39, 0.17, 0.30, 0.21, 0.17, 0.17, 0.13, 0.21, 0.21, 0.26, 0.13, 0.17, 0.47, 0.43, 0.26, 0.17, 0.30, 0.21, 0.21, 0.26, 0.30, 0.34, 0.26, 0.26, 0.21, 0.17, 0.30, 0.26, 0.34, 0.26, 0.30, 0.39, 0.26, 0.30, 0.30, 0.30, 0.21, 0.34, 0.17, 0.13, 0.26, 0.30, 0.30, 0.34, 0.26, 0.34, 0.08, 0.13, 0.26, 0.13, 0.26, 0.26, 0.26, 0.39, 0.26, 0.21, 0.34, 0.39, 0.34, 0.13, 0.39, 0.21, 0.26, 0.13, 0.47, 0.21, 0.34, 0.21, 0.21, 0.30, 0.26, 0.30, 0.21, 0.26, 0.21, 0.26, 0.21, 0.34, 0.17, 0.17, 0.34, 0.17, 0.13, 0.34


Running iteration 6 of 10 fold...
loading ensembles takes 0.107 sec
creating environment takes 0.460 sec
voting takes 1.615 sec
      accuracy, precision, recall, f_score
  mv: 0.7391, 0.6444, 0.4545, 0.3909
  wv: 0.7391, 0.6444, 0.4545, 0.3909

0.5743478260869564
0.43, 0.56, 0.73, 0.56, 0.56, 0.47, 0.73, 0.47, 0.52, 0.65, 0.52, 0.56, 0.69, 0.56, 0.52, 0.65, 0.60, 0.52, 0.65, 0.56, 0.56, 0.69, 0.39, 0.52, 0.73, 0.65, 0.60, 0.39, 0.60, 0.73, 0.69, 0.39, 0.56, 0.65, 0.60, 0.69, 0.60, 0.69, 0.69, 0.56, 0.73, 0.60, 0.47, 0.69, 0.52, 0.73, 0.69, 0.52, 0.39, 0.60, 0.69, 0.65, 0.30, 0.65, 0.52, 0.60, 0.30, 0.39, 0.65, 0.52, 0.47, 0.39, 0.56, 0.65, 0.60, 0.30, 0.69, 0.56, 0.52, 0.43, 0.78, 0.47, 0.56, 0.52, 0.65, 0.56, 0.30, 0.47, 0.65, 0.43, 0.43, 0.65, 0.56, 0.56, 0.56, 0.69, 0.47, 0.56, 0.65, 0.43, 0.60, 0.56, 0.73, 0.65, 0.65, 0.78, 0.69, 0.52, 0.43, 0.52

0.5013043478260869
0.39, 0.52, 0.47, 0.30, 0.43, 0.60, 0.60, 0.52, 0.56, 0.39, 0.60, 0.43, 0.39, 0.43, 0.30, 0.56, 0.47, 0.34, 0.73, 0.60, 0.52, 0.65, 0.52, 0.52, 0.43, 0.30, 0.52, 0.56, 0.65, 0.30, 0.69, 0.30, 0.56, 0.56, 0.47, 0.56, 0.69, 0.56, 0.43, 0.34, 0.47, 0.30, 0.69, 0.69, 0.56, 0.60, 0.69, 0.47, 0.34, 0.56, 0.60, 0.47, 0.52, 0.34, 0.30, 0.69, 0.52, 0.30, 0.60, 0.43, 0.47, 0.21, 0.47, 0.39, 0.47, 0.73, 0.56, 0.56, 0.39, 0.47, 0.34, 0.43, 0.56, 0.39, 0.69, 0.69, 0.47, 0.43, 0.52, 0.60, 0.60, 0.43, 0.56, 0.30, 0.39, 0.39, 0.52, 0.69, 0.60, 0.47, 0.60, 0.52, 0.47, 0.52, 0.65, 0.56, 0.39, 0.43, 0.34, 0.43


Running iteration 7 of 10 fold...
loading ensembles takes 0.108 sec
creating environment takes 0.461 sec
voting takes 1.541 sec
      accuracy, precision, recall, f_score
  mv: 0.7727, 0.7137, 0.6667, 0.6134
  wv: 0.9091, 0.8348, 0.8571, 0.8283

0.5604545454545454
0.54, 0.63, 0.59, 0.45, 0.72, 0.45, 0.54, 0.59, 0.40, 0.22, 0.63, 0.63, 0.45, 0.5, 0.68, 0.5, 0.54, 0.86, 0.68, 0.68, 0.54, 0.68, 0.63, 0.5, 0.40, 0.5, 0.72, 0.68, 0.59, 0.68, 0.54, 0.68, 0.77, 0.81, 0.54, 0.72, 0.59, 0.77, 0.36, 0.77, 0.81, 0.5, 0.63, 0.31, 0.31, 0.63, 0.31, 0.72, 0.54, 0.5, 0.45, 0.31, 0.5, 0.81, 0.45, 0.68, 0.36, 0.68, 0.72, 0.54, 0.68, 0.36, 0.59, 0.45, 0.5, 0.45, 0.40, 0.72, 0.45, 0.40, 0.40, 0.81, 0.5, 0.5, 0.72, 0.54, 0.68, 0.31, 0.40, 0.36, 0.59, 0.5, 0.68, 0.72, 0.45, 0.5, 0.45, 0.40, 0.68, 0.5, 0.81, 0.54, 0.59, 0.63, 0.40, 0.45, 0.72, 0.40, 0.45, 0.40

0.4645454545454545
0.5, 0.54, 0.54, 0.59, 0.18, 0.68, 0.18, 0.45, 0.40, 0.54, 0.40, 0.36, 0.54, 0.45, 0.68, 0.40, 0.45, 0.72, 0.5, 0.40, 0.18, 0.59, 0.77, 0.59, 0.54, 0.45, 0.54, 0.45, 0.18, 0.5, 0.5, 0.36, 0.45, 0.54, 0.22, 0.18, 0.45, 0.31, 0.40, 0.54, 0.5, 0.54, 0.31, 0.36, 0.36, 0.54, 0.59, 0.77, 0.5, 0.72, 0.72, 0.31, 0.63, 0.36, 0.59, 0.59, 0.27, 0.54, 0.45, 0.72, 0.36, 0.18, 0.5, 0.31, 0.5, 0.63, 0.36, 0.40, 0.36, 0.54, 0.31, 0.40, 0.59, 0.5, 0.40, 0.40, 0.36, 0.31, 0.5, 0.22, 0.36, 0.36, 0.22, 0.54, 0.63, 0.40, 0.5, 0.54, 0.63, 0.36, 0.31, 0.63, 0.40, 0.18, 0.77, 0.5, 0.72, 0.40, 0.40, 0.40


Running iteration 8 of 10 fold...
loading ensembles takes 0.108 sec
creating environment takes 0.460 sec
voting takes 1.537 sec
      accuracy, precision, recall, f_score
  mv: 0.7727, 0.9242, 0.7593, 0.5268
  wv: 0.6818, 0.8939, 0.7176, 0.4464

0.5149999999999999
0.27, 0.54, 0.72, 0.45, 0.63, 0.68, 0.63, 0.45, 0.5, 0.63, 0.36, 0.63, 0.77, 0.59, 0.40, 0.40, 0.54, 0.5, 0.5, 0.63, 0.63, 0.5, 0.40, 0.72, 0.45, 0.63, 0.40, 0.40, 0.40, 0.5, 0.54, 0.72, 0.27, 0.36, 0.36, 0.5, 0.31, 0.31, 0.5, 0.45, 0.45, 0.77, 0.36, 0.36, 0.59, 0.59, 0.72, 0.22, 0.59, 0.72, 0.77, 0.22, 0.5, 0.63, 0.72, 0.36, 0.45, 0.77, 0.36, 0.5, 0.86, 0.22, 0.77, 0.54, 0.45, 0.72, 0.59, 0.68, 0.54, 0.59, 0.40, 0.36, 0.40, 0.22, 0.54, 0.59, 0.40, 0.40, 0.45, 0.22, 0.5, 0.59, 0.36, 0.59, 0.40, 0.59, 0.72, 0.45, 0.36, 0.40, 0.54, 0.5, 0.59, 0.72, 0.59, 0.40, 0.45, 0.68, 0.40, 0.45

0.4209090909090908
0.27, 0.40, 0.40, 0.45, 0.5, 0.40, 0.45, 0.31, 0.31, 0.45, 0.36, 0.31, 0.77, 0.36, 0.45, 0.45, 0.36, 0.36, 0.31, 0.54, 0.22, 0.27, 0.36, 0.40, 0.40, 0.36, 0.5, 0.36, 0.22, 0.59, 0.77, 0.5, 0.5, 0.5, 0.27, 0.5, 0.40, 0.45, 0.40, 0.36, 0.27, 0.5, 0.59, 0.45, 0.40, 0.5, 0.22, 0.31, 0.45, 0.36, 0.59, 0.5, 0.36, 0.45, 0.31, 0.18, 0.5, 0.36, 0.36, 0.45, 0.18, 0.5, 0.5, 0.13, 0.31, 0.31, 0.5, 0.45, 0.54, 0.45, 0.54, 0.36, 0.45, 0.40, 0.36, 0.31, 0.36, 0.40, 0.40, 0.36, 0.36, 0.40, 0.36, 0.40, 0.40, 0.36, 0.45, 0.40, 0.54, 0.27, 0.27, 0.81, 0.40, 0.22, 0.5, 0.81, 0.45, 0.40, 0.63, 0.72


Running iteration 9 of 10 fold...
loading ensembles takes 0.109 sec
creating environment takes 0.458 sec
voting takes 1.543 sec
      accuracy, precision, recall, f_score
  mv: 0.7273, 0.6832, 0.5312, 0.4960
  wv: 0.7273, 0.6832, 0.5312, 0.4960

0.6086363636363635
0.5, 0.59, 0.63, 0.72, 0.68, 0.5, 0.77, 0.31, 0.59, 0.5, 0.54, 0.59, 0.45, 0.54, 0.31, 0.5, 0.72, 0.59, 0.68, 0.59, 0.59, 0.63, 0.68, 0.5, 0.54, 0.59, 0.59, 0.72, 0.68, 0.63, 0.5, 0.68, 0.54, 0.59, 0.68, 0.72, 0.68, 0.5, 0.59, 0.68, 0.63, 0.59, 0.54, 0.77, 0.59, 0.68, 0.72, 0.77, 0.40, 0.63, 0.54, 0.5, 0.72, 0.68, 0.72, 0.5, 0.59, 0.68, 0.40, 0.54, 0.77, 0.68, 0.54, 0.63, 0.54, 0.68, 0.68, 0.54, 0.54, 0.63, 0.68, 0.77, 0.59, 0.5, 0.63, 0.59, 0.59, 0.40, 0.5, 0.45, 0.68, 0.5, 0.68, 0.63, 0.54, 0.68, 0.68, 0.77, 0.72, 0.59, 0.63, 0.63, 0.86, 0.59, 0.54, 0.54, 0.63, 0.63, 0.59, 0.68

0.5304545454545455
0.45, 0.54, 0.54, 0.63, 0.5, 0.63, 0.77, 0.68, 0.45, 0.31, 0.5, 0.45, 0.5, 0.54, 0.81, 0.63, 0.81, 0.5, 0.45, 0.63, 0.5, 0.5, 0.5, 0.54, 0.81, 0.63, 0.59, 0.5, 0.40, 0.54, 0.36, 0.40, 0.59, 0.36, 0.45, 0.45, 0.59, 0.54, 0.68, 0.63, 0.45, 0.54, 0.45, 0.63, 0.54, 0.18, 0.54, 0.54, 0.5, 0.59, 0.40, 0.59, 0.54, 0.5, 0.63, 0.22, 0.54, 0.77, 0.59, 0.5, 0.63, 0.59, 0.54, 0.5, 0.5, 0.54, 0.72, 0.68, 0.45, 0.5, 0.40, 0.36, 0.45, 0.54, 0.5, 0.72, 0.54, 0.68, 0.5, 0.54, 0.5, 0.5, 0.63, 0.59, 0.54, 0.72, 0.54, 0.40, 0.5, 0.45, 0.40, 0.54, 0.54, 0.31, 0.40, 0.40, 0.59, 0.40, 0.31, 0.36


Running iteration 10 of 10 fold...
loading ensembles takes 0.107 sec
creating environment takes 0.459 sec
voting takes 1.544 sec
      accuracy, precision, recall, f_score
  mv: 0.8636, 0.9242, 0.7500, 0.5583
  wv: 0.8636, 0.9242, 0.7500, 0.5583

0.6145454545454545
0.31, 0.81, 0.59, 0.59, 0.5, 0.63, 0.63, 0.45, 0.77, 0.68, 0.40, 0.59, 0.54, 0.68, 0.63, 0.54, 0.54, 0.5, 0.68, 0.68, 0.68, 0.5, 0.72, 0.59, 0.81, 0.63, 0.31, 0.54, 0.81, 0.5, 0.36, 0.59, 0.54, 0.63, 0.72, 0.54, 0.59, 0.54, 0.68, 0.59, 0.72, 0.86, 0.54, 0.72, 0.63, 0.63, 0.45, 0.72, 0.59, 0.59, 0.59, 0.59, 0.63, 0.77, 0.54, 0.68, 0.72, 0.68, 0.54, 0.63, 0.63, 0.63, 0.31, 0.81, 0.63, 0.68, 0.59, 0.77, 0.45, 0.81, 0.59, 0.5, 0.59, 0.5, 0.72, 0.5, 0.63, 0.59, 0.63, 0.63, 0.63, 0.63, 0.72, 0.59, 0.59, 0.5, 0.63, 0.68, 0.59, 0.63, 0.5, 0.40, 0.72, 0.81, 0.68, 0.59, 0.59, 0.72, 0.54, 0.68

0.5927272727272727
0.72, 0.68, 0.63, 0.45, 0.72, 0.59, 0.72, 0.45, 0.59, 0.40, 0.54, 0.40, 0.59, 0.59, 0.68, 0.5, 0.45, 0.59, 0.68, 0.5, 0.63, 0.77, 0.68, 0.5, 0.45, 0.59, 0.68, 0.45, 0.59, 0.77, 0.5, 0.63, 0.68, 0.77, 0.54, 0.63, 0.77, 0.63, 0.45, 0.5, 0.27, 0.68, 0.72, 0.45, 0.5, 0.59, 0.72, 0.54, 0.59, 0.68, 0.54, 0.59, 0.63, 0.63, 0.54, 0.72, 0.59, 0.59, 0.5, 0.5, 0.63, 0.72, 0.5, 0.59, 0.63, 0.59, 0.63, 0.59, 0.68, 0.59, 0.5, 0.68, 0.5, 0.59, 0.59, 0.54, 0.40, 0.40, 0.81, 0.77, 0.63, 0.59, 0.77, 0.63, 0.68, 0.59, 0.54, 0.63, 0.45, 0.40, 0.68, 0.68, 0.72, 0.36, 0.54, 0.54, 0.59, 0.40, 0.68, 0.63

      accuracy, precision, recall, f_score
  mv: 0.7006, 0.6769, 0.5592, 0.4637
  wv: 0.7312, 0.7202, 0.6046, 0.5090
  fs: 0.0000, 0.0000, 0.0000, 0.0000
adab: 0.0000, 0.0000, 0.0000, 0.0000
eprl: 0.0000, 0.0000, 0.0000, 0.0000
ibrl: 0.0000, 0.0000, 0.0000, 0.0000

time costs: C, E, V, FS, Ada, EPRL, IBRL
       0.10, 0.46, 1.61, 0.0, 0.0, 0.0, 0.0
FS size: 0.00000, EPRL size: 0.00000, IBRL size: 0.00000
full test avg accu: 0.51021, part test avg accu: 0.45025
