{'dataset': 'audio', 'algorithm': 'ptdqn', 'num_clf': 100, 'num_training': 10000, 'learning_rate': 0.1, 'discount_factor': 1.0, 'epsilon': 0.1, 'random_state': 6666, 'portion': 0.5, 'sequential': False}
reading data takes 3.842 sec
data shape: (226, 95)
number of labels: 24

Running iteration 1 of 10 fold...
loading ensembles takes 0.929 sec
creating environment takes 0.756 sec
voting takes 3.848 sec
      accuracy, precision, recall, f_score
  mv: 0.6957, 0.5958, 0.4320, 0.4111
  wv: 0.7826, 0.7348, 0.5510, 0.5496

0.6269565217391304
0.39, 0.60, 0.65, 0.73, 0.78, 0.56, 0.69, 0.78, 0.65, 0.56, 0.56, 0.69, 0.60, 0.52, 0.60, 0.82, 0.65, 0.39, 0.65, 0.78, 0.78, 0.47, 0.73, 0.78, 0.69, 0.52, 0.56, 0.82, 0.43, 0.43, 0.69, 0.82, 0.65, 0.39, 0.73, 0.78, 0.69, 0.52, 0.65, 0.65, 0.65, 0.39, 0.60, 0.82, 0.43, 0.52, 0.69, 0.78, 0.43, 0.65, 0.47, 0.69, 0.39, 0.60, 0.60, 0.82, 0.69, 0.65, 0.73, 0.78, 0.39, 0.39, 0.78, 0.78, 0.47, 0.52, 0.56, 0.78, 0.43, 0.43, 0.65, 0.82, 0.30, 0.65, 0.60, 0.73, 0.60, 0.52, 0.69, 0.82, 0.52, 0.34, 0.65, 0.82, 0.73, 0.43, 0.78, 0.78, 0.69, 0.47, 0.65, 0.78, 0.34, 0.56, 0.78, 0.78, 0.73, 0.34, 0.69, 0.65

0.5726086956521739
0.65, 0.30, 0.47, 0.73, 0.34, 0.34, 0.47, 0.73, 0.43, 0.30, 0.52, 0.82, 0.73, 0.47, 0.56, 0.78, 0.52, 0.56, 0.65, 0.73, 0.60, 0.69, 0.56, 0.78, 0.30, 0.39, 0.60, 0.78, 0.47, 0.30, 0.56, 0.73, 0.65, 0.65, 0.65, 0.69, 0.26, 0.52, 0.52, 0.78, 0.34, 0.39, 0.52, 0.86, 0.39, 0.60, 0.47, 0.60, 0.30, 0.30, 0.47, 0.73, 0.52, 0.52, 0.47, 0.78, 0.78, 0.39, 0.52, 0.82, 0.52, 0.34, 0.69, 0.78, 0.65, 0.60, 0.52, 0.78, 0.43, 0.52, 0.52, 0.78, 0.47, 0.13, 0.52, 0.82, 0.60, 0.65, 0.60, 0.65, 0.56, 0.47, 0.69, 0.78, 0.69, 0.43, 0.47, 0.73, 0.69, 0.56, 0.60, 0.73, 0.60, 0.43, 0.56, 0.69, 0.60, 0.43, 0.43, 0.69


Running iteration 2 of 10 fold...
loading ensembles takes 0.966 sec
creating environment takes 0.915 sec
voting takes 3.627 sec
      accuracy, precision, recall, f_score
  mv: 0.8261, 0.7717, 0.6111, 0.5524
  wv: 0.8696, 0.7984, 0.6667, 0.5900

0.5991304347826086
0.30, 0.43, 0.69, 0.73, 0.47, 0.34, 0.60, 0.82, 0.65, 0.47, 0.78, 0.78, 0.65, 0.52, 0.69, 0.78, 0.47, 0.56, 0.78, 0.82, 0.47, 0.56, 0.78, 0.78, 0.39, 0.52, 0.78, 0.69, 0.47, 0.47, 0.69, 0.82, 0.34, 0.47, 0.78, 0.69, 0.56, 0.26, 0.73, 0.73, 0.43, 0.52, 0.78, 0.78, 0.47, 0.43, 0.69, 0.60, 0.21, 0.56, 0.78, 0.78, 0.52, 0.39, 0.69, 0.82, 0.43, 0.52, 0.86, 0.78, 0.26, 0.30, 0.73, 0.82, 0.30, 0.47, 0.82, 0.78, 0.43, 0.43, 0.78, 0.65, 0.52, 0.43, 0.65, 0.78, 0.43, 0.34, 0.69, 0.82, 0.47, 0.26, 0.60, 0.82, 0.56, 0.34, 0.73, 0.73, 0.56, 0.13, 0.78, 0.82, 0.52, 0.56, 0.69, 0.78, 0.43, 0.52, 0.69, 0.65

0.5004347826086957
0.43, 0.34, 0.65, 0.73, 0.30, 0.13, 0.56, 0.82, 0.60, 0.30, 0.56, 0.65, 0.43, 0.39, 0.65, 0.69, 0.47, 0.47, 0.43, 0.69, 0.39, 0.26, 0.60, 0.69, 0.34, 0.39, 0.65, 0.65, 0.21, 0.26, 0.52, 0.60, 0.34, 0.39, 0.39, 0.78, 0.52, 0.39, 0.47, 0.60, 0.39, 0.17, 0.60, 0.65, 0.43, 0.13, 0.69, 0.78, 0.21, 0.21, 0.52, 0.82, 0.52, 0.47, 0.56, 0.65, 0.47, 0.39, 0.56, 0.60, 0.65, 0.34, 0.60, 0.65, 0.34, 0.21, 0.47, 0.78, 0.43, 0.39, 0.56, 0.78, 0.26, 0.47, 0.56, 0.78, 0.26, 0.43, 0.56, 0.60, 0.39, 0.30, 0.52, 0.82, 0.39, 0.21, 0.69, 0.69, 0.30, 0.34, 0.52, 0.69, 0.30, 0.13, 0.65, 0.69, 0.60, 0.30, 0.60, 0.78


Running iteration 3 of 10 fold...
loading ensembles takes 0.991 sec
creating environment takes 0.894 sec
voting takes 3.608 sec
      accuracy, precision, recall, f_score
  mv: 0.8696, 0.8841, 0.7500, 0.6677
  wv: 0.9130, 0.9203, 0.8286, 0.7247

0.5934782608695651
0.47, 0.30, 0.73, 0.60, 0.52, 0.52, 0.82, 0.52, 0.52, 0.43, 0.86, 0.39, 0.43, 0.34, 0.82, 0.65, 0.69, 0.60, 0.78, 0.69, 0.65, 0.39, 0.73, 0.73, 0.52, 0.34, 0.73, 0.52, 0.52, 0.39, 0.78, 0.65, 0.43, 0.52, 0.78, 0.60, 0.30, 0.30, 0.69, 0.43, 0.30, 0.52, 0.82, 0.60, 0.65, 0.43, 0.73, 0.73, 0.52, 0.47, 0.82, 0.65, 0.60, 0.60, 0.78, 0.82, 0.47, 0.56, 0.78, 0.73, 0.47, 0.30, 0.65, 0.82, 0.52, 0.43, 0.86, 0.65, 0.60, 0.17, 0.73, 0.69, 0.39, 0.47, 0.82, 0.65, 0.21, 0.30, 0.73, 0.73, 0.73, 0.43, 0.73, 0.65, 0.82, 0.34, 0.78, 0.65, 0.56, 0.34, 0.78, 0.78, 0.30, 0.39, 0.82, 0.78, 0.78, 0.39, 0.78, 0.56

0.5826086956521739
0.39, 0.47, 0.65, 0.78, 0.52, 0.39, 0.65, 0.78, 0.56, 0.47, 0.69, 0.65, 0.43, 0.34, 0.52, 0.78, 0.69, 0.34, 0.65, 0.78, 0.39, 0.65, 0.69, 0.78, 0.43, 0.34, 0.60, 0.86, 0.56, 0.26, 0.52, 0.69, 0.60, 0.34, 0.65, 0.82, 0.43, 0.43, 0.60, 0.78, 0.30, 0.21, 0.69, 0.78, 0.47, 0.39, 0.73, 0.82, 0.47, 0.43, 0.69, 0.78, 0.47, 0.26, 0.60, 0.78, 0.47, 0.34, 0.60, 0.82, 0.34, 0.43, 0.73, 0.69, 0.47, 0.52, 0.73, 0.78, 0.39, 0.56, 0.65, 0.91, 0.47, 0.47, 0.52, 0.60, 0.78, 0.69, 0.69, 0.86, 0.52, 0.26, 0.60, 0.86, 0.56, 0.34, 0.60, 0.82, 0.47, 0.34, 0.69, 0.82, 0.47, 0.43, 0.65, 0.73, 0.78, 0.39, 0.56, 0.52


Running iteration 4 of 10 fold...
loading ensembles takes 0.974 sec
creating environment takes 0.860 sec
voting takes 3.750 sec
      accuracy, precision, recall, f_score
  mv: 0.5652, 0.4370, 0.4722, 0.3608
  wv: 0.6087, 0.4601, 0.5556, 0.4544

0.39739130434782616
0.39, 0.26, 0.52, 0.56, 0.47, 0.13, 0.39, 0.56, 0.39, 0.30, 0.47, 0.52, 0.26, 0.21, 0.47, 0.52, 0.26, 0.30, 0.43, 0.56, 0.52, 0.30, 0.39, 0.52, 0.43, 0.13, 0.43, 0.56, 0.30, 0.21, 0.43, 0.56, 0.43, 0.30, 0.47, 0.56, 0.26, 0.17, 0.39, 0.60, 0.39, 0.17, 0.34, 0.65, 0.56, 0.21, 0.47, 0.52, 0.26, 0.13, 0.52, 0.52, 0.39, 0.21, 0.34, 0.65, 0.21, 0.21, 0.47, 0.52, 0.34, 0.21, 0.47, 0.47, 0.39, 0.26, 0.52, 0.60, 0.34, 0.17, 0.34, 0.56, 0.26, 0.30, 0.34, 0.56, 0.34, 0.30, 0.47, 0.56, 0.34, 0.26, 0.39, 0.47, 0.39, 0.26, 0.43, 0.56, 0.52, 0.26, 0.47, 0.56, 0.26, 0.30, 0.30, 0.52, 0.34, 0.21, 0.43, 0.56

0.3439130434782608
0.43, 0.26, 0.39, 0.34, 0.34, 0.26, 0.34, 0.43, 0.34, 0.30, 0.34, 0.52, 0.47, 0.21, 0.39, 0.52, 0.30, 0.17, 0.39, 0.47, 0.30, 0.13, 0.34, 0.43, 0.17, 0.21, 0.43, 0.43, 0.26, 0.30, 0.39, 0.43, 0.26, 0.30, 0.43, 0.47, 0.39, 0.21, 0.34, 0.47, 0.43, 0.21, 0.39, 0.34, 0.26, 0.21, 0.30, 0.56, 0.47, 0.26, 0.39, 0.39, 0.30, 0.30, 0.39, 0.43, 0.34, 0.30, 0.34, 0.43, 0.21, 0.21, 0.39, 0.52, 0.26, 0.26, 0.34, 0.39, 0.39, 0.13, 0.43, 0.56, 0.39, 0.21, 0.39, 0.39, 0.26, 0.17, 0.34, 0.47, 0.30, 0.26, 0.30, 0.43, 0.30, 0.30, 0.30, 0.43, 0.26, 0.30, 0.34, 0.43, 0.34, 0.21, 0.30, 0.39, 0.17, 0.17, 0.26, 0.52


Running iteration 5 of 10 fold...
loading ensembles takes 1.030 sec
creating environment takes 0.857 sec
voting takes 3.578 sec
      accuracy, precision, recall, f_score
  mv: 0.5217, 0.5217, 0.4423, 0.3511
  wv: 0.5652, 0.5342, 0.4615, 0.3729

0.35782608695652174
0.39, 0.26, 0.47, 0.43, 0.43, 0.17, 0.34, 0.43, 0.13, 0.17, 0.30, 0.47, 0.34, 0.13, 0.43, 0.47, 0.30, 0.21, 0.43, 0.43, 0.30, 0.13, 0.43, 0.39, 0.43, 0.13, 0.43, 0.34, 0.34, 0.26, 0.39, 0.47, 0.26, 0.30, 0.30, 0.47, 0.47, 0.30, 0.43, 0.56, 0.34, 0.26, 0.43, 0.47, 0.30, 0.21, 0.43, 0.34, 0.34, 0.17, 0.34, 0.60, 0.21, 0.08, 0.34, 0.52, 0.47, 0.26, 0.34, 0.47, 0.52, 0.21, 0.34, 0.52, 0.34, 0.21, 0.43, 0.43, 0.26, 0.26, 0.34, 0.60, 0.21, 0.21, 0.52, 0.47, 0.34, 0.17, 0.43, 0.47, 0.34, 0.21, 0.39, 0.47, 0.26, 0.30, 0.43, 0.43, 0.30, 0.21, 0.34, 0.52, 0.39, 0.30, 0.43, 0.47, 0.30, 0.26, 0.34, 0.52

0.2965217391304348
0.17, 0.21, 0.26, 0.43, 0.34, 0.17, 0.34, 0.39, 0.26, 0.13, 0.34, 0.39, 0.17, 0.13, 0.30, 0.39, 0.39, 0.21, 0.34, 0.43, 0.17, 0.30, 0.34, 0.34, 0.21, 0.13, 0.26, 0.34, 0.47, 0.26, 0.26, 0.34, 0.30, 0.21, 0.30, 0.43, 0.30, 0.08, 0.30, 0.39, 0.21, 0.30, 0.34, 0.30, 0.34, 0.13, 0.26, 0.39, 0.26, 0.21, 0.34, 0.43, 0.21, 0.34, 0.39, 0.39, 0.26, 0.30, 0.17, 0.39, 0.26, 0.17, 0.26, 0.30, 0.26, 0.13, 0.34, 0.34, 0.26, 0.34, 0.34, 0.39, 0.34, 0.26, 0.39, 0.34, 0.39, 0.26, 0.21, 0.39, 0.47, 0.26, 0.34, 0.30, 0.21, 0.17, 0.30, 0.34, 0.21, 0.13, 0.34, 0.34, 0.21, 0.21, 0.39, 0.30, 0.34, 0.21, 0.34, 0.34


Running iteration 6 of 10 fold...
loading ensembles takes 0.967 sec
creating environment takes 0.818 sec
voting takes 3.460 sec
      accuracy, precision, recall, f_score
  mv: 0.7391, 0.5804, 0.4545, 0.3826
  wv: 0.8261, 0.7295, 0.6364, 0.5795

0.6243478260869566
0.43, 0.56, 0.78, 0.78, 0.56, 0.47, 0.69, 0.73, 0.52, 0.47, 0.65, 0.78, 0.69, 0.52, 0.73, 0.78, 0.60, 0.34, 0.73, 0.78, 0.56, 0.47, 0.60, 0.82, 0.73, 0.34, 0.65, 0.82, 0.60, 0.47, 0.78, 0.78, 0.56, 0.34, 0.60, 0.78, 0.60, 0.52, 0.73, 0.78, 0.73, 0.43, 0.65, 0.82, 0.52, 0.52, 0.69, 0.73, 0.39, 0.47, 0.73, 0.78, 0.30, 0.60, 0.69, 0.73, 0.30, 0.47, 0.78, 0.73, 0.47, 0.52, 0.69, 0.78, 0.60, 0.47, 0.73, 0.82, 0.52, 0.43, 0.78, 0.73, 0.56, 0.43, 0.69, 0.82, 0.30, 0.52, 0.65, 0.73, 0.43, 0.60, 0.56, 0.65, 0.56, 0.47, 0.65, 0.69, 0.65, 0.47, 0.73, 0.73, 0.73, 0.34, 0.78, 0.78, 0.69, 0.56, 0.60, 0.78

0.5160869565217392
0.39, 0.39, 0.52, 0.78, 0.43, 0.43, 0.52, 0.56, 0.56, 0.30, 0.65, 0.69, 0.39, 0.43, 0.39, 0.65, 0.47, 0.30, 0.39, 0.69, 0.52, 0.43, 0.52, 0.69, 0.43, 0.43, 0.65, 0.78, 0.65, 0.30, 0.52, 0.56, 0.56, 0.34, 0.47, 0.69, 0.69, 0.34, 0.60, 0.65, 0.47, 0.43, 0.47, 0.56, 0.56, 0.30, 0.56, 0.65, 0.34, 0.34, 0.30, 0.73, 0.52, 0.39, 0.43, 0.73, 0.52, 0.39, 0.43, 0.52, 0.47, 0.39, 0.56, 0.60, 0.47, 0.47, 0.69, 0.56, 0.39, 0.30, 0.43, 0.69, 0.56, 0.34, 0.52, 0.78, 0.47, 0.39, 0.43, 0.69, 0.60, 0.26, 0.60, 0.56, 0.39, 0.52, 0.60, 0.78, 0.60, 0.39, 0.52, 0.78, 0.47, 0.39, 0.52, 0.69, 0.39, 0.30, 0.47, 0.73


Running iteration 7 of 10 fold...
loading ensembles takes 1.028 sec
creating environment takes 0.793 sec
voting takes 3.419 sec
      accuracy, precision, recall, f_score
  mv: 0.6818, 0.7081, 0.6190, 0.5522
  wv: 0.7727, 0.7592, 0.7857, 0.7372

0.5413636363636364
0.54, 0.54, 0.5, 0.45, 0.72, 0.36, 0.40, 0.81, 0.40, 0.36, 0.5, 0.5, 0.45, 0.54, 0.68, 0.77, 0.54, 0.40, 0.5, 0.72, 0.54, 0.36, 0.54, 0.72, 0.40, 0.22, 0.68, 0.81, 0.59, 0.27, 0.63, 0.81, 0.77, 0.54, 0.59, 0.86, 0.59, 0.36, 0.63, 0.5, 0.81, 0.27, 0.54, 0.54, 0.31, 0.18, 0.54, 0.63, 0.54, 0.27, 0.54, 0.81, 0.5, 0.36, 0.63, 0.81, 0.36, 0.54, 0.5, 0.77, 0.68, 0.36, 0.5, 0.45, 0.5, 0.5, 0.59, 0.54, 0.45, 0.27, 0.68, 0.81, 0.5, 0.27, 0.68, 0.5, 0.68, 0.31, 0.59, 0.86, 0.59, 0.27, 0.54, 0.63, 0.45, 0.36, 0.59, 0.63, 0.68, 0.40, 0.45, 0.77, 0.59, 0.27, 0.45, 0.59, 0.72, 0.31, 0.59, 0.59

0.4318181818181818
0.5, 0.27, 0.36, 0.68, 0.18, 0.27, 0.31, 0.59, 0.40, 0.22, 0.5, 0.27, 0.54, 0.27, 0.18, 0.63, 0.45, 0.27, 0.36, 0.63, 0.18, 0.27, 0.27, 0.36, 0.54, 0.31, 0.68, 0.63, 0.18, 0.59, 0.22, 0.59, 0.45, 0.45, 0.45, 0.40, 0.45, 0.27, 0.36, 0.72, 0.5, 0.5, 0.40, 0.5, 0.36, 0.40, 0.36, 0.45, 0.5, 0.36, 0.5, 0.63, 0.63, 0.54, 0.27, 0.5, 0.27, 0.36, 0.40, 0.59, 0.36, 0.31, 0.31, 0.63, 0.5, 0.22, 0.22, 0.63, 0.36, 0.40, 0.36, 0.54, 0.59, 0.27, 0.31, 0.63, 0.36, 0.18, 0.45, 0.72, 0.36, 0.36, 0.40, 0.68, 0.63, 0.18, 0.36, 0.45, 0.63, 0.27, 0.45, 0.72, 0.40, 0.27, 0.36, 0.54, 0.72, 0.27, 0.40, 0.68


Running iteration 8 of 10 fold...
loading ensembles takes 0.990 sec
creating environment takes 0.794 sec
voting takes 3.532 sec
      accuracy, precision, recall, f_score
  mv: 0.9091, 0.9318, 0.8148, 0.6583
  wv: 0.9091, 0.9318, 0.8148, 0.6583

0.6081818181818182
0.27, 0.72, 0.63, 0.63, 0.63, 0.59, 0.59, 0.68, 0.5, 0.72, 0.54, 0.72, 0.77, 0.5, 0.72, 0.77, 0.54, 0.90, 0.54, 0.77, 0.63, 0.68, 0.59, 0.72, 0.45, 0.77, 0.5, 0.59, 0.40, 0.5, 0.5, 0.72, 0.27, 0.63, 0.45, 0.86, 0.31, 0.45, 0.63, 0.77, 0.45, 0.40, 0.54, 0.72, 0.59, 0.5, 0.45, 0.63, 0.59, 0.54, 0.5, 0.72, 0.5, 0.5, 0.40, 0.81, 0.45, 0.45, 0.59, 0.77, 0.86, 0.68, 0.54, 0.68, 0.45, 0.77, 0.59, 0.77, 0.54, 0.59, 0.68, 0.72, 0.40, 0.59, 0.72, 0.77, 0.40, 0.77, 0.59, 0.77, 0.5, 0.68, 0.68, 0.77, 0.40, 0.68, 0.63, 0.59, 0.36, 0.5, 0.54, 0.72, 0.59, 0.68, 0.63, 0.77, 0.45, 0.81, 0.5, 0.81

0.46590909090909094
0.27, 0.68, 0.59, 0.45, 0.5, 0.31, 0.40, 0.72, 0.31, 0.5, 0.45, 0.40, 0.77, 0.63, 0.40, 0.68, 0.36, 0.40, 0.40, 0.40, 0.22, 0.40, 0.40, 0.63, 0.40, 0.40, 0.31, 0.59, 0.22, 0.63, 0.36, 0.68, 0.5, 0.18, 0.40, 0.63, 0.40, 0.45, 0.40, 0.36, 0.27, 0.5, 0.54, 0.63, 0.40, 0.59, 0.5, 0.63, 0.45, 0.40, 0.40, 0.72, 0.36, 0.45, 0.5, 0.36, 0.5, 0.5, 0.59, 0.59, 0.18, 0.31, 0.5, 0.40, 0.31, 0.04, 0.5, 0.54, 0.54, 0.40, 0.5, 0.63, 0.45, 0.5, 0.40, 0.5, 0.36, 0.5, 0.45, 0.63, 0.36, 0.45, 0.40, 0.68, 0.40, 0.59, 0.40, 0.5, 0.54, 0.36, 0.45, 0.54, 0.40, 0.40, 0.5, 0.54, 0.45, 0.36, 0.5, 0.59


Running iteration 9 of 10 fold...
loading ensembles takes 0.988 sec
creating environment takes 0.850 sec
voting takes 3.604 sec
      accuracy, precision, recall, f_score
  mv: 0.7727, 0.7045, 0.5625, 0.5060
  wv: 0.8182, 0.7727, 0.6875, 0.6726

0.6545454545454545
0.5, 0.54, 0.59, 0.90, 0.68, 0.40, 0.59, 0.77, 0.59, 0.5, 0.63, 0.86, 0.45, 0.54, 0.59, 0.86, 0.72, 0.45, 0.77, 0.86, 0.59, 0.59, 0.68, 0.90, 0.54, 0.54, 0.63, 0.81, 0.68, 0.45, 0.63, 0.81, 0.54, 0.54, 0.63, 0.86, 0.68, 0.68, 0.59, 0.81, 0.63, 0.54, 0.54, 0.81, 0.59, 0.5, 0.72, 0.86, 0.40, 0.63, 0.63, 0.86, 0.72, 0.59, 0.68, 0.77, 0.59, 0.45, 0.63, 0.86, 0.77, 0.54, 0.72, 0.81, 0.54, 0.54, 0.68, 0.81, 0.54, 0.45, 0.72, 0.86, 0.59, 0.45, 0.68, 0.81, 0.59, 0.63, 0.77, 0.77, 0.68, 0.45, 0.68, 0.86, 0.54, 0.40, 0.68, 0.81, 0.72, 0.5, 0.54, 0.81, 0.86, 0.45, 0.54, 0.72, 0.63, 0.54, 0.63, 0.72

0.5159090909090908
0.45, 0.36, 0.45, 0.68, 0.5, 0.40, 0.45, 0.72, 0.45, 0.54, 0.54, 0.63, 0.5, 0.5, 0.54, 0.63, 0.81, 0.40, 0.59, 0.63, 0.5, 0.5, 0.5, 0.63, 0.81, 0.40, 0.45, 0.72, 0.40, 0.13, 0.59, 0.54, 0.59, 0.40, 0.45, 0.54, 0.59, 0.40, 0.40, 0.63, 0.45, 0.54, 0.45, 0.59, 0.54, 0.40, 0.5, 0.68, 0.5, 0.45, 0.59, 0.54, 0.54, 0.40, 0.59, 0.5, 0.54, 0.40, 0.5, 0.5, 0.63, 0.31, 0.59, 0.54, 0.5, 0.45, 0.59, 0.63, 0.45, 0.18, 0.40, 0.63, 0.45, 0.40, 0.40, 0.59, 0.54, 0.54, 0.45, 0.54, 0.5, 0.40, 0.40, 0.72, 0.54, 0.40, 0.59, 0.54, 0.5, 0.40, 0.45, 0.68, 0.54, 0.54, 0.45, 0.5, 0.59, 0.40, 0.40, 0.63


Running iteration 10 of 10 fold...
loading ensembles takes 0.990 sec
creating environment takes 0.888 sec
voting takes 3.417 sec
      accuracy, precision, recall, f_score
  mv: 0.8636, 0.9242, 0.7500, 0.5643
  wv: 0.9091, 0.9242, 0.7917, 0.6653

0.6481818181818183
0.31, 0.59, 0.63, 0.77, 0.5, 0.54, 0.86, 0.72, 0.77, 0.13, 0.72, 0.68, 0.54, 0.5, 0.72, 0.81, 0.54, 0.40, 0.81, 0.81, 0.68, 0.5, 0.81, 0.59, 0.81, 0.45, 0.72, 0.77, 0.81, 0.40, 0.77, 0.77, 0.54, 0.5, 0.81, 0.68, 0.59, 0.45, 0.86, 0.77, 0.72, 0.5, 0.63, 0.77, 0.63, 0.40, 0.86, 0.81, 0.59, 0.63, 0.72, 0.77, 0.63, 0.5, 0.72, 0.81, 0.72, 0.5, 0.59, 0.77, 0.63, 0.22, 0.81, 0.72, 0.63, 0.40, 0.68, 0.77, 0.45, 0.40, 0.77, 0.77, 0.59, 0.45, 0.86, 0.77, 0.63, 0.31, 0.81, 0.68, 0.63, 0.40, 0.81, 0.59, 0.59, 0.59, 0.81, 0.72, 0.59, 0.59, 0.63, 0.77, 0.72, 0.5, 0.86, 0.77, 0.59, 0.5, 0.72, 0.72

0.6222727272727273
0.72, 0.22, 0.77, 0.68, 0.72, 0.5, 0.77, 0.54, 0.59, 0.40, 0.72, 0.72, 0.59, 0.59, 0.72, 0.68, 0.45, 0.72, 0.77, 0.81, 0.63, 0.5, 0.72, 0.68, 0.45, 0.54, 0.72, 0.68, 0.59, 0.59, 0.63, 0.59, 0.68, 0.63, 0.68, 0.77, 0.77, 0.5, 0.72, 0.81, 0.27, 0.63, 0.72, 0.77, 0.5, 0.45, 0.72, 0.59, 0.59, 0.40, 0.77, 0.63, 0.63, 0.36, 0.5, 0.63, 0.59, 0.40, 0.72, 0.68, 0.63, 0.40, 0.68, 0.68, 0.63, 0.0, 0.68, 0.68, 0.68, 0.68, 0.72, 0.72, 0.5, 0.5, 0.77, 0.72, 0.40, 0.5, 0.72, 0.59, 0.63, 0.40, 0.77, 0.59, 0.68, 0.63, 0.77, 0.68, 0.45, 0.59, 0.59, 0.68, 0.72, 0.59, 0.68, 0.68, 0.59, 0.68, 0.77, 0.68

      accuracy, precision, recall, f_score
  mv: 0.7445, 0.7059, 0.5909, 0.5006
  wv: 0.7974, 0.7565, 0.6779, 0.6005
  fs: 0.0000, 0.0000, 0.0000, 0.0000
adab: 0.0000, 0.0000, 0.0000, 0.0000
eprl: 0.0000, 0.0000, 0.0000, 0.0000
ibrl: 0.0000, 0.0000, 0.0000, 0.0000

time costs: C, E, V, FS, Ada, EPRL, IBRL
       0.98, 0.84, 3.58, 0.0, 0.0, 0.0, 0.0
FS size: 0.00000, EPRL size: 0.00000, IBRL size: 0.00000
full test avg accu: 0.56514, part test avg accu: 0.48481
