{'dataset': 'bw', 'algorithm': 'ptdqn', 'num_clf': 100, 'num_training': 10000, 'learning_rate': 0.1, 'discount_factor': 1.0, 'epsilon': 0.1, 'random_state': 6666, 'portion': 0.5, 'sequential': False}
reading data takes 0.285 sec
data shape: (699, 10)
number of labels: 2

Running iteration 1 of 10 fold...
loading ensembles takes 0.105 sec
creating environment takes 0.474 sec
voting takes 4.205 sec
      accuracy, precision, recall, f_score
  mv: 0.8857, 0.8870, 0.8857, 0.8856
  wv: 0.8857, 0.8870, 0.8857, 0.8856

0.8358571428571429
0.82, 0.82, 0.82, 0.78, 0.82, 0.82, 0.8, 0.8, 0.77, 0.82, 0.82, 0.82, 0.84, 0.82, 0.88, 0.87, 0.8, 0.81, 0.75, 0.81, 0.82, 0.8, 0.85, 0.88, 0.81, 0.84, 0.87, 0.84, 0.78, 0.78, 0.85, 0.87, 0.84, 0.82, 0.84, 0.91, 0.87, 0.82, 0.82, 0.87, 0.82, 0.82, 0.85, 0.8, 0.84, 0.81, 0.87, 0.81, 0.82, 0.8, 0.82, 0.8, 0.85, 0.85, 0.8, 0.82, 0.81, 0.84, 0.81, 0.85, 0.9, 0.85, 0.77, 0.87, 0.82, 0.87, 0.85, 0.78, 0.85, 0.84, 0.84, 0.92, 0.87, 0.88, 0.88, 0.85, 0.84, 0.84, 0.78, 0.72, 0.87, 0.88, 0.77, 0.8, 0.82, 0.8, 0.84, 0.85, 0.81, 0.85, 0.84, 0.84, 0.84, 0.85, 0.82, 0.78, 0.88, 0.87, 0.88, 0.84

0.8134285714285716
0.77, 0.74, 0.77, 0.88, 0.88, 0.75, 0.81, 0.77, 0.77, 0.78, 0.75, 0.81, 0.78, 0.75, 0.78, 0.81, 0.84, 0.82, 0.82, 0.75, 0.82, 0.74, 0.88, 0.8, 0.88, 0.78, 0.78, 0.8, 0.78, 0.82, 0.82, 0.82, 0.78, 0.81, 0.85, 0.78, 0.85, 0.75, 0.77, 0.82, 0.75, 0.87, 0.8, 0.84, 0.75, 0.87, 0.77, 0.84, 0.81, 0.87, 0.8, 0.81, 0.88, 0.78, 0.87, 0.81, 0.8, 0.84, 0.84, 0.82, 0.88, 0.81, 0.8, 0.82, 0.82, 0.84, 0.88, 0.75, 0.81, 0.81, 0.8, 0.8, 0.81, 0.82, 0.8, 0.84, 0.74, 0.8, 0.87, 0.85, 0.77, 0.78, 0.8, 0.87, 0.8, 0.78, 0.84, 0.8, 0.82, 0.77, 0.81, 0.81, 0.78, 0.75, 0.82, 0.85, 0.92, 0.81, 0.74, 0.85


Running iteration 2 of 10 fold...
loading ensembles takes 0.098 sec
creating environment takes 0.444 sec
voting takes 4.214 sec
      accuracy, precision, recall, f_score
  mv: 0.9857, 0.9860, 0.9815, 0.9848
  wv: 0.9857, 0.9860, 0.9815, 0.9848

0.9332857142857144
0.91, 0.92, 0.91, 0.92, 0.92, 0.92, 0.92, 0.91, 0.94, 0.92, 0.9, 0.95, 0.92, 0.97, 0.97, 0.97, 0.91, 0.92, 0.92, 0.95, 0.9, 0.94, 0.91, 0.94, 0.9, 0.95, 0.87, 0.94, 0.94, 0.97, 0.95, 0.88, 0.95, 0.94, 0.92, 0.88, 0.88, 0.87, 0.94, 0.91, 0.97, 0.97, 0.85, 0.91, 0.91, 0.95, 0.88, 0.97, 0.97, 0.91, 0.95, 0.88, 0.88, 0.97, 0.94, 0.94, 0.94, 0.95, 0.95, 0.95, 0.9, 0.94, 0.91, 0.94, 0.92, 0.97, 0.92, 0.92, 0.94, 0.94, 0.92, 0.95, 0.92, 0.92, 0.94, 0.94, 0.94, 0.92, 0.91, 0.91, 0.92, 0.92, 0.97, 0.94, 0.97, 0.97, 0.91, 0.9, 0.92, 0.92, 0.9, 0.95, 0.95, 0.98, 0.94, 0.92, 0.92, 0.91, 0.92, 0.95

0.9147142857142856
0.87, 0.97, 0.88, 0.88, 0.91, 0.91, 0.9, 0.98, 0.9, 0.91, 0.84, 0.9, 0.92, 0.94, 0.91, 0.95, 0.88, 0.92, 0.9, 0.95, 0.92, 0.87, 0.91, 0.97, 0.87, 0.92, 0.82, 0.87, 0.95, 0.91, 0.92, 0.97, 0.92, 0.92, 0.88, 0.87, 0.9, 0.92, 0.9, 0.94, 0.88, 0.94, 0.9, 0.94, 0.9, 0.95, 0.88, 0.95, 0.85, 0.92, 0.85, 0.97, 0.97, 0.84, 0.91, 0.94, 0.91, 0.91, 0.94, 0.88, 0.91, 0.88, 0.92, 0.88, 0.88, 0.91, 0.82, 0.95, 0.91, 0.91, 0.92, 0.92, 0.94, 0.95, 0.91, 0.88, 0.92, 0.92, 0.92, 0.9, 0.85, 0.88, 0.95, 0.92, 0.9, 0.94, 0.98, 0.97, 0.94, 0.87, 0.95, 0.94, 0.85, 0.88, 0.92, 0.91, 0.94, 0.87, 0.95, 0.84


Running iteration 3 of 10 fold...
loading ensembles takes 0.098 sec
creating environment takes 0.444 sec
voting takes 4.192 sec
      accuracy, precision, recall, f_score
  mv: 0.9857, 0.9862, 0.9886, 0.9848
  wv: 0.9857, 0.9862, 0.9886, 0.9848

0.96
0.98, 0.97, 0.95, 0.97, 0.9, 0.98, 0.97, 0.97, 0.95, 0.98, 0.94, 0.94, 0.95, 0.95, 0.94, 0.95, 0.92, 0.94, 0.91, 0.97, 0.97, 0.94, 0.95, 0.98, 0.92, 0.98, 0.95, 0.95, 0.95, 0.97, 0.97, 0.91, 0.98, 0.91, 0.97, 0.97, 0.97, 0.97, 0.95, 0.95, 0.94, 0.97, 0.97, 0.97, 0.95, 1.0, 0.95, 0.94, 0.95, 0.94, 0.97, 0.95, 0.98, 0.98, 0.97, 0.97, 0.94, 0.94, 0.94, 0.95, 0.91, 0.97, 0.95, 0.95, 0.95, 0.97, 0.95, 0.94, 0.98, 0.98, 0.95, 0.91, 0.97, 0.94, 0.95, 0.95, 0.94, 0.95, 0.97, 0.95, 0.94, 0.91, 0.98, 0.95, 0.98, 0.95, 0.98, 0.98, 0.95, 0.95, 0.97, 0.98, 0.95, 0.95, 0.98, 0.95, 0.97, 0.98, 0.94, 0.97

0.95
0.95, 0.91, 0.97, 0.95, 0.98, 0.94, 0.98, 0.97, 0.95, 0.94, 0.94, 0.94, 0.88, 0.97, 0.97, 0.97, 0.97, 0.94, 0.91, 0.88, 0.95, 0.95, 0.95, 0.95, 0.95, 0.97, 0.94, 0.97, 0.97, 0.94, 0.97, 0.97, 0.98, 0.95, 0.94, 0.95, 0.94, 0.94, 0.92, 0.95, 0.94, 0.97, 0.91, 0.92, 0.95, 0.92, 0.94, 0.97, 0.95, 0.94, 0.91, 0.95, 0.97, 0.95, 0.95, 0.97, 0.95, 0.97, 0.92, 0.95, 0.9, 0.98, 0.92, 0.95, 0.92, 0.92, 0.94, 0.92, 0.92, 0.92, 0.94, 0.92, 0.97, 0.95, 0.94, 0.97, 0.94, 0.92, 0.94, 0.97, 0.94, 0.97, 0.94, 0.98, 0.95, 0.97, 0.92, 0.88, 0.94, 0.94, 0.98, 0.97, 0.94, 0.92, 0.95, 0.92, 0.94, 0.97, 0.94, 0.97


Running iteration 4 of 10 fold...
loading ensembles takes 0.097 sec
creating environment takes 0.444 sec
voting takes 4.207 sec
      accuracy, precision, recall, f_score
  mv: 0.9429, 0.9440, 0.9400, 0.9421
  wv: 0.9429, 0.9440, 0.9400, 0.9421

0.9144285714285716
0.9, 0.92, 0.91, 0.88, 0.92, 0.91, 0.9, 0.85, 0.92, 0.92, 0.9, 0.92, 0.91, 0.87, 0.92, 0.9, 0.94, 0.94, 0.91, 0.88, 0.9, 0.9, 0.91, 0.94, 0.94, 0.92, 0.92, 0.85, 0.94, 0.91, 0.88, 0.91, 0.92, 0.95, 0.92, 0.94, 0.9, 0.92, 0.92, 0.95, 0.9, 0.94, 0.94, 0.9, 0.92, 0.9, 0.9, 0.94, 0.94, 0.91, 0.9, 0.95, 0.92, 0.92, 0.85, 0.88, 0.94, 0.91, 0.9, 0.91, 0.88, 0.87, 0.94, 0.9, 0.9, 0.9, 0.94, 0.85, 0.91, 0.94, 0.9, 0.9, 0.91, 0.9, 0.87, 0.92, 0.92, 0.91, 0.9, 0.95, 0.94, 0.92, 0.91, 0.92, 0.88, 0.9, 0.91, 0.94, 0.87, 0.94, 0.92, 0.9, 0.91, 0.9, 0.94, 0.91, 0.92, 0.85, 0.91, 0.9

0.9045714285714287
0.94, 0.91, 0.91, 0.92, 0.9, 0.88, 0.9, 0.85, 0.91, 0.85, 0.85, 0.91, 0.88, 0.88, 0.94, 0.87, 0.92, 0.88, 0.92, 0.9, 0.92, 0.92, 0.88, 0.88, 0.9, 0.88, 0.85, 0.91, 0.87, 0.9, 0.9, 0.94, 0.94, 0.9, 0.92, 0.9, 0.88, 0.92, 0.92, 0.85, 0.94, 0.94, 0.95, 0.85, 0.91, 0.9, 0.88, 0.92, 0.87, 0.91, 0.91, 0.9, 0.91, 0.82, 0.88, 0.94, 0.88, 0.91, 0.91, 0.9, 0.87, 0.92, 0.92, 0.82, 0.92, 0.95, 0.92, 0.9, 0.94, 0.92, 0.91, 0.91, 0.9, 0.92, 0.94, 0.88, 0.91, 0.91, 0.91, 0.87, 0.94, 0.91, 0.87, 0.88, 0.91, 0.84, 0.84, 0.94, 0.9, 0.87, 0.9, 0.91, 0.87, 0.92, 0.94, 0.84, 0.88, 0.9, 0.95, 0.94


Running iteration 5 of 10 fold...
loading ensembles takes 0.103 sec
creating environment takes 0.447 sec
voting takes 4.224 sec
      accuracy, precision, recall, f_score
  mv: 0.9571, 0.9607, 0.9595, 0.9571
  wv: 0.9571, 0.9607, 0.9595, 0.9571

0.8960000000000002
0.95, 0.94, 0.9, 0.85, 0.81, 0.85, 0.88, 0.92, 0.87, 0.9, 0.91, 0.9, 0.87, 0.87, 0.9, 0.9, 0.85, 0.91, 0.88, 0.92, 0.94, 0.88, 0.92, 0.81, 0.88, 0.9, 0.95, 0.9, 0.88, 0.9, 0.88, 0.85, 0.9, 0.88, 0.9, 0.91, 0.91, 0.92, 0.88, 0.88, 0.82, 0.84, 0.91, 0.95, 0.88, 0.87, 0.95, 0.94, 0.91, 0.8, 0.95, 0.92, 0.95, 0.88, 0.87, 0.91, 0.91, 0.85, 0.9, 0.92, 0.84, 0.88, 0.91, 0.91, 0.94, 0.92, 0.82, 0.94, 0.87, 0.82, 0.84, 0.91, 0.87, 0.84, 0.87, 0.92, 0.9, 0.91, 0.88, 0.94, 0.84, 0.91, 0.92, 0.91, 0.88, 0.92, 0.94, 0.92, 0.85, 0.88, 0.94, 0.9, 0.94, 0.8, 0.92, 0.85, 0.87, 0.87, 0.9, 0.9

0.8857142857142858
0.81, 0.9, 0.85, 0.9, 0.92, 0.84, 0.85, 0.91, 0.94, 0.91, 0.91, 0.84, 0.82, 0.85, 0.88, 0.91, 0.88, 0.94, 0.87, 0.91, 0.92, 0.88, 0.85, 0.85, 0.84, 0.77, 0.87, 0.92, 0.85, 0.9, 0.8, 0.82, 0.92, 0.84, 0.9, 0.9, 0.88, 0.81, 0.91, 0.87, 0.81, 0.85, 0.88, 0.9, 0.91, 0.92, 0.84, 0.97, 0.9, 0.88, 0.91, 0.87, 0.91, 0.88, 0.88, 0.91, 0.92, 0.87, 0.85, 0.84, 0.9, 0.88, 0.88, 0.85, 0.94, 0.91, 0.91, 0.85, 0.95, 0.88, 0.91, 0.88, 0.94, 0.91, 0.9, 0.84, 0.88, 0.85, 0.97, 0.88, 0.91, 0.85, 0.92, 0.88, 0.88, 0.92, 0.84, 0.92, 0.88, 0.91, 0.8, 0.78, 0.87, 0.85, 0.94, 0.91, 0.9, 0.9, 0.81, 0.91


Running iteration 6 of 10 fold...
loading ensembles takes 0.098 sec
creating environment takes 0.446 sec
voting takes 4.215 sec
      accuracy, precision, recall, f_score
  mv: 0.9857, 0.9860, 0.9688, 0.9793
  wv: 0.9714, 0.9714, 0.9595, 0.9595

0.9555714285714285
0.9, 0.97, 0.97, 0.94, 0.94, 0.97, 0.91, 0.98, 0.98, 0.98, 0.97, 0.95, 0.95, 0.95, 0.95, 0.88, 0.94, 0.92, 0.97, 0.95, 0.94, 0.97, 0.97, 0.92, 0.94, 0.97, 0.94, 1.0, 0.94, 0.97, 0.92, 0.95, 0.95, 0.94, 0.98, 0.95, 0.95, 0.97, 0.95, 0.95, 0.94, 0.95, 0.97, 0.97, 0.98, 0.94, 0.95, 0.94, 0.94, 0.92, 0.91, 0.98, 1.0, 0.92, 0.95, 0.95, 0.95, 0.95, 0.95, 0.97, 0.97, 0.92, 0.95, 0.94, 0.97, 0.92, 0.97, 0.91, 0.97, 0.97, 0.95, 0.95, 0.94, 0.98, 0.97, 0.94, 0.95, 0.94, 0.94, 0.95, 0.97, 1.0, 0.92, 0.95, 0.95, 0.94, 0.91, 0.95, 0.97, 0.98, 0.94, 0.97, 0.97, 0.95, 0.94, 0.95, 0.94, 0.97, 0.91, 0.97

0.9572857142857142
0.97, 0.92, 0.95, 0.95, 0.92, 0.97, 1.0, 0.97, 0.98, 0.95, 0.94, 0.98, 0.97, 0.95, 0.92, 0.92, 0.94, 0.94, 0.95, 0.98, 0.97, 0.95, 0.94, 0.94, 0.94, 0.98, 0.97, 0.97, 0.95, 0.97, 0.95, 0.98, 0.98, 0.98, 0.97, 0.97, 0.97, 0.97, 0.91, 0.94, 0.98, 0.92, 0.95, 0.88, 0.95, 0.94, 0.98, 0.95, 0.95, 0.92, 0.91, 0.94, 0.95, 0.97, 0.98, 0.97, 0.95, 0.92, 0.97, 0.94, 0.92, 0.98, 0.95, 0.98, 0.95, 0.97, 0.94, 0.97, 0.91, 0.94, 0.98, 0.95, 0.92, 0.97, 0.94, 0.94, 0.97, 0.98, 0.95, 0.95, 0.97, 0.97, 0.98, 0.98, 0.97, 0.9, 0.98, 0.92, 0.95, 0.94, 0.97, 0.95, 0.94, 0.92, 0.94, 0.92, 0.94, 0.94, 0.95, 0.98


Running iteration 7 of 10 fold...
loading ensembles takes 0.099 sec
creating environment takes 0.446 sec
voting takes 4.253 sec
      accuracy, precision, recall, f_score
  mv: 0.9571, 0.9570, 0.9400, 0.9467
  wv: 0.9571, 0.9570, 0.9400, 0.9467

0.9432857142857144
0.94, 0.95, 0.91, 0.95, 0.95, 0.97, 0.94, 0.94, 0.94, 0.95, 0.92, 0.97, 0.91, 0.97, 0.9, 0.94, 0.94, 0.95, 0.92, 0.92, 0.97, 0.95, 0.92, 0.94, 0.92, 0.92, 0.91, 0.95, 0.94, 0.9, 0.91, 0.92, 0.97, 0.94, 0.97, 0.92, 0.95, 0.97, 0.95, 0.95, 0.94, 0.94, 0.92, 0.95, 0.95, 0.94, 0.97, 0.95, 0.95, 0.94, 0.92, 0.88, 0.94, 0.97, 0.95, 0.94, 0.97, 0.95, 0.97, 0.94, 0.91, 0.91, 0.94, 0.92, 0.95, 0.94, 0.95, 0.97, 0.95, 0.95, 0.94, 0.97, 0.97, 0.95, 0.94, 0.95, 0.94, 0.95, 0.95, 0.87, 0.92, 0.94, 0.91, 0.95, 0.97, 0.95, 0.92, 0.95, 0.95, 0.9, 0.95, 0.88, 0.88, 0.92, 0.87, 0.91, 0.97, 0.97, 0.95, 0.94

0.9382857142857142
0.92, 0.95, 0.95, 0.94, 0.92, 0.95, 0.94, 0.94, 0.94, 0.97, 0.97, 0.92, 0.91, 0.94, 0.92, 0.92, 0.95, 0.95, 0.94, 0.9, 0.94, 0.92, 0.9, 0.95, 0.94, 0.94, 0.94, 0.95, 0.94, 0.97, 0.94, 0.9, 0.91, 0.91, 0.94, 0.97, 0.95, 0.95, 0.9, 0.91, 0.92, 0.94, 0.91, 0.92, 0.92, 0.92, 0.92, 0.94, 0.91, 0.9, 0.94, 0.95, 0.98, 0.97, 0.95, 0.94, 0.94, 0.95, 0.95, 0.95, 0.95, 0.95, 0.95, 0.91, 0.94, 0.92, 0.92, 0.95, 0.94, 0.88, 0.95, 0.92, 0.91, 0.94, 0.88, 0.87, 0.94, 0.98, 0.94, 0.91, 0.94, 0.94, 0.95, 0.92, 0.95, 0.95, 0.92, 0.9, 0.9, 0.92, 0.95, 0.94, 0.95, 0.92, 0.91, 0.95, 0.94, 0.91, 0.97, 0.92


Running iteration 8 of 10 fold...
loading ensembles takes 0.099 sec
creating environment takes 0.445 sec
voting takes 4.310 sec
      accuracy, precision, recall, f_score
  mv: 1.0000, 1.0000, 1.0000, 1.0000
  wv: 1.0000, 1.0000, 1.0000, 1.0000

0.9778571428571428
0.95, 0.97, 0.98, 0.98, 0.98, 0.95, 0.95, 1.0, 0.98, 0.95, 0.97, 0.97, 0.98, 0.95, 1.0, 0.98, 0.98, 0.95, 0.97, 1.0, 0.98, 0.98, 0.98, 0.98, 0.95, 0.98, 0.98, 0.97, 1.0, 1.0, 0.98, 0.98, 0.97, 0.97, 0.98, 0.97, 1.0, 0.95, 0.98, 0.98, 0.97, 0.92, 0.97, 0.95, 1.0, 0.95, 0.97, 0.97, 0.97, 0.98, 0.95, 1.0, 0.98, 0.98, 0.98, 0.95, 0.97, 0.97, 0.95, 0.98, 0.98, 0.97, 0.97, 0.98, 0.98, 0.98, 0.94, 0.97, 1.0, 0.97, 0.97, 0.91, 0.98, 0.98, 1.0, 0.98, 0.94, 0.98, 0.98, 1.0, 0.98, 1.0, 0.94, 0.98, 0.98, 0.98, 0.97, 0.98, 0.98, 0.97, 0.98, 1.0, 0.98, 0.97, 1.0, 0.98, 0.97, 0.98, 0.97, 0.98

0.9787142857142856
0.95, 0.98, 0.97, 1.0, 0.97, 0.97, 0.98, 0.94, 0.98, 0.98, 0.98, 0.97, 1.0, 1.0, 0.92, 0.97, 0.97, 0.98, 0.94, 0.97, 0.98, 0.98, 0.98, 1.0, 1.0, 0.98, 0.98, 1.0, 0.97, 1.0, 0.97, 0.95, 0.97, 0.98, 0.94, 0.97, 0.97, 0.97, 1.0, 0.97, 0.98, 0.95, 0.98, 0.98, 1.0, 0.98, 0.94, 0.95, 0.98, 0.98, 0.97, 0.97, 0.98, 0.97, 0.95, 1.0, 1.0, 1.0, 0.98, 0.97, 0.98, 0.97, 0.98, 0.97, 0.94, 1.0, 0.97, 1.0, 0.98, 0.98, 0.98, 1.0, 0.97, 1.0, 0.98, 1.0, 0.98, 0.98, 0.98, 1.0, 0.98, 0.97, 0.97, 0.95, 0.94, 0.97, 1.0, 0.97, 0.98, 0.97, 0.98, 1.0, 1.0, 0.97, 0.94, 0.98, 0.98, 0.98, 0.97, 0.92


Running iteration 9 of 10 fold...
loading ensembles takes 0.098 sec
creating environment takes 0.446 sec
voting takes 4.234 sec
      accuracy, precision, recall, f_score
  mv: 1.0000, 1.0000, 1.0000, 1.0000
  wv: 1.0000, 1.0000, 1.0000, 1.0000

0.9634285714285715
0.97, 0.94, 0.97, 0.94, 0.97, 0.92, 0.97, 0.97, 0.97, 0.94, 0.94, 0.97, 0.94, 0.95, 0.95, 0.95, 0.94, 0.97, 0.98, 0.97, 0.98, 1.0, 0.97, 0.98, 0.95, 0.97, 0.97, 0.97, 0.95, 0.95, 1.0, 0.94, 0.98, 0.98, 0.97, 0.98, 0.97, 0.98, 0.98, 0.95, 1.0, 0.91, 0.94, 0.95, 0.92, 0.97, 0.98, 0.95, 0.97, 0.95, 0.94, 0.94, 0.98, 0.97, 0.94, 0.94, 0.97, 0.97, 0.92, 0.95, 1.0, 0.95, 0.97, 0.95, 0.98, 0.95, 0.97, 1.0, 0.97, 0.94, 0.94, 0.98, 0.98, 0.95, 0.97, 0.98, 0.98, 1.0, 0.97, 0.95, 0.91, 0.94, 0.95, 0.94, 0.98, 0.95, 0.97, 0.92, 1.0, 0.95, 0.97, 0.92, 0.95, 0.94, 0.94, 0.92, 0.98, 0.97, 0.94, 0.92

0.9537142857142858
0.94, 0.95, 0.94, 0.98, 0.98, 0.97, 0.94, 0.98, 0.92, 0.94, 0.97, 1.0, 0.97, 0.92, 0.97, 0.95, 0.95, 0.91, 0.92, 0.97, 0.97, 0.94, 0.97, 0.98, 0.9, 0.98, 0.92, 0.95, 0.95, 0.95, 1.0, 0.97, 0.91, 0.97, 0.94, 0.95, 0.98, 0.98, 0.92, 0.9, 0.94, 0.94, 0.94, 0.88, 0.95, 0.95, 0.95, 0.97, 0.95, 0.94, 0.9, 0.92, 0.97, 0.97, 0.95, 0.91, 0.97, 0.92, 0.92, 0.95, 0.92, 0.94, 0.98, 0.95, 0.98, 0.94, 0.94, 0.98, 0.94, 0.94, 0.92, 0.97, 0.91, 0.91, 0.95, 0.95, 0.94, 0.98, 0.94, 0.95, 0.95, 0.94, 0.98, 0.94, 0.92, 0.92, 0.97, 1.0, 0.97, 0.95, 0.97, 0.98, 0.97, 0.95, 0.94, 0.98, 0.94, 0.97, 0.9, 0.97


Running iteration 10 of 10 fold...
loading ensembles takes 0.098 sec
creating environment takes 0.445 sec
voting takes 4.148 sec
      accuracy, precision, recall, f_score
  mv: 0.9855, 0.9865, 0.9911, 0.9770
  wv: 0.9855, 0.9865, 0.9911, 0.9770

0.9666666666666669
0.98, 0.94, 0.92, 1.0, 0.98, 0.98, 0.92, 0.94, 0.97, 0.97, 0.98, 0.92, 0.94, 1.0, 0.97, 0.98, 1.0, 0.95, 0.97, 0.98, 0.98, 0.97, 0.97, 0.98, 1.0, 0.97, 0.98, 0.94, 0.92, 0.97, 0.95, 0.97, 0.94, 0.98, 0.91, 0.98, 0.97, 0.98, 0.95, 0.97, 0.95, 0.97, 0.97, 0.92, 0.97, 0.94, 0.98, 0.97, 0.98, 1.0, 0.98, 0.97, 1.0, 0.98, 0.95, 0.94, 0.92, 0.91, 0.97, 1.0, 0.95, 0.97, 0.98, 1.0, 0.97, 0.98, 0.97, 0.97, 0.98, 0.98, 0.97, 0.98, 0.98, 0.94, 0.94, 0.91, 0.97, 0.95, 0.95, 0.88, 0.92, 0.97, 0.94, 0.92, 0.97, 0.95, 0.98, 0.98, 0.98, 0.95, 0.98, 0.98, 1.0, 0.97, 0.94, 0.95, 0.97, 0.97, 0.98, 0.95

0.9656521739130436
1.0, 0.98, 0.98, 0.95, 0.95, 0.89, 0.97, 0.95, 0.98, 0.98, 0.98, 0.94, 0.97, 1.0, 0.95, 0.89, 0.97, 0.91, 0.95, 0.95, 0.95, 0.95, 0.98, 0.94, 0.98, 0.98, 0.95, 1.0, 1.0, 0.94, 1.0, 1.0, 0.97, 0.97, 0.95, 0.92, 0.95, 0.97, 0.94, 0.97, 0.94, 0.92, 0.98, 0.97, 0.97, 1.0, 0.98, 0.89, 0.98, 0.98, 0.94, 1.0, 0.95, 0.92, 0.92, 0.97, 0.98, 0.94, 0.89, 0.98, 0.95, 1.0, 0.97, 1.0, 0.97, 0.97, 0.95, 0.97, 0.97, 0.95, 0.98, 0.92, 0.95, 0.95, 0.91, 0.97, 0.97, 0.94, 0.95, 0.98, 0.97, 0.95, 1.0, 0.94, 0.98, 0.94, 0.98, 0.95, 0.98, 0.98, 1.0, 1.0, 1.0, 0.92, 0.97, 0.94, 0.95, 1.0, 0.98, 0.98

      accuracy, precision, recall, f_score
  mv: 0.9686, 0.9693, 0.9655, 0.9657
  wv: 0.9671, 0.9679, 0.9646, 0.9638
  fs: 0.0000, 0.0000, 0.0000, 0.0000
adab: 0.0000, 0.0000, 0.0000, 0.0000
eprl: 0.0000, 0.0000, 0.0000, 0.0000
ibrl: 0.0000, 0.0000, 0.0000, 0.0000

time costs: C, E, V, FS, Ada, EPRL, IBRL
       0.09, 0.44, 4.22, 0.0, 0.0, 0.0, 0.0
FS size: 0.00000, EPRL size: 0.00000, IBRL size: 0.00000
full test avg accu: 0.93464, part test avg accu: 0.92621
