{'dataset': 'bw', 'algorithm': 'ptdqn', 'num_clf': 100, 'num_training': 10000, 'learning_rate': 0.1, 'discount_factor': 1.0, 'epsilon': 0.1, 'random_state': 6666, 'portion': 0.5, 'sequential': False}
reading data takes 0.309 sec
data shape: (699, 10)
number of labels: 2

Running iteration 1 of 10 fold...
loading ensembles takes 0.930 sec
creating environment takes 0.972 sec
voting takes 5.931 sec
      accuracy, precision, recall, f_score
  mv: 0.9000, 0.9003, 0.9000, 0.9000
  wv: 0.9000, 0.9003, 0.9000, 0.9000

0.8501428571428572
0.82, 0.81, 0.85, 0.9, 0.82, 0.75, 0.78, 0.9, 0.77, 0.81, 0.91, 0.9, 0.84, 0.8, 0.91, 0.92, 0.8, 0.82, 0.81, 0.9, 0.82, 0.77, 0.88, 0.91, 0.81, 0.78, 0.84, 0.9, 0.78, 0.78, 0.85, 0.91, 0.84, 0.85, 0.9, 0.92, 0.87, 0.77, 0.85, 0.92, 0.82, 0.77, 0.81, 0.92, 0.84, 0.72, 0.85, 0.91, 0.82, 0.8, 0.81, 0.91, 0.85, 0.78, 0.85, 0.91, 0.81, 0.82, 0.84, 0.9, 0.9, 0.78, 0.9, 0.9, 0.82, 0.77, 0.88, 0.91, 0.85, 0.77, 0.85, 0.91, 0.87, 0.8, 0.84, 0.92, 0.84, 0.84, 0.87, 0.9, 0.87, 0.78, 0.85, 0.91, 0.82, 0.78, 0.81, 0.91, 0.81, 0.8, 0.88, 0.9, 0.84, 0.8, 0.85, 0.9, 0.88, 0.81, 0.85, 0.91

0.8370000000000001
0.77, 0.78, 0.84, 0.91, 0.88, 0.81, 0.91, 0.91, 0.77, 0.75, 0.8, 0.9, 0.78, 0.65, 0.92, 0.91, 0.84, 0.78, 0.87, 0.9, 0.82, 0.75, 0.9, 0.88, 0.88, 0.75, 0.81, 0.91, 0.78, 0.81, 0.88, 0.91, 0.78, 0.72, 0.88, 0.9, 0.85, 0.84, 0.91, 0.9, 0.75, 0.78, 0.82, 0.9, 0.75, 0.88, 0.84, 0.88, 0.81, 0.77, 0.88, 0.9, 0.88, 0.8, 0.87, 0.9, 0.8, 0.74, 0.78, 0.9, 0.88, 0.72, 0.87, 0.9, 0.82, 0.74, 0.87, 0.92, 0.81, 0.8, 0.87, 0.91, 0.81, 0.74, 0.81, 0.9, 0.74, 0.77, 0.84, 0.94, 0.77, 0.7, 0.8, 0.91, 0.8, 0.74, 0.9, 0.9, 0.82, 0.77, 0.82, 0.9, 0.78, 0.74, 0.82, 0.91, 0.92, 0.74, 0.81, 0.94


Running iteration 2 of 10 fold...
loading ensembles takes 0.869 sec
creating environment takes 0.879 sec
voting takes 6.051 sec
      accuracy, precision, recall, f_score
  mv: 1.0000, 1.0000, 1.0000, 1.0000
  wv: 1.0000, 1.0000, 1.0000, 1.0000

0.9538571428571428
0.91, 0.85, 0.98, 0.98, 0.92, 0.97, 0.98, 0.98, 0.94, 0.9, 0.94, 0.97, 0.92, 0.95, 1.0, 0.98, 0.91, 0.9, 0.95, 0.98, 0.9, 0.9, 0.97, 0.98, 0.9, 0.91, 1.0, 0.98, 0.94, 0.92, 0.98, 0.98, 0.95, 0.9, 0.98, 0.98, 0.88, 0.92, 0.98, 0.98, 0.97, 0.91, 0.97, 0.98, 0.91, 0.87, 0.98, 0.97, 0.97, 0.95, 0.98, 0.97, 0.88, 0.91, 0.95, 0.98, 0.94, 0.9, 0.98, 0.98, 0.9, 0.94, 0.98, 0.98, 0.92, 0.9, 0.98, 0.98, 0.94, 0.91, 0.98, 0.97, 0.92, 0.94, 0.95, 0.98, 0.94, 0.88, 0.98, 0.98, 0.92, 0.97, 0.97, 0.98, 0.97, 0.97, 1.0, 0.98, 0.92, 0.95, 0.98, 0.98, 0.95, 0.92, 0.98, 0.98, 0.92, 0.91, 0.98, 0.97

0.9198571428571429
0.87, 0.8, 0.97, 0.97, 0.91, 0.87, 0.95, 0.98, 0.9, 0.87, 0.94, 0.98, 0.92, 0.9, 0.92, 1.0, 0.88, 0.87, 0.94, 0.98, 0.92, 0.85, 0.97, 0.97, 0.87, 0.78, 0.98, 0.98, 0.95, 0.85, 0.97, 0.97, 0.92, 0.88, 0.95, 0.95, 0.9, 0.9, 0.97, 0.97, 0.88, 0.87, 0.95, 0.95, 0.9, 0.85, 0.97, 0.98, 0.85, 0.82, 0.95, 0.97, 0.97, 0.84, 0.97, 0.95, 0.91, 0.75, 1.0, 0.98, 0.91, 0.74, 0.97, 0.98, 0.88, 0.38, 1.0, 0.95, 0.91, 0.9, 1.0, 0.97, 0.94, 0.85, 0.97, 0.98, 0.92, 0.87, 0.97, 1.0, 0.85, 0.87, 0.98, 0.97, 0.9, 0.75, 0.98, 0.97, 0.94, 0.84, 0.97, 0.98, 0.85, 0.81, 0.97, 0.97, 0.94, 0.82, 0.95, 0.97


Running iteration 3 of 10 fold...
loading ensembles takes 0.883 sec
creating environment takes 0.882 sec
voting takes 5.804 sec
      accuracy, precision, recall, f_score
  mv: 0.9857, 0.9862, 0.9886, 0.9848
  wv: 0.9857, 0.9862, 0.9886, 0.9848

0.9652857142857144
0.98, 0.98, 0.98, 0.95, 0.9, 0.97, 0.97, 0.95, 0.95, 0.97, 0.95, 0.95, 0.95, 0.97, 0.98, 0.95, 0.92, 0.92, 0.98, 0.95, 0.97, 0.97, 0.98, 0.95, 0.92, 0.98, 0.98, 0.95, 0.95, 0.97, 0.97, 0.95, 0.98, 0.92, 0.98, 0.95, 0.97, 0.97, 0.98, 0.95, 0.94, 0.95, 0.97, 0.95, 0.95, 0.94, 0.98, 0.95, 0.95, 0.95, 0.98, 0.95, 0.98, 0.97, 0.98, 0.95, 0.94, 0.98, 0.98, 0.95, 0.91, 0.94, 0.98, 0.95, 0.95, 0.97, 0.98, 0.95, 0.98, 0.95, 0.98, 0.95, 0.97, 0.97, 0.98, 0.95, 0.94, 0.98, 0.98, 0.95, 0.94, 0.95, 0.98, 0.95, 0.98, 0.97, 0.98, 0.95, 0.95, 0.94, 0.98, 0.95, 0.95, 0.98, 0.98, 0.95, 0.97, 0.97, 0.97, 0.95

0.9527142857142857
0.95, 0.94, 0.97, 0.95, 0.98, 0.94, 0.97, 0.95, 0.95, 0.97, 0.98, 0.95, 0.88, 0.94, 0.97, 0.95, 0.97, 0.92, 0.97, 0.95, 0.95, 0.94, 0.98, 0.95, 0.95, 0.94, 0.97, 0.95, 0.97, 0.91, 0.98, 0.95, 0.98, 0.92, 0.98, 0.95, 0.94, 0.94, 0.98, 0.95, 0.94, 0.94, 0.95, 0.95, 0.95, 0.85, 0.92, 0.95, 0.95, 0.92, 0.95, 0.95, 0.97, 0.94, 0.98, 0.95, 0.95, 0.97, 0.98, 0.95, 0.9, 0.94, 0.98, 0.95, 0.92, 0.92, 0.98, 0.95, 0.92, 0.91, 0.95, 0.95, 0.97, 0.92, 1.0, 0.95, 0.94, 0.9, 0.98, 0.95, 0.94, 0.95, 0.95, 0.95, 0.95, 0.85, 0.98, 0.95, 0.94, 0.91, 0.98, 0.95, 0.94, 0.88, 0.97, 0.95, 0.94, 0.91, 0.98, 0.95


Running iteration 4 of 10 fold...
loading ensembles takes 0.911 sec
creating environment takes 1.017 sec
voting takes 5.843 sec
      accuracy, precision, recall, f_score
  mv: 0.9286, 0.9287, 0.9268, 0.9278
  wv: 0.9286, 0.9287, 0.9268, 0.9278

0.9275714285714285
0.9, 0.94, 0.95, 0.92, 0.92, 0.92, 0.92, 0.92, 0.92, 0.94, 0.92, 0.92, 0.91, 0.94, 0.94, 0.92, 0.94, 0.94, 0.95, 0.92, 0.9, 0.92, 0.92, 0.92, 0.94, 0.94, 0.94, 0.92, 0.94, 0.92, 0.97, 0.92, 0.92, 0.95, 0.91, 0.92, 0.9, 0.92, 0.94, 0.92, 0.9, 0.92, 0.94, 0.92, 0.92, 0.95, 0.92, 0.91, 0.94, 0.88, 0.94, 0.92, 0.92, 0.92, 0.91, 0.91, 0.94, 0.9, 0.92, 0.92, 0.88, 0.94, 0.94, 0.91, 0.9, 0.92, 0.91, 0.92, 0.91, 0.92, 0.91, 0.92, 0.91, 0.94, 0.92, 0.92, 0.92, 0.84, 0.94, 0.9, 0.94, 0.91, 0.94, 0.92, 0.88, 0.92, 0.92, 0.92, 0.87, 0.94, 0.94, 0.92, 0.91, 0.95, 0.92, 0.91, 0.92, 0.94, 0.95, 0.92

0.9165714285714286
0.94, 0.92, 0.94, 0.91, 0.9, 0.88, 0.94, 0.91, 0.91, 0.91, 0.92, 0.92, 0.88, 0.88, 0.95, 0.94, 0.92, 0.92, 0.95, 0.9, 0.92, 0.92, 0.91, 0.92, 0.9, 0.84, 0.92, 0.94, 0.87, 0.87, 0.94, 0.92, 0.94, 0.9, 0.92, 0.92, 0.88, 0.87, 0.92, 0.92, 0.94, 0.92, 0.92, 0.91, 0.91, 0.9, 0.94, 0.9, 0.87, 0.87, 0.9, 0.92, 0.91, 0.87, 0.94, 0.91, 0.88, 0.91, 0.92, 0.92, 0.87, 0.88, 0.92, 0.92, 0.92, 0.94, 0.92, 0.91, 0.94, 0.9, 0.94, 0.92, 0.9, 0.88, 0.94, 0.92, 0.91, 0.9, 0.94, 0.91, 0.94, 0.85, 0.94, 0.92, 0.91, 0.91, 0.94, 0.92, 0.9, 0.87, 0.92, 0.92, 0.87, 0.92, 0.94, 0.91, 0.88, 0.94, 0.94, 0.92


Running iteration 5 of 10 fold...
loading ensembles takes 0.881 sec
creating environment takes 0.904 sec
voting takes 5.833 sec
      accuracy, precision, recall, f_score
  mv: 0.9571, 0.9607, 0.9595, 0.9571
  wv: 0.9571, 0.9607, 0.9595, 0.9571

0.926
0.95, 0.85, 0.95, 0.95, 0.81, 0.87, 0.94, 0.95, 0.87, 0.91, 0.92, 0.95, 0.87, 0.91, 0.94, 0.95, 0.85, 0.88, 0.92, 0.95, 0.94, 0.91, 0.94, 0.95, 0.88, 0.92, 0.94, 0.95, 0.88, 0.91, 0.95, 0.95, 0.9, 0.92, 0.95, 0.95, 0.91, 0.91, 0.95, 0.95, 0.82, 0.9, 0.97, 0.95, 0.88, 0.9, 0.97, 0.95, 0.91, 0.9, 0.95, 0.95, 0.95, 0.9, 0.95, 0.94, 0.91, 0.9, 0.97, 0.95, 0.84, 0.91, 0.98, 0.95, 0.94, 0.92, 0.92, 0.95, 0.87, 0.91, 0.95, 0.95, 0.87, 0.92, 0.94, 0.95, 0.9, 0.92, 0.91, 0.95, 0.84, 0.92, 0.92, 0.95, 0.88, 0.92, 0.97, 0.95, 0.85, 0.9, 0.91, 0.95, 0.94, 0.88, 0.94, 0.95, 0.87, 0.9, 0.98, 0.95

0.9214285714285717
0.81, 0.92, 0.94, 0.95, 0.92, 0.94, 0.95, 0.95, 0.94, 0.9, 0.94, 0.95, 0.82, 0.91, 0.94, 0.95, 0.88, 0.77, 0.94, 0.95, 0.92, 0.85, 0.94, 0.95, 0.84, 0.85, 0.92, 0.95, 0.85, 0.94, 0.95, 0.95, 0.92, 0.88, 0.95, 0.95, 0.88, 0.88, 0.95, 0.95, 0.81, 0.91, 0.94, 0.95, 0.91, 0.84, 0.92, 0.95, 0.9, 0.92, 0.94, 0.95, 0.91, 0.87, 0.94, 0.95, 0.92, 0.9, 0.94, 0.95, 0.9, 0.84, 0.92, 0.95, 0.94, 0.9, 0.94, 0.95, 0.95, 0.94, 0.94, 0.95, 0.94, 0.91, 0.94, 0.95, 0.88, 0.92, 0.94, 0.94, 0.91, 0.88, 0.95, 0.95, 0.88, 0.8, 0.92, 0.95, 0.88, 0.91, 0.94, 0.95, 0.87, 0.87, 0.94, 0.94, 0.9, 0.9, 0.95, 0.95


Running iteration 6 of 10 fold...
loading ensembles takes 0.995 sec
creating environment takes 1.009 sec
voting takes 5.855 sec
      accuracy, precision, recall, f_score
  mv: 0.9571, 0.9586, 0.9502, 0.9405
  wv: 0.9571, 0.9586, 0.9502, 0.9405

0.961142857142857
0.9, 0.94, 0.95, 0.97, 0.94, 0.94, 0.97, 0.95, 0.98, 0.95, 0.95, 0.95, 0.95, 0.97, 0.98, 0.97, 0.94, 0.94, 0.98, 0.97, 0.94, 0.95, 0.97, 0.95, 0.94, 0.92, 1.0, 0.95, 0.94, 0.95, 1.0, 0.95, 0.95, 0.94, 0.97, 0.95, 0.95, 0.9, 1.0, 0.97, 0.94, 0.95, 0.98, 0.95, 0.98, 0.92, 0.97, 0.95, 0.94, 0.88, 0.97, 0.95, 1.0, 0.98, 1.0, 0.95, 0.95, 0.95, 0.98, 0.97, 0.97, 0.97, 0.95, 0.95, 0.97, 0.94, 0.97, 0.95, 0.97, 0.95, 0.97, 0.95, 0.94, 0.97, 0.97, 0.97, 0.95, 0.94, 0.97, 0.97, 0.97, 0.95, 0.98, 0.95, 0.95, 0.94, 0.98, 0.95, 0.97, 0.95, 0.97, 0.95, 0.97, 0.94, 0.98, 0.95, 0.94, 0.94, 0.97, 0.97

0.9488571428571428
0.97, 0.97, 0.97, 0.95, 0.92, 0.94, 0.97, 0.95, 0.98, 0.82, 0.97, 0.95, 0.97, 0.92, 0.98, 0.95, 0.94, 0.91, 0.98, 0.95, 0.97, 0.95, 0.98, 0.97, 0.94, 0.92, 0.98, 0.95, 0.95, 0.95, 0.98, 0.97, 0.98, 0.88, 0.97, 0.97, 0.97, 0.91, 0.98, 0.98, 0.98, 0.85, 0.95, 0.95, 0.95, 0.95, 0.97, 0.95, 0.95, 0.97, 0.97, 0.95, 0.95, 0.81, 0.94, 0.94, 0.95, 0.94, 0.98, 0.97, 0.92, 0.77, 0.97, 0.95, 0.95, 0.84, 0.97, 0.97, 0.91, 0.94, 0.98, 0.95, 0.92, 0.9, 0.98, 0.95, 0.97, 0.91, 0.97, 0.95, 0.97, 0.88, 0.98, 0.95, 0.97, 0.94, 0.98, 0.94, 0.95, 0.77, 0.98, 0.95, 0.94, 0.92, 0.98, 0.97, 0.94, 0.82, 0.97, 0.97


Running iteration 7 of 10 fold...
loading ensembles takes 0.896 sec
creating environment takes 0.894 sec
voting takes 5.912 sec
      accuracy, precision, recall, f_score
  mv: 0.9714, 0.9714, 0.9650, 0.9650
  wv: 0.9714, 0.9714, 0.9650, 0.9650

0.9508571428571431
0.94, 0.9, 0.95, 0.97, 0.95, 0.85, 0.95, 0.97, 0.94, 0.92, 0.97, 0.97, 0.91, 0.9, 0.98, 0.97, 0.94, 0.97, 0.97, 0.95, 0.97, 0.9, 0.97, 0.97, 0.92, 0.95, 0.95, 0.97, 0.94, 0.94, 0.95, 0.97, 0.97, 0.92, 0.95, 0.95, 0.95, 0.95, 0.95, 0.95, 0.94, 0.91, 0.98, 0.95, 0.95, 0.95, 0.97, 0.97, 0.95, 0.94, 0.97, 0.97, 0.94, 0.92, 0.95, 0.95, 0.97, 0.9, 0.97, 0.97, 0.91, 0.97, 0.95, 0.97, 0.95, 0.94, 0.95, 0.97, 0.95, 0.92, 0.98, 0.97, 0.97, 0.92, 0.94, 0.97, 0.94, 0.95, 0.95, 0.97, 0.92, 0.95, 0.97, 0.94, 0.97, 0.91, 0.95, 0.95, 0.95, 0.84, 0.95, 0.95, 0.88, 0.9, 0.95, 0.97, 0.97, 0.92, 0.92, 0.97

0.9365714285714284
0.92, 0.97, 0.94, 0.94, 0.92, 0.92, 0.92, 0.95, 0.94, 0.88, 0.94, 0.95, 0.91, 0.91, 0.94, 0.94, 0.95, 0.94, 0.94, 0.94, 0.94, 0.9, 0.95, 0.97, 0.94, 0.92, 0.94, 0.97, 0.94, 0.9, 0.94, 0.97, 0.91, 0.88, 0.94, 0.97, 0.95, 0.94, 0.95, 0.95, 0.92, 0.91, 0.94, 0.97, 0.92, 0.9, 0.94, 0.95, 0.91, 0.95, 0.94, 0.95, 0.98, 0.75, 0.95, 0.95, 0.94, 0.88, 0.92, 0.97, 0.95, 0.82, 0.92, 0.95, 0.94, 0.94, 0.94, 0.94, 0.94, 0.94, 0.94, 0.97, 0.91, 0.94, 0.95, 0.95, 0.94, 0.84, 0.94, 0.97, 0.94, 0.88, 0.94, 0.94, 0.95, 0.91, 0.95, 0.94, 0.9, 0.94, 0.94, 0.97, 0.95, 0.84, 0.94, 0.95, 0.94, 0.92, 0.94, 0.94


Running iteration 8 of 10 fold...
loading ensembles takes 0.890 sec
creating environment takes 0.864 sec
voting takes 5.861 sec
      accuracy, precision, recall, f_score
  mv: 1.0000, 1.0000, 1.0000, 1.0000
  wv: 0.9857, 0.9869, 0.9915, 0.9740

0.9771428571428572
0.95, 0.95, 1.0, 0.97, 0.98, 0.97, 1.0, 0.97, 0.98, 0.98, 1.0, 0.97, 0.98, 0.97, 0.98, 0.97, 0.98, 0.97, 1.0, 0.97, 0.98, 0.97, 0.97, 0.97, 0.95, 0.98, 0.98, 0.97, 1.0, 0.95, 0.97, 0.97, 0.97, 0.95, 0.95, 0.97, 1.0, 0.97, 1.0, 0.97, 0.97, 0.98, 0.95, 0.97, 1.0, 0.97, 1.0, 0.98, 0.97, 0.98, 1.0, 0.97, 0.98, 0.97, 0.98, 0.97, 0.97, 0.95, 0.97, 0.97, 0.98, 0.95, 0.97, 0.97, 0.98, 0.98, 1.0, 0.97, 1.0, 0.97, 1.0, 0.97, 0.98, 0.97, 0.98, 0.97, 0.94, 0.97, 0.98, 0.97, 0.98, 0.94, 0.95, 0.97, 0.98, 0.95, 0.98, 0.97, 0.98, 0.95, 0.98, 0.97, 0.98, 0.98, 0.98, 0.97, 0.97, 0.97, 1.0, 0.97

0.9724285714285713
0.95, 0.95, 0.98, 0.97, 0.97, 0.95, 0.98, 0.97, 0.98, 0.97, 1.0, 0.97, 1.0, 0.97, 0.98, 0.98, 0.97, 0.94, 0.98, 0.95, 0.98, 0.97, 1.0, 0.95, 1.0, 0.92, 1.0, 0.97, 0.97, 0.84, 0.98, 0.98, 0.97, 0.87, 0.98, 0.98, 0.97, 0.98, 0.98, 0.97, 0.98, 0.94, 0.98, 0.97, 1.0, 0.95, 0.97, 0.97, 0.98, 0.94, 0.98, 0.98, 0.98, 0.97, 0.98, 0.98, 1.0, 0.95, 1.0, 0.97, 0.98, 0.92, 0.98, 0.95, 0.94, 0.94, 1.0, 0.98, 0.98, 0.98, 0.97, 0.97, 0.97, 0.95, 1.0, 0.98, 0.98, 0.94, 1.0, 0.97, 0.98, 0.94, 1.0, 0.97, 0.94, 0.94, 1.0, 0.95, 0.98, 0.92, 0.98, 0.97, 1.0, 0.97, 1.0, 0.97, 0.98, 0.97, 0.95, 0.95


Running iteration 9 of 10 fold...
loading ensembles takes 0.936 sec
creating environment takes 0.944 sec
voting takes 5.848 sec
      accuracy, precision, recall, f_score
  mv: 1.0000, 1.0000, 1.0000, 1.0000
  wv: 1.0000, 1.0000, 1.0000, 1.0000

0.9851428571428571
0.97, 0.95, 0.98, 1.0, 0.97, 0.98, 0.97, 1.0, 0.97, 0.98, 1.0, 1.0, 0.94, 1.0, 0.98, 1.0, 0.94, 0.97, 1.0, 1.0, 0.98, 0.98, 1.0, 1.0, 0.95, 0.98, 0.98, 1.0, 0.95, 1.0, 1.0, 0.97, 0.98, 0.98, 0.98, 1.0, 0.97, 1.0, 1.0, 1.0, 1.0, 0.97, 1.0, 1.0, 0.92, 1.0, 0.97, 1.0, 0.97, 1.0, 0.98, 1.0, 0.98, 1.0, 0.98, 1.0, 0.97, 1.0, 0.98, 1.0, 1.0, 0.98, 1.0, 1.0, 0.98, 0.98, 0.97, 1.0, 0.97, 0.95, 0.97, 1.0, 0.98, 0.98, 0.97, 1.0, 0.98, 0.97, 1.0, 1.0, 0.91, 0.97, 0.98, 1.0, 0.98, 0.98, 0.95, 1.0, 1.0, 0.95, 1.0, 1.0, 0.95, 1.0, 0.97, 1.0, 0.98, 0.97, 0.98, 1.0

0.967142857142857
0.94, 0.91, 1.0, 1.0, 0.98, 0.88, 1.0, 1.0, 0.92, 0.95, 1.0, 1.0, 0.97, 0.9, 1.0, 1.0, 0.95, 0.88, 0.95, 0.97, 0.97, 0.98, 1.0, 1.0, 0.9, 0.98, 0.98, 1.0, 0.95, 0.98, 1.0, 1.0, 0.91, 0.98, 1.0, 1.0, 0.98, 0.98, 1.0, 1.0, 0.94, 0.9, 1.0, 1.0, 0.95, 0.92, 1.0, 1.0, 0.95, 0.97, 1.0, 1.0, 0.97, 0.97, 0.98, 1.0, 0.97, 1.0, 1.0, 1.0, 0.92, 0.98, 1.0, 1.0, 0.98, 0.97, 1.0, 1.0, 0.94, 1.0, 1.0, 1.0, 0.91, 0.92, 1.0, 1.0, 0.94, 0.98, 0.97, 1.0, 0.95, 0.88, 1.0, 1.0, 0.92, 0.91, 1.0, 1.0, 0.97, 0.88, 0.98, 1.0, 0.97, 0.32, 1.0, 0.98, 0.94, 0.95, 0.98, 1.0


Running iteration 10 of 10 fold...
loading ensembles takes 0.976 sec
creating environment takes 0.907 sec
voting takes 5.768 sec
      accuracy, precision, recall, f_score
  mv: 0.9855, 0.9865, 0.9911, 0.9770
  wv: 0.9855, 0.9865, 0.9911, 0.9770

0.975072463768116
0.98, 0.95, 0.98, 0.94, 0.98, 1.0, 0.97, 0.97, 0.97, 1.0, 0.98, 0.97, 0.94, 0.98, 0.98, 0.97, 1.0, 1.0, 0.98, 0.97, 0.98, 0.98, 1.0, 0.97, 1.0, 0.98, 0.98, 0.97, 0.92, 1.0, 0.97, 0.94, 0.94, 0.98, 0.98, 0.97, 0.97, 0.95, 0.98, 0.97, 0.95, 1.0, 0.98, 0.97, 0.97, 0.98, 0.98, 0.97, 0.98, 1.0, 1.0, 0.97, 1.0, 1.0, 0.98, 0.97, 0.92, 0.98, 0.97, 0.97, 0.95, 1.0, 0.98, 0.97, 0.97, 0.97, 0.98, 0.97, 0.98, 0.98, 1.0, 0.97, 0.98, 0.94, 0.97, 0.97, 0.97, 0.98, 0.98, 0.97, 0.92, 0.98, 0.97, 0.97, 0.97, 1.0, 0.97, 0.97, 0.98, 0.94, 0.98, 0.97, 1.0, 0.82, 0.98, 0.97, 0.97, 0.95, 0.98, 0.97

0.9617391304347828
1.0, 0.97, 1.0, 0.97, 0.95, 0.95, 1.0, 0.97, 0.98, 0.97, 1.0, 0.97, 0.97, 0.78, 1.0, 0.97, 0.97, 0.95, 1.0, 0.97, 0.95, 0.95, 1.0, 0.97, 0.98, 0.85, 0.98, 0.97, 1.0, 0.88, 1.0, 0.97, 0.97, 0.49, 1.0, 0.97, 0.95, 0.92, 1.0, 0.97, 0.94, 1.0, 1.0, 0.94, 0.97, 0.56, 1.0, 0.94, 0.98, 0.98, 1.0, 0.97, 0.95, 0.98, 1.0, 0.97, 0.98, 1.0, 1.0, 0.97, 0.95, 0.86, 1.0, 0.97, 0.97, 0.85, 1.0, 0.97, 0.97, 0.97, 1.0, 0.97, 0.95, 0.97, 0.98, 0.97, 0.97, 0.97, 1.0, 0.97, 0.97, 0.97, 1.0, 0.97, 0.98, 0.94, 1.0, 0.97, 0.98, 0.98, 0.95, 0.97, 1.0, 0.98, 0.98, 0.97, 0.95, 0.91, 1.0, 0.97

      accuracy, precision, recall, f_score
  mv: 0.9686, 0.9693, 0.9681, 0.9652
  wv: 0.9671, 0.9679, 0.9673, 0.9626
  fs: 0.0000, 0.0000, 0.0000, 0.0000
adab: 0.0000, 0.0000, 0.0000, 0.0000
eprl: 0.0000, 0.0000, 0.0000, 0.0000
ibrl: 0.0000, 0.0000, 0.0000, 0.0000

time costs: C, E, V, FS, Ada, EPRL, IBRL
       0.91, 0.92, 5.87, 0.0, 0.0, 0.0, 0.0
FS size: 0.00000, EPRL size: 0.00000, IBRL size: 0.00000
full test avg accu: 0.94722, part test avg accu: 0.93343
