{'dataset': 'bw', 'algorithm': 'ptdqn', 'num_clf': 100, 'num_training': 10000, 'learning_rate': 0.1, 'discount_factor': 1.0, 'epsilon': 0.1, 'random_state': 6666, 'portion': 0.5, 'sequential': False}
reading data takes 0.303 sec
data shape: (699, 10)
number of labels: 2

Running iteration 1 of 10 fold...
training ensembles takes 0.702 sec
creating environment takes 0.380 sec
voting takes 4.351 sec
      accuracy, precision, recall, f_score
  mv: 0.8429, 0.8571, 0.8429, 0.8413
  wv: 0.8857, 0.8908, 0.8857, 0.8853

0.83
0.88, 0.84, 0.82, 0.82, 0.88, 0.87, 0.87, 0.85, 0.78, 0.85, 0.87, 0.87, 0.87, 0.88, 0.91, 0.84, 0.88, 0.94, 0.87, 0.87, 0.92, 0.85, 0.85, 0.87, 0.92, 0.81, 0.85, 0.85, 0.85, 0.85, 0.87, 0.88, 0.85, 0.81, 0.81, 0.8, 0.85, 0.8, 0.74, 0.81, 0.77, 0.78, 0.78, 0.84, 0.78, 0.75, 0.74, 0.75, 0.78, 0.78, 0.75, 0.78, 0.74, 0.78, 0.77, 0.8, 0.78, 0.8, 0.72, 0.77, 0.77, 0.75, 0.8, 0.77, 0.77, 0.81, 0.8, 0.8, 0.82, 0.85, 0.78, 0.87, 0.84, 0.77, 0.88, 0.84, 0.82, 0.84, 0.88, 0.8, 0.84, 0.85, 0.85, 0.91, 0.9, 0.87, 0.87, 0.87, 0.8, 0.88, 0.81, 0.81, 0.81, 0.8, 0.82, 0.78, 0.81, 0.82, 0.82, 0.85

0.8020000000000002
0.85, 0.87, 0.8, 0.88, 0.87, 0.82, 0.81, 0.85, 0.87, 0.85, 0.85, 0.85, 0.85, 0.84, 0.85, 0.82, 0.88, 0.8, 0.82, 0.78, 0.84, 0.84, 0.9, 0.78, 0.85, 0.9, 0.75, 0.78, 0.87, 0.82, 0.87, 0.81, 0.87, 0.84, 0.75, 0.8, 0.74, 0.75, 0.75, 0.81, 0.74, 0.81, 0.78, 0.77, 0.72, 0.77, 0.65, 0.72, 0.77, 0.85, 0.78, 0.7, 0.75, 0.77, 0.8, 0.75, 0.78, 0.75, 0.78, 0.75, 0.72, 0.75, 0.71, 0.78, 0.74, 0.77, 0.8, 0.77, 0.81, 0.77, 0.82, 0.81, 0.78, 0.77, 0.78, 0.82, 0.77, 0.84, 0.87, 0.77, 0.78, 0.75, 0.75, 0.8, 0.78, 0.87, 0.82, 0.78, 0.84, 0.77, 0.81, 0.81, 0.78, 0.81, 0.75, 0.77, 0.78, 0.75, 0.78, 0.8


Running iteration 2 of 10 fold...
training ensembles takes 0.680 sec
creating environment takes 0.388 sec
voting takes 4.397 sec
      accuracy, precision, recall, f_score
  mv: 0.9857, 0.9860, 0.9815, 0.9848
  wv: 0.9857, 0.9860, 0.9815, 0.9848

0.9190000000000002
0.94, 0.95, 0.97, 0.97, 0.94, 0.92, 0.94, 0.94, 0.92, 0.97, 0.92, 0.94, 0.94, 0.92, 0.94, 0.97, 0.94, 0.97, 0.95, 0.95, 0.95, 0.97, 0.94, 0.94, 0.92, 0.94, 0.92, 0.88, 0.92, 0.95, 0.98, 0.95, 0.91, 0.88, 1.0, 0.97, 0.97, 0.91, 0.92, 0.94, 0.95, 0.92, 0.94, 0.94, 0.98, 0.94, 0.97, 0.94, 0.94, 0.97, 0.94, 0.97, 0.94, 0.95, 0.98, 0.95, 0.97, 0.97, 0.95, 0.95, 0.98, 0.94, 0.97, 0.9, 0.95, 0.98, 0.95, 0.92, 0.84, 0.87, 0.87, 0.88, 0.84, 0.84, 0.81, 0.85, 0.81, 0.84, 0.88, 0.85, 0.87, 0.88, 0.81, 0.81, 0.88, 0.85, 0.85, 0.85, 0.84, 0.82, 0.82, 0.84, 0.85, 0.91, 0.84, 0.82, 0.91, 0.85, 0.81, 0.84

0.9007142857142857
0.91, 0.91, 0.91, 0.91, 0.92, 0.9, 0.9, 0.92, 0.94, 0.92, 0.9, 0.91, 0.92, 0.88, 0.92, 0.91, 0.94, 0.85, 0.9, 0.95, 0.91, 0.87, 0.91, 0.92, 0.9, 0.91, 0.94, 0.87, 0.88, 0.9, 0.92, 0.92, 0.94, 0.94, 0.97, 0.91, 0.94, 0.91, 0.97, 0.94, 0.91, 0.85, 0.95, 0.92, 0.95, 0.98, 0.92, 0.98, 0.97, 0.91, 0.94, 0.92, 0.97, 0.95, 0.97, 0.95, 0.94, 0.94, 0.91, 0.87, 0.94, 0.91, 0.9, 0.9, 0.95, 0.94, 0.88, 0.91, 0.84, 0.9, 0.85, 0.84, 0.84, 0.85, 0.82, 0.85, 0.82, 0.9, 0.84, 0.82, 0.87, 0.85, 0.87, 0.84, 0.8, 0.81, 0.85, 0.82, 0.84, 0.8, 0.84, 0.84, 0.85, 0.9, 0.85, 0.84, 0.87, 0.84, 0.81, 0.87


Running iteration 3 of 10 fold...
training ensembles takes 0.685 sec
creating environment takes 0.386 sec
voting takes 4.293 sec
      accuracy, precision, recall, f_score
  mv: 0.9714, 0.9714, 0.9694, 0.9694
  wv: 0.9857, 0.9862, 0.9886, 0.9848

0.9357142857142858
0.95, 0.92, 0.94, 0.97, 0.94, 0.95, 0.95, 0.94, 0.97, 0.97, 0.97, 0.97, 0.98, 0.97, 0.94, 0.94, 0.97, 0.95, 0.97, 0.97, 0.92, 0.98, 0.95, 0.97, 0.97, 0.98, 0.97, 0.95, 0.97, 0.95, 0.97, 0.97, 0.91, 0.92, 0.91, 0.95, 0.97, 0.95, 0.95, 0.94, 0.9, 0.91, 0.94, 0.95, 0.91, 0.9, 0.94, 0.97, 0.92, 0.9, 0.95, 0.97, 0.94, 0.94, 0.95, 0.92, 0.94, 0.94, 0.95, 0.94, 0.92, 0.94, 0.91, 0.91, 0.95, 0.92, 0.92, 0.92, 0.92, 0.91, 0.92, 0.88, 0.91, 0.88, 0.9, 0.91, 0.92, 0.91, 0.9, 0.91, 0.91, 0.92, 0.9, 0.87, 0.92, 0.91, 0.9, 0.9, 0.87, 0.88, 0.94, 0.88, 0.91, 0.94, 0.91, 0.91, 0.88, 0.88, 0.9, 0.9

0.9241428571428573
0.92, 0.94, 0.97, 0.95, 0.91, 0.9, 0.92, 0.95, 0.92, 0.94, 0.95, 0.95, 0.91, 0.98, 0.92, 0.95, 0.97, 0.94, 0.9, 0.97, 0.92, 0.94, 0.95, 0.92, 0.94, 0.94, 0.97, 0.94, 0.97, 0.97, 0.91, 0.95, 0.94, 0.94, 0.95, 0.92, 0.94, 0.94, 0.9, 0.97, 0.88, 0.94, 0.92, 0.88, 0.91, 0.92, 0.92, 0.92, 0.91, 0.88, 0.9, 0.92, 0.95, 0.92, 0.91, 0.87, 0.9, 0.95, 0.92, 0.88, 0.91, 0.92, 0.94, 0.94, 0.91, 0.94, 0.94, 0.91, 0.94, 0.88, 0.9, 0.88, 0.91, 0.9, 0.88, 0.88, 0.9, 0.9, 0.9, 0.91, 0.91, 0.92, 0.88, 0.88, 0.94, 0.9, 0.91, 0.88, 0.91, 0.87, 0.9, 0.9, 0.88, 0.9, 0.91, 0.92, 0.92, 0.91, 0.91, 0.85


Running iteration 4 of 10 fold...
training ensembles takes 0.682 sec
creating environment takes 0.387 sec
voting takes 4.317 sec
      accuracy, precision, recall, f_score
  mv: 0.9429, 0.9440, 0.9400, 0.9421
  wv: 0.9429, 0.9440, 0.9400, 0.9421

0.9007142857142858
0.92, 0.9, 0.95, 0.94, 0.92, 0.94, 0.92, 0.9, 0.94, 0.91, 0.85, 0.92, 0.88, 0.87, 0.92, 0.95, 0.94, 0.94, 0.91, 0.9, 0.91, 0.92, 0.92, 0.91, 0.94, 0.85, 0.91, 0.95, 0.92, 0.91, 0.9, 0.94, 0.92, 0.9, 0.9, 0.91, 0.94, 0.92, 0.87, 0.92, 0.95, 0.92, 0.94, 0.91, 0.92, 0.95, 0.95, 0.92, 0.92, 0.91, 0.91, 0.94, 0.91, 0.9, 0.9, 0.94, 0.92, 0.94, 0.92, 0.9, 0.88, 0.95, 0.94, 0.92, 0.91, 0.91, 0.94, 0.92, 0.82, 0.84, 0.78, 0.88, 0.85, 0.84, 0.85, 0.84, 0.82, 0.85, 0.85, 0.87, 0.84, 0.9, 0.87, 0.85, 0.84, 0.87, 0.91, 0.81, 0.87, 0.84, 0.75, 0.91, 0.85, 0.84, 0.85, 0.88, 0.84, 0.84, 0.9, 0.82

0.8875714285714288
0.91, 0.88, 0.91, 0.9, 0.91, 0.92, 0.9, 0.9, 0.88, 0.88, 0.9, 0.9, 0.88, 0.91, 0.92, 0.92, 0.87, 0.9, 0.91, 0.9, 0.87, 0.91, 0.9, 0.9, 0.85, 0.88, 0.87, 0.9, 0.84, 0.9, 0.87, 0.9, 0.91, 0.87, 0.88, 0.95, 0.88, 0.97, 0.94, 0.95, 0.94, 0.95, 0.94, 0.92, 0.91, 0.92, 0.91, 0.88, 0.95, 0.85, 0.95, 0.91, 0.94, 0.92, 0.9, 0.95, 0.92, 0.94, 0.94, 0.92, 0.91, 0.94, 0.95, 0.94, 0.94, 0.94, 0.94, 0.94, 0.87, 0.82, 0.84, 0.82, 0.84, 0.82, 0.84, 0.81, 0.9, 0.82, 0.82, 0.84, 0.77, 0.82, 0.82, 0.78, 0.8, 0.8, 0.84, 0.81, 0.82, 0.87, 0.81, 0.78, 0.81, 0.8, 0.85, 0.9, 0.82, 0.85, 0.78, 0.87


Running iteration 5 of 10 fold...
training ensembles takes 0.689 sec
creating environment takes 0.384 sec
voting takes 4.374 sec
      accuracy, precision, recall, f_score
  mv: 0.9429, 0.9445, 0.9443, 0.9428
  wv: 0.9429, 0.9445, 0.9443, 0.9428

0.8737142857142858
0.87, 0.9, 0.88, 0.8, 0.9, 0.82, 0.84, 0.91, 0.87, 0.9, 0.81, 0.84, 0.87, 0.81, 0.87, 0.9, 0.8, 0.87, 0.9, 0.88, 0.88, 0.88, 0.87, 0.85, 0.88, 0.82, 0.88, 0.87, 0.87, 0.87, 0.82, 0.9, 0.85, 0.87, 0.85, 0.88, 0.85, 0.92, 0.87, 0.87, 0.88, 0.88, 0.85, 0.84, 0.85, 0.92, 0.94, 0.9, 0.87, 0.84, 0.84, 0.9, 0.87, 0.85, 0.94, 0.87, 0.84, 0.9, 0.9, 0.87, 0.88, 0.88, 0.9, 0.82, 0.91, 0.82, 0.88, 0.91, 0.9, 0.84, 0.88, 0.85, 0.87, 0.85, 0.87, 0.87, 0.88, 0.91, 0.91, 0.88, 0.84, 0.84, 0.9, 0.88, 0.85, 0.92, 0.84, 0.87, 0.84, 0.85, 0.91, 0.88, 0.91, 0.87, 0.9, 0.85, 0.81, 0.84, 0.84, 0.91

0.8781428571428571
0.91, 0.91, 0.9, 0.85, 0.9, 0.9, 0.9, 0.82, 0.85, 0.87, 0.85, 0.88, 0.9, 0.87, 0.84, 0.87, 0.87, 0.81, 0.9, 0.85, 0.91, 0.88, 0.88, 0.84, 0.88, 0.82, 0.84, 0.87, 0.85, 0.91, 0.84, 0.85, 0.84, 0.9, 0.8, 0.87, 0.88, 0.91, 0.88, 0.92, 0.91, 0.87, 0.94, 0.85, 0.85, 0.88, 0.88, 0.85, 0.88, 0.85, 0.9, 0.9, 0.84, 0.91, 0.91, 0.9, 0.91, 0.82, 0.91, 0.87, 0.94, 0.91, 0.87, 0.94, 0.81, 0.9, 0.91, 0.88, 0.9, 0.84, 0.9, 0.88, 0.9, 0.87, 0.87, 0.91, 0.87, 0.85, 0.81, 0.9, 0.91, 0.87, 0.87, 0.87, 0.87, 0.82, 0.87, 0.85, 0.88, 0.9, 0.87, 0.88, 0.85, 0.88, 0.82, 0.84, 0.9, 0.82, 0.87, 0.9


Running iteration 6 of 10 fold...
training ensembles takes 0.671 sec
creating environment takes 0.384 sec
voting takes 4.367 sec
      accuracy, precision, recall, f_score
  mv: 0.9714, 0.9746, 0.9815, 0.9612
  wv: 0.9714, 0.9746, 0.9815, 0.9612

0.9390000000000002
0.9, 0.95, 0.92, 0.87, 0.94, 0.92, 0.92, 0.95, 0.92, 0.95, 0.97, 0.94, 0.94, 0.91, 0.95, 0.92, 0.94, 0.92, 0.92, 0.94, 0.91, 0.91, 0.95, 0.94, 0.94, 0.94, 0.97, 0.92, 0.92, 0.95, 0.92, 0.94, 0.91, 0.94, 0.92, 0.97, 0.94, 0.92, 0.95, 0.95, 0.94, 0.9, 0.95, 0.95, 0.95, 0.95, 0.92, 0.97, 0.94, 0.92, 0.92, 0.94, 0.94, 0.95, 0.97, 0.92, 0.94, 0.92, 0.9, 0.88, 0.92, 0.92, 0.9, 0.94, 0.92, 0.92, 0.94, 0.95, 0.95, 0.94, 0.94, 0.94, 0.94, 0.94, 0.92, 0.92, 0.95, 0.95, 0.91, 0.97, 0.95, 0.95, 0.95, 0.91, 0.92, 0.92, 0.94, 0.91, 0.94, 0.92, 0.98, 0.95, 0.92, 0.94, 0.95, 0.94, 0.92, 0.91, 0.92, 0.97

0.9352857142857144
0.91, 0.94, 0.92, 0.9, 0.97, 0.97, 0.95, 0.97, 0.98, 0.92, 0.95, 0.98, 0.95, 0.95, 0.95, 0.95, 0.95, 0.97, 0.97, 0.92, 0.97, 0.97, 0.95, 0.94, 0.95, 0.95, 0.94, 0.95, 0.95, 0.94, 0.97, 0.98, 0.98, 0.97, 0.94, 0.94, 0.91, 0.92, 0.94, 0.9, 0.91, 0.91, 0.94, 0.92, 0.91, 0.91, 0.87, 0.95, 0.94, 0.95, 0.92, 0.94, 0.92, 0.9, 0.9, 0.92, 0.88, 0.94, 0.91, 0.95, 0.9, 0.94, 0.94, 0.91, 0.88, 0.92, 0.97, 0.92, 0.9, 0.92, 0.94, 0.91, 0.92, 0.94, 0.91, 0.91, 0.9, 0.92, 0.9, 0.95, 0.91, 0.9, 0.94, 0.92, 0.94, 0.92, 0.92, 0.9, 0.92, 0.91, 0.92, 0.92, 0.92, 0.95, 0.92, 0.9, 0.91, 0.91, 0.91, 0.9


Running iteration 7 of 10 fold...
training ensembles takes 0.675 sec
creating environment takes 0.386 sec
voting takes 4.363 sec
      accuracy, precision, recall, f_score
  mv: 0.9571, 0.9582, 0.9550, 0.9483
  wv: 0.9714, 0.9714, 0.9650, 0.9650

0.9248571428571429
0.94, 0.91, 0.94, 0.94, 0.92, 0.92, 0.91, 0.92, 0.95, 0.92, 0.91, 0.95, 0.92, 0.92, 0.91, 0.95, 0.94, 0.94, 0.95, 0.92, 0.91, 0.92, 0.94, 0.94, 0.92, 0.91, 0.94, 0.95, 0.95, 0.95, 0.94, 0.95, 0.91, 0.92, 0.84, 0.88, 0.92, 0.85, 0.9, 0.94, 0.91, 0.91, 0.9, 0.92, 0.87, 0.91, 0.88, 0.82, 0.88, 0.88, 0.84, 0.88, 0.9, 0.88, 0.9, 0.91, 0.87, 0.9, 0.88, 0.88, 0.9, 0.84, 0.87, 0.88, 0.87, 0.85, 0.92, 0.88, 0.94, 0.94, 0.94, 0.94, 0.95, 0.95, 0.91, 0.92, 0.94, 0.95, 0.94, 0.95, 0.94, 0.95, 0.95, 0.95, 0.95, 0.95, 0.94, 0.95, 0.97, 0.95, 0.97, 0.94, 0.97, 0.97, 0.97, 0.91, 0.97, 0.95, 0.94, 0.95

0.927
0.92, 0.92, 0.92, 0.94, 0.88, 0.9, 0.94, 0.9, 0.92, 0.95, 0.92, 0.91, 0.91, 0.92, 0.95, 0.9, 0.94, 0.95, 0.94, 0.92, 0.94, 0.94, 0.94, 0.97, 0.91, 0.92, 0.92, 0.94, 0.87, 0.94, 0.94, 0.94, 0.92, 0.95, 0.95, 0.95, 0.9, 0.87, 0.91, 0.82, 0.92, 0.88, 0.91, 0.81, 0.87, 0.94, 0.92, 0.9, 0.9, 0.91, 0.91, 0.87, 0.9, 0.95, 0.84, 0.9, 0.85, 0.9, 0.91, 0.9, 0.9, 0.87, 0.92, 0.9, 0.91, 0.92, 0.94, 0.84, 0.95, 0.97, 0.98, 0.92, 0.94, 0.98, 0.95, 0.94, 0.95, 0.94, 0.97, 0.95, 0.92, 0.97, 0.97, 0.94, 0.92, 0.91, 0.95, 0.95, 0.94, 0.94, 0.97, 0.95, 0.92, 0.91, 0.95, 0.94, 0.98, 0.92, 0.92, 0.95


Running iteration 8 of 10 fold...
training ensembles takes 0.684 sec
creating environment takes 0.394 sec
voting takes 4.332 sec
      accuracy, precision, recall, f_score
  mv: 1.0000, 1.0000, 1.0000, 1.0000
  wv: 1.0000, 1.0000, 1.0000, 1.0000

0.974857142857143
0.97, 0.98, 1.0, 1.0, 0.98, 1.0, 0.97, 1.0, 1.0, 0.98, 0.97, 0.97, 0.97, 0.95, 0.91, 0.97, 0.97, 0.98, 0.98, 0.98, 0.98, 0.97, 0.95, 0.98, 0.98, 0.97, 0.97, 0.94, 0.97, 0.94, 0.98, 0.97, 0.94, 0.98, 0.98, 0.98, 0.97, 0.98, 0.98, 0.98, 0.98, 0.98, 0.98, 0.98, 0.98, 0.98, 0.97, 0.98, 0.98, 0.98, 0.98, 0.98, 0.95, 0.98, 0.98, 0.98, 0.98, 0.98, 0.97, 0.98, 0.98, 0.98, 0.97, 0.97, 0.98, 0.98, 0.98, 0.98, 0.95, 0.97, 0.98, 0.97, 0.97, 0.95, 0.94, 0.97, 0.95, 0.97, 0.98, 0.98, 0.98, 0.94, 0.97, 0.98, 0.97, 0.95, 0.98, 0.97, 0.97, 0.95, 0.95, 0.95, 0.94, 0.97, 0.95, 0.98, 0.97, 0.95, 0.95, 0.92

0.9772857142857144
0.97, 0.97, 0.98, 1.0, 0.98, 0.98, 0.95, 0.98, 0.95, 1.0, 1.0, 0.95, 0.98, 1.0, 0.98, 0.97, 0.98, 0.95, 0.97, 1.0, 0.98, 1.0, 0.95, 0.97, 1.0, 0.97, 1.0, 0.98, 0.98, 1.0, 1.0, 1.0, 0.98, 1.0, 0.97, 0.98, 0.95, 0.97, 0.97, 0.98, 0.97, 0.97, 0.97, 0.98, 0.97, 0.97, 0.98, 0.92, 0.98, 0.98, 0.98, 0.95, 0.98, 0.97, 0.97, 0.97, 0.98, 0.98, 0.98, 1.0, 0.97, 0.97, 0.98, 0.98, 0.95, 0.97, 0.98, 0.98, 0.95, 0.98, 1.0, 0.98, 1.0, 0.97, 0.98, 0.97, 0.98, 0.97, 0.97, 1.0, 0.94, 0.97, 0.98, 0.98, 1.0, 0.95, 0.97, 0.95, 0.91, 0.95, 0.98, 0.95, 0.97, 0.98, 0.97, 0.95, 0.97, 0.97, 0.95, 0.92


Running iteration 9 of 10 fold...
training ensembles takes 0.676 sec
creating environment takes 0.385 sec
voting takes 4.328 sec
      accuracy, precision, recall, f_score
  mv: 1.0000, 1.0000, 1.0000, 1.0000
  wv: 0.9857, 0.9863, 0.9896, 0.9836

0.9517142857142856
0.95, 0.94, 0.94, 0.97, 0.95, 0.94, 0.98, 0.95, 0.91, 0.92, 0.91, 0.92, 0.95, 0.91, 0.98, 0.97, 0.95, 0.92, 0.92, 0.97, 0.95, 0.97, 0.94, 0.95, 0.97, 0.95, 0.95, 0.97, 0.97, 0.94, 0.91, 0.95, 0.94, 0.97, 0.91, 0.94, 0.97, 0.92, 0.9, 0.9, 0.91, 0.91, 0.91, 0.98, 0.91, 0.94, 0.92, 0.91, 0.94, 0.9, 0.9, 0.95, 0.97, 0.94, 0.88, 0.92, 0.94, 0.94, 0.97, 0.91, 0.92, 0.92, 0.94, 0.95, 0.92, 0.91, 0.92, 0.95, 0.98, 0.98, 0.97, 0.98, 0.97, 0.97, 0.97, 0.98, 0.95, 0.94, 0.97, 0.98, 0.98, 0.95, 0.98, 0.98, 0.97, 0.98, 0.95, 0.95, 0.98, 0.98, 0.98, 0.97, 0.97, 0.95, 0.95, 0.97, 0.95, 0.98, 0.98, 0.97

0.9464285714285714
0.97, 0.97, 0.95, 0.94, 0.95, 0.94, 0.97, 0.97, 0.92, 0.97, 0.95, 0.98, 0.94, 0.97, 0.98, 0.97, 1.0, 0.97, 0.97, 0.97, 0.95, 0.97, 0.97, 0.94, 0.95, 0.97, 0.94, 0.97, 0.95, 0.95, 0.97, 0.94, 1.0, 0.97, 0.92, 0.85, 0.9, 0.95, 0.9, 0.91, 0.92, 0.94, 0.88, 0.91, 0.91, 0.9, 0.91, 0.88, 0.9, 0.92, 0.91, 0.91, 0.87, 0.92, 0.91, 0.94, 0.9, 0.85, 0.92, 0.87, 0.87, 0.9, 0.92, 0.91, 0.92, 0.85, 0.94, 0.92, 0.98, 0.97, 0.98, 0.98, 0.95, 0.98, 0.98, 0.98, 0.98, 0.95, 0.98, 0.92, 0.94, 0.97, 0.94, 0.97, 0.98, 0.97, 0.94, 0.97, 0.97, 0.97, 0.97, 0.94, 0.92, 0.97, 0.95, 1.0, 0.98, 0.95, 0.95, 0.94


Running iteration 10 of 10 fold...
training ensembles takes 0.690 sec
creating environment takes 0.384 sec
voting takes 4.372 sec
      accuracy, precision, recall, f_score
  mv: 0.9855, 0.9865, 0.9911, 0.9770
  wv: 0.9855, 0.9865, 0.9911, 0.9770

0.9607246376811596
1.0, 0.97, 0.94, 0.95, 0.97, 1.0, 0.97, 0.95, 0.94, 0.97, 0.98, 0.95, 0.95, 0.94, 0.95, 0.97, 0.95, 0.97, 0.94, 0.95, 0.94, 0.98, 0.95, 0.98, 0.97, 0.98, 0.91, 0.94, 0.98, 0.95, 0.97, 0.95, 0.95, 0.97, 0.94, 0.94, 0.95, 0.94, 0.94, 0.95, 0.94, 0.95, 0.95, 0.97, 0.94, 0.95, 0.95, 0.94, 0.97, 0.91, 0.95, 0.95, 0.91, 0.92, 0.95, 0.95, 0.97, 0.89, 0.95, 0.91, 0.95, 0.94, 0.97, 0.95, 0.97, 0.92, 0.89, 0.94, 0.98, 0.97, 0.97, 0.97, 0.95, 0.98, 0.98, 0.97, 0.97, 0.97, 0.95, 0.98, 0.98, 0.97, 0.97, 0.97, 0.94, 0.97, 1.0, 0.97, 0.97, 0.97, 0.97, 0.98, 0.97, 1.0, 0.97, 0.98, 0.95, 0.97, 0.95, 0.98

0.95768115942029
0.98, 0.94, 0.98, 0.98, 0.97, 0.98, 1.0, 0.98, 0.97, 0.92, 0.98, 1.0, 0.95, 0.97, 0.98, 0.95, 0.92, 0.97, 0.95, 0.98, 0.98, 0.97, 0.98, 0.97, 0.98, 0.97, 0.97, 0.95, 0.98, 0.98, 0.97, 0.94, 0.98, 0.97, 0.92, 0.92, 0.95, 0.94, 0.95, 0.94, 0.94, 0.91, 0.92, 0.89, 0.89, 0.95, 0.92, 0.94, 0.89, 0.95, 0.95, 0.92, 0.94, 0.95, 0.95, 0.94, 0.92, 0.95, 0.94, 0.88, 0.97, 0.94, 0.95, 0.94, 0.94, 0.89, 0.95, 0.95, 0.95, 1.0, 0.97, 0.97, 0.98, 0.97, 0.94, 0.95, 0.94, 0.97, 0.94, 0.95, 0.92, 0.95, 0.98, 0.98, 0.98, 0.97, 0.95, 1.0, 0.92, 0.94, 0.95, 1.0, 0.95, 0.98, 0.95, 0.95, 0.95, 0.92, 0.95, 0.97

      accuracy, precision, recall, f_score
  mv: 0.9600, 0.9623, 0.9606, 0.9567
  wv: 0.9657, 0.9671, 0.9667, 0.9627
  fs: 0.0000, 0.0000, 0.0000, 0.0000
adab: 0.0000, 0.0000, 0.0000, 0.0000
eprl: 0.0000, 0.0000, 0.0000, 0.0000
ibrl: 0.0000, 0.0000, 0.0000, 0.0000

time costs: C, E, V, FS, Ada, EPRL, IBRL
       0.68, 0.38, 4.34, 0.0, 0.0, 0.0, 0.0
FS size: 0.00000, EPRL size: 0.00000, IBRL size: 0.00000
full test avg accu: 0.92103, part test avg accu: 0.91363
