{'dataset': 'cmc', 'algorithm': 'ptdqn', 'num_clf': 100, 'num_training': 10000, 'learning_rate': 0.1, 'discount_factor': 1.0, 'epsilon': 0.1, 'random_state': 6666, 'portion': 0.5, 'sequential': False}
reading data takes 3.436 sec
data shape: (1473, 22)
number of labels: 3

Running iteration 1 of 10 fold...
loading ensembles takes 0.103 sec
creating environment takes 0.497 sec
voting takes 7.643 sec
      accuracy, precision, recall, f_score
  mv: 0.4595, 1.0000, 0.4595, 0.2099
  wv: 0.5203, 1.0000, 0.5203, 0.2281

0.45094594594594595
0.39, 0.39, 0.54, 0.44, 0.41, 0.48, 0.40, 0.44, 0.46, 0.48, 0.47, 0.55, 0.43, 0.48, 0.39, 0.56, 0.52, 0.42, 0.40, 0.39, 0.39, 0.39, 0.51, 0.31, 0.36, 0.45, 0.47, 0.45, 0.43, 0.58, 0.38, 0.47, 0.37, 0.38, 0.40, 0.31, 0.39, 0.40, 0.46, 0.35, 0.45, 0.37, 0.59, 0.41, 0.29, 0.48, 0.5, 0.49, 0.47, 0.51, 0.42, 0.33, 0.51, 0.43, 0.34, 0.43, 0.39, 0.36, 0.41, 0.38, 0.38, 0.54, 0.40, 0.58, 0.46, 0.45, 0.37, 0.44, 0.50, 0.50, 0.56, 0.60, 0.47, 0.47, 0.58, 0.43, 0.43, 0.54, 0.54, 0.47, 0.32, 0.5, 0.57, 0.45, 0.42, 0.37, 0.48, 0.57, 0.54, 0.51, 0.47, 0.43, 0.54, 0.38, 0.35, 0.48, 0.41, 0.33, 0.45, 0.45

0.4281081081081081
0.26, 0.31, 0.51, 0.49, 0.43, 0.38, 0.29, 0.45, 0.47, 0.46, 0.33, 0.52, 0.38, 0.5, 0.38, 0.38, 0.47, 0.40, 0.37, 0.49, 0.46, 0.37, 0.47, 0.44, 0.35, 0.37, 0.33, 0.37, 0.47, 0.36, 0.5, 0.39, 0.45, 0.54, 0.42, 0.46, 0.49, 0.25, 0.43, 0.54, 0.46, 0.55, 0.45, 0.41, 0.55, 0.43, 0.25, 0.41, 0.37, 0.39, 0.57, 0.50, 0.40, 0.31, 0.36, 0.44, 0.43, 0.37, 0.43, 0.47, 0.31, 0.50, 0.46, 0.48, 0.53, 0.63, 0.27, 0.56, 0.31, 0.43, 0.36, 0.37, 0.35, 0.45, 0.53, 0.39, 0.41, 0.56, 0.29, 0.38, 0.51, 0.42, 0.27, 0.46, 0.34, 0.5, 0.37, 0.49, 0.37, 0.39, 0.35, 0.50, 0.41, 0.47, 0.39, 0.42, 0.47, 0.39, 0.50, 0.43


Running iteration 2 of 10 fold...
loading ensembles takes 0.101 sec
creating environment takes 0.503 sec
voting takes 7.753 sec
      accuracy, precision, recall, f_score
  mv: 0.5203, 1.0000, 0.5203, 0.2281
  wv: 0.5541, 1.0000, 0.5541, 0.2377

0.45439189189189194
0.45, 0.48, 0.45, 0.53, 0.53, 0.40, 0.47, 0.43, 0.36, 0.44, 0.38, 0.47, 0.47, 0.43, 0.41, 0.54, 0.38, 0.47, 0.51, 0.39, 0.45, 0.52, 0.32, 0.62, 0.60, 0.48, 0.42, 0.48, 0.42, 0.47, 0.60, 0.35, 0.39, 0.42, 0.41, 0.41, 0.49, 0.39, 0.45, 0.38, 0.40, 0.37, 0.50, 0.47, 0.47, 0.39, 0.46, 0.37, 0.45, 0.42, 0.36, 0.5, 0.48, 0.47, 0.45, 0.49, 0.58, 0.39, 0.48, 0.43, 0.47, 0.51, 0.46, 0.40, 0.38, 0.36, 0.50, 0.44, 0.52, 0.58, 0.43, 0.45, 0.35, 0.46, 0.54, 0.45, 0.54, 0.33, 0.54, 0.51, 0.31, 0.45, 0.38, 0.49, 0.47, 0.39, 0.41, 0.48, 0.39, 0.52, 0.41, 0.5, 0.39, 0.5, 0.5, 0.35, 0.52, 0.41, 0.5, 0.37

0.44168918918918926
0.44, 0.32, 0.43, 0.52, 0.44, 0.45, 0.29, 0.56, 0.42, 0.45, 0.48, 0.49, 0.47, 0.38, 0.5, 0.50, 0.51, 0.50, 0.35, 0.51, 0.58, 0.42, 0.45, 0.49, 0.56, 0.40, 0.43, 0.39, 0.52, 0.47, 0.49, 0.43, 0.37, 0.41, 0.51, 0.48, 0.37, 0.41, 0.41, 0.41, 0.37, 0.43, 0.48, 0.41, 0.35, 0.51, 0.27, 0.41, 0.35, 0.51, 0.41, 0.39, 0.45, 0.37, 0.52, 0.36, 0.50, 0.51, 0.55, 0.27, 0.38, 0.5, 0.54, 0.42, 0.29, 0.37, 0.58, 0.35, 0.50, 0.37, 0.37, 0.32, 0.43, 0.31, 0.28, 0.45, 0.31, 0.54, 0.39, 0.52, 0.38, 0.52, 0.53, 0.45, 0.48, 0.39, 0.50, 0.47, 0.54, 0.47, 0.45, 0.40, 0.36, 0.45, 0.47, 0.47, 0.56, 0.43, 0.30, 0.40


Running iteration 3 of 10 fold...
loading ensembles takes 0.101 sec
creating environment takes 0.503 sec
voting takes 7.768 sec
      accuracy, precision, recall, f_score
  mv: 0.4257, 0.8372, 0.3429, 0.3075
  wv: 0.4392, 0.8084, 0.3253, 0.2876

0.40621621621621623
0.45, 0.31, 0.37, 0.35, 0.45, 0.39, 0.45, 0.39, 0.41, 0.31, 0.46, 0.43, 0.43, 0.45, 0.36, 0.41, 0.35, 0.34, 0.5, 0.40, 0.29, 0.5, 0.35, 0.43, 0.44, 0.43, 0.29, 0.40, 0.36, 0.34, 0.42, 0.43, 0.39, 0.26, 0.47, 0.37, 0.32, 0.43, 0.46, 0.39, 0.36, 0.41, 0.45, 0.39, 0.31, 0.43, 0.43, 0.39, 0.43, 0.31, 0.42, 0.35, 0.44, 0.33, 0.39, 0.50, 0.41, 0.43, 0.41, 0.39, 0.47, 0.38, 0.44, 0.34, 0.49, 0.46, 0.43, 0.37, 0.35, 0.46, 0.5, 0.37, 0.38, 0.42, 0.47, 0.39, 0.36, 0.41, 0.36, 0.47, 0.22, 0.45, 0.39, 0.29, 0.41, 0.44, 0.35, 0.44, 0.38, 0.42, 0.35, 0.42, 0.45, 0.47, 0.39, 0.42, 0.41, 0.42, 0.37, 0.53

0.4169594594594594
0.43, 0.56, 0.52, 0.47, 0.42, 0.31, 0.41, 0.33, 0.43, 0.40, 0.33, 0.36, 0.37, 0.40, 0.52, 0.41, 0.38, 0.43, 0.41, 0.41, 0.35, 0.42, 0.41, 0.41, 0.47, 0.46, 0.35, 0.39, 0.48, 0.35, 0.40, 0.33, 0.39, 0.39, 0.38, 0.43, 0.35, 0.43, 0.34, 0.39, 0.43, 0.41, 0.40, 0.39, 0.32, 0.39, 0.47, 0.45, 0.42, 0.37, 0.45, 0.37, 0.5, 0.43, 0.41, 0.5, 0.50, 0.38, 0.51, 0.37, 0.42, 0.34, 0.32, 0.40, 0.43, 0.47, 0.43, 0.43, 0.45, 0.36, 0.46, 0.45, 0.46, 0.41, 0.39, 0.40, 0.54, 0.49, 0.45, 0.48, 0.5, 0.38, 0.43, 0.46, 0.39, 0.39, 0.41, 0.37, 0.43, 0.45, 0.34, 0.29, 0.40, 0.50, 0.42, 0.45, 0.35, 0.36, 0.31, 0.27


Running iteration 4 of 10 fold...
loading ensembles takes 0.102 sec
creating environment takes 0.503 sec
voting takes 7.714 sec
      accuracy, precision, recall, f_score
  mv: 0.0408, 1.0000, 0.0408, 0.0261
  wv: 0.0816, 1.0000, 0.0816, 0.0503

0.13612244897959183
0.09, 0.21, 0.23, 0.16, 0.17, 0.10, 0.23, 0.07, 0.29, 0.14, 0.12, 0.21, 0.27, 0.08, 0.12, 0.09, 0.04, 0.07, 0.05, 0.09, 0.14, 0.08, 0.18, 0.14, 0.15, 0.13, 0.29, 0.21, 0.02, 0.14, 0.17, 0.08, 0.20, 0.08, 0.02, 0.02, 0.25, 0.22, 0.14, 0.23, 0.10, 0.0, 0.17, 0.04, 0.14, 0.08, 0.05, 0.10, 0.17, 0.17, 0.22, 0.26, 0.19, 0.22, 0.10, 0.17, 0.14, 0.12, 0.11, 0.04, 0.02, 0.14, 0.04, 0.07, 0.04, 0.05, 0.08, 0.26, 0.19, 0.15, 0.25, 0.04, 0.09, 0.16, 0.12, 0.04, 0.08, 0.35, 0.05, 0.18, 0.20, 0.17, 0.03, 0.20, 0.09, 0.04, 0.11, 0.13, 0.10, 0.11, 0.12, 0.01, 0.20, 0.23, 0.23, 0.17, 0.00, 0.10, 0.13, 0.05

0.135578231292517
0.06, 0.05, 0.08, 0.17, 0.12, 0.13, 0.20, 0.02, 0.04, 0.08, 0.40, 0.08, 0.27, 0.04, 0.17, 0.17, 0.12, 0.19, 0.14, 0.07, 0.15, 0.10, 0.20, 0.08, 0.01, 0.28, 0.04, 0.02, 0.06, 0.19, 0.06, 0.25, 0.12, 0.29, 0.16, 0.05, 0.15, 0.04, 0.18, 0.10, 0.19, 0.22, 0.00, 0.00, 0.14, 0.04, 0.13, 0.12, 0.09, 0.11, 0.17, 0.05, 0.06, 0.21, 0.06, 0.17, 0.13, 0.04, 0.27, 0.25, 0.17, 0.13, 0.05, 0.23, 0.11, 0.27, 0.08, 0.04, 0.07, 0.27, 0.07, 0.21, 0.09, 0.15, 0.27, 0.16, 0.15, 0.06, 0.19, 0.08, 0.21, 0.13, 0.05, 0.06, 0.19, 0.08, 0.17, 0.27, 0.17, 0.07, 0.14, 0.03, 0.04, 0.06, 0.10, 0.11, 0.12, 0.15, 0.23, 0.27


Running iteration 5 of 10 fold...
loading ensembles takes 0.100 sec
creating environment takes 0.499 sec
voting takes 7.977 sec
      accuracy, precision, recall, f_score
  mv: 0.4082, 0.6457, 0.4136, 0.3283
  wv: 0.3810, 0.6393, 0.3928, 0.3157

0.40074829931972794
0.36, 0.39, 0.41, 0.40, 0.42, 0.35, 0.46, 0.32, 0.46, 0.48, 0.54, 0.37, 0.42, 0.40, 0.43, 0.34, 0.40, 0.34, 0.32, 0.34, 0.48, 0.43, 0.38, 0.38, 0.36, 0.45, 0.36, 0.40, 0.50, 0.40, 0.40, 0.38, 0.29, 0.27, 0.49, 0.43, 0.44, 0.44, 0.45, 0.43, 0.30, 0.35, 0.35, 0.42, 0.38, 0.33, 0.43, 0.48, 0.23, 0.43, 0.40, 0.48, 0.47, 0.44, 0.46, 0.47, 0.37, 0.44, 0.48, 0.38, 0.22, 0.24, 0.41, 0.23, 0.30, 0.34, 0.44, 0.42, 0.43, 0.34, 0.45, 0.42, 0.37, 0.35, 0.45, 0.29, 0.40, 0.49, 0.31, 0.38, 0.42, 0.41, 0.35, 0.38, 0.34, 0.42, 0.48, 0.47, 0.39, 0.51, 0.40, 0.42, 0.51, 0.35, 0.42, 0.29, 0.38, 0.32, 0.42, 0.40

0.34435374149659864
0.45, 0.26, 0.27, 0.41, 0.27, 0.41, 0.24, 0.35, 0.36, 0.48, 0.19, 0.52, 0.34, 0.40, 0.23, 0.36, 0.40, 0.31, 0.47, 0.27, 0.39, 0.27, 0.34, 0.27, 0.42, 0.27, 0.45, 0.40, 0.38, 0.33, 0.31, 0.27, 0.34, 0.35, 0.25, 0.46, 0.35, 0.31, 0.36, 0.34, 0.35, 0.39, 0.43, 0.26, 0.37, 0.30, 0.40, 0.34, 0.27, 0.42, 0.42, 0.30, 0.36, 0.19, 0.23, 0.42, 0.38, 0.24, 0.22, 0.35, 0.34, 0.29, 0.35, 0.48, 0.40, 0.38, 0.31, 0.38, 0.40, 0.31, 0.19, 0.40, 0.30, 0.36, 0.39, 0.45, 0.38, 0.38, 0.25, 0.32, 0.32, 0.23, 0.29, 0.32, 0.23, 0.33, 0.18, 0.25, 0.36, 0.36, 0.23, 0.43, 0.34, 0.34, 0.36, 0.36, 0.34, 0.42, 0.33, 0.41


Running iteration 6 of 10 fold...
loading ensembles takes 0.102 sec
creating environment takes 0.505 sec
voting takes 7.597 sec
      accuracy, precision, recall, f_score
  mv: 0.2653, 1.0000, 0.2653, 0.1398
  wv: 0.2925, 1.0000, 0.2925, 0.1509

0.3127891156462585
0.18, 0.23, 0.30, 0.46, 0.19, 0.39, 0.36, 0.61, 0.30, 0.26, 0.23, 0.38, 0.17, 0.45, 0.24, 0.36, 0.20, 0.29, 0.23, 0.43, 0.14, 0.23, 0.32, 0.36, 0.23, 0.33, 0.31, 0.29, 0.30, 0.43, 0.31, 0.40, 0.30, 0.36, 0.42, 0.14, 0.32, 0.43, 0.55, 0.34, 0.41, 0.24, 0.48, 0.23, 0.14, 0.12, 0.29, 0.39, 0.10, 0.41, 0.44, 0.10, 0.28, 0.42, 0.37, 0.43, 0.32, 0.38, 0.32, 0.41, 0.34, 0.35, 0.14, 0.44, 0.15, 0.55, 0.31, 0.50, 0.40, 0.18, 0.22, 0.05, 0.27, 0.18, 0.33, 0.42, 0.29, 0.25, 0.34, 0.31, 0.24, 0.21, 0.32, 0.12, 0.55, 0.10, 0.31, 0.08, 0.25, 0.31, 0.08, 0.40, 0.30, 0.38, 0.48, 0.32, 0.11, 0.44, 0.40, 0.36

0.2970068027210885
0.27, 0.27, 0.23, 0.44, 0.38, 0.29, 0.25, 0.41, 0.36, 0.35, 0.27, 0.60, 0.18, 0.22, 0.40, 0.15, 0.31, 0.08, 0.41, 0.40, 0.15, 0.26, 0.25, 0.57, 0.08, 0.19, 0.23, 0.38, 0.23, 0.14, 0.42, 0.53, 0.37, 0.22, 0.23, 0.16, 0.14, 0.42, 0.40, 0.55, 0.47, 0.27, 0.50, 0.34, 0.29, 0.20, 0.48, 0.31, 0.31, 0.23, 0.08, 0.17, 0.43, 0.10, 0.25, 0.29, 0.32, 0.48, 0.29, 0.38, 0.44, 0.22, 0.26, 0.31, 0.46, 0.10, 0.20, 0.36, 0.19, 0.23, 0.36, 0.21, 0.30, 0.19, 0.14, 0.25, 0.36, 0.40, 0.42, 0.38, 0.40, 0.19, 0.27, 0.25, 0.40, 0.32, 0.24, 0.35, 0.08, 0.20, 0.16, 0.22, 0.13, 0.14, 0.26, 0.22, 0.21, 0.42, 0.12, 0.44


Running iteration 7 of 10 fold...
loading ensembles takes 0.101 sec
creating environment takes 0.500 sec
voting takes 7.594 sec
      accuracy, precision, recall, f_score
  mv: 0.3605, 0.7168, 0.5124, 0.2810
  wv: 0.4014, 0.7548, 0.5497, 0.3058

0.37224489795918375
0.24, 0.37, 0.30, 0.48, 0.46, 0.46, 0.42, 0.38, 0.38, 0.34, 0.45, 0.42, 0.29, 0.29, 0.36, 0.42, 0.25, 0.44, 0.46, 0.35, 0.40, 0.44, 0.37, 0.27, 0.42, 0.34, 0.48, 0.38, 0.44, 0.36, 0.42, 0.42, 0.46, 0.43, 0.42, 0.33, 0.53, 0.34, 0.25, 0.36, 0.46, 0.36, 0.30, 0.35, 0.27, 0.39, 0.27, 0.31, 0.37, 0.24, 0.46, 0.52, 0.35, 0.48, 0.34, 0.36, 0.44, 0.38, 0.31, 0.35, 0.39, 0.25, 0.29, 0.31, 0.36, 0.49, 0.35, 0.30, 0.27, 0.24, 0.41, 0.54, 0.39, 0.27, 0.28, 0.36, 0.33, 0.33, 0.41, 0.36, 0.29, 0.32, 0.45, 0.38, 0.38, 0.40, 0.30, 0.39, 0.29, 0.41, 0.26, 0.31, 0.23, 0.40, 0.38, 0.42, 0.39, 0.29, 0.39, 0.40

0.3595238095238094
0.48, 0.30, 0.40, 0.29, 0.51, 0.40, 0.37, 0.25, 0.27, 0.23, 0.29, 0.44, 0.38, 0.36, 0.38, 0.43, 0.27, 0.36, 0.42, 0.35, 0.36, 0.32, 0.31, 0.29, 0.44, 0.21, 0.40, 0.34, 0.38, 0.37, 0.42, 0.23, 0.31, 0.41, 0.58, 0.34, 0.49, 0.33, 0.33, 0.48, 0.31, 0.39, 0.42, 0.27, 0.24, 0.34, 0.36, 0.38, 0.34, 0.50, 0.25, 0.42, 0.51, 0.35, 0.31, 0.34, 0.40, 0.29, 0.31, 0.39, 0.43, 0.40, 0.40, 0.34, 0.31, 0.36, 0.27, 0.37, 0.45, 0.36, 0.27, 0.36, 0.27, 0.38, 0.37, 0.36, 0.34, 0.23, 0.23, 0.23, 0.27, 0.48, 0.28, 0.46, 0.46, 0.35, 0.40, 0.32, 0.46, 0.29, 0.43, 0.45, 0.25, 0.44, 0.29, 0.38, 0.23, 0.25, 0.32, 0.30


Running iteration 8 of 10 fold...
loading ensembles takes 0.102 sec
creating environment takes 0.499 sec
voting takes 7.738 sec
      accuracy, precision, recall, f_score
  mv: 0.4694, 1.0000, 0.4694, 0.2130
  wv: 0.4830, 1.0000, 0.4830, 0.2171

0.4325850340136055
0.46, 0.38, 0.40, 0.36, 0.49, 0.39, 0.32, 0.46, 0.44, 0.40, 0.59, 0.33, 0.41, 0.43, 0.56, 0.40, 0.31, 0.41, 0.38, 0.44, 0.48, 0.36, 0.36, 0.35, 0.47, 0.34, 0.40, 0.41, 0.37, 0.27, 0.37, 0.44, 0.40, 0.40, 0.31, 0.46, 0.48, 0.42, 0.40, 0.30, 0.42, 0.37, 0.39, 0.46, 0.38, 0.48, 0.36, 0.40, 0.34, 0.44, 0.36, 0.36, 0.31, 0.40, 0.40, 0.53, 0.51, 0.48, 0.55, 0.58, 0.46, 0.44, 0.40, 0.37, 0.43, 0.40, 0.41, 0.39, 0.46, 0.42, 0.40, 0.40, 0.52, 0.50, 0.47, 0.53, 0.44, 0.46, 0.52, 0.40, 0.45, 0.49, 0.51, 0.48, 0.44, 0.51, 0.44, 0.53, 0.36, 0.42, 0.45, 0.35, 0.46, 0.53, 0.34, 0.43, 0.55, 0.47, 0.57, 0.46

0.44095238095238093
0.40, 0.43, 0.39, 0.46, 0.50, 0.40, 0.40, 0.34, 0.43, 0.48, 0.44, 0.46, 0.46, 0.46, 0.36, 0.52, 0.42, 0.41, 0.49, 0.46, 0.44, 0.34, 0.44, 0.49, 0.45, 0.35, 0.44, 0.44, 0.46, 0.36, 0.50, 0.42, 0.34, 0.46, 0.44, 0.41, 0.42, 0.42, 0.57, 0.50, 0.43, 0.42, 0.48, 0.51, 0.41, 0.46, 0.44, 0.42, 0.42, 0.34, 0.48, 0.51, 0.40, 0.34, 0.45, 0.51, 0.33, 0.44, 0.40, 0.50, 0.44, 0.44, 0.40, 0.46, 0.30, 0.48, 0.44, 0.46, 0.45, 0.54, 0.36, 0.42, 0.43, 0.40, 0.39, 0.50, 0.45, 0.41, 0.49, 0.48, 0.42, 0.46, 0.48, 0.36, 0.36, 0.43, 0.43, 0.43, 0.51, 0.37, 0.48, 0.50, 0.51, 0.53, 0.44, 0.45, 0.41, 0.46, 0.37, 0.40


Running iteration 9 of 10 fold...
loading ensembles takes 0.101 sec
creating environment takes 0.507 sec
voting takes 7.627 sec
      accuracy, precision, recall, f_score
  mv: 0.2993, 0.7579, 0.5344, 0.3047
  wv: 0.3129, 0.7540, 0.5471, 0.3086

0.3154421768707483
0.27, 0.39, 0.40, 0.30, 0.33, 0.30, 0.25, 0.26, 0.22, 0.18, 0.23, 0.31, 0.35, 0.40, 0.15, 0.44, 0.24, 0.25, 0.27, 0.41, 0.43, 0.30, 0.38, 0.25, 0.29, 0.33, 0.22, 0.32, 0.34, 0.19, 0.38, 0.27, 0.30, 0.42, 0.31, 0.28, 0.34, 0.37, 0.19, 0.40, 0.21, 0.38, 0.33, 0.34, 0.34, 0.32, 0.27, 0.48, 0.43, 0.27, 0.30, 0.34, 0.19, 0.31, 0.33, 0.29, 0.29, 0.27, 0.36, 0.31, 0.38, 0.27, 0.29, 0.31, 0.29, 0.28, 0.31, 0.31, 0.27, 0.29, 0.23, 0.31, 0.21, 0.38, 0.22, 0.22, 0.30, 0.32, 0.25, 0.20, 0.34, 0.36, 0.40, 0.33, 0.30, 0.31, 0.41, 0.40, 0.30, 0.43, 0.36, 0.33, 0.43, 0.44, 0.24, 0.22, 0.44, 0.36, 0.19, 0.24

0.32244897959183677
0.44, 0.31, 0.28, 0.24, 0.36, 0.23, 0.40, 0.26, 0.33, 0.31, 0.30, 0.43, 0.29, 0.27, 0.36, 0.31, 0.30, 0.33, 0.42, 0.34, 0.38, 0.34, 0.39, 0.36, 0.41, 0.40, 0.34, 0.23, 0.29, 0.28, 0.32, 0.25, 0.31, 0.27, 0.43, 0.41, 0.33, 0.28, 0.21, 0.38, 0.32, 0.37, 0.35, 0.34, 0.30, 0.29, 0.19, 0.25, 0.24, 0.25, 0.28, 0.36, 0.32, 0.38, 0.28, 0.31, 0.39, 0.27, 0.44, 0.23, 0.37, 0.31, 0.32, 0.23, 0.40, 0.37, 0.31, 0.22, 0.27, 0.33, 0.33, 0.32, 0.25, 0.29, 0.45, 0.33, 0.31, 0.34, 0.35, 0.31, 0.23, 0.21, 0.37, 0.44, 0.23, 0.43, 0.34, 0.33, 0.27, 0.36, 0.21, 0.27, 0.29, 0.38, 0.31, 0.24, 0.33, 0.31, 0.29, 0.25


Running iteration 10 of 10 fold...
loading ensembles takes 0.102 sec
creating environment takes 0.500 sec
voting takes 7.698 sec
      accuracy, precision, recall, f_score
  mv: 0.2653, 1.0000, 0.2653, 0.1398
  wv: 0.2857, 1.0000, 0.2857, 0.1481

0.32088435374149654
0.24, 0.17, 0.20, 0.23, 0.40, 0.29, 0.45, 0.35, 0.46, 0.37, 0.23, 0.46, 0.46, 0.20, 0.25, 0.38, 0.40, 0.20, 0.46, 0.34, 0.34, 0.40, 0.22, 0.31, 0.44, 0.24, 0.48, 0.35, 0.22, 0.52, 0.47, 0.34, 0.30, 0.19, 0.25, 0.20, 0.26, 0.11, 0.20, 0.43, 0.30, 0.55, 0.25, 0.21, 0.31, 0.37, 0.53, 0.29, 0.27, 0.29, 0.27, 0.34, 0.25, 0.21, 0.34, 0.18, 0.29, 0.09, 0.37, 0.23, 0.40, 0.23, 0.44, 0.14, 0.23, 0.40, 0.48, 0.24, 0.37, 0.25, 0.23, 0.23, 0.26, 0.26, 0.31, 0.40, 0.34, 0.42, 0.27, 0.28, 0.31, 0.38, 0.48, 0.34, 0.37, 0.34, 0.36, 0.24, 0.42, 0.36, 0.27, 0.23, 0.34, 0.38, 0.19, 0.36, 0.29, 0.38, 0.34, 0.29

0.33115646258503395
0.46, 0.40, 0.21, 0.57, 0.22, 0.38, 0.12, 0.34, 0.19, 0.48, 0.42, 0.31, 0.42, 0.29, 0.26, 0.30, 0.34, 0.39, 0.12, 0.26, 0.25, 0.24, 0.41, 0.31, 0.28, 0.27, 0.37, 0.19, 0.27, 0.29, 0.37, 0.23, 0.44, 0.36, 0.21, 0.35, 0.29, 0.47, 0.22, 0.26, 0.29, 0.44, 0.25, 0.33, 0.26, 0.14, 0.45, 0.37, 0.33, 0.43, 0.26, 0.53, 0.31, 0.25, 0.21, 0.37, 0.43, 0.31, 0.33, 0.21, 0.17, 0.43, 0.14, 0.28, 0.26, 0.32, 0.28, 0.30, 0.42, 0.33, 0.28, 0.25, 0.61, 0.40, 0.42, 0.07, 0.44, 0.36, 0.26, 0.43, 0.55, 0.37, 0.29, 0.31, 0.32, 0.31, 0.46, 0.27, 0.31, 0.31, 0.23, 0.38, 0.41, 0.54, 0.37, 0.43, 0.26, 0.41, 0.22, 0.31

      accuracy, precision, recall, f_score
  mv: 0.3514, 0.8958, 0.3824, 0.2178
  wv: 0.3752, 0.8957, 0.4032, 0.2250
  fs: 0.0000, 0.0000, 0.0000, 0.0000
adab: 0.0000, 0.0000, 0.0000, 0.0000
eprl: 0.0000, 0.0000, 0.0000, 0.0000
ibrl: 0.0000, 0.0000, 0.0000, 0.0000

time costs: C, E, V, FS, Ada, EPRL, IBRL
       0.10, 0.50, 7.71, 0.0, 0.0, 0.0, 0.0
FS size: 0.00000, EPRL size: 0.00000, IBRL size: 0.00000
full test avg accu: 0.36024, part test avg accu: 0.35178
