{'dataset': 'cmc', 'algorithm': 'ptdqn', 'num_clf': 100, 'num_training': 10000, 'learning_rate': 0.1, 'discount_factor': 1.0, 'epsilon': 0.1, 'random_state': 6666, 'portion': 0.5, 'sequential': False}
reading data takes 3.491 sec
data shape: (1473, 22)
number of labels: 3

Running iteration 1 of 10 fold...
training ensembles takes 22.279 sec
creating environment takes 1.859 sec
voting takes 15.604 sec
      accuracy, precision, recall, f_score
  mv: 0.4932, 1.0000, 0.4932, 0.2202
  wv: 0.4730, 1.0000, 0.4730, 0.2141

0.4378378378378378
0.39, 0.5, 0.47, 0.17, 0.41, 0.53, 0.59, 0.27, 0.46, 0.60, 0.5, 0.18, 0.43, 0.47, 0.54, 0.28, 0.52, 0.58, 0.58, 0.24, 0.39, 0.57, 0.54, 0.27, 0.36, 0.41, 0.54, 0.29, 0.43, 0.56, 0.5, 0.28, 0.37, 0.55, 0.52, 0.27, 0.39, 0.51, 0.58, 0.26, 0.45, 0.52, 0.54, 0.20, 0.29, 0.50, 0.58, 0.20, 0.47, 0.50, 0.51, 0.18, 0.51, 0.51, 0.52, 0.25, 0.39, 0.48, 0.47, 0.27, 0.38, 0.60, 0.5, 0.30, 0.46, 0.5, 0.58, 0.18, 0.50, 0.55, 0.55, 0.35, 0.47, 0.58, 0.53, 0.31, 0.43, 0.56, 0.56, 0.30, 0.32, 0.55, 0.58, 0.20, 0.42, 0.60, 0.52, 0.20, 0.54, 0.59, 0.42, 0.29, 0.54, 0.48, 0.48, 0.29, 0.41, 0.5, 0.47, 0.09

0.4119594594594595
0.26, 0.29, 0.54, 0.29, 0.43, 0.48, 0.44, 0.31, 0.47, 0.56, 0.51, 0.36, 0.38, 0.30, 0.5, 0.20, 0.47, 0.50, 0.45, 0.29, 0.46, 0.55, 0.48, 0.06, 0.35, 0.54, 0.49, 0.15, 0.47, 0.54, 0.44, 0.27, 0.45, 0.53, 0.41, 0.18, 0.49, 0.49, 0.45, 0.20, 0.46, 0.37, 0.51, 0.31, 0.55, 0.50, 0.41, 0.33, 0.37, 0.47, 0.56, 0.17, 0.40, 0.52, 0.39, 0.08, 0.43, 0.51, 0.47, 0.33, 0.31, 0.52, 0.48, 0.32, 0.53, 0.55, 0.43, 0.23, 0.31, 0.42, 0.49, 0.31, 0.35, 0.63, 0.52, 0.79, 0.41, 0.48, 0.51, 0.17, 0.51, 0.44, 0.43, 0.21, 0.34, 0.48, 0.44, 0.12, 0.37, 0.47, 0.48, 0.16, 0.41, 0.48, 0.46, 0.23, 0.47, 0.55, 0.51, 0.20


Running iteration 2 of 10 fold...
training ensembles takes 21.864 sec
creating environment takes 2.279 sec
voting takes 15.475 sec
      accuracy, precision, recall, f_score
  mv: 0.5135, 1.0000, 0.5135, 0.2262
  wv: 0.4730, 1.0000, 0.4730, 0.2141

0.45885135135135136
0.45, 0.57, 0.53, 0.28, 0.53, 0.55, 0.60, 0.29, 0.36, 0.54, 0.5, 0.29, 0.47, 0.47, 0.56, 0.13, 0.38, 0.55, 0.50, 0.34, 0.45, 0.50, 0.45, 0.35, 0.60, 0.57, 0.46, 0.28, 0.42, 0.52, 0.47, 0.31, 0.39, 0.59, 0.54, 0.29, 0.49, 0.60, 0.52, 0.16, 0.40, 0.56, 0.54, 0.33, 0.47, 0.62, 0.54, 0.33, 0.45, 0.5, 0.5, 0.28, 0.48, 0.62, 0.52, 0.31, 0.58, 0.62, 0.51, 0.32, 0.47, 0.51, 0.49, 0.32, 0.38, 0.56, 0.53, 0.33, 0.52, 0.58, 0.52, 0.29, 0.35, 0.54, 0.5, 0.28, 0.54, 0.57, 0.46, 0.29, 0.31, 0.58, 0.47, 0.29, 0.47, 0.62, 0.53, 0.33, 0.39, 0.54, 0.54, 0.33, 0.39, 0.57, 0.47, 0.31, 0.52, 0.61, 0.48, 0.32

0.4240540540540541
0.44, 0.58, 0.51, 0.31, 0.44, 0.52, 0.39, 0.32, 0.42, 0.56, 0.35, 0.29, 0.47, 0.64, 0.43, 0.25, 0.51, 0.47, 0.51, 0.22, 0.58, 0.5, 0.47, 0.13, 0.56, 0.56, 0.41, 0.27, 0.52, 0.42, 0.43, 0.15, 0.37, 0.41, 0.47, 0.28, 0.37, 0.63, 0.51, 0.29, 0.37, 0.55, 0.51, 0.20, 0.35, 0.5, 0.39, 0.27, 0.35, 0.55, 0.43, 0.14, 0.45, 0.54, 0.47, 0.82, 0.50, 0.55, 0.45, 0.26, 0.38, 0.48, 0.51, 0.30, 0.29, 0.44, 0.40, 0.26, 0.50, 0.63, 0.47, 0.06, 0.43, 0.43, 0.39, 0.22, 0.31, 0.53, 0.40, 0.27, 0.38, 0.57, 0.51, 0.28, 0.48, 0.47, 0.46, 0.25, 0.54, 0.54, 0.48, 0.26, 0.36, 0.48, 0.47, 0.25, 0.56, 0.55, 0.45, 0.22


Running iteration 3 of 10 fold...
training ensembles takes 21.935 sec
creating environment takes 2.095 sec
voting takes 15.015 sec
      accuracy, precision, recall, f_score
  mv: 0.4797, 0.8346, 0.4678, 0.3672
  wv: 0.4797, 0.8279, 0.5070, 0.3606

0.4195270270270271
0.45, 0.47, 0.5, 0.36, 0.45, 0.45, 0.47, 0.31, 0.41, 0.45, 0.47, 0.30, 0.43, 0.47, 0.44, 0.33, 0.35, 0.49, 0.5, 0.36, 0.29, 0.51, 0.54, 0.31, 0.44, 0.50, 0.43, 0.29, 0.36, 0.48, 0.47, 0.30, 0.39, 0.44, 0.49, 0.31, 0.32, 0.45, 0.45, 0.35, 0.36, 0.51, 0.50, 0.36, 0.31, 0.50, 0.5, 0.10, 0.43, 0.5, 0.49, 0.33, 0.44, 0.5, 0.5, 0.37, 0.41, 0.46, 0.42, 0.31, 0.47, 0.48, 0.5, 0.31, 0.49, 0.48, 0.50, 0.29, 0.35, 0.50, 0.45, 0.36, 0.38, 0.47, 0.50, 0.34, 0.36, 0.44, 0.45, 0.30, 0.22, 0.47, 0.45, 0.33, 0.41, 0.52, 0.41, 0.32, 0.38, 0.51, 0.49, 0.31, 0.45, 0.42, 0.45, 0.31, 0.41, 0.5, 0.5, 0.31

0.41655405405405405
0.43, 0.54, 0.52, 0.26, 0.42, 0.45, 0.5, 0.35, 0.43, 0.47, 0.51, 0.27, 0.37, 0.53, 0.44, 0.31, 0.38, 0.47, 0.50, 0.34, 0.35, 0.48, 0.51, 0.38, 0.47, 0.5, 0.41, 0.16, 0.48, 0.47, 0.49, 0.31, 0.39, 0.33, 0.52, 0.12, 0.35, 0.47, 0.47, 0.06, 0.43, 0.55, 0.52, 0.33, 0.32, 0.53, 0.41, 0.31, 0.42, 0.45, 0.41, 0.16, 0.5, 0.52, 0.44, 0.31, 0.50, 0.45, 0.43, 0.27, 0.42, 0.45, 0.39, 0.29, 0.43, 0.52, 0.47, 0.15, 0.45, 0.70, 0.47, 0.34, 0.46, 0.49, 0.53, 0.15, 0.54, 0.51, 0.41, 0.37, 0.5, 0.53, 0.47, 0.33, 0.39, 0.55, 0.43, 0.14, 0.43, 0.55, 0.5, 0.35, 0.40, 0.48, 0.45, 0.15, 0.35, 0.25, 0.46, 0.40


Running iteration 4 of 10 fold...
training ensembles takes 22.395 sec
creating environment takes 1.955 sec
voting takes 14.885 sec
      accuracy, precision, recall, f_score
  mv: 0.2381, 1.0000, 0.2381, 0.1282
  wv: 0.4218, 1.0000, 0.4218, 0.1978

0.28040816326530615
0.09, 0.05, 0.30, 0.60, 0.17, 0.0, 0.21, 0.68, 0.29, 0.10, 0.22, 0.68, 0.27, 0.11, 0.20, 0.70, 0.04, 0.0, 0.24, 0.69, 0.14, 0.06, 0.21, 0.59, 0.15, 0.0, 0.21, 0.58, 0.02, 0.09, 0.22, 0.65, 0.20, 0.12, 0.21, 0.68, 0.25, 0.0, 0.18, 0.65, 0.10, 0.0, 0.26, 0.84, 0.14, 0.14, 0.14, 0.67, 0.17, 0.11, 0.25, 0.63, 0.19, 0.08, 0.23, 0.89, 0.14, 0.0, 0.20, 0.86, 0.02, 0.10, 0.24, 0.57, 0.04, 0.02, 0.20, 0.87, 0.19, 0.07, 0.24, 0.67, 0.09, 0.16, 0.23, 0.65, 0.08, 0.21, 0.17, 0.63, 0.20, 0.0, 0.16, 0.65, 0.09, 0.14, 0.21, 0.59, 0.10, 0.17, 0.23, 0.61, 0.20, 0.0, 0.26, 0.68, 0.00, 0.17, 0.21, 0.57

0.26442176870748296
0.06, 0.0, 0.22, 0.91, 0.12, 0.10, 0.12, 0.92, 0.04, 0.04, 0.22, 0.56, 0.27, 0.02, 0.25, 0.10, 0.12, 0.0, 0.19, 0.91, 0.15, 0.0, 0.14, 0.90, 0.01, 0.10, 0.10, 0.91, 0.06, 0.0, 0.12, 0.85, 0.12, 0.02, 0.21, 0.65, 0.15, 0.06, 0.19, 0.70, 0.19, 0.0, 0.14, 0.88, 0.14, 0.10, 0.19, 0.37, 0.09, 0.06, 0.14, 0.53, 0.06, 0.09, 0.22, 0.20, 0.13, 0.0, 0.13, 0.85, 0.17, 0.02, 0.10, 0.72, 0.11, 0.0, 0.15, 0.92, 0.07, 0.08, 0.17, 0.91, 0.09, 0.0, 0.18, 0.90, 0.15, 0.14, 0.14, 0.64, 0.21, 0.07, 0.12, 0.43, 0.19, 0.0, 0.19, 0.44, 0.17, 0.04, 0.18, 0.91, 0.04, 0.0, 0.14, 0.89, 0.12, 0.28, 0.21, 0.63


Running iteration 5 of 10 fold...
training ensembles takes 22.332 sec
creating environment takes 2.078 sec
voting takes 15.340 sec
      accuracy, precision, recall, f_score
  mv: 0.4218, 0.6862, 0.4608, 0.3477
  wv: 0.4762, 0.6926, 0.5208, 0.3644

0.40374149659863945
0.36, 0.29, 0.31, 0.54, 0.42, 0.31, 0.36, 0.51, 0.46, 0.17, 0.36, 0.49, 0.42, 0.36, 0.36, 0.49, 0.40, 0.29, 0.34, 0.52, 0.48, 0.34, 0.38, 0.53, 0.36, 0.42, 0.40, 0.48, 0.50, 0.40, 0.31, 0.49, 0.29, 0.29, 0.46, 0.63, 0.44, 0.45, 0.40, 0.49, 0.30, 0.35, 0.35, 0.50, 0.38, 0.36, 0.40, 0.52, 0.23, 0.29, 0.39, 0.49, 0.47, 0.27, 0.34, 0.53, 0.37, 0.43, 0.39, 0.51, 0.22, 0.36, 0.37, 0.51, 0.30, 0.34, 0.38, 0.48, 0.43, 0.40, 0.40, 0.48, 0.37, 0.19, 0.38, 0.53, 0.40, 0.35, 0.31, 0.51, 0.42, 0.41, 0.33, 0.53, 0.34, 0.27, 0.31, 0.51, 0.39, 0.32, 0.34, 0.51, 0.51, 0.36, 0.37, 0.50, 0.38, 0.36, 0.31, 0.54

0.34952380952380957
0.45, 0.23, 0.36, 0.50, 0.27, 0.27, 0.29, 0.40, 0.36, 0.21, 0.32, 0.53, 0.34, 0.33, 0.25, 0.50, 0.40, 0.24, 0.23, 0.51, 0.39, 0.27, 0.35, 0.48, 0.42, 0.07, 0.31, 0.48, 0.38, 0.25, 0.34, 0.43, 0.34, 0.23, 0.32, 0.63, 0.35, 0.20, 0.42, 0.49, 0.35, 0.15, 0.37, 0.34, 0.37, 0.27, 0.36, 0.32, 0.27, 0.25, 0.34, 0.54, 0.36, 0.29, 0.36, 0.44, 0.38, 0.13, 0.32, 0.46, 0.34, 0.23, 0.36, 0.45, 0.40, 0.28, 0.42, 0.39, 0.40, 0.29, 0.35, 0.48, 0.30, 0.28, 0.33, 0.52, 0.38, 0.32, 0.29, 0.39, 0.32, 0.04, 0.30, 0.26, 0.23, 0.27, 0.31, 0.48, 0.36, 0.32, 0.36, 0.49, 0.34, 0.32, 0.33, 0.46, 0.34, 0.07, 0.36, 0.50


Running iteration 6 of 10 fold...
training ensembles takes 21.525 sec
creating environment takes 1.943 sec
voting takes 15.204 sec
      accuracy, precision, recall, f_score
  mv: 0.2381, 1.0000, 0.2381, 0.1282
  wv: 0.3810, 1.0000, 0.3810, 0.1839

0.3058503401360544
0.18, 0.21, 0.28, 0.31, 0.19, 0.20, 0.25, 0.25, 0.30, 0.13, 0.30, 0.48, 0.17, 0.00, 0.29, 0.36, 0.20, 0.33, 0.27, 0.92, 0.14, 0.08, 0.27, 0.38, 0.23, 0.08, 0.31, 0.43, 0.30, 0.19, 0.33, 0.40, 0.30, 0.10, 0.29, 0.30, 0.32, 0.36, 0.36, 0.92, 0.41, 0.18, 0.34, 0.32, 0.14, 0.19, 0.34, 0.46, 0.10, 0.05, 0.31, 0.34, 0.28, 0.32, 0.29, 0.43, 0.32, 0.46, 0.35, 0.42, 0.34, 0.30, 0.23, 0.31, 0.15, 0.02, 0.30, 0.92, 0.40, 0.26, 0.25, 0.29, 0.27, 0.27, 0.29, 0.36, 0.29, 0.21, 0.28, 0.35, 0.24, 0.10, 0.29, 0.51, 0.55, 0.21, 0.29, 0.30, 0.25, 0.17, 0.29, 0.95, 0.30, 0.21, 0.27, 0.31, 0.11, 0.26, 0.33, 0.29

0.26782312925170065
0.27, 0.15, 0.27, 0.14, 0.38, 0.18, 0.24, 0.24, 0.36, 0.21, 0.34, 0.36, 0.18, 0.20, 0.35, 0.02, 0.31, 0.0, 0.24, 0.23, 0.15, 0.10, 0.26, 0.00, 0.08, 0.04, 0.25, 0.84, 0.23, 0.0, 0.23, 0.93, 0.37, 0.23, 0.30, 0.21, 0.14, 0.0, 0.22, 0.90, 0.47, 0.15, 0.30, 0.85, 0.29, 0.08, 0.25, 0.29, 0.31, 0.0, 0.24, 0.19, 0.43, 0.27, 0.28, 0.31, 0.32, 0.11, 0.28, 0.25, 0.44, 0.21, 0.24, 0.32, 0.46, 0.0, 0.31, 0.27, 0.19, 0.31, 0.24, 0.93, 0.30, 0.0, 0.29, 0.36, 0.36, 0.25, 0.29, 0.25, 0.40, 0.10, 0.34, 0.01, 0.40, 0.09, 0.26, 0.22, 0.08, 0.21, 0.25, 0.34, 0.13, 0.27, 0.31, 0.13, 0.21, 0.14, 0.23, 0.29


Running iteration 7 of 10 fold...
training ensembles takes 21.989 sec
creating environment takes 2.084 sec
voting takes 15.179 sec
      accuracy, precision, recall, f_score
  mv: 0.3878, 0.8016, 0.5298, 0.3177
  wv: 0.3810, 0.7557, 0.4803, 0.3162

0.3632653061224491
0.24, 0.38, 0.40, 0.28, 0.46, 0.27, 0.36, 0.26, 0.38, 0.39, 0.36, 0.27, 0.29, 0.31, 0.36, 0.69, 0.25, 0.42, 0.42, 0.33, 0.40, 0.45, 0.38, 0.28, 0.42, 0.40, 0.36, 0.26, 0.44, 0.34, 0.39, 0.29, 0.46, 0.37, 0.41, 0.28, 0.53, 0.32, 0.35, 0.31, 0.46, 0.37, 0.34, 0.30, 0.27, 0.40, 0.34, 0.26, 0.37, 0.36, 0.39, 0.31, 0.35, 0.41, 0.40, 0.57, 0.44, 0.53, 0.35, 0.34, 0.39, 0.36, 0.36, 0.31, 0.36, 0.41, 0.40, 0.23, 0.27, 0.38, 0.38, 0.32, 0.39, 0.38, 0.37, 0.29, 0.33, 0.28, 0.34, 0.29, 0.29, 0.41, 0.38, 0.33, 0.38, 0.25, 0.37, 0.28, 0.29, 0.40, 0.46, 0.30, 0.23, 0.33, 0.37, 0.32, 0.39, 0.46, 0.40, 0.27

0.35176870748299316
0.48, 0.31, 0.33, 0.57, 0.51, 0.29, 0.33, 0.08, 0.27, 0.31, 0.30, 0.65, 0.38, 0.18, 0.39, 0.31, 0.27, 0.24, 0.32, 0.23, 0.36, 0.34, 0.34, 0.26, 0.44, 0.28, 0.29, 0.58, 0.38, 0.23, 0.38, 0.31, 0.31, 0.27, 0.41, 0.61, 0.49, 0.27, 0.34, 0.30, 0.31, 0.29, 0.41, 0.23, 0.24, 0.23, 0.37, 0.68, 0.34, 0.25, 0.32, 0.29, 0.51, 0.33, 0.36, 0.30, 0.40, 0.40, 0.30, 0.51, 0.43, 0.27, 0.39, 0.27, 0.31, 0.20, 0.30, 0.74, 0.45, 0.27, 0.37, 0.26, 0.27, 0.19, 0.32, 0.27, 0.34, 0.26, 0.32, 0.29, 0.27, 0.20, 0.38, 0.61, 0.46, 0.24, 0.36, 0.25, 0.46, 0.25, 0.39, 0.31, 0.25, 0.29, 0.32, 0.61, 0.23, 0.35, 0.29, 0.62


Running iteration 8 of 10 fold...
training ensembles takes 21.966 sec
creating environment takes 1.944 sec
voting takes 15.582 sec
      accuracy, precision, recall, f_score
  mv: 0.5034, 1.0000, 0.5034, 0.2232
  wv: 0.4830, 1.0000, 0.4830, 0.2171

0.4468027210884354
0.46, 0.50, 0.52, 0.33, 0.49, 0.51, 0.46, 0.36, 0.44, 0.52, 0.53, 0.31, 0.41, 0.54, 0.49, 0.34, 0.31, 0.53, 0.50, 0.30, 0.48, 0.53, 0.48, 0.35, 0.47, 0.49, 0.53, 0.34, 0.37, 0.40, 0.48, 0.32, 0.40, 0.41, 0.41, 0.36, 0.48, 0.48, 0.55, 0.34, 0.42, 0.51, 0.46, 0.34, 0.38, 0.59, 0.55, 0.33, 0.34, 0.57, 0.48, 0.33, 0.31, 0.41, 0.47, 0.38, 0.51, 0.56, 0.55, 0.31, 0.46, 0.51, 0.46, 0.17, 0.43, 0.55, 0.48, 0.35, 0.46, 0.56, 0.53, 0.35, 0.52, 0.50, 0.48, 0.31, 0.44, 0.56, 0.51, 0.29, 0.45, 0.43, 0.53, 0.36, 0.44, 0.57, 0.50, 0.34, 0.36, 0.48, 0.42, 0.34, 0.46, 0.48, 0.49, 0.32, 0.55, 0.57, 0.53, 0.34

0.44142857142857145
0.40, 0.55, 0.52, 0.30, 0.50, 0.54, 0.53, 0.17, 0.43, 0.51, 0.51, 0.46, 0.46, 0.50, 0.40, 0.37, 0.42, 0.40, 0.57, 0.14, 0.44, 0.61, 0.50, 0.29, 0.45, 0.52, 0.46, 0.15, 0.46, 0.51, 0.54, 0.30, 0.34, 0.46, 0.49, 0.31, 0.42, 0.54, 0.51, 0.30, 0.43, 0.61, 0.58, 0.37, 0.41, 0.49, 0.56, 0.31, 0.42, 0.46, 0.55, 0.09, 0.40, 0.57, 0.51, 0.11, 0.33, 0.49, 0.44, 0.18, 0.44, 0.53, 0.48, 0.29, 0.30, 0.48, 0.56, 0.32, 0.45, 0.56, 0.49, 0.35, 0.43, 0.61, 0.53, 0.18, 0.45, 0.53, 0.51, 0.20, 0.42, 1.0, 0.51, 0.31, 0.36, 0.55, 0.48, 0.17, 0.51, 0.55, 0.47, 0.31, 0.51, 0.53, 0.57, 0.34, 0.41, 0.53, 0.49, 0.33


Running iteration 9 of 10 fold...
training ensembles takes 22.624 sec
creating environment takes 1.997 sec
voting takes 15.582 sec
      accuracy, precision, recall, f_score
  mv: 0.4286, 0.7771, 0.6069, 0.3937
  wv: 0.5306, 0.7638, 0.5953, 0.4519

0.3868027210884354
0.27, 0.29, 0.39, 0.58, 0.33, 0.33, 0.41, 0.58, 0.22, 0.35, 0.39, 0.68, 0.35, 0.33, 0.34, 0.58, 0.24, 0.29, 0.39, 0.56, 0.43, 0.20, 0.38, 0.46, 0.29, 0.27, 0.31, 0.55, 0.34, 0.28, 0.36, 0.57, 0.30, 0.27, 0.32, 0.55, 0.34, 0.36, 0.32, 0.61, 0.21, 0.37, 0.39, 0.59, 0.34, 0.24, 0.40, 0.57, 0.43, 0.30, 0.39, 0.36, 0.19, 0.24, 0.34, 0.59, 0.29, 0.33, 0.39, 0.58, 0.38, 0.20, 0.41, 0.61, 0.29, 0.22, 0.40, 0.57, 0.27, 0.26, 0.34, 0.58, 0.21, 0.25, 0.38, 0.53, 0.30, 0.27, 0.34, 0.52, 0.34, 0.29, 0.40, 0.59, 0.30, 0.27, 0.39, 0.59, 0.30, 0.40, 0.32, 0.55, 0.43, 0.23, 0.37, 0.53, 0.44, 0.25, 0.39, 0.54

0.3410884353741497
0.44, 0.26, 0.40, 0.57, 0.36, 0.33, 0.31, 0.72, 0.33, 0.31, 0.33, 0.57, 0.29, 0.28, 0.34, 0.53, 0.30, 0.30, 0.37, 0.59, 0.38, 0.21, 0.36, 0.63, 0.41, 0.39, 0.40, 0.24, 0.29, 0.18, 0.29, 0.15, 0.31, 0.27, 0.37, 0.59, 0.33, 0.27, 0.34, 0.57, 0.32, 0.23, 0.38, 0.10, 0.30, 0.29, 0.32, 0.36, 0.24, 0.28, 0.36, 0.59, 0.32, 0.30, 0.41, 0.12, 0.39, 0.25, 0.39, 0.12, 0.37, 0.29, 0.35, 0.57, 0.40, 0.29, 0.45, 0.10, 0.27, 0.19, 0.37, 0.70, 0.25, 0.19, 0.40, 0.12, 0.31, 0.20, 0.36, 0.14, 0.23, 0.22, 0.37, 0.58, 0.23, 0.19, 0.32, 0.15, 0.27, 0.31, 0.28, 0.50, 0.29, 0.31, 0.36, 0.59, 0.33, 0.38, 0.30, 0.12


Running iteration 10 of 10 fold...
training ensembles takes 21.840 sec
creating environment takes 2.109 sec
voting takes 14.896 sec
      accuracy, precision, recall, f_score
  mv: 0.3537, 1.0000, 0.3537, 0.1742
  wv: 0.4354, 1.0000, 0.4354, 0.2022

0.33326530612244903
0.24, 0.28, 0.27, 0.34, 0.40, 0.0, 0.34, 0.38, 0.46, 0.33, 0.27, 0.51, 0.46, 0.28, 0.31, 0.36, 0.40, 0.20, 0.35, 0.45, 0.34, 0.27, 0.26, 0.36, 0.44, 0.32, 0.41, 0.93, 0.22, 0.23, 0.32, 0.39, 0.30, 0.36, 0.31, 0.31, 0.26, 0.04, 0.31, 0.48, 0.30, 0.30, 0.29, 0.43, 0.31, 0.20, 0.38, 0.36, 0.27, 0.23, 0.30, 0.53, 0.25, 0.31, 0.33, 0.34, 0.29, 0.22, 0.35, 0.27, 0.40, 0.14, 0.36, 0.44, 0.23, 0.38, 0.34, 0.28, 0.37, 0.39, 0.34, 0.34, 0.26, 0.15, 0.33, 0.42, 0.34, 0.29, 0.28, 0.31, 0.31, 0.15, 0.29, 0.25, 0.37, 0.29, 0.32, 0.35, 0.42, 0.14, 0.29, 0.50, 0.34, 0.34, 0.31, 0.80, 0.29, 0.34, 0.31, 0.28

0.43047619047619046
0.46, 0.29, 0.30, 0.87, 0.22, 0.35, 0.28, 0.93, 0.19, 0.23, 0.29, 0.53, 0.42, 0.06, 0.33, 0.91, 0.34, 0.21, 0.25, 0.93, 0.25, 0.0, 0.30, 0.95, 0.28, 0.10, 0.24, 0.94, 0.27, 0.21, 0.39, 0.93, 0.44, 0.34, 0.36, 0.92, 0.29, 0.03, 0.25, 0.93, 0.29, 0.42, 0.32, 0.93, 0.26, 0.07, 0.45, 0.85, 0.33, 0.05, 0.31, 0.93, 0.31, 0.18, 0.33, 0.84, 0.43, 0.10, 0.29, 0.89, 0.17, 0.18, 0.32, 0.92, 0.26, 0.0, 0.25, 0.73, 0.42, 0.12, 0.35, 0.82, 0.61, 0.09, 0.35, 0.93, 0.44, 0.26, 0.26, 0.95, 0.55, 0.28, 0.30, 0.77, 0.32, 0.04, 0.36, 0.92, 0.31, 0.29, 0.24, 0.91, 0.41, 0.31, 0.44, 0.54, 0.26, 0.36, 0.34, 0.82

      accuracy, precision, recall, f_score
  mv: 0.4058, 0.9100, 0.4405, 0.2526
  wv: 0.4535, 0.9040, 0.4770, 0.2722
  fs: 0.0000, 0.0000, 0.0000, 0.0000
adab: 0.0000, 0.0000, 0.0000, 0.0000
eprl: 0.0000, 0.0000, 0.0000, 0.0000
ibrl: 0.0000, 0.0000, 0.0000, 0.0000

time costs: C, E, V, FS, Ada, EPRL, IBRL
       22.07, 2.03, 15.27, 0.0, 0.0, 0.0, 0.0
FS size: 0.00000, EPRL size: 0.00000, IBRL size: 0.00000
full test avg accu: 0.38364, part test avg accu: 0.36991
