{'dataset': 'cmc', 'algorithm': 'ptdqn', 'num_clf': 100, 'num_training': 10000, 'learning_rate': 0.1, 'discount_factor': 1.0, 'epsilon': 0.1, 'random_state': 6666, 'portion': 0.5, 'sequential': False}
reading data takes 9.107 sec
data shape: (1473, 22)
number of labels: 3

Running iteration 1 of 10 fold...
loading ensembles takes 0.285 sec
creating environment takes 1.268 sec
voting takes 19.538 sec
      accuracy, precision, recall, f_score
  mv: 0.4189, 1.0000, 0.4189, 0.1968
  wv: 0.5270, 1.0000, 0.5270, 0.2301

0.3929054054054054
0.40, 0.32, 0.47, 0.31, 0.38, 0.32, 0.27, 0.22, 0.37, 0.37, 0.44, 0.29, 0.41, 0.39, 0.35, 0.33, 0.30, 0.33, 0.22, 0.28, 0.27, 0.27, 0.21, 0.16, 0.27, 0.20, 0.33, 0.33, 0.16, 0.38, 0.20, 0.23, 0.43, 0.20, 0.47, 0.24, 0.39, 0.50, 0.58, 0.42, 0.31, 0.27, 0.41, 0.33, 0.41, 0.41, 0.47, 0.31, 0.34, 0.25, 0.26, 0.25, 0.37, 0.52, 0.37, 0.18, 0.36, 0.32, 0.39, 0.43, 0.41, 0.62, 0.25, 0.59, 0.38, 0.41, 0.52, 0.50, 0.42, 0.46, 0.51, 0.54, 0.52, 0.44, 0.54, 0.64, 0.50, 0.45, 0.48, 0.51, 0.43, 0.5, 0.50, 0.54, 0.42, 0.45, 0.41, 0.47, 0.45, 0.59, 0.43, 0.44, 0.37, 0.52, 0.35, 0.45, 0.53, 0.49, 0.37, 0.43

0.389054054054054
0.42, 0.22, 0.38, 0.44, 0.29, 0.28, 0.22, 0.32, 0.39, 0.35, 0.33, 0.47, 0.20, 0.27, 0.28, 0.29, 0.21, 0.19, 0.31, 0.16, 0.29, 0.22, 0.28, 0.25, 0.22, 0.36, 0.32, 0.39, 0.21, 0.36, 0.24, 0.23, 0.36, 0.37, 0.47, 0.50, 0.36, 0.55, 0.44, 0.39, 0.51, 0.29, 0.52, 0.39, 0.30, 0.38, 0.31, 0.42, 0.36, 0.32, 0.35, 0.39, 0.33, 0.44, 0.58, 0.45, 0.49, 0.34, 0.27, 0.52, 0.39, 0.31, 0.33, 0.56, 0.43, 0.50, 0.25, 0.54, 0.54, 0.42, 0.39, 0.46, 0.35, 0.50, 0.60, 0.45, 0.36, 0.46, 0.41, 0.40, 0.31, 0.56, 0.41, 0.46, 0.55, 0.42, 0.35, 0.46, 0.56, 0.54, 0.35, 0.44, 0.45, 0.45, 0.38, 0.35, 0.45, 0.48, 0.54, 0.49


Running iteration 2 of 10 fold...
loading ensembles takes 0.270 sec
creating environment takes 1.291 sec
voting takes 19.896 sec
      accuracy, precision, recall, f_score
  mv: 0.4527, 1.0000, 0.4527, 0.2078
  wv: 0.5743, 1.0000, 0.5743, 0.2432

0.4125675675675676
0.62, 0.33, 0.31, 0.48, 0.32, 0.32, 0.33, 0.27, 0.33, 0.35, 0.35, 0.29, 0.35, 0.23, 0.33, 0.24, 0.33, 0.29, 0.33, 0.29, 0.37, 0.19, 0.21, 0.45, 0.36, 0.36, 0.28, 0.28, 0.33, 0.33, 0.36, 0.26, 0.35, 0.35, 0.43, 0.45, 0.34, 0.22, 0.55, 0.45, 0.37, 0.45, 0.45, 0.45, 0.63, 0.45, 0.39, 0.44, 0.43, 0.45, 0.53, 0.42, 0.33, 0.35, 0.62, 0.39, 0.57, 0.34, 0.52, 0.36, 0.45, 0.45, 0.54, 0.51, 0.49, 0.46, 0.47, 0.43, 0.43, 0.53, 0.46, 0.44, 0.45, 0.41, 0.47, 0.39, 0.49, 0.47, 0.53, 0.44, 0.5, 0.52, 0.52, 0.42, 0.51, 0.39, 0.52, 0.45, 0.44, 0.34, 0.41, 0.5, 0.41, 0.44, 0.54, 0.54, 0.32, 0.41, 0.37, 0.41

0.3885135135135135
0.38, 0.44, 0.36, 0.29, 0.31, 0.25, 0.27, 0.37, 0.41, 0.29, 0.23, 0.28, 0.32, 0.41, 0.22, 0.19, 0.11, 0.27, 0.33, 0.18, 0.13, 0.18, 0.33, 0.42, 0.25, 0.33, 0.36, 0.41, 0.41, 0.31, 0.25, 0.29, 0.23, 0.20, 0.19, 0.43, 0.37, 0.51, 0.29, 0.43, 0.27, 0.46, 0.57, 0.35, 0.26, 0.44, 0.26, 0.41, 0.37, 0.38, 0.41, 0.26, 0.43, 0.44, 0.38, 0.47, 0.35, 0.46, 0.49, 0.32, 0.46, 0.43, 0.33, 0.52, 0.41, 0.31, 0.48, 0.37, 0.43, 0.52, 0.53, 0.39, 0.51, 0.55, 0.54, 0.33, 0.43, 0.41, 0.68, 0.47, 0.52, 0.45, 0.44, 0.51, 0.43, 0.46, 0.45, 0.49, 0.44, 0.44, 0.58, 0.46, 0.44, 0.42, 0.48, 0.50, 0.47, 0.41, 0.41, 0.39


Running iteration 3 of 10 fold...
loading ensembles takes 0.288 sec
creating environment takes 1.391 sec
voting takes 20.377 sec
      accuracy, precision, recall, f_score
  mv: 0.3919, 0.7837, 0.3611, 0.3043
  wv: 0.4797, 0.8667, 0.3766, 0.3333

0.38344594594594594
0.21, 0.33, 0.25, 0.29, 0.23, 0.15, 0.27, 0.26, 0.27, 0.27, 0.25, 0.26, 0.30, 0.38, 0.29, 0.23, 0.33, 0.18, 0.14, 0.43, 0.26, 0.29, 0.32, 0.26, 0.23, 0.29, 0.32, 0.29, 0.31, 0.20, 0.41, 0.27, 0.29, 0.21, 0.5, 0.46, 0.45, 0.30, 0.50, 0.47, 0.51, 0.40, 0.44, 0.35, 0.29, 0.57, 0.53, 0.43, 0.40, 0.50, 0.50, 0.42, 0.57, 0.47, 0.50, 0.58, 0.45, 0.35, 0.33, 0.39, 0.50, 0.57, 0.46, 0.29, 0.35, 0.48, 0.57, 0.41, 0.47, 0.35, 0.47, 0.41, 0.36, 0.48, 0.36, 0.47, 0.41, 0.47, 0.45, 0.41, 0.42, 0.35, 0.32, 0.42, 0.44, 0.46, 0.31, 0.36, 0.39, 0.45, 0.37, 0.41, 0.49, 0.37, 0.43, 0.43, 0.49, 0.43, 0.39, 0.49

0.36837837837837833
0.27, 0.44, 0.27, 0.27, 0.29, 0.23, 0.27, 0.35, 0.21, 0.30, 0.26, 0.27, 0.38, 0.37, 0.34, 0.32, 0.27, 0.32, 0.41, 0.29, 0.31, 0.28, 0.37, 0.37, 0.25, 0.33, 0.26, 0.27, 0.43, 0.25, 0.31, 0.37, 0.37, 0.16, 0.44, 0.41, 0.32, 0.40, 0.37, 0.34, 0.41, 0.27, 0.47, 0.40, 0.23, 0.42, 0.33, 0.25, 0.27, 0.25, 0.47, 0.31, 0.35, 0.43, 0.37, 0.26, 0.33, 0.31, 0.55, 0.39, 0.41, 0.35, 0.14, 0.22, 0.33, 0.48, 0.46, 0.41, 0.39, 0.54, 0.48, 0.44, 0.41, 0.38, 0.41, 0.47, 0.43, 0.41, 0.40, 0.43, 0.45, 0.46, 0.41, 0.55, 0.57, 0.37, 0.41, 0.45, 0.45, 0.48, 0.35, 0.42, 0.45, 0.41, 0.41, 0.44, 0.36, 0.29, 0.40, 0.41


Running iteration 4 of 10 fold...
loading ensembles takes 0.290 sec
creating environment takes 1.365 sec
voting takes 20.521 sec
      accuracy, precision, recall, f_score
  mv: 0.0000, 0.0000, 0.0000, 0.0000
  wv: 0.0000, 0.0000, 0.0000, 0.0000

0.03591836734693877
0.0, 0.0, 0.0, 0.0, 0.0, 0.0, 0.0, 0.0, 0.0, 0.0, 0.0, 0.0, 0.0, 0.0, 0.0, 0.0, 0.0, 0.0, 0.0, 0.0, 0.0, 0.0, 0.02, 0.0, 0.0, 0.0, 0.0, 0.0, 0.0, 0.0, 0.0, 0.0, 0.0, 0.0, 0.00, 0.00, 0.0, 0.0, 0.00, 0.00, 0.00, 0.0, 0.00, 0.0, 0.0, 0.0, 0.00, 0.00, 0.00, 0.0, 0.00, 0.01, 0.00, 0.00, 0.0, 0.0, 0.0, 0.00, 0.0, 0.0, 0.0, 0.0, 0.01, 0.0, 0.00, 0.00, 0.0, 0.12, 0.25, 0.06, 0.13, 0.06, 0.01, 0.05, 0.12, 0.10, 0.04, 0.08, 0.10, 0.12, 0.23, 0.15, 0.14, 0.15, 0.06, 0.10, 0.06, 0.04, 0.02, 0.08, 0.21, 0.06, 0.08, 0.10, 0.02, 0.06, 0.18, 0.24, 0.04, 0.02

0.03469387755102041
0.0, 0.0, 0.0, 0.0, 0.0, 0.0, 0.0, 0.0, 0.0, 0.0, 0.0, 0.0, 0.02, 0.0, 0.0, 0.00, 0.0, 0.02, 0.0, 0.0, 0.0, 0.0, 0.0, 0.0, 0.0, 0.0, 0.02, 0.0, 0.00, 0.0, 0.0, 0.0, 0.0, 0.0, 0.0, 0.0, 0.0, 0.00, 0.0, 0.00, 0.00, 0.0, 0.0, 0.00, 0.01, 0.0, 0.00, 0.0, 0.0, 0.0, 0.0, 0.0, 0.0, 0.0, 0.0, 0.0, 0.0, 0.00, 0.00, 0.00, 0.0, 0.0, 0.0, 0.0, 0.00, 0.00, 0.0, 0.00, 0.07, 0.12, 0.15, 0.07, 0.14, 0.00, 0.10, 0.04, 0.12, 0.10, 0.09, 0.13, 0.05, 0.17, 0.03, 0.08, 0.10, 0.17, 0.09, 0.07, 0.11, 0.10, 0.12, 0.07, 0.08, 0.16, 0.08, 0.10, 0.14, 0.18, 0.08, 0.04


Running iteration 5 of 10 fold...
loading ensembles takes 0.277 sec
creating environment takes 1.389 sec
voting takes 20.466 sec
      accuracy, precision, recall, f_score
  mv: 0.0136, 1.0000, 0.0150, 0.0197
  wv: 0.1565, 0.5624, 0.1979, 0.1862

0.22421768707482997
0.0, 0.12, 0.0, 0.31, 0.01, 0.01, 0.12, 0.10, 0.10, 0.25, 0.10, 0.01, 0.19, 0.14, 0.12, 0.12, 0.12, 0.14, 0.08, 0.10, 0.12, 0.20, 0.10, 0.01, 0.07, 0.06, 0.12, 0.12, 0.0, 0.12, 0.0, 0.06, 0.26, 0.04, 0.21, 0.06, 0.02, 0.11, 0.18, 0.14, 0.24, 0.06, 0.07, 0.05, 0.07, 0.18, 0.12, 0.29, 0.06, 0.11, 0.12, 0.04, 0.00, 0.02, 0.06, 0.23, 0.27, 0.27, 0.21, 0.10, 0.08, 0.18, 0.24, 0.17, 0.23, 0.21, 0.06, 0.23, 0.59, 0.34, 0.41, 0.47, 0.40, 0.38, 0.46, 0.57, 0.35, 0.44, 0.34, 0.40, 0.44, 0.46, 0.48, 0.49, 0.36, 0.40, 0.49, 0.48, 0.43, 0.33, 0.49, 0.52, 0.32, 0.39, 0.36, 0.47, 0.36, 0.42, 0.48, 0.57

0.21537414965986396
0.16, 0.03, 0.19, 0.08, 0.19, 0.21, 0.13, 0.14, 0.01, 0.04, 0.17, 0.17, 0.01, 0.06, 0.02, 0.33, 0.01, 0.0, 0.01, 0.09, 0.06, 0.16, 0.18, 0.14, 0.19, 0.01, 0.27, 0.27, 0.08, 0.19, 0.27, 0.08, 0.31, 0.04, 0.23, 0.03, 0.12, 0.04, 0.06, 0.25, 0.22, 0.04, 0.26, 0.14, 0.03, 0.17, 0.12, 0.26, 0.06, 0.06, 0.06, 0.02, 0.19, 0.04, 0.01, 0.27, 0.22, 0.07, 0.03, 0.04, 0.17, 0.02, 0.13, 0.17, 0.13, 0.10, 0.03, 0.10, 0.39, 0.46, 0.48, 0.38, 0.38, 0.41, 0.43, 0.48, 0.49, 0.41, 0.37, 0.36, 0.38, 0.33, 0.55, 0.27, 0.27, 0.36, 0.17, 0.34, 0.40, 0.40, 0.36, 0.50, 0.49, 0.25, 0.54, 0.41, 0.40, 0.49, 0.55, 0.40


Running iteration 6 of 10 fold...
loading ensembles takes 0.303 sec
creating environment takes 1.323 sec
voting takes 20.673 sec
      accuracy, precision, recall, f_score
  mv: 0.0136, 1.0000, 0.0136, 0.0089
  wv: 0.0408, 1.0000, 0.0408, 0.0261

0.13918367346938776
0.0, 0.0, 0.00, 0.00, 0.00, 0.19, 0.0, 0.0, 0.0, 0.0, 0.0, 0.00, 0.00, 0.0, 0.00, 0.0, 0.01, 0.0, 0.0, 0.0, 0.0, 0.11, 0.0, 0.18, 0.00, 0.0, 0.00, 0.0, 0.01, 0.00, 0.18, 0.00, 0.00, 0.00, 0.03, 0.02, 0.02, 0.00, 0.07, 0.02, 0.10, 0.09, 0.11, 0.06, 0.0, 0.01, 0.08, 0.03, 0.02, 0.02, 0.02, 0.00, 0.02, 0.02, 0.07, 0.08, 0.00, 0.06, 0.03, 0.01, 0.09, 0.14, 0.02, 0.08, 0.04, 0.05, 0.02, 0.03, 0.48, 0.31, 0.60, 0.14, 0.18, 0.57, 0.37, 0.27, 0.49, 0.36, 0.29, 0.43, 0.35, 0.39, 0.25, 0.03, 0.40, 0.12, 0.15, 0.38, 0.51, 0.26, 0.24, 0.55, 0.29, 0.48, 0.38, 0.42, 0.43, 0.44, 0.24, 0.52

0.15149659863945578
0.18, 0.0, 0.0, 0.0, 0.22, 0.07, 0.00, 0.10, 0.0, 0.00, 0.18, 0.28, 0.00, 0.11, 0.10, 0.0, 0.00, 0.10, 0.0, 0.00, 0.0, 0.16, 0.10, 0.18, 0.0, 0.10, 0.18, 0.19, 0.10, 0.06, 0.00, 0.00, 0.01, 0.10, 0.05, 0.08, 0.11, 0.05, 0.00, 0.03, 0.01, 0.00, 0.00, 0.08, 0.01, 0.00, 0.00, 0.02, 0.03, 0.01, 0.10, 0.0, 0.04, 0.02, 0.03, 0.10, 0.02, 0.00, 0.03, 0.02, 0.09, 0.02, 0.02, 0.0, 0.00, 0.02, 0.02, 0.0, 0.53, 0.36, 0.09, 0.19, 0.55, 0.49, 0.51, 0.48, 0.38, 0.44, 0.53, 0.34, 0.10, 0.57, 0.56, 0.41, 0.17, 0.61, 0.17, 0.38, 0.55, 0.15, 0.16, 0.36, 0.27, 0.35, 0.36, 0.08, 0.34, 0.29, 0.14, 0.25


Running iteration 7 of 10 fold...
loading ensembles takes 0.307 sec
creating environment takes 1.416 sec
voting takes 20.928 sec
      accuracy, precision, recall, f_score
  mv: 0.1837, 0.0539, 0.4219, 0.1277
  wv: 0.2585, 0.7604, 0.4923, 0.1823

0.29278911564625854
0.19, 0.22, 0.22, 0.18, 0.24, 0.23, 0.21, 0.23, 0.20, 0.20, 0.22, 0.23, 0.22, 0.22, 0.18, 0.22, 0.18, 0.26, 0.23, 0.22, 0.19, 0.31, 0.25, 0.19, 0.25, 0.27, 0.18, 0.23, 0.18, 0.22, 0.22, 0.26, 0.24, 0.22, 0.20, 0.22, 0.25, 0.25, 0.20, 0.17, 0.17, 0.16, 0.17, 0.22, 0.25, 0.19, 0.24, 0.20, 0.20, 0.18, 0.21, 0.21, 0.16, 0.20, 0.16, 0.25, 0.24, 0.26, 0.20, 0.17, 0.17, 0.20, 0.19, 0.18, 0.17, 0.25, 0.17, 0.17, 0.41, 0.52, 0.65, 0.55, 0.39, 0.44, 0.40, 0.36, 0.46, 0.44, 0.48, 0.34, 0.57, 0.53, 0.51, 0.44, 0.52, 0.43, 0.40, 0.54, 0.31, 0.40, 0.50, 0.31, 0.44, 0.41, 0.36, 0.57, 0.34, 0.40, 0.58, 0.51

0.2755102040816326
0.15, 0.19, 0.18, 0.15, 0.23, 0.22, 0.27, 0.23, 0.29, 0.31, 0.23, 0.14, 0.21, 0.15, 0.15, 0.24, 0.15, 0.15, 0.19, 0.31, 0.21, 0.19, 0.23, 0.21, 0.15, 0.16, 0.15, 0.23, 0.14, 0.14, 0.23, 0.27, 0.17, 0.25, 0.30, 0.16, 0.19, 0.17, 0.25, 0.24, 0.18, 0.20, 0.22, 0.21, 0.20, 0.15, 0.19, 0.17, 0.27, 0.25, 0.27, 0.24, 0.23, 0.24, 0.17, 0.19, 0.18, 0.19, 0.22, 0.19, 0.21, 0.17, 0.19, 0.17, 0.18, 0.27, 0.21, 0.23, 0.57, 0.31, 0.31, 0.51, 0.38, 0.43, 0.38, 0.43, 0.44, 0.43, 0.48, 0.46, 0.32, 0.41, 0.47, 0.46, 0.30, 0.38, 0.55, 0.43, 0.33, 0.38, 0.41, 0.34, 0.42, 0.57, 0.25, 0.37, 0.42, 0.38, 0.38, 0.42


Running iteration 8 of 10 fold...
loading ensembles takes 0.284 sec
creating environment takes 1.418 sec
voting takes 20.135 sec
      accuracy, precision, recall, f_score
  mv: 0.4150, 1.0000, 0.4150, 0.1955
  wv: 0.4762, 1.0000, 0.4762, 0.2151

0.387687074829932
0.28, 0.27, 0.26, 0.18, 0.25, 0.46, 0.25, 0.21, 0.29, 0.29, 0.28, 0.21, 0.39, 0.42, 0.35, 0.21, 0.30, 0.42, 0.43, 0.33, 0.31, 0.21, 0.42, 0.18, 0.28, 0.26, 0.44, 0.44, 0.36, 0.33, 0.32, 0.32, 0.18, 0.49, 0.39, 0.44, 0.40, 0.46, 0.42, 0.44, 0.44, 0.48, 0.44, 0.42, 0.26, 0.40, 0.40, 0.62, 0.34, 0.46, 0.34, 0.53, 0.25, 0.57, 0.36, 0.40, 0.47, 0.37, 0.41, 0.38, 0.42, 0.51, 0.49, 0.36, 0.36, 0.58, 0.39, 0.41, 0.38, 0.34, 0.39, 0.35, 0.39, 0.42, 0.38, 0.42, 0.42, 0.41, 0.49, 0.42, 0.44, 0.46, 0.40, 0.53, 0.42, 0.43, 0.33, 0.35, 0.31, 0.47, 0.34, 0.48, 0.36, 0.46, 0.42, 0.40, 0.42, 0.52, 0.45, 0.47

0.41136054421768703
0.43, 0.50, 0.51, 0.36, 0.38, 0.44, 0.40, 0.41, 0.19, 0.11, 0.29, 0.27, 0.08, 0.29, 0.38, 0.28, 0.63, 0.47, 0.37, 0.41, 0.51, 0.41, 0.31, 0.29, 0.38, 0.55, 0.16, 0.28, 0.38, 0.57, 0.28, 0.18, 0.17, 0.31, 0.33, 0.38, 0.40, 0.44, 0.46, 0.54, 0.54, 0.58, 0.31, 0.59, 0.45, 0.43, 0.66, 0.29, 0.62, 0.39, 0.34, 0.50, 0.61, 0.48, 0.42, 0.47, 0.46, 0.33, 0.26, 0.63, 0.44, 0.49, 0.31, 0.47, 0.29, 0.19, 0.32, 0.31, 0.52, 0.55, 0.36, 0.38, 0.44, 0.44, 0.49, 0.46, 0.46, 0.42, 0.48, 0.41, 0.44, 0.51, 0.40, 0.40, 0.34, 0.46, 0.26, 0.34, 0.52, 0.47, 0.37, 0.43, 0.48, 0.51, 0.36, 0.43, 0.42, 0.46, 0.34, 0.55


Running iteration 9 of 10 fold...
loading ensembles takes 0.275 sec
creating environment takes 1.312 sec
voting takes 19.692 sec
      accuracy, precision, recall, f_score
  mv: 0.2177, 0.0968, 0.5810, 0.2176
  wv: 0.2449, 0.8181, 0.5935, 0.2441

0.2345578231292517
0.13, 0.15, 0.22, 0.23, 0.23, 0.21, 0.16, 0.20, 0.17, 0.19, 0.18, 0.42, 0.13, 0.32, 0.20, 0.21, 0.25, 0.17, 0.33, 0.22, 0.15, 0.22, 0.19, 0.23, 0.25, 0.16, 0.15, 0.14, 0.34, 0.10, 0.24, 0.16, 0.13, 0.17, 0.14, 0.21, 0.14, 0.27, 0.16, 0.17, 0.15, 0.17, 0.19, 0.17, 0.22, 0.22, 0.17, 0.22, 0.21, 0.17, 0.15, 0.19, 0.23, 0.16, 0.15, 0.21, 0.20, 0.17, 0.17, 0.20, 0.18, 0.17, 0.21, 0.19, 0.17, 0.17, 0.45, 0.15, 0.18, 0.22, 0.22, 0.29, 0.28, 0.17, 0.31, 0.38, 0.25, 0.29, 0.43, 0.17, 0.34, 0.42, 0.34, 0.30, 0.43, 0.25, 0.32, 0.40, 0.36, 0.32, 0.27, 0.34, 0.25, 0.26, 0.24, 0.36, 0.31, 0.26, 0.27, 0.29

0.24517006802721092
0.19, 0.21, 0.15, 0.17, 0.17, 0.19, 0.27, 0.23, 0.27, 0.21, 0.25, 0.37, 0.21, 0.25, 0.22, 0.19, 0.25, 0.16, 0.30, 0.37, 0.22, 0.23, 0.15, 0.15, 0.23, 0.21, 0.23, 0.15, 0.29, 0.34, 0.19, 0.26, 0.23, 0.23, 0.16, 0.17, 0.28, 0.19, 0.25, 0.43, 0.25, 0.23, 0.19, 0.19, 0.12, 0.14, 0.17, 0.19, 0.14, 0.17, 0.13, 0.19, 0.17, 0.17, 0.19, 0.17, 0.32, 0.17, 0.25, 0.17, 0.15, 0.27, 0.22, 0.18, 0.18, 0.18, 0.19, 0.15, 0.30, 0.31, 0.23, 0.28, 0.32, 0.34, 0.35, 0.21, 0.28, 0.25, 0.27, 0.22, 0.29, 0.30, 0.40, 0.40, 0.23, 0.40, 0.38, 0.32, 0.21, 0.38, 0.28, 0.15, 0.37, 0.25, 0.27, 0.34, 0.29, 0.32, 0.30, 0.30


Running iteration 10 of 10 fold...
loading ensembles takes 0.256 sec
creating environment takes 1.359 sec
voting takes 20.133 sec
      accuracy, precision, recall, f_score
  mv: 0.0068, 1.0000, 0.0068, 0.0045
  wv: 0.0272, 1.0000, 0.0272, 0.0177

0.134421768707483
0.0, 0.00, 0.00, 0.00, 0.00, 0.00, 0.0, 0.0, 0.21, 0.01, 0.0, 0.0, 0.00, 0.00, 0.0, 0.0, 0.09, 0.0, 0.0, 0.09, 0.00, 0.0, 0.00, 0.0, 0.00, 0.21, 0.00, 0.0, 0.00, 0.0, 0.0, 0.01, 0.00, 0.00, 0.01, 0.05, 0.03, 0.01, 0.09, 0.09, 0.0, 0.0, 0.01, 0.02, 0.03, 0.03, 0.09, 0.05, 0.01, 0.09, 0.01, 0.15, 0.01, 0.09, 0.09, 0.02, 0.01, 0.02, 0.03, 0.01, 0.01, 0.09, 0.03, 0.03, 0.06, 0.09, 0.06, 0.06, 0.37, 0.46, 0.39, 0.32, 0.40, 0.31, 0.41, 0.40, 0.48, 0.35, 0.44, 0.13, 0.45, 0.27, 0.38, 0.20, 0.36, 0.49, 0.42, 0.31, 0.24, 0.31, 0.13, 0.18, 0.50, 0.47, 0.31, 0.20, 0.48, 0.18, 0.20, 0.40

0.1626530612244898
0.00, 0.01, 0.14, 0.0, 0.21, 0.13, 0.21, 0.10, 0.21, 0.0, 0.00, 0.00, 0.01, 0.01, 0.01, 0.0, 0.0, 0.0, 0.0, 0.00, 0.0, 0.01, 0.00, 0.21, 0.01, 0.0, 0.00, 0.00, 0.10, 0.21, 0.10, 0.00, 0.13, 0.12, 0.03, 0.09, 0.03, 0.08, 0.02, 0.03, 0.09, 0.08, 0.09, 0.06, 0.03, 0.02, 0.17, 0.02, 0.08, 0.02, 0.02, 0.08, 0.04, 0.06, 0.05, 0.08, 0.08, 0.03, 0.0, 0.02, 0.03, 0.02, 0.08, 0.0, 0.03, 0.08, 0.09, 0.02, 0.32, 0.31, 0.21, 0.41, 0.43, 0.48, 0.37, 0.50, 0.40, 0.12, 0.26, 0.43, 0.54, 0.46, 0.46, 0.29, 0.27, 0.40, 0.53, 0.38, 0.40, 0.17, 0.25, 0.55, 0.46, 0.51, 0.36, 0.27, 0.40, 0.34, 0.68, 0.25

      accuracy, precision, recall, f_score
  mv: 0.2114, 0.6934, 0.2686, 0.1283
  wv: 0.2785, 0.8008, 0.3306, 0.1678
  fs: 0.0000, 0.0000, 0.0000, 0.0000
adab: 0.0000, 0.0000, 0.0000, 0.0000
eprl: 0.0000, 0.0000, 0.0000, 0.0000
ibrl: 0.0000, 0.0000, 0.0000, 0.0000

time costs: C, E, V, FS, Ada, EPRL, IBRL
       0.28, 1.35, 20.23, 0.0, 0.0, 0.0, 0.0
FS size: 0.00000, EPRL size: 0.00000, IBRL size: 0.00000
full test avg accu: 0.26377, part test avg accu: 0.26422
