{'dataset': 'credit', 'algorithm': 'ptdqn', 'num_clf': 100, 'num_training': 10000, 'learning_rate': 0.1, 'discount_factor': 1.0, 'epsilon': 0.1, 'random_state': 6666, 'portion': 0.5, 'sequential': False}
reading data takes 0.084 sec
data shape: (30000, 31)
number of labels: 2

Running iteration 1 of 10 fold...
training ensembles takes 340.733 sec
creating environment takes 214.780 sec
voting takes 1255.545 sec
      accuracy, precision, recall, f_score
  mv: 0.7857, 0.7635, 0.6319, 0.6463
  wv: 0.7790, 0.7555, 0.6223, 0.6353

0.6449000000000001
0.79, 0.77, 0.71, 0.36, 0.79, 0.66, 0.72, 0.39, 0.79, 0.47, 0.71, 0.37, 0.80, 0.78, 0.71, 0.34, 0.79, 0.51, 0.70, 0.42, 0.79, 0.77, 0.72, 0.37, 0.80, 0.74, 0.71, 0.36, 0.79, 0.74, 0.72, 0.36, 0.78, 0.78, 0.72, 0.38, 0.79, 0.78, 0.72, 0.34, 0.79, 0.78, 0.72, 0.36, 0.78, 0.53, 0.72, 0.43, 0.79, 0.48, 0.72, 0.34, 0.79, 0.74, 0.71, 0.37, 0.79, 0.65, 0.71, 0.35, 0.79, 0.77, 0.72, 0.34, 0.79, 0.64, 0.71, 0.35, 0.78, 0.78, 0.72, 0.35, 0.78, 0.69, 0.71, 0.36, 0.77, 0.77, 0.71, 0.34, 0.78, 0.57, 0.72, 0.35, 0.79, 0.77, 0.71, 0.35, 0.79, 0.75, 0.70, 0.35, 0.78, 0.72, 0.71, 0.35, 0.80, 0.73, 0.71, 0.33

0.6490699999999999
0.79, 0.77, 0.71, 0.34, 0.79, 0.77, 0.72, 0.38, 0.79, 0.39, 0.71, 0.35, 0.77, 0.77, 0.70, 0.45, 0.79, 0.77, 0.71, 0.40, 0.79, 0.77, 0.71, 0.36, 0.79, 0.77, 0.71, 0.37, 0.79, 0.77, 0.71, 0.36, 0.78, 0.77, 0.70, 0.36, 0.78, 0.77, 0.70, 0.40, 0.78, 0.67, 0.70, 0.38, 0.79, 0.73, 0.71, 0.36, 0.79, 0.53, 0.71, 0.38, 0.80, 0.78, 0.71, 0.38, 0.79, 0.77, 0.71, 0.41, 0.78, 0.77, 0.70, 0.49, 0.80, 0.27, 0.71, 0.39, 0.78, 0.76, 0.71, 0.34, 0.78, 0.50, 0.71, 0.37, 0.78, 0.49, 0.70, 0.35, 0.78, 0.77, 0.70, 0.54, 0.78, 0.77, 0.71, 0.35, 0.78, 0.78, 0.71, 0.37, 0.78, 0.77, 0.71, 0.40, 0.77, 0.77, 0.72, 0.36


Running iteration 2 of 10 fold...
training ensembles takes 379.280 sec
creating environment takes 205.055 sec
voting takes 1189.034 sec
      accuracy, precision, recall, f_score
  mv: 0.8037, 0.7803, 0.6340, 0.6529
  wv: 0.8000, 0.7753, 0.6278, 0.6456

0.6572066666666667
0.80, 0.64, 0.72, 0.35, 0.79, 0.68, 0.72, 0.40, 0.80, 0.63, 0.72, 0.38, 0.79, 0.72, 0.72, 0.36, 0.80, 0.78, 0.71, 0.38, 0.80, 0.79, 0.72, 0.37, 0.80, 0.75, 0.72, 0.44, 0.80, 0.62, 0.72, 0.36, 0.79, 0.78, 0.72, 0.36, 0.79, 0.75, 0.73, 0.46, 0.80, 0.61, 0.73, 0.35, 0.79, 0.65, 0.73, 0.35, 0.80, 0.72, 0.73, 0.40, 0.80, 0.78, 0.72, 0.39, 0.80, 0.76, 0.71, 0.41, 0.79, 0.79, 0.72, 0.40, 0.80, 0.47, 0.72, 0.36, 0.80, 0.61, 0.72, 0.41, 0.80, 0.72, 0.72, 0.37, 0.79, 0.75, 0.72, 0.34, 0.80, 0.78, 0.71, 0.38, 0.79, 0.72, 0.72, 0.43, 0.80, 0.78, 0.73, 0.37, 0.79, 0.65, 0.72, 0.38, 0.80, 0.74, 0.71, 0.47

0.6678433333333335
0.80, 0.78, 0.72, 0.37, 0.79, 0.77, 0.71, 0.45, 0.79, 0.77, 0.72, 0.35, 0.79, 0.79, 0.72, 0.38, 0.79, 0.78, 0.72, 0.36, 0.80, 0.78, 0.71, 0.41, 0.79, 0.79, 0.71, 0.36, 0.79, 0.78, 0.72, 0.35, 0.80, 0.77, 0.74, 0.36, 0.79, 0.78, 0.72, 0.37, 0.80, 0.79, 0.72, 0.40, 0.80, 0.79, 0.73, 0.34, 0.80, 0.77, 0.71, 0.37, 0.8, 0.79, 0.73, 0.35, 0.80, 0.75, 0.71, 0.35, 0.79, 0.77, 0.72, 0.40, 0.79, 0.78, 0.71, 0.38, 0.79, 0.79, 0.71, 0.38, 0.8, 0.65, 0.71, 0.34, 0.79, 0.78, 0.73, 0.36, 0.80, 0.78, 0.72, 0.36, 0.79, 0.77, 0.72, 0.36, 0.79, 0.64, 0.72, 0.40, 0.79, 0.79, 0.72, 0.38, 0.79, 0.78, 0.73, 0.36


Running iteration 3 of 10 fold...
training ensembles takes 342.178 sec
creating environment takes 200.652 sec
voting takes 1182.430 sec
      accuracy, precision, recall, f_score
  mv: 0.7907, 0.7679, 0.6336, 0.6514
  wv: 0.7860, 0.7604, 0.6189, 0.6349

0.64969
0.79, 0.36, 0.71, 0.40, 0.79, 0.76, 0.71, 0.42, 0.80, 0.77, 0.71, 0.38, 0.80, 0.76, 0.70, 0.38, 0.79, 0.75, 0.71, 0.38, 0.79, 0.77, 0.71, 0.39, 0.79, 0.57, 0.71, 0.41, 0.79, 0.76, 0.71, 0.39, 0.78, 0.77, 0.71, 0.38, 0.79, 0.77, 0.70, 0.41, 0.79, 0.68, 0.72, 0.37, 0.80, 0.77, 0.71, 0.38, 0.79, 0.77, 0.71, 0.38, 0.79, 0.76, 0.71, 0.36, 0.79, 0.54, 0.71, 0.38, 0.78, 0.77, 0.70, 0.38, 0.79, 0.76, 0.71, 0.39, 0.79, 0.53, 0.72, 0.37, 0.80, 0.74, 0.71, 0.39, 0.79, 0.64, 0.71, 0.39, 0.78, 0.37, 0.70, 0.36, 0.79, 0.78, 0.70, 0.39, 0.79, 0.75, 0.70, 0.38, 0.79, 0.75, 0.72, 0.39, 0.79, 0.76, 0.71, 0.37

0.6480566666666667
0.78, 0.77, 0.69, 0.38, 0.79, 0.76, 0.71, 0.38, 0.78, 0.76, 0.72, 0.37, 0.78, 0.72, 0.70, 0.38, 0.78, 0.50, 0.70, 0.36, 0.80, 0.60, 0.70, 0.42, 0.79, 0.58, 0.70, 0.44, 0.77, 0.77, 0.70, 0.39, 0.78, 0.44, 0.70, 0.38, 0.79, 0.76, 0.70, 0.38, 0.78, 0.76, 0.71, 0.37, 0.78, 0.76, 0.70, 0.40, 0.79, 0.76, 0.71, 0.40, 0.77, 0.76, 0.70, 0.39, 0.80, 0.77, 0.71, 0.39, 0.79, 0.76, 0.71, 0.38, 0.78, 0.58, 0.71, 0.41, 0.80, 0.74, 0.70, 0.43, 0.78, 0.70, 0.70, 0.37, 0.79, 0.68, 0.70, 0.37, 0.79, 0.64, 0.70, 0.39, 0.79, 0.76, 0.71, 0.41, 0.79, 0.72, 0.70, 0.37, 0.78, 0.7, 0.70, 0.42, 0.78, 0.59, 0.7, 0.39


Running iteration 4 of 10 fold...
training ensembles takes 348.011 sec
creating environment takes 209.555 sec
voting takes 1212.724 sec
      accuracy, precision, recall, f_score
  mv: 0.7993, 0.7760, 0.6325, 0.6515
  wv: 0.7937, 0.7671, 0.6172, 0.6341

0.6502433333333333
0.78, 0.33, 0.72, 0.38, 0.80, 0.79, 0.72, 0.36, 0.79, 0.77, 0.71, 0.37, 0.79, 0.73, 0.71, 0.39, 0.79, 0.51, 0.71, 0.39, 0.79, 0.62, 0.71, 0.37, 0.79, 0.44, 0.71, 0.37, 0.78, 0.79, 0.71, 0.37, 0.79, 0.77, 0.71, 0.39, 0.79, 0.78, 0.71, 0.35, 0.79, 0.67, 0.71, 0.38, 0.79, 0.76, 0.72, 0.39, 0.79, 0.66, 0.72, 0.37, 0.79, 0.78, 0.72, 0.36, 0.78, 0.78, 0.71, 0.39, 0.79, 0.78, 0.71, 0.43, 0.79, 0.78, 0.72, 0.37, 0.80, 0.78, 0.71, 0.36, 0.79, 0.62, 0.71, 0.38, 0.79, 0.77, 0.72, 0.38, 0.79, 0.77, 0.72, 0.38, 0.79, 0.58, 0.71, 0.37, 0.79, 0.77, 0.72, 0.37, 0.79, 0.74, 0.72, 0.36, 0.79, 0.77, 0.71, 0.39

0.6578133333333334
0.78, 0.54, 0.71, 0.37, 0.78, 0.65, 0.71, 0.42, 0.78, 0.77, 0.71, 0.37, 0.78, 0.77, 0.71, 0.40, 0.78, 0.77, 0.70, 0.48, 0.79, 0.77, 0.70, 0.38, 0.78, 0.78, 0.70, 0.38, 0.78, 0.77, 0.70, 0.37, 0.79, 0.74, 0.71, 0.36, 0.78, 0.52, 0.72, 0.39, 0.79, 0.78, 0.70, 0.37, 0.79, 0.61, 0.71, 0.38, 0.79, 0.77, 0.70, 0.35, 0.78, 0.77, 0.70, 0.42, 0.78, 0.55, 0.71, 0.37, 0.78, 0.77, 0.7, 0.38, 0.78, 0.77, 0.70, 0.46, 0.79, 0.77, 0.71, 0.38, 0.78, 0.78, 0.71, 0.46, 0.78, 0.73, 0.71, 0.4, 0.77, 0.71, 0.71, 0.40, 0.78, 0.77, 0.70, 0.37, 0.78, 0.77, 0.72, 0.49, 0.79, 0.77, 0.71, 0.41, 0.78, 0.73, 0.70, 0.42


Running iteration 5 of 10 fold...
training ensembles takes 335.792 sec
creating environment takes 208.870 sec
voting takes 1958.722 sec
      accuracy, precision, recall, f_score
  mv: 0.8063, 0.7865, 0.6459, 0.6674
  wv: 0.7993, 0.7769, 0.6351, 0.6546

0.6568566666666668
0.80, 0.63, 0.71, 0.36, 0.79, 0.77, 0.71, 0.38, 0.80, 0.77, 0.71, 0.38, 0.79, 0.77, 0.70, 0.37, 0.79, 0.60, 0.72, 0.37, 0.79, 0.77, 0.70, 0.36, 0.78, 0.76, 0.70, 0.37, 0.81, 0.57, 0.72, 0.39, 0.79, 0.37, 0.72, 0.37, 0.80, 0.77, 0.71, 0.37, 0.79, 0.76, 0.71, 0.37, 0.79, 0.71, 0.72, 0.43, 0.80, 0.77, 0.71, 0.38, 0.8, 0.78, 0.72, 0.37, 0.81, 0.77, 0.72, 0.40, 0.80, 0.79, 0.72, 0.37, 0.79, 0.71, 0.71, 0.45, 0.80, 0.78, 0.70, 0.37, 0.80, 0.78, 0.72, 0.40, 0.80, 0.61, 0.73, 0.39, 0.80, 0.77, 0.71, 0.38, 0.80, 0.63, 0.70, 0.35, 0.79, 0.78, 0.71, 0.37, 0.80, 0.78, 0.71, 0.37, 0.80, 0.77, 0.70, 0.37

0.6701200000000002
0.79, 0.78, 0.70, 0.47, 0.80, 0.78, 0.72, 0.39, 0.78, 0.71, 0.71, 0.46, 0.80, 0.77, 0.71, 0.37, 0.80, 0.73, 0.72, 0.42, 0.80, 0.77, 0.72, 0.42, 0.80, 0.60, 0.72, 0.43, 0.79, 0.77, 0.71, 0.41, 0.79, 0.62, 0.71, 0.47, 0.80, 0.57, 0.71, 0.39, 0.80, 0.77, 0.73, 0.38, 0.79, 0.78, 0.71, 0.43, 0.79, 0.49, 0.71, 0.45, 0.79, 0.59, 0.71, 0.45, 0.8, 0.76, 0.71, 0.39, 0.78, 0.76, 0.72, 0.39, 0.79, 0.77, 0.71, 0.38, 0.80, 0.78, 0.71, 0.76, 0.79, 0.76, 0.72, 0.53, 0.79, 0.77, 0.70, 0.39, 0.79, 0.77, 0.71, 0.39, 0.78, 0.77, 0.72, 0.46, 0.79, 0.77, 0.71, 0.40, 0.78, 0.78, 0.71, 0.39, 0.80, 0.59, 0.72, 0.45


Running iteration 6 of 10 fold...
training ensembles takes 713.995 sec
creating environment takes 323.258 sec
voting takes 1673.054 sec
      accuracy, precision, recall, f_score
  mv: 0.7987, 0.7845, 0.6710, 0.6919
  wv: 0.7940, 0.7786, 0.6611, 0.6813

0.6568133333333332
0.80, 0.68, 0.70, 0.40, 0.78, 0.74, 0.69, 0.40, 0.80, 0.76, 0.70, 0.39, 0.79, 0.78, 0.69, 0.37, 0.80, 0.74, 0.70, 0.36, 0.79, 0.67, 0.71, 0.38, 0.78, 0.74, 0.69, 0.37, 0.80, 0.74, 0.70, 0.38, 0.78, 0.77, 0.7, 0.37, 0.79, 0.78, 0.70, 0.43, 0.80, 0.61, 0.70, 0.38, 0.79, 0.78, 0.69, 0.40, 0.79, 0.74, 0.68, 0.36, 0.79, 0.75, 0.70, 0.38, 0.79, 0.76, 0.70, 0.38, 0.80, 0.74, 0.69, 0.37, 0.79, 0.74, 0.69, 0.38, 0.78, 0.68, 0.69, 0.40, 0.80, 0.74, 0.70, 0.38, 0.79, 0.72, 0.69, 0.37, 0.81, 0.78, 0.71, 0.40, 0.79, 0.76, 0.69, 0.36, 0.80, 0.76, 0.70, 0.37, 0.78, 0.76, 0.70, 0.37, 0.81, 0.74, 0.69, 0.36

0.6485600000000001
0.79, 0.55, 0.70, 0.49, 0.80, 0.27, 0.69, 0.43, 0.79, 0.77, 0.69, 0.42, 0.78, 0.53, 0.69, 0.39, 0.79, 0.76, 0.68, 0.38, 0.77, 0.76, 0.69, 0.40, 0.80, 0.74, 0.70, 0.45, 0.79, 0.75, 0.69, 0.39, 0.79, 0.74, 0.69, 0.53, 0.78, 0.75, 0.68, 0.42, 0.80, 0.69, 0.70, 0.72, 0.80, 0.64, 0.69, 0.46, 0.79, 0.74, 0.68, 0.43, 0.78, 0.74, 0.69, 0.41, 0.79, 0.51, 0.68, 0.39, 0.79, 0.75, 0.7, 0.44, 0.77, 0.54, 0.69, 0.39, 0.79, 0.30, 0.68, 0.41, 0.79, 0.75, 0.68, 0.38, 0.78, 0.77, 0.68, 0.46, 0.78, 0.67, 0.68, 0.41, 0.79, 0.55, 0.69, 0.42, 0.80, 0.76, 0.69, 0.36, 0.77, 0.75, 0.69, 0.55, 0.79, 0.75, 0.69, 0.42


Running iteration 7 of 10 fold...
training ensembles takes 391.164 sec
creating environment takes 212.503 sec
voting takes 1380.457 sec
      accuracy, precision, recall, f_score
  mv: 0.8283, 0.8125, 0.6722, 0.6980
  wv: 0.8290, 0.8135, 0.6642, 0.6915

0.6671066666666667
0.81, 0.80, 0.74, 0.36, 0.83, 0.80, 0.73, 0.35, 0.81, 0.75, 0.73, 0.43, 0.81, 0.80, 0.72, 0.38, 0.82, 0.78, 0.73, 0.36, 0.81, 0.78, 0.73, 0.41, 0.82, 0.78, 0.74, 0.34, 0.82, 0.69, 0.73, 0.37, 0.81, 0.81, 0.72, 0.36, 0.82, 0.80, 0.73, 0.36, 0.80, 0.33, 0.72, 0.41, 0.82, 0.52, 0.73, 0.37, 0.82, 0.81, 0.72, 0.36, 0.82, 0.78, 0.72, 0.36, 0.81, 0.78, 0.74, 0.36, 0.82, 0.37, 0.73, 0.37, 0.81, 0.81, 0.73, 0.37, 0.81, 0.78, 0.73, 0.38, 0.81, 0.78, 0.74, 0.36, 0.82, 0.81, 0.72, 0.35, 0.82, 0.56, 0.74, 0.40, 0.81, 0.78, 0.73, 0.38, 0.82, 0.78, 0.73, 0.40, 0.82, 0.80, 0.73, 0.37, 0.81, 0.78, 0.73, 0.39

0.6701433333333333
0.81, 0.78, 0.72, 0.50, 0.81, 0.78, 0.72, 0.39, 0.81, 0.62, 0.72, 0.43, 0.81, 0.79, 0.72, 0.71, 0.81, 0.79, 0.72, 0.46, 0.82, 0.61, 0.72, 0.39, 0.82, 0.76, 0.72, 0.48, 0.80, 0.58, 0.72, 0.53, 0.82, 0.56, 0.73, 0.38, 0.81, 0.78, 0.72, 0.38, 0.82, 0.78, 0.72, 0.39, 0.82, 0.78, 0.71, 0.66, 0.81, 0.80, 0.72, 0.39, 0.80, 0.79, 0.72, 0.45, 0.81, 0.64, 0.72, 0.44, 0.80, 0.27, 0.72, 0.40, 0.80, 0.78, 0.73, 0.42, 0.81, 0.78, 0.70, 0.41, 0.80, 0.74, 0.72, 0.40, 0.81, 0.79, 0.73, 0.43, 0.81, 0.78, 0.72, 0.38, 0.82, 0.34, 0.73, 0.40, 0.81, 0.78, 0.71, 0.36, 0.81, 0.53, 0.72, 0.67, 0.81, 0.38, 0.72, 0.45


Running iteration 8 of 10 fold...
training ensembles takes 431.485 sec
creating environment takes 486.933 sec
voting takes 1562.881 sec
      accuracy, precision, recall, f_score
  mv: 0.8347, 0.8139, 0.6418, 0.6679
  wv: 0.8307, 0.8087, 0.6386, 0.6630

0.6728500000000001
0.83, 0.79, 0.74, 0.35, 0.82, 0.59, 0.73, 0.36, 0.83, 0.45, 0.74, 0.36, 0.83, 0.80, 0.74, 0.41, 0.83, 0.82, 0.74, 0.35, 0.83, 0.80, 0.74, 0.37, 0.83, 0.47, 0.74, 0.37, 0.84, 0.55, 0.75, 0.38, 0.83, 0.80, 0.73, 0.38, 0.83, 0.61, 0.74, 0.36, 0.82, 0.81, 0.73, 0.38, 0.83, 0.80, 0.74, 0.35, 0.84, 0.81, 0.74, 0.36, 0.84, 0.77, 0.74, 0.37, 0.83, 0.54, 0.74, 0.34, 0.83, 0.80, 0.74, 0.37, 0.83, 0.81, 0.74, 0.37, 0.82, 0.80, 0.75, 0.33, 0.83, 0.80, 0.74, 0.39, 0.83, 0.70, 0.74, 0.39, 0.83, 0.80, 0.74, 0.33, 0.83, 0.80, 0.73, 0.37, 0.84, 0.82, 0.75, 0.39, 0.83, 0.81, 0.74, 0.38, 0.83, 0.81, 0.74, 0.35

0.6906999999999998
0.83, 0.59, 0.74, 0.53, 0.83, 0.81, 0.74, 0.37, 0.83, 0.80, 0.75, 0.52, 0.82, 0.80, 0.73, 0.37, 0.83, 0.81, 0.74, 0.43, 0.83, 0.80, 0.74, 0.40, 0.81, 0.80, 0.73, 0.59, 0.82, 0.79, 0.73, 0.39, 0.84, 0.25, 0.75, 0.41, 0.82, 0.78, 0.73, 0.70, 0.83, 0.81, 0.74, 0.40, 0.83, 0.79, 0.74, 0.38, 0.83, 0.69, 0.74, 0.36, 0.83, 0.65, 0.74, 0.52, 0.83, 0.70, 0.74, 0.51, 0.82, 0.80, 0.73, 0.42, 0.81, 0.80, 0.74, 0.38, 0.83, 0.81, 0.74, 0.40, 0.82, 0.73, 0.73, 0.38, 0.83, 0.80, 0.75, 0.57, 0.82, 0.80, 0.73, 0.36, 0.82, 0.63, 0.74, 0.35, 0.83, 0.81, 0.73, 0.38, 0.82, 0.79, 0.73, 0.40, 0.83, 0.80, 0.74, 0.39


Running iteration 9 of 10 fold...
training ensembles takes 387.201 sec
creating environment takes 212.435 sec
voting takes 1567.485 sec
      accuracy, precision, recall, f_score
  mv: 0.8277, 0.8070, 0.6309, 0.6561
  wv: 0.8270, 0.8066, 0.6212, 0.6454

0.6851733333333333
0.83, 0.80, 0.74, 0.41, 0.82, 0.79, 0.74, 0.40, 0.82, 0.80, 0.73, 0.42, 0.83, 0.79, 0.73, 0.38, 0.82, 0.82, 0.74, 0.36, 0.82, 0.79, 0.74, 0.43, 0.82, 0.72, 0.74, 0.38, 0.82, 0.81, 0.74, 0.35, 0.82, 0.79, 0.72, 0.39, 0.83, 0.79, 0.73, 0.40, 0.82, 0.66, 0.74, 0.38, 0.82, 0.80, 0.75, 0.35, 0.83, 0.80, 0.74, 0.46, 0.83, 0.74, 0.74, 0.38, 0.83, 0.80, 0.74, 0.38, 0.82, 0.79, 0.74, 0.40, 0.82, 0.78, 0.74, 0.42, 0.82, 0.80, 0.73, 0.37, 0.82, 0.81, 0.74, 0.35, 0.82, 0.81, 0.72, 0.38, 0.82, 0.62, 0.74, 0.39, 0.82, 0.80, 0.74, 0.44, 0.82, 0.81, 0.73, 0.37, 0.82, 0.80, 0.73, 0.38, 0.82, 0.57, 0.75, 0.39

0.6804633333333331
0.81, 0.80, 0.74, 0.43, 0.82, 0.78, 0.75, 0.37, 0.81, 0.8, 0.75, 0.43, 0.82, 0.80, 0.74, 0.45, 0.82, 0.45, 0.74, 0.37, 0.82, 0.77, 0.73, 0.37, 0.82, 0.37, 0.73, 0.38, 0.81, 0.77, 0.73, 0.37, 0.81, 0.72, 0.74, 0.45, 0.82, 0.63, 0.74, 0.36, 0.82, 0.63, 0.72, 0.38, 0.82, 0.79, 0.74, 0.41, 0.82, 0.77, 0.74, 0.60, 0.81, 0.81, 0.74, 0.37, 0.81, 0.79, 0.73, 0.69, 0.82, 0.69, 0.73, 0.41, 0.82, 0.67, 0.73, 0.51, 0.82, 0.80, 0.72, 0.39, 0.81, 0.79, 0.73, 0.40, 0.83, 0.67, 0.73, 0.47, 0.81, 0.72, 0.73, 0.49, 0.82, 0.81, 0.73, 0.42, 0.81, 0.55, 0.73, 0.47, 0.82, 0.80, 0.74, 0.39, 0.82, 0.79, 0.74, 0.38


Running iteration 10 of 10 fold...
training ensembles takes 807.217 sec
creating environment takes 355.958 sec
voting takes 2005.010 sec
      accuracy, precision, recall, f_score
  mv: 0.8123, 0.7924, 0.6440, 0.6667
  wv: 0.8020, 0.7772, 0.6201, 0.6390

0.6677466666666669
0.81, 0.58, 0.73, 0.38, 0.82, 0.78, 0.73, 0.41, 0.80, 0.78, 0.73, 0.38, 0.81, 0.78, 0.72, 0.38, 0.81, 0.68, 0.72, 0.40, 0.79, 0.78, 0.72, 0.38, 0.80, 0.28, 0.72, 0.40, 0.82, 0.78, 0.73, 0.40, 0.81, 0.77, 0.72, 0.40, 0.82, 0.77, 0.72, 0.41, 0.81, 0.69, 0.72, 0.37, 0.80, 0.77, 0.73, 0.45, 0.81, 0.79, 0.73, 0.39, 0.80, 0.77, 0.73, 0.37, 0.80, 0.76, 0.73, 0.40, 0.81, 0.78, 0.72, 0.41, 0.80, 0.77, 0.73, 0.37, 0.80, 0.78, 0.73, 0.41, 0.80, 0.63, 0.73, 0.40, 0.80, 0.68, 0.72, 0.41, 0.81, 0.64, 0.72, 0.42, 0.81, 0.79, 0.73, 0.39, 0.81, 0.79, 0.72, 0.40, 0.81, 0.73, 0.72, 0.39, 0.81, 0.77, 0.71, 0.4

0.6681833333333335
0.81, 0.77, 0.71, 0.37, 0.81, 0.78, 0.70, 0.35, 0.80, 0.79, 0.71, 0.37, 0.79, 0.78, 0.72, 0.38, 0.80, 0.77, 0.71, 0.42, 0.79, 0.75, 0.71, 0.42, 0.80, 0.73, 0.72, 0.37, 0.80, 0.77, 0.72, 0.37, 0.80, 0.79, 0.71, 0.40, 0.79, 0.78, 0.72, 0.37, 0.81, 0.78, 0.71, 0.42, 0.80, 0.71, 0.71, 0.39, 0.81, 0.49, 0.72, 0.38, 0.80, 0.79, 0.71, 0.41, 0.81, 0.78, 0.72, 0.49, 0.79, 0.77, 0.70, 0.37, 0.78, 0.76, 0.72, 0.41, 0.81, 0.78, 0.72, 0.37, 0.79, 0.78, 0.71, 0.38, 0.79, 0.76, 0.72, 0.40, 0.80, 0.65, 0.71, 0.43, 0.81, 0.78, 0.72, 0.39, 0.79, 0.76, 0.71, 0.40, 0.80, 0.70, 0.71, 0.42, 0.80, 0.68, 0.71, 0.37

      accuracy, precision, recall, f_score
  mv: 0.8087, 0.7884, 0.6438, 0.6650
  wv: 0.8041, 0.7820, 0.6326, 0.6525
  fs: 0.0000, 0.0000, 0.0000, 0.0000
adab: 0.0000, 0.0000, 0.0000, 0.0000
eprl: 0.0000, 0.0000, 0.0000, 0.0000
ibrl: 0.0000, 0.0000, 0.0000, 0.0000

time costs: C, E, V, FS, Ada, EPRL, IBRL
       447.70, 263.00, 1498.73, 0.0, 0.0, 0.0, 0.0
FS size: 0.00000, EPRL size: 0.00000, IBRL size: 0.00000
full test avg accu: 0.66086, part test avg accu: 0.66510
