{'dataset': 'credit', 'algorithm': 'ptdqn', 'num_clf': 100, 'num_training': 10000, 'learning_rate': 0.1, 'discount_factor': 1.0, 'epsilon': 0.1, 'random_state': 6666, 'portion': 0.5, 'sequential': False}
reading data takes 0.078 sec
data shape: (30000, 31)
number of labels: 2

Running iteration 1 of 10 fold...
loading ensembles takes 0.140 sec
creating environment takes 4.889 sec
voting takes 156.765 sec
      accuracy, precision, recall, f_score
  mv: 0.8080, 0.7867, 0.6330, 0.6544
  wv: 0.8077, 0.7862, 0.6317, 0.6530

0.7947700000000001
0.79, 0.80, 0.79, 0.80, 0.79, 0.79, 0.79, 0.80, 0.79, 0.79, 0.78, 0.79, 0.80, 0.79, 0.79, 0.79, 0.79, 0.79, 0.79, 0.80, 0.79, 0.79, 0.80, 0.80, 0.80, 0.78, 0.79, 0.79, 0.79, 0.80, 0.80, 0.79, 0.78, 0.78, 0.79, 0.78, 0.79, 0.79, 0.80, 0.79, 0.79, 0.80, 0.78, 0.78, 0.78, 0.80, 0.78, 0.78, 0.79, 0.79, 0.78, 0.79, 0.79, 0.79, 0.78, 0.79, 0.79, 0.79, 0.79, 0.79, 0.79, 0.78, 0.78, 0.78, 0.79, 0.78, 0.80, 0.79, 0.78, 0.79, 0.80, 0.79, 0.78, 0.79, 0.79, 0.79, 0.77, 0.79, 0.79, 0.78, 0.78, 0.80, 0.79, 0.79, 0.79, 0.79, 0.80, 0.79, 0.79, 0.78, 0.80, 0.78, 0.78, 0.79, 0.79, 0.79, 0.80, 0.78, 0.79, 0.80

0.7891466666666667
0.79, 0.79, 0.79, 0.79, 0.79, 0.78, 0.78, 0.79, 0.79, 0.79, 0.78, 0.78, 0.77, 0.78, 0.80, 0.78, 0.79, 0.78, 0.78, 0.79, 0.79, 0.79, 0.77, 0.79, 0.79, 0.77, 0.79, 0.79, 0.79, 0.78, 0.79, 0.79, 0.78, 0.79, 0.77, 0.77, 0.78, 0.78, 0.77, 0.78, 0.78, 0.79, 0.78, 0.78, 0.79, 0.78, 0.78, 0.78, 0.79, 0.77, 0.78, 0.79, 0.80, 0.78, 0.78, 0.78, 0.79, 0.79, 0.77, 0.78, 0.78, 0.79, 0.78, 0.79, 0.80, 0.79, 0.8, 0.78, 0.78, 0.78, 0.79, 0.78, 0.78, 0.78, 0.78, 0.79, 0.78, 0.78, 0.79, 0.80, 0.78, 0.79, 0.78, 0.78, 0.78, 0.78, 0.80, 0.77, 0.78, 0.79, 0.78, 0.79, 0.78, 0.79, 0.78, 0.79, 0.77, 0.79, 0.78, 0.79


Running iteration 2 of 10 fold...
loading ensembles takes 0.105 sec
creating environment takes 5.105 sec
voting takes 159.835 sec
      accuracy, precision, recall, f_score
  mv: 0.8103, 0.7876, 0.6338, 0.6550
  wv: 0.8090, 0.7858, 0.6318, 0.6526

0.8025933333333333
0.80, 0.80, 0.80, 0.80, 0.79, 0.80, 0.80, 0.80, 0.80, 0.80, 0.80, 0.80, 0.79, 0.80, 0.79, 0.80, 0.80, 0.80, 0.80, 0.80, 0.80, 0.80, 0.80, 0.80, 0.80, 0.80, 0.80, 0.80, 0.80, 0.80, 0.80, 0.80, 0.79, 0.80, 0.79, 0.79, 0.79, 0.80, 0.79, 0.80, 0.80, 0.80, 0.79, 0.8, 0.79, 0.79, 0.79, 0.81, 0.80, 0.80, 0.80, 0.80, 0.80, 0.80, 0.80, 0.80, 0.80, 0.80, 0.79, 0.80, 0.79, 0.80, 0.80, 0.80, 0.80, 0.80, 0.80, 0.79, 0.80, 0.80, 0.80, 0.79, 0.80, 0.79, 0.80, 0.80, 0.79, 0.79, 0.80, 0.80, 0.80, 0.80, 0.79, 0.80, 0.79, 0.80, 0.80, 0.80, 0.80, 0.80, 0.79, 0.79, 0.79, 0.80, 0.80, 0.80, 0.80, 0.80, 0.80, 0.80

0.7977600000000001
0.80, 0.79, 0.80, 0.78, 0.79, 0.79, 0.79, 0.80, 0.79, 0.79, 0.80, 0.79, 0.79, 0.80, 0.79, 0.80, 0.79, 0.79, 0.78, 0.79, 0.80, 0.79, 0.79, 0.79, 0.79, 0.78, 0.79, 0.79, 0.79, 0.80, 0.79, 0.80, 0.80, 0.79, 0.79, 0.80, 0.79, 0.79, 0.79, 0.79, 0.80, 0.80, 0.80, 0.79, 0.80, 0.80, 0.79, 0.79, 0.80, 0.78, 0.78, 0.78, 0.8, 0.79, 0.80, 0.80, 0.80, 0.78, 0.80, 0.80, 0.79, 0.80, 0.80, 0.79, 0.79, 0.79, 0.79, 0.80, 0.79, 0.79, 0.80, 0.80, 0.8, 0.79, 0.80, 0.80, 0.79, 0.80, 0.80, 0.79, 0.80, 0.79, 0.78, 0.80, 0.79, 0.79, 0.79, 0.79, 0.79, 0.78, 0.79, 0.79, 0.79, 0.78, 0.80, 0.79, 0.79, 0.80, 0.80, 0.79


Running iteration 3 of 10 fold...
loading ensembles takes 0.106 sec
creating environment takes 5.180 sec
voting takes 157.611 sec
      accuracy, precision, recall, f_score
  mv: 0.8077, 0.7907, 0.6521, 0.6749
  wv: 0.8043, 0.7862, 0.6441, 0.6659

0.7946300000000001
0.79, 0.79, 0.79, 0.80, 0.79, 0.79, 0.79, 0.79, 0.80, 0.79, 0.79, 0.79, 0.80, 0.79, 0.79, 0.79, 0.79, 0.79, 0.78, 0.80, 0.79, 0.8, 0.79, 0.79, 0.79, 0.78, 0.80, 0.78, 0.79, 0.80, 0.79, 0.79, 0.78, 0.79, 0.79, 0.78, 0.79, 0.80, 0.78, 0.79, 0.79, 0.80, 0.79, 0.79, 0.80, 0.80, 0.79, 0.78, 0.79, 0.80, 0.78, 0.79, 0.79, 0.79, 0.78, 0.8, 0.79, 0.80, 0.78, 0.80, 0.78, 0.79, 0.80, 0.79, 0.79, 0.78, 0.79, 0.79, 0.79, 0.79, 0.79, 0.78, 0.80, 0.80, 0.80, 0.79, 0.79, 0.79, 0.79, 0.79, 0.78, 0.79, 0.79, 0.80, 0.79, 0.78, 0.78, 0.80, 0.79, 0.79, 0.79, 0.79, 0.79, 0.80, 0.78, 0.78, 0.79, 0.79, 0.78, 0.79

0.7900399999999997
0.78, 0.78, 0.79, 0.78, 0.79, 0.78, 0.79, 0.79, 0.78, 0.78, 0.79, 0.78, 0.78, 0.78, 0.78, 0.79, 0.78, 0.78, 0.78, 0.78, 0.80, 0.79, 0.80, 0.79, 0.79, 0.78, 0.78, 0.77, 0.77, 0.79, 0.78, 0.79, 0.78, 0.77, 0.78, 0.79, 0.79, 0.79, 0.78, 0.78, 0.78, 0.77, 0.79, 0.80, 0.78, 0.79, 0.79, 0.79, 0.79, 0.79, 0.78, 0.78, 0.77, 0.78, 0.78, 0.78, 0.80, 0.79, 0.78, 0.78, 0.79, 0.79, 0.79, 0.79, 0.78, 0.79, 0.79, 0.79, 0.80, 0.79, 0.79, 0.78, 0.78, 0.78, 0.80, 0.79, 0.79, 0.79, 0.78, 0.77, 0.79, 0.79, 0.77, 0.77, 0.79, 0.78, 0.79, 0.79, 0.79, 0.78, 0.78, 0.79, 0.78, 0.79, 0.79, 0.80, 0.78, 0.79, 0.77, 0.79


Running iteration 4 of 10 fold...
loading ensembles takes 0.106 sec
creating environment takes 5.095 sec
voting takes 160.156 sec
      accuracy, precision, recall, f_score
  mv: 0.8033, 0.7806, 0.6293, 0.6494
  wv: 0.8050, 0.7830, 0.6324, 0.6531

0.7936233333333332
0.78, 0.79, 0.78, 0.79, 0.80, 0.79, 0.78, 0.78, 0.79, 0.79, 0.78, 0.79, 0.79, 0.80, 0.79, 0.79, 0.79, 0.79, 0.79, 0.79, 0.79, 0.79, 0.79, 0.79, 0.79, 0.79, 0.78, 0.79, 0.78, 0.79, 0.79, 0.79, 0.79, 0.78, 0.79, 0.78, 0.79, 0.79, 0.79, 0.78, 0.79, 0.79, 0.78, 0.79, 0.79, 0.8, 0.79, 0.79, 0.79, 0.78, 0.79, 0.78, 0.79, 0.79, 0.79, 0.78, 0.78, 0.79, 0.79, 0.79, 0.79, 0.8, 0.79, 0.79, 0.79, 0.79, 0.80, 0.79, 0.80, 0.79, 0.79, 0.78, 0.79, 0.79, 0.79, 0.79, 0.79, 0.79, 0.78, 0.79, 0.79, 0.79, 0.78, 0.79, 0.79, 0.80, 0.79, 0.79, 0.79, 0.79, 0.8, 0.78, 0.79, 0.79, 0.78, 0.78, 0.79, 0.79, 0.78, 0.78

0.7879866666666666
0.78, 0.78, 0.79, 0.79, 0.78, 0.79, 0.79, 0.78, 0.78, 0.79, 0.77, 0.79, 0.78, 0.78, 0.78, 0.78, 0.78, 0.79, 0.78, 0.79, 0.79, 0.78, 0.78, 0.79, 0.78, 0.79, 0.79, 0.78, 0.78, 0.78, 0.78, 0.79, 0.79, 0.79, 0.78, 0.78, 0.78, 0.79, 0.79, 0.79, 0.79, 0.78, 0.79, 0.78, 0.79, 0.79, 0.78, 0.78, 0.79, 0.78, 0.79, 0.79, 0.78, 0.78, 0.78, 0.79, 0.78, 0.78, 0.79, 0.78, 0.78, 0.78, 0.78, 0.78, 0.78, 0.78, 0.77, 0.79, 0.79, 0.79, 0.78, 0.78, 0.78, 0.78, 0.79, 0.78, 0.78, 0.78, 0.78, 0.78, 0.77, 0.79, 0.78, 0.78, 0.78, 0.79, 0.78, 0.78, 0.78, 0.78, 0.78, 0.78, 0.79, 0.78, 0.79, 0.79, 0.78, 0.79, 0.78, 0.78


Running iteration 5 of 10 fold...
loading ensembles takes 0.105 sec
creating environment takes 5.099 sec
voting takes 161.637 sec
      accuracy, precision, recall, f_score
  mv: 0.8180, 0.8025, 0.6581, 0.6834
  wv: 0.8153, 0.7989, 0.6522, 0.6768

0.8007133333333333
0.80, 0.81, 0.81, 0.80, 0.79, 0.80, 0.79, 0.79, 0.80, 0.80, 0.81, 0.80, 0.79, 0.78, 0.80, 0.80, 0.79, 0.78, 0.80, 0.80, 0.79, 0.78, 0.8, 0.77, 0.78, 0.80, 0.78, 0.79, 0.81, 0.79, 0.80, 0.79, 0.79, 0.80, 0.8, 0.79, 0.80, 0.80, 0.80, 0.80, 0.79, 0.78, 0.79, 0.80, 0.79, 0.80, 0.78, 0.81, 0.80, 0.79, 0.78, 0.81, 0.8, 0.80, 0.79, 0.79, 0.81, 0.80, 0.79, 0.79, 0.80, 0.78, 0.80, 0.79, 0.79, 0.79, 0.79, 0.80, 0.80, 0.80, 0.80, 0.80, 0.80, 0.79, 0.78, 0.80, 0.80, 0.79, 0.80, 0.80, 0.80, 0.80, 0.79, 0.79, 0.80, 0.80, 0.80, 0.81, 0.79, 0.81, 0.79, 0.79, 0.80, 0.81, 0.80, 0.81, 0.80, 0.79, 0.79, 0.79

0.7963833333333333
0.79, 0.80, 0.79, 0.78, 0.80, 0.79, 0.80, 0.79, 0.78, 0.80, 0.78, 0.79, 0.80, 0.77, 0.79, 0.80, 0.80, 0.79, 0.80, 0.78, 0.80, 0.79, 0.79, 0.80, 0.80, 0.80, 0.8, 0.79, 0.79, 0.79, 0.80, 0.80, 0.79, 0.80, 0.78, 0.78, 0.80, 0.79, 0.79, 0.79, 0.80, 0.79, 0.80, 0.80, 0.79, 0.79, 0.78, 0.78, 0.79, 0.79, 0.79, 0.81, 0.79, 0.80, 0.80, 0.80, 0.8, 0.8, 0.78, 0.77, 0.78, 0.79, 0.79, 0.79, 0.79, 0.80, 0.79, 0.79, 0.80, 0.78, 0.80, 0.78, 0.79, 0.78, 0.80, 0.79, 0.79, 0.78, 0.80, 0.79, 0.79, 0.79, 0.80, 0.79, 0.78, 0.80, 0.79, 0.79, 0.79, 0.80, 0.79, 0.79, 0.78, 0.79, 0.79, 0.79, 0.80, 0.80, 0.78, 0.79


Running iteration 6 of 10 fold...
loading ensembles takes 0.105 sec
creating environment takes 5.529 sec
voting takes 162.521 sec
      accuracy, precision, recall, f_score
  mv: 0.8140, 0.8032, 0.6990, 0.7217
  wv: 0.8137, 0.8031, 0.6950, 0.7184

0.7968999999999999
0.80, 0.79, 0.79, 0.79, 0.78, 0.78, 0.79, 0.80, 0.80, 0.80, 0.79, 0.79, 0.79, 0.80, 0.79, 0.81, 0.80, 0.78, 0.79, 0.79, 0.79, 0.78, 0.79, 0.81, 0.78, 0.78, 0.80, 0.81, 0.80, 0.79, 0.79, 0.81, 0.78, 0.79, 0.78, 0.80, 0.79, 0.78, 0.79, 0.79, 0.80, 0.79, 0.79, 0.79, 0.79, 0.78, 0.79, 0.78, 0.79, 0.79, 0.80, 0.79, 0.79, 0.79, 0.79, 0.79, 0.79, 0.80, 0.80, 0.78, 0.80, 0.79, 0.79, 0.80, 0.79, 0.78, 0.80, 0.80, 0.78, 0.79, 0.79, 0.78, 0.80, 0.77, 0.79, 0.79, 0.79, 0.80, 0.79, 0.79, 0.81, 0.80, 0.80, 0.79, 0.79, 0.80, 0.80, 0.79, 0.80, 0.80, 0.78, 0.80, 0.78, 0.78, 0.78, 0.79, 0.81, 0.80, 0.79, 0.79

0.7922533333333334
0.79, 0.80, 0.80, 0.79, 0.80, 0.78, 0.76, 0.79, 0.79, 0.76, 0.78, 0.78, 0.78, 0.78, 0.77, 0.78, 0.79, 0.79, 0.78, 0.78, 0.77, 0.78, 0.77, 0.79, 0.80, 0.79, 0.79, 0.78, 0.79, 0.77, 0.80, 0.79, 0.79, 0.80, 0.78, 0.79, 0.78, 0.79, 0.79, 0.80, 0.80, 0.79, 0.81, 0.80, 0.80, 0.79, 0.77, 0.79, 0.79, 0.80, 0.78, 0.79, 0.78, 0.80, 0.79, 0.79, 0.79, 0.78, 0.77, 0.77, 0.79, 0.79, 0.77, 0.80, 0.77, 0.77, 0.78, 0.79, 0.79, 0.80, 0.78, 0.80, 0.79, 0.78, 0.80, 0.80, 0.78, 0.79, 0.80, 0.79, 0.78, 0.80, 0.77, 0.80, 0.79, 0.78, 0.79, 0.78, 0.80, 0.78, 0.79, 0.80, 0.77, 0.78, 0.79, 0.79, 0.79, 0.80, 0.79, 0.79


Running iteration 7 of 10 fold...
loading ensembles takes 0.112 sec
creating environment takes 5.690 sec
voting takes 164.379 sec
      accuracy, precision, recall, f_score
  mv: 0.8337, 0.8196, 0.6739, 0.7023
  wv: 0.8313, 0.8169, 0.6645, 0.6929

0.8186266666666665
0.81, 0.81, 0.80, 0.81, 0.83, 0.82, 0.80, 0.81, 0.81, 0.82, 0.82, 0.80, 0.81, 0.81, 0.82, 0.82, 0.82, 0.82, 0.82, 0.81, 0.81, 0.81, 0.82, 0.80, 0.82, 0.81, 0.82, 0.81, 0.82, 0.82, 0.82, 0.81, 0.81, 0.82, 0.80, 0.82, 0.82, 0.81, 0.82, 0.82, 0.80, 0.82, 0.82, 0.81, 0.82, 0.82, 0.81, 0.82, 0.82, 0.82, 0.81, 0.81, 0.82, 0.82, 0.81, 0.82, 0.81, 0.82, 0.81, 0.82, 0.82, 0.83, 0.81, 0.81, 0.81, 0.81, 0.82, 0.81, 0.81, 0.81, 0.81, 0.81, 0.81, 0.83, 0.80, 0.82, 0.82, 0.81, 0.81, 0.80, 0.82, 0.81, 0.81, 0.81, 0.81, 0.82, 0.82, 0.82, 0.82, 0.82, 0.81, 0.80, 0.82, 0.82, 0.80, 0.80, 0.81, 0.81, 0.81, 0.82

0.8137033333333333
0.81, 0.82, 0.81, 0.81, 0.81, 0.81, 0.81, 0.80, 0.81, 0.81, 0.81, 0.81, 0.81, 0.82, 0.81, 0.80, 0.81, 0.81, 0.80, 0.81, 0.82, 0.81, 0.80, 0.81, 0.82, 0.81, 0.82, 0.79, 0.80, 0.80, 0.81, 0.80, 0.82, 0.81, 0.80, 0.82, 0.81, 0.79, 0.82, 0.81, 0.82, 0.80, 0.81, 0.80, 0.82, 0.81, 0.81, 0.81, 0.81, 0.81, 0.81, 0.81, 0.80, 0.80, 0.80, 0.81, 0.81, 0.81, 0.81, 0.81, 0.80, 0.82, 0.81, 0.82, 0.80, 0.81, 0.80, 0.82, 0.81, 0.81, 0.81, 0.80, 0.80, 0.80, 0.80, 0.81, 0.81, 0.81, 0.82, 0.81, 0.81, 0.81, 0.81, 0.82, 0.82, 0.80, 0.81, 0.82, 0.81, 0.81, 0.82, 0.81, 0.81, 0.81, 0.81, 0.81, 0.81, 0.80, 0.80, 0.81


Running iteration 8 of 10 fold...
loading ensembles takes 0.105 sec
creating environment takes 5.087 sec
voting takes 160.930 sec
      accuracy, precision, recall, f_score
  mv: 0.8503, 0.8373, 0.6561, 0.6895
  wv: 0.8467, 0.8325, 0.6452, 0.6771

0.83293
0.83, 0.83, 0.83, 0.83, 0.82, 0.83, 0.81, 0.84, 0.83, 0.83, 0.83, 0.83, 0.83, 0.82, 0.82, 0.83, 0.83, 0.83, 0.83, 0.83, 0.83, 0.83, 0.82, 0.83, 0.83, 0.84, 0.82, 0.84, 0.84, 0.83, 0.83, 0.82, 0.83, 0.84, 0.82, 0.84, 0.83, 0.83, 0.83, 0.82, 0.82, 0.83, 0.83, 0.83, 0.83, 0.83, 0.83, 0.81, 0.84, 0.83, 0.83, 0.83, 0.84, 0.84, 0.83, 0.82, 0.83, 0.82, 0.82, 0.83, 0.83, 0.82, 0.82, 0.82, 0.83, 0.82, 0.84, 0.83, 0.82, 0.83, 0.82, 0.84, 0.83, 0.83, 0.83, 0.82, 0.83, 0.81, 0.83, 0.83, 0.83, 0.82, 0.83, 0.82, 0.83, 0.82, 0.83, 0.82, 0.84, 0.83, 0.84, 0.83, 0.83, 0.83, 0.84, 0.83, 0.83, 0.83, 0.83, 0.83

0.8275033333333333
0.83, 0.82, 0.82, 0.81, 0.83, 0.81, 0.83, 0.82, 0.83, 0.82, 0.82, 0.83, 0.82, 0.82, 0.82, 0.83, 0.83, 0.82, 0.82, 0.81, 0.83, 0.82, 0.81, 0.83, 0.81, 0.81, 0.83, 0.83, 0.82, 0.83, 0.83, 0.82, 0.84, 0.81, 0.83, 0.83, 0.82, 0.82, 0.82, 0.82, 0.83, 0.82, 0.82, 0.82, 0.83, 0.83, 0.83, 0.83, 0.83, 0.83, 0.83, 0.83, 0.83, 0.83, 0.81, 0.82, 0.83, 0.82, 0.83, 0.83, 0.82, 0.82, 0.82, 0.82, 0.81, 0.83, 0.83, 0.82, 0.83, 0.83, 0.82, 0.81, 0.82, 0.82, 0.82, 0.81, 0.83, 0.82, 0.82, 0.82, 0.82, 0.83, 0.83, 0.82, 0.82, 0.83, 0.83, 0.82, 0.83, 0.83, 0.82, 0.82, 0.82, 0.82, 0.82, 0.80, 0.83, 0.81, 0.82, 0.82


Running iteration 9 of 10 fold...
loading ensembles takes 0.106 sec
creating environment takes 5.075 sec
voting takes 161.825 sec
      accuracy, precision, recall, f_score
  mv: 0.8367, 0.8198, 0.6551, 0.6838
  wv: 0.8373, 0.8210, 0.6525, 0.6816

0.8263166666666666
0.83, 0.82, 0.83, 0.82, 0.82, 0.83, 0.82, 0.82, 0.82, 0.83, 0.83, 0.81, 0.83, 0.83, 0.82, 0.81, 0.82, 0.83, 0.83, 0.83, 0.82, 0.81, 0.83, 0.82, 0.82, 0.82, 0.82, 0.83, 0.82, 0.82, 0.81, 0.82, 0.82, 0.83, 0.83, 0.82, 0.83, 0.82, 0.82, 0.83, 0.82, 0.82, 0.82, 0.81, 0.82, 0.83, 0.82, 0.82, 0.83, 0.83, 0.83, 0.82, 0.83, 0.83, 0.82, 0.82, 0.83, 0.81, 0.83, 0.82, 0.82, 0.83, 0.82, 0.82, 0.82, 0.82, 0.80, 0.82, 0.82, 0.82, 0.82, 0.82, 0.82, 0.82, 0.81, 0.81, 0.82, 0.82, 0.82, 0.83, 0.82, 0.82, 0.82, 0.83, 0.82, 0.82, 0.82, 0.81, 0.82, 0.82, 0.82, 0.82, 0.82, 0.83, 0.83, 0.81, 0.82, 0.83, 0.81, 0.83

0.8228266666666664
0.81, 0.83, 0.82, 0.81, 0.82, 0.82, 0.81, 0.81, 0.81, 0.83, 0.81, 0.83, 0.82, 0.81, 0.81, 0.82, 0.82, 0.82, 0.82, 0.82, 0.82, 0.81, 0.82, 0.82, 0.82, 0.82, 0.81, 0.82, 0.81, 0.80, 0.81, 0.81, 0.81, 0.81, 0.82, 0.81, 0.82, 0.82, 0.82, 0.81, 0.82, 0.82, 0.83, 0.82, 0.82, 0.83, 0.82, 0.82, 0.82, 0.82, 0.81, 0.83, 0.81, 0.83, 0.82, 0.82, 0.81, 0.81, 0.83, 0.81, 0.82, 0.81, 0.82, 0.83, 0.82, 0.81, 0.82, 0.83, 0.82, 0.82, 0.81, 0.82, 0.81, 0.83, 0.83, 0.81, 0.83, 0.83, 0.82, 0.82, 0.81, 0.83, 0.81, 0.82, 0.82, 0.82, 0.82, 0.82, 0.81, 0.82, 0.82, 0.82, 0.82, 0.81, 0.81, 0.81, 0.82, 0.81, 0.82, 0.82


Running iteration 10 of 10 fold...
loading ensembles takes 0.111 sec
creating environment takes 5.123 sec
voting takes 158.776 sec
      accuracy, precision, recall, f_score
  mv: 0.8263, 0.8124, 0.6584, 0.6861
  wv: 0.8277, 0.8146, 0.6587, 0.6870

0.8121033333333335
0.81, 0.79, 0.81, 0.81, 0.82, 0.81, 0.81, 0.81, 0.80, 0.80, 0.81, 0.80, 0.81, 0.81, 0.81, 0.81, 0.81, 0.81, 0.80, 0.81, 0.79, 0.82, 0.81, 0.81, 0.80, 0.80, 0.81, 0.81, 0.82, 0.80, 0.79, 0.81, 0.81, 0.79, 0.81, 0.81, 0.82, 0.81, 0.80, 0.81, 0.81, 0.81, 0.80, 0.81, 0.80, 0.81, 0.80, 0.81, 0.81, 0.81, 0.80, 0.81, 0.80, 0.81, 0.81, 0.81, 0.80, 0.81, 0.81, 0.81, 0.81, 0.80, 0.80, 0.81, 0.80, 0.81, 0.81, 0.81, 0.80, 0.81, 0.81, 0.81, 0.80, 0.81, 0.81, 0.80, 0.80, 0.81, 0.81, 0.8, 0.81, 0.81, 0.82, 0.81, 0.81, 0.81, 0.80, 0.81, 0.81, 0.81, 0.81, 0.80, 0.81, 0.80, 0.81, 0.81, 0.81, 0.80, 0.80, 0.81

0.8053633333333334
0.81, 0.81, 0.80, 0.80, 0.81, 0.81, 0.81, 0.81, 0.80, 0.80, 0.80, 0.81, 0.79, 0.80, 0.79, 0.80, 0.80, 0.81, 0.80, 0.81, 0.79, 0.80, 0.80, 0.81, 0.80, 0.80, 0.80, 0.8, 0.80, 0.81, 0.81, 0.79, 0.80, 0.80, 0.79, 0.81, 0.79, 0.80, 0.80, 0.80, 0.81, 0.81, 0.80, 0.80, 0.80, 0.79, 0.80, 0.80, 0.81, 0.80, 0.79, 0.80, 0.80, 0.80, 0.80, 0.80, 0.81, 0.79, 0.80, 0.78, 0.79, 0.79, 0.80, 0.80, 0.78, 0.81, 0.80, 0.8, 0.81, 0.79, 0.80, 0.81, 0.79, 0.80, 0.80, 0.81, 0.79, 0.80, 0.80, 0.80, 0.80, 0.80, 0.80, 0.80, 0.81, 0.81, 0.80, 0.81, 0.79, 0.79, 0.81, 0.80, 0.80, 0.81, 0.80, 0.80, 0.80, 0.80, 0.80, 0.80

      accuracy, precision, recall, f_score
  mv: 0.8208, 0.8040, 0.6549, 0.6800
  wv: 0.8198, 0.8028, 0.6508, 0.6759
  fs: 0.0000, 0.0000, 0.0000, 0.0000
adab: 0.0000, 0.0000, 0.0000, 0.0000
eprl: 0.0000, 0.0000, 0.0000, 0.0000
ibrl: 0.0000, 0.0000, 0.0000, 0.0000

time costs: C, E, V, FS, Ada, EPRL, IBRL
       0.10, 5.18, 160.44, 0.0, 0.0, 0.0, 0.0
FS size: 0.00000, EPRL size: 0.00000, IBRL size: 0.00000
full test avg accu: 0.80732, part test avg accu: 0.80230
