{'dataset': 'credit', 'algorithm': 'ptdqn', 'num_clf': 100, 'num_training': 10000, 'learning_rate': 0.1, 'discount_factor': 1.0, 'epsilon': 0.1, 'random_state': 6666, 'portion': 0.5, 'sequential': False}
reading data takes 0.199 sec
data shape: (30000, 31)
number of labels: 2

Running iteration 1 of 10 fold...
loading ensembles takes 0.336 sec
creating environment takes 11.731 sec
voting takes 421.366 sec
      accuracy, precision, recall, f_score
  mv: 0.7840, 0.7545, 0.5289, 0.5006
  wv: 0.7827, 0.7455, 0.5296, 0.5032

0.7812366666666667
0.77, 0.77, 0.77, 0.77, 0.77, 0.77, 0.77, 0.77, 0.77, 0.77, 0.77, 0.77, 0.77, 0.77, 0.77, 0.77, 0.77, 0.77, 0.77, 0.77, 0.77, 0.77, 0.77, 0.77, 0.77, 0.77, 0.77, 0.77, 0.77, 0.77, 0.77, 0.77, 0.77, 0.77, 0.79, 0.80, 0.80, 0.80, 0.80, 0.80, 0.79, 0.80, 0.80, 0.80, 0.80, 0.80, 0.80, 0.80, 0.80, 0.80, 0.80, 0.80, 0.80, 0.80, 0.79, 0.8, 0.80, 0.80, 0.80, 0.80, 0.80, 0.80, 0.79, 0.80, 0.80, 0.80, 0.80, 0.80, 0.76, 0.77, 0.77, 0.76, 0.76, 0.76, 0.75, 0.76, 0.76, 0.76, 0.75, 0.76, 0.76, 0.75, 0.76, 0.76, 0.76, 0.76, 0.76, 0.76, 0.75, 0.76, 0.76, 0.77, 0.75, 0.76, 0.76, 0.77, 0.77, 0.76, 0.76, 0.77

0.7778700000000001
0.77, 0.77, 0.77, 0.77, 0.76, 0.77, 0.77, 0.77, 0.77, 0.77, 0.77, 0.77, 0.77, 0.77, 0.77, 0.77, 0.77, 0.77, 0.77, 0.77, 0.77, 0.77, 0.77, 0.77, 0.77, 0.77, 0.77, 0.77, 0.77, 0.77, 0.77, 0.77, 0.77, 0.77, 0.79, 0.80, 0.79, 0.79, 0.79, 0.79, 0.8, 0.79, 0.79, 0.78, 0.80, 0.79, 0.79, 0.80, 0.79, 0.78, 0.80, 0.80, 0.80, 0.79, 0.79, 0.79, 0.79, 0.79, 0.80, 0.80, 0.79, 0.80, 0.79, 0.80, 0.80, 0.80, 0.80, 0.80, 0.75, 0.76, 0.75, 0.75, 0.74, 0.75, 0.76, 0.76, 0.77, 0.75, 0.76, 0.75, 0.76, 0.76, 0.76, 0.75, 0.76, 0.76, 0.75, 0.75, 0.76, 0.75, 0.75, 0.76, 0.74, 0.76, 0.76, 0.76, 0.75, 0.75, 0.75, 0.76


Running iteration 2 of 10 fold...
loading ensembles takes 0.303 sec
creating environment takes 11.967 sec
voting takes 419.467 sec
      accuracy, precision, recall, f_score
  mv: 0.7943, 0.8057, 0.5251, 0.4916
  wv: 0.7983, 0.8011, 0.5378, 0.5162

0.7909833333333335
0.78, 0.78, 0.78, 0.78, 0.78, 0.78, 0.78, 0.78, 0.78, 0.78, 0.78, 0.78, 0.78, 0.78, 0.78, 0.78, 0.78, 0.78, 0.78, 0.78, 0.78, 0.78, 0.78, 0.78, 0.78, 0.78, 0.78, 0.78, 0.78, 0.78, 0.78, 0.78, 0.78, 0.78, 0.80, 0.80, 0.81, 0.80, 0.80, 0.80, 0.81, 0.80, 0.80, 0.80, 0.80, 0.80, 0.80, 0.81, 0.80, 0.80, 0.81, 0.80, 0.80, 0.80, 0.81, 0.79, 0.80, 0.80, 0.80, 0.80, 0.80, 0.80, 0.80, 0.80, 0.80, 0.80, 0.80, 0.80, 0.78, 0.78, 0.77, 0.78, 0.77, 0.78, 0.78, 0.78, 0.78, 0.78, 0.78, 0.76, 0.79, 0.77, 0.79, 0.78, 0.78, 0.78, 0.78, 0.77, 0.78, 0.78, 0.77, 0.78, 0.78, 0.77, 0.77, 0.78, 0.77, 0.77, 0.78, 0.78

0.7862366666666667
0.78, 0.78, 0.78, 0.77, 0.78, 0.77, 0.76, 0.77, 0.77, 0.78, 0.78, 0.78, 0.77, 0.78, 0.78, 0.78, 0.78, 0.78, 0.78, 0.77, 0.78, 0.78, 0.78, 0.78, 0.78, 0.78, 0.77, 0.78, 0.77, 0.78, 0.78, 0.78, 0.77, 0.77, 0.80, 0.79, 0.80, 0.79, 0.80, 0.80, 0.81, 0.80, 0.80, 0.80, 0.80, 0.80, 0.80, 0.80, 0.81, 0.80, 0.79, 0.80, 0.8, 0.80, 0.80, 0.81, 0.80, 0.80, 0.80, 0.80, 0.80, 0.80, 0.80, 0.80, 0.80, 0.80, 0.80, 0.80, 0.77, 0.76, 0.77, 0.77, 0.77, 0.77, 0.77, 0.76, 0.77, 0.77, 0.77, 0.78, 0.76, 0.76, 0.76, 0.77, 0.77, 0.76, 0.77, 0.77, 0.76, 0.77, 0.77, 0.77, 0.78, 0.77, 0.77, 0.76, 0.78, 0.76, 0.78, 0.77


Running iteration 3 of 10 fold...
loading ensembles takes 0.316 sec
creating environment takes 12.952 sec
voting takes 417.564 sec
      accuracy, precision, recall, f_score
  mv: 0.7723, 0.7631, 0.5238, 0.4849
  wv: 0.7767, 0.7716, 0.5350, 0.5063

0.7748866666666667
0.76, 0.76, 0.75, 0.76, 0.76, 0.76, 0.76, 0.76, 0.76, 0.76, 0.76, 0.76, 0.76, 0.76, 0.76, 0.75, 0.76, 0.76, 0.76, 0.76, 0.76, 0.76, 0.76, 0.76, 0.76, 0.76, 0.76, 0.76, 0.76, 0.76, 0.76, 0.76, 0.76, 0.76, 0.79, 0.80, 0.79, 0.80, 0.80, 0.80, 0.80, 0.80, 0.79, 0.80, 0.80, 0.80, 0.80, 0.79, 0.79, 0.80, 0.80, 0.79, 0.80, 0.80, 0.80, 0.80, 0.80, 0.80, 0.80, 0.79, 0.79, 0.80, 0.79, 0.80, 0.79, 0.79, 0.79, 0.79, 0.76, 0.75, 0.76, 0.75, 0.76, 0.76, 0.76, 0.76, 0.75, 0.75, 0.76, 0.75, 0.76, 0.76, 0.76, 0.76, 0.76, 0.75, 0.75, 0.76, 0.75, 0.76, 0.77, 0.75, 0.75, 0.76, 0.75, 0.76, 0.75, 0.75, 0.76, 0.75

0.7726066666666668
0.76, 0.75, 0.76, 0.76, 0.76, 0.76, 0.76, 0.75, 0.75, 0.76, 0.75, 0.75, 0.75, 0.75, 0.76, 0.76, 0.76, 0.76, 0.75, 0.76, 0.76, 0.76, 0.76, 0.76, 0.76, 0.76, 0.76, 0.76, 0.75, 0.76, 0.76, 0.75, 0.75, 0.76, 0.79, 0.80, 0.80, 0.80, 0.80, 0.79, 0.78, 0.79, 0.80, 0.80, 0.80, 0.81, 0.80, 0.80, 0.80, 0.79, 0.79, 0.80, 0.8, 0.80, 0.80, 0.80, 0.80, 0.79, 0.8, 0.80, 0.79, 0.79, 0.79, 0.79, 0.80, 0.80, 0.80, 0.79, 0.75, 0.74, 0.75, 0.75, 0.75, 0.75, 0.75, 0.75, 0.75, 0.76, 0.75, 0.75, 0.75, 0.76, 0.75, 0.74, 0.74, 0.76, 0.76, 0.76, 0.74, 0.75, 0.76, 0.75, 0.75, 0.75, 0.75, 0.75, 0.76, 0.75, 0.75, 0.74


Running iteration 4 of 10 fold...
loading ensembles takes 0.249 sec
creating environment takes 11.867 sec
voting takes 215.383 sec
      accuracy, precision, recall, f_score
  mv: 0.7830, 0.7649, 0.5253, 0.4917
  wv: 0.7890, 0.7766, 0.5424, 0.5237

0.7806166666666666
0.77, 0.77, 0.77, 0.77, 0.77, 0.77, 0.77, 0.77, 0.77, 0.77, 0.77, 0.77, 0.77, 0.77, 0.77, 0.77, 0.77, 0.77, 0.77, 0.77, 0.77, 0.77, 0.77, 0.77, 0.77, 0.77, 0.77, 0.77, 0.77, 0.77, 0.77, 0.77, 0.77, 0.77, 0.8, 0.79, 0.79, 0.79, 0.79, 0.79, 0.79, 0.79, 0.79, 0.79, 0.79, 0.79, 0.79, 0.79, 0.80, 0.79, 0.79, 0.79, 0.79, 0.79, 0.80, 0.80, 0.79, 0.79, 0.79, 0.79, 0.79, 0.79, 0.80, 0.79, 0.79, 0.79, 0.79, 0.80, 0.77, 0.76, 0.77, 0.77, 0.76, 0.77, 0.77, 0.76, 0.76, 0.77, 0.77, 0.76, 0.77, 0.76, 0.77, 0.77, 0.76, 0.76, 0.76, 0.75, 0.76, 0.77, 0.77, 0.77, 0.75, 0.77, 0.77, 0.76, 0.76, 0.76, 0.76, 0.77

0.7760666666666667
0.77, 0.77, 0.77, 0.77, 0.77, 0.77, 0.77, 0.77, 0.76, 0.77, 0.77, 0.77, 0.77, 0.77, 0.77, 0.77, 0.77, 0.77, 0.77, 0.77, 0.77, 0.77, 0.77, 0.76, 0.77, 0.77, 0.77, 0.77, 0.77, 0.76, 0.76, 0.77, 0.77, 0.77, 0.79, 0.79, 0.79, 0.79, 0.79, 0.79, 0.78, 0.79, 0.79, 0.78, 0.79, 0.79, 0.79, 0.79, 0.79, 0.79, 0.79, 0.79, 0.80, 0.79, 0.79, 0.78, 0.79, 0.79, 0.80, 0.79, 0.79, 0.79, 0.79, 0.78, 0.79, 0.79, 0.79, 0.8, 0.76, 0.75, 0.75, 0.76, 0.75, 0.76, 0.76, 0.77, 0.76, 0.75, 0.76, 0.76, 0.75, 0.75, 0.76, 0.75, 0.76, 0.76, 0.75, 0.76, 0.76, 0.75, 0.75, 0.76, 0.75, 0.76, 0.76, 0.75, 0.76, 0.76, 0.76, 0.75


Running iteration 5 of 10 fold...
loading ensembles takes 0.105 sec
creating environment takes 4.786 sec
voting takes 158.325 sec
      accuracy, precision, recall, f_score
  mv: 0.7857, 0.7816, 0.5392, 0.5162
  wv: 0.7867, 0.7770, 0.5445, 0.5264

0.7824866666666667
0.77, 0.77, 0.76, 0.76, 0.77, 0.77, 0.77, 0.77, 0.77, 0.77, 0.77, 0.76, 0.77, 0.77, 0.77, 0.76, 0.77, 0.76, 0.77, 0.77, 0.77, 0.76, 0.77, 0.77, 0.77, 0.77, 0.76, 0.77, 0.77, 0.77, 0.76, 0.76, 0.76, 0.77, 0.80, 0.80, 0.81, 0.81, 0.79, 0.80, 0.79, 0.80, 0.80, 0.80, 0.80, 0.81, 0.80, 0.80, 0.80, 0.80, 0.80, 0.81, 0.80, 0.80, 0.80, 0.81, 0.80, 0.81, 0.80, 0.81, 0.81, 0.81, 0.81, 0.81, 0.81, 0.80, 0.81, 0.81, 0.77, 0.76, 0.76, 0.76, 0.76, 0.76, 0.76, 0.76, 0.77, 0.76, 0.76, 0.77, 0.77, 0.76, 0.75, 0.76, 0.77, 0.76, 0.78, 0.76, 0.76, 0.76, 0.76, 0.77, 0.77, 0.76, 0.77, 0.76, 0.76, 0.77, 0.76, 0.76

0.7781466666666668
0.77, 0.76, 0.76, 0.77, 0.77, 0.77, 0.76, 0.77, 0.76, 0.77, 0.76, 0.77, 0.76, 0.77, 0.76, 0.77, 0.77, 0.76, 0.76, 0.77, 0.77, 0.77, 0.76, 0.76, 0.76, 0.76, 0.77, 0.76, 0.76, 0.77, 0.76, 0.77, 0.77, 0.76, 0.79, 0.79, 0.80, 0.80, 0.79, 0.80, 0.81, 0.80, 0.80, 0.79, 0.79, 0.80, 0.78, 0.80, 0.79, 0.80, 0.80, 0.80, 0.79, 0.80, 0.80, 0.80, 0.8, 0.80, 0.80, 0.80, 0.80, 0.78, 0.81, 0.79, 0.80, 0.79, 0.81, 0.79, 0.76, 0.75, 0.76, 0.76, 0.75, 0.75, 0.76, 0.74, 0.75, 0.77, 0.76, 0.76, 0.75, 0.76, 0.77, 0.75, 0.76, 0.76, 0.75, 0.76, 0.75, 0.75, 0.76, 0.76, 0.75, 0.76, 0.76, 0.75, 0.76, 0.76, 0.76, 0.76


Running iteration 6 of 10 fold...
loading ensembles takes 0.110 sec
creating environment takes 4.808 sec
voting takes 158.411 sec
      accuracy, precision, recall, f_score
  mv: 0.7623, 0.7790, 0.5451, 0.5175
  wv: 0.7640, 0.7718, 0.5513, 0.5295

0.7686866666666667
0.74, 0.74, 0.74, 0.74, 0.74, 0.73, 0.73, 0.74, 0.74, 0.74, 0.73, 0.74, 0.74, 0.74, 0.74, 0.74, 0.74, 0.73, 0.74, 0.74, 0.74, 0.74, 0.74, 0.74, 0.74, 0.74, 0.74, 0.74, 0.74, 0.74, 0.74, 0.74, 0.74, 0.73, 0.80, 0.81, 0.81, 0.80, 0.81, 0.80, 0.81, 0.80, 0.81, 0.81, 0.81, 0.81, 0.81, 0.81, 0.81, 0.81, 0.82, 0.80, 0.79, 0.81, 0.80, 0.81, 0.81, 0.81, 0.80, 0.80, 0.80, 0.80, 0.80, 0.81, 0.80, 0.80, 0.81, 0.79, 0.74, 0.75, 0.74, 0.76, 0.74, 0.74, 0.74, 0.75, 0.75, 0.76, 0.75, 0.74, 0.75, 0.75, 0.75, 0.76, 0.75, 0.75, 0.75, 0.75, 0.75, 0.75, 0.75, 0.75, 0.75, 0.76, 0.76, 0.74, 0.75, 0.75, 0.75, 0.75

0.7649666666666668
0.74, 0.74, 0.74, 0.74, 0.74, 0.74, 0.74, 0.74, 0.74, 0.74, 0.74, 0.73, 0.74, 0.74, 0.74, 0.74, 0.74, 0.74, 0.74, 0.74, 0.74, 0.74, 0.74, 0.74, 0.74, 0.73, 0.74, 0.74, 0.74, 0.74, 0.74, 0.74, 0.74, 0.73, 0.81, 0.79, 0.80, 0.79, 0.80, 0.80, 0.80, 0.80, 0.80, 0.79, 0.80, 0.80, 0.80, 0.80, 0.79, 0.80, 0.80, 0.81, 0.8, 0.79, 0.80, 0.80, 0.80, 0.80, 0.80, 0.80, 0.80, 0.79, 0.81, 0.80, 0.80, 0.81, 0.80, 0.80, 0.74, 0.74, 0.74, 0.74, 0.74, 0.74, 0.74, 0.75, 0.75, 0.75, 0.75, 0.74, 0.75, 0.73, 0.74, 0.75, 0.75, 0.74, 0.74, 0.74, 0.74, 0.74, 0.74, 0.74, 0.75, 0.75, 0.75, 0.75, 0.75, 0.74, 0.74, 0.75


Running iteration 7 of 10 fold...
loading ensembles takes 0.106 sec
creating environment takes 4.682 sec
voting takes 158.149 sec
      accuracy, precision, recall, f_score
  mv: 0.7920, 0.7948, 0.5210, 0.4839
  wv: 0.7940, 0.7870, 0.5290, 0.5003

0.7989333333333333
0.78, 0.78, 0.78, 0.78, 0.78, 0.78, 0.78, 0.78, 0.78, 0.78, 0.78, 0.78, 0.78, 0.78, 0.78, 0.78, 0.78, 0.78, 0.78, 0.78, 0.78, 0.78, 0.78, 0.78, 0.78, 0.78, 0.78, 0.78, 0.78, 0.78, 0.78, 0.78, 0.78, 0.78, 0.82, 0.82, 0.83, 0.82, 0.82, 0.82, 0.81, 0.82, 0.83, 0.82, 0.82, 0.82, 0.82, 0.82, 0.82, 0.83, 0.82, 0.82, 0.82, 0.82, 0.81, 0.82, 0.82, 0.82, 0.82, 0.82, 0.83, 0.82, 0.82, 0.82, 0.82, 0.82, 0.82, 0.82, 0.79, 0.78, 0.79, 0.78, 0.79, 0.77, 0.78, 0.78, 0.79, 0.78, 0.78, 0.79, 0.78, 0.79, 0.79, 0.78, 0.78, 0.78, 0.78, 0.78, 0.78, 0.78, 0.79, 0.78, 0.78, 0.78, 0.79, 0.78, 0.78, 0.78, 0.78, 0.78

0.7962100000000001
0.78, 0.78, 0.78, 0.78, 0.78, 0.78, 0.78, 0.78, 0.78, 0.78, 0.78, 0.78, 0.78, 0.78, 0.77, 0.78, 0.78, 0.78, 0.78, 0.78, 0.78, 0.78, 0.78, 0.78, 0.78, 0.78, 0.78, 0.78, 0.78, 0.78, 0.78, 0.78, 0.78, 0.78, 0.81, 0.82, 0.82, 0.81, 0.82, 0.82, 0.82, 0.82, 0.81, 0.82, 0.83, 0.82, 0.82, 0.82, 0.82, 0.81, 0.82, 0.81, 0.82, 0.82, 0.82, 0.82, 0.82, 0.83, 0.83, 0.82, 0.81, 0.82, 0.82, 0.82, 0.82, 0.82, 0.82, 0.82, 0.77, 0.78, 0.78, 0.78, 0.77, 0.77, 0.77, 0.77, 0.77, 0.78, 0.78, 0.78, 0.77, 0.77, 0.78, 0.77, 0.78, 0.78, 0.78, 0.77, 0.77, 0.77, 0.78, 0.78, 0.78, 0.77, 0.78, 0.77, 0.78, 0.77, 0.78, 0.78


Running iteration 8 of 10 fold...
loading ensembles takes 0.104 sec
creating environment takes 4.758 sec
voting takes 158.079 sec
      accuracy, precision, recall, f_score
  mv: 0.8147, 0.7985, 0.5230, 0.4956
  wv: 0.8157, 0.8009, 0.5263, 0.5019

0.8169300000000002
0.80, 0.80, 0.80, 0.80, 0.80, 0.80, 0.80, 0.80, 0.80, 0.80, 0.80, 0.80, 0.80, 0.80, 0.80, 0.80, 0.80, 0.80, 0.80, 0.80, 0.80, 0.80, 0.80, 0.80, 0.80, 0.80, 0.80, 0.80, 0.80, 0.80, 0.80, 0.80, 0.80, 0.80, 0.83, 0.84, 0.82, 0.84, 0.83, 0.84, 0.84, 0.82, 0.84, 0.84, 0.83, 0.83, 0.83, 0.84, 0.83, 0.84, 0.83, 0.84, 0.84, 0.83, 0.84, 0.84, 0.83, 0.83, 0.84, 0.83, 0.84, 0.83, 0.84, 0.83, 0.83, 0.83, 0.82, 0.84, 0.80, 0.80, 0.80, 0.80, 0.80, 0.80, 0.80, 0.79, 0.80, 0.80, 0.81, 0.79, 0.79, 0.80, 0.80, 0.80, 0.79, 0.8, 0.80, 0.80, 0.80, 0.80, 0.80, 0.79, 0.80, 0.80, 0.80, 0.79, 0.80, 0.80, 0.80, 0.80

0.8107633333333334
0.80, 0.80, 0.80, 0.80, 0.80, 0.80, 0.80, 0.80, 0.80, 0.80, 0.80, 0.80, 0.80, 0.80, 0.80, 0.80, 0.80, 0.80, 0.80, 0.80, 0.80, 0.80, 0.80, 0.80, 0.80, 0.80, 0.80, 0.80, 0.80, 0.80, 0.80, 0.79, 0.80, 0.80, 0.83, 0.83, 0.83, 0.83, 0.82, 0.82, 0.83, 0.83, 0.83, 0.83, 0.83, 0.83, 0.83, 0.83, 0.83, 0.83, 0.83, 0.83, 0.82, 0.83, 0.83, 0.83, 0.82, 0.82, 0.83, 0.83, 0.83, 0.82, 0.83, 0.83, 0.83, 0.83, 0.83, 0.83, 0.79, 0.79, 0.80, 0.78, 0.78, 0.80, 0.79, 0.78, 0.79, 0.79, 0.78, 0.79, 0.79, 0.77, 0.79, 0.79, 0.79, 0.79, 0.80, 0.79, 0.79, 0.79, 0.78, 0.79, 0.78, 0.79, 0.79, 0.79, 0.79, 0.79, 0.79, 0.79


Running iteration 9 of 10 fold...
loading ensembles takes 0.105 sec
creating environment takes 4.684 sec
voting takes 157.862 sec
      accuracy, precision, recall, f_score
  mv: 0.8073, 0.7975, 0.5282, 0.5027
  wv: 0.8097, 0.7987, 0.5365, 0.5184

0.8091700000000001
0.79, 0.79, 0.79, 0.79, 0.79, 0.79, 0.79, 0.79, 0.79, 0.79, 0.79, 0.79, 0.79, 0.79, 0.79, 0.79, 0.79, 0.79, 0.79, 0.79, 0.79, 0.79, 0.79, 0.79, 0.79, 0.79, 0.79, 0.79, 0.79, 0.79, 0.79, 0.79, 0.79, 0.79, 0.83, 0.83, 0.82, 0.83, 0.83, 0.83, 0.83, 0.83, 0.83, 0.84, 0.82, 0.83, 0.82, 0.83, 0.83, 0.82, 0.83, 0.83, 0.83, 0.82, 0.84, 0.82, 0.83, 0.83, 0.82, 0.83, 0.83, 0.83, 0.83, 0.82, 0.83, 0.83, 0.84, 0.82, 0.80, 0.80, 0.8, 0.79, 0.79, 0.79, 0.79, 0.80, 0.79, 0.79, 0.80, 0.80, 0.79, 0.79, 0.80, 0.79, 0.79, 0.80, 0.79, 0.79, 0.79, 0.80, 0.79, 0.79, 0.79, 0.79, 0.8, 0.79, 0.79, 0.79, 0.79, 0.80

0.8063099999999997
0.79, 0.79, 0.79, 0.79, 0.79, 0.79, 0.79, 0.79, 0.79, 0.79, 0.79, 0.79, 0.79, 0.79, 0.79, 0.79, 0.79, 0.79, 0.79, 0.79, 0.79, 0.79, 0.79, 0.79, 0.79, 0.79, 0.79, 0.79, 0.79, 0.79, 0.79, 0.79, 0.79, 0.79, 0.82, 0.83, 0.83, 0.83, 0.83, 0.82, 0.83, 0.83, 0.83, 0.83, 0.83, 0.82, 0.83, 0.82, 0.82, 0.82, 0.82, 0.83, 0.82, 0.83, 0.83, 0.83, 0.83, 0.83, 0.83, 0.83, 0.83, 0.83, 0.82, 0.82, 0.83, 0.83, 0.83, 0.82, 0.79, 0.79, 0.79, 0.78, 0.78, 0.78, 0.79, 0.79, 0.79, 0.79, 0.79, 0.79, 0.79, 0.79, 0.78, 0.79, 0.79, 0.79, 0.79, 0.79, 0.78, 0.79, 0.79, 0.79, 0.79, 0.78, 0.78, 0.78, 0.78, 0.78, 0.79, 0.79


Running iteration 10 of 10 fold...
loading ensembles takes 0.109 sec
creating environment takes 4.832 sec
voting takes 157.873 sec
      accuracy, precision, recall, f_score
  mv: 0.7887, 0.7767, 0.5311, 0.5033
  wv: 0.7940, 0.7969, 0.5415, 0.5215

0.7914666666666668
0.77, 0.77, 0.77, 0.77, 0.77, 0.77, 0.77, 0.77, 0.77, 0.77, 0.77, 0.77, 0.77, 0.77, 0.77, 0.77, 0.77, 0.77, 0.77, 0.77, 0.77, 0.77, 0.77, 0.77, 0.77, 0.77, 0.77, 0.77, 0.77, 0.77, 0.77, 0.77, 0.77, 0.77, 0.81, 0.81, 0.82, 0.81, 0.82, 0.81, 0.81, 0.81, 0.82, 0.81, 0.81, 0.81, 0.81, 0.81, 0.81, 0.81, 0.82, 0.82, 0.82, 0.82, 0.81, 0.82, 0.81, 0.81, 0.82, 0.82, 0.81, 0.82, 0.81, 0.82, 0.81, 0.81, 0.81, 0.81, 0.77, 0.77, 0.77, 0.77, 0.78, 0.77, 0.78, 0.77, 0.78, 0.77, 0.78, 0.77, 0.78, 0.77, 0.77, 0.77, 0.77, 0.77, 0.78, 0.77, 0.77, 0.77, 0.77, 0.78, 0.78, 0.77, 0.77, 0.77, 0.77, 0.78, 0.78, 0.77

0.7874733333333335
0.77, 0.77, 0.77, 0.77, 0.77, 0.77, 0.77, 0.77, 0.77, 0.77, 0.77, 0.77, 0.77, 0.77, 0.77, 0.77, 0.77, 0.77, 0.77, 0.77, 0.77, 0.77, 0.77, 0.77, 0.77, 0.77, 0.77, 0.77, 0.77, 0.77, 0.77, 0.77, 0.77, 0.77, 0.81, 0.82, 0.81, 0.81, 0.81, 0.81, 0.80, 0.81, 0.81, 0.81, 0.82, 0.81, 0.81, 0.81, 0.81, 0.81, 0.80, 0.81, 0.81, 0.81, 0.81, 0.80, 0.81, 0.81, 0.81, 0.80, 0.81, 0.80, 0.81, 0.81, 0.81, 0.81, 0.81, 0.81, 0.77, 0.77, 0.77, 0.76, 0.77, 0.76, 0.77, 0.76, 0.77, 0.77, 0.77, 0.77, 0.76, 0.77, 0.76, 0.77, 0.77, 0.76, 0.76, 0.77, 0.76, 0.77, 0.76, 0.77, 0.76, 0.76, 0.76, 0.76, 0.78, 0.77, 0.77, 0.76

      accuracy, precision, recall, f_score
  mv: 0.7884, 0.7816, 0.5291, 0.4988
  wv: 0.7911, 0.7827, 0.5374, 0.5147
  fs: 0.0000, 0.0000, 0.0000, 0.0000
adab: 0.0000, 0.0000, 0.0000, 0.0000
eprl: 0.0000, 0.0000, 0.0000, 0.0000
ibrl: 0.0000, 0.0000, 0.0000, 0.0000

time costs: C, E, V, FS, Ada, EPRL, IBRL
       0.18, 7.70, 242.24, 0.0, 0.0, 0.0, 0.0
FS size: 0.00000, EPRL size: 0.00000, IBRL size: 0.00000
full test avg accu: 0.78954, part test avg accu: 0.78567
