{'dataset': 'glass', 'algorithm': 'ptdqn', 'num_clf': 100, 'num_training': 10000, 'learning_rate': 0.1, 'discount_factor': 1.0, 'epsilon': 0.1, 'random_state': 6666, 'portion': 0.5, 'sequential': False}
reading data takes 0.011 sec
data shape: (214, 10)
number of labels: 6

Running iteration 1 of 10 fold...
training ensembles takes 0.537 sec
creating environment takes 0.302 sec
voting takes 1.330 sec
      accuracy, precision, recall, f_score
  mv: 0.5909, 1.0000, 0.5909, 0.3714
  wv: 0.5000, 1.0000, 0.5000, 0.3333

0.48863636363636365
0.54, 0.59, 0.54, 0.68, 0.72, 0.59, 0.54, 0.72, 0.54, 0.63, 0.63, 0.72, 0.63, 0.22, 0.72, 0.63, 0.54, 0.63, 0.77, 0.54, 0.81, 0.72, 0.54, 0.68, 0.45, 0.45, 0.68, 0.40, 0.54, 0.45, 0.72, 0.54, 0.59, 0.68, 0.45, 0.5, 0.27, 0.18, 0.31, 0.13, 0.54, 0.63, 0.5, 0.40, 0.72, 0.54, 0.36, 0.5, 0.22, 0.54, 0.59, 0.59, 0.36, 0.59, 0.54, 0.40, 0.36, 0.31, 0.40, 0.31, 0.31, 0.59, 0.5, 0.54, 0.54, 0.40, 0.5, 0.5, 0.45, 0.27, 0.40, 0.31, 0.5, 0.40, 0.45, 0.5, 0.5, 0.36, 0.22, 0.5, 0.27, 0.5, 0.18, 0.5, 0.40, 0.36, 0.45, 0.40, 0.54, 0.45, 0.45, 0.40, 0.5, 0.40, 0.27, 0.36, 0.45, 0.45, 0.36, 0.36

0.46818181818181814
0.59, 0.40, 0.68, 0.54, 0.63, 0.81, 0.63, 0.5, 0.27, 0.54, 0.68, 0.72, 0.5, 0.68, 0.59, 0.59, 0.72, 0.68, 0.54, 0.63, 0.59, 0.5, 0.5, 0.68, 0.77, 0.59, 0.72, 0.18, 0.59, 0.72, 0.72, 0.04, 0.72, 0.5, 0.5, 0.36, 0.31, 0.40, 0.45, 0.18, 0.40, 0.54, 0.27, 0.40, 0.45, 0.5, 0.5, 0.54, 0.59, 0.45, 0.5, 0.27, 0.18, 0.18, 0.40, 0.31, 0.22, 0.36, 0.36, 0.54, 0.13, 0.45, 0.63, 0.27, 0.31, 0.45, 0.18, 0.27, 0.5, 0.40, 0.40, 0.36, 0.36, 0.45, 0.40, 0.45, 0.40, 0.40, 0.45, 0.5, 0.36, 0.36, 0.40, 0.31, 0.68, 0.40, 0.36, 0.5, 0.36, 0.45, 0.40, 0.5, 0.5, 0.45, 0.40, 0.45, 0.45, 0.5, 0.40, 0.5


Running iteration 2 of 10 fold...
training ensembles takes 0.524 sec
creating environment takes 0.307 sec
voting takes 1.332 sec
      accuracy, precision, recall, f_score
  mv: 0.8636, 1.0000, 0.8636, 0.4634
  wv: 0.7727, 1.0000, 0.7727, 0.4359

0.6027272727272728
0.86, 0.72, 0.63, 0.54, 0.54, 0.5, 0.90, 0.59, 0.81, 0.5, 0.77, 0.77, 0.81, 0.77, 0.72, 0.77, 0.72, 0.77, 0.22, 0.59, 0.81, 0.77, 0.45, 0.86, 0.5, 0.81, 0.86, 0.77, 0.81, 0.72, 0.54, 0.63, 0.86, 0.77, 0.27, 0.40, 0.54, 0.77, 0.5, 0.5, 0.22, 0.77, 0.59, 0.63, 0.63, 0.63, 0.72, 0.40, 0.63, 0.77, 0.5, 0.68, 0.54, 0.40, 0.40, 0.68, 0.40, 0.59, 0.95, 0.36, 0.59, 0.59, 0.63, 0.77, 0.22, 0.68, 0.27, 0.40, 0.40, 0.86, 0.40, 0.31, 0.13, 0.40, 0.09, 0.81, 0.90, 0.72, 0.40, 0.09, 0.59, 0.90, 0.40, 0.72, 0.36, 0.81, 0.45, 0.68, 0.45, 0.81, 0.0, 0.90, 0.45, 0.5, 0.90, 0.27, 0.09, 0.90, 0.95, 0.86

0.56
0.77, 0.68, 0.31, 0.63, 0.72, 0.63, 0.86, 0.09, 0.77, 0.45, 0.63, 0.77, 0.59, 0.77, 0.68, 0.77, 0.81, 0.68, 0.81, 0.81, 0.77, 0.54, 0.77, 0.63, 0.68, 0.40, 0.77, 0.40, 0.68, 0.72, 0.59, 0.45, 0.5, 0.72, 0.54, 0.59, 0.45, 0.72, 0.40, 0.59, 0.36, 0.40, 0.36, 0.63, 0.5, 0.54, 0.5, 0.27, 0.27, 0.5, 0.68, 0.68, 0.68, 0.63, 0.54, 0.45, 0.40, 0.54, 0.77, 0.40, 0.54, 0.31, 0.68, 0.36, 0.45, 0.36, 0.22, 0.31, 0.90, 0.36, 0.90, 0.63, 0.54, 0.81, 0.09, 0.22, 1.0, 0.90, 0.13, 0.77, 0.04, 0.86, 0.36, 0.81, 0.22, 0.81, 0.86, 0.72, 0.31, 0.18, 0.0, 0.5, 0.36, 0.86, 0.04, 0.22, 0.54, 0.45, 0.77, 0.90


Running iteration 3 of 10 fold...
training ensembles takes 0.522 sec
creating environment takes 0.307 sec
voting takes 1.325 sec
      accuracy, precision, recall, f_score
  mv: 0.6364, 1.0000, 0.6364, 0.3889
  wv: 0.5000, 1.0000, 0.5000, 0.1667

0.4418181818181818
0.36, 0.27, 0.40, 0.36, 0.31, 0.36, 0.5, 0.27, 0.5, 0.68, 0.27, 0.40, 0.45, 0.31, 0.5, 0.5, 0.31, 0.27, 0.04, 0.40, 0.36, 0.5, 0.54, 0.31, 0.18, 0.54, 0.27, 0.22, 0.31, 0.40, 0.63, 0.18, 0.31, 0.13, 0.5, 0.45, 0.54, 0.31, 0.81, 0.68, 0.63, 0.36, 0.59, 0.77, 0.45, 0.63, 0.54, 0.63, 0.45, 0.27, 0.72, 0.40, 0.63, 0.81, 0.40, 0.54, 0.59, 0.63, 0.40, 0.45, 0.54, 0.45, 0.59, 0.5, 0.27, 0.5, 0.68, 0.22, 0.36, 0.36, 0.59, 0.36, 0.5, 0.5, 0.09, 0.27, 0.72, 0.77, 0.18, 0.59, 0.40, 0.22, 0.40, 0.31, 0.59, 0.59, 0.59, 0.54, 0.63, 0.13, 0.13, 0.45, 0.27, 0.0, 0.40, 0.36, 0.63, 0.59, 0.54, 0.40

0.41454545454545444
0.36, 0.31, 0.40, 0.22, 0.40, 0.5, 0.36, 0.18, 0.18, 0.27, 0.27, 0.45, 0.31, 0.36, 0.22, 0.45, 0.45, 0.40, 0.22, 0.36, 0.40, 0.18, 0.22, 0.09, 0.59, 0.27, 0.45, 0.18, 0.54, 0.31, 0.18, 0.22, 0.36, 0.68, 0.81, 0.5, 0.54, 0.5, 0.59, 0.5, 0.63, 0.5, 0.63, 0.68, 0.36, 0.5, 0.54, 0.54, 0.63, 0.54, 0.63, 0.36, 0.63, 0.31, 0.59, 0.36, 0.27, 0.63, 0.63, 0.36, 0.54, 0.86, 0.31, 0.45, 0.5, 0.54, 0.40, 0.63, 0.54, 0.63, 0.36, 0.27, 0.27, 0.54, 0.36, 0.13, 0.18, 0.09, 0.22, 0.54, 0.18, 0.13, 0.63, 0.5, 0.40, 0.45, 0.5, 0.40, 0.27, 0.59, 0.36, 0.40, 0.22, 0.40, 0.59, 0.22, 0.40, 0.40, 0.31, 0.18


Running iteration 4 of 10 fold...
training ensembles takes 0.526 sec
creating environment takes 0.307 sec
voting takes 1.378 sec
      accuracy, precision, recall, f_score
  mv: 0.8182, 0.8485, 0.6944, 0.4868
  wv: 0.7273, 0.7886, 0.6389, 0.4227

0.514090909090909
0.36, 0.31, 0.31, 0.36, 0.18, 0.18, 0.45, 0.59, 0.31, 0.5, 0.09, 0.09, 0.54, 0.09, 0.54, 0.40, 0.63, 0.5, 0.31, 0.31, 0.31, 0.40, 0.04, 0.09, 0.63, 0.22, 0.45, 0.09, 0.45, 0.40, 0.72, 0.27, 0.27, 0.09, 0.5, 0.63, 0.63, 0.63, 0.45, 0.68, 0.77, 0.72, 0.68, 0.45, 0.5, 0.5, 0.5, 0.54, 0.63, 0.63, 0.59, 0.59, 0.63, 0.5, 0.45, 0.68, 0.59, 0.59, 0.63, 0.5, 0.22, 0.77, 0.45, 0.54, 0.63, 0.31, 0.31, 0.5, 0.68, 0.68, 0.5, 0.81, 0.13, 0.54, 0.63, 0.54, 0.63, 0.77, 0.63, 0.72, 0.86, 0.68, 0.68, 0.72, 0.27, 0.68, 0.22, 0.72, 0.72, 0.72, 0.68, 0.77, 0.63, 0.86, 0.22, 0.72, 0.72, 0.90, 0.81, 0.72

0.4331818181818182
0.77, 0.0, 0.45, 0.04, 0.81, 0.22, 0.0, 0.5, 0.27, 0.81, 0.5, 0.22, 0.22, 0.31, 0.18, 0.45, 0.0, 0.5, 0.09, 0.31, 0.63, 0.5, 0.59, 0.86, 0.36, 0.27, 0.09, 0.22, 0.09, 0.5, 0.09, 0.36, 0.59, 0.09, 0.36, 0.40, 0.45, 0.59, 0.59, 0.36, 0.54, 0.54, 0.68, 0.77, 0.45, 0.5, 0.68, 0.59, 0.5, 0.27, 0.36, 0.31, 0.59, 0.54, 0.54, 0.22, 0.59, 0.31, 0.5, 0.18, 0.54, 0.36, 0.86, 0.54, 0.59, 0.54, 0.36, 0.68, 0.13, 0.09, 0.59, 0.31, 0.77, 0.18, 0.63, 0.22, 0.13, 0.18, 0.81, 0.72, 0.5, 0.13, 0.22, 0.59, 0.63, 0.54, 0.13, 0.68, 0.63, 0.63, 0.45, 0.04, 0.63, 0.59, 0.68, 0.27, 0.40, 0.81, 0.77, 0.09


Running iteration 5 of 10 fold...
training ensembles takes 0.543 sec
creating environment takes 0.307 sec
voting takes 1.276 sec
      accuracy, precision, recall, f_score
  mv: 0.2381, 1.0000, 0.2381, 0.1923
  wv: 0.2857, 1.0000, 0.2857, 0.2222

0.32619047619047614
0.38, 0.19, 0.38, 0.28, 0.28, 0.23, 0.33, 0.57, 0.61, 0.23, 0.23, 0.09, 0.28, 0.38, 0.66, 0.33, 0.19, 0.19, 0.23, 0.23, 0.33, 0.14, 0.33, 0.42, 0.33, 0.19, 0.14, 0.33, 0.33, 0.38, 0.19, 0.23, 0.23, 0.28, 0.61, 0.23, 0.14, 0.52, 0.61, 0.42, 0.47, 0.33, 0.33, 0.47, 0.42, 0.33, 0.42, 0.33, 0.28, 0.57, 0.38, 0.52, 0.33, 0.33, 0.33, 0.47, 0.33, 0.28, 0.33, 0.57, 0.38, 0.33, 0.23, 0.42, 0.42, 0.33, 0.38, 0.28, 0.23, 0.09, 0.47, 0.42, 0.33, 0.19, 0.14, 0.47, 0.04, 0.19, 0.28, 0.28, 0.33, 0.23, 0.38, 0.19, 0.23, 0.23, 0.47, 0.38, 0.33, 0.19, 0.42, 0.33, 0.33, 0.28, 0.38, 0.14, 0.14, 0.42, 0.19, 0.19

0.33238095238095233
0.28, 0.38, 0.47, 0.28, 0.28, 0.33, 0.14, 0.42, 0.14, 0.28, 0.71, 0.71, 0.33, 0.14, 0.23, 0.42, 0.28, 0.04, 0.28, 0.66, 0.33, 0.19, 0.57, 0.19, 0.38, 0.28, 0.28, 0.66, 0.33, 0.23, 0.38, 0.23, 0.61, 0.23, 0.28, 0.33, 0.33, 0.52, 0.28, 0.42, 0.42, 0.33, 0.61, 0.47, 0.28, 0.28, 0.33, 0.33, 0.23, 0.33, 0.14, 0.42, 0.38, 0.23, 0.33, 0.42, 0.28, 0.19, 0.57, 0.66, 0.61, 0.09, 0.52, 0.38, 0.28, 0.28, 0.33, 0.71, 0.33, 0.38, 0.19, 0.23, 0.28, 0.23, 0.47, 0.14, 0.42, 0.33, 0.52, 0.19, 0.14, 0.42, 0.19, 0.23, 0.33, 0.09, 0.23, 0.23, 0.19, 0.19, 0.38, 0.33, 0.14, 0.19, 0.14, 0.28, 0.33, 0.28, 0.19, 0.28


Running iteration 6 of 10 fold...
training ensembles takes 0.544 sec
creating environment takes 0.305 sec
voting takes 1.306 sec
      accuracy, precision, recall, f_score
  mv: 0.4762, 1.0000, 0.4762, 0.1613
  wv: 0.6667, 1.0000, 0.6667, 0.2000

0.40714285714285714
0.47, 0.52, 0.52, 0.71, 0.38, 0.61, 0.61, 0.61, 0.61, 0.61, 0.42, 0.23, 0.42, 0.23, 0.66, 0.47, 0.61, 0.66, 0.57, 0.42, 0.42, 0.80, 0.61, 0.52, 0.42, 0.52, 0.57, 0.42, 0.66, 0.47, 0.76, 0.61, 0.57, 0.47, 0.28, 0.33, 0.14, 0.28, 0.04, 0.28, 0.33, 0.33, 0.23, 0.19, 0.0, 0.19, 0.33, 0.52, 0.28, 0.52, 0.23, 0.38, 0.38, 0.66, 0.14, 0.38, 0.38, 0.28, 0.28, 0.38, 0.23, 0.28, 0.23, 0.52, 0.33, 0.28, 0.19, 0.33, 0.28, 0.42, 0.42, 0.28, 0.28, 0.28, 0.61, 0.28, 0.33, 0.33, 0.38, 0.33, 0.52, 0.33, 0.33, 0.19, 0.23, 0.52, 0.61, 0.38, 0.28, 0.38, 0.47, 0.33, 0.42, 0.28, 0.38, 0.33, 0.42, 0.52, 0.42, 0.33

0.3390476190476191
0.61, 0.42, 0.42, 0.09, 0.33, 0.33, 0.42, 0.14, 0.52, 0.61, 0.19, 0.38, 0.28, 0.38, 0.47, 0.33, 0.42, 0.23, 0.52, 0.38, 0.09, 0.38, 0.38, 0.33, 0.66, 0.42, 0.57, 0.38, 0.76, 0.33, 0.19, 0.52, 0.47, 0.23, 0.09, 0.19, 0.04, 0.38, 0.19, 0.42, 0.42, 0.38, 0.19, 0.47, 0.52, 0.04, 0.33, 0.52, 0.04, 0.33, 0.28, 0.23, 0.23, 0.23, 0.42, 0.19, 0.42, 0.19, 0.47, 0.71, 0.23, 0.0, 0.47, 0.38, 0.04, 0.04, 0.47, 0.23, 0.28, 0.33, 0.33, 0.28, 0.33, 0.33, 0.33, 0.33, 0.14, 0.38, 0.42, 0.38, 0.04, 0.38, 0.33, 0.28, 0.33, 0.38, 0.33, 0.28, 0.33, 0.33, 0.47, 0.42, 0.33, 0.42, 0.47, 0.28, 0.38, 0.23, 0.28, 0.33


Running iteration 7 of 10 fold...
training ensembles takes 0.536 sec
creating environment takes 0.303 sec
voting takes 1.354 sec
      accuracy, precision, recall, f_score
  mv: 0.5714, 0.6095, 0.3750, 0.2581
  wv: 0.5714, 0.6095, 0.3750, 0.2581

0.42523809523809525
0.52, 0.52, 0.52, 0.38, 0.52, 0.57, 0.38, 0.38, 0.57, 0.52, 0.57, 0.52, 0.57, 0.57, 0.52, 0.42, 0.33, 0.52, 0.61, 0.33, 0.52, 0.38, 0.42, 0.52, 0.47, 0.38, 0.33, 0.38, 0.42, 0.38, 0.47, 0.42, 0.52, 0.47, 0.38, 0.38, 0.19, 0.23, 0.52, 0.33, 0.38, 0.33, 0.42, 0.33, 0.38, 0.47, 0.33, 0.33, 0.47, 0.33, 0.57, 0.14, 0.09, 0.38, 0.23, 0.33, 0.28, 0.47, 0.23, 0.42, 0.23, 0.33, 0.28, 0.28, 0.09, 0.42, 0.19, 0.38, 0.52, 0.57, 0.47, 0.42, 0.52, 0.38, 0.57, 0.52, 0.61, 0.47, 0.47, 0.42, 0.61, 0.23, 0.57, 0.42, 0.52, 0.33, 0.47, 0.47, 0.57, 0.47, 0.47, 0.42, 0.57, 0.47, 0.23, 0.42, 0.52, 0.42, 0.42, 0.47

0.4347619047619047
0.47, 0.57, 0.28, 0.47, 0.19, 0.42, 0.19, 0.47, 0.47, 0.57, 0.47, 0.42, 0.71, 0.47, 0.57, 0.42, 0.38, 0.23, 0.42, 0.47, 0.71, 0.28, 0.71, 0.52, 0.42, 0.42, 0.38, 0.47, 0.33, 0.33, 0.23, 0.42, 0.52, 0.33, 0.33, 0.19, 0.38, 0.47, 0.42, 0.23, 0.28, 0.52, 0.19, 0.52, 0.42, 0.47, 0.42, 0.33, 0.38, 0.47, 0.38, 0.42, 0.47, 0.19, 0.47, 0.33, 0.33, 0.38, 0.28, 0.42, 0.42, 0.33, 0.33, 0.38, 0.33, 0.23, 0.38, 0.28, 0.52, 0.47, 0.28, 0.38, 0.61, 0.71, 0.47, 0.71, 0.33, 0.57, 0.66, 0.71, 0.38, 0.33, 0.28, 0.57, 0.61, 0.52, 0.47, 0.33, 0.61, 0.57, 0.57, 0.33, 0.61, 0.61, 0.42, 0.47, 0.23, 0.47, 0.66, 0.42


Running iteration 8 of 10 fold...
training ensembles takes 0.605 sec
creating environment takes 0.305 sec
voting takes 1.253 sec
      accuracy, precision, recall, f_score
  mv: 0.0476, 0.4286, 0.0556, 0.0400
  wv: 0.0476, 0.4286, 0.0556, 0.0400

0.1038095238095238
0.04, 0.23, 0.09, 0.19, 0.04, 0.0, 0.28, 0.09, 0.19, 0.04, 0.14, 0.14, 0.19, 0.23, 0.09, 0.14, 0.38, 0.23, 0.0, 0.33, 0.09, 0.33, 0.14, 0.09, 0.14, 0.14, 0.09, 0.23, 0.19, 0.14, 0.04, 0.14, 0.14, 0.14, 0.09, 0.04, 0.09, 0.09, 0.09, 0.09, 0.09, 0.0, 0.0, 0.04, 0.19, 0.19, 0.04, 0.0, 0.09, 0.19, 0.09, 0.09, 0.0, 0.0, 0.0, 0.19, 0.14, 0.09, 0.0, 0.09, 0.09, 0.0, 0.09, 0.09, 0.04, 0.0, 0.09, 0.0, 0.0, 0.09, 0.04, 0.04, 0.0, 0.09, 0.0, 0.04, 0.09, 0.04, 0.28, 0.09, 0.04, 0.28, 0.09, 0.14, 0.0, 0.0, 0.09, 0.14, 0.04, 0.09, 0.04, 0.0, 0.09, 0.0, 0.28, 0.0, 0.19, 0.04, 0.09, 0.04

0.060476190476190475
0.19, 0.04, 0.04, 0.14, 0.04, 0.04, 0.09, 0.04, 0.04, 0.04, 0.0, 0.0, 0.33, 0.04, 0.09, 0.33, 0.19, 0.04, 0.09, 0.04, 0.04, 0.23, 0.09, 0.04, 0.0, 0.04, 0.14, 0.09, 0.0, 0.09, 0.28, 0.19, 0.23, 0.19, 0.0, 0.0, 0.04, 0.0, 0.04, 0.0, 0.0, 0.04, 0.0, 0.0, 0.0, 0.0, 0.0, 0.0, 0.0, 0.04, 0.0, 0.0, 0.0, 0.04, 0.04, 0.0, 0.0, 0.0, 0.04, 0.0, 0.0, 0.0, 0.04, 0.0, 0.14, 0.04, 0.04, 0.0, 0.09, 0.0, 0.0, 0.0, 0.23, 0.04, 0.0, 0.04, 0.0, 0.0, 0.28, 0.0, 0.0, 0.09, 0.04, 0.0, 0.04, 0.09, 0.0, 0.04, 0.09, 0.04, 0.0, 0.0, 0.09, 0.04, 0.09, 0.0, 0.04, 0.0, 0.23, 0.04


Running iteration 9 of 10 fold...
training ensembles takes 0.555 sec
creating environment takes 0.304 sec
voting takes 1.267 sec
      accuracy, precision, recall, f_score
  mv: 0.2381, 0.2902, 0.2917, 0.1943
  wv: 0.2381, 0.2585, 0.2917, 0.1800

0.22571428571428565
0.23, 0.19, 0.33, 0.04, 0.14, 0.19, 0.38, 0.19, 0.23, 0.28, 0.23, 0.38, 0.23, 0.23, 0.33, 0.28, 0.14, 0.42, 0.23, 0.28, 0.19, 0.23, 0.28, 0.14, 0.23, 0.28, 0.38, 0.28, 0.14, 0.09, 0.23, 0.28, 0.23, 0.28, 0.14, 0.28, 0.28, 0.19, 0.19, 0.19, 0.23, 0.09, 0.23, 0.19, 0.19, 0.14, 0.14, 0.19, 0.23, 0.23, 0.14, 0.23, 0.23, 0.14, 0.19, 0.23, 0.23, 0.19, 0.19, 0.14, 0.19, 0.23, 0.23, 0.14, 0.23, 0.23, 0.23, 0.23, 0.23, 0.09, 0.19, 0.19, 0.19, 0.23, 0.19, 0.33, 0.28, 0.28, 0.23, 0.28, 0.28, 0.19, 0.19, 0.09, 0.33, 0.23, 0.23, 0.19, 0.14, 0.19, 0.19, 0.23, 0.19, 0.28, 0.38, 0.14, 0.38, 0.28, 0.19, 0.14

0.2352380952380952
0.23, 0.19, 0.23, 0.14, 0.14, 0.19, 0.33, 0.14, 0.19, 0.23, 0.23, 0.14, 0.28, 0.23, 0.14, 0.14, 0.14, 0.19, 0.14, 0.14, 0.23, 0.19, 0.19, 0.19, 0.14, 0.19, 0.09, 0.19, 0.19, 0.19, 0.23, 0.28, 0.14, 0.23, 0.33, 0.23, 0.14, 0.23, 0.23, 0.19, 0.28, 0.14, 0.14, 0.23, 0.14, 0.23, 0.28, 0.23, 0.23, 0.23, 0.23, 0.23, 0.28, 0.28, 0.23, 0.28, 0.19, 0.19, 0.09, 0.09, 0.14, 0.23, 0.23, 0.14, 0.23, 0.19, 0.23, 0.14, 0.33, 0.23, 0.38, 0.33, 0.33, 0.33, 0.23, 0.28, 0.33, 0.38, 0.33, 0.19, 0.38, 0.28, 0.38, 0.28, 0.38, 0.38, 0.23, 0.33, 0.23, 0.28, 0.14, 0.33, 0.28, 0.28, 0.23, 0.33, 0.23, 0.28, 0.23, 0.38


Running iteration 10 of 10 fold...
training ensembles takes 0.529 sec
creating environment takes 0.303 sec
voting takes 1.257 sec
      accuracy, precision, recall, f_score
  mv: 0.9524, 1.0000, 0.9524, 0.4878
  wv: 0.9524, 1.0000, 0.9524, 0.4878

0.5595238095238095
0.61, 0.0, 0.76, 0.52, 0.76, 0.85, 0.80, 0.19, 0.85, 0.0, 0.47, 0.0, 0.52, 0.14, 0.66, 0.52, 0.71, 0.14, 0.09, 0.52, 0.90, 0.47, 0.23, 0.52, 0.76, 0.57, 0.71, 0.85, 0.85, 0.80, 0.19, 0.66, 0.85, 0.52, 0.23, 0.38, 0.28, 0.33, 0.66, 0.52, 0.66, 0.90, 0.76, 0.23, 0.71, 0.33, 0.47, 0.23, 0.66, 0.80, 0.71, 0.28, 0.61, 0.66, 0.47, 0.66, 0.28, 0.33, 0.66, 1.0, 0.47, 0.61, 0.52, 0.14, 0.23, 0.09, 0.66, 0.52, 0.42, 0.47, 0.38, 0.76, 0.42, 0.33, 0.85, 0.57, 0.95, 0.33, 0.57, 0.90, 0.95, 0.66, 0.71, 0.52, 0.90, 0.52, 0.76, 0.57, 0.90, 0.47, 0.61, 0.85, 0.57, 0.42, 0.52, 0.42, 0.66, 0.76, 0.80, 0.90

0.4228571428571428
0.04, 0.04, 0.0, 0.0, 0.04, 0.71, 0.0, 0.09, 0.0, 0.85, 0.47, 0.0, 0.23, 0.04, 0.0, 0.04, 0.0, 0.71, 0.0, 0.90, 0.0, 0.85, 0.23, 0.0, 0.0, 0.04, 0.85, 0.0, 0.0, 0.38, 0.71, 0.0, 0.0, 0.0, 0.04, 0.90, 0.0, 0.80, 0.04, 0.66, 0.0, 0.90, 0.71, 0.80, 0.71, 0.0, 0.04, 0.85, 0.0, 0.95, 0.61, 0.71, 0.04, 0.71, 0.0, 0.66, 0.66, 0.0, 0.76, 0.61, 0.66, 0.42, 0.66, 0.09, 0.04, 0.90, 0.47, 0.66, 0.57, 0.95, 0.90, 0.0, 0.0, 1.0, 0.57, 0.80, 0.80, 0.04, 0.52, 0.90, 0.95, 0.95, 0.95, 0.0, 0.04, 0.57, 0.95, 0.95, 0.04, 0.0, 0.09, 0.95, 0.95, 0.57, 0.61, 0.61, 0.0, 0.95, 0.90, 0.52

      accuracy, precision, recall, f_score
  mv: 0.5433, 0.8177, 0.5174, 0.3044
  wv: 0.5262, 0.8085, 0.5039, 0.2747
  fs: 0.0000, 0.0000, 0.0000, 0.0000
adab: 0.0000, 0.0000, 0.0000, 0.0000
eprl: 0.0000, 0.0000, 0.0000, 0.0000
ibrl: 0.0000, 0.0000, 0.0000, 0.0000

time costs: C, E, V, FS, Ada, EPRL, IBRL
       0.54, 0.30, 1.30, 0.0, 0.0, 0.0, 0.0
FS size: 0.00000, EPRL size: 0.00000, IBRL size: 0.00000
full test avg accu: 0.40949, part test avg accu: 0.37007
