{'dataset': 'glass', 'algorithm': 'ptdqn', 'num_clf': 100, 'num_training': 10000, 'learning_rate': 0.1, 'discount_factor': 1.0, 'epsilon': 0.1, 'random_state': 6666, 'portion': 0.5, 'sequential': False}
reading data takes 0.023 sec
data shape: (214, 10)
number of labels: 6

Running iteration 1 of 10 fold...
training ensembles takes 4.134 sec
creating environment takes 0.545 sec
voting takes 1.977 sec
      accuracy, precision, recall, f_score
  mv: 0.4091, 1.0000, 0.4091, 0.1935
  wv: 0.4091, 1.0000, 0.4091, 0.1935

0.36363636363636365
0.22, 0.0, 0.45, 0.27, 0.31, 1.0, 0.54, 0.0, 0.5, 0.72, 0.5, 0.0, 0.5, 0.0, 0.45, 0.09, 0.36, 0.0, 0.5, 0.72, 0.45, 0.04, 0.68, 0.0, 0.40, 0.0, 0.45, 0.72, 0.36, 0.0, 0.54, 0.63, 0.22, 0.0, 0.59, 0.13, 0.63, 0.04, 0.45, 0.0, 0.68, 0.5, 0.45, 0.0, 0.31, 0.0, 0.5, 0.90, 0.45, 1.0, 0.45, 0.18, 0.40, 0.0, 0.54, 0.72, 0.5, 0.0, 0.59, 0.13, 0.36, 0.0, 0.45, 0.04, 0.59, 0.0, 0.45, 0.18, 0.27, 0.0, 0.5, 0.36, 0.59, 0.27, 0.59, 0.40, 0.27, 0.0, 0.5, 0.59, 0.59, 0.0, 0.40, 0.40, 0.22, 0.95, 0.40, 0.40, 0.40, 0.04, 0.54, 0.5, 0.45, 0.81, 0.5, 0.0, 0.72, 0.0, 0.45, 0.09

0.4427272727272726
0.45, 0.45, 0.45, 0.68, 0.40, 1.0, 0.54, 0.81, 0.31, 0.0, 0.72, 0.36, 0.68, 0.0, 0.59, 0.86, 0.45, 0.0, 0.68, 0.04, 0.36, 0.0, 0.54, 0.45, 0.72, 0.0, 0.45, 0.95, 0.45, 0.0, 0.5, 0.5, 0.63, 0.0, 0.59, 0.18, 0.22, 1.0, 0.63, 0.95, 0.54, 0.68, 0.54, 0.86, 0.54, 0.0, 0.5, 0.59, 0.45, 0.09, 0.63, 0.54, 0.22, 0.0, 0.54, 0.0, 0.27, 0.0, 0.40, 0.36, 0.5, 0.0, 0.59, 0.5, 0.54, 0.0, 0.72, 0.63, 0.59, 0.90, 0.45, 0.0, 0.59, 0.0, 0.54, 0.63, 0.40, 0.0, 0.54, 0.0, 0.54, 0.0, 0.54, 0.95, 0.40, 0.18, 0.68, 0.59, 0.59, 0.31, 0.72, 0.5, 0.63, 0.0, 0.54, 0.59, 0.40, 0.0, 0.68, 0.63


Running iteration 2 of 10 fold...
training ensembles takes 4.084 sec
creating environment takes 0.559 sec
voting takes 2.037 sec
      accuracy, precision, recall, f_score
  mv: 0.8636, 1.0000, 0.8636, 0.4634
  wv: 0.8182, 1.0000, 0.8182, 0.4500

0.515
0.63, 0.04, 0.81, 0.90, 0.5, 0.0, 0.72, 0.77, 0.68, 0.0, 0.77, 0.90, 0.90, 0.0, 0.77, 0.09, 0.86, 0.0, 0.77, 0.5, 0.18, 0.18, 0.77, 0.77, 0.18, 1.0, 0.81, 0.22, 0.81, 0.0, 0.77, 0.22, 0.77, 0.0, 0.72, 0.90, 0.72, 0.0, 0.54, 0.18, 0.36, 0.18, 0.77, 0.86, 0.5, 0.18, 0.68, 0.22, 0.63, 0.0, 0.86, 0.95, 0.77, 0.0, 0.77, 0.09, 0.81, 0.18, 0.86, 0.13, 0.54, 0.0, 0.86, 0.09, 0.31, 0.0, 0.68, 0.18, 0.81, 0.18, 0.5, 0.90, 0.90, 0.95, 0.68, 0.13, 0.59, 1.0, 0.77, 0.18, 0.63, 0.0, 0.63, 0.09, 0.45, 0.0, 0.68, 0.90, 0.81, 0.13, 0.77, 0.90, 0.81, 1.0, 0.77, 0.13, 0.77, 0.54, 0.63, 0.09

0.5677272727272729
0.59, 1.0, 0.68, 0.81, 0.81, 0.0, 0.86, 0.90, 0.68, 0.0, 0.95, 0.13, 0.13, 0.0, 0.77, 0.90, 0.45, 0.81, 0.77, 0.90, 0.59, 1.0, 0.54, 0.86, 0.59, 0.0, 0.90, 0.81, 0.40, 0.0, 0.72, 0.90, 0.72, 0.0, 0.72, 0.90, 0.40, 0.0, 0.68, 0.36, 0.27, 0.18, 0.68, 0.90, 0.77, 0.0, 0.90, 0.13, 0.22, 0.0, 1.0, 0.13, 0.63, 0.0, 0.81, 0.90, 0.81, 1.0, 0.86, 0.90, 0.77, 0.0, 0.77, 0.13, 0.81, 0.18, 0.68, 0.90, 0.5, 0.0, 0.81, 0.90, 0.5, 0.0, 0.54, 0.90, 0.59, 0.54, 0.68, 0.81, 0.18, 0.13, 0.86, 0.90, 0.36, 0.95, 0.77, 0.81, 0.68, 0.0, 0.90, 0.90, 0.86, 0.0, 0.77, 0.31, 0.45, 0.0, 0.86, 0.31


Running iteration 3 of 10 fold...
training ensembles takes 4.203 sec
creating environment takes 0.609 sec
voting takes 1.982 sec
      accuracy, precision, recall, f_score
  mv: 0.6364, 1.0000, 0.6364, 0.2593
  wv: 0.6818, 1.0000, 0.6818, 0.2703

0.40636363636363626
0.5, 0.0, 0.54, 0.0, 0.63, 0.0, 0.72, 0.72, 0.31, 0.27, 0.63, 0.59, 0.59, 0.13, 0.5, 0.22, 0.54, 0.27, 0.5, 0.54, 0.36, 0.0, 0.45, 0.54, 0.27, 0.86, 0.31, 0.45, 0.63, 0.95, 0.59, 0.77, 0.54, 0.0, 0.54, 0.13, 0.5, 1.0, 0.5, 0.13, 0.5, 0.0, 0.63, 0.0, 0.40, 0.0, 0.54, 0.45, 0.5, 0.0, 0.59, 0.59, 0.54, 0.68, 0.5, 0.13, 0.36, 0.13, 0.54, 0.18, 0.5, 0.0, 0.5, 0.0, 0.45, 0.0, 0.31, 0.0, 0.40, 0.0, 0.5, 0.54, 0.63, 0.04, 0.77, 0.0, 0.86, 0.22, 0.54, 0.59, 0.27, 0.0, 0.54, 0.18, 0.59, 0.04, 0.5, 0.54, 0.45, 0.0, 0.54, 0.5, 0.77, 0.04, 0.54, 0.40, 0.63, 1.0, 0.45, 0.5

0.475
0.45, 0.04, 0.72, 0.77, 0.5, 0.90, 0.5, 0.54, 0.68, 0.0, 0.45, 0.68, 0.45, 0.09, 0.27, 0.59, 0.40, 0.0, 0.59, 0.90, 0.5, 0.81, 0.31, 0.22, 0.5, 0.0, 0.45, 0.68, 0.54, 0.95, 0.68, 0.18, 0.36, 0.86, 0.63, 0.81, 0.36, 0.59, 0.59, 0.5, 0.63, 0.04, 0.59, 0.90, 0.40, 0.0, 0.59, 0.5, 0.45, 0.0, 0.54, 0.54, 0.27, 0.09, 0.45, 0.81, 0.59, 0.0, 0.63, 0.45, 0.31, 0.0, 0.27, 0.63, 0.72, 1.0, 0.54, 0.77, 0.31, 0.09, 0.77, 0.63, 0.5, 0.0, 0.36, 0.5, 0.40, 0.72, 0.40, 0.86, 0.45, 0.0, 0.54, 0.63, 0.31, 0.0, 0.59, 0.45, 0.40, 0.68, 0.77, 0.72, 0.72, 0.0, 0.45, 0.54, 0.36, 0.0, 0.54, 0.68


Running iteration 4 of 10 fold...
training ensembles takes 4.208 sec
creating environment takes 0.596 sec
voting takes 2.048 sec
      accuracy, precision, recall, f_score
  mv: 0.7273, 0.8990, 0.8333, 0.4718
  wv: 0.7727, 0.8990, 0.8611, 0.7270

0.46409090909090905
0.59, 0.0, 0.63, 0.22, 0.40, 0.81, 0.86, 0.04, 0.45, 0.18, 0.68, 0.27, 0.63, 0.59, 0.86, 0.0, 0.40, 0.0, 0.81, 0.09, 0.59, 0.18, 0.72, 0.22, 0.54, 0.81, 0.81, 0.0, 0.54, 0.54, 0.86, 0.54, 0.77, 0.04, 0.72, 0.22, 0.63, 0.18, 0.72, 0.04, 0.63, 0.63, 0.81, 0.0, 0.54, 0.81, 0.68, 0.18, 0.72, 0.72, 0.86, 0.18, 0.5, 0.18, 0.95, 0.18, 0.45, 0.04, 0.90, 0.18, 0.31, 0.0, 0.77, 0.0, 0.45, 0.18, 0.63, 0.22, 0.31, 0.0, 0.90, 0.22, 0.86, 0.18, 0.81, 0.13, 0.95, 0.45, 0.81, 0.0, 0.63, 0.81, 0.68, 0.04, 0.72, 0.59, 0.68, 0.09, 0.5, 0.0, 1.0, 0.18, 0.45, 0.0, 0.90, 0.22, 0.81, 0.18, 0.77, 0.22

0.4249999999999999
0.68, 0.18, 0.86, 0.18, 0.59, 0.81, 0.54, 0.0, 0.59, 0.09, 0.90, 0.18, 0.22, 0.54, 0.81, 0.13, 0.81, 0.18, 0.86, 0.18, 0.68, 0.81, 0.68, 0.18, 0.36, 0.18, 0.5, 0.27, 0.63, 0.18, 0.68, 0.18, 0.63, 1.0, 0.68, 0.13, 0.86, 0.68, 0.68, 0.04, 0.72, 0.0, 0.77, 0.18, 0.77, 0.0, 0.81, 0.18, 0.31, 0.18, 0.72, 0.18, 0.63, 0.0, 0.63, 0.13, 0.27, 0.77, 0.68, 0.13, 0.36, 0.0, 0.54, 0.13, 0.68, 0.77, 0.5, 0.27, 0.27, 0.18, 0.77, 0.27, 0.36, 0.0, 0.68, 0.18, 0.27, 0.0, 0.77, 0.22, 0.5, 0.0, 0.36, 0.22, 0.45, 0.18, 0.77, 0.22, 0.59, 0.77, 0.40, 0.22, 0.54, 0.18, 0.54, 0.18, 0.40, 0.27, 0.5, 0.22


Running iteration 5 of 10 fold...
training ensembles takes 4.334 sec
creating environment takes 0.570 sec
voting takes 1.918 sec
      accuracy, precision, recall, f_score
  mv: 0.2381, 1.0000, 0.2381, 0.1282
  wv: 0.2381, 1.0000, 0.2381, 0.1282

0.3052380952380952
0.42, 0.23, 0.38, 0.52, 0.23, 0.42, 0.19, 0.33, 0.23, 1.0, 0.04, 0.33, 0.47, 0.0, 0.38, 0.23, 0.23, 0.71, 0.38, 0.38, 0.38, 0.14, 0.28, 0.47, 0.38, 0.0, 0.33, 0.47, 0.28, 0.0, 0.04, 0.09, 0.42, 0.38, 0.28, 0.76, 0.42, 0.0, 0.33, 0.38, 0.23, 0.0, 0.33, 0.38, 0.09, 0.23, 0.33, 0.38, 0.33, 0.47, 0.28, 0.14, 0.19, 0.33, 0.23, 0.33, 0.33, 0.04, 0.33, 0.33, 0.42, 0.23, 0.19, 0.57, 0.28, 0.33, 0.28, 0.33, 0.38, 0.19, 0.23, 0.57, 0.23, 0.0, 0.19, 0.52, 0.14, 0.47, 0.38, 0.28, 0.47, 0.0, 0.23, 0.33, 0.28, 0.71, 0.23, 0.33, 0.47, 0.0, 0.28, 0.14, 0.28, 0.0, 0.38, 0.42, 0.38, 0.0, 0.38, 0.38

0.2604761904761904
0.42, 0.0, 0.28, 0.38, 0.23, 0.23, 0.14, 0.28, 0.47, 0.09, 0.14, 0.28, 0.33, 0.09, 0.09, 0.28, 0.14, 0.0, 0.19, 0.14, 0.42, 0.0, 0.38, 0.33, 0.47, 0.09, 0.09, 0.38, 0.23, 0.0, 0.33, 0.23, 0.14, 0.09, 0.19, 0.28, 0.28, 0.28, 0.33, 0.47, 0.28, 0.76, 0.23, 0.28, 0.61, 0.0, 0.19, 0.33, 0.14, 0.19, 0.23, 0.42, 0.23, 0.0, 0.14, 0.28, 0.42, 0.47, 0.52, 0.28, 0.57, 0.0, 0.23, 0.42, 0.47, 0.33, 0.19, 0.33, 0.28, 0.0, 0.19, 0.14, 0.52, 0.0, 0.33, 0.14, 0.28, 0.04, 0.09, 0.28, 0.28, 0.0, 0.47, 0.19, 0.04, 0.28, 0.14, 0.23, 0.33, 0.76, 0.38, 0.23, 0.57, 0.28, 0.23, 0.38, 0.38, 0.0, 0.28, 0.14


Running iteration 6 of 10 fold...
training ensembles takes 4.199 sec
creating environment takes 0.567 sec
voting takes 1.951 sec
      accuracy, precision, recall, f_score
  mv: 0.5714, 1.0000, 0.5714, 0.1818
  wv: 0.4762, 1.0000, 0.4762, 0.1613

0.3709523809523811
0.66, 0.33, 0.61, 0.14, 0.57, 0.0, 0.38, 0.14, 0.28, 1.0, 0.38, 0.14, 0.42, 0.66, 0.66, 0.14, 0.61, 0.66, 0.61, 0.19, 0.42, 0.0, 0.52, 0.23, 0.28, 0.0, 0.47, 0.14, 0.38, 0.09, 0.47, 0.14, 0.47, 0.42, 0.47, 0.14, 0.52, 0.66, 0.47, 0.19, 0.52, 0.52, 0.47, 0.33, 0.23, 0.33, 0.57, 0.42, 0.33, 0.42, 0.71, 0.28, 0.42, 0.23, 0.47, 0.14, 0.28, 0.38, 0.42, 0.14, 0.23, 0.52, 0.42, 0.14, 0.66, 0.76, 0.61, 0.14, 0.52, 0.0, 0.61, 0.23, 0.42, 0.0, 0.42, 0.23, 0.23, 0.0, 0.52, 0.19, 0.80, 0.0, 0.28, 0.14, 0.33, 0.19, 0.52, 0.14, 0.66, 0.0, 0.47, 0.14, 0.42, 0.80, 0.57, 0.33, 0.61, 0.04, 0.52, 0.14

0.26619047619047614
0.33, 0.33, 0.23, 0.14, 0.38, 0.23, 0.57, 0.09, 0.42, 0.19, 0.47, 0.19, 0.33, 0.04, 0.52, 0.0, 0.42, 0.0, 0.23, 0.14, 0.33, 0.0, 0.23, 0.14, 0.33, 0.19, 0.47, 0.19, 0.23, 0.0, 0.42, 0.14, 0.38, 0.52, 0.42, 0.33, 0.19, 0.47, 0.47, 0.14, 0.38, 0.09, 0.19, 0.28, 0.23, 0.04, 0.23, 0.14, 0.42, 0.38, 0.38, 0.04, 0.19, 0.0, 0.23, 0.23, 0.38, 0.0, 0.09, 0.23, 0.28, 0.0, 0.47, 0.09, 0.19, 0.66, 0.28, 0.23, 0.71, 0.28, 0.19, 0.28, 0.28, 0.23, 0.23, 0.14, 0.47, 0.14, 0.28, 0.28, 0.19, 0.04, 0.66, 0.14, 0.28, 0.0, 0.28, 0.14, 0.33, 0.33, 0.76, 0.09, 0.52, 0.19, 0.33, 0.19, 0.42, 0.04, 0.42, 0.14


Running iteration 7 of 10 fold...
training ensembles takes 4.187 sec
creating environment takes 0.548 sec
voting takes 1.941 sec
      accuracy, precision, recall, f_score
  mv: 0.4762, 0.6926, 0.3125, 0.2469
  wv: 0.4762, 0.6926, 0.3125, 0.2469

0.35380952380952385
0.61, 0.66, 0.42, 0.28, 0.52, 0.0, 0.42, 0.23, 0.52, 0.09, 0.47, 0.33, 0.80, 0.71, 0.52, 0.09, 0.52, 0.52, 0.57, 0.09, 0.47, 0.76, 0.47, 0.09, 0.52, 0.52, 0.47, 0.09, 0.38, 0.0, 0.38, 0.28, 0.42, 0.0, 0.42, 0.28, 0.61, 0.0, 0.42, 0.23, 0.33, 0.66, 0.47, 0.09, 0.47, 0.23, 0.47, 0.0, 0.47, 0.71, 0.57, 0.09, 0.52, 0.19, 0.52, 0.19, 0.47, 0.0, 0.47, 0.47, 0.38, 0.0, 0.52, 0.33, 0.52, 0.0, 0.38, 0.04, 0.47, 0.0, 0.42, 0.23, 0.38, 0.0, 0.57, 0.09, 0.61, 0.71, 0.47, 0.14, 0.57, 0.0, 0.47, 0.09, 0.61, 0.04, 0.47, 0.09, 0.42, 0.0, 0.38, 0.33, 0.57, 0.28, 0.38, 0.04, 0.52, 0.14, 0.57, 0.14

0.3442857142857143
0.28, 0.76, 0.33, 0.04, 0.52, 0.09, 0.33, 0.23, 0.71, 0.04, 0.42, 0.14, 0.57, 0.0, 0.42, 0.14, 0.52, 0.28, 0.47, 0.23, 0.52, 0.23, 0.33, 0.19, 0.33, 0.0, 0.47, 0.14, 0.47, 0.0, 0.47, 0.14, 0.52, 0.42, 0.57, 0.14, 0.76, 0.09, 0.52, 0.09, 0.42, 0.76, 0.42, 0.09, 0.57, 0.09, 0.61, 0.23, 0.42, 0.04, 0.52, 0.09, 0.57, 0.0, 0.42, 0.19, 0.33, 0.09, 0.38, 0.23, 0.47, 0.66, 0.42, 0.23, 0.38, 0.0, 0.52, 0.04, 0.71, 0.09, 0.52, 0.09, 0.71, 0.42, 0.52, 0.28, 0.38, 0.09, 0.28, 0.14, 0.23, 0.0, 0.52, 0.23, 0.38, 0.38, 0.52, 0.23, 0.61, 0.76, 0.57, 0.14, 0.42, 0.76, 0.47, 0.23, 0.28, 0.33, 0.42, 0.14


Running iteration 8 of 10 fold...
training ensembles takes 4.048 sec
creating environment takes 0.590 sec
voting takes 1.876 sec
      accuracy, precision, recall, f_score
  mv: 0.0476, 0.4286, 0.0556, 0.0400
  wv: 0.0476, 0.4286, 0.0556, 0.0400

0.09999999999999998
0.09, 0.0, 0.0, 0.09, 0.09, 0.0, 0.14, 0.19, 0.04, 0.0, 0.0, 0.33, 0.09, 0.0, 0.0, 0.09, 0.14, 0.0, 0.0, 0.14, 0.09, 0.0, 0.04, 0.04, 0.09, 0.0, 0.19, 0.09, 0.04, 0.0, 0.04, 0.09, 0.28, 0.0, 0.09, 0.14, 0.04, 0.0, 0.0, 0.19, 0.33, 0.0, 0.28, 0.23, 0.04, 0.0, 0.0, 0.04, 0.14, 0.0, 0.04, 0.09, 0.04, 0.0, 0.23, 0.09, 0.09, 0.0, 0.04, 0.14, 0.09, 0.0, 0.0, 0.19, 0.04, 0.09, 0.0, 0.04, 0.0, 0.0, 0.04, 0.19, 0.42, 0.42, 0.0, 0.19, 0.04, 0.0, 0.14, 0.42, 0.04, 0.0, 0.04, 0.23, 0.23, 0.0, 0.23, 0.04, 0.04, 0.0, 0.23, 0.0, 0.42, 0.0, 0.23, 0.23, 0.33, 0.0, 0.19, 0.14

0.039047619047619046
0.14, 0.0, 0.0, 0.04, 0.04, 0.0, 0.0, 0.04, 0.04, 0.0, 0.04, 0.0, 0.19, 0.0, 0.0, 0.04, 0.42, 0.0, 0.0, 0.0, 0.09, 0.0, 0.0, 0.04, 0.0, 0.0, 0.0, 0.0, 0.0, 0.0, 0.0, 0.0, 0.09, 0.0, 0.0, 0.04, 0.0, 0.0, 0.0, 0.0, 0.04, 0.0, 0.09, 0.0, 0.14, 0.0, 0.14, 0.0, 0.09, 0.0, 0.04, 0.0, 0.38, 0.0, 0.0, 0.04, 0.0, 0.0, 0.0, 0.0, 0.04, 0.0, 0.19, 0.0, 0.09, 0.0, 0.04, 0.0, 0.42, 0.0, 0.0, 0.0, 0.28, 0.0, 0.0, 0.0, 0.04, 0.0, 0.0, 0.0, 0.0, 0.0, 0.14, 0.0, 0.0, 0.0, 0.0, 0.04, 0.19, 0.0, 0.0, 0.0, 0.04, 0.0, 0.0, 0.0, 0.0, 0.0, 0.0, 0.0


Running iteration 9 of 10 fold...
training ensembles takes 4.046 sec
creating environment takes 0.506 sec
voting takes 1.881 sec
      accuracy, precision, recall, f_score
  mv: 0.1905, 0.4444, 0.2500, 0.2061
  wv: 0.1905, 0.3810, 0.2500, 0.1870

0.15999999999999995
0.19, 0.0, 0.19, 0.19, 0.09, 0.19, 0.14, 0.19, 0.19, 0.09, 0.14, 0.19, 0.38, 0.0, 0.14, 0.14, 0.14, 0.0, 0.14, 0.19, 0.23, 0.04, 0.23, 0.19, 0.19, 0.47, 0.23, 0.14, 0.19, 0.0, 0.14, 0.09, 0.14, 0.0, 0.14, 0.14, 0.19, 0.0, 0.19, 0.19, 0.28, 0.0, 0.14, 0.14, 0.28, 0.0, 0.09, 0.19, 0.14, 0.0, 0.28, 0.19, 0.28, 0.04, 0.19, 0.19, 0.19, 0.0, 0.23, 0.19, 0.28, 0.09, 0.14, 0.19, 0.23, 0.0, 0.19, 0.14, 0.28, 0.19, 0.23, 0.19, 0.19, 0.0, 0.19, 0.14, 0.28, 0.09, 0.14, 0.14, 0.28, 0.0, 0.19, 0.14, 0.28, 0.0, 0.23, 0.19, 0.23, 0.0, 0.28, 0.19, 0.19, 0.09, 0.19, 0.19, 0.23, 0.09, 0.19, 0.14

0.1271428571428571
0.33, 0.0, 0.09, 0.09, 0.19, 0.0, 0.14, 0.0, 0.19, 0.04, 0.23, 0.0, 0.19, 0.38, 0.19, 0.0, 0.28, 0.23, 0.09, 0.09, 0.14, 0.14, 0.14, 0.0, 0.28, 0.0, 0.19, 0.09, 0.33, 0.0, 0.19, 0.0, 0.19, 0.0, 0.19, 0.0, 0.14, 0.19, 0.14, 0.09, 0.33, 0.0, 0.09, 0.0, 0.23, 0.09, 0.19, 0.09, 0.28, 0.0, 0.19, 0.09, 0.04, 0.04, 0.23, 0.0, 0.19, 0.0, 0.09, 0.09, 0.23, 0.09, 0.14, 0.0, 0.28, 0.0, 0.19, 0.0, 0.14, 0.0, 0.09, 0.0, 0.19, 0.09, 0.23, 0.09, 0.33, 0.0, 0.19, 0.09, 0.28, 0.23, 0.23, 0.09, 0.23, 0.0, 0.09, 0.0, 0.23, 0.14, 0.14, 0.0, 0.19, 0.0, 0.09, 0.09, 0.14, 0.19, 0.14, 0.09


Running iteration 10 of 10 fold...
training ensembles takes 4.100 sec
creating environment takes 0.579 sec
voting takes 1.929 sec
      accuracy, precision, recall, f_score
  mv: 0.9524, 1.0000, 0.9524, 0.4878
  wv: 0.9524, 1.0000, 0.9524, 0.4878

0.4942857142857142
0.76, 0.0, 0.95, 0.80, 0.95, 0.0, 0.04, 0.38, 0.47, 0.0, 0.47, 0.66, 0.85, 0.0, 0.04, 0.90, 0.95, 0.0, 0.04, 0.95, 0.66, 0.0, 0.04, 0.95, 0.71, 0.0, 0.95, 0.80, 0.14, 0.0, 0.04, 0.95, 0.95, 0.0, 0.04, 0.90, 0.90, 0.04, 0.04, 0.95, 0.04, 0.0, 0.47, 0.95, 0.76, 0.0, 0.04, 0.61, 0.80, 0.0, 0.95, 0.71, 0.95, 0.0, 0.95, 0.95, 0.80, 0.0, 0.04, 0.95, 0.57, 0.0, 0.95, 0.95, 0.76, 0.0, 0.0, 0.95, 0.80, 0.0, 0.95, 0.90, 0.47, 0.0, 0.95, 0.95, 0.85, 0.0, 0.95, 0.19, 0.95, 0.04, 0.95, 0.0, 0.57, 0.0, 0.04, 0.95, 0.66, 0.0, 0.95, 0.95, 0.52, 0.0, 0.04, 0.80, 0.33, 0.0, 0.95, 0.95

0.27999999999999997
0.76, 0.0, 0.04, 0.0, 0.0, 0.0, 0.04, 0.76, 0.04, 0.0, 0.90, 0.0, 0.04, 0.0, 0.0, 0.80, 0.0, 0.0, 0.0, 0.71, 0.04, 0.0, 0.04, 0.76, 0.0, 0.0, 0.61, 0.76, 0.95, 0.0, 0.19, 0.80, 0.0, 0.0, 0.04, 0.80, 0.04, 0.0, 0.0, 0.76, 0.0, 0.0, 0.04, 0.80, 0.95, 0.0, 0.0, 0.57, 0.0, 0.95, 0.04, 0.76, 0.80, 0.0, 0.0, 0.76, 0.04, 0.0, 0.0, 0.76, 0.71, 0.95, 0.0, 0.0, 0.80, 0.0, 0.0, 0.80, 0.57, 0.0, 0.04, 0.0, 0.04, 0.0, 0.04, 0.80, 0.71, 0.0, 0.0, 0.76, 0.90, 0.0, 0.0, 0.0, 0.0, 0.47, 0.0, 0.80, 0.85, 0.0, 0.0, 0.09, 0.95, 0.33, 0.0, 0.0, 0.0, 0.0, 0.0, 0.76

      accuracy, precision, recall, f_score
  mv: 0.5113, 0.8465, 0.5122, 0.2679
  wv: 0.5063, 0.8401, 0.5055, 0.2892
  fs: 0.0000, 0.0000, 0.0000, 0.0000
adab: 0.0000, 0.0000, 0.0000, 0.0000
eprl: 0.0000, 0.0000, 0.0000, 0.0000
ibrl: 0.0000, 0.0000, 0.0000, 0.0000

time costs: C, E, V, FS, Ada, EPRL, IBRL
       4.15, 0.56, 1.95, 0.0, 0.0, 0.0, 0.0
FS size: 0.00000, EPRL size: 0.00000, IBRL size: 0.00000
full test avg accu: 0.35334, part test avg accu: 0.32276
