{'dataset': 'glass', 'algorithm': 'ptdqn', 'num_clf': 100, 'num_training': 10000, 'learning_rate': 0.1, 'discount_factor': 1.0, 'epsilon': 0.1, 'random_state': 6666, 'portion': 0.5, 'sequential': False}
reading data takes 0.008 sec
data shape: (214, 10)
number of labels: 6

Running iteration 1 of 10 fold...
loading ensembles takes 0.099 sec
creating environment takes 0.317 sec
voting takes 1.267 sec
      accuracy, precision, recall, f_score
  mv: 0.5000, 1.0000, 0.5000, 0.2222
  wv: 0.4545, 1.0000, 0.4545, 0.2083

0.4331818181818183
0.22, 0.36, 0.18, 0.5, 0.31, 0.59, 0.31, 0.36, 0.5, 0.59, 0.59, 0.63, 0.5, 0.54, 0.22, 0.63, 0.36, 0.31, 0.36, 0.31, 0.45, 0.40, 0.27, 0.68, 0.40, 0.09, 0.63, 0.22, 0.36, 0.36, 0.31, 0.40, 0.22, 0.45, 0.68, 0.27, 0.63, 0.31, 0.5, 0.36, 0.68, 0.59, 0.27, 0.22, 0.31, 0.31, 0.45, 0.36, 0.45, 0.40, 0.18, 0.27, 0.40, 0.27, 0.63, 0.5, 0.5, 0.22, 0.36, 0.45, 0.36, 0.5, 0.31, 0.54, 0.59, 0.63, 0.36, 0.45, 0.27, 0.59, 0.27, 0.40, 0.59, 0.40, 0.63, 0.59, 0.27, 0.18, 0.40, 0.63, 0.59, 0.36, 0.31, 0.63, 0.22, 0.54, 0.45, 0.27, 0.40, 0.40, 0.45, 0.59, 0.45, 0.72, 0.59, 0.5, 0.72, 0.59, 0.36, 0.59

0.44363636363636355
0.45, 0.40, 0.18, 0.81, 0.40, 0.72, 0.27, 0.45, 0.31, 0.27, 0.5, 0.27, 0.68, 0.54, 0.36, 0.27, 0.45, 0.54, 0.59, 0.54, 0.36, 0.40, 0.36, 0.63, 0.72, 0.18, 0.63, 0.45, 0.45, 0.36, 0.27, 0.72, 0.63, 0.59, 0.31, 0.36, 0.22, 0.27, 0.59, 0.04, 0.54, 0.63, 0.54, 0.63, 0.54, 0.45, 0.63, 0.72, 0.45, 0.54, 0.45, 0.31, 0.22, 0.22, 0.27, 0.18, 0.27, 0.5, 0.45, 0.40, 0.5, 0.31, 0.31, 0.5, 0.54, 0.45, 0.31, 0.40, 0.59, 0.72, 0.22, 0.18, 0.59, 0.5, 0.18, 0.45, 0.40, 0.36, 0.45, 0.45, 0.54, 0.5, 0.31, 0.63, 0.40, 0.40, 0.77, 0.40, 0.59, 0.77, 0.18, 0.27, 0.63, 0.40, 0.31, 0.27, 0.40, 0.22, 0.68, 0.31


Running iteration 2 of 10 fold...
loading ensembles takes 0.099 sec
creating environment takes 0.306 sec
voting takes 1.261 sec
      accuracy, precision, recall, f_score
  mv: 0.9091, 1.0000, 0.9091, 0.3175
  wv: 0.9091, 1.0000, 0.9091, 0.3175

0.6618181818181817
0.63, 0.59, 0.72, 0.63, 0.5, 0.40, 0.77, 0.59, 0.68, 0.63, 0.63, 0.59, 0.90, 0.5, 0.63, 0.68, 0.86, 0.77, 0.72, 0.72, 0.18, 0.63, 0.5, 0.68, 0.18, 0.63, 0.59, 0.77, 0.81, 0.86, 0.68, 0.86, 0.77, 0.86, 0.63, 0.5, 0.72, 0.72, 0.81, 0.63, 0.36, 0.81, 0.5, 0.72, 0.5, 0.81, 0.40, 0.54, 0.63, 0.68, 0.81, 0.72, 0.77, 0.72, 0.72, 0.95, 0.81, 0.68, 0.31, 0.68, 0.54, 0.77, 0.63, 0.54, 0.31, 0.90, 0.40, 0.59, 0.81, 0.72, 0.18, 0.90, 0.90, 0.18, 0.72, 0.77, 0.59, 0.63, 0.77, 0.72, 0.63, 0.81, 0.18, 0.72, 0.45, 0.72, 0.86, 0.72, 0.81, 0.81, 0.27, 0.68, 0.81, 0.68, 0.81, 0.59, 0.77, 0.86, 0.81, 0.86

0.5713636363636363
0.59, 0.77, 0.59, 0.40, 0.81, 0.59, 0.72, 0.31, 0.68, 0.45, 0.77, 0.86, 0.13, 0.68, 0.77, 0.59, 0.45, 0.45, 0.63, 0.81, 0.59, 0.90, 0.45, 0.68, 0.59, 0.86, 0.5, 0.68, 0.40, 0.31, 0.81, 0.63, 0.72, 0.13, 0.31, 0.72, 0.40, 0.63, 0.86, 0.54, 0.27, 0.68, 0.59, 0.90, 0.77, 0.81, 0.54, 0.40, 0.22, 0.59, 0.72, 0.68, 0.63, 0.63, 0.22, 0.45, 0.81, 0.77, 0.68, 0.72, 0.77, 0.36, 0.09, 0.27, 0.81, 0.54, 0.09, 0.68, 0.5, 0.13, 0.63, 0.95, 0.5, 0.68, 0.59, 0.18, 0.59, 0.45, 0.86, 0.63, 0.18, 0.31, 0.90, 0.95, 0.36, 0.68, 0.72, 0.5, 0.68, 0.36, 0.31, 0.31, 0.86, 0.54, 0.59, 0.22, 0.45, 0.59, 0.40, 0.63


Running iteration 3 of 10 fold...
loading ensembles takes 0.098 sec
creating environment takes 0.305 sec
voting takes 1.261 sec
      accuracy, precision, recall, f_score
  mv: 0.6818, 1.0000, 0.6818, 0.4054
  wv: 0.6364, 1.0000, 0.6364, 0.2593

0.5054545454545454
0.5, 0.63, 0.90, 0.68, 0.63, 0.5, 0.68, 0.45, 0.31, 0.22, 0.31, 0.68, 0.59, 0.68, 0.36, 0.45, 0.54, 0.40, 0.54, 0.27, 0.36, 0.45, 0.77, 0.63, 0.27, 0.54, 0.45, 0.59, 0.63, 0.45, 0.31, 0.45, 0.54, 0.45, 0.22, 0.40, 0.5, 0.59, 0.54, 0.54, 0.5, 0.27, 0.59, 0.77, 0.40, 0.86, 0.59, 0.54, 0.5, 0.54, 0.54, 0.36, 0.54, 0.40, 0.54, 0.63, 0.36, 0.40, 0.45, 0.45, 0.5, 0.45, 0.63, 0.45, 0.45, 0.22, 0.59, 0.54, 0.40, 0.54, 0.45, 0.31, 0.63, 0.5, 0.5, 0.5, 0.86, 0.54, 0.45, 0.36, 0.27, 0.31, 0.5, 0.54, 0.59, 0.54, 0.54, 0.27, 0.45, 0.68, 0.59, 0.59, 0.77, 0.5, 0.5, 0.31, 0.63, 0.45, 0.40, 0.59

0.45772727272727276
0.45, 0.45, 0.27, 0.36, 0.5, 0.18, 0.54, 0.54, 0.68, 0.31, 0.31, 0.31, 0.45, 0.36, 0.18, 0.54, 0.40, 0.68, 0.45, 0.59, 0.5, 0.40, 0.45, 0.54, 0.5, 0.54, 0.45, 0.36, 0.54, 0.5, 0.59, 0.59, 0.36, 0.40, 0.86, 0.59, 0.36, 0.77, 0.22, 0.54, 0.63, 0.5, 0.59, 0.54, 0.40, 0.45, 0.45, 0.36, 0.45, 0.45, 0.27, 0.40, 0.27, 0.36, 0.63, 0.27, 0.59, 0.5, 0.45, 0.31, 0.31, 0.72, 0.5, 0.68, 0.72, 0.22, 0.22, 0.54, 0.31, 0.54, 0.45, 0.72, 0.5, 0.40, 0.36, 0.18, 0.40, 0.31, 0.36, 0.45, 0.45, 0.40, 0.5, 0.40, 0.31, 0.31, 0.36, 0.40, 0.40, 0.63, 0.5, 0.54, 0.72, 0.31, 0.5, 0.40, 0.36, 0.59, 0.40, 0.45


Running iteration 4 of 10 fold...
loading ensembles takes 0.098 sec
creating environment takes 0.305 sec
voting takes 1.260 sec
      accuracy, precision, recall, f_score
  mv: 0.8182, 0.9221, 0.8889, 0.5341
  wv: 0.8182, 0.9221, 0.8889, 0.5341

0.5895454545454546
0.59, 0.59, 0.63, 0.63, 0.40, 0.5, 0.81, 0.59, 0.45, 0.40, 0.54, 0.81, 0.63, 0.22, 0.54, 0.77, 0.40, 0.40, 0.68, 0.59, 0.59, 0.31, 0.77, 0.68, 0.54, 0.45, 0.5, 0.54, 0.54, 0.45, 0.77, 0.72, 0.77, 0.36, 0.59, 0.22, 0.63, 0.77, 0.77, 0.81, 0.63, 0.63, 0.72, 0.77, 0.54, 0.77, 0.77, 0.36, 0.72, 0.36, 0.86, 0.68, 0.5, 0.31, 0.63, 0.63, 0.45, 0.45, 0.72, 0.45, 0.31, 0.77, 0.68, 0.77, 0.45, 0.54, 0.40, 0.86, 0.31, 0.63, 0.45, 0.40, 0.86, 0.59, 0.59, 0.22, 0.95, 0.5, 0.81, 0.5, 0.63, 0.31, 0.63, 0.54, 0.72, 0.72, 0.45, 0.45, 0.5, 0.59, 0.72, 0.5, 0.45, 0.63, 0.59, 0.68, 0.81, 0.72, 0.5, 0.86

0.5468181818181818
0.68, 0.27, 0.63, 0.81, 0.59, 0.63, 0.45, 0.59, 0.59, 0.86, 0.63, 0.45, 0.22, 0.68, 0.72, 0.36, 0.81, 0.81, 0.77, 0.36, 0.68, 0.5, 0.86, 0.68, 0.36, 0.77, 0.59, 0.45, 0.63, 0.63, 0.86, 0.18, 0.63, 0.40, 0.18, 0.22, 0.86, 0.86, 0.63, 0.90, 0.72, 0.36, 0.22, 0.59, 0.77, 0.31, 0.77, 0.86, 0.31, 0.31, 0.36, 0.81, 0.63, 0.72, 0.40, 0.77, 0.27, 0.45, 0.59, 0.18, 0.36, 0.40, 0.77, 0.90, 0.68, 0.27, 0.45, 0.59, 0.27, 0.36, 0.40, 0.59, 0.36, 0.86, 0.72, 0.22, 0.27, 0.63, 0.45, 0.63, 0.5, 0.5, 0.68, 0.72, 0.45, 0.45, 0.22, 0.63, 0.59, 0.31, 0.45, 0.72, 0.54, 0.40, 0.13, 0.63, 0.40, 0.36, 0.77, 0.40


Running iteration 5 of 10 fold...
loading ensembles takes 0.098 sec
creating environment takes 0.305 sec
voting takes 1.207 sec
      accuracy, precision, recall, f_score
  mv: 0.2381, 1.0000, 0.2381, 0.0769
  wv: 0.2857, 1.0000, 0.2857, 0.1111

0.3295238095238095
0.42, 0.52, 0.23, 0.42, 0.23, 0.42, 0.33, 0.47, 0.23, 0.57, 0.19, 0.47, 0.47, 0.33, 0.61, 0.23, 0.23, 0.52, 0.33, 0.19, 0.38, 0.61, 0.42, 0.57, 0.38, 0.28, 0.42, 0.33, 0.28, 0.33, 0.28, 0.38, 0.42, 0.28, 0.33, 0.14, 0.42, 0.38, 0.47, 0.28, 0.23, 0.42, 0.42, 0.52, 0.09, 0.28, 0.23, 0.33, 0.33, 0.47, 0.23, 0.28, 0.19, 0.57, 0.19, 0.23, 0.33, 0.0, 0.19, 0.33, 0.42, 0.23, 0.28, 0.28, 0.28, 0.38, 0.28, 0.09, 0.38, 0.23, 0.42, 0.76, 0.23, 0.23, 0.42, 0.38, 0.14, 0.23, 0.19, 0.38, 0.47, 0.14, 0.23, 0.23, 0.28, 0.33, 0.28, 0.19, 0.47, 0.38, 0.09, 0.23, 0.28, 0.38, 0.57, 0.19, 0.38, 0.19, 0.14, 0.14

0.32380952380952377
0.42, 0.61, 0.33, 0.28, 0.23, 0.28, 0.57, 0.28, 0.47, 0.28, 0.33, 0.33, 0.33, 0.38, 0.19, 0.28, 0.14, 0.0, 0.23, 0.14, 0.42, 0.19, 0.23, 0.19, 0.47, 0.42, 0.52, 0.28, 0.23, 0.19, 0.52, 0.38, 0.14, 0.42, 0.33, 0.14, 0.28, 0.47, 0.23, 0.28, 0.28, 0.38, 0.71, 0.33, 0.61, 0.04, 0.47, 0.19, 0.14, 0.09, 0.28, 0.23, 0.23, 0.14, 0.19, 0.42, 0.42, 0.28, 0.33, 0.47, 0.57, 0.14, 0.33, 0.52, 0.47, 0.23, 0.38, 0.28, 0.28, 0.38, 0.47, 0.19, 0.52, 0.23, 0.38, 0.14, 0.28, 0.52, 0.19, 0.33, 0.28, 0.33, 0.28, 0.09, 0.04, 0.28, 0.61, 0.28, 0.33, 0.23, 0.42, 0.28, 0.57, 0.38, 0.38, 0.38, 0.38, 0.23, 0.23, 0.42


Running iteration 6 of 10 fold...
loading ensembles takes 0.098 sec
creating environment takes 0.307 sec
voting takes 1.208 sec
      accuracy, precision, recall, f_score
  mv: 0.4762, 1.0000, 0.4762, 0.1290
  wv: 0.4762, 1.0000, 0.4762, 0.1290

0.4376190476190477
0.66, 0.28, 0.61, 0.66, 0.57, 0.52, 0.47, 0.42, 0.28, 0.47, 0.33, 0.33, 0.42, 0.28, 0.47, 0.71, 0.61, 0.33, 0.42, 0.19, 0.42, 0.33, 0.71, 0.38, 0.28, 0.38, 0.52, 0.28, 0.38, 0.28, 0.42, 0.38, 0.47, 0.61, 0.33, 0.38, 0.52, 0.47, 0.23, 0.28, 0.52, 0.47, 0.47, 0.52, 0.23, 0.38, 0.57, 0.42, 0.33, 0.61, 0.76, 0.42, 0.42, 0.38, 0.47, 0.38, 0.28, 0.23, 0.42, 0.28, 0.23, 0.52, 0.66, 0.57, 0.66, 0.47, 0.19, 0.61, 0.52, 0.28, 0.28, 0.28, 0.42, 0.38, 0.23, 0.61, 0.23, 0.33, 0.57, 0.47, 0.80, 0.38, 0.42, 0.42, 0.33, 0.33, 0.28, 0.42, 0.66, 0.47, 0.47, 0.28, 0.42, 0.71, 0.23, 0.57, 0.61, 0.23, 0.33, 0.71

0.35904761904761906
0.33, 0.23, 0.23, 0.33, 0.38, 0.14, 0.42, 0.0, 0.42, 0.19, 0.38, 0.47, 0.33, 0.42, 0.57, 0.52, 0.42, 0.38, 0.28, 0.47, 0.33, 0.61, 0.28, 0.28, 0.33, 0.28, 0.38, 0.28, 0.23, 0.38, 0.42, 0.42, 0.38, 0.33, 0.47, 0.14, 0.19, 0.14, 0.61, 0.33, 0.38, 0.14, 0.19, 0.23, 0.23, 0.47, 0.42, 0.28, 0.42, 0.52, 0.42, 0.33, 0.19, 0.52, 0.28, 0.33, 0.38, 0.42, 0.47, 0.52, 0.28, 0.47, 0.42, 0.42, 0.19, 0.28, 0.42, 0.19, 0.71, 0.33, 0.38, 0.33, 0.28, 0.52, 0.28, 0.33, 0.47, 0.33, 0.42, 0.66, 0.19, 0.33, 0.28, 0.42, 0.28, 0.14, 0.33, 0.47, 0.33, 0.42, 0.33, 0.33, 0.52, 0.38, 0.23, 0.33, 0.42, 0.23, 0.47, 0.42


Running iteration 7 of 10 fold...
loading ensembles takes 0.098 sec
creating environment takes 0.305 sec
voting takes 1.206 sec
      accuracy, precision, recall, f_score
  mv: 0.5238, 0.5587, 0.3438, 0.2366
  wv: 0.5238, 0.5587, 0.3438, 0.2366

0.4971428571428571
0.61, 0.57, 0.52, 0.42, 0.52, 0.66, 0.61, 0.47, 0.52, 0.61, 0.71, 0.61, 0.80, 0.52, 0.28, 0.42, 0.52, 0.47, 0.80, 0.66, 0.47, 0.61, 0.47, 0.38, 0.52, 0.42, 0.57, 0.42, 0.38, 0.52, 0.42, 0.38, 0.42, 0.57, 0.66, 0.47, 0.61, 0.61, 0.57, 0.52, 0.33, 0.61, 0.42, 0.38, 0.47, 0.76, 0.47, 0.33, 0.47, 0.52, 0.52, 0.61, 0.52, 0.28, 0.52, 0.42, 0.47, 0.33, 0.52, 0.61, 0.38, 0.38, 0.33, 0.47, 0.52, 0.28, 0.33, 0.52, 0.47, 0.42, 0.61, 0.42, 0.38, 0.52, 0.42, 0.38, 0.61, 0.52, 0.61, 0.47, 0.57, 0.52, 0.57, 0.33, 0.61, 0.42, 0.42, 0.66, 0.42, 0.57, 0.33, 0.38, 0.57, 0.42, 0.28, 0.38, 0.52, 0.47, 0.47, 0.38

0.49047619047619045
0.28, 0.52, 0.47, 0.57, 0.52, 0.42, 0.42, 0.38, 0.71, 0.28, 0.66, 0.47, 0.57, 0.57, 0.42, 0.47, 0.52, 0.23, 0.57, 0.42, 0.52, 0.57, 0.71, 0.42, 0.33, 0.52, 0.61, 0.52, 0.47, 0.28, 0.57, 0.61, 0.52, 0.57, 0.52, 0.47, 0.76, 0.71, 0.57, 0.42, 0.42, 0.52, 0.47, 0.80, 0.57, 0.38, 0.42, 0.38, 0.42, 0.47, 0.38, 0.57, 0.57, 0.52, 0.42, 0.57, 0.33, 0.66, 0.47, 0.61, 0.47, 0.47, 0.47, 0.38, 0.38, 0.52, 0.52, 0.28, 0.71, 0.23, 0.52, 0.47, 0.71, 0.52, 0.38, 0.42, 0.38, 0.38, 0.38, 0.71, 0.23, 0.28, 0.47, 0.38, 0.38, 0.61, 0.52, 0.57, 0.61, 0.47, 0.52, 0.42, 0.42, 0.52, 0.61, 0.52, 0.28, 0.61, 0.47, 0.28


Running iteration 8 of 10 fold...
loading ensembles takes 0.097 sec
creating environment takes 0.309 sec
voting takes 1.205 sec
      accuracy, precision, recall, f_score
  mv: 0.0476, 0.4286, 0.0556, 0.0400
  wv: 0.0476, 0.4286, 0.0556, 0.0400

0.14523809523809525
0.09, 0.33, 0.14, 0.14, 0.09, 0.04, 0.04, 0.14, 0.04, 0.04, 0.19, 0.23, 0.09, 0.19, 0.04, 0.19, 0.14, 0.0, 0.09, 0.14, 0.09, 0.14, 0.09, 0.14, 0.09, 0.23, 0.04, 0.04, 0.04, 0.23, 0.0, 0.09, 0.28, 0.52, 0.04, 0.28, 0.04, 0.19, 0.14, 0.19, 0.33, 0.09, 0.04, 0.04, 0.04, 0.0, 0.28, 0.14, 0.14, 0.28, 0.14, 0.09, 0.04, 0.0, 0.09, 0.28, 0.09, 0.09, 0.09, 0.0, 0.09, 0.09, 0.28, 0.23, 0.04, 0.09, 0.19, 0.0, 0.0, 0.14, 0.04, 0.04, 0.42, 0.09, 0.04, 0.19, 0.04, 0.09, 0.28, 0.09, 0.04, 0.09, 0.09, 0.19, 0.23, 0.23, 0.19, 0.28, 0.04, 0.14, 0.23, 0.04, 0.42, 0.28, 0.23, 0.33, 0.33, 0.09, 0.23, 0.28

0.08428571428571427
0.14, 0.14, 0.0, 0.04, 0.04, 0.04, 0.14, 0.04, 0.04, 0.14, 0.09, 0.0, 0.19, 0.04, 0.0, 0.14, 0.42, 0.19, 0.14, 0.0, 0.09, 0.04, 0.04, 0.04, 0.0, 0.04, 0.19, 0.09, 0.0, 0.28, 0.23, 0.09, 0.09, 0.04, 0.0, 0.0, 0.0, 0.19, 0.23, 0.0, 0.04, 0.0, 0.14, 0.0, 0.14, 0.23, 0.14, 0.04, 0.09, 0.09, 0.09, 0.0, 0.38, 0.09, 0.0, 0.09, 0.0, 0.0, 0.19, 0.14, 0.04, 0.04, 0.0, 0.0, 0.09, 0.0, 0.14, 0.0, 0.42, 0.04, 0.0, 0.14, 0.28, 0.04, 0.0, 0.19, 0.04, 0.0, 0.14, 0.0, 0.0, 0.09, 0.0, 0.0, 0.0, 0.04, 0.14, 0.19, 0.19, 0.04, 0.0, 0.0, 0.04, 0.0, 0.04, 0.19, 0.0, 0.0, 0.0, 0.0


Running iteration 9 of 10 fold...
loading ensembles takes 0.097 sec
creating environment takes 0.306 sec
voting takes 1.209 sec
      accuracy, precision, recall, f_score
  mv: 0.2857, 0.5079, 0.3333, 0.2476
  wv: 0.2857, 0.5079, 0.3333, 0.2476

0.2428571428571428
0.19, 0.19, 0.33, 0.19, 0.09, 0.28, 0.28, 0.28, 0.19, 0.33, 0.19, 0.33, 0.38, 0.19, 0.19, 0.14, 0.14, 0.28, 0.23, 0.23, 0.23, 0.23, 0.33, 0.28, 0.19, 0.23, 0.19, 0.19, 0.19, 0.23, 0.33, 0.23, 0.14, 0.33, 0.23, 0.19, 0.19, 0.33, 0.28, 0.33, 0.28, 0.14, 0.38, 0.23, 0.28, 0.19, 0.23, 0.28, 0.14, 0.19, 0.33, 0.19, 0.28, 0.28, 0.14, 0.19, 0.19, 0.19, 0.28, 0.28, 0.28, 0.19, 0.28, 0.23, 0.23, 0.23, 0.19, 0.23, 0.28, 0.14, 0.19, 0.33, 0.19, 0.23, 0.28, 0.23, 0.28, 0.33, 0.23, 0.33, 0.28, 0.19, 0.23, 0.14, 0.28, 0.23, 0.33, 0.23, 0.23, 0.23, 0.33, 0.23, 0.19, 0.38, 0.09, 0.28, 0.23, 0.33, 0.23, 0.09

0.25333333333333324
0.33, 0.28, 0.19, 0.28, 0.19, 0.23, 0.28, 0.19, 0.19, 0.23, 0.42, 0.33, 0.19, 0.14, 0.19, 0.23, 0.28, 0.19, 0.14, 0.33, 0.14, 0.23, 0.19, 0.23, 0.28, 0.14, 0.14, 0.33, 0.33, 0.19, 0.28, 0.38, 0.19, 0.14, 0.33, 0.19, 0.14, 0.19, 0.38, 0.28, 0.33, 0.19, 0.28, 0.19, 0.23, 0.28, 0.33, 0.19, 0.28, 0.23, 0.33, 0.33, 0.04, 0.28, 0.42, 0.28, 0.19, 0.28, 0.28, 0.09, 0.23, 0.14, 0.28, 0.28, 0.28, 0.23, 0.38, 0.33, 0.14, 0.38, 0.14, 0.23, 0.19, 0.19, 0.23, 0.38, 0.33, 0.28, 0.19, 0.09, 0.28, 0.28, 0.38, 0.33, 0.23, 0.19, 0.38, 0.33, 0.23, 0.28, 0.19, 0.33, 0.19, 0.33, 0.23, 0.28, 0.14, 0.23, 0.23, 0.38


Running iteration 10 of 10 fold...
loading ensembles takes 0.099 sec
creating environment takes 0.305 sec
voting takes 1.209 sec
      accuracy, precision, recall, f_score
  mv: 0.9524, 1.0000, 0.9524, 0.4878
  wv: 0.9524, 1.0000, 0.9524, 0.4878

0.6295238095238094
0.76, 0.71, 0.14, 0.38, 0.95, 0.85, 0.52, 0.66, 0.47, 0.38, 0.85, 0.95, 0.85, 1.0, 0.47, 0.66, 0.95, 0.85, 0.76, 0.47, 0.66, 0.47, 0.14, 0.85, 0.71, 0.19, 1.0, 0.95, 0.14, 0.90, 0.61, 0.14, 0.95, 0.95, 0.90, 0.90, 0.90, 0.90, 0.33, 0.23, 0.04, 0.66, 0.90, 0.19, 0.76, 0.04, 0.66, 0.0, 0.80, 0.76, 0.95, 0.76, 0.95, 0.71, 0.90, 0.90, 0.80, 0.09, 0.71, 0.76, 0.57, 0.14, 0.90, 0.09, 0.76, 0.71, 0.0, 0.90, 0.80, 0.47, 0.71, 0.42, 0.47, 0.90, 0.90, 0.42, 0.85, 0.42, 0.71, 0.76, 0.95, 0.47, 0.80, 0.0, 0.57, 0.33, 0.04, 0.95, 0.66, 0.19, 0.90, 0.95, 0.52, 0.95, 0.04, 0.61, 0.33, 0.76, 0.95, 0.85

0.4047619047619048
0.76, 0.0, 0.09, 0.0, 0.0, 0.33, 0.04, 0.0, 0.04, 0.76, 0.95, 0.0, 0.04, 0.09, 0.0, 0.28, 0.0, 1.0, 0.0, 0.66, 0.04, 0.71, 0.95, 0.0, 0.0, 0.90, 0.66, 0.14, 0.95, 0.23, 0.95, 0.76, 0.0, 0.04, 0.80, 0.95, 0.04, 0.0, 0.23, 0.0, 0.0, 0.95, 0.95, 0.04, 0.95, 0.04, 0.04, 0.04, 0.0, 0.85, 0.71, 0.04, 0.80, 0.14, 0.0, 0.66, 0.04, 0.33, 0.95, 0.76, 0.71, 0.66, 0.95, 0.04, 0.80, 0.80, 0.0, 0.47, 0.57, 0.80, 0.0, 0.04, 0.04, 0.76, 0.85, 0.66, 0.71, 0.04, 0.04, 0.95, 0.90, 0.0, 0.66, 0.04, 0.0, 0.0, 0.42, 0.95, 0.85, 0.0, 0.28, 0.14, 0.95, 0.04, 0.76, 0.90, 0.0, 0.90, 0.04, 0.66

      accuracy, precision, recall, f_score
  mv: 0.5433, 0.8417, 0.5379, 0.2697
  wv: 0.5390, 0.8417, 0.5336, 0.2571
  fs: 0.0000, 0.0000, 0.0000, 0.0000
adab: 0.0000, 0.0000, 0.0000, 0.0000
eprl: 0.0000, 0.0000, 0.0000, 0.0000
ibrl: 0.0000, 0.0000, 0.0000, 0.0000

time costs: C, E, V, FS, Ada, EPRL, IBRL
       0.09, 0.30, 1.22, 0.0, 0.0, 0.0, 0.0
FS size: 0.00000, EPRL size: 0.00000, IBRL size: 0.00000
full test avg accu: 0.44719, part test avg accu: 0.39353
