{'dataset': 'ha', 'algorithm': 'ptdqn', 'num_clf': 100, 'num_training': 10000, 'learning_rate': 0.1, 'discount_factor': 1.0, 'epsilon': 0.1, 'random_state': 6666, 'portion': 0.5, 'sequential': False}
reading data takes 1.148 sec
data shape: (10299, 562)
number of labels: 6

Running iteration 1 of 10 fold...
training ensembles takes 410.683 sec
creating environment takes 59.045 sec
voting takes 873.887 sec
      accuracy, precision, recall, f_score
  mv: 0.9505, 0.9534, 0.9525, 0.9502
  wv: 0.9495, 0.9528, 0.9512, 0.9488

0.8705339805825243
0.84, 0.94, 0.91, 0.79, 0.82, 0.95, 0.91, 0.77, 0.85, 0.96, 0.89, 0.77, 0.78, 0.97, 0.90, 0.82, 0.86, 0.96, 0.9, 0.74, 0.83, 0.96, 0.89, 0.77, 0.83, 0.96, 0.89, 0.77, 0.83, 0.96, 0.90, 0.70, 0.83, 0.95, 0.91, 0.79, 0.86, 0.97, 0.90, 0.73, 0.84, 0.96, 0.91, 0.83, 0.88, 0.96, 0.90, 0.78, 0.84, 0.96, 0.90, 0.78, 0.86, 0.96, 0.9, 0.78, 0.86, 0.96, 0.90, 0.75, 0.86, 0.97, 0.89, 0.82, 0.87, 0.96, 0.90, 0.74, 0.88, 0.96, 0.91, 0.74, 0.81, 0.95, 0.89, 0.77, 0.88, 0.96, 0.88, 0.73, 0.83, 0.96, 0.89, 0.77, 0.83, 0.94, 0.90, 0.77, 0.84, 0.95, 0.89, 0.78, 0.85, 0.96, 0.89, 0.72, 0.80, 0.97, 0.89, 0.73

0.8558349514563105
0.82, 0.95, 0.88, 0.73, 0.82, 0.96, 0.88, 0.70, 0.84, 0.96, 0.87, 0.76, 0.83, 0.96, 0.88, 0.73, 0.80, 0.96, 0.88, 0.79, 0.81, 0.94, 0.88, 0.73, 0.82, 0.95, 0.87, 0.85, 0.80, 0.96, 0.88, 0.75, 0.80, 0.95, 0.90, 0.75, 0.84, 0.96, 0.89, 0.74, 0.78, 0.96, 0.89, 0.70, 0.84, 0.94, 0.89, 0.66, 0.84, 0.96, 0.90, 0.74, 0.84, 0.96, 0.89, 0.71, 0.79, 0.95, 0.86, 0.83, 0.83, 0.96, 0.89, 0.73, 0.85, 0.96, 0.87, 0.70, 0.79, 0.96, 0.87, 0.78, 0.86, 0.96, 0.88, 0.76, 0.82, 0.96, 0.89, 0.75, 0.83, 0.95, 0.87, 0.67, 0.85, 0.93, 0.88, 0.73, 0.84, 0.96, 0.90, 0.72, 0.82, 0.96, 0.89, 0.79, 0.86, 0.96, 0.88, 0.73


Running iteration 2 of 10 fold...
training ensembles takes 408.645 sec
creating environment takes 59.196 sec
voting takes 872.428 sec
      accuracy, precision, recall, f_score
  mv: 0.9252, 0.9281, 0.9230, 0.9216
  wv: 0.9214, 0.9243, 0.9190, 0.9175

0.8250582524271843
0.82, 0.93, 0.88, 0.66, 0.84, 0.91, 0.86, 0.67, 0.85, 0.94, 0.87, 0.57, 0.82, 0.91, 0.86, 0.66, 0.77, 0.90, 0.87, 0.70, 0.83, 0.93, 0.87, 0.66, 0.84, 0.93, 0.88, 0.69, 0.86, 0.92, 0.88, 0.70, 0.80, 0.92, 0.87, 0.73, 0.85, 0.92, 0.87, 0.69, 0.84, 0.93, 0.87, 0.56, 0.85, 0.93, 0.87, 0.70, 0.85, 0.92, 0.87, 0.63, 0.81, 0.92, 0.86, 0.70, 0.78, 0.92, 0.87, 0.69, 0.83, 0.93, 0.87, 0.69, 0.84, 0.92, 0.87, 0.59, 0.79, 0.92, 0.86, 0.67, 0.79, 0.91, 0.86, 0.72, 0.82, 0.92, 0.86, 0.66, 0.82, 0.92, 0.87, 0.69, 0.82, 0.91, 0.87, 0.64, 0.83, 0.92, 0.87, 0.7, 0.82, 0.93, 0.86, 0.70, 0.80, 0.93, 0.85, 0.65

0.823252427184466
0.82, 0.92, 0.86, 0.65, 0.79, 0.93, 0.86, 0.64, 0.80, 0.93, 0.86, 0.71, 0.81, 0.92, 0.86, 0.73, 0.81, 0.91, 0.85, 0.75, 0.79, 0.92, 0.85, 0.64, 0.82, 0.93, 0.87, 0.72, 0.79, 0.93, 0.86, 0.71, 0.85, 0.92, 0.86, 0.70, 0.78, 0.92, 0.85, 0.69, 0.81, 0.91, 0.85, 0.69, 0.77, 0.92, 0.86, 0.69, 0.82, 0.92, 0.85, 0.72, 0.78, 0.93, 0.85, 0.68, 0.83, 0.91, 0.86, 0.73, 0.8, 0.92, 0.85, 0.74, 0.76, 0.91, 0.85, 0.65, 0.81, 0.93, 0.86, 0.68, 0.77, 0.91, 0.86, 0.72, 0.86, 0.92, 0.87, 0.74, 0.81, 0.93, 0.85, 0.62, 0.78, 0.92, 0.87, 0.68, 0.78, 0.93, 0.86, 0.57, 0.81, 0.93, 0.86, 0.74, 0.78, 0.93, 0.87, 0.72


Running iteration 3 of 10 fold...
training ensembles takes 404.213 sec
creating environment takes 58.904 sec
voting takes 884.460 sec
      accuracy, precision, recall, f_score
  mv: 0.8961, 0.9165, 0.9015, 0.8962
  wv: 0.8981, 0.9189, 0.9035, 0.8979

0.8014271844660195
0.80, 0.87, 0.87, 0.80, 0.83, 0.89, 0.86, 0.56, 0.81, 0.89, 0.87, 0.59, 0.79, 0.89, 0.89, 0.79, 0.82, 0.88, 0.88, 0.66, 0.83, 0.90, 0.86, 0.79, 0.81, 0.88, 0.86, 0.56, 0.82, 0.90, 0.87, 0.59, 0.83, 0.9, 0.86, 0.57, 0.76, 0.88, 0.86, 0.60, 0.82, 0.88, 0.88, 0.63, 0.81, 0.88, 0.87, 0.55, 0.76, 0.89, 0.88, 0.55, 0.78, 0.9, 0.87, 0.55, 0.85, 0.89, 0.86, 0.56, 0.80, 0.90, 0.87, 0.56, 0.83, 0.9, 0.86, 0.70, 0.84, 0.86, 0.89, 0.66, 0.81, 0.89, 0.87, 0.55, 0.79, 0.89, 0.88, 0.54, 0.83, 0.87, 0.88, 0.56, 0.83, 0.88, 0.86, 0.67, 0.79, 0.9, 0.88, 0.55, 0.83, 0.89, 0.88, 0.7, 0.78, 0.89, 0.87, 0.57

0.7917766990291262
0.79, 0.87, 0.85, 0.73, 0.79, 0.87, 0.84, 0.73, 0.77, 0.88, 0.87, 0.62, 0.79, 0.86, 0.86, 0.7, 0.82, 0.85, 0.86, 0.60, 0.72, 0.88, 0.86, 0.71, 0.89, 0.88, 0.86, 0.57, 0.78, 0.89, 0.85, 0.58, 0.75, 0.87, 0.84, 0.56, 0.74, 0.89, 0.85, 0.57, 0.82, 0.85, 0.87, 0.55, 0.83, 0.88, 0.86, 0.64, 0.76, 0.88, 0.86, 0.65, 0.84, 0.89, 0.87, 0.71, 0.80, 0.85, 0.85, 0.55, 0.81, 0.88, 0.86, 0.56, 0.78, 0.89, 0.87, 0.64, 0.83, 0.88, 0.87, 0.58, 0.76, 0.87, 0.85, 0.64, 0.84, 0.89, 0.86, 0.70, 0.82, 0.88, 0.86, 0.55, 0.76, 0.85, 0.87, 0.55, 0.71, 0.87, 0.88, 0.55, 0.78, 0.86, 0.87, 0.55, 0.82, 0.89, 0.86, 0.73


Running iteration 4 of 10 fold...
training ensembles takes 432.886 sec
creating environment takes 61.623 sec
voting takes 910.383 sec
      accuracy, precision, recall, f_score
  mv: 0.9466, 0.9504, 0.9413, 0.9371
  wv: 0.9476, 0.9519, 0.9426, 0.9380

0.844990291262136
0.83, 0.93, 0.86, 0.75, 0.85, 0.95, 0.86, 0.73, 0.79, 0.95, 0.86, 0.69, 0.82, 0.96, 0.86, 0.72, 0.86, 0.94, 0.85, 0.74, 0.80, 0.96, 0.87, 0.71, 0.80, 0.96, 0.86, 0.75, 0.87, 0.95, 0.86, 0.8, 0.85, 0.95, 0.86, 0.72, 0.86, 0.95, 0.86, 0.82, 0.81, 0.92, 0.86, 0.76, 0.78, 0.93, 0.86, 0.72, 0.83, 0.93, 0.86, 0.72, 0.84, 0.95, 0.87, 0.73, 0.81, 0.94, 0.87, 0.73, 0.84, 0.94, 0.86, 0.76, 0.83, 0.92, 0.85, 0.73, 0.79, 0.94, 0.87, 0.73, 0.79, 0.94, 0.86, 0.74, 0.84, 0.95, 0.85, 0.80, 0.81, 0.94, 0.86, 0.68, 0.81, 0.93, 0.86, 0.73, 0.83, 0.95, 0.85, 0.70, 0.81, 0.95, 0.85, 0.72, 0.80, 0.95, 0.86, 0.74

0.8290485436893205
0.86, 0.90, 0.85, 0.64, 0.83, 0.92, 0.83, 0.76, 0.73, 0.91, 0.86, 0.73, 0.80, 0.92, 0.86, 0.64, 0.83, 0.92, 0.85, 0.73, 0.79, 0.93, 0.84, 0.71, 0.84, 0.91, 0.84, 0.73, 0.85, 0.92, 0.85, 0.78, 0.81, 0.94, 0.84, 0.71, 0.81, 0.92, 0.85, 0.68, 0.79, 0.87, 0.85, 0.78, 0.79, 0.91, 0.85, 0.74, 0.79, 0.95, 0.83, 0.79, 0.74, 0.92, 0.87, 0.76, 0.82, 0.94, 0.85, 0.62, 0.88, 0.94, 0.84, 0.71, 0.81, 0.95, 0.85, 0.71, 0.82, 0.93, 0.85, 0.73, 0.77, 0.91, 0.86, 0.71, 0.76, 0.93, 0.84, 0.80, 0.81, 0.92, 0.85, 0.73, 0.81, 0.93, 0.85, 0.63, 0.84, 0.94, 0.86, 0.74, 0.86, 0.92, 0.84, 0.70, 0.81, 0.93, 0.85, 0.60


Running iteration 5 of 10 fold...
training ensembles takes 425.256 sec
creating environment takes 61.563 sec
voting takes 909.223 sec
      accuracy, precision, recall, f_score
  mv: 0.9534, 0.9575, 0.9529, 0.9526
  wv: 0.9553, 0.9586, 0.9557, 0.9555

0.8579708737864077
0.87, 0.96, 0.90, 0.78, 0.81, 0.97, 0.90, 0.62, 0.90, 0.97, 0.90, 0.70, 0.82, 0.97, 0.89, 0.64, 0.80, 0.97, 0.90, 0.78, 0.87, 0.97, 0.90, 0.69, 0.78, 0.97, 0.89, 0.71, 0.86, 0.97, 0.90, 0.73, 0.88, 0.97, 0.90, 0.66, 0.86, 0.97, 0.89, 0.70, 0.82, 0.97, 0.90, 0.70, 0.86, 0.97, 0.90, 0.72, 0.88, 0.97, 0.89, 0.72, 0.83, 0.96, 0.91, 0.62, 0.83, 0.97, 0.90, 0.70, 0.85, 0.97, 0.88, 0.71, 0.9, 0.96, 0.90, 0.70, 0.85, 0.97, 0.89, 0.78, 0.89, 0.94, 0.89, 0.65, 0.90, 0.97, 0.91, 0.73, 0.82, 0.97, 0.90, 0.62, 0.82, 0.96, 0.88, 0.68, 0.91, 0.97, 0.90, 0.66, 0.93, 0.97, 0.90, 0.67, 0.79, 0.97, 0.90, 0.69

0.8557184466019419
0.85, 0.97, 0.89, 0.79, 0.91, 0.96, 0.90, 0.68, 0.86, 0.97, 0.89, 0.72, 0.83, 0.96, 0.88, 0.63, 0.84, 0.96, 0.90, 0.7, 0.78, 0.96, 0.90, 0.67, 0.85, 0.96, 0.88, 0.75, 0.86, 0.97, 0.89, 0.57, 0.84, 0.97, 0.89, 0.69, 0.86, 0.97, 0.90, 0.66, 0.82, 0.96, 0.88, 0.73, 0.85, 0.97, 0.88, 0.78, 0.80, 0.97, 0.91, 0.75, 0.82, 0.97, 0.90, 0.70, 0.83, 0.96, 0.90, 0.78, 0.80, 0.96, 0.87, 0.63, 0.85, 0.96, 0.91, 0.73, 0.87, 0.97, 0.89, 0.78, 0.82, 0.96, 0.89, 0.69, 0.87, 0.97, 0.91, 0.70, 0.84, 0.97, 0.89, 0.72, 0.84, 0.97, 0.92, 0.61, 0.83, 0.96, 0.90, 0.67, 0.87, 0.96, 0.91, 0.67, 0.85, 0.97, 0.91, 0.72


Running iteration 6 of 10 fold...
training ensembles takes 432.201 sec
creating environment takes 62.072 sec
voting takes 912.785 sec
      accuracy, precision, recall, f_score
  mv: 0.9408, 0.9518, 0.9291, 0.9292
  wv: 0.9417, 0.9532, 0.9299, 0.9301

0.8622427184466019
0.86, 0.95, 0.91, 0.68, 0.85, 0.94, 0.91, 0.75, 0.81, 0.94, 0.91, 0.68, 0.85, 0.97, 0.90, 0.69, 0.85, 0.97, 0.91, 0.67, 0.74, 0.97, 0.91, 0.69, 0.87, 0.97, 0.92, 0.68, 0.90, 0.97, 0.90, 0.76, 0.88, 0.94, 0.91, 0.81, 0.87, 0.97, 0.92, 0.72, 0.86, 0.97, 0.91, 0.69, 0.83, 0.96, 0.91, 0.72, 0.78, 0.97, 0.91, 0.68, 0.87, 0.96, 0.91, 0.68, 0.87, 0.95, 0.90, 0.70, 0.86, 0.97, 0.91, 0.69, 0.84, 0.97, 0.91, 0.68, 0.87, 0.96, 0.91, 0.68, 0.84, 0.97, 0.91, 0.69, 0.84, 0.96, 0.91, 0.68, 0.84, 0.98, 0.92, 0.68, 0.89, 0.97, 0.90, 0.68, 0.86, 0.97, 0.90, 0.76, 0.85, 0.97, 0.92, 0.82, 0.88, 0.97, 0.89, 0.71

0.8533980582524273
0.87, 0.95, 0.90, 0.68, 0.78, 0.96, 0.91, 0.73, 0.84, 0.96, 0.90, 0.67, 0.87, 0.97, 0.89, 0.67, 0.75, 0.95, 0.89, 0.58, 0.83, 0.95, 0.90, 0.63, 0.83, 0.96, 0.91, 0.68, 0.82, 0.96, 0.91, 0.80, 0.80, 0.96, 0.91, 0.67, 0.86, 0.98, 0.89, 0.82, 0.85, 0.97, 0.90, 0.72, 0.87, 0.92, 0.89, 0.66, 0.87, 0.96, 0.90, 0.78, 0.82, 0.95, 0.91, 0.64, 0.83, 0.96, 0.91, 0.68, 0.87, 0.94, 0.89, 0.76, 0.89, 0.92, 0.90, 0.67, 0.78, 0.96, 0.90, 0.67, 0.88, 0.96, 0.90, 0.66, 0.84, 0.95, 0.91, 0.79, 0.84, 0.92, 0.90, 0.67, 0.84, 0.96, 0.91, 0.66, 0.90, 0.95, 0.91, 0.77, 0.86, 0.97, 0.90, 0.67, 0.87, 0.95, 0.89, 0.68


Running iteration 7 of 10 fold...
training ensembles takes 473.803 sec
creating environment takes 83.378 sec
voting takes 1525.445 sec
      accuracy, precision, recall, f_score
  mv: 0.9485, 0.9489, 0.9509, 0.9516
  wv: 0.9466, 0.9469, 0.9491, 0.9497

0.8756990291262136
0.82, 0.96, 0.90, 0.80, 0.85, 0.96, 0.90, 0.71, 0.85, 0.96, 0.92, 0.70, 0.86, 0.97, 0.92, 0.81, 0.85, 0.96, 0.91, 0.81, 0.86, 0.96, 0.91, 0.75, 0.85, 0.96, 0.90, 0.83, 0.86, 0.96, 0.92, 0.83, 0.80, 0.96, 0.90, 0.80, 0.86, 0.96, 0.91, 0.83, 0.85, 0.96, 0.91, 0.73, 0.84, 0.96, 0.90, 0.77, 0.86, 0.97, 0.92, 0.75, 0.83, 0.96, 0.91, 0.79, 0.87, 0.96, 0.91, 0.79, 0.86, 0.94, 0.90, 0.74, 0.85, 0.96, 0.91, 0.70, 0.80, 0.96, 0.91, 0.84, 0.80, 0.95, 0.90, 0.75, 0.85, 0.95, 0.90, 0.72, 0.85, 0.96, 0.91, 0.68, 0.80, 0.96, 0.92, 0.76, 0.87, 0.96, 0.91, 0.71, 0.87, 0.96, 0.91, 0.83, 0.82, 0.96, 0.90, 0.84

0.8594271844660194
0.85, 0.95, 0.90, 0.64, 0.85, 0.95, 0.90, 0.81, 0.85, 0.94, 0.88, 0.80, 0.83, 0.96, 0.89, 0.63, 0.8, 0.93, 0.90, 0.65, 0.75, 0.96, 0.90, 0.73, 0.85, 0.94, 0.89, 0.77, 0.86, 0.96, 0.90, 0.83, 0.84, 0.94, 0.90, 0.79, 0.84, 0.95, 0.89, 0.83, 0.85, 0.95, 0.91, 0.82, 0.81, 0.94, 0.90, 0.79, 0.78, 0.94, 0.89, 0.62, 0.83, 0.95, 0.91, 0.8, 0.84, 0.93, 0.91, 0.67, 0.85, 0.95, 0.89, 0.75, 0.85, 0.95, 0.91, 0.77, 0.83, 0.96, 0.89, 0.71, 0.80, 0.95, 0.89, 0.74, 0.72, 0.96, 0.89, 0.63, 0.82, 0.95, 0.89, 0.81, 0.83, 0.96, 0.90, 0.78, 0.83, 0.95, 0.89, 0.80, 0.84, 0.95, 0.89, 0.84, 0.82, 0.95, 0.90, 0.67


Running iteration 8 of 10 fold...
training ensembles takes 849.558 sec
creating environment takes 107.924 sec
voting takes 1536.412 sec
      accuracy, precision, recall, f_score
  mv: 0.9563, 0.9565, 0.9529, 0.9536
  wv: 0.9573, 0.9574, 0.9540, 0.9547

0.8614951456310679
0.79, 0.93, 0.90, 0.80, 0.81, 0.95, 0.90, 0.80, 0.85, 0.94, 0.90, 0.82, 0.80, 0.94, 0.89, 0.82, 0.81, 0.95, 0.90, 0.82, 0.77, 0.96, 0.89, 0.77, 0.80, 0.94, 0.90, 0.80, 0.78, 0.95, 0.89, 0.80, 0.78, 0.94, 0.90, 0.82, 0.73, 0.93, 0.90, 0.76, 0.79, 0.96, 0.89, 0.80, 0.79, 0.95, 0.91, 0.76, 0.81, 0.95, 0.91, 0.75, 0.83, 0.95, 0.91, 0.78, 0.80, 0.96, 0.89, 0.78, 0.80, 0.95, 0.90, 0.81, 0.79, 0.94, 0.90, 0.69, 0.82, 0.96, 0.89, 0.76, 0.80, 0.94, 0.90, 0.8, 0.85, 0.96, 0.90, 0.80, 0.76, 0.93, 0.90, 0.76, 0.75, 0.94, 0.89, 0.79, 0.81, 0.96, 0.90, 0.79, 0.83, 0.95, 0.88, 0.72, 0.80, 0.95, 0.90, 0.80

0.849990291262136
0.82, 0.93, 0.89, 0.80, 0.82, 0.95, 0.89, 0.77, 0.81, 0.95, 0.89, 0.80, 0.81, 0.94, 0.89, 0.79, 0.80, 0.94, 0.90, 0.80, 0.74, 0.93, 0.89, 0.75, 0.77, 0.94, 0.90, 0.78, 0.79, 0.95, 0.89, 0.66, 0.79, 0.94, 0.89, 0.77, 0.77, 0.95, 0.90, 0.77, 0.78, 0.92, 0.9, 0.79, 0.73, 0.94, 0.88, 0.73, 0.84, 0.88, 0.88, 0.73, 0.83, 0.95, 0.89, 0.75, 0.82, 0.92, 0.90, 0.68, 0.77, 0.93, 0.90, 0.78, 0.77, 0.94, 0.89, 0.76, 0.79, 0.95, 0.89, 0.66, 0.75, 0.95, 0.89, 0.80, 0.83, 0.93, 0.89, 0.80, 0.74, 0.95, 0.89, 0.79, 0.75, 0.95, 0.89, 0.79, 0.78, 0.96, 0.90, 0.78, 0.80, 0.94, 0.91, 0.73, 0.78, 0.95, 0.88, 0.76


Running iteration 9 of 10 fold...
training ensembles takes 819.611 sec
creating environment takes 110.817 sec
voting takes 1438.224 sec
      accuracy, precision, recall, f_score
  mv: 0.9553, 0.9571, 0.9538, 0.9550
  wv: 0.9583, 0.9596, 0.9567, 0.9578

0.8740679611650485
0.89, 0.93, 0.88, 0.77, 0.79, 0.93, 0.88, 0.79, 0.85, 0.94, 0.89, 0.80, 0.81, 0.94, 0.89, 0.76, 0.86, 0.92, 0.88, 0.78, 0.85, 0.95, 0.88, 0.74, 0.86, 0.93, 0.89, 0.86, 0.84, 0.92, 0.89, 0.76, 0.85, 0.93, 0.89, 0.79, 0.88, 0.94, 0.88, 0.90, 0.87, 0.92, 0.89, 0.78, 0.82, 0.93, 0.88, 0.75, 0.78, 0.94, 0.89, 0.80, 0.79, 0.95, 0.88, 0.80, 0.88, 0.94, 0.89, 0.77, 0.88, 0.94, 0.89, 0.76, 0.86, 0.92, 0.89, 0.84, 0.84, 0.94, 0.90, 0.89, 0.81, 0.93, 0.9, 0.87, 0.84, 0.92, 0.88, 0.90, 0.89, 0.93, 0.88, 0.88, 0.84, 0.94, 0.89, 0.86, 0.83, 0.95, 0.89, 0.76, 0.87, 0.93, 0.87, 0.83, 0.85, 0.93, 0.89, 0.84

0.8570582524271846
0.84, 0.93, 0.89, 0.85, 0.81, 0.91, 0.88, 0.70, 0.81, 0.92, 0.88, 0.81, 0.84, 0.90, 0.88, 0.73, 0.86, 0.91, 0.88, 0.70, 0.84, 0.91, 0.90, 0.79, 0.80, 0.92, 0.89, 0.81, 0.79, 0.92, 0.87, 0.74, 0.78, 0.93, 0.88, 0.84, 0.84, 0.92, 0.88, 0.84, 0.81, 0.92, 0.88, 0.87, 0.83, 0.89, 0.87, 0.74, 0.87, 0.91, 0.88, 0.66, 0.86, 0.93, 0.88, 0.74, 0.82, 0.94, 0.88, 0.81, 0.85, 0.92, 0.89, 0.86, 0.72, 0.94, 0.87, 0.77, 0.85, 0.92, 0.89, 0.83, 0.84, 0.92, 0.88, 0.82, 0.83, 0.89, 0.89, 0.78, 0.80, 0.93, 0.87, 0.82, 0.78, 0.93, 0.88, 0.76, 0.82, 0.91, 0.87, 0.77, 0.84, 0.93, 0.88, 0.8, 0.87, 0.93, 0.88, 0.79


Running iteration 10 of 10 fold...
training ensembles takes 444.453 sec
creating environment takes 62.864 sec
voting takes 1010.796 sec
      accuracy, precision, recall, f_score
  mv: 0.9368, 0.9418, 0.9312, 0.9314
  wv: 0.9378, 0.9432, 0.9323, 0.9327

0.8423906705539359
0.86, 0.96, 0.89, 0.75, 0.85, 0.97, 0.86, 0.76, 0.89, 0.96, 0.89, 0.78, 0.83, 0.96, 0.88, 0.65, 0.85, 0.97, 0.86, 0.66, 0.80, 0.98, 0.88, 0.53, 0.86, 0.96, 0.89, 0.60, 0.85, 0.95, 0.88, 0.72, 0.87, 0.98, 0.88, 0.75, 0.83, 0.97, 0.89, 0.74, 0.79, 0.95, 0.87, 0.74, 0.85, 0.95, 0.88, 0.60, 0.84, 0.96, 0.88, 0.69, 0.80, 0.96, 0.87, 0.64, 0.88, 0.98, 0.86, 0.72, 0.80, 0.96, 0.88, 0.74, 0.83, 0.96, 0.87, 0.53, 0.79, 0.97, 0.87, 0.58, 0.84, 0.94, 0.89, 0.78, 0.84, 0.96, 0.87, 0.54, 0.85, 0.98, 0.86, 0.67, 0.82, 0.96, 0.89, 0.77, 0.85, 0.96, 0.87, 0.70, 0.84, 0.97, 0.89, 0.57, 0.78, 0.97, 0.87, 0.61

0.8263848396501459
0.78, 0.95, 0.86, 0.54, 0.73, 0.95, 0.88, 0.51, 0.81, 0.96, 0.86, 0.68, 0.78, 0.95, 0.88, 0.63, 0.79, 0.95, 0.88, 0.70, 0.80, 0.95, 0.86, 0.70, 0.82, 0.97, 0.85, 0.52, 0.87, 0.96, 0.87, 0.70, 0.84, 0.97, 0.87, 0.75, 0.85, 0.96, 0.86, 0.63, 0.78, 0.95, 0.87, 0.68, 0.78, 0.95, 0.88, 0.62, 0.78, 0.96, 0.87, 0.66, 0.83, 0.95, 0.86, 0.61, 0.76, 0.96, 0.87, 0.67, 0.82, 0.96, 0.88, 0.71, 0.78, 0.95, 0.85, 0.73, 0.77, 0.97, 0.88, 0.55, 0.82, 0.96, 0.86, 0.73, 0.81, 0.96, 0.88, 0.64, 0.87, 0.96, 0.86, 0.72, 0.82, 0.96, 0.85, 0.68, 0.80, 0.94, 0.86, 0.67, 0.79, 0.96, 0.88, 0.73, 0.77, 0.96, 0.87, 0.68

      accuracy, precision, recall, f_score
  mv: 0.9410, 0.9462, 0.9389, 0.9379
  wv: 0.9414, 0.9467, 0.9394, 0.9383
  fs: 0.0000, 0.0000, 0.0000, 0.0000
adab: 0.0000, 0.0000, 0.0000, 0.0000
eprl: 0.0000, 0.0000, 0.0000, 0.0000
ibrl: 0.0000, 0.0000, 0.0000, 0.0000

time costs: C, E, V, FS, Ada, EPRL, IBRL
       510.13, 72.73, 1087.40, 0.0, 0.0, 0.0, 0.0
FS size: 0.00000, EPRL size: 0.00000, IBRL size: 0.00000
full test avg accu: 0.85159, part test avg accu: 0.84019
