{'dataset': 'ha', 'algorithm': 'ptdqn', 'num_clf': 100, 'num_training': 10000, 'learning_rate': 0.1, 'discount_factor': 1.0, 'epsilon': 0.1, 'random_state': 6666, 'portion': 0.5, 'sequential': False}
reading data takes 1.149 sec
data shape: (10299, 562)
number of labels: 6

Running iteration 1 of 10 fold...
training ensembles takes 18.821 sec
creating environment takes 3.169 sec
voting takes 123.530 sec
      accuracy, precision, recall, f_score
  mv: 0.9447, 0.9453, 0.9442, 0.9440
  wv: 0.9485, 0.9500, 0.9492, 0.9480

0.756116504854369
0.84, 0.86, 0.87, 0.80, 0.81, 0.85, 0.81, 0.83, 0.87, 0.86, 0.85, 0.84, 0.84, 0.85, 0.80, 0.85, 0.86, 0.83, 0.80, 0.84, 0.86, 0.84, 0.86, 0.81, 0.84, 0.85, 0.81, 0.81, 0.86, 0.86, 0.87, 0.84, 0.87, 0.84, 0.68, 0.68, 0.65, 0.69, 0.66, 0.66, 0.65, 0.69, 0.68, 0.68, 0.67, 0.70, 0.65, 0.66, 0.70, 0.69, 0.69, 0.69, 0.68, 0.69, 0.73, 0.69, 0.67, 0.68, 0.69, 0.68, 0.67, 0.68, 0.68, 0.65, 0.68, 0.66, 0.69, 0.70, 0.74, 0.67, 0.74, 0.78, 0.69, 0.69, 0.78, 0.83, 0.78, 0.71, 0.71, 0.78, 0.74, 0.70, 0.66, 0.77, 0.72, 0.74, 0.70, 0.75, 0.69, 0.75, 0.67, 0.72, 0.83, 0.68, 0.75, 0.67, 0.72, 0.81, 0.68, 0.77

0.748864077669903
0.86, 0.82, 0.84, 0.76, 0.84, 0.87, 0.85, 0.82, 0.80, 0.85, 0.84, 0.83, 0.83, 0.84, 0.85, 0.85, 0.85, 0.83, 0.80, 0.84, 0.84, 0.85, 0.90, 0.82, 0.83, 0.85, 0.84, 0.82, 0.86, 0.84, 0.83, 0.84, 0.82, 0.89, 0.71, 0.70, 0.67, 0.66, 0.66, 0.66, 0.64, 0.66, 0.69, 0.68, 0.66, 0.69, 0.65, 0.66, 0.66, 0.64, 0.70, 0.67, 0.71, 0.69, 0.65, 0.69, 0.66, 0.68, 0.66, 0.66, 0.67, 0.65, 0.68, 0.67, 0.69, 0.68, 0.66, 0.66, 0.70, 0.74, 0.76, 0.73, 0.74, 0.81, 0.75, 0.73, 0.70, 0.71, 0.69, 0.65, 0.72, 0.60, 0.70, 0.66, 0.71, 0.61, 0.74, 0.75, 0.77, 0.67, 0.73, 0.72, 0.77, 0.72, 0.74, 0.77, 0.77, 0.67, 0.76, 0.78


Running iteration 2 of 10 fold...
training ensembles takes 19.118 sec
creating environment takes 3.330 sec
voting takes 121.817 sec
      accuracy, precision, recall, f_score
  mv: 0.9087, 0.9134, 0.9056, 0.9039
  wv: 0.9146, 0.9194, 0.9118, 0.9101

0.7494757281553399
0.81, 0.80, 0.80, 0.81, 0.83, 0.79, 0.81, 0.82, 0.82, 0.80, 0.81, 0.77, 0.85, 0.77, 0.84, 0.82, 0.83, 0.87, 0.84, 0.83, 0.83, 0.78, 0.81, 0.84, 0.84, 0.83, 0.81, 0.78, 0.82, 0.84, 0.74, 0.84, 0.79, 0.81, 0.69, 0.69, 0.67, 0.66, 0.68, 0.7, 0.68, 0.66, 0.66, 0.70, 0.65, 0.68, 0.69, 0.66, 0.68, 0.65, 0.67, 0.69, 0.69, 0.67, 0.63, 0.69, 0.68, 0.70, 0.66, 0.65, 0.66, 0.69, 0.67, 0.63, 0.69, 0.67, 0.63, 0.71, 0.74, 0.70, 0.73, 0.72, 0.8, 0.83, 0.71, 0.73, 0.74, 0.78, 0.70, 0.73, 0.74, 0.72, 0.77, 0.72, 0.71, 0.77, 0.83, 0.70, 0.79, 0.73, 0.77, 0.69, 0.70, 0.75, 0.77, 0.72, 0.78, 0.85, 0.74, 0.74

0.7338834951456313
0.81, 0.81, 0.76, 0.79, 0.78, 0.80, 0.83, 0.74, 0.79, 0.79, 0.82, 0.76, 0.83, 0.83, 0.72, 0.78, 0.78, 0.80, 0.79, 0.84, 0.83, 0.79, 0.80, 0.82, 0.83, 0.83, 0.82, 0.83, 0.79, 0.82, 0.81, 0.76, 0.83, 0.78, 0.64, 0.62, 0.65, 0.65, 0.64, 0.64, 0.65, 0.65, 0.63, 0.64, 0.68, 0.69, 0.64, 0.66, 0.64, 0.65, 0.64, 0.69, 0.73, 0.68, 0.66, 0.62, 0.67, 0.64, 0.62, 0.62, 0.63, 0.63, 0.66, 0.64, 0.67, 0.68, 0.68, 0.65, 0.71, 0.73, 0.77, 0.72, 0.71, 0.71, 0.73, 0.73, 0.73, 0.67, 0.71, 0.73, 0.76, 0.70, 0.76, 0.76, 0.79, 0.74, 0.75, 0.73, 0.68, 0.82, 0.76, 0.68, 0.80, 0.77, 0.71, 0.76, 0.79, 0.71, 0.71, 0.68


Running iteration 3 of 10 fold...
training ensembles takes 19.187 sec
creating environment takes 3.350 sec
voting takes 123.850 sec
      accuracy, precision, recall, f_score
  mv: 0.9117, 0.9273, 0.9137, 0.9103
  wv: 0.9097, 0.9254, 0.9119, 0.9085

0.7288543689320389
0.86, 0.84, 0.86, 0.81, 0.82, 0.70, 0.78, 0.75, 0.81, 0.81, 0.84, 0.76, 0.77, 0.83, 0.82, 0.81, 0.82, 0.83, 0.79, 0.78, 0.84, 0.79, 0.78, 0.82, 0.79, 0.85, 0.85, 0.82, 0.81, 0.79, 0.83, 0.84, 0.81, 0.78, 0.61, 0.61, 0.59, 0.59, 0.62, 0.7, 0.59, 0.66, 0.62, 0.65, 0.63, 0.61, 0.61, 0.61, 0.57, 0.64, 0.63, 0.58, 0.57, 0.61, 0.62, 0.64, 0.63, 0.64, 0.62, 0.61, 0.63, 0.63, 0.61, 0.60, 0.63, 0.61, 0.60, 0.60, 0.67, 0.71, 0.71, 0.76, 0.73, 0.83, 0.77, 0.68, 0.68, 0.73, 0.77, 0.72, 0.75, 0.77, 0.78, 0.77, 0.76, 0.74, 0.75, 0.73, 0.8, 0.74, 0.75, 0.72, 0.76, 0.78, 0.69, 0.74, 0.81, 0.79, 0.79, 0.76

0.7259223300970872
0.82, 0.81, 0.80, 0.83, 0.80, 0.82, 0.79, 0.82, 0.78, 0.75, 0.80, 0.80, 0.81, 0.82, 0.84, 0.82, 0.76, 0.75, 0.81, 0.83, 0.80, 0.85, 0.77, 0.74, 0.84, 0.86, 0.84, 0.85, 0.84, 0.81, 0.81, 0.83, 0.80, 0.79, 0.61, 0.61, 0.60, 0.57, 0.61, 0.57, 0.55, 0.60, 0.62, 0.62, 0.60, 0.63, 0.62, 0.59, 0.56, 0.62, 0.61, 0.59, 0.59, 0.59, 0.64, 0.62, 0.61, 0.63, 0.62, 0.63, 0.59, 0.63, 0.63, 0.61, 0.61, 0.58, 0.64, 0.60, 0.75, 0.76, 0.72, 0.74, 0.71, 0.79, 0.73, 0.75, 0.79, 0.66, 0.71, 0.76, 0.76, 0.73, 0.69, 0.74, 0.83, 0.70, 0.74, 0.78, 0.70, 0.80, 0.76, 0.73, 0.80, 0.82, 0.79, 0.76, 0.75, 0.70, 0.80, 0.77


Running iteration 4 of 10 fold...
training ensembles takes 19.244 sec
creating environment takes 3.354 sec
voting takes 122.664 sec
      accuracy, precision, recall, f_score
  mv: 0.9243, 0.9274, 0.9192, 0.9173
  wv: 0.9243, 0.9281, 0.9186, 0.9166

0.7428155339805826
0.78, 0.77, 0.84, 0.83, 0.82, 0.80, 0.84, 0.79, 0.76, 0.85, 0.79, 0.86, 0.81, 0.84, 0.83, 0.80, 0.80, 0.81, 0.84, 0.84, 0.84, 0.82, 0.83, 0.82, 0.8, 0.86, 0.80, 0.82, 0.88, 0.81, 0.81, 0.83, 0.73, 0.84, 0.60, 0.61, 0.62, 0.60, 0.64, 0.64, 0.61, 0.61, 0.59, 0.65, 0.64, 0.61, 0.63, 0.62, 0.63, 0.59, 0.61, 0.64, 0.61, 0.63, 0.59, 0.62, 0.56, 0.65, 0.63, 0.60, 0.66, 0.61, 0.60, 0.61, 0.62, 0.62, 0.65, 0.60, 0.76, 0.75, 0.73, 0.85, 0.77, 0.72, 0.76, 0.78, 0.86, 0.82, 0.84, 0.78, 0.73, 0.74, 0.73, 0.84, 0.81, 0.74, 0.82, 0.85, 0.80, 0.81, 0.80, 0.72, 0.79, 0.72, 0.72, 0.87, 0.75, 0.80, 0.76, 0.76

0.7396310679611651
0.77, 0.84, 0.83, 0.79, 0.83, 0.82, 0.83, 0.80, 0.85, 0.83, 0.85, 0.78, 0.84, 0.83, 0.83, 0.86, 0.79, 0.90, 0.85, 0.85, 0.83, 0.86, 0.79, 0.87, 0.85, 0.83, 0.82, 0.78, 0.76, 0.79, 0.83, 0.84, 0.8, 0.77, 0.58, 0.61, 0.59, 0.59, 0.58, 0.61, 0.62, 0.60, 0.60, 0.60, 0.59, 0.60, 0.60, 0.61, 0.62, 0.61, 0.65, 0.62, 0.63, 0.56, 0.63, 0.65, 0.60, 0.62, 0.62, 0.6, 0.55, 0.65, 0.62, 0.57, 0.59, 0.60, 0.62, 0.62, 0.83, 0.78, 0.89, 0.74, 0.84, 0.78, 0.82, 0.70, 0.76, 0.78, 0.70, 0.79, 0.72, 0.81, 0.78, 0.75, 0.83, 0.77, 0.85, 0.74, 0.76, 0.82, 0.79, 0.77, 0.82, 0.74, 0.79, 0.74, 0.75, 0.79, 0.73, 0.74


Running iteration 5 of 10 fold...
training ensembles takes 19.331 sec
creating environment takes 3.447 sec
voting takes 121.479 sec
      accuracy, precision, recall, f_score
  mv: 0.9398, 0.9423, 0.9404, 0.9400
  wv: 0.9388, 0.9422, 0.9401, 0.9397

0.7719320388349515
0.79, 0.85, 0.81, 0.84, 0.82, 0.83, 0.80, 0.86, 0.85, 0.81, 0.82, 0.86, 0.87, 0.87, 0.85, 0.85, 0.88, 0.82, 0.87, 0.85, 0.89, 0.79, 0.81, 0.85, 0.84, 0.87, 0.86, 0.90, 0.85, 0.85, 0.86, 0.82, 0.87, 0.80, 0.66, 0.65, 0.67, 0.64, 0.64, 0.64, 0.66, 0.65, 0.64, 0.65, 0.69, 0.68, 0.66, 0.66, 0.64, 0.67, 0.65, 0.61, 0.63, 0.73, 0.69, 0.63, 0.70, 0.70, 0.70, 0.69, 0.63, 0.63, 0.71, 0.71, 0.69, 0.69, 0.7, 0.59, 0.82, 0.71, 0.71, 0.72, 0.71, 0.83, 0.69, 0.81, 0.89, 0.81, 0.78, 0.77, 0.81, 0.82, 0.84, 0.80, 0.86, 0.77, 0.84, 0.73, 0.78, 0.78, 0.80, 0.89, 0.85, 0.82, 0.79, 0.78, 0.83, 0.80, 0.71, 0.92

0.7598058252427186
0.83, 0.85, 0.86, 0.77, 0.84, 0.86, 0.86, 0.81, 0.84, 0.81, 0.81, 0.81, 0.86, 0.88, 0.82, 0.85, 0.85, 0.80, 0.88, 0.86, 0.83, 0.83, 0.80, 0.85, 0.85, 0.91, 0.86, 0.79, 0.84, 0.86, 0.81, 0.84, 0.85, 0.85, 0.67, 0.65, 0.67, 0.65, 0.61, 0.69, 0.63, 0.66, 0.68, 0.69, 0.63, 0.69, 0.63, 0.68, 0.65, 0.66, 0.66, 0.70, 0.64, 0.65, 0.67, 0.64, 0.64, 0.69, 0.58, 0.66, 0.64, 0.68, 0.61, 0.67, 0.65, 0.68, 0.63, 0.62, 0.79, 0.81, 0.82, 0.72, 0.75, 0.75, 0.78, 0.79, 0.75, 0.84, 0.77, 0.79, 0.81, 0.77, 0.73, 0.83, 0.81, 0.78, 0.71, 0.74, 0.83, 0.79, 0.61, 0.79, 0.71, 0.72, 0.76, 0.76, 0.69, 0.78, 0.85, 0.83


Running iteration 6 of 10 fold...
training ensembles takes 19.469 sec
creating environment takes 3.525 sec
voting takes 124.802 sec
      accuracy, precision, recall, f_score
  mv: 0.9291, 0.9444, 0.9133, 0.9128
  wv: 0.9330, 0.9479, 0.9170, 0.9164

0.782368932038835
0.87, 0.84, 0.87, 0.90, 0.86, 0.83, 0.80, 0.85, 0.87, 0.86, 0.83, 0.85, 0.90, 0.90, 0.87, 0.83, 0.84, 0.88, 0.90, 0.83, 0.87, 0.85, 0.90, 0.84, 0.83, 0.86, 0.85, 0.83, 0.88, 0.88, 0.84, 0.85, 0.89, 0.91, 0.72, 0.72, 0.70, 0.70, 0.65, 0.71, 0.71, 0.68, 0.72, 0.69, 0.71, 0.69, 0.69, 0.67, 0.65, 0.67, 0.65, 0.72, 0.74, 0.65, 0.66, 0.71, 0.67, 0.71, 0.70, 0.70, 0.68, 0.64, 0.70, 0.71, 0.68, 0.67, 0.71, 0.64, 0.78, 0.83, 0.78, 0.77, 0.83, 0.80, 0.76, 0.78, 0.75, 0.79, 0.81, 0.77, 0.79, 0.79, 0.82, 0.79, 0.76, 0.79, 0.78, 0.81, 0.81, 0.7, 0.71, 0.71, 0.79, 0.79, 0.74, 0.80, 0.81, 0.74, 0.85, 0.82

0.7658349514563106
0.89, 0.86, 0.83, 0.87, 0.85, 0.83, 0.89, 0.89, 0.86, 0.85, 0.81, 0.83, 0.85, 0.87, 0.86, 0.87, 0.89, 0.83, 0.89, 0.86, 0.86, 0.89, 0.86, 0.72, 0.85, 0.83, 0.84, 0.84, 0.84, 0.91, 0.84, 0.83, 0.86, 0.89, 0.69, 0.68, 0.69, 0.67, 0.73, 0.66, 0.68, 0.72, 0.67, 0.70, 0.68, 0.61, 0.65, 0.68, 0.64, 0.63, 0.65, 0.60, 0.69, 0.69, 0.66, 0.67, 0.70, 0.71, 0.65, 0.68, 0.67, 0.64, 0.71, 0.65, 0.67, 0.68, 0.66, 0.66, 0.79, 0.80, 0.71, 0.82, 0.81, 0.81, 0.70, 0.80, 0.81, 0.79, 0.72, 0.80, 0.75, 0.75, 0.77, 0.77, 0.71, 0.77, 0.68, 0.72, 0.72, 0.77, 0.75, 0.69, 0.81, 0.69, 0.83, 0.77, 0.73, 0.78, 0.75, 0.67


Running iteration 7 of 10 fold...
training ensembles takes 20.037 sec
creating environment takes 3.436 sec
voting takes 124.946 sec
      accuracy, precision, recall, f_score
  mv: 0.9330, 0.9389, 0.9329, 0.9353
  wv: 0.9340, 0.9385, 0.9339, 0.9358

0.7816019417475728
0.86, 0.93, 0.85, 0.84, 0.84, 0.86, 0.86, 0.81, 0.81, 0.79, 0.85, 0.83, 0.85, 0.85, 0.81, 0.85, 0.81, 0.79, 0.86, 0.82, 0.84, 0.83, 0.82, 0.85, 0.86, 0.86, 0.82, 0.86, 0.84, 0.84, 0.86, 0.84, 0.83, 0.80, 0.71, 0.70, 0.69, 0.73, 0.73, 0.69, 0.72, 0.69, 0.71, 0.69, 0.71, 0.70, 0.68, 0.71, 0.63, 0.73, 0.66, 0.72, 0.65, 0.74, 0.69, 0.71, 0.68, 0.66, 0.73, 0.70, 0.70, 0.69, 0.70, 0.67, 0.66, 0.69, 0.74, 0.73, 0.77, 0.86, 0.84, 0.80, 0.76, 0.82, 0.79, 0.75, 0.81, 0.77, 0.87, 0.78, 0.81, 0.75, 0.79, 0.81, 0.73, 0.74, 0.85, 0.80, 0.81, 0.8, 0.81, 0.84, 0.75, 0.77, 0.78, 0.77, 0.77, 0.81, 0.76, 0.86

0.7614757281553398
0.78, 0.83, 0.85, 0.82, 0.87, 0.81, 0.85, 0.83, 0.81, 0.84, 0.82, 0.78, 0.87, 0.83, 0.82, 0.83, 0.81, 0.83, 0.82, 0.81, 0.86, 0.86, 0.77, 0.79, 0.80, 0.84, 0.86, 0.84, 0.83, 0.85, 0.82, 0.82, 0.78, 0.77, 0.69, 0.66, 0.69, 0.73, 0.70, 0.68, 0.67, 0.69, 0.69, 0.66, 0.65, 0.67, 0.70, 0.69, 0.67, 0.68, 0.73, 0.69, 0.72, 0.69, 0.71, 0.67, 0.67, 0.70, 0.68, 0.65, 0.64, 0.72, 0.68, 0.67, 0.68, 0.71, 0.67, 0.66, 0.73, 0.75, 0.76, 0.73, 0.85, 0.75, 0.82, 0.71, 0.74, 0.84, 0.77, 0.80, 0.83, 0.81, 0.76, 0.72, 0.71, 0.73, 0.79, 0.73, 0.76, 0.77, 0.72, 0.70, 0.71, 0.75, 0.79, 0.79, 0.78, 0.81, 0.73, 0.78


Running iteration 8 of 10 fold...
training ensembles takes 20.901 sec
creating environment takes 4.937 sec
voting takes 166.059 sec
      accuracy, precision, recall, f_score
  mv: 0.9272, 0.9300, 0.9230, 0.9233
  wv: 0.9398, 0.9411, 0.9360, 0.9367

0.7500388349514564
0.77, 0.85, 0.80, 0.79, 0.80, 0.84, 0.81, 0.74, 0.76, 0.81, 0.78, 0.76, 0.77, 0.80, 0.81, 0.79, 0.77, 0.78, 0.77, 0.79, 0.84, 0.79, 0.83, 0.83, 0.82, 0.83, 0.82, 0.81, 0.81, 0.79, 0.77, 0.83, 0.76, 0.75, 0.65, 0.66, 0.66, 0.68, 0.67, 0.70, 0.67, 0.66, 0.65, 0.71, 0.70, 0.64, 0.68, 0.68, 0.67, 0.69, 0.64, 0.67, 0.67, 0.66, 0.67, 0.70, 0.68, 0.67, 0.67, 0.69, 0.65, 0.67, 0.65, 0.71, 0.69, 0.66, 0.67, 0.67, 0.70, 0.78, 0.78, 0.77, 0.79, 0.78, 0.81, 0.80, 0.71, 0.85, 0.77, 0.70, 0.68, 0.77, 0.71, 0.76, 0.72, 0.76, 0.77, 0.81, 0.82, 0.73, 0.81, 0.82, 0.83, 0.74, 0.74, 0.83, 0.75, 0.71, 0.78, 0.81

0.7305145631067963
0.82, 0.74, 0.79, 0.75, 0.78, 0.75, 0.83, 0.83, 0.71, 0.81, 0.72, 0.81, 0.77, 0.74, 0.78, 0.75, 0.76, 0.76, 0.79, 0.77, 0.81, 0.82, 0.80, 0.79, 0.80, 0.75, 0.77, 0.76, 0.81, 0.80, 0.77, 0.82, 0.77, 0.80, 0.69, 0.66, 0.64, 0.63, 0.68, 0.66, 0.62, 0.66, 0.65, 0.68, 0.62, 0.71, 0.66, 0.60, 0.61, 0.64, 0.69, 0.62, 0.64, 0.66, 0.67, 0.66, 0.66, 0.70, 0.64, 0.66, 0.67, 0.63, 0.68, 0.68, 0.61, 0.67, 0.66, 0.63, 0.72, 0.78, 0.78, 0.72, 0.67, 0.74, 0.79, 0.78, 0.77, 0.71, 0.70, 0.68, 0.73, 0.72, 0.73, 0.75, 0.76, 0.76, 0.76, 0.77, 0.71, 0.73, 0.75, 0.75, 0.76, 0.75, 0.75, 0.69, 0.81, 0.74, 0.78, 0.71


Running iteration 9 of 10 fold...
training ensembles takes 30.196 sec
creating environment takes 6.745 sec
voting takes 313.192 sec
      accuracy, precision, recall, f_score
  mv: 0.9340, 0.9414, 0.9313, 0.9326
  wv: 0.9359, 0.9428, 0.9332, 0.9345

0.7659902912621359
0.87, 0.84, 0.80, 0.85, 0.87, 0.83, 0.81, 0.84, 0.86, 0.82, 0.86, 0.81, 0.81, 0.80, 0.86, 0.88, 0.83, 0.86, 0.85, 0.83, 0.83, 0.79, 0.81, 0.85, 0.81, 0.84, 0.85, 0.81, 0.81, 0.86, 0.83, 0.82, 0.80, 0.83, 0.67, 0.69, 0.63, 0.66, 0.73, 0.69, 0.64, 0.67, 0.68, 0.73, 0.66, 0.70, 0.72, 0.70, 0.70, 0.71, 0.66, 0.68, 0.66, 0.67, 0.67, 0.69, 0.69, 0.66, 0.70, 0.66, 0.68, 0.68, 0.65, 0.70, 0.68, 0.70, 0.67, 0.67, 0.74, 0.77, 0.72, 0.74, 0.85, 0.82, 0.76, 0.80, 0.76, 0.75, 0.79, 0.72, 0.80, 0.78, 0.80, 0.73, 0.71, 0.79, 0.80, 0.74, 0.83, 0.82, 0.75, 0.8, 0.75, 0.75, 0.72, 0.77, 0.78, 0.71, 0.77, 0.84

0.7569902912621359
0.85, 0.82, 0.86, 0.82, 0.81, 0.84, 0.82, 0.80, 0.86, 0.78, 0.84, 0.82, 0.80, 0.79, 0.81, 0.83, 0.84, 0.84, 0.81, 0.79, 0.84, 0.80, 0.84, 0.81, 0.85, 0.79, 0.83, 0.83, 0.79, 0.82, 0.82, 0.79, 0.86, 0.85, 0.64, 0.67, 0.68, 0.73, 0.65, 0.66, 0.64, 0.67, 0.69, 0.68, 0.67, 0.68, 0.69, 0.69, 0.67, 0.68, 0.71, 0.66, 0.69, 0.65, 0.68, 0.67, 0.67, 0.67, 0.69, 0.68, 0.69, 0.64, 0.70, 0.63, 0.67, 0.68, 0.64, 0.66, 0.72, 0.80, 0.76, 0.75, 0.74, 0.73, 0.71, 0.75, 0.83, 0.81, 0.73, 0.80, 0.75, 0.73, 0.71, 0.87, 0.73, 0.83, 0.75, 0.70, 0.74, 0.80, 0.76, 0.75, 0.69, 0.78, 0.70, 0.81, 0.88, 0.74, 0.74, 0.82


Running iteration 10 of 10 fold...
training ensembles takes 44.155 sec
creating environment takes 8.849 sec
voting takes 357.641 sec
      accuracy, precision, recall, f_score
  mv: 0.9203, 0.9308, 0.9132, 0.9135
  wv: 0.9213, 0.9312, 0.9142, 0.9144

0.7583284742468418
0.76, 0.80, 0.77, 0.85, 0.79, 0.82, 0.81, 0.77, 0.82, 0.79, 0.79, 0.86, 0.82, 0.79, 0.85, 0.81, 0.82, 0.83, 0.83, 0.86, 0.75, 0.85, 0.83, 0.82, 0.84, 0.87, 0.81, 0.85, 0.80, 0.83, 0.79, 0.85, 0.80, 0.85, 0.66, 0.70, 0.68, 0.70, 0.71, 0.68, 0.63, 0.70, 0.65, 0.64, 0.68, 0.66, 0.69, 0.70, 0.70, 0.64, 0.69, 0.68, 0.70, 0.71, 0.70, 0.68, 0.69, 0.68, 0.68, 0.69, 0.66, 0.69, 0.71, 0.70, 0.70, 0.68, 0.68, 0.71, 0.79, 0.81, 0.78, 0.72, 0.79, 0.76, 0.84, 0.76, 0.76, 0.77, 0.67, 0.84, 0.76, 0.76, 0.72, 0.75, 0.74, 0.71, 0.72, 0.83, 0.70, 0.74, 0.81, 0.74, 0.72, 0.83, 0.75, 0.76, 0.75, 0.68, 0.76, 0.78

0.7371720116618076
0.85, 0.81, 0.80, 0.76, 0.84, 0.75, 0.79, 0.81, 0.75, 0.80, 0.80, 0.81, 0.77, 0.80, 0.83, 0.85, 0.79, 0.86, 0.77, 0.78, 0.82, 0.85, 0.79, 0.78, 0.78, 0.75, 0.84, 0.79, 0.80, 0.76, 0.79, 0.85, 0.82, 0.78, 0.61, 0.67, 0.68, 0.65, 0.65, 0.63, 0.67, 0.70, 0.66, 0.70, 0.69, 0.65, 0.65, 0.62, 0.65, 0.60, 0.60, 0.69, 0.62, 0.67, 0.68, 0.65, 0.69, 0.67, 0.66, 0.66, 0.64, 0.64, 0.65, 0.68, 0.69, 0.65, 0.66, 0.65, 0.70, 0.74, 0.77, 0.74, 0.76, 0.73, 0.67, 0.75, 0.66, 0.79, 0.72, 0.78, 0.73, 0.75, 0.66, 0.73, 0.74, 0.80, 0.73, 0.78, 0.73, 0.69, 0.78, 0.73, 0.78, 0.79, 0.77, 0.74, 0.74, 0.76, 0.71, 0.66

      accuracy, precision, recall, f_score
  mv: 0.9273, 0.9341, 0.9237, 0.9233
  wv: 0.9300, 0.9366, 0.9266, 0.9261
  fs: 0.0000, 0.0000, 0.0000, 0.0000
adab: 0.0000, 0.0000, 0.0000, 0.0000
eprl: 0.0000, 0.0000, 0.0000, 0.0000
ibrl: 0.0000, 0.0000, 0.0000, 0.0000

time costs: C, E, V, FS, Ada, EPRL, IBRL
       23.04, 4.41, 169.99, 0.0, 0.0, 0.0, 0.0
FS size: 0.00000, EPRL size: 0.00000, IBRL size: 0.00000
full test avg accu: 0.75875, part test avg accu: 0.74601
