{'dataset': 'ha', 'algorithm': 'ptdqn', 'num_clf': 100, 'num_training': 10000, 'learning_rate': 0.1, 'discount_factor': 1.0, 'epsilon': 0.1, 'random_state': 6666, 'portion': 0.5, 'sequential': False}
reading data takes 1.136 sec
data shape: (10299, 562)
number of labels: 6

Running iteration 1 of 10 fold...
loading ensembles takes 0.111 sec
creating environment takes 6.020 sec
voting takes 135.113 sec
      accuracy, precision, recall, f_score
  mv: 0.9408, 0.9454, 0.9415, 0.9399
  wv: 0.9408, 0.9454, 0.9416, 0.9400

0.844495145631068
0.84, 0.84, 0.85, 0.84, 0.82, 0.88, 0.82, 0.84, 0.85, 0.85, 0.85, 0.86, 0.78, 0.84, 0.84, 0.82, 0.86, 0.80, 0.82, 0.86, 0.83, 0.84, 0.77, 0.84, 0.83, 0.84, 0.87, 0.86, 0.83, 0.84, 0.79, 0.75, 0.83, 0.85, 0.85, 0.79, 0.86, 0.86, 0.88, 0.85, 0.84, 0.81, 0.85, 0.86, 0.88, 0.85, 0.83, 0.83, 0.84, 0.83, 0.86, 0.83, 0.86, 0.81, 0.85, 0.85, 0.86, 0.87, 0.80, 0.87, 0.86, 0.86, 0.85, 0.83, 0.87, 0.81, 0.80, 0.86, 0.88, 0.83, 0.83, 0.83, 0.81, 0.87, 0.84, 0.78, 0.88, 0.82, 0.83, 0.87, 0.83, 0.85, 0.78, 0.85, 0.83, 0.85, 0.85, 0.80, 0.84, 0.86, 0.83, 0.89, 0.85, 0.88, 0.85, 0.83, 0.80, 0.87, 0.86, 0.88

0.8313009708737863
0.82, 0.80, 0.83, 0.82, 0.82, 0.83, 0.81, 0.86, 0.84, 0.84, 0.84, 0.85, 0.83, 0.83, 0.82, 0.85, 0.80, 0.81, 0.76, 0.83, 0.81, 0.84, 0.80, 0.84, 0.82, 0.79, 0.82, 0.88, 0.80, 0.84, 0.86, 0.82, 0.80, 0.78, 0.87, 0.83, 0.84, 0.76, 0.83, 0.84, 0.78, 0.84, 0.84, 0.81, 0.84, 0.83, 0.84, 0.81, 0.84, 0.83, 0.86, 0.82, 0.84, 0.82, 0.79, 0.80, 0.79, 0.87, 0.79, 0.80, 0.83, 0.85, 0.82, 0.80, 0.85, 0.86, 0.76, 0.80, 0.79, 0.80, 0.83, 0.83, 0.86, 0.86, 0.85, 0.84, 0.82, 0.79, 0.83, 0.86, 0.83, 0.83, 0.87, 0.87, 0.85, 0.89, 0.87, 0.81, 0.84, 0.86, 0.85, 0.77, 0.82, 0.82, 0.78, 0.86, 0.86, 0.82, 0.83, 0.80


Running iteration 2 of 10 fold...
loading ensembles takes 0.120 sec
creating environment takes 6.224 sec
voting takes 136.726 sec
      accuracy, precision, recall, f_score
  mv: 0.9233, 0.9253, 0.9216, 0.9202
  wv: 0.9214, 0.9237, 0.9196, 0.9181

0.8236893203883494
0.82, 0.80, 0.79, 0.81, 0.84, 0.82, 0.86, 0.84, 0.85, 0.85, 0.83, 0.80, 0.82, 0.80, 0.83, 0.81, 0.77, 0.82, 0.82, 0.84, 0.83, 0.84, 0.76, 0.80, 0.84, 0.82, 0.85, 0.83, 0.86, 0.81, 0.76, 0.86, 0.80, 0.83, 0.83, 0.77, 0.85, 0.79, 0.81, 0.82, 0.84, 0.85, 0.81, 0.83, 0.85, 0.78, 0.82, 0.86, 0.85, 0.84, 0.81, 0.78, 0.81, 0.78, 0.81, 0.78, 0.78, 0.82, 0.88, 0.80, 0.83, 0.83, 0.77, 0.82, 0.84, 0.85, 0.83, 0.84, 0.79, 0.82, 0.83, 0.84, 0.79, 0.76, 0.83, 0.79, 0.82, 0.79, 0.80, 0.84, 0.82, 0.80, 0.83, 0.82, 0.82, 0.79, 0.83, 0.83, 0.83, 0.83, 0.82, 0.77, 0.82, 0.83, 0.81, 0.82, 0.80, 0.88, 0.85, 0.84

0.807126213592233
0.82, 0.77, 0.80, 0.8, 0.79, 0.82, 0.79, 0.75, 0.80, 0.88, 0.82, 0.83, 0.81, 0.78, 0.81, 0.81, 0.81, 0.80, 0.82, 0.81, 0.79, 0.78, 0.85, 0.77, 0.82, 0.78, 0.79, 0.77, 0.79, 0.82, 0.78, 0.84, 0.85, 0.73, 0.78, 0.74, 0.78, 0.84, 0.81, 0.82, 0.81, 0.79, 0.82, 0.80, 0.77, 0.84, 0.80, 0.73, 0.82, 0.81, 0.78, 0.83, 0.78, 0.78, 0.82, 0.80, 0.83, 0.81, 0.84, 0.84, 0.8, 0.79, 0.79, 0.79, 0.76, 0.81, 0.85, 0.79, 0.81, 0.78, 0.83, 0.82, 0.77, 0.81, 0.85, 0.83, 0.86, 0.83, 0.85, 0.77, 0.81, 0.80, 0.85, 0.75, 0.78, 0.77, 0.79, 0.80, 0.78, 0.80, 0.78, 0.77, 0.81, 0.79, 0.83, 0.82, 0.78, 0.83, 0.79, 0.75


Running iteration 3 of 10 fold...
loading ensembles takes 0.113 sec
creating environment takes 6.311 sec
voting takes 140.700 sec
      accuracy, precision, recall, f_score
  mv: 0.8971, 0.9146, 0.9010, 0.8966
  wv: 0.8922, 0.9100, 0.8969, 0.8923

0.8154854368932039
0.80, 0.83, 0.80, 0.81, 0.83, 0.82, 0.8, 0.86, 0.81, 0.88, 0.82, 0.79, 0.79, 0.76, 0.86, 0.81, 0.82, 0.82, 0.88, 0.80, 0.83, 0.84, 0.83, 0.82, 0.81, 0.81, 0.8, 0.84, 0.82, 0.85, 0.84, 0.75, 0.83, 0.81, 0.76, 0.78, 0.76, 0.84, 0.80, 0.80, 0.82, 0.82, 0.84, 0.80, 0.81, 0.80, 0.83, 0.79, 0.76, 0.79, 0.80, 0.80, 0.78, 0.81, 0.80, 0.82, 0.85, 0.86, 0.78, 0.81, 0.80, 0.82, 0.80, 0.82, 0.83, 0.77, 0.76, 0.79, 0.84, 0.81, 0.81, 0.81, 0.81, 0.81, 0.80, 0.73, 0.79, 0.84, 0.77, 0.76, 0.83, 0.81, 0.83, 0.84, 0.83, 0.73, 0.83, 0.75, 0.79, 0.81, 0.82, 0.85, 0.83, 0.85, 0.84, 0.77, 0.78, 0.83, 0.82, 0.84

0.8089708737864079
0.79, 0.83, 0.82, 0.78, 0.79, 0.82, 0.82, 0.85, 0.77, 0.77, 0.80, 0.71, 0.79, 0.79, 0.76, 0.80, 0.82, 0.86, 0.79, 0.79, 0.72, 0.80, 0.77, 0.81, 0.89, 0.83, 0.78, 0.85, 0.78, 0.80, 0.86, 0.79, 0.75, 0.82, 0.79, 0.81, 0.74, 0.81, 0.79, 0.83, 0.82, 0.82, 0.83, 0.83, 0.83, 0.82, 0.80, 0.74, 0.76, 0.8, 0.77, 0.80, 0.84, 0.82, 0.73, 0.77, 0.80, 0.85, 0.85, 0.84, 0.81, 0.83, 0.74, 0.75, 0.78, 0.82, 0.86, 0.83, 0.83, 0.86, 0.85, 0.67, 0.76, 0.80, 0.81, 0.78, 0.84, 0.83, 0.80, 0.83, 0.82, 0.81, 0.83, 0.80, 0.76, 0.85, 0.83, 0.76, 0.71, 0.83, 0.79, 0.82, 0.78, 0.82, 0.85, 0.85, 0.82, 0.83, 0.81, 0.85


Running iteration 4 of 10 fold...
loading ensembles takes 0.121 sec
creating environment takes 6.461 sec
voting takes 134.345 sec
      accuracy, precision, recall, f_score
  mv: 0.9282, 0.9324, 0.9266, 0.9233
  wv: 0.9282, 0.9326, 0.9274, 0.9238

0.829126213592233
0.83, 0.84, 0.78, 0.82, 0.85, 0.81, 0.83, 0.87, 0.79, 0.82, 0.86, 0.75, 0.82, 0.87, 0.85, 0.84, 0.86, 0.82, 0.84, 0.82, 0.80, 0.89, 0.83, 0.84, 0.80, 0.84, 0.84, 0.79, 0.87, 0.83, 0.71, 0.81, 0.85, 0.83, 0.84, 0.83, 0.86, 0.85, 0.82, 0.87, 0.81, 0.83, 0.83, 0.85, 0.78, 0.89, 0.82, 0.81, 0.83, 0.77, 0.81, 0.78, 0.84, 0.83, 0.83, 0.81, 0.81, 0.78, 0.84, 0.80, 0.84, 0.83, 0.82, 0.80, 0.83, 0.86, 0.82, 0.81, 0.79, 0.83, 0.83, 0.86, 0.79, 0.79, 0.85, 0.85, 0.84, 0.80, 0.84, 0.84, 0.81, 0.80, 0.79, 0.82, 0.81, 0.79, 0.83, 0.82, 0.83, 0.80, 0.85, 0.85, 0.81, 0.84, 0.84, 0.79, 0.80, 0.79, 0.85, 0.81

0.8198932038834954
0.86, 0.85, 0.85, 0.81, 0.83, 0.78, 0.79, 0.84, 0.73, 0.82, 0.82, 0.79, 0.80, 0.85, 0.86, 0.84, 0.83, 0.82, 0.84, 0.83, 0.79, 0.85, 0.84, 0.83, 0.84, 0.77, 0.84, 0.87, 0.85, 0.81, 0.73, 0.87, 0.81, 0.86, 0.85, 0.82, 0.81, 0.83, 0.78, 0.87, 0.79, 0.84, 0.81, 0.86, 0.79, 0.79, 0.79, 0.76, 0.79, 0.78, 0.85, 0.84, 0.74, 0.80, 0.85, 0.81, 0.82, 0.76, 0.78, 0.78, 0.88, 0.82, 0.81, 0.84, 0.81, 0.82, 0.83, 0.81, 0.82, 0.77, 0.80, 0.84, 0.77, 0.83, 0.77, 0.77, 0.76, 0.80, 0.83, 0.84, 0.81, 0.81, 0.83, 0.86, 0.81, 0.80, 0.79, 0.87, 0.84, 0.77, 0.81, 0.75, 0.86, 0.77, 0.85, 0.79, 0.81, 0.82, 0.80, 0.85


Running iteration 5 of 10 fold...
loading ensembles takes 0.112 sec
creating environment takes 6.237 sec
voting takes 131.032 sec
      accuracy, precision, recall, f_score
  mv: 0.9544, 0.9588, 0.9588, 0.9581
  wv: 0.9485, 0.9539, 0.9541, 0.9532

0.861601941747573
0.87, 0.85, 0.81, 0.86, 0.81, 0.89, 0.89, 0.82, 0.90, 0.88, 0.88, 0.84, 0.82, 0.84, 0.87, 0.85, 0.80, 0.82, 0.87, 0.90, 0.87, 0.91, 0.86, 0.89, 0.78, 0.83, 0.81, 0.88, 0.86, 0.83, 0.85, 0.88, 0.88, 0.9, 0.91, 0.86, 0.86, 0.86, 0.87, 0.86, 0.82, 0.88, 0.85, 0.86, 0.86, 0.86, 0.86, 0.86, 0.88, 0.79, 0.85, 0.81, 0.83, 0.86, 0.81, 0.91, 0.83, 0.85, 0.85, 0.89, 0.85, 0.85, 0.86, 0.86, 0.9, 0.83, 0.84, 0.82, 0.85, 0.86, 0.88, 0.87, 0.89, 0.83, 0.89, 0.85, 0.90, 0.87, 0.88, 0.84, 0.82, 0.87, 0.81, 0.86, 0.82, 0.80, 0.80, 0.86, 0.91, 0.87, 0.86, 0.89, 0.93, 0.88, 0.84, 0.91, 0.79, 0.91, 0.86, 0.83

0.8500000000000001
0.85, 0.87, 0.83, 0.89, 0.91, 0.89, 0.91, 0.80, 0.86, 0.78, 0.85, 0.81, 0.83, 0.90, 0.89, 0.83, 0.84, 0.89, 0.83, 0.85, 0.78, 0.80, 0.81, 0.85, 0.85, 0.86, 0.85, 0.87, 0.86, 0.89, 0.79, 0.89, 0.84, 0.91, 0.86, 0.92, 0.86, 0.85, 0.84, 0.85, 0.82, 0.89, 0.84, 0.85, 0.85, 0.85, 0.83, 0.83, 0.80, 0.84, 0.77, 0.86, 0.82, 0.87, 0.80, 0.83, 0.83, 0.83, 0.81, 0.88, 0.80, 0.85, 0.81, 0.84, 0.85, 0.83, 0.89, 0.81, 0.87, 0.90, 0.83, 0.83, 0.82, 0.85, 0.79, 0.86, 0.87, 0.84, 0.86, 0.83, 0.84, 0.85, 0.82, 0.83, 0.84, 0.86, 0.84, 0.83, 0.83, 0.85, 0.87, 0.86, 0.87, 0.84, 0.80, 0.84, 0.85, 0.80, 0.82, 0.87


Running iteration 6 of 10 fold...
loading ensembles takes 0.113 sec
creating environment takes 6.202 sec
voting takes 131.188 sec
      accuracy, precision, recall, f_score
  mv: 0.9427, 0.9486, 0.9305, 0.9323
  wv: 0.9408, 0.9481, 0.9274, 0.9291

0.8599902912621359
0.86, 0.85, 0.88, 0.89, 0.85, 0.84, 0.83, 0.83, 0.81, 0.86, 0.90, 0.82, 0.85, 0.85, 0.85, 0.86, 0.85, 0.89, 0.90, 0.79, 0.74, 0.83, 0.85, 0.90, 0.87, 0.86, 0.76, 0.80, 0.90, 0.85, 0.85, 0.87, 0.88, 0.89, 0.82, 0.83, 0.87, 0.87, 0.86, 0.81, 0.86, 0.84, 0.83, 0.89, 0.83, 0.83, 0.91, 0.89, 0.78, 0.85, 0.87, 0.87, 0.87, 0.83, 0.86, 0.90, 0.87, 0.80, 0.84, 0.86, 0.86, 0.84, 0.88, 0.85, 0.84, 0.87, 0.86, 0.88, 0.87, 0.85, 0.86, 0.85, 0.84, 0.90, 0.87, 0.87, 0.84, 0.90, 0.85, 0.89, 0.84, 0.88, 0.9, 0.82, 0.89, 0.78, 0.86, 0.83, 0.86, 0.82, 0.85, 0.81, 0.85, 0.90, 0.89, 0.90, 0.88, 0.88, 0.87, 0.87

0.8514951456310681
0.87, 0.82, 0.87, 0.85, 0.78, 0.84, 0.78, 0.84, 0.84, 0.81, 0.82, 0.87, 0.87, 0.83, 0.88, 0.87, 0.75, 0.83, 0.81, 0.87, 0.83, 0.89, 0.85, 0.88, 0.83, 0.84, 0.88, 0.82, 0.82, 0.89, 0.87, 0.91, 0.80, 0.79, 0.85, 0.79, 0.86, 0.82, 0.86, 0.83, 0.85, 0.80, 0.80, 0.85, 0.87, 0.81, 0.83, 0.86, 0.87, 0.83, 0.88, 0.87, 0.82, 0.85, 0.88, 0.84, 0.83, 0.83, 0.86, 0.87, 0.87, 0.75, 0.85, 0.86, 0.89, 0.86, 0.81, 0.86, 0.78, 0.87, 0.89, 0.90, 0.88, 0.87, 0.82, 0.84, 0.84, 0.84, 0.84, 0.84, 0.84, 0.86, 0.88, 0.89, 0.84, 0.87, 0.82, 0.84, 0.90, 0.84, 0.83, 0.87, 0.86, 0.88, 0.88, 0.89, 0.87, 0.84, 0.85, 0.81


Running iteration 7 of 10 fold...
loading ensembles takes 0.113 sec
creating environment takes 6.199 sec
voting takes 130.701 sec
      accuracy, precision, recall, f_score
  mv: 0.9214, 0.9216, 0.9255, 0.9260
  wv: 0.9262, 0.9267, 0.9294, 0.9301

0.8448834951456311
0.82, 0.78, 0.82, 0.83, 0.85, 0.86, 0.83, 0.83, 0.85, 0.81, 0.83, 0.86, 0.86, 0.87, 0.88, 0.85, 0.85, 0.81, 0.86, 0.88, 0.86, 0.85, 0.88, 0.83, 0.85, 0.8, 0.80, 0.86, 0.86, 0.88, 0.87, 0.83, 0.80, 0.84, 0.83, 0.85, 0.86, 0.79, 0.85, 0.81, 0.85, 0.84, 0.82, 0.80, 0.84, 0.86, 0.77, 0.87, 0.86, 0.88, 0.85, 0.83, 0.83, 0.88, 0.88, 0.81, 0.87, 0.85, 0.80, 0.85, 0.86, 0.79, 0.87, 0.88, 0.85, 0.83, 0.82, 0.82, 0.80, 0.89, 0.84, 0.85, 0.80, 0.80, 0.84, 0.78, 0.85, 0.8, 0.83, 0.86, 0.85, 0.83, 0.86, 0.81, 0.80, 0.85, 0.83, 0.79, 0.87, 0.88, 0.83, 0.85, 0.87, 0.86, 0.85, 0.84, 0.82, 0.84, 0.87, 0.87

0.8324174757281553
0.85, 0.81, 0.83, 0.85, 0.85, 0.82, 0.84, 0.84, 0.85, 0.79, 0.80, 0.81, 0.83, 0.85, 0.82, 0.89, 0.8, 0.83, 0.89, 0.77, 0.75, 0.81, 0.79, 0.81, 0.85, 0.86, 0.82, 0.85, 0.86, 0.85, 0.85, 0.85, 0.84, 0.88, 0.79, 0.79, 0.84, 0.82, 0.83, 0.84, 0.85, 0.85, 0.86, 0.79, 0.81, 0.88, 0.87, 0.82, 0.78, 0.82, 0.85, 0.80, 0.83, 0.85, 0.82, 0.85, 0.84, 0.84, 0.77, 0.80, 0.85, 0.82, 0.83, 0.83, 0.85, 0.82, 0.84, 0.80, 0.83, 0.82, 0.84, 0.85, 0.80, 0.80, 0.82, 0.86, 0.72, 0.80, 0.83, 0.84, 0.82, 0.87, 0.85, 0.80, 0.83, 0.77, 0.85, 0.80, 0.83, 0.84, 0.85, 0.85, 0.84, 0.79, 0.87, 0.83, 0.82, 0.79, 0.82, 0.82


Running iteration 8 of 10 fold...
loading ensembles takes 0.112 sec
creating environment takes 6.229 sec
voting takes 133.657 sec
      accuracy, precision, recall, f_score
  mv: 0.9117, 0.9135, 0.9052, 0.9069
  wv: 0.9175, 0.9193, 0.9115, 0.9135

0.8094174757281551
0.79, 0.77, 0.75, 0.79, 0.81, 0.80, 0.83, 0.83, 0.85, 0.78, 0.83, 0.79, 0.80, 0.87, 0.82, 0.81, 0.81, 0.80, 0.83, 0.80, 0.77, 0.82, 0.83, 0.80, 0.80, 0.78, 0.82, 0.85, 0.78, 0.80, 0.80, 0.83, 0.78, 0.78, 0.78, 0.80, 0.73, 0.81, 0.82, 0.81, 0.79, 0.79, 0.83, 0.78, 0.79, 0.78, 0.81, 0.80, 0.81, 0.80, 0.81, 0.82, 0.83, 0.80, 0.80, 0.78, 0.80, 0.76, 0.84, 0.83, 0.80, 0.81, 0.79, 0.80, 0.79, 0.82, 0.79, 0.81, 0.82, 0.83, 0.83, 0.77, 0.80, 0.80, 0.79, 0.83, 0.85, 0.79, 0.77, 0.84, 0.76, 0.82, 0.80, 0.81, 0.75, 0.80, 0.80, 0.84, 0.81, 0.83, 0.84, 0.79, 0.83, 0.80, 0.86, 0.75, 0.80, 0.82, 0.80, 0.80

0.7991650485436895
0.82, 0.74, 0.74, 0.79, 0.82, 0.78, 0.82, 0.77, 0.81, 0.80, 0.78, 0.82, 0.81, 0.81, 0.77, 0.81, 0.80, 0.84, 0.79, 0.79, 0.74, 0.79, 0.80, 0.74, 0.77, 0.80, 0.80, 0.79, 0.79, 0.75, 0.76, 0.79, 0.79, 0.81, 0.78, 0.79, 0.77, 0.81, 0.82, 0.81, 0.78, 0.84, 0.80, 0.83, 0.73, 0.83, 0.81, 0.81, 0.84, 0.80, 0.79, 0.83, 0.83, 0.75, 0.83, 0.79, 0.82, 0.81, 0.83, 0.81, 0.77, 0.78, 0.79, 0.84, 0.77, 0.8, 0.79, 0.80, 0.79, 0.74, 0.77, 0.78, 0.75, 0.80, 0.83, 0.79, 0.83, 0.81, 0.79, 0.79, 0.74, 0.83, 0.80, 0.82, 0.75, 0.75, 0.83, 0.76, 0.78, 0.82, 0.81, 0.82, 0.80, 0.86, 0.82, 0.76, 0.78, 0.75, 0.79, 0.81


Running iteration 9 of 10 fold...
loading ensembles takes 0.112 sec
creating environment takes 6.307 sec
voting takes 141.584 sec
      accuracy, precision, recall, f_score
  mv: 0.9291, 0.9342, 0.9275, 0.9281
  wv: 0.9233, 0.9302, 0.9215, 0.9223

0.8479417475728155
0.89, 0.82, 0.87, 0.84, 0.79, 0.79, 0.88, 0.85, 0.85, 0.83, 0.86, 0.83, 0.81, 0.83, 0.85, 0.87, 0.86, 0.88, 0.84, 0.87, 0.85, 0.85, 0.88, 0.79, 0.86, 0.80, 0.89, 0.85, 0.84, 0.83, 0.80, 0.87, 0.85, 0.82, 0.87, 0.85, 0.88, 0.90, 0.87, 0.83, 0.87, 0.81, 0.86, 0.86, 0.82, 0.83, 0.81, 0.88, 0.78, 0.82, 0.83, 0.88, 0.79, 0.84, 0.87, 0.85, 0.88, 0.85, 0.84, 0.85, 0.88, 0.84, 0.82, 0.79, 0.86, 0.83, 0.81, 0.79, 0.84, 0.83, 0.84, 0.80, 0.81, 0.84, 0.83, 0.83, 0.84, 0.89, 0.83, 0.85, 0.89, 0.85, 0.81, 0.85, 0.84, 0.83, 0.87, 0.83, 0.83, 0.86, 0.85, 0.83, 0.87, 0.83, 0.82, 0.87, 0.85, 0.84, 0.86, 0.87

0.835145631067961
0.84, 0.86, 0.83, 0.83, 0.81, 0.89, 0.85, 0.83, 0.81, 0.85, 0.87, 0.83, 0.84, 0.80, 0.76, 0.85, 0.86, 0.83, 0.81, 0.86, 0.84, 0.80, 0.73, 0.84, 0.80, 0.86, 0.85, 0.80, 0.79, 0.84, 0.82, 0.86, 0.78, 0.82, 0.89, 0.85, 0.84, 0.81, 0.8, 0.86, 0.81, 0.85, 0.8, 0.90, 0.83, 0.86, 0.82, 0.78, 0.87, 0.83, 0.83, 0.82, 0.86, 0.84, 0.79, 0.86, 0.82, 0.81, 0.80, 0.81, 0.85, 0.80, 0.81, 0.87, 0.72, 0.86, 0.82, 0.85, 0.85, 0.84, 0.82, 0.86, 0.84, 0.83, 0.82, 0.83, 0.83, 0.87, 0.83, 0.83, 0.80, 0.85, 0.80, 0.82, 0.78, 0.82, 0.82, 0.83, 0.82, 0.81, 0.85, 0.82, 0.84, 0.87, 0.80, 0.82, 0.87, 0.82, 0.89, 0.87


Running iteration 10 of 10 fold...
loading ensembles takes 0.112 sec
creating environment takes 6.199 sec
voting takes 137.042 sec
      accuracy, precision, recall, f_score
  mv: 0.9291, 0.9355, 0.9229, 0.9233
  wv: 0.9271, 0.9337, 0.9208, 0.9211

0.8327891156462585
0.86, 0.83, 0.80, 0.81, 0.85, 0.82, 0.82, 0.83, 0.89, 0.83, 0.88, 0.86, 0.83, 0.85, 0.84, 0.78, 0.85, 0.85, 0.82, 0.82, 0.80, 0.78, 0.77, 0.82, 0.86, 0.82, 0.80, 0.85, 0.85, 0.77, 0.85, 0.80, 0.87, 0.88, 0.81, 0.90, 0.83, 0.89, 0.83, 0.82, 0.79, 0.82, 0.83, 0.79, 0.85, 0.79, 0.83, 0.82, 0.84, 0.86, 0.82, 0.82, 0.80, 0.87, 0.86, 0.86, 0.88, 0.84, 0.87, 0.87, 0.80, 0.84, 0.83, 0.79, 0.83, 0.84, 0.78, 0.83, 0.79, 0.80, 0.82, 0.83, 0.84, 0.86, 0.80, 0.78, 0.84, 0.81, 0.81, 0.87, 0.85, 0.83, 0.82, 0.81, 0.82, 0.79, 0.80, 0.79, 0.85, 0.83, 0.85, 0.84, 0.84, 0.82, 0.83, 0.82, 0.78, 0.84, 0.79, 0.79

0.8085228377065112
0.78, 0.81, 0.81, 0.79, 0.73, 0.79, 0.84, 0.77, 0.81, 0.80, 0.85, 0.82, 0.78, 0.86, 0.74, 0.84, 0.79, 0.79, 0.75, 0.77, 0.80, 0.84, 0.74, 0.87, 0.82, 0.85, 0.85, 0.83, 0.87, 0.80, 0.85, 0.79, 0.84, 0.77, 0.77, 0.80, 0.85, 0.86, 0.81, 0.83, 0.78, 0.80, 0.82, 0.82, 0.78, 0.80, 0.87, 0.78, 0.78, 0.85, 0.82, 0.82, 0.83, 0.84, 0.82, 0.75, 0.76, 0.77, 0.80, 0.80, 0.82, 0.77, 0.78, 0.80, 0.78, 0.78, 0.84, 0.83, 0.77, 0.86, 0.83, 0.79, 0.82, 0.81, 0.80, 0.77, 0.81, 0.81, 0.81, 0.78, 0.87, 0.80, 0.84, 0.80, 0.82, 0.80, 0.82, 0.76, 0.80, 0.81, 0.77, 0.78, 0.79, 0.87, 0.75, 0.78, 0.77, 0.72, 0.73, 0.74

      accuracy, precision, recall, f_score
  mv: 0.9278, 0.9330, 0.9261, 0.9255
  wv: 0.9266, 0.9324, 0.9250, 0.9243
  fs: 0.0000, 0.0000, 0.0000, 0.0000
adab: 0.0000, 0.0000, 0.0000, 0.0000
eprl: 0.0000, 0.0000, 0.0000, 0.0000
ibrl: 0.0000, 0.0000, 0.0000, 0.0000

time costs: C, E, V, FS, Ada, EPRL, IBRL
       0.11, 6.23, 135.20, 0.0, 0.0, 0.0, 0.0
FS size: 0.00000, EPRL size: 0.00000, IBRL size: 0.00000
full test avg accu: 0.83694, part test avg accu: 0.82440
