{'dataset': 'heart', 'algorithm': 'ptdqn', 'num_clf': 100, 'num_training': 10000, 'learning_rate': 0.1, 'discount_factor': 1.0, 'epsilon': 0.1, 'random_state': 6666, 'portion': 0.5, 'sequential': False}
reading data takes 0.507 sec
data shape: (270, 21)
number of labels: 2

Running iteration 1 of 10 fold...
loading ensembles takes 0.220 sec
creating environment takes 0.663 sec
voting takes 2.227 sec
      accuracy, precision, recall, f_score
  mv: 0.7407, 0.7676, 0.7529, 0.7349
  wv: 0.7778, 0.7926, 0.7824, 0.7699

0.6507407407407407
0.55, 0.77, 0.48, 0.77, 0.55, 0.55, 0.70, 0.55, 0.77, 0.55, 0.44, 0.74, 0.59, 0.66, 0.44, 0.74, 0.62, 0.70, 0.77, 0.55, 0.70, 0.74, 0.59, 0.55, 0.74, 0.70, 0.66, 0.81, 0.74, 0.70, 0.62, 0.55, 0.62, 0.62, 0.62, 0.74, 0.48, 0.70, 0.55, 0.85, 0.62, 0.70, 0.59, 0.55, 0.51, 0.62, 0.62, 0.55, 0.74, 0.66, 0.55, 0.59, 0.70, 0.81, 0.77, 0.66, 0.51, 0.77, 0.59, 0.55, 0.62, 0.74, 0.55, 0.70, 0.66, 0.77, 0.66, 0.77, 0.59, 0.70, 0.59, 0.74, 0.59, 0.48, 0.62, 0.55, 0.55, 0.70, 0.55, 0.85, 0.59, 0.85, 0.66, 0.74, 0.66, 0.77, 0.70, 0.81, 0.74, 0.44, 0.59, 0.59, 0.70, 0.51, 0.51, 0.74, 0.70, 0.70, 0.62, 0.55

0.6118518518518519
0.66, 0.59, 0.59, 0.59, 0.66, 0.48, 0.62, 0.51, 0.66, 0.37, 0.59, 0.74, 0.55, 0.70, 0.44, 0.55, 0.77, 0.51, 0.55, 0.55, 0.66, 0.74, 0.66, 0.55, 0.55, 0.70, 0.62, 0.70, 0.66, 0.59, 0.48, 0.66, 0.59, 0.55, 0.55, 0.51, 0.62, 0.51, 0.51, 0.62, 0.62, 0.55, 0.59, 0.66, 0.70, 0.51, 0.55, 0.70, 0.66, 0.62, 0.62, 0.59, 0.51, 0.55, 0.51, 0.70, 0.66, 0.48, 0.66, 0.62, 0.66, 0.48, 0.70, 0.62, 0.74, 0.62, 0.51, 0.62, 0.66, 0.59, 0.74, 0.62, 0.81, 0.44, 0.62, 0.74, 0.62, 0.59, 0.66, 0.70, 0.66, 0.37, 0.70, 0.70, 0.74, 0.37, 0.70, 0.55, 0.62, 0.55, 0.62, 0.77, 0.77, 0.62, 0.51, 0.66, 0.62, 0.44, 0.55, 0.59


Running iteration 2 of 10 fold...
loading ensembles takes 0.247 sec
creating environment takes 0.617 sec
voting takes 2.308 sec
      accuracy, precision, recall, f_score
  mv: 0.7778, 0.8065, 0.7830, 0.7750
  wv: 0.7778, 0.8065, 0.7830, 0.7750

0.6996296296296296
0.85, 0.62, 0.51, 0.74, 0.74, 0.77, 0.74, 0.81, 0.77, 0.81, 0.70, 0.88, 0.77, 0.48, 0.66, 0.85, 0.44, 0.44, 0.77, 0.77, 0.81, 0.70, 0.74, 0.85, 0.59, 0.62, 0.66, 0.85, 0.74, 0.40, 0.59, 0.88, 0.66, 0.85, 0.70, 0.81, 0.70, 0.37, 0.70, 0.70, 0.59, 0.62, 0.66, 0.88, 0.70, 0.62, 0.62, 0.85, 0.70, 0.74, 0.74, 0.74, 0.74, 0.70, 0.55, 0.77, 0.66, 0.40, 0.59, 0.77, 0.81, 0.62, 0.59, 0.88, 0.77, 0.62, 0.62, 0.74, 0.77, 0.55, 0.66, 0.88, 0.59, 0.70, 0.59, 0.85, 0.74, 0.44, 0.55, 0.70, 0.77, 0.59, 0.66, 0.74, 0.74, 0.70, 0.66, 0.85, 0.74, 0.55, 0.62, 0.77, 0.66, 0.70, 0.70, 0.74, 0.66, 0.77, 0.70, 0.81

0.6811111111111111
0.70, 0.40, 0.66, 0.81, 0.70, 0.55, 0.70, 0.77, 0.77, 0.51, 0.66, 0.77, 0.77, 0.33, 0.48, 0.81, 0.66, 0.48, 0.70, 0.85, 0.81, 0.59, 0.62, 0.85, 0.70, 0.59, 0.70, 0.70, 0.66, 0.74, 0.77, 0.85, 0.66, 0.62, 0.74, 0.70, 0.74, 0.70, 0.74, 0.85, 0.62, 0.77, 0.70, 0.81, 0.74, 0.48, 0.74, 0.85, 0.70, 0.44, 0.66, 0.77, 0.59, 0.55, 0.62, 0.81, 0.62, 0.51, 0.66, 0.85, 0.74, 0.44, 0.62, 0.88, 0.77, 0.55, 0.70, 0.77, 0.59, 0.33, 0.66, 0.74, 0.70, 0.55, 0.48, 0.74, 0.51, 0.81, 0.62, 0.77, 0.77, 0.51, 0.66, 0.81, 0.70, 0.48, 0.59, 0.77, 0.81, 0.48, 0.74, 0.85, 0.70, 0.70, 0.48, 0.74, 0.81, 0.66, 0.70, 0.81


Running iteration 3 of 10 fold...
loading ensembles takes 0.222 sec
creating environment takes 0.614 sec
voting takes 2.251 sec
      accuracy, precision, recall, f_score
  mv: 0.8519, 0.8543, 0.8206, 0.8333
  wv: 0.8889, 0.9056, 0.8500, 0.8712

0.7214814814814814
0.62, 0.85, 0.66, 0.77, 0.74, 0.66, 0.62, 0.74, 0.66, 0.55, 0.62, 0.81, 0.81, 0.74, 0.59, 0.77, 0.74, 0.88, 0.59, 0.81, 0.74, 0.81, 0.77, 0.81, 0.85, 0.62, 0.62, 0.74, 0.62, 0.74, 0.62, 0.74, 0.88, 0.77, 0.59, 0.77, 0.74, 0.85, 0.70, 0.74, 0.62, 0.48, 0.66, 0.81, 0.77, 0.88, 0.62, 0.81, 0.70, 0.77, 0.55, 0.74, 0.66, 0.70, 0.62, 0.81, 0.70, 0.81, 0.62, 0.81, 0.74, 0.81, 0.59, 0.77, 0.85, 0.66, 0.62, 0.70, 0.81, 0.37, 0.62, 0.74, 0.77, 0.74, 0.62, 0.70, 0.85, 0.85, 0.55, 0.88, 0.62, 0.77, 0.55, 0.77, 0.77, 0.59, 0.66, 0.81, 0.74, 0.85, 0.66, 0.70, 0.77, 0.59, 0.62, 0.74, 0.81, 0.77, 0.70, 0.81

0.6940740740740741
0.70, 0.70, 0.70, 0.66, 0.74, 0.66, 0.66, 0.74, 0.81, 0.48, 0.74, 0.77, 0.74, 0.59, 0.55, 0.77, 0.74, 0.59, 0.66, 0.74, 0.55, 0.74, 0.74, 0.74, 0.77, 0.70, 0.59, 0.81, 0.74, 0.40, 0.62, 0.74, 0.70, 0.81, 0.59, 0.74, 0.74, 0.74, 0.51, 0.70, 0.77, 0.62, 0.74, 0.74, 0.66, 0.85, 0.59, 0.81, 0.85, 0.48, 0.62, 0.81, 0.77, 0.59, 0.74, 0.70, 0.81, 0.40, 0.66, 0.81, 0.66, 0.48, 0.62, 0.77, 0.85, 0.70, 0.74, 0.70, 0.77, 0.66, 0.74, 0.85, 0.74, 0.66, 0.62, 0.74, 0.74, 0.62, 0.62, 0.70, 0.70, 0.55, 0.70, 0.66, 0.66, 0.55, 0.70, 0.66, 0.70, 0.55, 0.66, 0.74, 0.74, 0.77, 0.62, 0.81, 0.70, 0.77, 0.55, 0.77


Running iteration 4 of 10 fold...
loading ensembles takes 0.218 sec
creating environment takes 0.609 sec
voting takes 2.279 sec
      accuracy, precision, recall, f_score
  mv: 0.8519, 0.8519, 0.8516, 0.8516
  wv: 0.8889, 0.8907, 0.8874, 0.8883

0.7340740740740741
0.74, 0.85, 0.66, 0.92, 0.74, 0.70, 0.66, 0.88, 0.74, 0.70, 0.62, 0.92, 0.85, 0.85, 0.66, 0.88, 0.77, 0.66, 0.55, 0.85, 0.81, 0.62, 0.74, 0.88, 0.85, 0.74, 0.70, 0.88, 0.77, 0.66, 0.55, 0.85, 0.59, 0.51, 0.62, 0.74, 0.77, 0.70, 0.55, 0.88, 0.81, 0.62, 0.55, 0.88, 0.70, 0.70, 0.77, 0.81, 0.62, 0.70, 0.59, 0.88, 0.88, 0.77, 0.62, 0.85, 0.77, 0.81, 0.70, 0.88, 0.66, 0.70, 0.74, 0.88, 0.81, 0.74, 0.70, 0.88, 0.77, 0.70, 0.74, 0.77, 0.77, 0.74, 0.70, 0.88, 0.74, 0.70, 0.66, 0.85, 0.70, 0.70, 0.51, 0.81, 0.66, 0.33, 0.66, 0.77, 0.66, 0.44, 0.66, 0.74, 0.70, 0.59, 0.70, 0.81, 0.66, 0.66, 0.59, 0.88

0.661111111111111
0.70, 0.55, 0.62, 0.77, 0.66, 0.48, 0.62, 0.74, 0.59, 0.40, 0.62, 0.88, 0.62, 0.44, 0.66, 0.88, 0.55, 0.48, 0.62, 0.74, 0.62, 0.66, 0.66, 0.88, 0.70, 0.44, 0.77, 0.85, 0.66, 0.40, 0.59, 0.85, 0.77, 0.66, 0.59, 0.85, 0.74, 0.51, 0.55, 0.85, 0.70, 0.81, 0.66, 0.70, 0.62, 0.62, 0.59, 0.85, 0.70, 0.55, 0.55, 0.85, 0.62, 0.74, 0.62, 0.88, 0.59, 0.40, 0.59, 0.74, 0.70, 0.44, 0.62, 0.77, 0.70, 0.55, 0.66, 0.88, 0.81, 0.55, 0.44, 0.70, 0.59, 0.40, 0.66, 0.81, 0.74, 0.62, 0.62, 0.74, 0.74, 0.48, 0.59, 0.77, 0.74, 0.48, 0.66, 0.70, 0.81, 0.48, 0.66, 0.74, 0.74, 0.62, 0.70, 0.70, 0.51, 0.55, 0.51, 0.81


Running iteration 5 of 10 fold...
loading ensembles takes 0.210 sec
creating environment takes 0.640 sec
voting takes 2.268 sec
      accuracy, precision, recall, f_score
  mv: 0.9259, 0.9358, 0.9286, 0.9258
  wv: 0.9630, 0.9656, 0.9643, 0.9630

0.7503703703703706
0.77, 0.77, 0.62, 0.92, 0.81, 0.66, 0.66, 0.88, 0.70, 0.59, 0.70, 0.81, 0.74, 0.85, 0.59, 0.96, 0.74, 0.85, 0.55, 0.88, 0.74, 0.74, 0.62, 0.92, 0.81, 0.74, 0.66, 0.85, 0.85, 0.74, 0.59, 0.96, 0.77, 0.66, 0.74, 0.96, 0.85, 0.74, 0.59, 0.85, 0.81, 0.70, 0.70, 0.81, 0.70, 0.48, 0.62, 0.96, 0.81, 0.62, 0.62, 0.85, 0.74, 0.66, 0.62, 0.77, 0.77, 0.62, 0.66, 0.88, 0.77, 0.88, 0.51, 0.92, 0.81, 0.70, 0.59, 0.85, 0.74, 0.74, 0.55, 0.88, 0.85, 0.74, 0.59, 0.92, 0.74, 0.62, 0.85, 0.92, 0.70, 0.81, 0.48, 0.85, 0.77, 0.74, 0.77, 0.96, 0.70, 0.88, 0.62, 0.85, 0.77, 0.37, 0.59, 0.92, 0.66, 0.70, 0.55, 0.88

0.6811111111111109
0.70, 0.37, 0.62, 0.92, 0.81, 0.37, 0.66, 0.81, 0.70, 0.59, 0.59, 0.81, 0.85, 0.66, 0.48, 0.81, 0.77, 0.37, 0.62, 0.81, 0.66, 0.51, 0.66, 0.81, 0.77, 0.55, 0.66, 0.85, 0.74, 0.44, 0.70, 0.81, 0.77, 0.66, 0.66, 0.81, 0.85, 0.62, 0.62, 0.92, 0.85, 0.33, 0.66, 0.77, 0.74, 0.51, 0.66, 0.77, 0.70, 0.55, 0.62, 0.74, 0.77, 0.37, 0.59, 0.88, 0.74, 0.66, 0.62, 0.66, 0.74, 0.25, 0.77, 0.85, 0.74, 0.44, 0.74, 0.81, 0.70, 0.40, 0.81, 0.81, 0.92, 0.59, 0.62, 0.77, 0.70, 0.48, 0.40, 0.81, 0.74, 0.37, 0.51, 0.81, 0.66, 0.74, 0.59, 0.81, 0.66, 0.70, 0.77, 0.85, 0.77, 0.62, 0.74, 0.77, 0.81, 0.29, 0.62, 0.85


Running iteration 6 of 10 fold...
loading ensembles takes 0.208 sec
creating environment takes 0.681 sec
voting takes 2.248 sec
      accuracy, precision, recall, f_score
  mv: 0.7407, 0.7698, 0.7167, 0.7158
  wv: 0.7407, 0.7469, 0.7250, 0.7273

0.6918518518518519
0.74, 0.59, 0.62, 0.74, 0.62, 0.77, 0.70, 0.74, 0.66, 0.62, 0.70, 0.74, 0.66, 0.44, 0.59, 0.70, 0.55, 0.81, 0.59, 0.74, 0.66, 0.62, 0.51, 0.81, 0.66, 0.70, 0.62, 0.81, 0.85, 0.70, 0.51, 0.81, 0.77, 0.74, 0.62, 0.77, 0.77, 0.70, 0.55, 0.77, 0.77, 0.70, 0.62, 0.66, 0.59, 0.62, 0.51, 0.70, 0.70, 0.74, 0.66, 0.70, 0.92, 0.62, 0.59, 0.70, 0.81, 0.70, 0.62, 0.85, 0.66, 0.74, 0.66, 0.81, 0.85, 0.66, 0.51, 0.85, 0.70, 0.74, 0.66, 0.81, 0.77, 0.77, 0.59, 0.81, 0.81, 0.59, 0.62, 0.77, 0.59, 0.66, 0.66, 0.77, 0.59, 0.66, 0.55, 0.85, 0.81, 0.51, 0.59, 0.77, 0.59, 0.70, 0.55, 0.85, 0.70, 0.37, 0.66, 0.81

0.6311111111111112
0.59, 0.37, 0.55, 0.77, 0.62, 0.48, 0.62, 0.66, 0.70, 0.33, 0.59, 0.70, 0.74, 0.40, 0.59, 0.74, 0.55, 0.40, 0.66, 0.85, 0.81, 0.59, 0.59, 0.70, 0.66, 0.51, 0.66, 0.77, 0.74, 0.55, 0.59, 0.77, 0.77, 0.44, 0.62, 0.74, 0.66, 0.70, 0.51, 0.77, 0.70, 0.77, 0.62, 0.70, 0.66, 0.29, 0.62, 0.70, 0.74, 0.48, 0.62, 0.77, 0.59, 0.55, 0.48, 0.74, 0.77, 0.48, 0.59, 0.77, 0.59, 0.51, 0.55, 0.74, 0.74, 0.48, 0.48, 0.70, 0.74, 0.66, 0.55, 0.70, 0.70, 0.70, 0.59, 0.74, 0.66, 0.44, 0.62, 0.81, 0.77, 0.25, 0.59, 0.55, 0.77, 0.66, 0.48, 0.70, 0.62, 0.51, 0.55, 0.81, 0.55, 0.66, 0.55, 0.70, 0.70, 0.44, 0.59, 0.77


Running iteration 7 of 10 fold...
loading ensembles takes 0.215 sec
creating environment takes 0.627 sec
voting takes 2.236 sec
      accuracy, precision, recall, f_score
  mv: 0.8148, 0.8139, 0.8011, 0.8052
  wv: 0.8148, 0.8139, 0.8011, 0.8052

0.6948148148148151
0.66, 0.77, 0.66, 0.81, 0.48, 0.59, 0.66, 0.66, 0.62, 0.59, 0.55, 0.55, 0.81, 0.55, 0.70, 0.85, 0.62, 0.66, 0.62, 0.81, 0.70, 0.70, 0.55, 0.81, 0.70, 0.81, 0.59, 0.74, 0.59, 0.77, 0.59, 0.74, 0.74, 0.59, 0.59, 0.70, 0.77, 0.66, 0.66, 0.85, 0.77, 0.40, 0.55, 0.85, 0.66, 0.40, 0.74, 0.81, 0.77, 0.70, 0.55, 0.81, 0.70, 0.81, 0.66, 0.88, 0.70, 0.81, 0.66, 0.70, 0.81, 0.62, 0.62, 0.88, 0.59, 0.59, 0.59, 0.85, 0.77, 0.74, 0.66, 0.66, 0.66, 0.62, 0.55, 0.59, 0.77, 0.44, 0.70, 0.85, 0.70, 0.81, 0.66, 0.81, 0.77, 0.85, 0.70, 0.77, 0.70, 0.70, 0.66, 0.85, 0.66, 0.40, 0.74, 0.81, 0.74, 0.62, 0.62, 0.85

0.6796296296296298
0.81, 0.74, 0.66, 0.74, 0.77, 0.66, 0.51, 0.81, 0.81, 0.59, 0.48, 0.55, 0.81, 0.66, 0.59, 0.74, 0.62, 0.40, 0.66, 0.77, 0.74, 0.62, 0.62, 0.77, 0.77, 0.44, 0.55, 0.77, 0.66, 0.55, 0.70, 0.77, 0.70, 0.66, 0.59, 0.77, 0.70, 0.59, 0.62, 0.85, 0.74, 0.66, 0.66, 0.88, 0.66, 0.70, 0.66, 0.77, 0.70, 0.59, 0.62, 0.77, 0.77, 0.48, 0.66, 0.92, 0.74, 0.37, 0.62, 0.62, 0.66, 0.51, 0.70, 0.85, 0.70, 0.70, 0.66, 0.48, 0.59, 0.55, 0.55, 0.85, 0.81, 0.74, 0.74, 0.81, 0.77, 0.48, 0.62, 0.85, 0.66, 0.51, 0.59, 0.74, 0.81, 0.62, 0.70, 0.70, 0.70, 0.66, 0.66, 0.81, 0.81, 0.44, 0.66, 0.81, 0.81, 0.59, 0.70, 0.44


Running iteration 8 of 10 fold...
loading ensembles takes 0.211 sec
creating environment takes 0.662 sec
voting takes 2.247 sec
      accuracy, precision, recall, f_score
  mv: 0.8889, 0.8926, 0.8920, 0.8864
  wv: 0.8889, 0.8926, 0.8920, 0.8864

0.7477777777777779
0.85, 0.85, 0.62, 0.81, 0.81, 0.55, 0.62, 0.88, 0.77, 0.77, 0.70, 0.88, 0.88, 0.48, 0.55, 0.81, 0.70, 0.66, 0.66, 0.70, 0.62, 0.85, 0.77, 0.88, 0.77, 0.77, 0.70, 0.70, 0.62, 0.92, 0.55, 0.96, 0.81, 0.70, 0.66, 0.88, 0.88, 0.85, 0.59, 0.77, 0.66, 0.85, 0.62, 0.88, 0.77, 0.77, 0.62, 0.88, 0.74, 0.62, 0.59, 0.92, 0.74, 0.74, 0.70, 0.88, 0.81, 0.81, 0.55, 0.88, 0.66, 0.74, 0.62, 0.88, 0.81, 0.29, 0.66, 0.92, 0.85, 0.70, 0.59, 0.81, 0.77, 0.88, 0.62, 0.88, 0.74, 0.55, 0.70, 0.81, 0.81, 0.88, 0.55, 0.88, 0.85, 0.70, 0.59, 0.74, 0.85, 0.81, 0.59, 0.88, 0.74, 0.55, 0.77, 0.88, 0.62, 0.66, 0.62, 0.92

0.6937037037037038
0.77, 0.62, 0.55, 0.85, 0.70, 0.51, 0.66, 0.70, 0.74, 0.70, 0.59, 0.66, 0.66, 0.59, 0.74, 0.62, 0.70, 0.59, 0.70, 0.92, 0.77, 0.66, 0.66, 0.77, 0.81, 0.55, 0.66, 0.88, 0.81, 0.59, 0.74, 0.77, 0.77, 0.59, 0.66, 0.92, 0.77, 0.48, 0.59, 0.92, 0.66, 0.59, 0.70, 0.92, 0.66, 0.48, 0.62, 0.74, 0.88, 0.77, 0.62, 0.88, 0.74, 0.37, 0.62, 0.77, 0.81, 0.88, 0.55, 0.81, 0.66, 0.59, 0.55, 0.85, 0.59, 0.22, 0.59, 0.81, 0.74, 0.51, 0.70, 0.92, 0.77, 0.33, 0.62, 0.74, 0.81, 0.77, 0.66, 0.85, 0.70, 0.44, 0.66, 1.0, 0.74, 0.44, 0.70, 0.77, 0.77, 0.55, 0.74, 0.85, 0.62, 0.55, 0.62, 0.96, 0.70, 0.48, 0.66, 0.62


Running iteration 9 of 10 fold...
loading ensembles takes 0.208 sec
creating environment takes 0.626 sec
voting takes 2.249 sec
      accuracy, precision, recall, f_score
  mv: 0.8889, 0.9127, 0.9062, 0.8883
  wv: 0.8889, 0.9127, 0.9062, 0.8883

0.7659259259259259
0.92, 0.81, 0.59, 0.81, 0.81, 0.77, 0.74, 0.77, 0.66, 0.59, 0.74, 0.77, 0.85, 0.92, 0.77, 0.85, 0.88, 0.88, 0.62, 0.77, 0.81, 0.29, 0.62, 0.81, 0.85, 0.77, 0.74, 0.88, 0.85, 0.66, 0.74, 0.81, 0.92, 0.40, 0.70, 0.92, 0.77, 0.70, 0.70, 0.77, 0.81, 0.92, 0.62, 0.85, 0.77, 0.62, 0.66, 0.81, 0.81, 0.77, 0.66, 0.74, 0.66, 0.40, 0.66, 0.81, 0.85, 0.74, 0.62, 0.88, 0.77, 0.74, 0.59, 0.92, 0.66, 0.88, 0.70, 0.74, 0.77, 0.96, 0.74, 0.81, 0.77, 0.81, 0.70, 0.92, 0.88, 0.92, 0.74, 0.88, 0.74, 0.81, 0.74, 0.92, 0.85, 0.85, 0.62, 0.92, 0.81, 0.70, 0.62, 0.85, 0.74, 0.77, 0.66, 0.77, 0.77, 0.66, 0.62, 0.85

0.6866666666666668
0.77, 0.62, 0.59, 0.81, 0.77, 0.62, 0.55, 0.70, 0.92, 0.55, 0.62, 0.81, 0.81, 0.55, 0.70, 0.81, 0.81, 0.37, 0.62, 0.96, 0.85, 0.62, 0.70, 0.81, 0.62, 0.62, 0.59, 0.81, 0.77, 0.66, 0.55, 0.74, 0.70, 0.59, 0.59, 0.81, 0.85, 0.62, 0.62, 0.85, 0.62, 0.51, 0.66, 0.70, 0.62, 0.51, 0.62, 0.77, 0.74, 0.51, 0.51, 0.77, 0.88, 0.59, 0.66, 0.85, 0.70, 0.70, 0.51, 0.81, 0.59, 0.66, 0.55, 0.81, 0.66, 0.51, 0.70, 0.66, 0.85, 0.37, 0.62, 0.77, 0.88, 0.55, 0.66, 0.77, 0.92, 0.70, 0.48, 0.77, 0.74, 0.59, 0.70, 0.85, 0.74, 0.40, 0.62, 0.70, 0.77, 0.44, 0.55, 0.66, 0.88, 0.59, 0.77, 0.74, 0.81, 0.62, 0.55, 0.74


Running iteration 10 of 10 fold...
loading ensembles takes 0.216 sec
creating environment takes 0.702 sec
voting takes 2.319 sec
      accuracy, precision, recall, f_score
  mv: 0.8148, 0.8635, 0.8077, 0.8052
  wv: 0.8148, 0.8635, 0.8077, 0.8052

0.68
0.70, 0.85, 0.59, 0.81, 0.62, 0.48, 0.66, 0.77, 0.85, 0.51, 0.59, 0.77, 0.74, 0.62, 0.59, 0.77, 0.81, 0.55, 0.62, 0.74, 0.74, 0.77, 0.51, 0.77, 0.70, 0.51, 0.51, 0.77, 0.66, 0.66, 0.55, 0.77, 0.70, 0.51, 0.51, 0.81, 0.70, 0.77, 0.44, 0.81, 0.85, 0.92, 0.48, 0.74, 0.70, 0.92, 0.55, 0.77, 0.62, 0.62, 0.51, 0.81, 0.74, 0.55, 0.59, 0.74, 0.66, 0.51, 0.51, 0.77, 0.88, 0.51, 0.51, 0.77, 0.81, 0.59, 0.62, 0.74, 0.81, 0.48, 0.59, 0.77, 0.62, 0.92, 0.51, 0.77, 0.85, 0.66, 0.59, 0.81, 0.66, 0.77, 0.51, 0.74, 0.77, 0.48, 0.55, 0.74, 0.74, 0.66, 0.55, 0.77, 0.66, 0.62, 0.59, 0.81, 0.74, 0.55, 0.59, 0.77

0.6592592592592594
0.74, 0.48, 0.62, 0.77, 0.66, 0.40, 0.62, 0.85, 0.48, 0.48, 0.77, 0.77, 0.62, 0.59, 0.62, 0.77, 0.74, 0.59, 0.55, 0.74, 0.74, 0.48, 0.51, 0.74, 0.70, 0.55, 0.77, 0.81, 0.77, 0.51, 0.55, 0.74, 0.85, 0.59, 0.59, 0.74, 0.70, 0.88, 0.59, 0.77, 0.66, 0.59, 0.55, 0.74, 0.70, 0.44, 0.62, 0.77, 0.55, 0.48, 0.66, 0.77, 0.70, 0.62, 0.55, 0.77, 0.74, 0.44, 0.74, 0.77, 0.70, 0.81, 0.55, 0.77, 0.81, 0.51, 0.66, 0.74, 0.66, 0.44, 0.66, 0.74, 0.66, 0.55, 0.66, 0.77, 0.66, 0.51, 0.62, 0.74, 0.70, 0.44, 0.62, 0.81, 0.81, 0.40, 0.62, 0.85, 0.70, 0.62, 0.59, 0.77, 0.66, 0.51, 0.70, 0.77, 0.55, 0.44, 0.66, 0.66

      accuracy, precision, recall, f_score
  mv: 0.8296, 0.8469, 0.8261, 0.8222
  wv: 0.8444, 0.8591, 0.8399, 0.8380
  fs: 0.0000, 0.0000, 0.0000, 0.0000
adab: 0.0000, 0.0000, 0.0000, 0.0000
eprl: 0.0000, 0.0000, 0.0000, 0.0000
ibrl: 0.0000, 0.0000, 0.0000, 0.0000

time costs: C, E, V, FS, Ada, EPRL, IBRL
       0.21, 0.64, 2.26, 0.0, 0.0, 0.0, 0.0
FS size: 0.00000, EPRL size: 0.00000, IBRL size: 0.00000
full test avg accu: 0.71367, part test avg accu: 0.66796
