{'dataset': 'heart', 'algorithm': 'ptdqn', 'num_clf': 100, 'num_training': 10000, 'learning_rate': 0.1, 'discount_factor': 1.0, 'epsilon': 0.1, 'random_state': 6666, 'portion': 0.5, 'sequential': False}
reading data takes 0.477 sec
data shape: (270, 21)
number of labels: 2

Running iteration 1 of 10 fold...
loading ensembles takes 0.098 sec
creating environment takes 0.354 sec
voting takes 1.607 sec
      accuracy, precision, recall, f_score
  mv: 0.7037, 0.7444, 0.7235, 0.7000
  wv: 0.7037, 0.7444, 0.7235, 0.7000

0.6518518518518519
0.55, 0.70, 0.66, 0.66, 0.55, 0.66, 0.62, 0.55, 0.77, 0.62, 0.70, 0.70, 0.59, 0.62, 0.66, 0.66, 0.62, 0.48, 0.62, 0.70, 0.70, 0.74, 0.55, 0.66, 0.74, 0.70, 0.59, 0.55, 0.74, 0.51, 0.70, 0.51, 0.62, 0.81, 0.70, 0.59, 0.48, 0.74, 0.66, 0.55, 0.62, 0.70, 0.70, 0.70, 0.51, 0.74, 0.62, 0.77, 0.74, 0.66, 0.59, 0.70, 0.70, 0.70, 0.55, 0.59, 0.51, 0.70, 0.70, 0.77, 0.62, 0.59, 0.66, 0.74, 0.66, 0.70, 0.66, 0.44, 0.59, 0.74, 0.55, 0.74, 0.59, 0.70, 0.70, 0.70, 0.55, 0.51, 0.74, 0.62, 0.59, 0.66, 0.48, 0.70, 0.66, 0.77, 0.48, 0.77, 0.74, 0.55, 0.59, 0.51, 0.70, 0.62, 0.77, 0.77, 0.70, 0.77, 0.66, 0.59

0.6596296296296298
0.66, 0.59, 0.66, 0.55, 0.66, 0.62, 0.66, 0.74, 0.66, 0.66, 0.66, 0.81, 0.55, 0.66, 0.48, 0.66, 0.77, 0.66, 0.51, 0.62, 0.66, 0.70, 0.74, 0.66, 0.55, 0.66, 0.66, 0.55, 0.66, 0.70, 0.44, 0.66, 0.59, 0.48, 0.59, 0.51, 0.62, 0.70, 0.81, 0.74, 0.62, 0.66, 0.51, 0.59, 0.70, 0.70, 0.74, 0.77, 0.66, 0.62, 0.66, 0.66, 0.51, 0.81, 0.59, 0.66, 0.66, 0.62, 0.59, 0.62, 0.66, 0.74, 0.77, 0.59, 0.74, 0.77, 0.51, 0.62, 0.66, 0.62, 0.66, 0.74, 0.81, 0.70, 0.85, 0.77, 0.62, 0.62, 0.70, 0.74, 0.66, 0.62, 0.70, 0.70, 0.74, 0.62, 0.66, 0.55, 0.62, 0.59, 0.70, 0.59, 0.77, 0.55, 0.62, 0.62, 0.62, 0.66, 0.74, 0.70


Running iteration 2 of 10 fold...
loading ensembles takes 0.097 sec
creating environment takes 0.345 sec
voting takes 1.610 sec
      accuracy, precision, recall, f_score
  mv: 0.7407, 0.7819, 0.7473, 0.7349
  wv: 0.7778, 0.8065, 0.7830, 0.7750

0.71
0.85, 0.66, 0.62, 0.70, 0.74, 0.74, 0.66, 0.66, 0.77, 0.77, 0.74, 0.59, 0.77, 0.70, 0.74, 0.66, 0.44, 0.70, 0.55, 0.85, 0.81, 0.70, 0.77, 0.74, 0.59, 0.70, 0.74, 0.70, 0.74, 0.74, 0.74, 0.77, 0.66, 0.66, 0.81, 0.66, 0.70, 0.70, 0.62, 0.62, 0.59, 0.74, 0.70, 0.62, 0.70, 0.70, 0.66, 0.70, 0.70, 0.70, 0.62, 0.66, 0.74, 0.70, 0.77, 0.77, 0.66, 0.74, 0.66, 0.74, 0.81, 0.74, 0.70, 0.77, 0.77, 0.66, 0.66, 0.66, 0.77, 0.70, 0.66, 0.74, 0.59, 0.77, 0.66, 0.77, 0.74, 0.62, 0.74, 0.62, 0.77, 0.77, 0.77, 0.74, 0.74, 0.66, 0.70, 0.66, 0.74, 0.70, 0.81, 0.81, 0.66, 0.62, 0.77, 0.77, 0.66, 0.74, 0.55, 0.77

0.7018518518518521
0.70, 0.59, 0.74, 0.74, 0.70, 0.70, 0.59, 0.66, 0.77, 0.59, 0.62, 0.66, 0.77, 0.77, 0.74, 0.70, 0.66, 0.55, 0.62, 0.77, 0.81, 0.77, 0.59, 0.74, 0.70, 0.81, 0.70, 0.66, 0.66, 0.66, 0.74, 0.81, 0.66, 0.62, 0.77, 0.70, 0.74, 0.62, 0.81, 0.66, 0.62, 0.70, 0.74, 0.81, 0.74, 0.77, 0.66, 0.70, 0.70, 0.74, 0.62, 0.70, 0.59, 0.77, 0.74, 0.70, 0.62, 0.81, 0.77, 0.70, 0.74, 0.74, 0.66, 0.59, 0.77, 0.70, 0.77, 0.62, 0.59, 0.59, 0.66, 0.70, 0.70, 0.70, 0.66, 0.55, 0.51, 0.74, 0.77, 0.59, 0.77, 0.74, 0.55, 0.81, 0.70, 0.70, 0.77, 0.55, 0.81, 0.70, 0.70, 0.66, 0.70, 0.77, 0.62, 0.85, 0.81, 0.70, 0.74, 0.62


Running iteration 3 of 10 fold...
loading ensembles takes 0.097 sec
creating environment takes 0.347 sec
voting takes 1.607 sec
      accuracy, precision, recall, f_score
  mv: 0.8148, 0.8128, 0.7912, 0.7970
  wv: 0.8148, 0.8128, 0.7912, 0.7970

0.7518518518518517
0.62, 0.77, 0.66, 0.85, 0.74, 0.77, 0.85, 0.70, 0.66, 0.77, 0.88, 0.74, 0.81, 0.85, 0.70, 0.77, 0.74, 0.70, 0.74, 0.88, 0.74, 0.77, 0.85, 0.66, 0.85, 0.70, 0.81, 0.66, 0.62, 0.74, 0.66, 0.74, 0.88, 0.88, 0.62, 0.70, 0.74, 0.81, 0.81, 0.74, 0.62, 0.70, 0.81, 0.74, 0.77, 0.85, 0.66, 0.66, 0.70, 0.74, 0.66, 0.70, 0.66, 0.74, 0.81, 0.85, 0.70, 0.81, 0.66, 0.70, 0.74, 0.74, 0.85, 0.66, 0.85, 0.77, 0.74, 0.70, 0.81, 0.77, 0.81, 0.66, 0.77, 0.70, 0.81, 0.66, 0.85, 0.77, 0.66, 0.81, 0.62, 0.77, 0.62, 0.70, 0.77, 0.77, 0.74, 0.74, 0.74, 0.70, 0.66, 0.74, 0.77, 0.77, 0.74, 0.81, 0.81, 0.77, 0.77, 0.85

0.7322222222222224
0.70, 0.81, 0.81, 0.62, 0.74, 0.70, 0.74, 0.77, 0.81, 0.77, 0.66, 0.81, 0.74, 0.70, 0.70, 0.77, 0.74, 0.77, 0.70, 0.74, 0.55, 0.85, 0.66, 0.62, 0.77, 0.74, 0.74, 0.70, 0.74, 0.85, 0.81, 0.77, 0.70, 0.70, 0.70, 0.74, 0.74, 0.74, 0.74, 0.77, 0.77, 0.70, 0.66, 0.66, 0.66, 0.59, 0.59, 0.85, 0.85, 0.70, 0.74, 0.85, 0.77, 0.66, 0.66, 0.74, 0.81, 0.81, 0.74, 0.70, 0.66, 0.51, 0.74, 0.66, 0.85, 0.81, 0.70, 0.55, 0.77, 0.74, 0.66, 0.85, 0.74, 0.62, 0.81, 0.81, 0.74, 0.66, 0.74, 0.66, 0.70, 0.66, 0.77, 0.74, 0.66, 0.70, 0.81, 0.77, 0.70, 0.70, 0.74, 0.77, 0.74, 0.77, 0.51, 0.81, 0.70, 0.74, 0.74, 0.85


Running iteration 4 of 10 fold...
loading ensembles takes 0.097 sec
creating environment takes 0.344 sec
voting takes 1.634 sec
      accuracy, precision, recall, f_score
  mv: 0.8148, 0.8160, 0.8132, 0.8138
  wv: 0.8148, 0.8160, 0.8132, 0.8138

0.7292592592592594
0.74, 0.70, 0.74, 0.81, 0.74, 0.70, 0.74, 0.62, 0.74, 0.77, 0.66, 0.81, 0.85, 0.85, 0.62, 0.85, 0.77, 0.70, 0.66, 0.66, 0.81, 0.74, 0.88, 0.62, 0.85, 0.70, 0.66, 0.70, 0.77, 0.74, 0.70, 0.66, 0.59, 0.70, 0.74, 0.77, 0.77, 0.85, 0.77, 0.74, 0.81, 0.62, 0.59, 0.66, 0.70, 0.81, 0.74, 0.77, 0.62, 0.74, 0.74, 0.74, 0.88, 0.70, 0.59, 0.81, 0.77, 0.74, 0.77, 0.85, 0.66, 0.62, 0.74, 0.70, 0.81, 0.70, 0.70, 0.85, 0.77, 0.77, 0.77, 0.66, 0.77, 0.74, 0.77, 0.70, 0.74, 0.74, 0.66, 0.70, 0.70, 0.70, 0.66, 0.77, 0.66, 0.66, 0.66, 0.66, 0.66, 0.77, 0.62, 0.74, 0.70, 0.74, 0.66, 0.62, 0.66, 0.55, 0.81, 0.74

0.692962962962963
0.70, 0.81, 0.70, 0.62, 0.66, 0.55, 0.70, 0.77, 0.59, 0.70, 0.44, 0.74, 0.62, 0.70, 0.66, 0.66, 0.55, 0.62, 0.85, 0.70, 0.62, 0.55, 0.66, 0.74, 0.70, 0.74, 0.81, 0.74, 0.66, 0.59, 0.85, 0.62, 0.77, 0.81, 0.62, 0.74, 0.74, 0.55, 0.66, 0.70, 0.70, 0.77, 0.62, 0.62, 0.62, 0.70, 0.77, 0.81, 0.70, 0.77, 0.74, 0.62, 0.62, 0.70, 0.74, 0.88, 0.59, 0.66, 0.81, 0.55, 0.70, 0.70, 0.77, 0.77, 0.70, 0.70, 0.70, 0.62, 0.81, 0.66, 0.51, 0.62, 0.59, 0.70, 0.70, 0.77, 0.74, 0.62, 0.62, 0.66, 0.74, 0.59, 0.77, 0.81, 0.74, 0.77, 0.77, 0.70, 0.81, 0.81, 0.62, 0.77, 0.74, 0.66, 0.55, 0.55, 0.51, 0.70, 0.66, 0.62


Running iteration 5 of 10 fold...
loading ensembles takes 0.097 sec
creating environment takes 0.345 sec
voting takes 1.617 sec
      accuracy, precision, recall, f_score
  mv: 0.9630, 0.9656, 0.9643, 0.9630
  wv: 0.9630, 0.9656, 0.9643, 0.9630

0.7622222222222225
0.77, 0.81, 0.85, 0.66, 0.81, 0.85, 0.85, 0.70, 0.70, 0.81, 0.85, 0.74, 0.74, 0.74, 0.74, 0.70, 0.74, 0.85, 0.74, 0.70, 0.74, 0.77, 0.70, 0.74, 0.81, 0.66, 0.77, 0.77, 0.85, 0.66, 0.77, 0.62, 0.77, 0.77, 0.88, 0.70, 0.85, 0.62, 0.85, 0.77, 0.81, 0.81, 0.70, 0.81, 0.70, 0.88, 0.70, 0.70, 0.81, 0.62, 0.81, 0.70, 0.74, 0.70, 0.85, 0.77, 0.77, 0.66, 0.74, 0.74, 0.77, 0.74, 0.85, 0.77, 0.81, 0.85, 0.66, 0.85, 0.74, 0.70, 0.74, 0.62, 0.85, 0.81, 0.66, 0.85, 0.74, 0.88, 0.85, 0.81, 0.70, 0.81, 0.81, 0.70, 0.77, 0.55, 0.81, 0.70, 0.70, 0.62, 0.92, 0.81, 0.77, 0.70, 0.74, 0.85, 0.66, 0.74, 0.85, 0.59

0.7662962962962959
0.70, 0.74, 0.85, 0.70, 0.81, 0.70, 0.85, 0.81, 0.70, 0.85, 0.74, 0.66, 0.85, 0.85, 0.92, 0.77, 0.77, 0.74, 0.77, 0.81, 0.66, 0.55, 0.81, 0.77, 0.77, 0.81, 0.85, 0.74, 0.74, 0.77, 0.81, 0.85, 0.77, 0.74, 0.74, 0.88, 0.85, 0.85, 0.74, 0.85, 0.85, 0.77, 0.70, 0.55, 0.74, 0.74, 0.77, 0.66, 0.70, 0.74, 0.88, 0.74, 0.77, 0.85, 0.74, 0.74, 0.74, 0.74, 0.62, 0.92, 0.74, 0.81, 0.74, 0.74, 0.74, 0.85, 0.77, 0.70, 0.70, 0.88, 0.81, 0.77, 0.92, 0.77, 0.77, 0.74, 0.70, 0.51, 0.59, 0.74, 0.74, 0.77, 0.85, 0.59, 0.66, 0.85, 0.62, 0.81, 0.66, 0.74, 0.77, 0.74, 0.77, 0.74, 0.85, 0.81, 0.81, 0.81, 0.77, 0.77


Running iteration 6 of 10 fold...
loading ensembles takes 0.097 sec
creating environment takes 0.346 sec
voting takes 1.607 sec
      accuracy, precision, recall, f_score
  mv: 0.7407, 0.7469, 0.7250, 0.7273
  wv: 0.7407, 0.7469, 0.7250, 0.7273

0.7211111111111115
0.74, 0.81, 0.74, 0.70, 0.62, 0.66, 0.74, 0.77, 0.66, 0.81, 0.66, 0.59, 0.66, 0.62, 0.70, 0.66, 0.55, 0.70, 0.81, 0.70, 0.66, 0.74, 0.81, 0.74, 0.66, 0.66, 0.96, 0.55, 0.85, 0.70, 0.74, 0.74, 0.77, 0.85, 0.70, 0.70, 0.77, 0.70, 0.81, 0.70, 0.77, 0.70, 0.70, 0.77, 0.59, 0.66, 0.66, 0.70, 0.70, 0.66, 0.66, 0.85, 0.92, 0.77, 0.70, 0.70, 0.81, 0.74, 0.77, 0.59, 0.66, 0.81, 0.62, 0.74, 0.85, 0.59, 0.74, 0.74, 0.70, 0.81, 0.77, 0.81, 0.77, 0.88, 0.66, 0.70, 0.81, 0.74, 0.66, 0.77, 0.59, 0.62, 0.70, 0.92, 0.59, 0.66, 0.74, 0.81, 0.81, 0.59, 0.66, 0.70, 0.59, 0.59, 0.59, 0.77, 0.70, 0.66, 0.70, 0.70

0.7203703703703707
0.59, 0.81, 0.77, 0.62, 0.62, 0.74, 0.74, 0.66, 0.70, 0.74, 0.70, 0.77, 0.74, 0.81, 0.66, 0.51, 0.55, 0.77, 0.74, 0.70, 0.81, 0.62, 0.74, 0.74, 0.66, 0.81, 0.77, 0.74, 0.74, 0.66, 0.77, 0.70, 0.77, 0.77, 0.74, 0.70, 0.66, 0.74, 0.85, 0.70, 0.70, 0.70, 0.77, 0.77, 0.66, 0.62, 0.74, 0.85, 0.74, 0.74, 0.62, 0.70, 0.59, 0.74, 0.77, 0.81, 0.77, 0.66, 0.77, 0.70, 0.59, 0.74, 0.81, 0.62, 0.74, 0.74, 0.70, 0.77, 0.74, 0.74, 0.55, 0.70, 0.70, 0.81, 0.66, 0.74, 0.66, 0.74, 0.70, 0.77, 0.77, 0.77, 0.77, 0.77, 0.77, 0.70, 0.74, 0.66, 0.62, 0.85, 0.59, 0.77, 0.55, 0.74, 0.66, 0.81, 0.70, 0.74, 0.62, 0.70


Running iteration 7 of 10 fold...
loading ensembles takes 0.097 sec
creating environment takes 0.342 sec
voting takes 1.606 sec
      accuracy, precision, recall, f_score
  mv: 0.7778, 0.7900, 0.7841, 0.7750
  wv: 0.7407, 0.7457, 0.7386, 0.7349

0.705925925925926
0.66, 0.77, 0.74, 0.74, 0.48, 0.66, 0.59, 0.62, 0.62, 0.77, 0.62, 0.70, 0.81, 0.66, 0.66, 0.44, 0.62, 0.77, 0.74, 0.66, 0.70, 0.66, 0.59, 0.66, 0.70, 0.81, 0.62, 0.59, 0.59, 0.70, 0.81, 0.88, 0.74, 0.77, 0.77, 0.81, 0.77, 0.66, 0.81, 0.70, 0.77, 0.81, 0.74, 0.70, 0.66, 0.74, 0.59, 0.70, 0.77, 0.62, 0.77, 0.66, 0.70, 0.59, 0.55, 0.81, 0.70, 0.74, 0.66, 0.70, 0.81, 0.62, 0.55, 0.70, 0.59, 0.74, 0.66, 0.74, 0.77, 0.74, 0.74, 0.66, 0.66, 0.81, 0.81, 0.77, 0.77, 0.74, 0.62, 0.62, 0.70, 0.66, 0.74, 0.66, 0.77, 0.81, 0.55, 0.85, 0.70, 0.77, 0.70, 0.66, 0.66, 0.70, 0.66, 0.74, 0.74, 0.70, 0.81, 0.74

0.7188888888888889
0.81, 0.70, 0.59, 0.62, 0.77, 0.77, 0.77, 0.66, 0.81, 0.51, 0.62, 0.85, 0.81, 0.62, 0.77, 0.66, 0.62, 0.70, 0.81, 0.81, 0.74, 0.59, 0.62, 0.66, 0.77, 0.74, 0.70, 0.77, 0.66, 0.74, 0.77, 0.70, 0.70, 0.74, 0.85, 0.70, 0.70, 0.66, 0.77, 0.70, 0.74, 0.74, 0.59, 0.81, 0.66, 0.74, 0.66, 0.74, 0.70, 0.66, 0.66, 0.62, 0.77, 0.77, 0.66, 0.62, 0.74, 0.66, 0.74, 0.62, 0.66, 0.62, 0.66, 0.77, 0.70, 0.77, 0.81, 0.77, 0.59, 0.77, 0.81, 0.70, 0.81, 0.62, 0.66, 0.81, 0.77, 0.74, 0.70, 0.62, 0.66, 0.66, 0.70, 0.74, 0.81, 0.77, 0.74, 0.70, 0.70, 0.62, 0.70, 0.66, 0.81, 0.74, 0.59, 0.81, 0.81, 0.88, 0.74, 0.70


Running iteration 8 of 10 fold...
loading ensembles takes 0.096 sec
creating environment takes 0.343 sec
voting takes 1.606 sec
      accuracy, precision, recall, f_score
  mv: 0.8519, 0.8519, 0.8466, 0.8466
  wv: 0.8889, 0.8926, 0.8920, 0.8864

0.74
0.85, 0.74, 0.62, 0.70, 0.81, 0.81, 0.74, 0.81, 0.77, 0.74, 0.77, 0.77, 0.88, 0.74, 0.74, 0.59, 0.70, 0.85, 0.70, 0.81, 0.62, 0.85, 0.55, 0.74, 0.77, 0.48, 0.66, 0.77, 0.62, 0.74, 0.77, 0.81, 0.81, 0.66, 0.70, 0.77, 0.88, 0.55, 0.70, 0.88, 0.66, 0.74, 0.77, 0.59, 0.77, 0.70, 0.70, 0.66, 0.74, 0.59, 0.81, 0.77, 0.74, 0.96, 0.51, 0.81, 0.81, 0.62, 0.81, 0.81, 0.66, 0.66, 0.77, 0.62, 0.81, 0.59, 0.85, 0.81, 0.85, 0.66, 0.77, 0.70, 0.77, 0.70, 0.77, 0.88, 0.74, 0.59, 0.55, 0.85, 0.81, 0.74, 0.74, 0.59, 0.85, 0.70, 0.77, 0.66, 0.85, 0.81, 0.74, 0.74, 0.74, 0.70, 0.81, 0.81, 0.62, 0.74, 0.77, 0.70

0.7274074074074075
0.77, 0.62, 0.81, 0.85, 0.70, 0.66, 0.77, 0.74, 0.74, 0.70, 0.74, 0.66, 0.66, 0.70, 0.77, 0.66, 0.70, 0.70, 0.62, 0.88, 0.77, 0.81, 0.59, 0.74, 0.81, 0.66, 0.55, 0.88, 0.81, 0.66, 0.62, 0.85, 0.77, 0.85, 0.62, 0.81, 0.77, 0.62, 0.59, 0.77, 0.66, 0.74, 0.62, 0.62, 0.66, 0.55, 0.77, 0.62, 0.88, 0.85, 0.70, 0.62, 0.74, 0.59, 0.85, 0.74, 0.81, 0.62, 0.81, 0.70, 0.66, 0.74, 0.66, 0.74, 0.59, 0.81, 0.77, 0.66, 0.74, 0.77, 0.74, 0.66, 0.77, 0.70, 0.55, 0.77, 0.81, 0.74, 0.77, 0.85, 0.70, 0.81, 0.70, 0.74, 0.74, 0.77, 0.66, 0.81, 0.77, 0.77, 0.77, 0.81, 0.62, 0.66, 0.74, 0.62, 0.70, 0.66, 0.70, 0.81


Running iteration 9 of 10 fold...
loading ensembles takes 0.096 sec
creating environment takes 0.342 sec
voting takes 1.607 sec
      accuracy, precision, recall, f_score
  mv: 0.9630, 0.9660, 0.9688, 0.9621
  wv: 0.9259, 0.9373, 0.9375, 0.9250

0.8037037037037035
0.92, 0.74, 0.85, 0.77, 0.81, 0.81, 0.81, 0.77, 0.66, 0.88, 0.92, 0.77, 0.85, 0.81, 0.81, 0.85, 0.88, 0.77, 0.88, 0.85, 0.81, 0.70, 0.74, 0.88, 0.85, 0.92, 0.81, 0.81, 0.85, 0.85, 0.81, 0.85, 0.92, 0.62, 0.74, 0.81, 0.77, 0.77, 0.66, 0.85, 0.81, 0.74, 0.81, 0.92, 0.77, 0.74, 0.81, 0.77, 0.81, 0.59, 0.81, 0.77, 0.66, 0.74, 0.77, 0.77, 0.85, 0.88, 0.92, 0.74, 0.77, 0.81, 0.81, 0.92, 0.66, 0.88, 0.85, 0.85, 0.77, 0.51, 0.77, 0.74, 0.77, 0.85, 0.85, 0.85, 0.88, 0.85, 0.77, 0.74, 0.74, 0.77, 0.74, 0.74, 0.85, 0.81, 0.74, 0.85, 0.81, 0.77, 0.74, 0.81, 0.74, 0.92, 0.85, 0.77, 0.77, 0.88, 0.81, 0.77

0.7677777777777776
0.77, 0.88, 0.74, 0.70, 0.77, 0.74, 0.74, 0.81, 0.92, 0.85, 0.77, 0.77, 0.81, 0.77, 0.77, 0.77, 0.81, 0.88, 0.77, 0.81, 0.85, 0.88, 0.92, 0.81, 0.62, 0.66, 0.66, 0.66, 0.77, 0.74, 0.70, 0.77, 0.70, 0.66, 0.88, 0.74, 0.85, 0.81, 0.62, 0.81, 0.62, 0.55, 0.77, 0.81, 0.62, 0.70, 0.88, 0.66, 0.74, 0.77, 0.81, 0.77, 0.88, 0.85, 0.77, 0.81, 0.70, 0.88, 0.59, 0.70, 0.59, 0.74, 0.81, 0.81, 0.66, 0.81, 0.66, 0.81, 0.85, 0.66, 0.51, 0.88, 0.88, 0.62, 0.77, 0.77, 0.92, 0.55, 0.88, 0.88, 0.74, 0.81, 0.74, 0.70, 0.74, 0.88, 0.81, 0.92, 0.77, 0.74, 0.70, 0.77, 0.88, 0.74, 0.74, 0.51, 0.81, 0.81, 0.77, 0.74


Running iteration 10 of 10 fold...
loading ensembles takes 0.096 sec
creating environment takes 0.343 sec
voting takes 1.606 sec
      accuracy, precision, recall, f_score
  mv: 0.8519, 0.8848, 0.8462, 0.8466
  wv: 0.8519, 0.8848, 0.8462, 0.8466

0.7348148148148149
0.70, 0.74, 0.81, 0.77, 0.62, 0.88, 0.59, 0.66, 0.85, 0.66, 0.66, 0.74, 0.74, 0.74, 0.81, 0.77, 0.81, 0.66, 0.74, 0.70, 0.74, 0.77, 0.77, 0.77, 0.70, 0.70, 0.66, 0.74, 0.66, 0.70, 0.66, 0.59, 0.70, 0.77, 0.74, 0.81, 0.70, 0.62, 0.77, 0.81, 0.85, 0.81, 0.81, 0.77, 0.70, 0.77, 0.85, 0.92, 0.62, 0.74, 0.70, 0.74, 0.74, 0.70, 0.70, 0.66, 0.66, 0.74, 0.62, 0.85, 0.88, 0.88, 0.62, 0.59, 0.81, 0.77, 0.70, 0.77, 0.81, 0.81, 0.74, 0.77, 0.62, 0.70, 0.59, 0.81, 0.85, 0.85, 0.70, 0.81, 0.66, 0.77, 0.66, 0.77, 0.77, 0.81, 0.74, 0.74, 0.74, 0.62, 0.59, 0.74, 0.66, 0.74, 0.66, 0.70, 0.74, 0.70, 0.51, 0.62

0.7133333333333334
0.74, 0.70, 0.88, 0.70, 0.66, 0.70, 0.74, 0.66, 0.48, 0.70, 0.77, 0.81, 0.62, 0.70, 0.66, 0.66, 0.74, 0.70, 0.77, 0.59, 0.74, 0.59, 0.66, 0.74, 0.70, 0.59, 0.74, 0.77, 0.77, 0.81, 0.70, 0.77, 0.85, 0.70, 0.81, 0.59, 0.70, 0.81, 0.66, 0.62, 0.66, 0.74, 0.77, 0.59, 0.70, 0.70, 0.74, 0.59, 0.55, 0.81, 0.81, 0.77, 0.70, 0.85, 0.74, 0.85, 0.74, 0.66, 0.74, 0.74, 0.70, 0.74, 0.66, 0.70, 0.81, 0.77, 0.66, 0.77, 0.66, 0.81, 0.74, 0.81, 0.66, 0.70, 0.70, 0.62, 0.66, 0.62, 0.70, 0.66, 0.70, 0.66, 0.66, 0.81, 0.81, 0.62, 0.74, 0.74, 0.70, 0.59, 0.66, 0.70, 0.66, 0.66, 0.77, 0.62, 0.55, 0.74, 0.77, 0.81

      accuracy, precision, recall, f_score
  mv: 0.8222, 0.8360, 0.8210, 0.8166
  wv: 0.8222, 0.8353, 0.8214, 0.8169
  fs: 0.0000, 0.0000, 0.0000, 0.0000
adab: 0.0000, 0.0000, 0.0000, 0.0000
eprl: 0.0000, 0.0000, 0.0000, 0.0000
ibrl: 0.0000, 0.0000, 0.0000, 0.0000

time costs: C, E, V, FS, Ada, EPRL, IBRL
       0.09, 0.34, 1.61, 0.0, 0.0, 0.0, 0.0
FS size: 0.00000, EPRL size: 0.00000, IBRL size: 0.00000
full test avg accu: 0.73107, part test avg accu: 0.72007
