{'dataset': 'heart', 'algorithm': 'ptdqn', 'num_clf': 100, 'num_training': 10000, 'learning_rate': 0.1, 'discount_factor': 1.0, 'epsilon': 0.1, 'random_state': 6666, 'portion': 0.5, 'sequential': False}
reading data takes 0.472 sec
data shape: (270, 21)
number of labels: 2

Running iteration 1 of 10 fold...
loading ensembles takes 0.102 sec
creating environment takes 0.330 sec
voting takes 1.570 sec
      accuracy, precision, recall, f_score
  mv: 0.7778, 0.7926, 0.7824, 0.7699
  wv: 0.7407, 0.7676, 0.7529, 0.7349

0.6637037037037039
0.70, 0.70, 0.74, 0.70, 0.70, 0.66, 0.70, 0.70, 0.74, 0.70, 0.70, 0.70, 0.70, 0.74, 0.74, 0.74, 0.66, 0.70, 0.70, 0.66, 0.70, 0.74, 0.70, 0.70, 0.70, 0.70, 0.74, 0.74, 0.70, 0.70, 0.77, 0.70, 0.70, 0.74, 0.59, 0.62, 0.66, 0.59, 0.70, 0.44, 0.70, 0.66, 0.62, 0.62, 0.59, 0.62, 0.55, 0.59, 0.66, 0.62, 0.70, 0.51, 0.44, 0.66, 0.66, 0.55, 0.48, 0.59, 0.51, 0.62, 0.48, 0.66, 0.51, 0.59, 0.55, 0.62, 0.62, 0.66, 0.70, 0.48, 0.70, 0.70, 0.77, 0.74, 0.74, 0.70, 0.70, 0.77, 0.74, 0.66, 0.59, 0.66, 0.66, 0.70, 0.66, 0.66, 0.66, 0.66, 0.59, 0.77, 0.66, 0.66, 0.62, 0.77, 0.70, 0.66, 0.51, 0.66, 0.66, 0.62

0.658888888888889
0.70, 0.70, 0.70, 0.70, 0.70, 0.70, 0.66, 0.70, 0.70, 0.74, 0.70, 0.70, 0.74, 0.66, 0.74, 0.66, 0.66, 0.70, 0.70, 0.70, 0.70, 0.74, 0.70, 0.74, 0.66, 0.66, 0.70, 0.74, 0.74, 0.70, 0.70, 0.70, 0.74, 0.66, 0.55, 0.44, 0.88, 0.62, 0.55, 0.62, 0.59, 0.62, 0.70, 0.51, 0.55, 0.59, 0.40, 0.48, 0.55, 0.62, 0.59, 0.59, 0.59, 0.74, 0.59, 0.62, 0.55, 0.66, 0.59, 0.62, 0.70, 0.74, 0.70, 0.66, 0.59, 0.59, 0.59, 0.62, 0.77, 0.66, 0.66, 0.59, 0.62, 0.62, 0.70, 0.62, 0.66, 0.70, 0.59, 0.70, 0.51, 0.70, 0.74, 0.66, 0.51, 0.55, 0.48, 0.66, 0.77, 0.66, 0.70, 0.77, 0.66, 0.70, 0.59, 0.70, 0.66, 0.66, 0.74, 0.66


Running iteration 2 of 10 fold...
loading ensembles takes 0.097 sec
creating environment takes 0.318 sec
voting takes 1.581 sec
      accuracy, precision, recall, f_score
  mv: 0.6667, 0.7333, 0.6758, 0.6494
  wv: 0.6667, 0.7333, 0.6758, 0.6494

0.6759259259259259
0.70, 0.70, 0.70, 0.70, 0.81, 0.70, 0.70, 0.70, 0.70, 0.81, 0.81, 0.70, 0.70, 0.70, 0.70, 0.70, 0.70, 0.70, 0.70, 0.70, 0.70, 0.70, 0.70, 0.70, 0.70, 0.70, 0.70, 0.70, 0.70, 0.70, 0.70, 0.70, 0.70, 0.70, 0.55, 0.66, 0.55, 0.59, 0.62, 0.62, 0.59, 0.55, 0.55, 0.66, 0.59, 0.66, 0.66, 0.55, 0.55, 0.59, 0.66, 0.48, 0.62, 0.55, 0.70, 0.59, 0.70, 0.74, 0.48, 0.62, 0.55, 0.66, 0.62, 0.66, 0.55, 0.66, 0.62, 0.70, 0.62, 0.74, 0.62, 0.66, 0.66, 0.77, 0.62, 0.66, 0.77, 0.66, 0.85, 0.55, 0.74, 0.66, 0.70, 0.70, 0.85, 0.59, 0.70, 0.74, 0.70, 0.74, 0.74, 0.59, 0.66, 0.70, 0.70, 0.70, 0.66, 0.77, 0.74, 0.74

0.6677777777777778
0.70, 0.70, 0.81, 0.70, 0.70, 0.70, 0.81, 0.81, 0.70, 0.70, 0.70, 0.81, 0.70, 0.81, 0.81, 0.70, 0.70, 0.70, 0.70, 0.70, 0.70, 0.70, 0.70, 0.81, 0.81, 0.81, 0.70, 0.70, 0.81, 0.70, 0.81, 0.70, 0.81, 0.70, 0.62, 0.51, 0.59, 0.44, 0.55, 0.55, 0.70, 0.62, 0.62, 0.51, 0.59, 0.51, 0.66, 0.62, 0.51, 0.62, 0.59, 0.62, 0.59, 0.77, 0.55, 0.77, 0.66, 0.62, 0.55, 0.51, 0.48, 0.66, 0.55, 0.81, 0.59, 0.51, 0.62, 0.62, 0.70, 0.51, 0.66, 0.81, 0.70, 0.62, 0.74, 0.66, 0.74, 0.55, 0.59, 0.59, 0.55, 0.70, 0.77, 0.59, 0.55, 0.77, 0.74, 0.66, 0.59, 0.70, 0.70, 0.62, 0.70, 0.59, 0.62, 0.70, 0.74, 0.59, 0.55, 0.55


Running iteration 3 of 10 fold...
loading ensembles takes 0.097 sec
creating environment takes 0.322 sec
voting takes 1.575 sec
      accuracy, precision, recall, f_score
  mv: 0.8889, 0.9056, 0.8500, 0.8712
  wv: 0.8148, 0.8212, 0.7706, 0.7854

0.7277777777777777
0.74, 0.77, 0.77, 0.74, 0.81, 0.74, 0.81, 0.77, 0.81, 0.77, 0.77, 0.77, 0.77, 0.77, 0.77, 0.77, 0.74, 0.74, 0.74, 0.81, 0.74, 0.70, 0.77, 0.81, 0.77, 0.81, 0.74, 0.77, 0.77, 0.74, 0.74, 0.74, 0.77, 0.77, 0.74, 0.77, 0.74, 0.74, 0.66, 0.66, 0.66, 0.70, 0.70, 0.70, 0.77, 0.70, 0.81, 0.66, 0.59, 0.81, 0.66, 0.70, 0.77, 0.51, 0.66, 0.59, 0.62, 0.74, 0.85, 0.59, 0.66, 0.66, 0.59, 0.70, 0.66, 0.55, 0.74, 0.74, 0.70, 0.88, 0.70, 0.74, 0.66, 0.59, 0.77, 0.77, 0.77, 0.66, 0.70, 0.66, 0.66, 0.77, 0.66, 0.70, 0.74, 0.66, 0.66, 0.59, 0.66, 0.70, 0.70, 0.70, 0.62, 0.88, 0.62, 0.85, 0.74, 0.88, 0.62, 0.85

0.7096296296296297
0.81, 0.77, 0.81, 0.74, 0.77, 0.77, 0.81, 0.81, 0.77, 0.77, 0.81, 0.77, 0.81, 0.77, 0.77, 0.77, 0.81, 0.81, 0.74, 0.77, 0.81, 0.77, 0.81, 0.77, 0.77, 0.77, 0.77, 0.77, 0.77, 0.77, 0.77, 0.77, 0.77, 0.77, 0.59, 0.62, 0.70, 0.77, 0.77, 0.85, 0.59, 0.74, 0.70, 0.74, 0.62, 0.66, 0.74, 0.62, 0.77, 0.59, 0.77, 0.59, 0.66, 0.66, 0.74, 0.66, 0.70, 0.70, 0.55, 0.48, 0.74, 0.70, 0.51, 0.62, 0.77, 0.77, 0.74, 0.66, 0.70, 0.70, 0.59, 0.74, 0.70, 0.59, 0.66, 0.70, 0.59, 0.59, 0.66, 0.74, 0.59, 0.55, 0.62, 0.62, 0.66, 0.70, 0.62, 0.59, 0.59, 0.62, 0.85, 0.62, 0.70, 0.70, 0.66, 0.74, 0.62, 0.62, 0.59, 0.59


Running iteration 4 of 10 fold...
loading ensembles takes 0.097 sec
creating environment takes 0.319 sec
voting takes 1.572 sec
      accuracy, precision, recall, f_score
  mv: 0.7407, 0.7428, 0.7418, 0.7407
  wv: 0.8519, 0.8519, 0.8516, 0.8516

0.6992592592592594
0.74, 0.77, 0.77, 0.81, 0.77, 0.74, 0.77, 0.77, 0.81, 0.74, 0.70, 0.81, 0.77, 0.77, 0.77, 0.74, 0.81, 0.77, 0.77, 0.74, 0.81, 0.77, 0.74, 0.74, 0.74, 0.77, 0.74, 0.74, 0.81, 0.77, 0.77, 0.77, 0.74, 0.81, 0.74, 0.66, 0.62, 0.70, 0.77, 0.77, 0.59, 0.70, 0.81, 0.81, 0.70, 0.74, 0.66, 0.70, 0.74, 0.74, 0.48, 0.59, 0.62, 0.74, 0.77, 0.74, 0.81, 0.77, 0.55, 0.70, 0.62, 0.74, 0.70, 0.77, 0.62, 0.55, 0.59, 0.74, 0.70, 0.59, 0.66, 0.66, 0.66, 0.66, 0.66, 0.70, 0.59, 0.55, 0.77, 0.59, 0.62, 0.44, 0.62, 0.66, 0.59, 0.59, 0.62, 0.62, 0.62, 0.62, 0.55, 0.59, 0.62, 0.66, 0.62, 0.62, 0.59, 0.59, 0.62, 0.55

0.6514814814814816
0.74, 0.74, 0.70, 0.74, 0.77, 0.74, 0.70, 0.74, 0.74, 0.74, 0.74, 0.74, 0.74, 0.74, 0.70, 0.74, 0.74, 0.74, 0.74, 0.77, 0.74, 0.66, 0.74, 0.66, 0.74, 0.77, 0.74, 0.74, 0.74, 0.74, 0.70, 0.70, 0.74, 0.74, 0.48, 0.66, 0.74, 0.77, 0.81, 0.77, 0.55, 0.62, 0.59, 0.77, 0.66, 0.62, 0.70, 0.77, 0.51, 0.81, 0.81, 0.51, 0.66, 0.59, 0.70, 0.70, 0.70, 0.74, 0.66, 0.66, 0.62, 0.70, 0.62, 0.55, 0.74, 0.77, 0.74, 0.66, 0.59, 0.44, 0.55, 0.55, 0.66, 0.44, 0.48, 0.40, 0.55, 0.62, 0.48, 0.48, 0.44, 0.51, 0.55, 0.44, 0.59, 0.55, 0.59, 0.48, 0.62, 0.55, 0.62, 0.51, 0.48, 0.59, 0.48, 0.62, 0.51, 0.48, 0.59, 0.44


Running iteration 5 of 10 fold...
loading ensembles takes 0.097 sec
creating environment takes 0.318 sec
voting takes 1.570 sec
      accuracy, precision, recall, f_score
  mv: 0.8148, 0.8325, 0.8187, 0.8138
  wv: 0.8519, 0.8867, 0.8571, 0.8500

0.7329629629629629
0.74, 0.74, 0.74, 0.74, 0.74, 0.70, 0.74, 0.74, 0.74, 0.74, 0.74, 0.70, 0.74, 0.74, 0.74, 0.55, 0.74, 0.74, 0.70, 0.74, 0.74, 0.74, 0.74, 0.74, 0.70, 0.74, 0.74, 0.74, 0.74, 0.74, 0.70, 0.70, 0.74, 0.74, 0.81, 0.70, 0.66, 0.77, 0.62, 0.70, 0.70, 0.70, 0.70, 0.81, 0.70, 0.81, 0.85, 0.62, 0.81, 0.74, 0.66, 0.77, 0.66, 0.85, 0.81, 0.81, 0.77, 0.70, 0.70, 0.77, 0.85, 0.88, 0.55, 0.55, 0.77, 0.74, 0.44, 0.70, 0.70, 0.62, 0.62, 0.66, 0.70, 0.74, 0.70, 0.70, 0.70, 0.81, 0.74, 0.85, 0.81, 0.85, 0.81, 0.81, 0.70, 0.66, 0.74, 0.74, 0.74, 0.66, 0.81, 0.62, 0.77, 0.81, 0.85, 0.62, 0.81, 0.66, 0.70, 0.81

0.7162962962962962
0.74, 0.74, 0.74, 0.70, 0.74, 0.70, 0.74, 0.70, 0.74, 0.74, 0.70, 0.74, 0.70, 0.74, 0.70, 0.74, 0.74, 0.74, 0.74, 0.70, 0.74, 0.74, 0.74, 0.74, 0.74, 0.74, 0.74, 0.74, 0.70, 0.74, 0.74, 0.74, 0.74, 0.55, 0.77, 0.74, 0.62, 0.77, 0.62, 0.66, 0.70, 0.77, 0.85, 0.70, 0.59, 0.74, 0.66, 0.70, 0.77, 0.66, 0.77, 0.77, 0.62, 0.74, 0.59, 0.55, 0.77, 0.62, 0.85, 0.62, 0.70, 0.74, 0.62, 0.77, 0.74, 0.85, 0.74, 0.59, 0.77, 0.51, 0.74, 0.81, 0.81, 0.81, 0.70, 0.55, 0.77, 0.77, 0.70, 0.74, 0.70, 0.77, 0.70, 0.59, 0.74, 0.66, 0.62, 0.81, 0.77, 0.70, 0.59, 0.62, 0.62, 0.77, 0.66, 0.66, 0.77, 0.81, 0.66, 0.70


Running iteration 6 of 10 fold...
loading ensembles takes 0.097 sec
creating environment takes 0.318 sec
voting takes 1.656 sec
      accuracy, precision, recall, f_score
  mv: 0.7778, 0.7804, 0.7667, 0.7699
  wv: 0.7778, 0.7804, 0.7667, 0.7699

0.7359259259259258
0.81, 0.85, 0.77, 0.81, 0.77, 0.81, 0.81, 0.81, 0.77, 0.77, 0.77, 0.77, 0.70, 0.77, 0.81, 0.81, 0.81, 0.81, 0.77, 0.81, 0.81, 0.81, 0.81, 0.77, 0.77, 0.66, 0.81, 0.77, 0.81, 0.77, 0.85, 0.81, 0.77, 0.81, 0.55, 0.70, 0.66, 0.55, 0.74, 0.74, 0.77, 0.59, 0.74, 0.70, 0.74, 0.66, 0.66, 0.62, 0.62, 0.62, 0.66, 0.66, 0.74, 0.66, 0.59, 0.59, 0.66, 0.81, 0.62, 0.66, 0.74, 0.74, 0.77, 0.77, 0.66, 0.74, 0.66, 0.77, 0.70, 0.70, 0.74, 0.70, 0.81, 0.62, 0.66, 0.81, 0.77, 0.77, 0.66, 0.66, 0.74, 0.70, 0.70, 0.77, 0.70, 0.66, 0.74, 0.66, 0.70, 0.74, 0.74, 0.66, 0.74, 0.77, 0.70, 0.74, 0.77, 0.74, 0.77, 0.74

0.6981481481481484
0.81, 0.77, 0.81, 0.70, 0.81, 0.77, 0.77, 0.81, 0.74, 0.81, 0.77, 0.74, 0.77, 0.81, 0.77, 0.77, 0.77, 0.77, 0.81, 0.74, 0.77, 0.77, 0.74, 0.77, 0.74, 0.77, 0.70, 0.81, 0.85, 0.77, 0.77, 0.77, 0.74, 0.70, 0.66, 0.66, 0.74, 0.66, 0.74, 0.55, 0.44, 0.51, 0.48, 0.66, 0.59, 0.62, 0.74, 0.66, 0.66, 0.62, 0.70, 0.70, 0.66, 0.59, 0.74, 0.51, 0.62, 0.55, 0.48, 0.66, 0.62, 0.62, 0.66, 0.55, 0.74, 0.66, 0.62, 0.55, 0.66, 0.70, 0.70, 0.70, 0.59, 0.74, 0.77, 0.66, 0.77, 0.74, 0.59, 0.62, 0.62, 0.62, 0.77, 0.70, 0.70, 0.74, 0.70, 0.59, 0.74, 0.66, 0.70, 0.62, 0.77, 0.74, 0.66, 0.62, 0.70, 0.66, 0.62, 0.70


Running iteration 7 of 10 fold...
loading ensembles takes 0.103 sec
creating environment takes 0.333 sec
voting takes 1.596 sec
      accuracy, precision, recall, f_score
  mv: 0.7778, 0.7778, 0.7557, 0.7618
  wv: 0.8519, 0.8519, 0.8466, 0.8466

0.7100000000000002
0.74, 0.74, 0.74, 0.74, 0.74, 0.70, 0.74, 0.70, 0.74, 0.74, 0.74, 0.74, 0.74, 0.74, 0.74, 0.74, 0.74, 0.74, 0.74, 0.74, 0.74, 0.74, 0.70, 0.70, 0.74, 0.70, 0.74, 0.70, 0.74, 0.74, 0.74, 0.74, 0.70, 0.70, 0.51, 0.74, 0.81, 0.66, 0.77, 0.74, 0.70, 0.77, 0.74, 0.70, 0.59, 0.70, 0.66, 0.66, 0.70, 0.55, 0.55, 0.66, 0.59, 0.59, 0.74, 0.55, 0.66, 0.51, 0.62, 0.70, 0.74, 0.55, 0.59, 0.59, 0.62, 0.66, 0.51, 0.74, 0.77, 0.88, 0.70, 0.81, 0.77, 0.62, 0.85, 0.77, 0.70, 0.74, 0.74, 0.70, 0.74, 0.88, 0.77, 0.62, 0.77, 0.59, 0.77, 0.85, 0.81, 0.70, 0.77, 0.77, 0.88, 0.66, 0.77, 0.59, 0.62, 0.74, 0.55, 0.70

0.681851851851852
0.74, 0.74, 0.70, 0.70, 0.70, 0.74, 0.74, 0.70, 0.70, 0.66, 0.70, 0.74, 0.74, 0.70, 0.74, 0.70, 0.66, 0.70, 0.70, 0.70, 0.70, 0.66, 0.70, 0.70, 0.66, 0.74, 0.66, 0.70, 0.70, 0.70, 0.66, 0.70, 0.70, 0.70, 0.59, 0.62, 0.59, 0.66, 0.59, 0.70, 0.77, 0.70, 0.51, 0.51, 0.70, 0.62, 0.70, 0.66, 0.70, 0.66, 0.55, 0.55, 0.62, 0.51, 0.70, 0.62, 0.44, 0.51, 0.55, 0.77, 0.66, 0.70, 0.51, 0.44, 0.62, 0.62, 0.66, 0.59, 0.77, 0.81, 0.66, 0.77, 0.62, 0.70, 0.59, 0.77, 0.74, 0.74, 0.59, 0.74, 0.74, 0.62, 0.77, 0.66, 0.62, 0.66, 0.85, 0.66, 0.81, 0.77, 0.77, 0.77, 0.70, 0.66, 0.62, 0.74, 0.74, 0.70, 0.70, 0.85


Running iteration 8 of 10 fold...
loading ensembles takes 0.102 sec
creating environment takes 0.357 sec
voting takes 1.623 sec
      accuracy, precision, recall, f_score
  mv: 0.8148, 0.8191, 0.8153, 0.8107
  wv: 0.8889, 0.8926, 0.8920, 0.8864

0.7403703703703707
0.74, 0.77, 0.81, 0.81, 0.81, 0.74, 0.77, 0.81, 0.85, 0.77, 0.81, 0.81, 0.77, 0.81, 0.81, 0.81, 0.77, 0.77, 0.81, 0.81, 0.81, 0.81, 0.81, 0.81, 0.77, 0.81, 0.77, 0.81, 0.81, 0.74, 0.81, 0.77, 0.77, 0.74, 0.85, 0.77, 0.81, 0.77, 0.74, 0.85, 0.74, 0.81, 0.77, 0.59, 0.77, 0.62, 0.59, 0.74, 0.88, 0.88, 0.70, 0.70, 0.70, 0.74, 0.74, 0.74, 0.59, 0.74, 0.74, 0.74, 0.62, 0.70, 0.66, 0.74, 0.70, 0.66, 0.77, 0.70, 0.70, 0.55, 0.74, 0.70, 0.70, 0.62, 0.74, 0.59, 0.81, 0.81, 0.59, 0.74, 0.62, 0.70, 0.62, 0.51, 0.70, 0.62, 0.77, 0.74, 0.70, 0.70, 0.66, 0.70, 0.66, 0.74, 0.66, 0.70, 0.62, 0.74, 0.70, 0.66

0.7337037037037036
0.81, 0.77, 0.77, 0.77, 0.81, 0.77, 0.81, 0.77, 0.77, 0.81, 0.74, 0.81, 0.77, 0.77, 0.81, 0.81, 0.77, 0.81, 0.74, 0.74, 0.77, 0.74, 0.77, 0.81, 0.74, 0.77, 0.81, 0.77, 0.74, 0.81, 0.77, 0.74, 0.81, 0.77, 0.85, 0.81, 0.81, 0.66, 0.77, 0.70, 0.70, 0.81, 0.62, 0.59, 0.74, 0.81, 0.81, 0.77, 0.62, 0.70, 0.85, 0.66, 0.62, 0.70, 0.85, 0.62, 0.66, 0.70, 0.55, 0.70, 0.85, 0.70, 0.74, 0.66, 0.81, 0.74, 0.48, 0.74, 0.70, 0.70, 0.66, 0.62, 0.74, 0.81, 0.62, 0.77, 0.77, 0.62, 0.77, 0.59, 0.62, 0.74, 0.70, 0.74, 0.74, 0.66, 0.66, 0.77, 0.66, 0.59, 0.59, 0.66, 0.66, 0.66, 0.70, 0.77, 0.55, 0.74, 0.77, 0.66


Running iteration 9 of 10 fold...
loading ensembles takes 0.098 sec
creating environment takes 0.320 sec
voting takes 1.750 sec
      accuracy, precision, recall, f_score
  mv: 0.8889, 0.9127, 0.9062, 0.8883
  wv: 0.8889, 0.8926, 0.8920, 0.8864

0.7688888888888888
0.85, 0.85, 0.88, 0.81, 0.85, 0.88, 0.88, 0.88, 0.81, 0.85, 0.85, 0.85, 0.85, 0.85, 0.85, 0.85, 0.81, 0.88, 0.81, 0.88, 0.88, 0.85, 0.85, 0.88, 0.85, 0.88, 0.85, 0.85, 0.85, 0.88, 0.85, 0.81, 0.88, 0.85, 0.70, 0.85, 0.70, 0.66, 0.70, 0.55, 0.59, 0.62, 0.66, 0.85, 0.70, 0.74, 0.59, 0.66, 0.66, 0.51, 0.77, 0.55, 0.70, 0.74, 0.62, 0.66, 0.70, 0.74, 0.66, 0.74, 0.74, 0.77, 0.62, 0.66, 0.70, 0.55, 0.70, 0.70, 0.74, 0.66, 0.77, 0.74, 0.88, 0.77, 0.70, 0.81, 0.55, 0.66, 0.70, 0.66, 0.85, 0.74, 0.81, 0.74, 0.77, 0.85, 0.70, 0.81, 0.70, 0.66, 0.77, 0.74, 0.74, 0.81, 0.92, 0.77, 0.88, 0.74, 0.85, 0.85

0.7470370370370369
0.81, 0.81, 0.85, 0.85, 0.77, 0.85, 0.85, 0.85, 0.85, 0.85, 0.85, 0.88, 0.81, 0.85, 0.81, 0.88, 0.85, 0.81, 0.88, 0.85, 0.88, 0.81, 0.88, 0.81, 0.85, 0.81, 0.81, 0.81, 0.85, 0.77, 0.81, 0.81, 0.85, 0.88, 0.77, 0.62, 0.55, 0.62, 0.77, 0.55, 0.74, 0.62, 0.74, 0.59, 0.59, 0.51, 0.74, 0.70, 0.77, 0.55, 0.62, 0.51, 0.55, 0.77, 0.81, 0.51, 0.66, 0.74, 0.74, 0.66, 0.62, 0.66, 0.70, 0.51, 0.44, 0.55, 0.62, 0.62, 0.81, 0.70, 0.70, 0.77, 0.74, 0.77, 0.74, 0.77, 0.85, 0.74, 0.81, 0.77, 0.81, 0.85, 0.77, 0.62, 0.70, 0.81, 0.62, 0.70, 0.77, 0.74, 0.70, 0.74, 0.74, 0.81, 0.77, 0.70, 0.74, 0.81, 0.66, 0.81


Running iteration 10 of 10 fold...
loading ensembles takes 0.102 sec
creating environment takes 0.346 sec
voting takes 1.574 sec
      accuracy, precision, recall, f_score
  mv: 0.7778, 0.8444, 0.7692, 0.7618
  wv: 0.8148, 0.8635, 0.8077, 0.8052

0.6870370370370371
0.66, 0.66, 0.70, 0.70, 0.66, 0.66, 0.66, 0.62, 0.70, 0.66, 0.70, 0.70, 0.70, 0.70, 0.70, 0.66, 0.66, 0.66, 0.66, 0.66, 0.70, 0.66, 0.70, 0.66, 0.70, 0.66, 0.70, 0.70, 0.70, 0.66, 0.70, 0.70, 0.66, 0.66, 0.55, 0.77, 0.51, 0.66, 0.77, 0.62, 0.77, 0.66, 0.66, 0.66, 0.70, 0.74, 0.66, 0.74, 0.62, 0.62, 0.62, 0.62, 0.81, 0.59, 0.55, 0.66, 0.66, 0.51, 0.77, 0.55, 0.77, 0.77, 0.59, 0.59, 0.66, 0.77, 0.74, 0.74, 0.62, 0.77, 0.70, 0.77, 0.77, 0.74, 0.66, 0.62, 0.66, 0.70, 0.66, 0.70, 0.74, 0.74, 0.66, 0.74, 0.66, 0.74, 0.62, 0.70, 0.77, 0.70, 0.66, 0.66, 0.77, 0.66, 0.70, 0.70, 0.70, 0.66, 0.77, 0.70

0.65
0.62, 0.62, 0.59, 0.66, 0.59, 0.62, 0.70, 0.66, 0.66, 0.55, 0.55, 0.62, 0.66, 0.66, 0.66, 0.66, 0.66, 0.62, 0.59, 0.62, 0.70, 0.70, 0.59, 0.62, 0.66, 0.62, 0.62, 0.62, 0.66, 0.59, 0.66, 0.66, 0.62, 0.66, 0.62, 0.62, 0.70, 0.74, 0.70, 0.70, 0.66, 0.66, 0.70, 0.59, 0.74, 0.74, 0.59, 0.59, 0.66, 0.62, 0.70, 0.59, 0.62, 0.66, 0.66, 0.70, 0.51, 0.59, 0.62, 0.59, 0.70, 0.74, 0.59, 0.66, 0.62, 0.62, 0.62, 0.70, 0.66, 0.70, 0.70, 0.62, 0.66, 0.62, 0.59, 0.66, 0.66, 0.51, 0.74, 0.59, 0.62, 0.66, 0.74, 0.66, 0.70, 0.66, 0.66, 0.59, 0.62, 0.59, 0.62, 0.66, 0.74, 0.62, 0.59, 0.74, 0.59, 0.62, 0.66, 0.70

      accuracy, precision, recall, f_score
  mv: 0.7926, 0.8141, 0.7882, 0.7837
  wv: 0.8148, 0.8342, 0.8113, 0.8066
  fs: 0.0000, 0.0000, 0.0000, 0.0000
adab: 0.0000, 0.0000, 0.0000, 0.0000
eprl: 0.0000, 0.0000, 0.0000, 0.0000
ibrl: 0.0000, 0.0000, 0.0000, 0.0000

time costs: C, E, V, FS, Ada, EPRL, IBRL
       0.09, 0.32, 1.60, 0.0, 0.0, 0.0, 0.0
FS size: 0.00000, EPRL size: 0.00000, IBRL size: 0.00000
full test avg accu: 0.71419, part test avg accu: 0.69148
