{'dataset': 'iris', 'algorithm': 'ptdqn', 'num_clf': 100, 'num_training': 10000, 'learning_rate': 0.1, 'discount_factor': 1.0, 'epsilon': 0.1, 'random_state': 6666, 'portion': 0.5, 'sequential': False}
reading data takes 0.020 sec
data shape: (300, 5)
number of labels: 3

Running iteration 1 of 10 fold...
training ensembles takes 1.600 sec
creating environment takes 0.920 sec
voting takes 6.059 sec
      accuracy, precision, recall, f_score
  mv: 1.0000, 1.0000, 1.0000, 1.0000
  wv: 1.0000, 1.0000, 1.0000, 1.0000

0.9956666666666666
1.0, 1.0, 1.0, 1.0, 0.96, 1.0, 0.96, 0.9, 1.0, 1.0, 1.0, 1.0, 1.0, 1.0, 0.96, 1.0, 0.96, 0.96, 1.0, 1.0, 0.96, 1.0, 1.0, 1.0, 1.0, 1.0, 1.0, 1.0, 0.93, 1.0, 0.96, 0.96, 1.0, 1.0, 1.0, 1.0, 1.0, 1.0, 1.0, 1.0, 1.0, 1.0, 1.0, 1.0, 1.0, 1.0, 1.0, 1.0, 1.0, 1.0, 1.0, 1.0, 1.0, 1.0, 1.0, 1.0, 1.0, 1.0, 1.0, 1.0, 1.0, 1.0, 1.0, 1.0, 1.0, 1.0, 1.0, 1.0, 1.0, 1.0, 1.0, 1.0, 1.0, 1.0, 1.0, 1.0, 1.0, 1.0, 1.0, 1.0, 1.0, 1.0, 1.0, 1.0, 1.0, 1.0, 1.0, 1.0, 1.0, 1.0, 1.0, 1.0, 1.0, 1.0, 1.0, 1.0, 1.0, 1.0, 1.0, 1.0

0.9813333333333333
0.96, 1.0, 0.9, 0.96, 0.96, 0.93, 0.96, 0.9, 0.86, 0.96, 0.96, 1.0, 1.0, 0.96, 0.76, 0.96, 0.96, 1.0, 0.96, 0.96, 0.96, 0.83, 1.0, 0.9, 0.9, 0.96, 0.93, 1.0, 1.0, 1.0, 0.93, 0.96, 0.76, 0.96, 1.0, 1.0, 1.0, 1.0, 1.0, 1.0, 1.0, 1.0, 1.0, 1.0, 1.0, 1.0, 1.0, 1.0, 1.0, 1.0, 1.0, 1.0, 1.0, 1.0, 1.0, 1.0, 1.0, 1.0, 1.0, 1.0, 1.0, 1.0, 1.0, 1.0, 1.0, 1.0, 1.0, 1.0, 1.0, 1.0, 1.0, 1.0, 1.0, 1.0, 1.0, 1.0, 1.0, 1.0, 1.0, 1.0, 1.0, 1.0, 1.0, 1.0, 1.0, 1.0, 1.0, 1.0, 1.0, 1.0, 1.0, 1.0, 1.0, 1.0, 1.0, 1.0, 1.0, 1.0, 1.0, 1.0


Running iteration 2 of 10 fold...
training ensembles takes 1.616 sec
creating environment takes 0.900 sec
voting takes 6.335 sec
      accuracy, precision, recall, f_score
  mv: 0.9667, 1.0000, 0.9500, 0.6491
  wv: 0.9667, 1.0000, 0.9500, 0.6491

0.94
0.86, 0.8, 0.86, 0.8, 0.8, 0.86, 0.83, 0.8, 0.93, 0.86, 0.9, 0.83, 0.76, 0.9, 0.86, 0.83, 0.9, 0.83, 0.9, 0.83, 0.83, 0.93, 0.86, 0.8, 0.83, 0.9, 0.83, 0.9, 0.9, 0.83, 0.8, 0.9, 0.86, 0.86, 1.0, 0.96, 0.96, 0.96, 0.96, 1.0, 0.96, 1.0, 0.96, 0.96, 0.96, 0.96, 1.0, 0.96, 0.96, 1.0, 0.96, 0.96, 0.96, 1.0, 0.96, 1.0, 0.96, 0.96, 0.96, 0.96, 1.0, 0.96, 0.96, 1.0, 0.96, 0.96, 0.96, 0.96, 1.0, 1.0, 1.0, 1.0, 1.0, 1.0, 0.96, 1.0, 0.96, 0.96, 1.0, 1.0, 1.0, 1.0, 1.0, 1.0, 1.0, 1.0, 1.0, 0.96, 1.0, 1.0, 1.0, 1.0, 0.9, 1.0, 1.0, 1.0, 1.0, 1.0, 1.0, 1.0

0.9256666666666666
0.9, 0.93, 0.76, 0.8, 0.93, 0.73, 0.83, 0.7, 0.76, 0.73, 0.86, 0.86, 0.9, 0.7, 0.73, 0.8, 0.73, 0.8, 0.8, 0.66, 0.83, 0.86, 0.8, 0.76, 0.86, 0.9, 0.73, 0.9, 0.9, 0.83, 0.73, 0.8, 0.63, 0.76, 1.0, 1.0, 1.0, 1.0, 1.0, 0.96, 1.0, 0.83, 1.0, 0.96, 1.0, 0.96, 0.96, 0.96, 0.9, 1.0, 0.96, 1.0, 0.96, 1.0, 0.96, 1.0, 1.0, 0.96, 1.0, 0.96, 0.96, 0.96, 1.0, 1.0, 1.0, 1.0, 0.96, 1.0, 1.0, 1.0, 1.0, 1.0, 1.0, 1.0, 1.0, 1.0, 1.0, 1.0, 1.0, 1.0, 1.0, 1.0, 1.0, 0.96, 1.0, 1.0, 1.0, 1.0, 1.0, 1.0, 1.0, 1.0, 1.0, 1.0, 1.0, 1.0, 1.0, 1.0, 1.0, 1.0


Running iteration 3 of 10 fold...
training ensembles takes 1.719 sec
creating environment takes 0.914 sec
voting takes 6.336 sec
      accuracy, precision, recall, f_score
  mv: 0.8333, 1.0000, 0.8333, 0.4545
  wv: 0.8667, 1.0000, 0.8667, 0.4643

0.7936666666666669
0.5, 0.4, 0.66, 0.43, 0.6, 0.76, 0.76, 0.43, 0.66, 0.5, 0.43, 0.73, 0.46, 0.73, 0.6, 0.53, 0.6, 0.63, 0.63, 0.56, 0.8, 0.4, 0.66, 0.73, 0.6, 0.6, 0.63, 0.63, 0.56, 0.66, 0.53, 0.7, 0.63, 0.6, 0.83, 0.83, 0.83, 0.86, 0.83, 0.83, 0.83, 0.83, 0.83, 0.83, 0.83, 0.83, 0.86, 0.83, 0.83, 0.86, 0.9, 0.83, 0.9, 0.83, 0.83, 0.83, 0.93, 0.83, 0.83, 0.83, 0.83, 0.86, 0.83, 0.83, 0.9, 0.93, 0.83, 0.9, 0.96, 0.93, 0.93, 0.93, 0.86, 0.96, 0.93, 0.93, 0.96, 0.93, 0.96, 0.93, 0.93, 0.96, 0.93, 0.9, 0.93, 0.96, 0.93, 0.93, 0.96, 0.93, 0.96, 0.93, 0.96, 0.96, 0.93, 0.93, 0.9, 0.93, 0.86, 0.93

0.7996666666666669
0.7, 0.73, 0.76, 0.7, 0.53, 0.5, 0.5, 0.53, 0.66, 0.73, 0.63, 0.73, 0.63, 0.4, 0.73, 0.63, 0.66, 0.76, 0.56, 0.66, 0.4, 0.63, 0.56, 0.43, 0.63, 0.7, 0.7, 0.7, 0.76, 0.6, 0.33, 0.63, 0.56, 0.6, 0.86, 0.93, 0.86, 0.9, 0.83, 0.86, 0.86, 0.86, 0.86, 0.76, 0.86, 0.83, 0.7, 0.9, 0.83, 0.86, 0.93, 0.9, 0.86, 0.86, 0.86, 0.93, 0.86, 0.86, 0.86, 0.93, 0.7, 0.93, 0.93, 0.9, 0.83, 0.83, 0.9, 0.93, 0.93, 0.93, 0.93, 0.93, 0.93, 0.93, 0.93, 0.86, 0.93, 0.93, 0.93, 0.93, 0.93, 0.93, 0.93, 0.93, 0.93, 0.93, 0.93, 0.93, 0.93, 0.73, 0.93, 0.93, 0.93, 0.86, 0.93, 0.86, 0.93, 0.93, 0.86, 0.93


Running iteration 4 of 10 fold...
training ensembles takes 1.643 sec
creating environment takes 0.919 sec
voting takes 5.956 sec
      accuracy, precision, recall, f_score
  mv: 0.9333, 0.9444, 0.9500, 0.9282
  wv: 0.9333, 0.9444, 0.9500, 0.9282

0.8726666666666668
0.83, 0.63, 0.73, 0.76, 0.7, 0.76, 0.93, 0.8, 0.8, 0.63, 0.8, 0.63, 0.8, 0.86, 0.6, 0.56, 0.7, 0.8, 0.63, 0.66, 0.56, 0.8, 0.73, 0.7, 0.76, 0.73, 0.76, 0.76, 0.8, 0.9, 0.73, 0.7, 0.53, 0.7, 0.96, 0.96, 0.96, 0.96, 0.96, 0.96, 0.96, 0.9, 0.96, 0.96, 0.96, 0.96, 0.9, 0.96, 0.96, 0.96, 0.9, 0.96, 0.96, 0.96, 0.9, 0.96, 0.9, 0.96, 0.96, 0.96, 0.9, 0.86, 0.96, 0.9, 0.96, 0.96, 0.96, 0.96, 0.93, 0.93, 0.93, 0.93, 0.93, 0.93, 0.93, 0.96, 0.93, 0.96, 0.96, 0.96, 0.96, 0.93, 0.96, 0.93, 0.93, 0.93, 0.93, 0.93, 0.93, 0.93, 0.93, 0.93, 0.93, 0.93, 0.93, 0.96, 0.93, 0.93, 0.93, 0.93

0.8533333333333334
0.8, 0.56, 0.76, 0.66, 0.7, 0.56, 0.63, 0.6, 0.7, 0.8, 0.73, 0.66, 0.6, 0.56, 0.63, 0.53, 0.5, 0.63, 0.76, 0.66, 0.73, 0.73, 0.53, 0.63, 0.63, 0.63, 0.7, 0.63, 0.63, 0.7, 0.66, 0.5, 0.8, 0.56, 0.8, 0.96, 0.96, 0.96, 0.96, 0.96, 0.96, 0.96, 0.96, 0.96, 0.96, 0.96, 0.96, 0.96, 0.96, 0.96, 0.96, 0.96, 0.96, 0.96, 0.96, 0.96, 0.96, 0.96, 0.96, 0.96, 0.96, 0.96, 0.96, 0.96, 0.96, 0.96, 0.96, 0.96, 0.93, 0.96, 0.96, 0.93, 0.9, 0.96, 0.93, 0.93, 0.96, 0.96, 0.93, 0.93, 0.96, 0.96, 0.96, 0.93, 0.96, 0.96, 0.93, 0.93, 0.93, 0.93, 0.96, 0.96, 0.96, 0.96, 0.96, 0.96, 0.96, 0.96, 0.93, 0.93


Running iteration 5 of 10 fold...
training ensembles takes 1.657 sec
creating environment takes 0.916 sec
voting takes 6.252 sec
      accuracy, precision, recall, f_score
  mv: 0.9667, 1.0000, 0.9667, 0.4915
  wv: 1.0000, 1.0000, 1.0000, 1.0000

0.8120000000000003
0.76, 0.76, 0.76, 0.8, 0.7, 0.7, 0.5, 0.66, 0.8, 0.7, 0.66, 0.56, 0.66, 0.46, 0.83, 0.6, 0.73, 0.7, 0.66, 0.6, 0.63, 0.7, 0.53, 0.63, 0.7, 0.73, 0.7, 0.8, 0.53, 0.66, 0.86, 0.5, 0.53, 0.8, 0.93, 0.93, 0.83, 0.8, 0.7, 0.93, 0.83, 0.93, 0.93, 1.0, 0.83, 0.8, 0.83, 0.9, 0.86, 0.83, 0.83, 0.8, 0.83, 0.8, 0.83, 0.83, 0.93, 0.93, 0.83, 0.83, 0.93, 0.9, 1.0, 0.8, 0.83, 0.83, 0.83, 0.9, 0.9, 0.9, 0.9, 0.9, 0.9, 0.9, 0.9, 0.9, 0.9, 0.9, 0.9, 0.9, 0.9, 0.9, 0.9, 0.9, 0.9, 0.9, 0.9, 0.9, 0.9, 0.9, 0.9, 0.9, 0.9, 0.9, 0.9, 0.9, 0.9, 0.9, 0.9, 0.9

0.7433333333333336
0.4, 0.33, 0.46, 0.63, 0.63, 0.7, 0.3, 0.7, 0.73, 0.63, 0.46, 0.43, 0.6, 0.53, 0.63, 0.36, 0.5, 0.4, 0.5, 0.5, 0.23, 0.63, 0.56, 0.53, 0.56, 0.5, 0.4, 0.4, 0.5, 0.46, 0.53, 0.23, 0.53, 0.56, 0.83, 0.83, 0.83, 0.83, 0.83, 0.83, 0.83, 0.9, 0.83, 0.83, 0.83, 0.83, 0.9, 0.83, 0.8, 0.83, 0.83, 0.8, 0.9, 0.83, 0.7, 0.83, 0.83, 0.83, 0.83, 0.83, 0.83, 0.83, 0.83, 0.8, 0.83, 0.83, 0.93, 0.83, 0.9, 0.9, 0.9, 0.9, 0.9, 0.9, 0.9, 0.9, 0.9, 0.9, 0.9, 0.9, 0.9, 0.9, 0.9, 0.9, 0.9, 0.9, 0.9, 0.9, 0.9, 0.9, 0.9, 0.9, 0.9, 0.9, 0.9, 0.9, 0.9, 0.9, 0.9, 0.9


Running iteration 6 of 10 fold...
training ensembles takes 1.692 sec
creating environment takes 0.977 sec
voting takes 6.290 sec
      accuracy, precision, recall, f_score
  mv: 1.0000, 1.0000, 1.0000, 1.0000
  wv: 1.0000, 1.0000, 1.0000, 1.0000

0.9913333333333333
1.0, 0.96, 1.0, 1.0, 0.96, 0.96, 1.0, 1.0, 0.9, 0.96, 1.0, 0.96, 0.93, 0.96, 0.96, 0.96, 0.93, 1.0, 1.0, 1.0, 1.0, 1.0, 1.0, 0.96, 1.0, 1.0, 0.9, 1.0, 1.0, 0.96, 0.9, 1.0, 0.9, 1.0, 1.0, 1.0, 1.0, 1.0, 1.0, 1.0, 1.0, 1.0, 1.0, 1.0, 1.0, 1.0, 1.0, 1.0, 1.0, 1.0, 1.0, 1.0, 1.0, 1.0, 1.0, 1.0, 1.0, 1.0, 1.0, 1.0, 1.0, 1.0, 1.0, 1.0, 1.0, 1.0, 1.0, 1.0, 1.0, 1.0, 1.0, 1.0, 1.0, 1.0, 1.0, 1.0, 1.0, 1.0, 1.0, 1.0, 1.0, 1.0, 1.0, 1.0, 1.0, 1.0, 1.0, 1.0, 1.0, 1.0, 1.0, 1.0, 1.0, 1.0, 1.0, 1.0, 1.0, 1.0, 1.0, 1.0

0.9806666666666666
0.96, 0.86, 0.93, 0.96, 1.0, 0.9, 0.93, 1.0, 0.9, 0.96, 0.9, 1.0, 0.96, 0.96, 0.86, 1.0, 0.93, 0.9, 0.96, 1.0, 0.9, 0.93, 0.9, 0.96, 0.93, 0.9, 0.96, 0.93, 0.96, 0.93, 1.0, 1.0, 0.9, 0.9, 1.0, 1.0, 1.0, 1.0, 1.0, 1.0, 1.0, 1.0, 1.0, 1.0, 1.0, 1.0, 1.0, 1.0, 1.0, 1.0, 1.0, 1.0, 1.0, 1.0, 1.0, 1.0, 1.0, 1.0, 1.0, 1.0, 1.0, 1.0, 1.0, 1.0, 1.0, 1.0, 1.0, 1.0, 1.0, 1.0, 1.0, 1.0, 1.0, 1.0, 1.0, 1.0, 1.0, 1.0, 1.0, 1.0, 1.0, 1.0, 1.0, 1.0, 1.0, 1.0, 1.0, 1.0, 1.0, 1.0, 1.0, 1.0, 1.0, 1.0, 1.0, 1.0, 1.0, 1.0, 1.0, 1.0


Running iteration 7 of 10 fold...
training ensembles takes 1.662 sec
creating environment takes 0.998 sec
voting takes 6.177 sec
      accuracy, precision, recall, f_score
  mv: 0.9667, 1.0000, 0.9500, 0.6491
  wv: 0.9667, 1.0000, 0.9500, 0.6491

0.9383333333333335
0.86, 0.76, 0.83, 0.83, 0.9, 0.83, 0.93, 0.73, 0.86, 0.86, 0.9, 0.83, 0.76, 0.76, 0.86, 0.9, 0.8, 0.86, 0.86, 0.86, 0.8, 0.86, 0.93, 0.83, 0.8, 0.83, 0.9, 0.86, 0.8, 0.86, 0.86, 0.86, 0.86, 0.86, 1.0, 0.96, 0.96, 0.96, 0.96, 0.96, 0.96, 0.96, 0.96, 1.0, 0.96, 0.96, 0.96, 0.96, 1.0, 1.0, 0.96, 0.96, 0.96, 0.96, 0.96, 1.0, 1.0, 0.96, 0.96, 1.0, 0.96, 0.96, 0.96, 0.96, 0.96, 1.0, 1.0, 0.96, 1.0, 1.0, 1.0, 1.0, 1.0, 1.0, 0.96, 1.0, 1.0, 1.0, 1.0, 0.96, 1.0, 1.0, 0.93, 1.0, 1.0, 1.0, 1.0, 1.0, 1.0, 1.0, 1.0, 1.0, 1.0, 1.0, 1.0, 1.0, 0.96, 1.0, 1.0, 1.0

0.9330000000000002
0.8, 0.73, 0.86, 0.8, 0.76, 0.8, 0.86, 0.9, 0.83, 0.83, 0.76, 0.8, 0.8, 0.9, 0.76, 0.83, 0.86, 0.8, 0.76, 0.8, 0.9, 0.93, 0.86, 0.83, 0.86, 0.86, 0.8, 0.83, 0.73, 0.86, 0.83, 0.83, 0.86, 0.83, 1.0, 1.0, 0.96, 0.96, 1.0, 1.0, 1.0, 1.0, 0.96, 0.96, 0.96, 1.0, 1.0, 1.0, 1.0, 1.0, 0.96, 1.0, 0.93, 1.0, 0.96, 0.96, 0.96, 0.96, 0.96, 0.96, 1.0, 0.96, 1.0, 0.96, 1.0, 0.96, 0.96, 1.0, 1.0, 1.0, 0.96, 1.0, 0.96, 1.0, 1.0, 1.0, 1.0, 0.96, 1.0, 1.0, 1.0, 0.96, 1.0, 1.0, 0.96, 1.0, 1.0, 1.0, 1.0, 1.0, 0.96, 1.0, 1.0, 0.96, 1.0, 1.0, 1.0, 1.0, 0.96, 1.0


Running iteration 8 of 10 fold...
training ensembles takes 1.729 sec
creating environment takes 0.916 sec
voting takes 6.218 sec
      accuracy, precision, recall, f_score
  mv: 0.9000, 1.0000, 0.9000, 0.4737
  wv: 0.8667, 1.0000, 0.8667, 0.4643

0.811
0.8, 0.63, 0.7, 0.73, 0.86, 0.56, 0.73, 0.76, 0.43, 0.76, 0.43, 0.53, 0.66, 0.76, 0.7, 0.56, 0.63, 0.4, 0.66, 0.63, 0.36, 0.6, 0.26, 0.9, 0.73, 0.76, 0.5, 0.56, 0.46, 0.76, 0.56, 0.73, 0.6, 0.73, 0.86, 0.83, 0.83, 0.86, 0.83, 0.9, 0.83, 0.83, 0.9, 0.93, 0.83, 0.83, 0.9, 0.83, 0.83, 0.86, 0.86, 0.9, 0.9, 0.93, 0.83, 0.83, 0.86, 0.86, 0.86, 0.83, 0.96, 0.83, 0.83, 0.83, 0.93, 0.93, 0.83, 0.9, 0.96, 0.96, 0.86, 0.93, 0.96, 0.96, 0.96, 0.96, 0.9, 0.93, 0.93, 0.93, 0.93, 0.93, 0.93, 0.93, 0.93, 0.93, 0.96, 0.96, 0.96, 0.93, 0.96, 0.93, 0.93, 0.93, 0.93, 0.93, 0.86, 0.93, 0.93, 0.93

0.7776666666666668
0.56, 0.46, 0.43, 0.46, 0.7, 0.63, 0.43, 0.36, 0.73, 0.33, 0.43, 0.53, 0.46, 0.6, 0.5, 0.56, 0.63, 0.63, 0.6, 0.73, 0.56, 0.6, 0.43, 0.76, 0.7, 0.6, 0.76, 0.46, 0.7, 0.63, 0.6, 0.36, 0.56, 0.53, 0.93, 0.83, 0.96, 0.86, 0.83, 0.93, 0.83, 0.93, 0.86, 0.83, 0.9, 0.83, 0.83, 0.9, 0.86, 0.9, 0.9, 0.83, 0.9, 0.9, 0.86, 0.9, 0.96, 0.83, 0.86, 0.93, 0.86, 0.9, 0.93, 0.76, 0.83, 0.93, 0.93, 0.86, 0.93, 0.93, 0.86, 0.93, 0.9, 0.86, 0.93, 0.93, 0.93, 0.8, 0.96, 0.86, 0.76, 0.86, 0.86, 0.86, 0.9, 0.86, 0.93, 0.96, 0.93, 0.86, 0.9, 0.9, 0.9, 0.86, 0.86, 0.96, 0.9, 0.86, 0.9, 0.86


Running iteration 9 of 10 fold...
training ensembles takes 1.639 sec
creating environment takes 0.919 sec
voting takes 6.349 sec
      accuracy, precision, recall, f_score
  mv: 0.9333, 0.9444, 0.9500, 0.9282
  wv: 0.9333, 0.9444, 0.9500, 0.9282

0.8756666666666669
0.66, 0.76, 0.7, 0.76, 0.66, 0.7, 0.76, 0.63, 0.73, 0.76, 0.73, 0.7, 0.86, 0.76, 0.66, 0.86, 0.73, 0.73, 0.8, 0.7, 0.76, 0.76, 0.73, 0.83, 0.83, 0.93, 0.7, 0.8, 0.7, 0.8, 0.66, 0.7, 0.66, 0.73, 0.96, 0.96, 0.96, 0.96, 0.96, 0.96, 0.96, 0.96, 0.9, 0.96, 0.9, 0.96, 0.96, 0.96, 0.96, 0.96, 0.9, 0.9, 0.9, 0.9, 0.9, 0.96, 0.96, 0.96, 0.96, 0.96, 0.9, 0.96, 0.9, 0.96, 0.96, 0.96, 0.9, 0.9, 0.93, 0.96, 0.93, 0.93, 0.96, 0.93, 0.93, 0.96, 0.93, 0.96, 0.93, 0.93, 0.93, 0.93, 0.93, 0.93, 0.93, 0.93, 0.93, 0.93, 0.93, 0.93, 0.93, 0.93, 0.96, 0.93, 0.93, 0.93, 0.93, 0.93, 0.93, 0.96

0.8346666666666668
0.63, 0.73, 0.66, 0.73, 0.4, 0.76, 0.53, 0.63, 0.53, 0.63, 0.56, 0.66, 0.63, 0.56, 0.7, 0.66, 0.5, 0.5, 0.56, 0.6, 0.73, 0.6, 0.6, 0.5, 0.7, 0.76, 0.56, 0.63, 0.63, 0.56, 0.66, 0.76, 0.46, 0.56, 0.96, 0.96, 0.96, 0.96, 0.96, 0.96, 0.96, 0.96, 0.96, 0.9, 0.96, 0.96, 0.9, 0.86, 0.96, 0.96, 0.96, 0.9, 0.96, 0.96, 0.9, 0.9, 0.96, 0.96, 0.96, 0.96, 0.96, 0.96, 0.96, 0.96, 0.9, 0.96, 0.9, 0.96, 0.96, 0.93, 0.93, 0.93, 0.96, 0.93, 0.93, 0.93, 0.93, 0.93, 0.93, 0.96, 0.93, 0.93, 0.93, 0.93, 0.93, 0.96, 0.93, 0.93, 0.96, 0.93, 0.96, 0.93, 0.93, 0.96, 0.93, 0.93, 0.96, 0.93, 0.93, 0.96


Running iteration 10 of 10 fold...
training ensembles takes 1.668 sec
creating environment takes 0.936 sec
voting takes 6.333 sec
      accuracy, precision, recall, f_score
  mv: 0.9333, 1.0000, 0.9333, 0.4828
  wv: 0.9667, 1.0000, 0.9667, 0.4915

0.795666666666667
0.6, 0.73, 0.66, 0.76, 0.66, 0.7, 0.43, 0.66, 0.53, 0.66, 0.66, 0.53, 0.6, 0.66, 0.46, 0.6, 0.6, 0.46, 0.63, 0.4, 0.83, 0.83, 0.8, 0.63, 0.76, 0.5, 0.73, 0.4, 0.63, 0.6, 0.56, 0.36, 0.83, 0.76, 0.93, 0.8, 0.83, 0.93, 0.83, 0.83, 0.93, 0.83, 0.83, 0.93, 0.83, 0.9, 1.0, 0.9, 0.8, 0.8, 0.93, 0.83, 0.93, 0.93, 1.0, 0.83, 0.83, 0.83, 0.83, 0.83, 0.86, 0.83, 0.8, 0.9, 0.83, 0.83, 0.83, 0.8, 0.9, 0.9, 0.9, 0.9, 0.9, 0.9, 0.9, 0.9, 0.9, 0.9, 0.9, 0.9, 0.9, 0.9, 0.9, 0.9, 0.9, 0.9, 0.9, 0.9, 0.9, 0.9, 0.9, 0.9, 0.9, 0.9, 0.9, 0.9, 0.9, 0.9, 0.9, 0.9

0.7873333333333337
0.5, 0.43, 0.7, 0.46, 0.56, 0.8, 0.7, 0.63, 0.63, 0.4, 0.56, 0.63, 0.46, 0.53, 0.76, 0.56, 0.73, 0.7, 0.63, 0.7, 0.66, 0.76, 0.56, 0.53, 0.76, 0.56, 0.7, 0.7, 0.53, 0.4, 0.36, 0.5, 0.6, 0.7, 0.9, 0.83, 0.93, 0.83, 0.83, 0.83, 0.83, 0.93, 0.83, 0.83, 0.83, 0.93, 0.83, 0.93, 0.83, 0.93, 0.8, 0.93, 0.83, 0.83, 0.83, 0.83, 0.83, 0.83, 0.93, 0.83, 0.93, 0.8, 0.83, 0.83, 0.83, 0.83, 0.83, 0.83, 0.9, 0.93, 0.9, 0.9, 0.93, 0.93, 0.9, 0.9, 0.93, 0.93, 0.9, 0.93, 0.9, 0.9, 0.93, 0.9, 0.93, 0.93, 0.93, 0.9, 0.9, 0.93, 0.9, 0.9, 0.93, 0.93, 0.9, 0.93, 0.9, 0.93, 0.7, 0.9

      accuracy, precision, recall, f_score
  mv: 0.9433, 0.9889, 0.9433, 0.7057
  wv: 0.9500, 0.9889, 0.9500, 0.7575
  fs: 0.0000, 0.0000, 0.0000, 0.0000
adab: 0.0000, 0.0000, 0.0000, 0.0000
eprl: 0.0000, 0.0000, 0.0000, 0.0000
ibrl: 0.0000, 0.0000, 0.0000, 0.0000

time costs: C, E, V, FS, Ada, EPRL, IBRL
       1.66, 0.93, 6.23, 0.0, 0.0, 0.0, 0.0
FS size: 0.00000, EPRL size: 0.00000, IBRL size: 0.00000
full test avg accu: 0.88260, part test avg accu: 0.86167
