{'dataset': 'iris', 'algorithm': 'ptdqn', 'num_clf': 100, 'num_training': 10000, 'learning_rate': 0.1, 'discount_factor': 1.0, 'epsilon': 0.1, 'random_state': 6666, 'portion': 0.5, 'sequential': False}
reading data takes 0.008 sec
data shape: (300, 5)
number of labels: 3

Running iteration 1 of 10 fold...
loading ensembles takes 0.103 sec
creating environment takes 0.325 sec
voting takes 1.992 sec
      accuracy, precision, recall, f_score
  mv: 1.0000, 1.0000, 1.0000, 1.0000
  wv: 1.0000, 1.0000, 1.0000, 1.0000

0.9996666666666667
1.0, 1.0, 1.0, 1.0, 1.0, 1.0, 1.0, 1.0, 1.0, 1.0, 0.96, 1.0, 1.0, 1.0, 1.0, 1.0, 1.0, 1.0, 1.0, 1.0, 1.0, 1.0, 1.0, 1.0, 1.0, 1.0, 1.0, 1.0, 1.0, 1.0, 1.0, 1.0, 1.0, 1.0, 1.0, 1.0, 1.0, 1.0, 1.0, 1.0, 1.0, 1.0, 1.0, 1.0, 1.0, 1.0, 1.0, 1.0, 1.0, 1.0, 1.0, 1.0, 1.0, 1.0, 1.0, 1.0, 1.0, 1.0, 1.0, 1.0, 1.0, 1.0, 1.0, 1.0, 1.0, 1.0, 1.0, 1.0, 1.0, 1.0, 1.0, 1.0, 1.0, 1.0, 1.0, 1.0, 1.0, 1.0, 1.0, 1.0, 1.0, 1.0, 1.0, 1.0, 1.0, 1.0, 1.0, 1.0, 1.0, 1.0, 1.0, 1.0, 1.0, 1.0, 1.0, 1.0, 1.0, 1.0, 1.0, 1.0

0.9936666666666667
1.0, 1.0, 1.0, 1.0, 1.0, 1.0, 1.0, 1.0, 1.0, 1.0, 0.9, 1.0, 1.0, 1.0, 1.0, 1.0, 1.0, 1.0, 1.0, 1.0, 0.96, 1.0, 1.0, 0.9, 1.0, 1.0, 1.0, 1.0, 0.9, 1.0, 1.0, 1.0, 1.0, 1.0, 1.0, 1.0, 1.0, 1.0, 1.0, 1.0, 1.0, 1.0, 1.0, 1.0, 1.0, 1.0, 1.0, 1.0, 0.96, 1.0, 1.0, 1.0, 1.0, 1.0, 1.0, 0.9, 0.9, 1.0, 1.0, 1.0, 1.0, 1.0, 1.0, 1.0, 1.0, 1.0, 1.0, 1.0, 1.0, 1.0, 1.0, 1.0, 1.0, 1.0, 1.0, 1.0, 1.0, 1.0, 1.0, 1.0, 1.0, 1.0, 1.0, 1.0, 1.0, 1.0, 1.0, 1.0, 1.0, 1.0, 1.0, 0.96, 1.0, 1.0, 1.0, 0.96, 1.0, 1.0, 1.0, 1.0


Running iteration 2 of 10 fold...
loading ensembles takes 0.102 sec
creating environment takes 0.310 sec
voting takes 1.885 sec
      accuracy, precision, recall, f_score
  mv: 1.0000, 1.0000, 1.0000, 1.0000
  wv: 1.0000, 1.0000, 1.0000, 1.0000

0.9916666666666667
1.0, 1.0, 1.0, 0.96, 0.96, 1.0, 0.96, 1.0, 1.0, 1.0, 0.96, 1.0, 1.0, 1.0, 1.0, 1.0, 0.96, 1.0, 0.96, 1.0, 1.0, 1.0, 1.0, 1.0, 1.0, 0.96, 1.0, 1.0, 0.96, 1.0, 0.96, 0.96, 1.0, 1.0, 1.0, 1.0, 0.96, 0.96, 1.0, 1.0, 1.0, 1.0, 1.0, 1.0, 1.0, 1.0, 1.0, 1.0, 1.0, 1.0, 1.0, 1.0, 1.0, 1.0, 1.0, 1.0, 0.93, 1.0, 1.0, 1.0, 1.0, 1.0, 1.0, 0.96, 0.93, 0.96, 1.0, 1.0, 0.96, 1.0, 1.0, 0.96, 1.0, 1.0, 1.0, 0.96, 1.0, 0.96, 1.0, 1.0, 1.0, 1.0, 1.0, 0.96, 0.96, 1.0, 1.0, 1.0, 1.0, 0.96, 1.0, 1.0, 1.0, 1.0, 1.0, 1.0, 1.0, 1.0, 1.0, 1.0

0.9826666666666668
1.0, 1.0, 0.93, 1.0, 0.96, 0.96, 1.0, 1.0, 0.93, 1.0, 1.0, 1.0, 1.0, 0.96, 1.0, 1.0, 1.0, 1.0, 1.0, 0.96, 1.0, 0.96, 1.0, 1.0, 1.0, 1.0, 1.0, 0.96, 1.0, 0.96, 1.0, 1.0, 0.93, 1.0, 1.0, 0.96, 1.0, 1.0, 1.0, 1.0, 1.0, 1.0, 0.96, 0.96, 1.0, 1.0, 0.96, 0.96, 0.96, 0.93, 0.96, 1.0, 1.0, 0.93, 0.9, 0.96, 0.96, 0.96, 1.0, 1.0, 1.0, 1.0, 0.96, 0.96, 1.0, 1.0, 1.0, 0.93, 1.0, 1.0, 1.0, 0.9, 0.93, 1.0, 1.0, 1.0, 1.0, 1.0, 0.96, 1.0, 1.0, 0.96, 0.96, 0.96, 0.93, 0.93, 1.0, 0.96, 1.0, 1.0, 0.96, 0.96, 1.0, 1.0, 0.93, 1.0, 1.0, 1.0, 1.0, 1.0


Running iteration 3 of 10 fold...
loading ensembles takes 0.102 sec
creating environment takes 0.310 sec
voting takes 1.879 sec
      accuracy, precision, recall, f_score
  mv: 1.0000, 1.0000, 1.0000, 1.0000
  wv: 1.0000, 1.0000, 1.0000, 1.0000

0.9510000000000002
0.93, 0.93, 0.96, 0.96, 0.93, 1.0, 0.96, 0.96, 0.96, 0.86, 1.0, 0.93, 0.9, 0.93, 0.96, 0.93, 0.93, 0.93, 0.96, 1.0, 0.96, 0.96, 0.96, 0.93, 1.0, 0.93, 1.0, 0.93, 0.96, 0.9, 0.93, 0.96, 0.93, 1.0, 0.96, 0.96, 1.0, 0.96, 1.0, 0.93, 0.93, 0.96, 1.0, 0.96, 0.96, 0.96, 0.93, 0.93, 0.93, 0.93, 0.93, 0.93, 0.96, 0.86, 0.9, 1.0, 0.93, 0.9, 0.9, 0.96, 1.0, 0.93, 0.93, 1.0, 0.96, 0.96, 1.0, 0.9, 0.9, 0.93, 1.0, 0.93, 0.93, 1.0, 0.93, 0.96, 1.0, 0.96, 0.96, 0.96, 0.96, 0.96, 0.86, 0.93, 0.93, 0.93, 0.93, 0.86, 0.96, 0.96, 1.0, 0.93, 0.93, 0.96, 0.96, 0.93, 0.96, 1.0, 0.9, 0.9

0.8986666666666671
0.93, 0.86, 0.9, 0.8, 0.9, 0.93, 0.93, 0.93, 0.93, 0.93, 0.86, 0.93, 0.9, 0.83, 0.9, 0.93, 0.93, 0.93, 0.9, 0.9, 0.9, 0.9, 0.9, 0.86, 0.8, 0.86, 0.9, 0.8, 0.9, 0.9, 0.83, 0.93, 0.93, 0.93, 0.93, 0.9, 0.8, 0.9, 0.86, 0.9, 0.96, 0.93, 0.93, 0.9, 0.86, 0.93, 0.9, 0.86, 0.93, 0.9, 0.93, 0.96, 0.93, 0.93, 0.9, 0.9, 0.93, 0.86, 0.93, 0.93, 0.93, 0.86, 0.86, 0.86, 0.86, 0.93, 0.86, 0.9, 0.93, 0.93, 0.86, 0.93, 0.9, 0.86, 0.86, 0.83, 0.9, 0.9, 0.93, 0.9, 0.93, 0.9, 0.93, 0.9, 0.93, 0.9, 0.9, 0.9, 0.9, 0.86, 0.93, 0.9, 0.93, 0.83, 0.76, 0.9, 0.9, 0.83, 0.9, 0.9


Running iteration 4 of 10 fold...
loading ensembles takes 0.102 sec
creating environment takes 0.312 sec
voting takes 1.896 sec
      accuracy, precision, recall, f_score
  mv: 1.0000, 1.0000, 1.0000, 1.0000
  wv: 1.0000, 1.0000, 1.0000, 1.0000

0.9750000000000001
1.0, 1.0, 1.0, 0.96, 0.96, 1.0, 1.0, 1.0, 1.0, 1.0, 0.96, 0.93, 1.0, 1.0, 0.96, 0.93, 0.96, 0.93, 0.96, 0.93, 1.0, 1.0, 0.96, 1.0, 1.0, 0.96, 0.96, 1.0, 1.0, 0.96, 0.96, 0.96, 1.0, 0.86, 1.0, 1.0, 0.96, 0.96, 1.0, 0.96, 0.96, 0.96, 0.96, 0.93, 0.96, 1.0, 0.93, 0.93, 0.93, 1.0, 0.96, 0.96, 1.0, 0.96, 0.96, 0.96, 1.0, 1.0, 1.0, 0.96, 0.96, 0.96, 1.0, 0.96, 0.93, 1.0, 1.0, 0.96, 0.96, 1.0, 0.96, 0.9, 1.0, 1.0, 1.0, 0.96, 1.0, 1.0, 1.0, 0.96, 1.0, 1.0, 1.0, 0.96, 0.96, 1.0, 1.0, 0.96, 0.96, 1.0, 0.96, 0.96, 0.93, 0.96, 0.93, 0.96, 0.93, 0.96, 0.96, 0.96

0.9760000000000001
1.0, 0.96, 0.96, 1.0, 0.93, 0.93, 0.96, 0.96, 1.0, 1.0, 0.96, 0.96, 1.0, 1.0, 1.0, 0.96, 0.96, 1.0, 1.0, 1.0, 0.9, 1.0, 0.96, 0.96, 1.0, 0.96, 0.96, 1.0, 0.96, 1.0, 0.93, 1.0, 1.0, 1.0, 1.0, 0.93, 0.96, 0.96, 0.93, 1.0, 1.0, 0.96, 0.9, 1.0, 1.0, 0.96, 0.96, 1.0, 0.96, 0.96, 1.0, 1.0, 0.96, 0.96, 1.0, 1.0, 0.93, 1.0, 1.0, 1.0, 0.96, 0.93, 1.0, 0.96, 0.96, 0.96, 0.96, 1.0, 0.96, 0.96, 1.0, 1.0, 0.96, 1.0, 1.0, 1.0, 0.96, 0.93, 1.0, 0.93, 1.0, 0.96, 1.0, 1.0, 0.96, 0.96, 1.0, 0.96, 0.9, 0.96, 0.86, 0.96, 1.0, 1.0, 0.96, 1.0, 0.96, 1.0, 1.0, 0.93


Running iteration 5 of 10 fold...
loading ensembles takes 0.101 sec
creating environment takes 0.314 sec
voting takes 1.881 sec
      accuracy, precision, recall, f_score
  mv: 1.0000, 1.0000, 1.0000, 1.0000
  wv: 1.0000, 1.0000, 1.0000, 1.0000

0.9550000000000003
0.96, 0.96, 0.9, 1.0, 1.0, 0.96, 1.0, 0.96, 1.0, 1.0, 0.83, 0.96, 0.93, 1.0, 0.93, 0.93, 0.93, 0.96, 0.96, 1.0, 0.96, 1.0, 0.86, 0.96, 0.96, 1.0, 1.0, 1.0, 1.0, 0.93, 1.0, 0.96, 0.93, 0.93, 0.86, 0.96, 0.93, 1.0, 0.96, 0.96, 0.86, 0.96, 0.93, 1.0, 1.0, 0.93, 0.9, 0.93, 1.0, 0.96, 1.0, 0.96, 0.96, 0.9, 0.8, 0.96, 0.96, 0.96, 0.96, 0.93, 1.0, 0.96, 0.93, 0.96, 1.0, 0.9, 1.0, 0.9, 0.93, 0.96, 0.96, 1.0, 0.9, 0.86, 0.96, 0.96, 0.93, 0.96, 0.96, 0.96, 0.96, 1.0, 0.93, 0.9, 0.96, 1.0, 0.9, 0.93, 0.93, 0.96, 1.0, 0.96, 0.93, 0.93, 0.96, 0.9, 0.93, 1.0, 0.96, 0.93

0.9186666666666669
0.76, 0.96, 0.76, 0.93, 0.96, 1.0, 0.93, 0.93, 0.93, 0.96, 0.93, 0.86, 0.8, 1.0, 0.93, 0.93, 1.0, 0.96, 0.86, 0.86, 0.8, 0.86, 0.93, 1.0, 0.93, 0.9, 1.0, 0.9, 0.83, 0.83, 0.96, 0.9, 0.9, 1.0, 0.86, 0.86, 0.93, 0.9, 0.96, 0.8, 0.86, 0.86, 1.0, 0.96, 0.93, 0.96, 0.96, 0.93, 0.93, 0.83, 0.86, 0.86, 0.93, 0.83, 0.8, 0.86, 1.0, 0.96, 1.0, 0.96, 1.0, 0.9, 0.9, 0.93, 1.0, 1.0, 0.96, 1.0, 0.93, 0.86, 0.96, 0.9, 0.96, 0.8, 0.93, 0.86, 1.0, 0.8, 0.9, 0.9, 0.86, 0.96, 0.9, 0.96, 1.0, 0.86, 0.93, 0.9, 0.96, 0.8, 0.8, 0.96, 1.0, 0.96, 0.96, 0.96, 0.83, 0.93, 0.93, 1.0


Running iteration 6 of 10 fold...
loading ensembles takes 0.101 sec
creating environment takes 0.311 sec
voting takes 1.875 sec
      accuracy, precision, recall, f_score
  mv: 1.0000, 1.0000, 1.0000, 1.0000
  wv: 1.0000, 1.0000, 1.0000, 1.0000

0.9996666666666667
1.0, 1.0, 1.0, 1.0, 1.0, 1.0, 1.0, 1.0, 1.0, 1.0, 1.0, 1.0, 1.0, 1.0, 1.0, 1.0, 1.0, 1.0, 1.0, 1.0, 1.0, 1.0, 1.0, 1.0, 1.0, 1.0, 1.0, 1.0, 1.0, 1.0, 0.96, 1.0, 1.0, 1.0, 1.0, 1.0, 1.0, 1.0, 1.0, 1.0, 1.0, 1.0, 1.0, 1.0, 1.0, 1.0, 1.0, 1.0, 1.0, 1.0, 1.0, 1.0, 1.0, 1.0, 1.0, 1.0, 1.0, 1.0, 1.0, 1.0, 1.0, 1.0, 1.0, 1.0, 1.0, 1.0, 1.0, 1.0, 1.0, 1.0, 1.0, 1.0, 1.0, 1.0, 1.0, 1.0, 1.0, 1.0, 1.0, 1.0, 1.0, 1.0, 1.0, 1.0, 1.0, 1.0, 1.0, 1.0, 1.0, 1.0, 1.0, 1.0, 1.0, 1.0, 1.0, 1.0, 1.0, 1.0, 1.0, 1.0

0.9913333333333333
1.0, 1.0, 1.0, 1.0, 1.0, 1.0, 1.0, 1.0, 1.0, 1.0, 0.96, 1.0, 0.9, 1.0, 1.0, 0.9, 1.0, 1.0, 1.0, 1.0, 1.0, 1.0, 1.0, 1.0, 1.0, 1.0, 1.0, 1.0, 1.0, 1.0, 1.0, 1.0, 1.0, 1.0, 0.9, 1.0, 1.0, 1.0, 0.76, 1.0, 1.0, 1.0, 1.0, 1.0, 1.0, 1.0, 1.0, 1.0, 1.0, 1.0, 1.0, 1.0, 1.0, 1.0, 1.0, 1.0, 1.0, 1.0, 1.0, 1.0, 1.0, 1.0, 1.0, 1.0, 1.0, 0.76, 1.0, 1.0, 1.0, 1.0, 1.0, 1.0, 1.0, 1.0, 1.0, 1.0, 1.0, 1.0, 1.0, 1.0, 1.0, 1.0, 1.0, 1.0, 1.0, 1.0, 1.0, 0.96, 1.0, 1.0, 1.0, 1.0, 1.0, 1.0, 1.0, 0.96, 1.0, 1.0, 1.0, 1.0


Running iteration 7 of 10 fold...
loading ensembles takes 0.101 sec
creating environment takes 0.311 sec
voting takes 1.944 sec
      accuracy, precision, recall, f_score
  mv: 1.0000, 1.0000, 1.0000, 1.0000
  wv: 1.0000, 1.0000, 1.0000, 1.0000

0.9930000000000001
1.0, 1.0, 0.96, 1.0, 0.96, 1.0, 1.0, 0.96, 1.0, 1.0, 1.0, 1.0, 1.0, 0.96, 1.0, 1.0, 1.0, 1.0, 1.0, 0.96, 0.93, 1.0, 1.0, 1.0, 1.0, 1.0, 1.0, 1.0, 1.0, 0.96, 1.0, 1.0, 1.0, 1.0, 1.0, 0.93, 0.96, 1.0, 1.0, 1.0, 1.0, 0.96, 1.0, 1.0, 0.96, 0.96, 1.0, 1.0, 1.0, 1.0, 1.0, 0.96, 1.0, 1.0, 1.0, 1.0, 0.96, 1.0, 1.0, 1.0, 1.0, 1.0, 1.0, 1.0, 0.96, 1.0, 1.0, 1.0, 1.0, 1.0, 1.0, 1.0, 1.0, 1.0, 0.96, 1.0, 1.0, 1.0, 1.0, 1.0, 1.0, 1.0, 1.0, 1.0, 1.0, 1.0, 1.0, 1.0, 1.0, 1.0, 0.96, 1.0, 0.96, 1.0, 0.96, 1.0, 1.0, 1.0, 1.0, 1.0

0.9870000000000002
0.96, 0.96, 1.0, 1.0, 0.96, 0.96, 0.96, 0.96, 1.0, 1.0, 0.96, 1.0, 0.96, 1.0, 1.0, 1.0, 1.0, 0.96, 0.96, 1.0, 1.0, 1.0, 1.0, 1.0, 1.0, 1.0, 1.0, 1.0, 1.0, 1.0, 0.96, 1.0, 1.0, 1.0, 1.0, 1.0, 0.93, 1.0, 1.0, 1.0, 1.0, 1.0, 1.0, 1.0, 1.0, 1.0, 1.0, 0.96, 1.0, 1.0, 0.93, 1.0, 0.96, 1.0, 1.0, 0.93, 0.96, 0.96, 1.0, 0.96, 1.0, 0.96, 1.0, 1.0, 1.0, 0.96, 1.0, 1.0, 1.0, 1.0, 0.96, 0.96, 1.0, 1.0, 1.0, 0.96, 1.0, 1.0, 1.0, 1.0, 1.0, 1.0, 1.0, 0.96, 0.96, 1.0, 1.0, 1.0, 1.0, 0.93, 0.86, 1.0, 1.0, 1.0, 0.96, 1.0, 0.93, 0.96, 1.0, 1.0


Running iteration 8 of 10 fold...
loading ensembles takes 0.101 sec
creating environment takes 0.311 sec
voting takes 1.881 sec
      accuracy, precision, recall, f_score
  mv: 1.0000, 1.0000, 1.0000, 1.0000
  wv: 1.0000, 1.0000, 1.0000, 1.0000

0.9516666666666667
0.96, 0.93, 0.9, 0.96, 0.96, 0.93, 1.0, 0.93, 0.9, 0.93, 0.96, 0.93, 0.83, 0.96, 0.93, 0.96, 0.96, 1.0, 0.93, 0.93, 0.93, 0.96, 0.93, 1.0, 0.96, 1.0, 0.96, 0.9, 0.96, 0.9, 0.93, 0.96, 0.96, 0.83, 0.93, 0.93, 0.96, 0.93, 0.93, 0.96, 1.0, 0.9, 0.93, 0.96, 1.0, 0.93, 0.96, 0.86, 0.93, 0.96, 0.96, 0.93, 1.0, 0.96, 0.96, 0.93, 1.0, 0.96, 1.0, 0.93, 0.96, 1.0, 0.9, 0.93, 1.0, 0.96, 0.93, 1.0, 1.0, 1.0, 0.93, 0.96, 0.93, 0.96, 0.96, 0.96, 0.93, 0.9, 0.93, 1.0, 0.93, 0.96, 0.96, 0.93, 0.96, 0.96, 0.86, 0.96, 0.96, 0.93, 1.0, 1.0, 0.9, 0.96, 0.96, 0.93, 0.86, 1.0, 1.0, 0.96

0.9180000000000001
0.9, 0.96, 0.93, 0.93, 1.0, 0.96, 0.9, 0.9, 0.9, 0.93, 0.93, 0.86, 0.9, 0.83, 0.93, 0.86, 0.96, 0.9, 0.93, 0.93, 0.9, 0.93, 0.93, 0.96, 0.9, 0.9, 0.86, 0.93, 0.86, 0.93, 0.9, 0.9, 0.93, 0.93, 0.93, 0.96, 0.86, 0.96, 0.96, 0.96, 0.93, 0.93, 0.86, 0.9, 0.9, 0.8, 0.93, 0.9, 0.93, 0.93, 0.93, 0.93, 0.9, 0.86, 0.93, 0.93, 0.93, 0.83, 0.96, 0.9, 0.9, 0.93, 0.93, 0.93, 0.86, 1.0, 0.96, 0.93, 0.93, 0.93, 0.93, 0.93, 0.9, 0.93, 0.93, 0.9, 0.9, 0.86, 0.93, 0.96, 0.93, 0.8, 0.9, 0.93, 0.96, 1.0, 0.96, 0.96, 0.86, 0.93, 0.93, 0.96, 0.83, 0.9, 0.9, 0.93, 0.9, 0.83, 0.86, 0.9


Running iteration 9 of 10 fold...
loading ensembles takes 0.101 sec
creating environment takes 0.310 sec
voting takes 1.893 sec
      accuracy, precision, recall, f_score
  mv: 1.0000, 1.0000, 1.0000, 1.0000
  wv: 1.0000, 1.0000, 1.0000, 1.0000

0.975
1.0, 0.93, 0.96, 1.0, 0.93, 1.0, 1.0, 0.93, 0.96, 0.93, 1.0, 1.0, 0.96, 0.93, 0.93, 1.0, 1.0, 0.96, 0.93, 0.96, 1.0, 0.93, 0.96, 1.0, 1.0, 1.0, 0.93, 1.0, 0.96, 0.96, 1.0, 1.0, 0.96, 0.96, 1.0, 1.0, 1.0, 1.0, 1.0, 1.0, 0.93, 1.0, 0.96, 1.0, 1.0, 1.0, 0.96, 1.0, 0.96, 0.93, 0.93, 0.96, 0.93, 1.0, 0.96, 1.0, 0.96, 0.96, 0.96, 1.0, 0.96, 0.96, 1.0, 0.96, 0.96, 1.0, 0.96, 0.96, 1.0, 0.96, 0.96, 0.96, 1.0, 1.0, 1.0, 0.93, 0.96, 1.0, 0.93, 0.96, 0.96, 0.93, 0.96, 0.96, 0.9, 0.96, 0.96, 1.0, 1.0, 1.0, 0.96, 0.96, 1.0, 0.96, 0.96, 1.0, 0.96, 0.96, 1.0, 1.0

0.9536666666666669
0.93, 0.96, 0.9, 0.96, 0.93, 0.96, 0.96, 0.96, 0.96, 0.96, 0.96, 0.93, 0.96, 0.96, 0.96, 0.93, 0.96, 0.93, 0.96, 0.96, 0.96, 0.93, 0.96, 0.93, 0.9, 0.93, 0.93, 1.0, 0.96, 0.96, 0.96, 0.96, 0.93, 0.9, 0.96, 0.9, 0.96, 1.0, 0.96, 0.96, 0.96, 0.96, 1.0, 0.96, 1.0, 1.0, 0.93, 0.93, 0.9, 0.96, 0.93, 0.96, 0.96, 0.93, 1.0, 0.96, 0.93, 1.0, 0.96, 0.96, 0.96, 0.96, 1.0, 0.83, 0.93, 0.96, 0.83, 1.0, 0.96, 0.96, 0.93, 0.96, 0.96, 0.96, 0.93, 0.93, 0.86, 0.96, 0.96, 0.96, 0.96, 0.93, 0.96, 0.96, 0.96, 0.96, 0.96, 0.93, 0.96, 0.96, 0.96, 0.93, 0.9, 0.96, 0.96, 0.96, 0.96, 0.93, 0.96, 0.9


Running iteration 10 of 10 fold...
loading ensembles takes 0.102 sec
creating environment takes 0.310 sec
voting takes 1.880 sec
      accuracy, precision, recall, f_score
  mv: 1.0000, 1.0000, 1.0000, 1.0000
  wv: 1.0000, 1.0000, 1.0000, 1.0000

0.9596666666666668
0.96, 0.9, 1.0, 0.93, 1.0, 0.93, 0.93, 0.93, 0.93, 1.0, 1.0, 0.96, 0.96, 0.96, 1.0, 0.93, 0.96, 0.93, 0.96, 1.0, 1.0, 1.0, 0.96, 0.9, 0.96, 0.96, 1.0, 0.93, 0.96, 1.0, 0.9, 1.0, 1.0, 0.96, 0.96, 0.8, 1.0, 0.9, 1.0, 1.0, 0.96, 0.96, 0.96, 0.96, 0.86, 1.0, 1.0, 0.96, 1.0, 0.96, 0.93, 0.93, 0.96, 0.96, 1.0, 0.93, 0.9, 1.0, 1.0, 0.96, 0.96, 0.96, 0.96, 0.96, 1.0, 1.0, 1.0, 0.9, 0.96, 0.96, 0.93, 1.0, 0.93, 1.0, 1.0, 0.93, 1.0, 0.9, 1.0, 0.86, 0.96, 0.96, 0.96, 0.93, 0.93, 0.93, 1.0, 0.96, 1.0, 0.96, 0.93, 0.93, 0.8, 0.93, 0.93, 1.0, 0.96, 0.93, 0.93, 0.96

0.9096666666666668
0.83, 0.96, 0.86, 0.96, 0.96, 0.86, 0.9, 0.93, 1.0, 0.83, 0.9, 0.9, 0.83, 0.83, 0.9, 0.93, 0.93, 0.73, 0.86, 0.86, 0.9, 0.9, 0.86, 0.86, 0.9, 0.9, 0.93, 1.0, 0.83, 1.0, 1.0, 0.9, 0.96, 0.86, 0.9, 0.9, 0.9, 0.93, 0.83, 0.93, 0.96, 0.9, 0.93, 0.83, 0.86, 0.93, 0.9, 1.0, 1.0, 0.96, 0.73, 0.96, 1.0, 0.86, 0.93, 0.9, 0.96, 0.96, 0.93, 0.9, 0.86, 0.9, 0.86, 0.93, 0.9, 0.96, 1.0, 0.93, 1.0, 0.93, 0.76, 0.86, 0.9, 0.86, 0.86, 0.86, 0.9, 0.86, 0.86, 0.93, 1.0, 0.96, 0.9, 0.9, 0.86, 0.86, 0.9, 1.0, 0.9, 0.93, 0.76, 0.9, 0.93, 0.93, 0.93, 0.96, 0.86, 0.96, 1.0, 0.93

      accuracy, precision, recall, f_score
  mv: 1.0000, 1.0000, 1.0000, 1.0000
  wv: 1.0000, 1.0000, 1.0000, 1.0000
  fs: 0.0000, 0.0000, 0.0000, 0.0000
adab: 0.0000, 0.0000, 0.0000, 0.0000
eprl: 0.0000, 0.0000, 0.0000, 0.0000
ibrl: 0.0000, 0.0000, 0.0000, 0.0000

time costs: C, E, V, FS, Ada, EPRL, IBRL
       0.10, 0.31, 1.90, 0.0, 0.0, 0.0, 0.0
FS size: 0.00000, EPRL size: 0.00000, IBRL size: 0.00000
full test avg accu: 0.97513, part test avg accu: 0.95293
