{'dataset': 'iris', 'algorithm': 'ptdqn', 'num_clf': 100, 'num_training': 10000, 'learning_rate': 0.1, 'discount_factor': 1.0, 'epsilon': 0.1, 'random_state': 6666, 'portion': 0.5, 'sequential': False}
reading data takes 0.021 sec
data shape: (300, 5)
number of labels: 3

Running iteration 1 of 10 fold...
training ensembles takes 5.194 sec
creating environment takes 0.589 sec
voting takes 2.825 sec
      accuracy, precision, recall, f_score
  mv: 1.0000, 1.0000, 1.0000, 1.0000
  wv: 1.0000, 1.0000, 1.0000, 1.0000

0.9583333333333335
1.0, 1.0, 1.0, 1.0, 1.0, 1.0, 1.0, 1.0, 1.0, 1.0, 1.0, 1.0, 1.0, 1.0, 1.0, 1.0, 1.0, 1.0, 1.0, 1.0, 1.0, 1.0, 1.0, 1.0, 1.0, 1.0, 1.0, 1.0, 1.0, 1.0, 1.0, 1.0, 1.0, 1.0, 1.0, 1.0, 1.0, 0.0, 1.0, 1.0, 1.0, 1.0, 1.0, 1.0, 1.0, 1.0, 1.0, 1.0, 1.0, 1.0, 1.0, 1.0, 1.0, 0.0, 1.0, 1.0, 1.0, 0.96, 1.0, 1.0, 1.0, 1.0, 1.0, 1.0, 1.0, 1.0, 1.0, 1.0, 1.0, 0.43, 1.0, 1.0, 1.0, 1.0, 1.0, 1.0, 1.0, 1.0, 1.0, 1.0, 1.0, 1.0, 1.0, 1.0, 1.0, 0.0, 1.0, 1.0, 1.0, 0.43, 1.0, 1.0, 1.0, 1.0, 1.0, 1.0, 1.0, 1.0, 1.0, 1.0

0.9023333333333333
1.0, 0.0, 1.0, 1.0, 1.0, 0.6, 1.0, 1.0, 1.0, 0.0, 1.0, 1.0, 1.0, 0.0, 1.0, 1.0, 1.0, 1.0, 1.0, 1.0, 0.96, 1.0, 1.0, 1.0, 1.0, 0.5, 1.0, 1.0, 0.9, 1.0, 1.0, 1.0, 1.0, 1.0, 1.0, 1.0, 1.0, 1.0, 1.0, 1.0, 1.0, 0.0, 1.0, 1.0, 1.0, 1.0, 1.0, 1.0, 0.96, 0.96, 1.0, 1.0, 1.0, 0.0, 1.0, 1.0, 0.9, 0.0, 1.0, 1.0, 1.0, 1.0, 1.0, 1.0, 1.0, 0.96, 1.0, 1.0, 1.0, 1.0, 1.0, 1.0, 1.0, 1.0, 1.0, 1.0, 1.0, 1.0, 1.0, 1.0, 1.0, 0.83, 1.0, 1.0, 1.0, 0.0, 1.0, 1.0, 1.0, 1.0, 1.0, 1.0, 1.0, 0.0, 1.0, 1.0, 1.0, 0.63, 1.0, 1.0


Running iteration 2 of 10 fold...
training ensembles takes 5.233 sec
creating environment takes 0.616 sec
voting takes 2.834 sec
      accuracy, precision, recall, f_score
  mv: 1.0000, 1.0000, 1.0000, 1.0000
  wv: 1.0000, 1.0000, 1.0000, 1.0000

0.9236666666666667
1.0, 0.96, 1.0, 1.0, 0.96, 0.63, 1.0, 0.96, 1.0, 0.73, 1.0, 0.96, 1.0, 0.23, 1.0, 0.93, 0.96, 0.7, 1.0, 1.0, 1.0, 0.83, 1.0, 0.96, 1.0, 0.8, 1.0, 0.96, 0.96, 0.0, 1.0, 0.96, 1.0, 1.0, 1.0, 0.93, 0.96, 0.0, 1.0, 0.96, 1.0, 1.0, 1.0, 1.0, 1.0, 0.93, 1.0, 0.96, 1.0, 0.76, 1.0, 0.93, 1.0, 0.86, 1.0, 1.0, 0.93, 0.7, 1.0, 0.96, 1.0, 0.96, 1.0, 0.93, 0.93, 0.3, 1.0, 1.0, 0.96, 0.76, 1.0, 0.93, 1.0, 1.0, 1.0, 0.96, 1.0, 0.7, 1.0, 0.96, 1.0, 1.0, 1.0, 0.96, 0.96, 0.93, 1.0, 0.96, 1.0, 0.83, 1.0, 0.96, 1.0, 0.86, 1.0, 0.96, 1.0, 1.0, 1.0, 0.96

0.9026666666666666
1.0, 0.8, 1.0, 0.93, 0.96, 0.66, 0.96, 0.96, 0.93, 0.96, 1.0, 0.9, 1.0, 0.16, 1.0, 1.0, 1.0, 0.0, 0.96, 0.96, 1.0, 0.8, 1.0, 1.0, 1.0, 0.66, 0.96, 1.0, 1.0, 0.03, 0.96, 0.93, 0.93, 1.0, 1.0, 1.0, 1.0, 0.9, 0.96, 0.9, 1.0, 0.8, 0.96, 0.93, 1.0, 0.8, 0.96, 0.96, 0.96, 0.93, 1.0, 0.96, 1.0, 0.7, 0.96, 1.0, 0.96, 0.7, 1.0, 0.96, 1.0, 0.33, 1.0, 0.96, 1.0, 0.96, 1.0, 0.96, 1.0, 0.8, 0.96, 0.96, 0.93, 0.73, 0.96, 0.9, 1.0, 0.66, 1.0, 0.93, 1.0, 0.7, 1.0, 1.0, 0.93, 1.0, 1.0, 0.93, 1.0, 0.9, 1.0, 0.96, 1.0, 0.66, 1.0, 0.96, 1.0, 0.33, 0.93, 0.96


Running iteration 3 of 10 fold...
training ensembles takes 5.138 sec
creating environment takes 0.641 sec
voting takes 2.812 sec
      accuracy, precision, recall, f_score
  mv: 0.9000, 1.0000, 0.9000, 0.4737
  wv: 0.9000, 1.0000, 0.9000, 0.4737

0.742
0.93, 0.0, 0.93, 0.9, 0.93, 0.4, 0.86, 0.9, 0.96, 0.13, 0.9, 0.9, 0.9, 0.1, 0.9, 0.9, 0.93, 0.0, 0.9, 0.93, 0.96, 0.0, 0.9, 0.9, 1.0, 0.0, 0.93, 0.9, 0.96, 0.0, 0.86, 0.93, 0.93, 0.86, 0.93, 0.93, 1.0, 0.13, 0.93, 0.9, 0.93, 0.0, 0.86, 0.9, 0.96, 0.0, 0.9, 0.9, 0.93, 0.6, 0.86, 0.9, 0.96, 0.2, 0.86, 0.93, 0.93, 0.0, 0.86, 0.9, 1.0, 0.13, 0.9, 0.93, 0.96, 0.83, 0.9, 0.9, 0.9, 0.0, 0.9, 0.86, 0.93, 0.16, 0.93, 0.93, 1.0, 0.0, 0.9, 0.93, 0.96, 0.0, 0.9, 0.9, 0.93, 0.86, 0.9, 0.9, 0.96, 0.23, 0.93, 0.86, 0.93, 0.0, 0.86, 0.9, 0.96, 0.6, 0.86, 0.9

0.7103333333333335
0.93, 0.0, 0.83, 0.93, 0.9, 0.0, 0.83, 0.9, 0.93, 0.3, 0.83, 0.9, 0.9, 0.23, 0.83, 0.83, 0.93, 0.26, 0.86, 0.9, 0.9, 0.0, 0.86, 0.9, 0.8, 0.0, 0.8, 0.9, 0.9, 0.23, 0.83, 0.9, 0.93, 0.73, 0.8, 0.86, 0.8, 0.03, 0.76, 0.9, 0.96, 0.13, 0.86, 0.9, 0.86, 0.0, 0.86, 0.9, 0.93, 0.0, 0.86, 0.93, 0.93, 0.0, 0.83, 0.93, 0.93, 0.0, 0.8, 0.93, 0.93, 0.0, 0.86, 0.9, 0.86, 0.0, 0.9, 0.9, 0.93, 0.0, 0.86, 0.9, 0.9, 0.46, 0.86, 0.9, 0.9, 1.0, 0.83, 0.9, 0.93, 0.46, 0.93, 0.9, 0.93, 0.0, 0.86, 0.9, 0.9, 0.0, 0.83, 0.93, 0.93, 0.0, 0.83, 0.83, 0.9, 0.8, 0.86, 0.9


Running iteration 4 of 10 fold...
training ensembles takes 5.213 sec
creating environment takes 0.685 sec
voting takes 2.802 sec
      accuracy, precision, recall, f_score
  mv: 0.9333, 0.9444, 0.9500, 0.9282
  wv: 0.9333, 0.9444, 0.9500, 0.9282

0.9110000000000003
1.0, 0.96, 0.93, 0.93, 0.96, 0.7, 0.93, 0.93, 1.0, 0.66, 0.93, 0.93, 1.0, 0.66, 0.96, 0.93, 0.96, 0.9, 0.93, 0.93, 1.0, 0.9, 0.96, 0.93, 1.0, 1.0, 0.93, 0.93, 1.0, 0.63, 0.96, 0.93, 1.0, 0.86, 0.96, 0.93, 0.96, 1.0, 0.96, 0.93, 0.96, 1.0, 0.93, 0.93, 0.96, 0.9, 0.93, 0.93, 0.93, 1.0, 0.93, 0.93, 1.0, 0.9, 0.9, 0.93, 1.0, 1.0, 0.96, 0.93, 0.96, 0.76, 0.96, 0.93, 0.93, 0.86, 0.93, 0.93, 0.96, 0.86, 0.93, 0.93, 1.0, 0.36, 0.96, 0.93, 1.0, 0.96, 0.93, 0.93, 1.0, 0.93, 0.93, 0.93, 0.96, 0.03, 0.93, 0.93, 0.96, 0.06, 0.93, 0.93, 0.93, 0.8, 0.93, 0.93, 0.93, 1.0, 0.93, 0.93

0.8676666666666668
1.0, 0.33, 0.93, 0.93, 0.93, 0.36, 0.93, 0.93, 1.0, 0.33, 0.93, 0.93, 1.0, 0.66, 0.93, 0.93, 0.96, 0.83, 0.96, 0.93, 0.9, 0.8, 0.96, 0.93, 1.0, 0.66, 0.9, 0.93, 0.96, 1.0, 0.93, 0.93, 1.0, 0.7, 0.93, 0.93, 0.96, 0.96, 0.93, 0.93, 1.0, 0.73, 0.96, 0.93, 1.0, 0.73, 0.96, 0.93, 0.96, 0.73, 0.93, 0.93, 0.96, 0.33, 0.93, 0.93, 0.93, 0.66, 0.96, 0.93, 0.96, 0.7, 0.93, 0.93, 0.96, 1.0, 0.9, 0.96, 0.96, 0.33, 0.96, 0.93, 0.96, 0.96, 0.93, 0.93, 0.96, 0.56, 0.93, 0.93, 1.0, 0.0, 0.93, 0.93, 0.96, 0.5, 0.9, 0.93, 0.9, 0.76, 0.93, 0.93, 1.0, 0.63, 0.93, 0.96, 0.96, 0.3, 0.96, 0.93


Running iteration 5 of 10 fold...
training ensembles takes 5.194 sec
creating environment takes 0.632 sec
voting takes 2.818 sec
      accuracy, precision, recall, f_score
  mv: 0.9667, 1.0000, 0.9667, 0.4915
  wv: 0.9667, 1.0000, 0.9667, 0.4915

0.8423333333333334
0.96, 0.7, 0.93, 0.96, 1.0, 1.0, 0.96, 0.93, 1.0, 0.9, 0.83, 0.93, 0.93, 1.0, 0.86, 0.96, 0.93, 0.83, 0.83, 0.96, 0.96, 0.0, 0.8, 0.93, 0.96, 0.5, 0.83, 0.96, 1.0, 0.0, 0.96, 0.93, 0.93, 0.56, 0.96, 0.96, 0.93, 0.0, 0.96, 0.96, 0.86, 0.96, 1.0, 0.93, 1.0, 0.9, 0.8, 0.93, 1.0, 0.8, 0.96, 0.93, 0.96, 0.86, 0.93, 0.93, 0.96, 0.2, 0.93, 0.93, 1.0, 0.33, 1.0, 0.93, 1.0, 0.83, 0.9, 0.93, 0.93, 0.0, 1.0, 0.93, 0.9, 0.0, 0.93, 0.93, 0.93, 0.8, 1.0, 0.93, 0.96, 1.0, 0.9, 0.93, 0.96, 0.0, 0.9, 0.93, 0.93, 0.9, 0.96, 0.93, 0.93, 0.0, 0.9, 0.93, 0.93, 0.6, 0.96, 0.93

0.7716666666666667
0.76, 0.0, 0.86, 0.96, 0.96, 0.0, 0.9, 0.96, 0.93, 1.0, 1.0, 0.96, 0.8, 0.5, 0.93, 0.96, 1.0, 1.0, 0.9, 0.93, 0.8, 0.0, 0.83, 0.96, 0.93, 0.0, 0.9, 0.93, 0.83, 0.63, 0.93, 0.93, 0.9, 1.0, 0.76, 0.93, 0.93, 0.1, 0.93, 0.93, 0.86, 0.0, 0.8, 0.96, 0.93, 0.5, 0.96, 0.96, 0.93, 0.36, 0.83, 0.93, 0.93, 0.03, 0.8, 0.96, 1.0, 0.0, 0.83, 0.93, 1.0, 0.0, 0.9, 0.93, 1.0, 1.0, 0.96, 0.93, 0.93, 0.0, 0.93, 0.96, 0.96, 0.0, 0.9, 0.96, 1.0, 0.6, 1.0, 1.0, 0.86, 0.0, 0.83, 0.96, 1.0, 1.0, 0.96, 0.93, 0.96, 0.03, 0.76, 0.96, 1.0, 0.1, 0.96, 1.0, 0.83, 0.0, 0.9, 0.93


Running iteration 6 of 10 fold...
training ensembles takes 5.223 sec
creating environment takes 0.661 sec
voting takes 2.851 sec
      accuracy, precision, recall, f_score
  mv: 1.0000, 1.0000, 1.0000, 1.0000
  wv: 1.0000, 1.0000, 1.0000, 1.0000

0.96
1.0, 1.0, 1.0, 1.0, 1.0, 1.0, 1.0, 1.0, 1.0, 1.0, 1.0, 1.0, 1.0, 1.0, 1.0, 1.0, 1.0, 1.0, 1.0, 1.0, 1.0, 1.0, 1.0, 1.0, 1.0, 1.0, 1.0, 1.0, 1.0, 1.0, 1.0, 1.0, 1.0, 1.0, 1.0, 1.0, 1.0, 1.0, 1.0, 1.0, 1.0, 1.0, 1.0, 1.0, 1.0, 0.0, 1.0, 1.0, 1.0, 0.0, 1.0, 1.0, 1.0, 0.0, 1.0, 1.0, 1.0, 1.0, 1.0, 1.0, 1.0, 1.0, 1.0, 1.0, 1.0, 1.0, 1.0, 1.0, 1.0, 1.0, 1.0, 1.0, 1.0, 1.0, 1.0, 1.0, 1.0, 1.0, 1.0, 1.0, 1.0, 0.0, 1.0, 1.0, 1.0, 1.0, 1.0, 1.0, 1.0, 1.0, 1.0, 1.0, 1.0, 1.0, 1.0, 1.0, 1.0, 1.0, 1.0, 1.0

0.8883333333333334
1.0, 1.0, 1.0, 1.0, 1.0, 0.93, 1.0, 1.0, 1.0, 0.0, 1.0, 1.0, 0.9, 0.03, 1.0, 1.0, 1.0, 0.0, 1.0, 1.0, 1.0, 0.0, 1.0, 1.0, 1.0, 1.0, 1.0, 1.0, 1.0, 1.0, 1.0, 1.0, 1.0, 1.0, 1.0, 1.0, 1.0, 1.0, 1.0, 1.0, 1.0, 1.0, 1.0, 1.0, 1.0, 0.0, 1.0, 1.0, 1.0, 1.0, 1.0, 1.0, 1.0, 0.0, 1.0, 1.0, 1.0, 0.0, 1.0, 1.0, 1.0, 1.0, 1.0, 1.0, 1.0, 1.0, 1.0, 1.0, 1.0, 0.03, 1.0, 1.0, 1.0, 1.0, 1.0, 1.0, 1.0, 1.0, 1.0, 1.0, 1.0, 0.0, 1.0, 1.0, 1.0, 0.3, 1.0, 1.0, 1.0, 1.0, 1.0, 1.0, 1.0, 0.0, 1.0, 1.0, 1.0, 0.63, 1.0, 1.0


Running iteration 7 of 10 fold...
training ensembles takes 5.202 sec
creating environment takes 0.624 sec
voting takes 2.815 sec
      accuracy, precision, recall, f_score
  mv: 1.0000, 1.0000, 1.0000, 1.0000
  wv: 1.0000, 1.0000, 1.0000, 1.0000

0.9110000000000003
1.0, 0.7, 1.0, 0.96, 0.96, 0.66, 1.0, 0.9, 1.0, 0.9, 1.0, 0.96, 1.0, 0.7, 1.0, 0.96, 1.0, 0.96, 1.0, 0.96, 0.93, 1.0, 1.0, 0.96, 1.0, 0.93, 1.0, 1.0, 1.0, 0.66, 1.0, 0.96, 1.0, 0.83, 1.0, 1.0, 0.96, 1.0, 1.0, 0.96, 1.0, 0.03, 1.0, 1.0, 0.96, 0.0, 1.0, 0.93, 1.0, 0.0, 1.0, 0.96, 1.0, 1.0, 1.0, 0.96, 0.96, 0.1, 1.0, 1.0, 1.0, 0.83, 1.0, 1.0, 0.96, 0.83, 1.0, 0.96, 1.0, 0.8, 1.0, 0.96, 1.0, 0.86, 1.0, 0.96, 1.0, 0.9, 1.0, 0.96, 1.0, 1.0, 1.0, 0.96, 1.0, 0.9, 1.0, 0.93, 1.0, 0.0, 1.0, 0.93, 0.96, 0.7, 1.0, 0.96, 1.0, 0.9, 1.0, 0.93

0.907666666666667
0.96, 0.66, 1.0, 0.9, 0.96, 0.7, 0.96, 1.0, 1.0, 0.73, 1.0, 0.96, 0.96, 0.93, 1.0, 1.0, 1.0, 0.66, 1.0, 1.0, 1.0, 1.0, 1.0, 0.93, 1.0, 0.86, 0.96, 1.0, 1.0, 0.0, 1.0, 0.93, 1.0, 0.9, 1.0, 0.93, 0.93, 0.0, 1.0, 0.93, 1.0, 0.03, 1.0, 0.96, 1.0, 0.9, 1.0, 0.96, 1.0, 1.0, 0.96, 0.96, 0.96, 0.7, 0.96, 0.9, 0.96, 0.76, 0.96, 1.0, 1.0, 0.76, 1.0, 1.0, 1.0, 0.96, 1.0, 1.0, 1.0, 0.66, 1.0, 1.0, 1.0, 0.7, 0.96, 0.96, 1.0, 0.8, 0.96, 0.93, 1.0, 1.0, 1.0, 0.9, 0.96, 0.66, 1.0, 0.93, 1.0, 0.93, 1.0, 0.93, 1.0, 0.33, 1.0, 0.96, 0.93, 0.66, 1.0, 0.93


Running iteration 8 of 10 fold...
training ensembles takes 5.226 sec
creating environment takes 0.681 sec
voting takes 2.819 sec
      accuracy, precision, recall, f_score
  mv: 0.9000, 1.0000, 0.9000, 0.4737
  wv: 0.9000, 1.0000, 0.9000, 0.4737

0.7576666666666668
0.96, 0.0, 0.9, 0.93, 0.96, 0.13, 0.96, 0.93, 0.9, 0.43, 0.93, 0.93, 0.83, 0.0, 0.96, 0.9, 0.96, 0.43, 0.86, 0.9, 0.93, 0.0, 0.86, 0.93, 0.96, 0.6, 0.9, 0.9, 0.96, 0.0, 0.86, 0.93, 0.96, 0.2, 0.86, 0.93, 0.96, 0.0, 0.86, 0.9, 1.0, 0.0, 0.9, 0.9, 1.0, 0.53, 0.93, 0.9, 0.93, 0.53, 0.9, 0.93, 1.0, 0.0, 0.9, 0.9, 1.0, 0.0, 0.9, 0.93, 0.96, 0.06, 0.93, 0.9, 1.0, 0.73, 0.9, 0.93, 1.0, 0.86, 0.86, 0.93, 0.93, 0.7, 0.9, 0.93, 0.93, 0.0, 0.93, 0.86, 0.93, 0.6, 0.9, 0.9, 0.96, 0.33, 0.9, 0.9, 0.96, 0.3, 0.93, 0.9, 0.9, 0.0, 0.86, 0.9, 0.86, 0.0, 0.93, 0.93

0.7246666666666668
0.9, 0.0, 0.83, 0.9, 1.0, 0.53, 0.86, 0.9, 0.9, 0.3, 0.86, 0.86, 0.9, 0.0, 0.86, 0.93, 0.96, 0.4, 0.86, 0.93, 0.9, 0.43, 0.83, 0.93, 0.9, 0.63, 0.9, 0.9, 0.86, 0.0, 0.9, 0.9, 0.93, 0.03, 0.9, 0.83, 0.86, 1.0, 0.83, 0.9, 0.93, 0.0, 0.9, 0.9, 0.9, 0.0, 0.86, 0.9, 0.93, 0.0, 0.9, 0.9, 0.9, 0.0, 0.9, 0.9, 0.93, 0.03, 0.86, 0.83, 0.9, 0.0, 0.86, 0.93, 0.86, 0.0, 0.86, 0.86, 0.93, 0.36, 0.9, 0.86, 0.9, 1.0, 0.8, 0.9, 0.9, 0.0, 0.86, 0.93, 0.93, 0.0, 0.86, 0.9, 0.96, 0.0, 0.86, 0.9, 0.86, 0.0, 0.86, 0.93, 0.83, 0.73, 0.93, 0.9, 0.9, 0.0, 0.86, 0.9


Running iteration 9 of 10 fold...
training ensembles takes 5.204 sec
creating environment takes 0.629 sec
voting takes 2.795 sec
      accuracy, precision, recall, f_score
  mv: 0.9333, 0.9444, 0.9500, 0.9282
  wv: 0.9333, 0.9444, 0.9500, 0.9282

0.8963333333333335
1.0, 0.3, 0.96, 0.93, 0.93, 0.96, 0.93, 0.93, 0.96, 0.06, 0.96, 0.93, 0.96, 0.93, 0.93, 0.93, 1.0, 0.66, 0.93, 0.93, 1.0, 0.76, 0.93, 0.93, 1.0, 0.93, 0.93, 0.93, 0.96, 1.0, 0.93, 0.93, 0.96, 0.9, 0.93, 0.93, 1.0, 0.73, 0.96, 0.93, 0.93, 1.0, 0.93, 0.93, 1.0, 1.0, 0.93, 0.93, 0.96, 0.4, 0.93, 0.93, 0.93, 0.86, 0.93, 0.93, 0.96, 1.0, 0.93, 0.93, 0.96, 0.93, 0.93, 0.93, 0.96, 0.96, 0.93, 0.93, 1.0, 0.3, 0.93, 0.93, 1.0, 0.3, 0.93, 0.93, 0.96, 0.76, 0.93, 0.93, 0.96, 0.83, 0.93, 0.93, 0.9, 0.7, 0.93, 0.93, 1.0, 0.53, 0.93, 0.93, 1.0, 0.66, 0.93, 0.93, 0.96, 0.96, 0.96, 0.93

0.8440000000000002
0.93, 0.8, 0.93, 0.93, 0.93, 0.53, 0.96, 0.93, 0.96, 0.86, 0.93, 0.93, 0.96, 0.33, 0.93, 0.93, 0.96, 0.66, 0.93, 0.93, 0.96, 0.73, 0.96, 0.93, 0.9, 0.6, 0.93, 0.93, 0.96, 0.0, 0.93, 0.93, 0.93, 0.7, 0.93, 0.93, 0.96, 0.73, 0.96, 0.93, 0.96, 0.33, 0.93, 0.93, 1.0, 0.76, 0.93, 0.93, 0.9, 0.33, 0.93, 0.93, 0.96, 1.0, 0.96, 0.93, 0.93, 0.66, 0.96, 0.93, 0.96, 0.03, 0.93, 0.93, 0.93, 0.3, 0.93, 0.96, 0.96, 0.16, 0.93, 0.93, 0.96, 0.6, 0.93, 0.93, 0.86, 0.3, 0.96, 0.93, 0.96, 0.6, 0.93, 0.93, 0.96, 0.4, 0.93, 0.93, 0.96, 0.7, 0.93, 0.93, 0.9, 0.9, 0.93, 0.93, 0.96, 0.66, 0.96, 0.93


Running iteration 10 of 10 fold...
training ensembles takes 5.236 sec
creating environment takes 0.652 sec
voting takes 2.776 sec
      accuracy, precision, recall, f_score
  mv: 0.9667, 1.0000, 0.9667, 0.4915
  wv: 0.9667, 1.0000, 0.9667, 0.4915

0.8873333333333333
0.96, 1.0, 0.83, 0.96, 1.0, 0.76, 0.93, 0.93, 0.93, 0.93, 1.0, 0.96, 0.96, 0.73, 0.96, 0.93, 0.96, 0.83, 0.86, 0.93, 1.0, 0.9, 0.96, 0.96, 0.96, 0.86, 0.93, 0.93, 0.96, 0.76, 0.93, 0.93, 1.0, 0.9, 1.0, 0.93, 1.0, 0.83, 0.83, 0.93, 0.96, 0.8, 0.93, 0.96, 0.86, 0.76, 1.0, 0.93, 1.0, 0.66, 0.96, 0.96, 0.96, 0.66, 1.0, 0.93, 0.9, 0.4, 1.0, 0.93, 0.96, 0.6, 0.93, 0.93, 1.0, 1.0, 0.93, 0.93, 0.96, 0.1, 0.9, 0.93, 0.93, 0.5, 0.93, 0.93, 1.0, 0.06, 0.96, 0.96, 0.96, 0.86, 0.93, 0.93, 0.93, 0.8, 0.93, 0.93, 1.0, 0.86, 0.93, 0.96, 0.8, 0.16, 0.93, 0.96, 0.96, 0.76, 0.96, 0.96

0.7963333333333332
0.83, 0.0, 0.8, 0.93, 0.96, 0.0, 0.76, 0.93, 1.0, 1.0, 0.86, 0.93, 0.83, 0.0, 0.96, 0.93, 0.93, 0.1, 0.9, 0.93, 0.9, 1.0, 0.8, 0.9, 0.9, 1.0, 0.96, 0.96, 0.83, 0.0, 1.0, 0.93, 0.96, 0.0, 0.96, 0.96, 0.9, 1.0, 0.83, 0.96, 0.96, 0.43, 0.86, 0.93, 0.86, 1.0, 0.8, 0.96, 1.0, 0.0, 0.8, 0.93, 1.0, 0.0, 0.96, 0.93, 0.96, 0.0, 0.96, 0.93, 0.86, 1.0, 0.8, 0.93, 0.9, 0.0, 1.0, 0.9, 1.0, 1.0, 0.93, 0.93, 0.9, 1.0, 0.83, 0.93, 0.9, 1.0, 0.9, 0.96, 1.0, 0.0, 1.0, 0.96, 0.86, 0.0, 0.86, 0.96, 0.9, 0.6, 0.76, 0.93, 0.93, 1.0, 0.9, 0.93, 0.86, 0.0, 0.73, 0.93

      accuracy, precision, recall, f_score
  mv: 0.9600, 0.9889, 0.9633, 0.7787
  wv: 0.9600, 0.9889, 0.9633, 0.7787
  fs: 0.0000, 0.0000, 0.0000, 0.0000
adab: 0.0000, 0.0000, 0.0000, 0.0000
eprl: 0.0000, 0.0000, 0.0000, 0.0000
ibrl: 0.0000, 0.0000, 0.0000, 0.0000

time costs: C, E, V, FS, Ada, EPRL, IBRL
       5.20, 0.64, 2.81, 0.0, 0.0, 0.0, 0.0
FS size: 0.00000, EPRL size: 0.00000, IBRL size: 0.00000
full test avg accu: 0.87897, part test avg accu: 0.83157
