{'dataset': 'lymph', 'algorithm': 'ptdqn', 'num_clf': 100, 'num_training': 10000, 'learning_rate': 0.1, 'discount_factor': 1.0, 'epsilon': 0.1, 'random_state': 6666, 'portion': 0.5, 'sequential': False}
reading data takes 0.258 sec
data shape: (148, 39)
number of labels: 4

Running iteration 1 of 10 fold...
loading ensembles takes 0.114 sec
creating environment takes 0.327 sec
voting takes 0.783 sec
      accuracy, precision, recall, f_score
  mv: 0.8000, 0.7481, 0.5694, 0.5523
  wv: 0.7333, 0.6857, 0.5278, 0.5064

0.6473333333333332
0.53, 0.53, 0.53, 0.46, 0.6, 0.66, 0.66, 0.66, 0.46, 0.6, 0.66, 0.6, 0.66, 0.66, 0.6, 0.6, 0.53, 0.53, 0.46, 0.53, 0.46, 0.66, 0.66, 0.73, 0.53, 0.73, 0.6, 0.6, 0.4, 0.53, 0.53, 0.6, 0.6, 0.66, 0.73, 0.6, 0.73, 0.66, 0.53, 0.86, 0.6, 0.73, 0.8, 0.66, 0.46, 0.6, 0.46, 0.66, 0.66, 0.8, 0.86, 0.73, 0.73, 0.66, 0.73, 0.66, 0.46, 0.8, 0.73, 0.66, 0.73, 0.73, 0.86, 0.46, 0.73, 0.6, 0.66, 0.8, 0.73, 0.6, 0.66, 0.73, 0.73, 0.86, 0.53, 0.8, 0.6, 0.8, 0.53, 0.66, 0.6, 0.66, 0.66, 0.66, 0.66, 0.73, 0.66, 0.73, 0.86, 0.66, 0.46, 0.53, 0.66, 0.66, 0.66, 0.73, 0.66, 0.6, 0.73, 0.6

0.672
0.53, 0.6, 0.46, 0.46, 0.66, 0.6, 0.66, 0.6, 0.4, 0.53, 0.6, 0.6, 0.6, 0.8, 0.6, 0.6, 0.53, 0.6, 0.53, 0.6, 0.6, 0.53, 0.6, 0.6, 0.53, 0.53, 0.6, 0.66, 0.6, 0.6, 0.66, 0.46, 0.6, 0.66, 0.73, 0.73, 0.8, 0.8, 0.86, 0.66, 0.8, 0.66, 0.66, 0.8, 0.8, 0.6, 0.6, 0.8, 0.73, 0.93, 0.8, 0.53, 0.73, 0.46, 0.73, 0.66, 0.66, 0.8, 0.73, 0.6, 0.6, 0.73, 0.73, 0.8, 0.6, 0.93, 0.66, 0.6, 0.66, 0.73, 0.8, 0.86, 0.66, 0.6, 0.8, 0.73, 0.8, 0.66, 0.6, 0.8, 0.73, 0.73, 0.73, 0.73, 0.73, 0.66, 0.73, 0.73, 0.6, 0.8, 0.66, 0.6, 0.8, 0.66, 0.8, 0.6, 0.66, 0.73, 0.66, 0.8


Running iteration 2 of 10 fold...
loading ensembles takes 0.100 sec
creating environment takes 0.296 sec
voting takes 0.779 sec
      accuracy, precision, recall, f_score
  mv: 0.8667, 0.8933, 0.8571, 0.8611
  wv: 0.8667, 0.8933, 0.8571, 0.8611

0.7233333333333333
0.8, 0.86, 0.73, 0.73, 0.66, 0.73, 0.73, 0.66, 0.93, 0.53, 0.53, 0.86, 0.73, 0.73, 0.73, 0.93, 0.73, 0.8, 0.8, 0.86, 0.66, 0.86, 0.86, 0.73, 0.8, 0.86, 0.73, 0.86, 0.8, 0.73, 0.73, 0.66, 0.86, 0.73, 0.66, 0.86, 0.73, 0.6, 0.66, 0.8, 0.66, 0.8, 0.6, 0.73, 0.73, 0.73, 0.73, 0.8, 0.73, 0.86, 0.73, 0.66, 0.8, 0.6, 0.73, 0.73, 0.6, 0.66, 0.73, 0.86, 0.66, 0.73, 0.73, 0.8, 0.66, 0.86, 0.73, 0.6, 0.8, 0.73, 0.8, 0.6, 0.66, 0.8, 0.73, 0.53, 0.46, 0.8, 0.66, 0.53, 0.8, 0.66, 0.46, 0.53, 0.46, 0.86, 0.73, 0.73, 0.66, 0.8, 0.53, 0.93, 0.73, 0.6, 0.53, 0.6, 0.8, 0.8, 0.53, 0.66

0.7093333333333335
0.93, 0.8, 0.8, 0.86, 0.86, 0.8, 0.93, 0.86, 0.73, 0.8, 0.8, 0.73, 0.86, 0.73, 0.93, 0.8, 0.8, 0.93, 0.73, 0.73, 0.93, 0.86, 0.8, 0.8, 0.93, 0.93, 0.93, 0.93, 0.73, 0.8, 0.73, 0.73, 0.73, 0.66, 0.73, 0.73, 0.6, 0.46, 0.66, 0.66, 0.46, 0.66, 0.8, 0.6, 0.66, 0.66, 0.66, 0.86, 0.6, 0.66, 0.73, 0.73, 0.53, 0.53, 0.4, 0.53, 0.8, 0.46, 0.53, 0.53, 0.93, 0.46, 0.53, 0.46, 0.53, 0.66, 0.66, 0.6, 0.6, 0.8, 0.66, 0.86, 0.6, 0.6, 0.66, 0.6, 0.73, 0.8, 0.66, 0.53, 0.73, 0.73, 0.73, 0.73, 0.53, 0.8, 0.86, 0.6, 0.66, 0.73, 0.66, 0.6, 0.6, 0.73, 0.8, 0.46, 0.46, 0.66, 0.8, 0.66


Running iteration 3 of 10 fold...
loading ensembles takes 0.103 sec
creating environment takes 0.295 sec
voting takes 0.778 sec
      accuracy, precision, recall, f_score
  mv: 0.6667, 0.5778, 0.5238, 0.4718
  wv: 0.7333, 0.6333, 0.5714, 0.5238

0.6006666666666667
0.6, 0.46, 0.6, 0.66, 0.6, 0.53, 0.53, 0.6, 0.6, 0.66, 0.46, 0.53, 0.66, 0.66, 0.6, 0.73, 0.53, 0.6, 0.6, 0.66, 0.66, 0.66, 0.53, 0.53, 0.53, 0.6, 0.53, 0.73, 0.6, 0.53, 0.6, 0.6, 0.6, 0.6, 0.6, 0.6, 0.6, 0.53, 0.53, 0.6, 0.53, 0.6, 0.46, 0.4, 0.66, 0.53, 0.53, 0.73, 0.53, 0.53, 0.53, 0.46, 0.6, 0.53, 0.6, 0.53, 0.66, 0.46, 0.53, 0.46, 0.6, 0.6, 0.53, 0.53, 0.66, 0.66, 0.53, 0.53, 0.86, 0.46, 0.6, 0.73, 0.8, 0.66, 0.53, 0.66, 0.73, 0.73, 0.53, 0.6, 0.53, 0.53, 0.53, 0.8, 0.53, 0.86, 0.8, 0.6, 0.33, 0.6, 0.46, 0.66, 0.8, 0.6, 0.46, 0.73, 0.73, 0.86, 0.73, 0.6

0.6233333333333334
0.53, 0.6, 0.6, 0.53, 0.53, 0.66, 0.53, 0.66, 0.53, 0.66, 0.66, 0.6, 0.66, 0.66, 0.53, 0.6, 0.53, 0.53, 0.66, 0.6, 0.46, 0.6, 0.66, 0.53, 0.53, 0.6, 0.66, 0.6, 0.6, 0.6, 0.6, 0.6, 0.6, 0.6, 0.6, 0.66, 0.4, 0.73, 0.53, 0.6, 0.6, 0.66, 0.6, 0.6, 0.66, 0.53, 0.53, 0.46, 0.46, 0.6, 0.53, 0.66, 0.6, 0.6, 0.53, 0.66, 0.6, 0.6, 0.66, 0.53, 0.6, 0.53, 0.53, 0.6, 0.46, 0.6, 0.53, 0.6, 0.73, 0.73, 0.73, 0.8, 0.86, 0.6, 0.8, 0.6, 0.73, 0.8, 0.73, 0.66, 0.73, 0.46, 0.6, 0.6, 0.86, 0.6, 0.6, 0.73, 0.73, 0.73, 0.86, 0.53, 0.53, 0.73, 0.66, 0.73, 0.73, 0.73, 0.73, 0.66


Running iteration 4 of 10 fold...
loading ensembles takes 0.096 sec
creating environment takes 0.296 sec
voting takes 0.782 sec
      accuracy, precision, recall, f_score
  mv: 0.9333, 0.9394, 0.9000, 0.9206
  wv: 0.9333, 0.9394, 0.9000, 0.9206

0.7166666666666666
0.8, 0.86, 0.66, 0.66, 0.66, 0.8, 0.73, 0.8, 0.66, 0.73, 0.66, 0.66, 0.66, 0.6, 0.8, 0.73, 0.66, 0.66, 0.66, 0.8, 0.8, 0.73, 0.53, 0.73, 0.6, 0.73, 0.66, 0.66, 0.73, 0.73, 0.8, 0.66, 0.6, 0.66, 0.66, 0.8, 0.66, 0.73, 0.8, 0.66, 0.53, 0.6, 0.73, 0.66, 0.8, 0.66, 0.66, 0.66, 0.66, 0.73, 0.73, 0.66, 0.73, 0.73, 0.6, 0.73, 0.66, 0.66, 0.8, 0.73, 0.66, 0.73, 0.66, 0.66, 0.73, 0.73, 0.86, 0.8, 0.73, 0.8, 0.86, 0.8, 0.73, 0.73, 0.66, 0.73, 0.73, 0.86, 0.66, 0.86, 0.8, 0.53, 0.8, 0.73, 0.66, 0.66, 0.66, 0.8, 0.73, 0.73, 0.8, 0.8, 0.66, 0.6, 0.73, 0.66, 0.73, 0.8, 0.73, 0.8

0.7360000000000001
0.6, 0.73, 0.6, 0.66, 0.73, 0.6, 0.66, 0.66, 0.66, 0.73, 0.66, 0.8, 0.73, 0.8, 0.66, 0.66, 0.6, 0.73, 0.66, 0.6, 0.73, 0.73, 0.8, 0.73, 0.73, 0.8, 0.6, 0.6, 0.6, 0.66, 0.6, 0.73, 0.73, 0.6, 0.66, 0.6, 0.66, 0.6, 0.93, 0.73, 0.8, 0.73, 0.66, 0.73, 0.73, 0.8, 0.73, 0.8, 0.6, 0.93, 0.73, 0.66, 0.73, 0.66, 0.66, 0.66, 0.93, 0.66, 0.66, 0.8, 0.6, 0.73, 0.66, 0.73, 0.66, 0.66, 0.8, 0.66, 0.66, 0.93, 0.8, 0.8, 0.86, 0.8, 0.86, 0.86, 0.86, 0.8, 0.73, 0.86, 0.73, 0.6, 0.86, 0.8, 0.93, 0.8, 0.8, 0.8, 0.86, 0.93, 0.8, 0.66, 0.8, 0.86, 0.86, 0.8, 0.73, 0.8, 0.6, 0.93


Running iteration 5 of 10 fold...
loading ensembles takes 0.097 sec
creating environment takes 0.295 sec
voting takes 0.779 sec
      accuracy, precision, recall, f_score
  mv: 0.7333, 0.8400, 0.7778, 0.7321
  wv: 0.8000, 0.8667, 0.8333, 0.8000

0.6993333333333331
0.53, 0.66, 0.6, 0.66, 0.46, 0.6, 0.46, 0.53, 0.4, 0.6, 0.53, 0.53, 0.46, 0.4, 0.53, 0.53, 0.46, 0.46, 0.4, 0.6, 0.6, 0.46, 0.53, 0.4, 0.53, 0.46, 0.46, 0.6, 0.53, 0.53, 0.6, 0.53, 0.46, 0.53, 0.93, 0.86, 0.86, 0.86, 0.73, 0.86, 0.86, 0.6, 0.86, 0.93, 0.73, 0.8, 0.86, 0.86, 0.8, 0.8, 0.66, 0.73, 0.8, 0.86, 0.86, 0.8, 0.73, 0.86, 0.8, 0.8, 0.86, 0.73, 0.8, 0.66, 0.73, 0.8, 0.8, 0.73, 0.86, 0.73, 0.6, 0.8, 0.86, 0.73, 0.73, 0.8, 0.66, 0.8, 0.73, 0.8, 0.73, 0.66, 0.8, 0.8, 0.8, 0.86, 0.8, 0.8, 0.8, 0.73, 0.8, 0.66, 0.93, 0.86, 0.66, 0.73, 0.86, 0.8, 0.86, 0.73

0.7493333333333332
0.66, 0.73, 0.46, 0.66, 0.8, 0.73, 0.66, 0.73, 0.73, 0.6, 0.53, 0.73, 0.53, 0.73, 0.73, 0.8, 0.73, 0.73, 0.8, 0.73, 0.8, 0.66, 0.46, 0.66, 0.73, 0.8, 0.8, 0.66, 0.46, 0.73, 0.66, 0.66, 0.73, 0.73, 0.73, 0.66, 0.8, 0.8, 0.8, 0.8, 0.73, 0.8, 0.73, 0.86, 1.0, 0.8, 0.73, 0.86, 0.8, 0.86, 0.86, 0.8, 0.86, 0.86, 0.6, 0.8, 0.6, 0.73, 0.8, 0.93, 0.66, 0.8, 0.66, 0.66, 0.66, 0.93, 0.86, 0.86, 0.8, 0.73, 0.8, 0.73, 0.73, 0.8, 0.73, 0.86, 0.73, 0.73, 0.73, 0.8, 0.86, 0.73, 0.8, 0.66, 0.8, 0.73, 0.8, 0.8, 0.86, 0.66, 0.8, 0.8, 0.73, 0.8, 0.73, 0.66, 0.8, 0.86, 0.73, 0.8


Running iteration 6 of 10 fold...
loading ensembles takes 0.096 sec
creating environment takes 0.295 sec
voting takes 0.782 sec
      accuracy, precision, recall, f_score
  mv: 0.7333, 0.6857, 0.5278, 0.5064
  wv: 0.7333, 0.6857, 0.5278, 0.5064

0.6846666666666665
0.66, 0.66, 0.66, 0.66, 0.53, 0.66, 0.66, 0.66, 0.66, 0.53, 0.6, 0.6, 0.66, 0.66, 0.66, 0.66, 0.6, 0.66, 0.73, 0.6, 0.66, 0.73, 0.73, 0.66, 0.66, 0.73, 0.66, 0.66, 0.6, 0.8, 0.73, 0.73, 0.66, 0.66, 0.8, 0.8, 0.93, 0.66, 0.73, 0.86, 0.73, 0.8, 0.86, 0.86, 0.8, 0.86, 0.73, 0.73, 0.86, 0.8, 0.93, 0.86, 0.66, 0.8, 0.66, 0.73, 0.8, 0.6, 0.8, 0.6, 0.73, 0.8, 0.86, 0.73, 0.8, 0.73, 0.86, 0.8, 0.73, 0.73, 0.73, 0.46, 0.73, 0.53, 0.53, 0.6, 0.6, 0.6, 0.66, 0.6, 0.53, 0.53, 0.6, 0.66, 0.66, 0.53, 0.6, 0.53, 0.73, 0.66, 0.6, 0.6, 0.46, 0.46, 0.6, 0.6, 0.46, 0.53, 0.6, 0.66

0.6193333333333332
0.66, 0.66, 0.66, 0.6, 0.6, 0.66, 0.66, 0.66, 0.6, 0.6, 0.73, 0.6, 0.6, 0.53, 0.73, 0.6, 0.6, 0.53, 0.53, 0.66, 0.53, 0.6, 0.66, 0.66, 0.6, 0.53, 0.6, 0.66, 0.6, 0.53, 0.53, 0.66, 0.6, 0.6, 0.6, 0.66, 0.46, 0.66, 0.93, 0.73, 0.6, 0.73, 0.66, 0.66, 0.73, 0.66, 0.66, 0.6, 0.6, 0.53, 0.6, 0.6, 0.73, 0.6, 0.6, 0.6, 0.66, 0.86, 0.33, 0.66, 0.8, 0.66, 0.8, 0.4, 0.73, 0.8, 0.6, 0.6, 0.4, 0.66, 0.6, 0.53, 0.66, 0.6, 0.66, 0.8, 0.46, 0.33, 0.6, 0.33, 0.73, 0.6, 0.66, 0.73, 0.8, 0.6, 0.6, 0.86, 0.33, 0.73, 0.46, 0.46, 0.6, 0.73, 0.6, 0.4, 0.53, 0.53, 0.66, 0.46


Running iteration 7 of 10 fold...
loading ensembles takes 0.097 sec
creating environment takes 0.296 sec
voting takes 0.785 sec
      accuracy, precision, recall, f_score
  mv: 0.7333, 0.7333, 0.6591, 0.6591
  wv: 0.8000, 0.8200, 0.7841, 0.7619

0.6319999999999999
0.8, 0.73, 0.53, 0.6, 0.66, 0.66, 0.86, 0.86, 0.53, 0.66, 0.4, 0.66, 0.86, 0.73, 0.8, 0.8, 0.8, 0.73, 0.86, 0.6, 0.53, 0.6, 0.73, 0.73, 0.6, 0.8, 0.66, 0.46, 0.66, 0.86, 0.73, 0.6, 0.66, 0.73, 0.53, 0.66, 0.33, 0.33, 0.6, 0.6, 0.33, 0.4, 0.4, 0.4, 0.33, 0.66, 0.53, 0.4, 0.6, 0.4, 0.46, 0.33, 0.4, 0.4, 0.4, 0.2, 0.53, 0.6, 0.26, 0.46, 0.66, 0.53, 0.6, 0.6, 0.46, 0.53, 0.6, 0.4, 0.8, 0.6, 0.73, 0.66, 0.66, 0.8, 0.6, 0.73, 0.73, 0.53, 0.8, 0.8, 0.8, 0.8, 0.6, 0.8, 0.8, 0.66, 0.73, 0.8, 0.53, 0.8, 0.73, 0.8, 0.73, 0.8, 0.8, 0.73, 0.8, 0.8, 0.8, 0.8

0.628
0.73, 0.46, 0.86, 0.66, 0.73, 0.6, 0.66, 0.66, 0.4, 0.8, 0.4, 0.73, 0.8, 0.6, 0.66, 0.86, 0.66, 0.93, 0.73, 0.6, 0.46, 0.66, 0.6, 0.73, 0.8, 0.86, 0.86, 0.73, 0.8, 0.8, 0.8, 0.66, 0.8, 0.66, 0.33, 0.66, 0.46, 0.33, 0.13, 0.6, 0.8, 0.53, 0.53, 0.6, 0.4, 0.6, 0.73, 0.8, 0.66, 0.53, 0.4, 0.46, 0.6, 0.66, 0.26, 0.6, 0.33, 0.73, 0.53, 0.33, 0.73, 0.73, 0.4, 0.73, 0.46, 0.46, 0.4, 0.4, 0.66, 0.73, 0.46, 0.8, 0.6, 0.73, 0.53, 0.66, 0.6, 0.73, 0.66, 0.73, 0.66, 0.8, 0.73, 0.66, 0.6, 0.66, 0.66, 0.46, 0.8, 0.8, 0.6, 0.53, 0.53, 0.66, 0.66, 0.53, 0.6, 0.8, 0.6, 0.6


Running iteration 8 of 10 fold...
loading ensembles takes 0.098 sec
creating environment takes 0.298 sec
voting takes 0.790 sec
      accuracy, precision, recall, f_score
  mv: 0.8667, 0.9000, 0.8889, 0.8661
  wv: 0.8667, 0.9000, 0.8889, 0.8661

0.6259999999999999
0.66, 0.6, 0.73, 0.53, 0.33, 0.33, 0.46, 0.53, 0.46, 0.53, 0.46, 0.53, 0.53, 0.53, 0.6, 0.46, 0.53, 0.46, 0.53, 0.6, 0.66, 0.6, 0.53, 0.46, 0.6, 0.46, 0.46, 0.6, 0.53, 0.53, 0.6, 0.53, 0.53, 0.46, 0.6, 0.53, 0.66, 0.66, 0.66, 0.53, 0.66, 0.6, 0.73, 0.73, 0.66, 0.6, 0.66, 0.73, 0.53, 0.66, 0.6, 0.66, 0.6, 0.6, 0.53, 0.66, 0.73, 0.73, 0.6, 0.66, 0.66, 0.66, 0.73, 0.6, 0.73, 0.66, 0.6, 0.66, 0.66, 0.6, 0.73, 0.6, 0.73, 0.73, 0.6, 0.73, 0.6, 0.8, 0.66, 0.73, 0.8, 0.73, 0.6, 0.73, 0.73, 0.6, 0.8, 0.6, 0.86, 0.66, 0.6, 0.8, 0.66, 0.73, 0.8, 0.73, 0.66, 0.73, 0.8, 0.66

0.6493333333333332
0.46, 0.46, 0.53, 0.46, 0.46, 0.6, 0.46, 0.46, 0.53, 0.6, 0.66, 0.53, 0.6, 0.53, 0.6, 0.53, 0.66, 0.66, 0.53, 0.46, 0.53, 0.46, 0.53, 0.53, 0.46, 0.46, 0.53, 0.46, 0.53, 0.6, 0.6, 0.53, 0.46, 0.4, 0.6, 0.66, 0.73, 0.73, 0.6, 0.73, 0.6, 0.6, 0.66, 0.66, 0.66, 0.6, 0.53, 0.66, 0.66, 0.73, 0.66, 0.53, 0.6, 0.53, 0.6, 0.53, 0.73, 0.66, 0.66, 0.66, 0.6, 0.6, 0.53, 0.73, 0.66, 0.6, 0.6, 0.73, 0.8, 0.86, 0.86, 0.6, 0.73, 0.93, 0.73, 0.8, 0.8, 0.93, 0.66, 0.86, 0.73, 0.73, 0.86, 0.8, 0.73, 0.86, 0.93, 0.86, 0.8, 0.66, 0.8, 0.66, 0.86, 0.6, 0.66, 0.8, 0.93, 0.8, 0.73, 0.73


Running iteration 9 of 10 fold...
loading ensembles takes 0.098 sec
creating environment takes 0.298 sec
voting takes 0.728 sec
      accuracy, precision, recall, f_score
  mv: 0.9286, 0.9429, 0.9500, 0.9181
  wv: 0.9286, 0.9429, 0.9500, 0.9181

0.7657142857142857
0.71, 0.85, 0.85, 0.78, 0.92, 0.85, 0.85, 0.71, 0.71, 0.85, 0.85, 0.92, 0.71, 0.92, 0.64, 0.92, 0.78, 0.64, 0.64, 0.78, 0.92, 0.85, 0.64, 0.92, 0.85, 0.92, 0.78, 0.78, 0.92, 0.85, 0.85, 0.92, 0.92, 0.92, 0.78, 0.78, 0.92, 0.71, 0.57, 0.85, 0.85, 0.85, 0.71, 0.71, 0.78, 0.64, 0.85, 0.71, 0.78, 0.78, 0.64, 0.71, 0.71, 0.78, 0.5, 0.85, 0.85, 0.64, 0.64, 0.78, 0.78, 0.85, 0.85, 0.71, 0.71, 0.64, 0.71, 0.85, 0.78, 0.78, 0.64, 0.71, 0.64, 0.71, 0.78, 0.78, 0.64, 0.71, 0.78, 0.64, 0.71, 0.5, 0.57, 0.71, 0.85, 0.57, 0.85, 0.85, 0.71, 0.78, 0.64, 0.64, 0.71, 0.71, 0.64, 0.71, 0.64, 0.64, 0.85, 0.78

0.717142857142857
0.78, 0.85, 0.71, 0.71, 0.92, 0.78, 0.71, 0.64, 0.71, 0.85, 0.78, 0.92, 0.64, 0.92, 0.71, 0.71, 0.64, 0.78, 0.85, 0.92, 0.71, 0.71, 0.57, 0.85, 0.85, 0.85, 0.57, 0.92, 0.57, 0.85, 0.92, 0.64, 0.85, 0.71, 0.85, 0.85, 0.78, 0.64, 0.71, 0.57, 0.64, 0.78, 0.78, 0.64, 0.78, 0.85, 0.78, 0.71, 0.78, 0.78, 0.5, 0.85, 0.85, 0.92, 0.64, 0.42, 0.78, 0.92, 0.78, 0.71, 0.85, 0.78, 0.57, 0.85, 0.5, 0.71, 0.85, 0.78, 0.64, 0.64, 0.5, 0.64, 0.5, 0.57, 0.5, 0.71, 0.64, 0.57, 0.64, 0.5, 0.78, 0.71, 0.57, 0.71, 0.71, 0.78, 0.5, 0.64, 0.5, 0.57, 0.57, 0.57, 0.64, 0.5, 0.57, 0.71, 0.57, 0.92, 0.71, 0.71


Running iteration 10 of 10 fold...
loading ensembles takes 0.097 sec
creating environment takes 0.295 sec
voting takes 0.728 sec
      accuracy, precision, recall, f_score
  mv: 0.7143, 0.6587, 0.5938, 0.5809
  wv: 0.6429, 0.6143, 0.5625, 0.5486

0.5435714285714286
0.64, 0.28, 0.28, 0.35, 0.64, 0.28, 0.5, 0.57, 0.35, 0.42, 0.42, 0.57, 0.5, 0.71, 0.42, 0.28, 0.21, 0.35, 0.57, 0.28, 0.35, 0.64, 0.28, 0.35, 0.28, 0.28, 0.35, 0.42, 0.42, 0.64, 0.35, 0.71, 0.5, 0.28, 0.5, 0.5, 0.57, 0.5, 0.71, 0.64, 0.5, 0.57, 0.57, 0.57, 0.57, 0.5, 0.42, 0.5, 0.71, 0.57, 0.5, 0.5, 0.64, 0.57, 0.5, 0.5, 0.71, 0.57, 0.5, 0.64, 0.57, 0.5, 0.64, 0.57, 0.57, 0.42, 0.5, 0.57, 0.64, 0.85, 0.5, 0.64, 0.78, 0.71, 0.5, 0.64, 0.78, 0.64, 0.57, 0.64, 0.64, 0.71, 0.64, 0.64, 0.42, 0.78, 0.71, 0.78, 0.64, 0.78, 0.71, 0.78, 0.35, 0.64, 0.57, 0.64, 0.64, 0.64, 0.57, 0.5

0.47642857142857137
0.28, 0.21, 0.5, 0.42, 0.42, 0.28, 0.21, 0.21, 0.28, 0.5, 0.35, 0.64, 0.35, 0.28, 0.28, 0.21, 0.35, 0.21, 0.42, 0.42, 0.21, 0.14, 0.57, 0.35, 0.42, 0.35, 0.42, 0.35, 0.42, 0.42, 0.28, 0.28, 0.35, 0.42, 0.28, 0.5, 0.42, 0.5, 0.42, 0.57, 0.5, 0.42, 0.42, 0.42, 0.5, 0.42, 0.5, 0.42, 0.42, 0.42, 0.5, 0.5, 0.5, 0.42, 0.57, 0.42, 0.5, 0.42, 0.35, 0.42, 0.5, 0.5, 0.35, 0.42, 0.5, 0.42, 0.35, 0.35, 0.57, 0.64, 0.71, 0.42, 0.64, 0.64, 0.5, 0.71, 0.78, 0.64, 0.57, 0.57, 0.71, 0.5, 0.71, 0.78, 0.5, 0.57, 0.57, 0.57, 0.57, 0.5, 0.71, 0.5, 0.85, 0.71, 0.5, 0.85, 0.57, 0.78, 0.64, 0.78

      accuracy, precision, recall, f_score
  mv: 0.7976, 0.7919, 0.7248, 0.7069
  wv: 0.8038, 0.7981, 0.7403, 0.7213
  fs: 0.0000, 0.0000, 0.0000, 0.0000
adab: 0.0000, 0.0000, 0.0000, 0.0000
eprl: 0.0000, 0.0000, 0.0000, 0.0000
ibrl: 0.0000, 0.0000, 0.0000, 0.0000

time costs: C, E, V, FS, Ada, EPRL, IBRL
       0.09, 0.29, 0.77, 0.0, 0.0, 0.0, 0.0
FS size: 0.00000, EPRL size: 0.00000, IBRL size: 0.00000
full test avg accu: 0.66393, part test avg accu: 0.65802
