{'dataset': 'lymph', 'algorithm': 'ptdqn', 'num_clf': 100, 'num_training': 10000, 'learning_rate': 0.1, 'discount_factor': 1.0, 'epsilon': 0.1, 'random_state': 6666, 'portion': 0.5, 'sequential': False}
reading data takes 0.277 sec
data shape: (148, 39)
number of labels: 4

Running iteration 1 of 10 fold...
loading ensembles takes 0.942 sec
creating environment takes 0.490 sec
voting takes 1.169 sec
      accuracy, precision, recall, f_score
  mv: 0.8000, 0.7481, 0.5694, 0.5523
  wv: 0.8000, 0.7481, 0.5694, 0.5523

0.7159999999999997
0.86, 0.73, 0.66, 0.73, 0.66, 0.8, 0.66, 0.66, 0.66, 0.6, 0.66, 0.73, 1.0, 0.73, 0.73, 0.6, 0.73, 0.86, 0.8, 0.53, 0.6, 0.73, 0.8, 0.53, 0.73, 0.73, 0.8, 0.66, 0.66, 0.73, 0.73, 0.73, 0.86, 0.73, 0.86, 0.66, 0.73, 0.73, 0.66, 0.66, 0.73, 0.53, 0.73, 0.6, 0.66, 0.8, 0.66, 0.6, 0.73, 0.66, 0.66, 0.73, 0.6, 0.73, 0.8, 0.66, 0.66, 0.73, 0.73, 0.66, 0.53, 0.66, 0.86, 0.6, 0.73, 0.66, 0.8, 0.86, 0.66, 0.8, 0.8, 0.66, 0.8, 0.73, 0.73, 0.8, 0.73, 0.4, 0.73, 0.6, 0.66, 0.73, 0.66, 0.8, 0.73, 0.86, 0.8, 0.66, 0.73, 0.6, 0.8, 0.8, 0.86, 0.8, 0.73, 0.8, 0.86, 0.6, 0.66, 0.6

0.7106666666666664
0.6, 0.66, 0.66, 0.8, 0.66, 0.8, 0.73, 0.73, 0.73, 0.73, 0.66, 0.73, 0.66, 0.66, 0.8, 0.86, 0.73, 0.53, 0.73, 0.6, 0.66, 0.73, 0.73, 0.73, 0.8, 0.73, 0.6, 0.8, 0.6, 0.8, 0.73, 0.53, 0.73, 0.8, 0.8, 0.66, 0.66, 0.66, 0.73, 0.73, 0.66, 0.73, 0.73, 0.86, 0.53, 0.73, 0.66, 0.66, 0.8, 0.6, 0.73, 0.66, 0.73, 0.66, 0.73, 0.8, 0.6, 0.6, 0.73, 0.8, 0.6, 0.8, 0.73, 0.8, 0.66, 0.73, 0.66, 0.73, 0.66, 0.8, 0.8, 0.73, 0.6, 0.8, 0.66, 0.8, 0.66, 0.66, 0.66, 0.73, 0.6, 0.66, 0.73, 0.86, 0.66, 0.86, 0.66, 0.73, 0.6, 0.73, 0.6, 0.66, 0.66, 0.73, 0.73, 0.73, 0.86, 0.73, 0.8, 0.6


Running iteration 2 of 10 fold...
loading ensembles takes 0.901 sec
creating environment takes 0.509 sec
voting takes 1.163 sec
      accuracy, precision, recall, f_score
  mv: 0.8667, 0.8933, 0.8571, 0.8611
  wv: 0.8667, 0.8933, 0.8571, 0.8611

0.7713333333333331
0.73, 0.8, 0.93, 0.73, 0.66, 0.73, 0.8, 0.73, 0.73, 0.86, 0.86, 0.6, 0.8, 0.93, 0.8, 0.73, 0.66, 0.93, 0.8, 0.53, 0.6, 0.86, 0.8, 0.6, 0.6, 0.93, 0.86, 0.33, 0.73, 0.73, 0.93, 0.8, 0.86, 0.86, 0.66, 0.8, 0.8, 0.93, 0.8, 0.66, 0.6, 0.86, 0.86, 0.8, 0.73, 0.86, 0.86, 0.73, 0.46, 0.8, 0.8, 0.6, 0.8, 0.73, 0.8, 0.53, 0.73, 0.86, 0.73, 0.73, 0.8, 0.86, 0.86, 0.73, 0.86, 0.8, 0.73, 0.4, 0.73, 0.86, 0.8, 0.6, 0.73, 0.86, 0.73, 0.8, 0.86, 0.86, 0.86, 0.6, 0.8, 0.93, 0.8, 0.6, 0.66, 0.93, 0.8, 0.8, 0.86, 0.8, 0.93, 0.6, 0.86, 0.86, 0.93, 0.66, 0.86, 0.86, 0.86, 0.73

0.7506666666666666
0.53, 0.8, 0.66, 0.53, 0.6, 0.86, 0.8, 0.66, 0.93, 0.86, 0.86, 0.66, 0.6, 0.86, 0.8, 0.33, 0.8, 0.8, 0.73, 0.86, 0.86, 0.73, 0.8, 0.66, 0.8, 1.0, 0.73, 0.8, 0.73, 1.0, 0.8, 0.66, 0.8, 0.86, 0.73, 0.73, 0.46, 0.8, 0.66, 0.6, 0.6, 0.86, 0.73, 0.66, 0.66, 0.8, 0.73, 0.73, 0.86, 0.73, 0.73, 0.66, 0.73, 0.66, 0.8, 0.66, 0.73, 0.86, 0.73, 0.66, 0.6, 0.66, 0.86, 0.73, 0.86, 0.8, 0.73, 0.73, 0.8, 0.8, 0.8, 0.66, 0.73, 0.8, 0.66, 0.73, 0.73, 0.8, 0.73, 0.6, 0.86, 0.73, 0.73, 0.66, 1.0, 0.93, 0.73, 0.66, 0.8, 0.8, 0.86, 0.8, 0.8, 0.8, 0.8, 0.73, 0.86, 0.73, 0.73, 0.6


Running iteration 3 of 10 fold...
loading ensembles takes 0.911 sec
creating environment takes 0.483 sec
voting takes 1.179 sec
      accuracy, precision, recall, f_score
  mv: 0.7333, 0.6333, 0.5714, 0.5238
  wv: 0.7333, 0.6333, 0.5714, 0.5238

0.6633333333333333
0.66, 0.8, 0.66, 0.53, 0.8, 0.73, 0.6, 0.73, 0.66, 0.66, 0.53, 0.53, 0.73, 0.53, 0.6, 0.8, 0.73, 0.66, 0.6, 0.66, 0.6, 0.73, 0.73, 0.66, 0.53, 0.53, 0.66, 0.66, 0.73, 0.66, 0.6, 0.8, 0.73, 0.53, 0.6, 0.6, 0.46, 0.8, 0.6, 0.66, 0.66, 0.73, 0.66, 0.73, 0.73, 0.66, 0.73, 0.53, 0.66, 0.4, 0.73, 0.73, 0.6, 0.66, 0.6, 0.73, 0.53, 0.8, 0.66, 0.66, 0.73, 0.53, 0.53, 0.73, 0.73, 0.6, 0.73, 0.66, 0.73, 0.73, 0.6, 0.8, 0.73, 0.8, 0.6, 0.6, 0.66, 0.73, 0.73, 0.73, 0.66, 0.73, 0.66, 0.73, 0.53, 0.6, 0.66, 0.66, 0.6, 0.73, 0.73, 0.6, 0.66, 0.6, 0.73, 0.53, 0.46, 0.66, 0.73, 0.8

0.6673333333333333
0.6, 0.53, 0.86, 0.6, 0.73, 0.53, 0.6, 0.73, 0.66, 0.66, 0.73, 0.86, 0.73, 0.66, 0.6, 0.66, 0.6, 0.73, 0.6, 0.6, 0.46, 0.6, 0.6, 0.66, 0.73, 0.6, 0.66, 0.73, 0.6, 0.73, 0.86, 0.66, 0.73, 0.6, 0.6, 0.53, 0.6, 0.66, 0.6, 0.6, 0.73, 0.73, 0.73, 0.6, 0.73, 0.66, 0.6, 0.66, 0.53, 0.73, 0.73, 0.8, 0.66, 0.66, 0.6, 0.73, 0.66, 0.53, 0.66, 0.53, 0.73, 0.8, 0.66, 0.66, 0.6, 0.66, 0.6, 0.66, 0.66, 0.73, 0.66, 0.66, 0.73, 0.86, 0.73, 0.86, 0.66, 0.6, 0.66, 0.66, 0.6, 0.73, 0.66, 0.73, 0.6, 0.66, 0.6, 0.6, 0.6, 0.73, 0.66, 0.66, 0.66, 0.46, 0.73, 0.66, 0.8, 0.46, 0.8, 0.8


Running iteration 4 of 10 fold...
loading ensembles takes 0.970 sec
creating environment takes 0.441 sec
voting takes 1.199 sec
      accuracy, precision, recall, f_score
  mv: 0.8000, 0.7955, 0.7500, 0.7619
  wv: 0.8000, 0.7955, 0.7500, 0.7619

0.7859999999999999
0.93, 0.66, 0.73, 0.8, 0.73, 0.73, 0.86, 0.6, 0.6, 0.86, 0.73, 0.73, 1.0, 0.73, 0.66, 0.66, 0.86, 0.86, 0.8, 0.86, 0.73, 0.33, 0.73, 0.86, 0.93, 0.8, 0.73, 0.73, 0.93, 1.0, 0.86, 0.8, 0.8, 0.8, 0.73, 0.66, 0.53, 0.93, 0.8, 0.6, 0.73, 0.86, 0.8, 0.86, 0.66, 0.93, 0.86, 0.73, 0.8, 0.93, 0.93, 0.66, 0.8, 0.6, 0.66, 0.8, 0.8, 0.93, 0.8, 0.6, 0.86, 0.73, 0.73, 0.66, 0.73, 0.8, 0.8, 0.86, 0.8, 0.86, 0.93, 0.66, 0.8, 0.86, 0.66, 0.6, 0.8, 0.8, 0.93, 0.6, 0.86, 0.86, 0.86, 0.73, 0.66, 0.93, 0.8, 0.8, 0.53, 0.8, 0.86, 0.6, 0.86, 0.93, 0.86, 0.8, 0.86, 1.0, 0.93, 0.86

0.7913333333333332
0.66, 0.86, 0.8, 0.66, 0.8, 0.8, 0.86, 0.8, 0.66, 0.86, 0.86, 0.73, 0.8, 0.8, 0.8, 0.66, 0.86, 0.8, 0.86, 0.73, 0.86, 0.8, 0.86, 0.86, 0.86, 0.86, 0.86, 0.6, 0.66, 0.8, 0.73, 0.8, 0.86, 0.93, 0.8, 0.73, 0.86, 0.86, 0.8, 0.73, 0.66, 0.66, 0.73, 0.73, 0.86, 0.8, 0.8, 0.73, 0.8, 0.93, 0.86, 0.66, 0.93, 0.86, 0.8, 0.86, 0.86, 0.93, 0.86, 0.73, 0.8, 0.86, 0.86, 0.6, 0.8, 0.73, 0.86, 0.8, 0.66, 0.73, 0.8, 0.66, 0.73, 0.8, 0.8, 0.66, 0.86, 1.0, 0.93, 0.8, 0.8, 0.6, 0.86, 0.66, 0.6, 0.93, 0.8, 0.8, 0.73, 0.66, 0.8, 0.66, 0.66, 0.8, 0.93, 0.8, 0.8, 0.86, 0.73, 0.73


Running iteration 5 of 10 fold...
loading ensembles takes 0.957 sec
creating environment takes 0.505 sec
voting takes 1.194 sec
      accuracy, precision, recall, f_score
  mv: 0.8000, 0.8667, 0.8333, 0.8000
  wv: 0.8000, 0.8667, 0.8333, 0.8000

0.738
0.73, 0.8, 0.8, 0.6, 0.8, 0.8, 0.8, 0.73, 0.66, 0.8, 0.8, 0.8, 0.6, 0.8, 0.8, 0.66, 0.8, 0.73, 0.8, 0.66, 0.8, 0.8, 0.8, 0.53, 0.6, 0.73, 0.8, 0.66, 0.73, 0.8, 0.8, 0.6, 0.8, 0.8, 0.8, 0.6, 0.66, 0.8, 0.8, 0.53, 0.6, 0.8, 0.8, 0.53, 0.8, 0.8, 0.8, 0.66, 0.66, 0.46, 0.8, 0.73, 0.86, 0.8, 0.8, 0.8, 0.8, 0.73, 0.8, 0.66, 0.73, 0.73, 0.8, 0.6, 0.73, 0.73, 0.8, 0.73, 0.8, 0.8, 0.8, 0.73, 0.8, 0.93, 0.8, 0.66, 0.8, 0.6, 0.8, 0.46, 0.93, 0.8, 0.8, 0.73, 0.8, 0.86, 0.8, 0.46, 0.73, 0.8, 0.8, 0.46, 0.86, 0.73, 0.8, 0.73, 0.66, 0.53, 0.8, 0.6

0.7693333333333334
0.66, 0.8, 0.8, 0.8, 0.73, 0.86, 0.86, 0.8, 0.66, 0.8, 0.86, 0.66, 0.8, 0.73, 0.8, 0.66, 0.8, 0.86, 0.86, 0.66, 0.73, 0.86, 0.73, 0.66, 0.53, 0.93, 0.8, 0.66, 0.8, 0.73, 0.86, 0.73, 0.86, 0.8, 0.8, 0.73, 0.8, 0.8, 0.86, 0.66, 0.86, 0.86, 0.8, 0.6, 0.8, 0.73, 0.8, 0.8, 0.73, 0.8, 0.86, 0.8, 0.8, 0.86, 0.8, 0.73, 0.73, 0.6, 0.8, 0.66, 0.8, 0.86, 0.86, 0.6, 0.8, 0.86, 0.93, 0.66, 0.73, 0.86, 0.86, 0.66, 0.8, 0.86, 0.8, 0.73, 0.8, 0.73, 0.86, 0.8, 0.73, 0.66, 0.93, 0.46, 0.8, 0.8, 0.86, 0.8, 0.66, 0.6, 0.86, 0.6, 0.66, 0.86, 0.66, 0.6, 0.73, 0.8, 0.73, 0.73


Running iteration 6 of 10 fold...
loading ensembles takes 0.942 sec
creating environment takes 0.515 sec
voting takes 1.231 sec
      accuracy, precision, recall, f_score
  mv: 0.9333, 0.8741, 0.6667, 0.6471
  wv: 0.9333, 0.8741, 0.6667, 0.6471

0.7519999999999999
0.73, 0.26, 0.8, 0.73, 0.86, 0.73, 0.93, 0.93, 0.86, 0.8, 0.6, 0.46, 0.8, 0.73, 0.86, 0.86, 0.93, 0.86, 0.86, 0.8, 0.86, 0.93, 0.73, 0.4, 0.6, 0.86, 0.53, 0.8, 0.66, 0.73, 0.8, 0.73, 0.73, 0.8, 0.8, 0.93, 0.8, 0.86, 0.6, 0.93, 0.8, 0.86, 0.8, 0.93, 0.73, 0.73, 0.73, 0.4, 0.93, 0.73, 0.8, 0.4, 0.6, 0.73, 0.73, 0.6, 0.8, 0.73, 0.86, 0.8, 0.8, 0.8, 0.73, 0.86, 0.8, 0.66, 0.73, 0.93, 0.8, 0.86, 0.73, 0.8, 0.73, 0.8, 0.6, 0.8, 0.8, 0.66, 0.73, 0.73, 0.66, 0.73, 0.8, 0.73, 0.73, 0.86, 0.8, 0.86, 0.8, 0.8, 0.6, 0.46, 0.73, 0.53, 0.6, 0.4, 0.86, 0.8, 0.8, 0.86

0.6626666666666666
0.73, 0.8, 0.8, 0.73, 0.66, 0.73, 0.53, 0.46, 0.93, 0.8, 0.8, 0.86, 0.66, 0.66, 0.53, 0.73, 0.73, 0.73, 0.8, 0.53, 0.73, 0.46, 0.66, 0.66, 0.53, 0.73, 0.6, 0.6, 0.73, 0.73, 0.4, 0.66, 0.4, 0.66, 0.46, 0.46, 0.46, 0.86, 0.66, 0.73, 0.6, 0.86, 0.66, 0.4, 0.6, 0.6, 0.66, 0.46, 0.6, 0.86, 0.46, 0.66, 0.6, 0.8, 0.46, 0.4, 0.73, 0.86, 0.46, 0.4, 0.73, 0.8, 0.6, 0.86, 0.53, 0.8, 0.6, 0.4, 0.6, 0.66, 0.53, 0.4, 0.73, 0.86, 0.73, 0.4, 0.66, 0.86, 0.8, 0.86, 0.6, 0.8, 0.66, 0.86, 0.8, 0.8, 0.8, 0.66, 0.73, 0.73, 0.73, 0.53, 0.73, 0.8, 0.46, 0.66, 0.66, 0.8, 0.73, 0.46


Running iteration 7 of 10 fold...
loading ensembles takes 0.962 sec
creating environment takes 0.524 sec
voting takes 1.203 sec
      accuracy, precision, recall, f_score
  mv: 0.8667, 0.8667, 0.8295, 0.8295
  wv: 0.8000, 0.8200, 0.7841, 0.7619

0.7906666666666666
0.8, 0.86, 0.8, 0.8, 0.8, 0.73, 0.8, 0.93, 0.66, 0.86, 0.66, 0.66, 0.6, 1.0, 0.86, 0.8, 0.86, 0.86, 0.93, 0.73, 0.86, 0.93, 0.66, 0.4, 0.66, 0.93, 0.66, 0.73, 0.53, 0.86, 0.8, 0.73, 0.8, 1.0, 0.73, 0.73, 0.86, 0.8, 0.86, 1.0, 0.6, 0.8, 0.86, 0.66, 0.86, 0.93, 0.86, 0.73, 0.8, 0.8, 0.86, 0.73, 0.6, 1.0, 0.8, 0.8, 0.66, 0.73, 0.73, 0.86, 0.8, 0.86, 0.8, 0.8, 0.73, 0.8, 0.93, 0.4, 0.73, 0.93, 0.66, 0.8, 0.66, 0.8, 0.8, 0.6, 0.86, 0.93, 0.86, 0.8, 0.86, 0.93, 0.8, 0.33, 0.66, 1.0, 0.8, 0.6, 0.8, 0.86, 0.86, 0.6, 0.86, 1.0, 0.93, 0.93, 0.66, 0.86, 0.86, 0.8

0.7053333333333334
0.8, 0.93, 0.6, 0.73, 0.53, 0.8, 0.8, 0.73, 0.66, 0.8, 0.8, 0.73, 0.53, 0.93, 0.73, 0.66, 0.6, 0.73, 0.46, 0.4, 0.86, 0.73, 0.73, 0.73, 0.86, 0.73, 0.8, 0.8, 0.73, 0.86, 0.73, 0.73, 0.66, 0.8, 0.6, 0.6, 0.6, 0.8, 0.86, 0.26, 0.8, 0.93, 0.73, 0.46, 0.8, 0.66, 0.8, 0.66, 0.6, 0.8, 1.0, 0.4, 0.8, 0.93, 0.6, 0.8, 0.73, 0.86, 0.66, 0.73, 0.66, 0.8, 0.73, 0.6, 0.86, 0.6, 0.8, 0.46, 0.53, 0.86, 0.53, 0.66, 0.4, 0.8, 0.66, 0.6, 0.66, 0.86, 0.73, 0.8, 0.6, 0.93, 0.66, 0.86, 0.66, 0.46, 0.86, 0.46, 0.66, 0.8, 0.8, 0.86, 0.46, 0.93, 0.73, 0.4, 0.53, 0.86, 0.53, 0.4


Running iteration 8 of 10 fold...
loading ensembles takes 0.900 sec
creating environment takes 0.508 sec
voting takes 1.186 sec
      accuracy, precision, recall, f_score
  mv: 0.8667, 0.9000, 0.8889, 0.8661
  wv: 0.8667, 0.9000, 0.8889, 0.8661

0.7353333333333331
0.6, 0.66, 0.8, 0.8, 0.66, 0.86, 0.73, 0.53, 0.66, 0.8, 0.73, 0.66, 0.46, 0.73, 0.8, 0.66, 0.66, 0.73, 0.8, 0.73, 0.8, 0.73, 0.66, 0.8, 0.6, 0.86, 0.8, 0.6, 0.8, 0.8, 0.93, 0.6, 0.86, 0.73, 0.66, 0.66, 0.73, 0.73, 0.8, 0.6, 0.86, 0.8, 0.66, 0.6, 0.6, 0.8, 0.8, 0.86, 0.73, 0.86, 0.86, 0.66, 0.8, 0.93, 0.66, 0.66, 0.73, 0.86, 0.8, 0.73, 0.8, 0.8, 0.93, 0.6, 0.8, 0.66, 0.8, 0.53, 0.66, 0.66, 0.86, 0.6, 0.6, 0.93, 0.86, 0.73, 0.6, 0.6, 0.8, 0.73, 0.66, 0.66, 0.86, 0.73, 0.66, 0.8, 0.73, 0.53, 0.73, 0.86, 0.8, 0.93, 0.66, 0.8, 0.8, 0.6, 0.6, 0.6, 0.8, 0.8

0.7506666666666666
0.73, 0.86, 0.66, 0.6, 0.73, 0.8, 0.93, 0.6, 0.73, 0.6, 0.93, 0.73, 0.53, 0.8, 0.73, 0.6, 0.73, 0.86, 0.73, 0.6, 0.8, 0.66, 0.93, 0.66, 0.93, 0.86, 0.8, 0.73, 0.73, 0.86, 0.8, 0.8, 0.73, 0.66, 0.86, 0.66, 0.53, 0.93, 0.93, 0.8, 0.6, 0.8, 0.8, 0.6, 0.6, 0.86, 0.8, 0.6, 0.66, 0.8, 0.8, 0.66, 0.4, 0.8, 0.86, 0.73, 0.73, 0.66, 0.73, 0.6, 0.86, 0.6, 0.6, 0.86, 0.73, 0.8, 0.6, 0.8, 0.73, 0.8, 0.8, 0.8, 0.8, 0.86, 0.66, 0.6, 0.73, 0.86, 1.0, 0.6, 0.86, 0.8, 0.93, 0.8, 0.93, 0.86, 0.86, 0.8, 0.8, 0.66, 0.8, 0.66, 0.8, 0.6, 0.8, 0.73, 0.6, 0.86, 0.66, 0.66


Running iteration 9 of 10 fold...
loading ensembles takes 0.877 sec
creating environment takes 0.461 sec
voting takes 1.127 sec
      accuracy, precision, recall, f_score
  mv: 0.8571, 0.9048, 0.9000, 0.8444
  wv: 0.8571, 0.9048, 0.9000, 0.8444

0.7985714285714286
0.78, 0.85, 0.85, 0.28, 0.71, 0.85, 0.85, 0.85, 0.78, 0.92, 0.92, 0.85, 0.92, 0.78, 0.85, 0.78, 1.0, 0.85, 0.85, 0.28, 0.78, 0.85, 0.78, 0.78, 0.64, 0.92, 0.92, 0.71, 0.64, 0.92, 0.78, 0.92, 0.85, 0.92, 0.85, 0.92, 0.92, 0.92, 0.85, 0.92, 0.71, 1.0, 0.78, 0.78, 0.78, 0.85, 0.78, 0.78, 0.78, 1.0, 0.85, 0.42, 0.85, 0.28, 0.85, 0.85, 0.57, 0.85, 0.85, 0.85, 0.78, 0.78, 0.78, 1.0, 0.78, 0.92, 0.71, 1.0, 0.85, 0.85, 0.85, 0.64, 0.78, 0.85, 0.85, 0.35, 0.71, 0.92, 0.78, 0.42, 0.85, 0.92, 0.85, 0.28, 0.78, 0.92, 0.85, 1.0, 0.78, 0.92, 0.78, 0.35, 0.78, 0.92, 0.85, 0.85, 0.78, 0.92, 0.85, 0.35

0.7471428571428573
0.71, 0.92, 0.78, 0.35, 0.85, 0.85, 0.71, 0.35, 0.92, 0.92, 0.64, 0.78, 0.64, 0.78, 0.78, 0.57, 0.5, 0.42, 0.78, 0.78, 0.71, 0.92, 0.71, 0.35, 0.92, 0.85, 0.78, 0.64, 0.57, 0.71, 0.85, 1.0, 0.71, 0.92, 0.78, 0.92, 0.42, 0.92, 0.78, 0.85, 0.92, 0.92, 0.78, 0.35, 0.92, 0.78, 0.71, 0.35, 0.92, 0.64, 0.64, 0.71, 0.71, 0.92, 0.71, 0.42, 0.92, 0.92, 0.78, 0.64, 0.78, 0.64, 0.78, 0.71, 0.78, 0.92, 0.92, 0.92, 0.78, 0.71, 0.92, 0.35, 0.78, 0.85, 0.78, 0.64, 0.71, 0.92, 0.85, 0.64, 0.71, 0.78, 0.85, 0.35, 0.64, 0.92, 0.78, 0.85, 0.78, 0.92, 0.78, 0.64, 0.92, 0.78, 0.78, 0.35, 0.85, 0.92, 0.78, 0.35


Running iteration 10 of 10 fold...
loading ensembles takes 0.880 sec
creating environment takes 0.487 sec
voting takes 1.116 sec
      accuracy, precision, recall, f_score
  mv: 0.5000, 0.4898, 0.2812, 0.2576
  wv: 0.5000, 0.4898, 0.2812, 0.2576

0.5714285714285715
0.71, 0.5, 0.5, 0.57, 0.57, 0.5, 0.57, 0.5, 0.42, 0.5, 0.57, 0.42, 0.78, 0.71, 0.71, 0.57, 0.71, 0.57, 0.42, 0.5, 0.35, 0.57, 0.64, 0.42, 0.57, 0.57, 0.57, 0.5, 0.57, 0.64, 0.42, 0.5, 0.64, 0.64, 0.5, 0.5, 0.71, 0.71, 0.71, 0.5, 0.64, 0.71, 0.57, 0.42, 0.57, 0.5, 0.71, 0.57, 0.78, 0.64, 0.5, 0.64, 0.64, 0.57, 0.42, 0.42, 0.85, 0.64, 0.64, 0.35, 0.57, 0.5, 0.5, 0.42, 0.57, 0.71, 0.71, 0.5, 0.64, 0.42, 0.5, 0.5, 0.57, 0.5, 0.64, 0.64, 0.5, 0.5, 0.64, 0.64, 0.57, 0.64, 0.57, 0.5, 0.71, 0.57, 0.42, 0.57, 0.21, 0.57, 0.5, 0.5, 0.71, 0.71, 0.64, 0.57, 0.57, 0.64, 0.64, 0.57

0.5278571428571428
0.64, 0.35, 0.5, 0.64, 0.5, 0.57, 0.42, 0.5, 0.57, 0.42, 0.28, 0.57, 0.71, 0.64, 0.57, 0.42, 0.5, 0.5, 0.42, 0.5, 0.64, 0.57, 0.42, 0.5, 0.71, 0.57, 0.64, 0.57, 0.42, 0.5, 0.5, 0.5, 0.5, 0.5, 0.42, 0.5, 0.5, 0.42, 0.64, 0.5, 0.57, 0.5, 0.21, 0.5, 0.57, 0.57, 0.57, 0.5, 0.64, 0.57, 0.42, 0.42, 0.5, 0.57, 0.64, 0.5, 0.57, 0.57, 0.57, 0.57, 0.5, 0.5, 0.5, 0.5, 0.42, 0.57, 0.42, 0.57, 0.71, 0.35, 0.57, 0.5, 0.5, 0.5, 0.5, 0.57, 0.42, 0.57, 0.5, 0.5, 0.5, 0.64, 0.42, 0.57, 0.5, 0.64, 0.5, 0.5, 0.42, 0.64, 0.5, 0.64, 0.71, 0.71, 0.42, 0.64, 0.5, 0.57, 0.5, 0.57

      accuracy, precision, recall, f_score
  mv: 0.8024, 0.7972, 0.7148, 0.6944
  wv: 0.7957, 0.7926, 0.7102, 0.6876
  fs: 0.0000, 0.0000, 0.0000, 0.0000
adab: 0.0000, 0.0000, 0.0000, 0.0000
eprl: 0.0000, 0.0000, 0.0000, 0.0000
ibrl: 0.0000, 0.0000, 0.0000, 0.0000

time costs: C, E, V, FS, Ada, EPRL, IBRL
       0.92, 0.49, 1.17, 0.0, 0.0, 0.0, 0.0
FS size: 0.00000, EPRL size: 0.00000, IBRL size: 0.00000
full test avg accu: 0.73227, part test avg accu: 0.70830
