{'dataset': 'lymph', 'algorithm': 'ptdqn', 'num_clf': 100, 'num_training': 10000, 'learning_rate': 0.1, 'discount_factor': 1.0, 'epsilon': 0.1, 'random_state': 6666, 'portion': 0.5, 'sequential': False}
reading data takes 0.255 sec
data shape: (148, 39)
number of labels: 4

Running iteration 1 of 10 fold...
loading ensembles takes 0.098 sec
creating environment takes 0.315 sec
voting takes 0.789 sec
      accuracy, precision, recall, f_score
  mv: 0.8000, 0.7524, 0.5694, 0.5481
  wv: 0.8000, 0.7524, 0.5694, 0.5481

0.7206666666666665
0.86, 0.66, 0.66, 0.73, 0.66, 0.66, 0.73, 0.8, 0.66, 0.46, 0.86, 0.86, 1.0, 0.8, 0.73, 0.73, 0.73, 0.86, 0.73, 0.66, 0.6, 0.46, 0.8, 0.86, 0.73, 0.93, 0.8, 0.8, 0.66, 0.8, 0.8, 0.66, 0.86, 0.8, 0.73, 0.8, 0.73, 0.6, 0.66, 0.66, 0.73, 0.6, 0.73, 0.66, 0.66, 0.66, 0.73, 0.86, 0.73, 0.53, 0.8, 0.6, 0.6, 0.66, 0.6, 0.73, 0.66, 0.73, 0.53, 0.73, 0.53, 0.93, 0.66, 0.8, 0.73, 0.6, 0.8, 0.8, 0.66, 0.73, 0.73, 0.66, 0.8, 0.73, 0.66, 0.66, 0.73, 0.93, 0.6, 0.73, 0.66, 0.73, 0.8, 0.73, 0.73, 0.53, 0.6, 0.6, 0.73, 0.93, 0.6, 0.73, 0.86, 0.73, 0.66, 0.66, 0.86, 0.8, 0.73, 0.46

0.704
0.6, 0.86, 0.73, 0.73, 0.66, 0.86, 0.8, 0.66, 0.73, 0.53, 0.73, 0.66, 0.66, 0.86, 0.93, 0.53, 0.73, 0.73, 0.8, 0.66, 0.66, 0.53, 0.86, 0.66, 0.8, 0.73, 0.73, 0.73, 0.6, 0.86, 0.66, 0.66, 0.73, 0.73, 0.73, 0.73, 0.66, 0.73, 0.73, 0.86, 0.66, 0.8, 0.86, 0.73, 0.53, 0.93, 0.8, 0.73, 0.8, 0.73, 0.66, 0.46, 0.73, 0.73, 0.53, 0.73, 0.6, 0.86, 0.66, 0.66, 0.6, 0.86, 0.6, 0.86, 0.66, 0.53, 0.73, 0.8, 0.66, 0.8, 0.86, 0.73, 0.6, 0.73, 0.6, 0.6, 0.66, 0.6, 0.6, 0.8, 0.6, 0.73, 0.66, 0.53, 0.66, 0.53, 0.73, 0.73, 0.6, 0.66, 0.6, 0.6, 0.66, 0.73, 0.66, 0.4, 0.86, 0.73, 0.8, 0.66


Running iteration 2 of 10 fold...
loading ensembles takes 0.097 sec
creating environment takes 0.300 sec
voting takes 0.793 sec
      accuracy, precision, recall, f_score
  mv: 0.8667, 0.8933, 0.8571, 0.8611
  wv: 0.8667, 0.8933, 0.8571, 0.8611

0.7473333333333332
0.73, 0.66, 0.73, 0.73, 0.66, 0.86, 0.6, 0.66, 0.73, 0.8, 0.53, 0.6, 0.8, 0.66, 0.8, 0.86, 0.66, 0.8, 0.8, 0.73, 0.6, 0.53, 0.4, 0.53, 0.6, 0.86, 0.8, 0.86, 0.73, 0.4, 0.73, 0.93, 0.86, 0.8, 0.86, 0.46, 0.8, 0.73, 0.8, 0.8, 0.6, 0.73, 0.66, 0.6, 0.73, 0.93, 0.6, 0.73, 0.46, 0.6, 0.73, 0.8, 0.8, 0.8, 0.93, 0.66, 0.73, 0.93, 1.0, 0.8, 0.8, 0.73, 0.86, 0.66, 0.86, 0.8, 0.73, 0.73, 0.73, 0.8, 0.73, 0.8, 0.73, 0.73, 0.73, 0.66, 0.86, 0.8, 0.8, 0.86, 0.8, 0.66, 0.8, 0.53, 0.66, 0.86, 0.66, 0.86, 0.86, 0.8, 0.8, 0.8, 0.86, 0.86, 0.66, 0.93, 0.86, 0.73, 0.86, 0.86

0.7526666666666665
0.53, 0.53, 0.86, 0.73, 0.6, 0.66, 0.73, 0.73, 0.93, 0.66, 0.8, 0.66, 0.6, 0.8, 0.8, 0.73, 0.8, 0.66, 0.6, 1.0, 0.86, 0.8, 0.73, 0.8, 0.8, 0.6, 0.86, 0.93, 0.73, 0.73, 0.73, 0.6, 0.8, 0.8, 0.93, 0.8, 0.46, 0.53, 0.66, 0.8, 0.6, 0.86, 0.66, 0.73, 0.66, 0.6, 0.73, 0.73, 0.86, 0.86, 0.66, 0.73, 0.73, 0.73, 0.73, 0.86, 0.73, 0.8, 0.73, 0.86, 0.6, 0.66, 0.66, 0.73, 0.86, 0.8, 0.73, 0.73, 0.8, 0.73, 0.93, 1.0, 0.73, 0.73, 0.66, 0.86, 0.73, 0.73, 0.73, 0.46, 0.86, 0.93, 0.73, 0.66, 1.0, 0.73, 0.93, 0.86, 0.8, 0.6, 0.86, 0.73, 0.8, 0.73, 0.66, 0.8, 0.86, 0.86, 0.73, 0.73


Running iteration 3 of 10 fold...
loading ensembles takes 0.097 sec
creating environment takes 0.298 sec
voting takes 0.790 sec
      accuracy, precision, recall, f_score
  mv: 0.6000, 0.5200, 0.4762, 0.4167
  wv: 0.6667, 0.5778, 0.5238, 0.4718

0.6393333333333333
0.66, 0.53, 0.66, 0.66, 0.8, 0.6, 0.53, 0.66, 0.66, 0.73, 0.66, 0.73, 0.73, 0.6, 0.73, 0.8, 0.73, 0.6, 0.73, 0.53, 0.6, 0.53, 0.8, 0.73, 0.53, 0.66, 0.66, 0.73, 0.73, 0.6, 0.6, 0.53, 0.73, 0.8, 0.46, 0.6, 0.46, 0.6, 0.53, 0.46, 0.66, 0.6, 0.66, 0.66, 0.73, 0.8, 0.73, 0.6, 0.66, 0.53, 0.6, 0.66, 0.6, 0.66, 0.53, 0.66, 0.53, 0.8, 0.66, 0.66, 0.73, 0.66, 0.66, 0.6, 0.73, 0.66, 0.6, 0.73, 0.73, 0.73, 0.6, 0.66, 0.73, 0.6, 0.66, 0.6, 0.66, 0.66, 0.46, 0.73, 0.66, 0.53, 0.46, 0.73, 0.53, 0.73, 0.53, 0.6, 0.6, 0.6, 0.46, 0.6, 0.66, 0.66, 0.53, 0.6, 0.46, 0.6, 0.66, 0.53

0.6646666666666668
0.6, 0.86, 0.6, 0.8, 0.73, 0.8, 0.66, 0.46, 0.66, 0.53, 0.53, 0.73, 0.73, 0.6, 0.53, 0.8, 0.6, 0.86, 0.66, 0.66, 0.46, 0.66, 0.6, 0.73, 0.73, 0.8, 0.73, 0.66, 0.6, 0.6, 0.73, 0.86, 0.73, 0.66, 0.66, 0.66, 0.6, 0.66, 0.8, 0.6, 0.73, 0.8, 0.66, 0.6, 0.73, 0.46, 0.46, 0.8, 0.53, 0.73, 0.53, 0.66, 0.66, 0.73, 0.6, 0.8, 0.66, 0.66, 0.6, 0.8, 0.73, 0.53, 0.8, 0.73, 0.6, 0.6, 0.6, 0.53, 0.66, 0.46, 0.66, 0.66, 0.73, 0.86, 0.93, 0.53, 0.66, 0.6, 0.66, 0.73, 0.6, 0.53, 0.73, 0.6, 0.6, 0.6, 0.6, 0.73, 0.6, 0.6, 0.6, 0.6, 0.66, 0.53, 0.6, 0.8, 0.8, 0.66, 0.66, 0.66


Running iteration 4 of 10 fold...
loading ensembles takes 0.096 sec
creating environment takes 0.299 sec
voting takes 0.792 sec
      accuracy, precision, recall, f_score
  mv: 1.0000, 1.0000, 1.0000, 1.0000
  wv: 1.0000, 1.0000, 1.0000, 1.0000

0.7759999999999999
0.93, 0.73, 0.73, 0.73, 0.73, 0.93, 0.86, 0.86, 0.6, 0.86, 0.6, 0.66, 1.0, 0.73, 0.8, 0.6, 0.86, 0.86, 0.86, 0.73, 0.73, 0.8, 0.86, 1.0, 0.93, 0.8, 0.8, 0.73, 0.93, 0.86, 0.8, 0.73, 0.8, 0.8, 0.73, 0.66, 0.53, 0.73, 0.66, 0.8, 0.73, 0.73, 0.73, 0.8, 0.66, 0.93, 0.8, 0.6, 0.8, 0.8, 0.86, 0.8, 0.8, 0.86, 0.73, 0.66, 0.8, 0.53, 1.0, 0.86, 0.86, 0.66, 0.73, 0.6, 0.73, 0.66, 0.8, 0.8, 0.8, 0.66, 0.73, 0.8, 0.8, 0.93, 0.86, 0.86, 0.8, 0.66, 0.93, 0.73, 0.86, 0.8, 0.86, 0.86, 0.66, 0.73, 0.73, 0.86, 0.53, 0.73, 0.73, 0.73, 0.86, 0.66, 0.73, 0.73, 0.86, 0.66, 0.73, 0.73

0.774
0.66, 0.93, 0.8, 0.66, 0.8, 0.73, 0.8, 0.66, 0.66, 0.86, 0.73, 0.86, 0.8, 0.73, 0.73, 0.8, 0.86, 0.66, 0.66, 0.73, 0.86, 1.0, 0.8, 0.8, 0.86, 0.93, 0.73, 0.8, 0.66, 0.66, 0.8, 0.8, 0.86, 0.8, 0.6, 0.73, 0.86, 0.6, 0.66, 0.86, 0.66, 0.8, 0.93, 0.66, 0.86, 0.73, 0.6, 0.86, 0.8, 0.8, 0.8, 0.86, 0.93, 0.6, 0.86, 0.46, 0.86, 0.86, 0.86, 0.93, 0.8, 0.73, 0.73, 0.86, 0.8, 0.8, 0.86, 0.73, 0.66, 0.8, 0.73, 0.8, 0.73, 0.73, 0.73, 0.8, 0.86, 0.6, 0.86, 0.8, 0.8, 0.93, 0.8, 0.73, 0.6, 0.6, 0.73, 0.73, 0.73, 0.8, 0.93, 0.8, 0.66, 0.93, 0.8, 0.66, 0.8, 0.73, 0.66, 0.73


Running iteration 5 of 10 fold...
loading ensembles takes 0.097 sec
creating environment takes 0.298 sec
voting takes 0.791 sec
      accuracy, precision, recall, f_score
  mv: 0.8000, 0.8667, 0.8333, 0.8000
  wv: 0.8000, 0.8667, 0.8333, 0.8000

0.7460000000000001
0.73, 0.73, 0.8, 0.66, 0.8, 0.73, 0.73, 0.93, 0.66, 0.66, 0.66, 0.66, 0.6, 0.8, 0.8, 0.86, 0.8, 0.86, 0.66, 0.66, 0.8, 0.86, 0.73, 0.73, 0.6, 0.8, 0.8, 0.73, 0.73, 0.73, 0.66, 0.66, 0.8, 0.8, 0.8, 0.86, 0.66, 0.8, 0.53, 0.46, 0.6, 0.73, 0.8, 0.8, 0.8, 0.73, 0.73, 0.73, 0.66, 0.73, 0.73, 0.73, 0.86, 0.66, 0.73, 0.6, 0.8, 0.73, 0.73, 0.8, 0.73, 0.86, 0.86, 0.6, 0.73, 0.8, 0.86, 0.8, 0.8, 0.73, 0.86, 0.8, 0.8, 0.93, 0.8, 0.8, 0.8, 0.73, 0.66, 0.6, 0.93, 0.8, 0.8, 0.66, 0.8, 0.53, 0.73, 0.86, 0.73, 0.73, 0.53, 0.66, 0.86, 0.73, 0.8, 0.8, 0.66, 0.66, 0.66, 0.8

0.7693333333333331
0.66, 0.73, 0.86, 0.8, 0.73, 0.66, 0.8, 0.8, 0.66, 0.6, 0.8, 0.66, 0.8, 0.66, 0.6, 0.8, 0.8, 0.66, 0.93, 0.66, 0.73, 0.73, 0.8, 0.73, 0.53, 0.86, 0.73, 0.86, 0.8, 0.8, 0.8, 0.8, 0.86, 0.8, 0.8, 1.0, 0.8, 0.73, 0.66, 0.73, 0.86, 0.8, 0.66, 0.86, 0.8, 0.8, 0.6, 0.73, 0.73, 0.8, 0.8, 0.8, 0.8, 0.86, 0.8, 0.86, 0.73, 0.66, 0.66, 0.66, 0.8, 0.73, 0.8, 0.73, 0.8, 0.73, 0.8, 0.86, 0.73, 0.86, 0.73, 0.66, 0.8, 0.86, 0.8, 0.8, 0.8, 0.8, 0.73, 0.8, 0.73, 0.8, 0.66, 0.8, 0.8, 0.8, 0.93, 0.86, 0.66, 0.8, 0.8, 0.86, 0.66, 0.73, 0.8, 0.66, 0.73, 0.86, 0.73, 0.86


Running iteration 6 of 10 fold...
loading ensembles takes 0.096 sec
creating environment takes 0.298 sec
voting takes 0.792 sec
      accuracy, precision, recall, f_score
  mv: 0.9333, 0.8741, 0.6667, 0.6471
  wv: 0.9333, 0.8741, 0.6667, 0.6471

0.7593333333333332
0.73, 0.66, 0.73, 0.86, 0.86, 0.66, 0.6, 0.8, 0.86, 0.8, 0.73, 0.73, 0.8, 0.73, 0.6, 0.86, 0.93, 0.8, 0.8, 0.86, 0.86, 0.73, 0.73, 0.73, 0.6, 0.6, 0.66, 0.86, 0.66, 0.73, 0.8, 0.86, 0.73, 0.86, 0.73, 0.86, 0.8, 0.8, 0.66, 0.8, 0.8, 0.66, 0.66, 0.86, 0.73, 0.73, 0.93, 0.8, 0.93, 0.8, 0.73, 0.6, 0.6, 0.86, 0.73, 0.93, 0.8, 0.66, 0.6, 0.6, 0.8, 0.8, 0.93, 0.8, 0.8, 0.73, 0.8, 0.8, 0.8, 0.53, 0.73, 0.66, 0.73, 0.8, 0.53, 0.53, 0.8, 0.46, 0.6, 0.8, 0.66, 0.8, 0.66, 0.86, 0.73, 0.93, 0.8, 0.73, 0.8, 0.86, 0.8, 0.8, 0.73, 0.73, 0.86, 0.86, 0.86, 0.66, 0.8, 0.8

0.6546666666666667
0.73, 0.53, 0.53, 0.86, 0.66, 0.53, 0.53, 0.46, 0.93, 0.4, 0.66, 0.73, 0.66, 0.8, 0.53, 0.6, 0.73, 0.53, 0.6, 0.73, 0.73, 0.6, 0.53, 0.73, 0.53, 0.86, 0.73, 0.66, 0.73, 0.66, 0.73, 0.53, 0.4, 0.73, 0.8, 0.73, 0.46, 0.66, 0.8, 0.6, 0.6, 0.6, 0.66, 0.46, 0.6, 0.66, 0.46, 0.8, 0.6, 0.53, 0.53, 0.73, 0.6, 0.53, 0.8, 0.73, 0.73, 0.53, 0.66, 0.33, 0.73, 0.86, 0.66, 0.8, 0.53, 0.86, 0.46, 0.73, 0.6, 0.4, 0.8, 0.4, 0.73, 0.73, 0.6, 0.6, 0.66, 0.66, 0.53, 0.46, 0.6, 0.6, 0.86, 0.86, 0.8, 0.6, 0.8, 0.66, 0.73, 0.6, 0.8, 0.6, 0.73, 0.66, 0.8, 0.86, 0.66, 0.8, 0.6, 0.66


Running iteration 7 of 10 fold...
loading ensembles takes 0.097 sec
creating environment takes 0.298 sec
voting takes 0.796 sec
      accuracy, precision, recall, f_score
  mv: 0.8000, 0.8200, 0.7841, 0.7619
  wv: 0.8000, 0.8200, 0.7841, 0.7619

0.7173333333333332
0.8, 0.8, 0.86, 0.73, 0.8, 0.6, 0.6, 0.73, 0.66, 0.86, 0.46, 0.8, 0.6, 0.73, 0.73, 0.73, 0.86, 0.86, 0.66, 0.66, 0.86, 0.86, 0.66, 1.0, 0.66, 0.73, 0.8, 0.8, 0.53, 0.8, 0.6, 0.8, 0.8, 0.8, 0.8, 0.73, 0.86, 0.73, 0.46, 0.73, 0.6, 0.93, 0.73, 0.66, 0.86, 0.66, 0.66, 0.73, 0.8, 0.53, 0.6, 0.4, 0.6, 0.66, 0.8, 0.6, 0.66, 0.6, 0.4, 0.86, 0.8, 0.73, 0.66, 0.93, 0.73, 0.8, 0.6, 0.86, 0.73, 0.73, 0.6, 0.6, 0.66, 0.8, 0.8, 0.8, 0.86, 0.53, 0.73, 0.66, 0.86, 0.73, 0.73, 0.8, 0.66, 0.8, 0.66, 0.53, 0.8, 0.73, 0.66, 0.46, 0.86, 0.86, 0.73, 0.53, 0.66, 0.73, 0.86, 0.26

0.6853333333333333
0.8, 0.73, 0.66, 0.66, 0.53, 0.66, 0.66, 0.66, 0.66, 0.66, 0.46, 0.73, 0.53, 0.73, 0.6, 0.6, 0.6, 0.6, 0.53, 0.66, 0.86, 0.73, 0.73, 0.6, 0.86, 0.8, 0.66, 0.73, 0.73, 0.8, 0.73, 0.53, 0.66, 0.66, 0.8, 0.6, 0.6, 0.8, 0.8, 0.73, 0.8, 0.73, 0.8, 0.6, 0.8, 0.66, 0.73, 0.8, 0.6, 0.73, 0.53, 0.66, 0.8, 0.53, 0.73, 0.66, 0.73, 0.73, 0.86, 0.46, 0.66, 0.8, 0.73, 0.46, 0.86, 0.86, 0.6, 0.8, 0.53, 0.66, 0.8, 0.86, 0.4, 0.66, 0.66, 0.8, 0.66, 0.86, 0.8, 0.73, 0.6, 0.66, 0.66, 0.6, 0.66, 0.66, 0.8, 0.46, 0.66, 0.66, 0.86, 0.8, 0.46, 0.6, 0.6, 0.73, 0.53, 0.73, 0.53, 0.66


Running iteration 8 of 10 fold...
loading ensembles takes 0.096 sec
creating environment takes 0.303 sec
voting takes 0.796 sec
      accuracy, precision, recall, f_score
  mv: 0.8667, 0.9000, 0.8889, 0.8661
  wv: 0.8667, 0.9000, 0.8889, 0.8661

0.7033333333333331
0.6, 0.73, 0.86, 0.6, 0.66, 0.8, 0.66, 0.8, 0.66, 0.6, 0.53, 0.66, 0.46, 0.46, 0.73, 0.73, 0.66, 0.66, 0.66, 0.8, 0.8, 0.73, 0.66, 0.66, 0.6, 0.66, 0.86, 0.73, 0.8, 0.73, 0.86, 0.66, 0.86, 0.66, 0.66, 0.86, 0.73, 0.8, 0.8, 0.6, 0.86, 0.73, 0.86, 0.66, 0.6, 0.66, 0.46, 0.53, 0.73, 0.66, 0.86, 0.73, 0.8, 0.6, 0.66, 0.8, 0.73, 0.6, 0.6, 0.8, 0.8, 0.66, 0.8, 0.86, 0.8, 0.8, 0.73, 0.73, 0.66, 0.6, 0.66, 0.53, 0.6, 0.66, 0.66, 0.66, 0.6, 0.6, 0.86, 0.8, 0.66, 0.86, 0.66, 0.73, 0.66, 0.8, 0.6, 0.73, 0.73, 0.46, 0.73, 0.73, 0.66, 0.73, 0.66, 0.66, 0.6, 0.86, 0.73, 0.66

0.726
0.73, 0.66, 0.66, 0.66, 0.73, 0.6, 0.66, 0.66, 0.73, 0.66, 0.73, 0.6, 0.53, 0.8, 0.66, 0.73, 0.73, 0.8, 0.6, 0.8, 0.8, 0.93, 0.66, 0.8, 0.93, 0.73, 0.6, 0.73, 0.73, 0.66, 0.8, 0.86, 0.73, 0.53, 0.53, 0.66, 0.53, 0.8, 0.73, 0.66, 0.6, 0.53, 0.73, 0.73, 0.6, 0.6, 0.8, 0.8, 0.66, 0.93, 0.86, 0.8, 0.4, 0.73, 0.73, 0.6, 0.73, 0.8, 0.6, 0.8, 0.86, 0.73, 0.8, 0.8, 0.73, 0.8, 0.73, 0.73, 0.73, 0.6, 0.8, 0.86, 0.8, 0.66, 0.8, 0.8, 0.73, 0.86, 0.73, 0.53, 0.86, 0.73, 0.8, 0.53, 0.93, 0.8, 0.8, 0.86, 0.8, 0.93, 0.66, 0.66, 0.8, 0.66, 0.66, 0.8, 0.6, 0.86, 0.66, 0.66


Running iteration 9 of 10 fold...
loading ensembles takes 0.096 sec
creating environment takes 0.297 sec
voting takes 0.738 sec
      accuracy, precision, recall, f_score
  mv: 0.8571, 0.9048, 0.9000, 0.8444
  wv: 0.8571, 0.9048, 0.9000, 0.8444

0.7885714285714286
0.78, 0.71, 0.78, 0.71, 0.71, 0.92, 0.64, 0.78, 0.78, 0.78, 0.85, 0.71, 0.92, 0.78, 0.64, 0.85, 1.0, 0.85, 0.64, 0.78, 0.78, 0.85, 0.78, 1.0, 0.64, 0.85, 0.85, 0.92, 0.64, 0.78, 0.71, 0.92, 0.85, 0.92, 0.85, 0.78, 0.92, 0.71, 0.71, 0.78, 0.71, 0.71, 0.64, 0.64, 0.78, 0.78, 0.78, 0.64, 0.78, 0.85, 0.92, 0.71, 0.85, 0.92, 0.85, 0.78, 0.57, 0.71, 0.57, 0.71, 0.78, 0.5, 0.92, 0.92, 0.78, 0.64, 0.64, 0.92, 0.85, 0.92, 0.78, 0.92, 0.78, 0.85, 0.92, 0.85, 0.71, 0.92, 0.71, 0.71, 0.85, 0.78, 0.85, 0.64, 0.78, 0.64, 1.0, 0.85, 0.78, 0.85, 0.64, 0.64, 0.78, 0.71, 0.85, 0.92, 0.78, 0.71, 0.92, 0.57

0.7478571428571431
0.71, 0.71, 0.71, 0.78, 0.85, 0.71, 0.71, 0.78, 0.92, 0.78, 0.5, 0.5, 0.64, 0.5, 0.64, 0.92, 0.5, 0.78, 0.71, 0.71, 0.71, 0.64, 0.78, 0.85, 0.92, 0.64, 0.85, 0.57, 0.57, 0.57, 0.71, 0.71, 0.71, 0.64, 0.85, 0.71, 0.42, 0.85, 0.92, 0.5, 0.92, 0.5, 0.78, 0.92, 0.92, 0.57, 0.64, 0.85, 0.92, 0.78, 0.64, 0.85, 0.71, 0.92, 0.64, 0.85, 0.92, 0.92, 1.0, 0.78, 0.78, 0.71, 0.71, 0.78, 0.78, 0.78, 0.64, 0.64, 0.78, 0.5, 1.0, 0.78, 0.78, 0.85, 0.57, 0.71, 0.71, 0.78, 0.85, 0.57, 0.71, 0.92, 0.78, 0.85, 0.64, 0.85, 0.71, 0.78, 0.78, 0.85, 0.64, 0.85, 0.92, 0.92, 0.71, 0.57, 0.85, 0.78, 0.5, 0.78


Running iteration 10 of 10 fold...
loading ensembles takes 0.099 sec
creating environment takes 0.299 sec
voting takes 0.742 sec
      accuracy, precision, recall, f_score
  mv: 0.7143, 0.6587, 0.5938, 0.5809
  wv: 0.7143, 0.6587, 0.5938, 0.5809

0.6
0.71, 0.5, 0.57, 0.71, 0.57, 0.5, 0.78, 0.57, 0.42, 0.57, 0.78, 0.57, 0.78, 0.71, 0.5, 0.57, 0.71, 0.57, 0.5, 0.64, 0.35, 0.57, 0.57, 0.71, 0.57, 0.57, 0.5, 0.64, 0.57, 0.5, 0.57, 0.5, 0.64, 0.35, 0.78, 0.78, 0.71, 0.5, 0.57, 0.64, 0.64, 0.5, 0.57, 0.57, 0.57, 0.71, 0.64, 0.5, 0.78, 0.5, 0.5, 0.64, 0.64, 0.78, 0.57, 0.71, 0.85, 0.78, 0.57, 0.57, 0.57, 0.64, 0.64, 0.64, 0.57, 0.85, 0.64, 0.78, 0.64, 0.42, 0.28, 0.57, 0.57, 0.5, 0.57, 0.57, 0.5, 0.42, 0.71, 0.5, 0.57, 0.5, 0.5, 0.71, 0.71, 0.64, 0.5, 0.85, 0.21, 0.57, 0.71, 0.64, 0.71, 0.57, 0.5, 0.57, 0.57, 0.71, 0.35, 0.64

0.5585714285714286
0.64, 0.35, 0.64, 0.57, 0.5, 0.64, 0.57, 0.57, 0.57, 0.71, 0.5, 0.71, 0.71, 0.71, 0.64, 0.57, 0.5, 0.35, 0.71, 0.35, 0.64, 0.5, 0.57, 0.57, 0.71, 0.57, 0.5, 0.5, 0.42, 0.57, 0.71, 0.64, 0.5, 0.42, 0.5, 0.42, 0.5, 0.42, 0.71, 0.42, 0.57, 0.5, 0.5, 0.57, 0.57, 0.57, 0.57, 0.57, 0.64, 0.57, 0.5, 0.5, 0.5, 0.42, 0.5, 0.71, 0.57, 0.64, 0.57, 0.57, 0.5, 0.5, 0.42, 0.78, 0.42, 0.57, 0.5, 0.64, 0.71, 0.71, 0.71, 0.5, 0.5, 0.5, 0.57, 0.42, 0.42, 0.71, 0.64, 0.5, 0.5, 0.57, 0.64, 0.57, 0.5, 0.64, 0.42, 0.57, 0.42, 0.64, 0.5, 0.64, 0.71, 0.42, 0.57, 0.5, 0.5, 0.42, 0.57, 0.64

      accuracy, precision, recall, f_score
  mv: 0.8238, 0.8190, 0.7570, 0.7326
  wv: 0.8305, 0.8248, 0.7617, 0.7381
  fs: 0.0000, 0.0000, 0.0000, 0.0000
adab: 0.0000, 0.0000, 0.0000, 0.0000
eprl: 0.0000, 0.0000, 0.0000, 0.0000
ibrl: 0.0000, 0.0000, 0.0000, 0.0000

time costs: C, E, V, FS, Ada, EPRL, IBRL
       0.09, 0.30, 0.78, 0.0, 0.0, 0.0, 0.0
FS size: 0.00000, EPRL size: 0.00000, IBRL size: 0.00000
full test avg accu: 0.71979, part test avg accu: 0.70371
