(663, 22)
(663, 22)
(147, 22)
Number of label: 3
['A', 'A', 'A', 'A', 'A', 'A', 'A', 'A', 'A', 'A'] -> A
['B', 'B', 'B', 'B', 'B', 'B', 'B', 'B', 'B', 'B'] -> B
['C', 'C', 'C', 'C', 'C', 'C', 'C', 'C', 'C', 'C'] -> C
['A', 'A', 'A', 'A', 'A', 'A', 'A', 'A', 'A', 'A'] -> A
['A', 'A', 'A', 'A', 'A', 'A', 'A', 'A', 'A', 'A'] -> A
['B', 'B', 'B', 'B', 'B', 'B', 'B', 'B', 'B', 'B'] -> B
['A', 'A', 'A', 'A', 'A', 'A', 'A', 'A', 'A', 'A'] -> A
['A', 'A', 'A', 'A', 'A', 'A', 'A', 'A', 'A', 'A'] -> A
['B', 'B', 'B', 'B', 'B', 'B', 'B', 'B', 'B', 'B'] -> B
['A', 'A', 'A', 'A', 'A', 'A', 'A', 'A', 'A', 'A'] -> A
['A', 'A', 'A', 'A', 'A', 'A', 'A', 'A', 'A', 'A'] -> A
['C', 'C', 'C', 'C', 'C', 'C', 'C', 'C', 'C', 'C'] -> C
['B', 'B', 'B', 'B', 'B', 'B', 'B', 'B', 'B', 'B'] -> B
['C', 'C', 'C', 'C', 'C', 'C', 'C', 'C', 'C', 'C'] -> C
['C', 'C', 'C', 'C', 'C', 'C', 'C', 'C', 'C', 'C'] -> C
['A', 'A', 'A', 'A', 'A', 'A', 'A', 'A', 'A', 'A'] -> A
['C', 'C', 'C', 'C', 'C', 'C', 'C', 'C', 'C', 'C'] -> C
['A', 'A', 'A', 'A', 'A', 'A', 'A', 'A', 'A', 'A'] -> A
['C', 'C', 'C', 'C', 'C', 'C', 'C', 'C', 'C', 'C'] -> C
['A', 'A', 'A', 'A', 'A', 'A', 'A', 'A', 'A', 'A'] -> A
['A', 'A', 'A', 'A', 'A', 'A', 'A', 'A', 'A', 'A'] -> A
['B', 'B', 'B', 'B', 'B', 'B', 'B', 'B', 'B', 'B'] -> B
['C', 'B', 'C', 'C', 'C', 'C', 'C', 'B', 'C', 'B'] -> B =====
['B', 'B', 'B', 'B', 'B', 'B', 'B', 'B', 'B', 'B'] -> B
['A', 'A', 'A', 'A', 'A', 'A', 'A', 'A', 'A', 'A'] -> A
['A', 'A', 'A', 'A', 'A', 'A', 'A', 'A', 'A', 'A'] -> A
['A', 'A', 'A', 'A', 'A', 'A', 'A', 'A', 'A', 'A'] -> A
['C', 'C', 'C', 'C', 'C', 'B', 'C', 'B', 'C', 'C'] -> B =====
['B', 'B', 'B', 'B', 'B', 'B', 'B', 'B', 'B', 'B'] -> B
['A', 'A', 'A', 'A', 'A', 'A', 'A', 'A', 'A', 'A'] -> A
['A', 'A', 'A', 'A', 'A', 'A', 'A', 'A', 'A', 'A'] -> A
['B', 'B', 'B', 'C', 'B', 'B', 'B', 'B', 'B', 'B'] -> C =====
['A', 'A', 'A', 'A', 'A', 'A', 'A', 'A', 'A', 'A'] -> A
['A', 'A', 'A', 'A', 'A', 'A', 'A', 'A', 'A', 'A'] -> A
['B', 'B', 'B', 'B', 'B', 'B', 'B', 'B', 'B', 'B'] -> B
['B', 'B', 'B', 'B', 'B', 'B', 'B', 'B', 'B', 'B'] -> B
['A', 'A', 'A', 'A', 'A', 'A', 'A', 'A', 'A', 'A'] -> A
['A', 'A', 'A', 'A', 'A', 'A', 'A', 'A', 'A', 'A'] -> A
['C', 'C', 'C', 'C', 'C', 'C', 'C', 'C', 'C', 'C'] -> C
['A', 'A', 'A', 'A', 'A', 'A', 'A', 'A', 'A', 'A'] -> A
['A', 'A', 'A', 'A', 'A', 'A', 'A', 'A', 'A', 'A'] -> A
['C', 'C', 'C', 'C', 'C', 'C', 'C', 'C', 'C', 'C'] -> C
['B', 'B', 'B', 'B', 'B', 'B', 'B', 'B', 'B', 'B'] -> B
['B', 'B', 'B', 'B', 'B', 'B', 'B', 'B', 'B', 'B'] -> B
['B', 'B', 'B', 'B', 'B', 'B', 'B', 'B', 'B', 'B'] -> B
['B', 'B', 'B', 'B', 'B', 'B', 'B', 'B', 'B', 'B'] -> B
['A', 'A', 'A', 'A', 'A', 'A', 'A', 'A', 'A', 'A'] -> A
['A', 'A', 'A', 'A', 'A', 'A', 'A', 'A', 'A', 'A'] -> A
['A', 'A', 'A', 'A', 'A', 'A', 'A', 'A', 'A', 'A'] -> A
['C', 'C', 'C', 'C', 'C', 'C', 'C', 'C', 'C', 'C'] -> C
['B', 'B', 'B', 'B', 'B', 'B', 'B', 'B', 'B', 'B'] -> B
['C', 'C', 'C', 'C', 'C', 'C', 'C', 'C', 'C', 'C'] -> C
['C', 'C', 'C', 'C', 'C', 'C', 'C', 'C', 'C', 'C'] -> C
['A', 'A', 'A', 'A', 'A', 'A', 'A', 'A', 'A', 'A'] -> A
['B', 'B', 'B', 'B', 'B', 'B', 'B', 'B', 'B', 'B'] -> C =====
['A', 'A', 'A', 'A', 'A', 'A', 'A', 'A', 'A', 'A'] -> A
['C', 'C', 'C', 'C', 'C', 'C', 'C', 'C', 'C', 'C'] -> C
['B', 'B', 'B', 'B', 'B', 'B', 'B', 'B', 'B', 'B'] -> B
['A', 'A', 'A', 'A', 'A', 'A', 'A', 'A', 'A', 'A'] -> A
['A', 'A', 'A', 'A', 'A', 'A', 'A', 'A', 'A', 'A'] -> A
['A', 'A', 'A', 'A', 'A', 'A', 'A', 'A', 'A', 'A'] -> A
['A', 'A', 'A', 'A', 'A', 'A', 'A', 'A', 'A', 'A'] -> A
['C', 'C', 'C', 'C', 'C', 'C', 'C', 'C', 'C', 'C'] -> C
['A', 'A', 'A', 'A', 'A', 'A', 'A', 'A', 'A', 'A'] -> A
['C', 'C', 'C', 'C', 'C', 'C', 'C', 'C', 'C', 'C'] -> C
['B', 'B', 'B', 'B', 'B', 'B', 'B', 'B', 'B', 'B'] -> B
['A', 'A', 'A', 'A', 'A', 'A', 'A', 'A', 'A', 'A'] -> A
['A', 'A', 'A', 'A', 'A', 'A', 'A', 'A', 'A', 'A'] -> A
['A', 'A', 'A', 'A', 'A', 'A', 'A', 'A', 'A', 'A'] -> A
['B', 'B', 'B', 'A', 'B', 'B', 'B', 'B', 'B', 'B'] -> A =====
['A', 'A', 'A', 'A', 'A', 'A', 'A', 'A', 'A', 'A'] -> A
['B', 'B', 'B', 'B', 'B', 'B', 'B', 'B', 'B', 'B'] -> B
['B', 'B', 'B', 'B', 'B', 'B', 'B', 'B', 'B', 'B'] -> B
['B', 'B', 'B', 'B', 'B', 'B', 'B', 'B', 'B', 'B'] -> B
['C', 'C', 'C', 'C', 'C', 'C', 'C', 'C', 'C', 'C'] -> C
['B', 'B', 'B', 'B', 'B', 'B', 'B', 'B', 'B', 'B'] -> B
['A', 'A', 'A', 'A', 'A', 'A', 'A', 'A', 'A', 'A'] -> A
['C', 'C', 'C', 'C', 'C', 'C', 'C', 'C', 'C', 'C'] -> C
['B', 'B', 'B', 'B', 'B', 'B', 'B', 'B', 'B', 'B'] -> B
['A', 'A', 'A', 'A', 'A', 'A', 'A', 'A', 'A', 'A'] -> A
['C', 'C', 'C', 'C', 'C', 'C', 'C', 'C', 'C', 'C'] -> C
['A', 'A', 'A', 'A', 'A', 'A', 'A', 'A', 'A', 'A'] -> A
['A', 'A', 'A', 'A', 'A', 'A', 'A', 'A', 'A', 'A'] -> A
['A', 'A', 'A', 'A', 'A', 'A', 'A', 'A', 'A', 'A'] -> A
['A', 'A', 'A', 'A', 'A', 'A', 'A', 'A', 'A', 'A'] -> A
['A', 'A', 'A', 'A', 'A', 'A', 'A', 'A', 'A', 'A'] -> A
['A', 'A', 'A', 'A', 'A', 'A', 'A', 'A', 'A', 'A'] -> A
['A', 'A', 'A', 'A', 'A', 'A', 'A', 'A', 'A', 'A'] -> A
['B', 'B', 'B', 'B', 'B', 'B', 'B', 'B', 'B', 'B'] -> B
['A', 'A', 'A', 'A', 'A', 'A', 'A', 'A', 'A', 'A'] -> A
['B', 'B', 'B', 'B', 'B', 'B', 'B', 'B', 'B', 'B'] -> B
['C', 'C', 'C', 'C', 'C', 'C', 'C', 'C', 'C', 'C'] -> C
['A', 'A', 'A', 'A', 'A', 'A', 'A', 'A', 'A', 'A'] -> A
['A', 'A', 'A', 'A', 'A', 'A', 'A', 'A', 'A', 'A'] -> A
['A', 'A', 'A', 'A', 'A', 'A', 'A', 'A', 'A', 'A'] -> A
['A', 'A', 'A', 'A', 'A', 'A', 'A', 'A', 'A', 'A'] -> A
['A', 'A', 'A', 'A', 'A', 'A', 'A', 'A', 'A', 'A'] -> A
['B', 'B', 'B', 'B', 'B', 'B', 'B', 'B', 'B', 'B'] -> B
['B', 'B', 'B', 'B', 'B', 'B', 'B', 'B', 'B', 'B'] -> B
['C', 'C', 'C', 'C', 'C', 'C', 'C', 'C', 'C', 'C'] -> C
['C', 'C', 'C', 'B', 'C', 'C', 'C', 'C', 'B', 'C'] -> B =====
['C', 'C', 'C', 'C', 'C', 'C', 'C', 'C', 'C', 'C'] -> C
['C', 'C', 'C', 'C', 'C', 'C', 'C', 'C', 'C', 'C'] -> C
['A', 'A', 'A', 'A', 'A', 'A', 'A', 'A', 'A', 'A'] -> A
['C', 'C', 'C', 'C', 'C', 'C', 'C', 'C', 'C', 'C'] -> C
['A', 'A', 'A', 'A', 'A', 'A', 'A', 'A', 'A', 'A'] -> A
['B', 'B', 'B', 'B', 'B', 'B', 'B', 'B', 'B', 'B'] -> B
['B', 'B', 'B', 'B', 'B', 'B', 'B', 'B', 'B', 'B'] -> B
['B', 'B', 'B', 'B', 'B', 'B', 'B', 'B', 'B', 'B'] -> B
['C', 'C', 'C', 'C', 'C', 'C', 'C', 'C', 'C', 'C'] -> C
['C', 'C', 'C', 'C', 'C', 'C', 'C', 'C', 'C', 'C'] -> C
['B', 'B', 'B', 'B', 'B', 'B', 'B', 'B', 'B', 'B'] -> B
['C', 'C', 'C', 'C', 'C', 'C', 'C', 'C', 'C', 'C'] -> C
['B', 'B', 'B', 'B', 'B', 'B', 'B', 'B', 'B', 'B'] -> B
['A', 'A', 'A', 'A', 'A', 'A', 'A', 'A', 'A', 'A'] -> A
['C', 'C', 'C', 'C', 'C', 'C', 'C', 'C', 'C', 'C'] -> C
['A', 'A', 'A', 'A', 'A', 'A', 'A', 'A', 'A', 'A'] -> A
['C', 'C', 'C', 'C', 'C', 'C', 'C', 'C', 'C', 'C'] -> C
['B', 'B', 'B', 'B', 'B', 'B', 'B', 'B', 'B', 'B'] -> B
['C', 'C', 'C', 'C', 'C', 'C', 'C', 'C', 'C', 'C'] -> C
['C', 'C', 'C', 'C', 'C', 'C', 'C', 'C', 'C', 'C'] -> C
['C', 'C', 'C', 'C', 'C', 'C', 'C', 'C', 'C', 'C'] -> C
['B', 'B', 'B', 'B', 'B', 'B', 'B', 'B', 'B', 'B'] -> B
['A', 'A', 'A', 'A', 'A', 'A', 'A', 'A', 'A', 'A'] -> A
['A', 'A', 'A', 'A', 'A', 'A', 'A', 'A', 'A', 'A'] -> A
['A', 'A', 'A', 'A', 'A', 'A', 'A', 'A', 'A', 'A'] -> A
['C', 'C', 'C', 'C', 'C', 'C', 'C', 'C', 'C', 'C'] -> C
['A', 'A', 'A', 'A', 'A', 'A', 'A', 'A', 'A', 'A'] -> A
['B', 'B', 'B', 'B', 'B', 'B', 'B', 'B', 'B', 'B'] -> B
['A', 'A', 'A', 'A', 'A', 'A', 'A', 'A', 'A', 'A'] -> A
['A', 'A', 'A', 'A', 'A', 'A', 'A', 'A', 'A', 'A'] -> A
['B', 'B', 'B', 'B', 'B', 'B', 'B', 'B', 'B', 'B'] -> B
['B', 'B', 'B', 'B', 'B', 'B', 'B', 'B', 'B', 'B'] -> B
['A', 'A', 'A', 'A', 'A', 'A', 'A', 'A', 'A', 'A'] -> A
['B', 'B', 'B', 'B', 'B', 'B', 'A', 'B', 'B', 'B'] -> A =====
['B', 'B', 'B', 'B', 'B', 'B', 'B', 'B', 'B', 'B'] -> B
['A', 'A', 'A', 'A', 'A', 'A', 'A', 'A', 'A', 'A'] -> A
['A', 'A', 'A', 'A', 'A', 'A', 'A', 'A', 'A', 'A'] -> A
['C', 'C', 'C', 'C', 'C', 'C', 'C', 'C', 'C', 'C'] -> C
['A', 'A', 'A', 'A', 'A', 'A', 'A', 'A', 'A', 'A'] -> A
['A', 'A', 'A', 'A', 'A', 'A', 'A', 'A', 'A', 'A'] -> A
['A', 'A', 'A', 'A', 'A', 'A', 'A', 'A', 'A', 'A'] -> A
['A', 'A', 'A', 'A', 'A', 'A', 'A', 'A', 'A', 'A'] -> A
['C', 'C', 'C', 'C', 'C', 'C', 'C', 'C', 'C', 'C'] -> C
['A', 'A', 'A', 'A', 'A', 'A', 'A', 'A', 'A', 'A'] -> A
['A', 'A', 'A', 'A', 'A', 'A', 'A', 'A', 'A', 'A'] -> A
['A', 'A', 'A', 'A', 'A', 'A', 'A', 'A', 'A', 'A'] -> A
['C', 'C', 'C', 'C', 'C', 'C', 'C', 'C', 'C', 'C'] -> C
['C', 'C', 'C', 'C', 'C', 'C', 'C', 'C', 'C', 'C'] -> C
['C', 'C', 'C', 'C', 'C', 'C', 'C', 'C', 'C', 'C'] -> C
['A', 'A', 'A', 'A', 'A', 'A', 'A', 'A', 'A', 'A'] -> A
['A', 'A', 'A', 'A', 'A', 'A', 'A', 'A', 'A', 'A'] -> A
['A', 'A', 'A', 'A', 'A', 'A', 'A', 'A', 'A', 'A'] -> A
['B', 'B', 'B', 'B', 'B', 'B', 'B', 'B', 'B', 'B'] -> B
['A', 'A', 'A', 'A', 'A', 'A', 'A', 'A', 'A', 'A'] -> A
['B', 'B', 'B', 'B', 'B', 'B', 'B', 'B', 'B', 'B'] -> B
['B', 'B', 'B', 'B', 'B', 'B', 'B', 'B', 'B', 'B'] -> B
['A', 'A', 'A', 'A', 'A', 'A', 'A', 'A', 'A', 'A'] -> A
['A', 'A', 'A', 'A', 'A', 'A', 'A', 'A', 'A', 'A'] -> A
['A', 'A', 'A', 'A', 'B', 'A', 'A', 'B', 'A', 'A'] -> B =====
['B', 'B', 'B', 'B', 'B', 'B', 'B', 'B', 'B', 'B'] -> B
['C', 'C', 'C', 'C', 'C', 'C', 'C', 'C', 'C', 'C'] -> C
['A', 'A', 'A', 'A', 'A', 'A', 'A', 'A', 'A', 'A'] -> A
['A', 'A', 'A', 'A', 'A', 'A', 'A', 'A', 'A', 'A'] -> A
['A', 'A', 'A', 'A', 'A', 'A', 'A', 'A', 'A', 'A'] -> A
['C', 'C', 'C', 'C', 'C', 'C', 'C', 'C', 'C', 'C'] -> C
['C', 'C', 'C', 'C', 'C', 'C', 'C', 'C', 'C', 'C'] -> C
['B', 'B', 'B', 'B', 'B', 'B', 'B', 'B', 'B', 'B'] -> B
['A', 'A', 'A', 'A', 'A', 'A', 'A', 'A', 'A', 'A'] -> A
['A', 'A', 'A', 'A', 'A', 'A', 'A', 'A', 'A', 'A'] -> A
['B', 'B', 'B', 'B', 'B', 'B', 'B', 'B', 'B', 'B'] -> B
['B', 'B', 'B', 'B', 'B', 'B', 'B', 'B', 'B', 'B'] -> B
['C', 'C', 'C', 'C', 'C', 'C', 'C', 'C', 'C', 'C'] -> B =====
['B', 'B', 'B', 'B', 'B', 'B', 'B', 'B', 'B', 'B'] -> B
['A', 'A', 'A', 'A', 'A', 'A', 'A', 'A', 'A', 'A'] -> A
['A', 'A', 'A', 'A', 'A', 'A', 'A', 'A', 'A', 'A'] -> A
['A', 'A', 'A', 'A', 'A', 'A', 'A', 'A', 'A', 'A'] -> A
['A', 'A', 'A', 'A', 'A', 'A', 'A', 'A', 'A', 'A'] -> A
['B', 'B', 'B', 'B', 'B', 'B', 'B', 'B', 'B', 'B'] -> B
['C', 'C', 'C', 'C', 'C', 'C', 'C', 'C', 'C', 'C'] -> C
['C', 'C', 'C', 'C', 'C', 'C', 'C', 'C', 'C', 'C'] -> C
['A', 'A', 'A', 'A', 'A', 'A', 'A', 'A', 'A', 'A'] -> A
['B', 'B', 'B', 'B', 'B', 'B', 'B', 'B', 'B', 'B'] -> B
['C', 'C', 'C', 'C', 'C', 'C', 'C', 'C', 'C', 'C'] -> C
['B', 'B', 'B', 'B', 'B', 'B', 'B', 'B', 'B', 'B'] -> B
['A', 'A', 'A', 'A', 'A', 'A', 'A', 'A', 'A', 'A'] -> A
['B', 'B', 'B', 'B', 'B', 'B', 'B', 'B', 'B', 'B'] -> B
['B', 'B', 'B', 'B', 'B', 'B', 'B', 'B', 'B', 'B'] -> B
['A', 'A', 'A', 'A', 'A', 'A', 'A', 'A', 'A', 'A'] -> A
['A', 'A', 'A', 'A', 'A', 'A', 'A', 'A', 'A', 'A'] -> A
['A', 'B', 'B', 'B', 'A', 'B', 'B', 'A', 'B', 'A'] -> A =====
['B', 'B', 'B', 'B', 'B', 'B', 'B', 'B', 'B', 'B'] -> B
['C', 'C', 'C', 'C', 'C', 'C', 'C', 'C', 'C', 'C'] -> C
['B', 'B', 'B', 'B', 'B', 'B', 'B', 'B', 'B', 'B'] -> B
['B', 'B', 'B', 'B', 'B', 'B', 'B', 'B', 'B', 'B'] -> B
['A', 'A', 'A', 'A', 'A', 'A', 'A', 'A', 'A', 'A'] -> A
['B', 'B', 'B', 'B', 'B', 'B', 'B', 'B', 'B', 'B'] -> B
['B', 'B', 'B', 'B', 'B', 'B', 'B', 'B', 'B', 'B'] -> B
['A', 'A', 'A', 'A', 'A', 'A', 'A', 'A', 'A', 'A'] -> A
['C', 'C', 'C', 'C', 'C', 'C', 'C', 'C', 'C', 'C'] -> C
['B', 'B', 'B', 'B', 'B', 'B', 'B', 'B', 'B', 'B'] -> B
['B', 'B', 'B', 'B', 'B', 'B', 'B', 'B', 'B', 'B'] -> B
['B', 'B', 'B', 'B', 'B', 'B', 'B', 'B', 'B', 'B'] -> B
['B', 'B', 'B', 'B', 'B', 'B', 'B', 'B', 'B', 'B'] -> B
['B', 'B', 'B', 'B', 'B', 'B', 'B', 'B', 'B', 'B'] -> B
['A', 'A', 'A', 'A', 'A', 'A', 'A', 'A', 'A', 'A'] -> A
['C', 'C', 'C', 'C', 'C', 'C', 'C', 'C', 'C', 'C'] -> C
['B', 'B', 'C', 'B', 'B', 'B', 'B', 'B', 'B', 'B'] -> B =====
['A', 'A', 'A', 'A', 'A', 'A', 'A', 'A', 'A', 'A'] -> A
['B', 'B', 'B', 'B', 'B', 'B', 'B', 'B', 'B', 'B'] -> B
['C', 'C', 'C', 'C', 'C', 'C', 'C', 'C', 'C', 'C'] -> C
['A', 'A', 'A', 'A', 'A', 'A', 'A', 'A', 'A', 'A'] -> A
['B', 'B', 'B', 'B', 'B', 'B', 'B', 'B', 'B', 'B'] -> B
['A', 'A', 'A', 'A', 'A', 'A', 'A', 'A', 'A', 'A'] -> A
['B', 'B', 'B', 'B', 'B', 'B', 'B', 'B', 'B', 'B'] -> B
['B', 'B', 'B', 'B', 'B', 'B', 'B', 'B', 'B', 'B'] -> B
['A', 'A', 'A', 'A', 'A', 'A', 'A', 'A', 'A', 'A'] -> A
['B', 'B', 'B', 'B', 'B', 'B', 'B', 'B', 'B', 'B'] -> B
['B', 'B', 'B', 'B', 'B', 'B', 'B', 'B', 'B', 'B'] -> B
['C', 'C', 'C', 'C', 'C', 'C', 'C', 'C', 'C', 'C'] -> C
['C', 'C', 'C', 'C', 'C', 'C', 'C', 'C', 'C', 'C'] -> C
['C', 'C', 'C', 'C', 'C', 'C', 'C', 'C', 'C', 'C'] -> C
['C', 'C', 'C', 'C', 'C', 'C', 'C', 'C', 'C', 'C'] -> C
['B', 'B', 'B', 'C', 'B', 'B', 'C', 'C', 'B', 'B'] -> C =====
['B', 'B', 'B', 'B', 'B', 'B', 'B', 'B', 'B', 'B'] -> B
['B', 'B', 'B', 'B', 'B', 'B', 'B', 'B', 'B', 'B'] -> B
['B', 'B', 'B', 'B', 'A', 'B', 'B', 'B', 'B', 'B'] -> A =====
['A', 'A', 'A', 'A', 'A', 'A', 'A', 'A', 'A', 'A'] -> A
['B', 'B', 'B', 'B', 'B', 'B', 'B', 'B', 'B', 'B'] -> B
['A', 'A', 'A', 'A', 'A', 'A', 'A', 'A', 'A', 'A'] -> A
['A', 'A', 'A', 'A', 'A', 'A', 'A', 'A', 'A', 'A'] -> A
['A', 'B', 'B', 'A', 'A', 'B', 'B', 'B', 'B', 'B'] -> A =====
['A', 'A', 'A', 'A', 'A', 'A', 'A', 'A', 'A', 'A'] -> A
['B', 'B', 'B', 'B', 'B', 'B', 'B', 'B', 'B', 'B'] -> B
['A', 'A', 'A', 'A', 'A', 'A', 'A', 'A', 'A', 'A'] -> A
['B', 'B', 'B', 'B', 'B', 'B', 'B', 'B', 'B', 'B'] -> B
['B', 'B', 'B', 'B', 'B', 'B', 'B', 'B', 'B', 'B'] -> B
['C', 'C', 'C', 'C', 'C', 'C', 'C', 'C', 'C', 'C'] -> C
['B', 'B', 'B', 'B', 'B', 'B', 'B', 'B', 'B', 'B'] -> B
['A', 'A', 'A', 'A', 'A', 'A', 'A', 'A', 'A', 'A'] -> A
['A', 'A', 'A', 'A', 'A', 'A', 'A', 'A', 'A', 'A'] -> A
['B', 'B', 'B', 'B', 'B', 'B', 'B', 'B', 'B', 'B'] -> B
['A', 'A', 'A', 'A', 'A', 'A', 'A', 'A', 'A', 'A'] -> A
['C', 'C', 'C', 'C', 'C', 'C', 'C', 'C', 'C', 'C'] -> C
['B', 'B', 'B', 'B', 'B', 'B', 'B', 'B', 'B', 'B'] -> B
['C', 'C', 'C', 'C', 'B', 'C', 'C', 'C', 'C', 'C'] -> C =====
['A', 'A', 'A', 'A', 'A', 'A', 'A', 'A', 'A', 'A'] -> A
['B', 'B', 'B', 'B', 'B', 'B', 'B', 'B', 'B', 'B'] -> B
['A', 'A', 'A', 'A', 'A', 'A', 'A', 'A', 'A', 'A'] -> A
['B', 'B', 'B', 'B', 'B', 'B', 'B', 'B', 'B', 'B'] -> B
['A', 'A', 'A', 'A', 'A', 'A', 'A', 'A', 'A', 'A'] -> A
['A', 'A', 'A', 'A', 'A', 'A', 'A', 'A', 'A', 'A'] -> A
['B', 'B', 'B', 'B', 'B', 'B', 'B', 'B', 'B', 'B'] -> B
['B', 'B', 'B', 'B', 'B', 'B', 'B', 'B', 'B', 'B'] -> B
['B', 'B', 'B', 'B', 'B', 'B', 'B', 'B', 'B', 'B'] -> B
['B', 'B', 'B', 'B', 'B', 'B', 'B', 'B', 'B', 'B'] -> B
['A', 'A', 'A', 'A', 'A', 'A', 'A', 'A', 'A', 'A'] -> A
['B', 'B', 'B', 'B', 'B', 'B', 'B', 'B', 'B', 'B'] -> B
['B', 'B', 'B', 'B', 'B', 'B', 'B', 'B', 'B', 'B'] -> B
['A', 'A', 'A', 'A', 'A', 'A', 'A', 'A', 'A', 'A'] -> A
['B', 'B', 'B', 'B', 'B', 'B', 'B', 'B', 'B', 'B'] -> B
['B', 'B', 'B', 'B', 'B', 'B', 'B', 'B', 'B', 'B'] -> B
['B', 'B', 'B', 'B', 'B', 'B', 'B', 'B', 'B', 'B'] -> B
['A', 'A', 'A', 'A', 'A', 'A', 'A', 'A', 'A', 'A'] -> A
['C', 'C', 'C', 'C', 'C', 'C', 'C', 'C', 'C', 'C'] -> C
['C', 'C', 'C', 'C', 'C', 'C', 'B', 'B', 'C', 'B'] -> B =====
['A', 'A', 'A', 'A', 'A', 'A', 'A', 'A', 'A', 'A'] -> A
['A', 'A', 'A', 'A', 'A', 'A', 'A', 'A', 'A', 'A'] -> A
['A', 'A', 'A', 'A', 'A', 'A', 'A', 'A', 'A', 'A'] -> A
['C', 'C', 'C', 'C', 'C', 'C', 'C', 'C', 'C', 'C'] -> C
['C', 'C', 'C', 'C', 'C', 'C', 'C', 'C', 'C', 'C'] -> C
['B', 'B', 'B', 'B', 'B', 'B', 'B', 'B', 'B', 'B'] -> B
['B', 'B', 'B', 'B', 'B', 'B', 'B', 'B', 'B', 'B'] -> B
['B', 'B', 'B', 'B', 'B', 'B', 'B', 'B', 'B', 'B'] -> B
['C', 'C', 'C', 'C', 'C', 'C', 'C', 'C', 'C', 'C'] -> C
['A', 'A', 'A', 'A', 'A', 'A', 'A', 'A', 'A', 'A'] -> A
['B', 'B', 'C', 'B', 'B', 'B', 'B', 'B', 'B', 'B'] -> C =====
['B', 'B', 'B', 'B', 'B', 'B', 'B', 'B', 'B', 'B'] -> B
['B', 'B', 'B', 'B', 'B', 'B', 'A', 'B', 'B', 'B'] -> B =====
['B', 'B', 'B', 'B', 'B', 'B', 'B', 'B', 'B', 'B'] -> B
['B', 'B', 'B', 'B', 'B', 'B', 'B', 'B', 'B', 'B'] -> B
['C', 'C', 'C', 'C', 'C', 'C', 'C', 'C', 'C', 'C'] -> C
['C', 'C', 'C', 'C', 'C', 'C', 'C', 'C', 'C', 'C'] -> C
['B', 'B', 'B', 'B', 'B', 'B', 'B', 'B', 'B', 'B'] -> B
['C', 'C', 'C', 'C', 'C', 'C', 'C', 'C', 'C', 'C'] -> C
['B', 'B', 'B', 'B', 'B', 'B', 'B', 'B', 'B', 'B'] -> B
['B', 'B', 'B', 'B', 'B', 'B', 'B', 'B', 'B', 'B'] -> B
['C', 'C', 'C', 'C', 'C', 'C', 'C', 'C', 'C', 'C'] -> C
['C', 'C', 'C', 'C', 'C', 'C', 'C', 'C', 'C', 'C'] -> C
['C', 'C', 'C', 'C', 'C', 'C', 'C', 'C', 'C', 'C'] -> C
['B', 'B', 'B', 'B', 'B', 'B', 'B', 'B', 'B', 'B'] -> B
['B', 'B', 'B', 'B', 'B', 'B', 'B', 'B', 'B', 'B'] -> B
['C', 'C', 'C', 'C', 'C', 'C', 'C', 'C', 'C', 'C'] -> C
['C', 'C', 'C', 'C', 'C', 'C', 'C', 'C', 'C', 'C'] -> C
['A', 'A', 'A', 'A', 'A', 'A', 'A', 'A', 'A', 'A'] -> A
['C', 'C', 'C', 'C', 'C', 'C', 'C', 'C', 'C', 'C'] -> C
['B', 'B', 'B', 'B', 'B', 'B', 'B', 'B', 'B', 'B'] -> B
['B', 'B', 'B', 'B', 'B', 'B', 'B', 'B', 'B', 'B'] -> B
['A', 'A', 'A', 'A', 'A', 'A', 'A', 'A', 'A', 'A'] -> A
['B', 'B', 'B', 'B', 'B', 'B', 'B', 'B', 'B', 'B'] -> B
['C', 'C', 'C', 'C', 'C', 'C', 'C', 'C', 'C', 'C'] -> C
['B', 'B', 'B', 'B', 'B', 'B', 'B', 'B', 'B', 'B'] -> B
['B', 'B', 'B', 'B', 'B', 'B', 'B', 'B', 'B', 'B'] -> B
['A', 'A', 'A', 'A', 'A', 'A', 'A', 'A', 'A', 'A'] -> A
['A', 'A', 'A', 'A', 'A', 'A', 'A', 'A', 'A', 'A'] -> A
['B', 'B', 'B', 'B', 'B', 'B', 'B', 'B', 'B', 'B'] -> B
['C', 'C', 'C', 'C', 'C', 'C', 'C', 'C', 'C', 'C'] -> C
['A', 'A', 'A', 'A', 'A', 'A', 'A', 'A', 'A', 'A'] -> A
['A', 'A', 'A', 'A', 'A', 'A', 'A', 'A', 'A', 'A'] -> A
['C', 'C', 'C', 'C', 'C', 'C', 'C', 'C', 'C', 'C'] -> C
['B', 'B', 'B', 'B', 'B', 'B', 'B', 'B', 'B', 'B'] -> B
['A', 'A', 'A', 'A', 'A', 'A', 'A', 'A', 'A', 'A'] -> A
['B', 'B', 'B', 'B', 'B', 'B', 'B', 'B', 'B', 'B'] -> B
['C', 'C', 'C', 'C', 'C', 'C', 'C', 'C', 'C', 'C'] -> C
['B', 'B', 'B', 'B', 'B', 'B', 'B', 'B', 'B', 'B'] -> B
['A', 'A', 'A', 'A', 'A', 'A', 'A', 'A', 'A', 'A'] -> A
['C', 'C', 'C', 'C', 'C', 'C', 'C', 'C', 'C', 'C'] -> C
['A', 'A', 'A', 'A', 'A', 'A', 'A', 'A', 'A', 'A'] -> A
['B', 'B', 'B', 'B', 'B', 'B', 'B', 'B', 'B', 'B'] -> B
['A', 'A', 'A', 'A', 'A', 'A', 'A', 'A', 'A', 'A'] -> A
['A', 'A', 'A', 'A', 'A', 'A', 'A', 'A', 'A', 'A'] -> A
['B', 'B', 'B', 'B', 'B', 'B', 'B', 'B', 'B', 'B'] -> B
['B', 'B', 'B', 'B', 'B', 'B', 'B', 'B', 'B', 'B'] -> B
['B', 'B', 'B', 'B', 'B', 'B', 'B', 'B', 'B', 'B'] -> B
['A', 'A', 'A', 'A', 'A', 'A', 'A', 'A', 'A', 'A'] -> A
['B', 'B', 'B', 'B', 'B', 'B', 'B', 'B', 'B', 'B'] -> B
['B', 'B', 'B', 'B', 'B', 'B', 'B', 'B', 'B', 'B'] -> B
['A', 'A', 'A', 'A', 'A', 'A', 'A', 'A', 'A', 'A'] -> A
['B', 'B', 'B', 'B', 'B', 'B', 'B', 'B', 'B', 'B'] -> B
['B', 'B', 'B', 'B', 'B', 'B', 'B', 'B', 'B', 'B'] -> B
['B', 'B', 'B', 'B', 'B', 'B', 'B', 'B', 'B', 'B'] -> A =====
['C', 'C', 'C', 'C', 'C', 'C', 'C', 'C', 'C', 'C'] -> C
['A', 'C', 'C', 'A', 'C', 'C', 'C', 'C', 'C', 'C'] -> C =====
['A', 'A', 'A', 'A', 'A', 'A', 'A', 'A', 'A', 'A'] -> A
['B', 'B', 'B', 'B', 'B', 'B', 'B', 'B', 'B', 'B'] -> B
['C', 'C', 'C', 'C', 'C', 'C', 'C', 'C', 'C', 'C'] -> C
['A', 'A', 'C', 'C', 'C', 'C', 'C', 'C', 'C', 'C'] -> C =====
['A', 'A', 'A', 'A', 'A', 'A', 'A', 'A', 'A', 'A'] -> A
['C', 'C', 'C', 'C', 'C', 'C', 'C', 'C', 'C', 'C'] -> C
['C', 'C', 'C', 'C', 'C', 'C', 'C', 'C', 'C', 'C'] -> C
['A', 'A', 'A', 'A', 'A', 'A', 'A', 'A', 'A', 'A'] -> A
['B', 'B', 'B', 'B', 'B', 'B', 'B', 'B', 'B', 'B'] -> B
['A', 'A', 'A', 'A', 'A', 'A', 'A', 'A', 'A', 'A'] -> A
['B', 'B', 'B', 'B', 'B', 'B', 'B', 'B', 'B', 'B'] -> B
['C', 'C', 'C', 'C', 'C', 'C', 'C', 'C', 'C', 'C'] -> C
['A', 'A', 'A', 'A', 'A', 'A', 'A', 'A', 'A', 'A'] -> A
['A', 'A', 'C', 'C', 'C', 'C', 'C', 'C', 'C', 'C'] -> A =====
['B', 'B', 'B', 'B', 'B', 'B', 'B', 'B', 'B', 'B'] -> B
['B', 'B', 'B', 'B', 'B', 'B', 'B', 'B', 'B', 'B'] -> B
['A', 'A', 'A', 'A', 'A', 'A', 'A', 'A', 'A', 'A'] -> A
['C', 'C', 'C', 'C', 'C', 'C', 'C', 'C', 'C', 'C'] -> C
['C', 'C', 'C', 'C', 'C', 'C', 'C', 'C', 'C', 'C'] -> C
['A', 'A', 'A', 'A', 'A', 'A', 'A', 'A', 'A', 'A'] -> A
['A', 'A', 'A', 'A', 'A', 'A', 'A', 'A', 'A', 'A'] -> A
['B', 'B', 'B', 'B', 'B', 'B', 'B', 'B', 'B', 'B'] -> B
['A', 'A', 'A', 'A', 'A', 'A', 'A', 'A', 'A', 'A'] -> A
['A', 'A', 'A', 'A', 'A', 'A', 'A', 'A', 'A', 'A'] -> A
['B', 'B', 'B', 'B', 'B', 'B', 'B', 'B', 'B', 'B'] -> B
['B', 'B', 'B', 'B', 'B', 'B', 'B', 'B', 'B', 'B'] -> B
['A', 'A', 'A', 'A', 'A', 'A', 'A', 'A', 'A', 'A'] -> A
['A', 'A', 'A', 'A', 'A', 'A', 'A', 'A', 'A', 'A'] -> A
['B', 'B', 'B', 'B', 'B', 'B', 'B', 'B', 'B', 'B'] -> B
['A', 'A', 'A', 'A', 'A', 'A', 'A', 'A', 'A', 'A'] -> A
['B', 'B', 'B', 'B', 'B', 'C', 'B', 'B', 'C', 'B'] -> C =====
['B', 'B', 'B', 'B', 'B', 'B', 'B', 'B', 'B', 'B'] -> B
['A', 'A', 'A', 'A', 'A', 'A', 'A', 'A', 'A', 'A'] -> A
['B', 'B', 'B', 'B', 'B', 'B', 'B', 'B', 'B', 'B'] -> B
['C', 'C', 'C', 'C', 'C', 'C', 'C', 'C', 'C', 'C'] -> C
['A', 'A', 'A', 'A', 'A', 'A', 'A', 'A', 'A', 'A'] -> A
['C', 'C', 'C', 'C', 'C', 'C', 'C', 'C', 'C', 'C'] -> C
['A', 'A', 'A', 'A', 'A', 'A', 'A', 'A', 'A', 'A'] -> A
['B', 'B', 'B', 'B', 'B', 'B', 'B', 'B', 'B', 'B'] -> B
['A', 'A', 'A', 'A', 'A', 'A', 'A', 'A', 'A', 'A'] -> A
['B', 'B', 'B', 'B', 'B', 'B', 'B', 'B', 'B', 'B'] -> B
['A', 'A', 'A', 'A', 'A', 'A', 'A', 'A', 'A', 'A'] -> A
['C', 'C', 'C', 'C', 'C', 'C', 'C', 'C', 'C', 'C'] -> C
['A', 'A', 'A', 'A', 'A', 'A', 'A', 'A', 'A', 'A'] -> A
['B', 'B', 'B', 'B', 'B', 'B', 'B', 'B', 'B', 'B'] -> B
['B', 'B', 'B', 'B', 'A', 'B', 'A', 'A', 'B', 'B'] -> A =====
['A', 'A', 'A', 'A', 'A', 'A', 'A', 'A', 'A', 'A'] -> A
['A', 'A', 'A', 'A', 'A', 'A', 'A', 'A', 'A', 'A'] -> A
['B', 'B', 'B', 'B', 'B', 'B', 'B', 'B', 'B', 'B'] -> B
['A', 'A', 'A', 'A', 'A', 'A', 'A', 'A', 'A', 'A'] -> A
['A', 'A', 'A', 'A', 'A', 'A', 'A', 'A', 'A', 'A'] -> A
['A', 'A', 'A', 'A', 'A', 'A', 'A', 'A', 'A', 'A'] -> A
['A', 'A', 'A', 'A', 'A', 'A', 'A', 'A', 'A', 'A'] -> A
['C', 'B', 'B', 'B', 'C', 'B', 'C', 'B', 'B', 'B'] -> B =====
['A', 'A', 'A', 'A', 'A', 'A', 'A', 'A', 'A', 'A'] -> A
['B', 'A', 'B', 'B', 'B', 'B', 'B', 'B', 'B', 'A'] -> A =====
['A', 'A', 'A', 'A', 'A', 'A', 'A', 'A', 'A', 'A'] -> A
['B', 'B', 'B', 'B', 'B', 'B', 'B', 'B', 'B', 'B'] -> B
['A', 'A', 'A', 'A', 'A', 'A', 'A', 'A', 'A', 'A'] -> A
['A', 'A', 'A', 'A', 'A', 'A', 'A', 'A', 'A', 'A'] -> A
['B', 'B', 'B', 'C', 'B', 'B', 'B', 'B', 'B', 'B'] -> B =====
['A', 'A', 'A', 'A', 'A', 'A', 'A', 'A', 'A', 'A'] -> A
['B', 'B', 'B', 'B', 'B', 'B', 'B', 'B', 'B', 'B'] -> B
['C', 'C', 'C', 'C', 'C', 'C', 'C', 'C', 'C', 'C'] -> C
['B', 'B', 'B', 'B', 'B', 'B', 'B', 'B', 'B', 'B'] -> B
['C', 'C', 'C', 'C', 'C', 'C', 'C', 'C', 'C', 'C'] -> C
['A', 'A', 'A', 'A', 'A', 'A', 'A', 'A', 'A', 'A'] -> A
['A', 'A', 'A', 'A', 'A', 'A', 'A', 'A', 'A', 'A'] -> A
['C', 'C', 'C', 'C', 'C', 'C', 'C', 'C', 'C', 'C'] -> C
['B', 'B', 'B', 'B', 'B', 'B', 'B', 'B', 'B', 'B'] -> B
['C', 'C', 'C', 'C', 'C', 'C', 'C', 'C', 'C', 'C'] -> C
['A', 'A', 'A', 'A', 'A', 'A', 'A', 'A', 'A', 'A'] -> A
['A', 'A', 'A', 'A', 'A', 'A', 'A', 'A', 'A', 'A'] -> A
['A', 'A', 'A', 'A', 'A', 'A', 'A', 'A', 'A', 'A'] -> A
['B', 'B', 'B', 'B', 'B', 'B', 'B', 'B', 'B', 'B'] -> B
['A', 'A', 'A', 'A', 'A', 'A', 'A', 'A', 'A', 'A'] -> A
['A', 'A', 'A', 'A', 'A', 'A', 'A', 'A', 'A', 'A'] -> A
['C', 'C', 'C', 'C', 'C', 'C', 'C', 'C', 'C', 'C'] -> C
['A', 'A', 'A', 'A', 'A', 'A', 'A', 'A', 'A', 'A'] -> A
['C', 'C', 'C', 'C', 'C', 'C', 'C', 'C', 'C', 'C'] -> C
['A', 'A', 'A', 'A', 'A', 'A', 'A', 'A', 'A', 'A'] -> A
['A', 'A', 'A', 'A', 'A', 'A', 'A', 'A', 'A', 'A'] -> A
['B', 'B', 'B', 'B', 'B', 'B', 'B', 'B', 'B', 'B'] -> B
['C', 'C', 'C', 'C', 'C', 'C', 'C', 'C', 'C', 'C'] -> C
['C', 'C', 'C', 'C', 'C', 'C', 'C', 'C', 'C', 'C'] -> C
['B', 'B', 'B', 'B', 'B', 'B', 'B', 'B', 'B', 'B'] -> B
['A', 'A', 'A', 'A', 'A', 'A', 'A', 'A', 'A', 'A'] -> A
['B', 'B', 'B', 'B', 'B', 'B', 'B', 'B', 'B', 'B'] -> B
['C', 'C', 'C', 'C', 'C', 'C', 'C', 'C', 'C', 'C'] -> C
['C', 'C', 'C', 'C', 'C', 'C', 'C', 'C', 'C', 'C'] -> A =====
['A', 'A', 'A', 'A', 'A', 'A', 'A', 'A', 'A', 'A'] -> A
['A', 'A', 'A', 'A', 'A', 'A', 'A', 'A', 'A', 'A'] -> A
['A', 'A', 'A', 'A', 'A', 'A', 'A', 'A', 'A', 'A'] -> A
['A', 'A', 'A', 'A', 'A', 'A', 'A', 'A', 'A', 'A'] -> A
['C', 'C', 'C', 'C', 'C', 'C', 'C', 'C', 'C', 'C'] -> C
['A', 'A', 'A', 'A', 'A', 'A', 'A', 'A', 'A', 'A'] -> A
['B', 'B', 'B', 'B', 'B', 'B', 'B', 'B', 'B', 'B'] -> B
['A', 'A', 'A', 'A', 'A', 'A', 'A', 'A', 'A', 'A'] -> A
['C', 'C', 'C', 'C', 'C', 'C', 'C', 'C', 'C', 'C'] -> C
['A', 'A', 'A', 'A', 'A', 'A', 'A', 'A', 'A', 'A'] -> A
['A', 'A', 'A', 'A', 'A', 'A', 'A', 'A', 'A', 'A'] -> A
['C', 'A', 'C', 'C', 'C', 'A', 'A', 'A', 'A', 'A'] -> C =====
['B', 'B', 'B', 'B', 'B', 'B', 'B', 'B', 'B', 'B'] -> B
['A', 'A', 'A', 'A', 'A', 'A', 'A', 'A', 'A', 'A'] -> A
['A', 'A', 'A', 'A', 'A', 'A', 'A', 'A', 'A', 'A'] -> A
['B', 'C', 'B', 'B', 'B', 'B', 'B', 'B', 'B', 'B'] -> B =====
['C', 'C', 'C', 'C', 'C', 'C', 'C', 'C', 'C', 'C'] -> C
['C', 'C', 'C', 'C', 'C', 'C', 'C', 'C', 'C', 'C'] -> C
['C', 'C', 'C', 'C', 'C', 'C', 'C', 'C', 'C', 'C'] -> C
['B', 'B', 'B', 'B', 'B', 'B', 'B', 'B', 'B', 'B'] -> B
['A', 'A', 'A', 'A', 'A', 'A', 'A', 'A', 'A', 'A'] -> A
['A', 'A', 'A', 'A', 'A', 'A', 'A', 'A', 'A', 'A'] -> A
['C', 'C', 'C', 'C', 'C', 'C', 'C', 'C', 'C', 'C'] -> C
['B', 'B', 'B', 'B', 'B', 'B', 'B', 'B', 'B', 'B'] -> B
['B', 'B', 'B', 'B', 'B', 'B', 'B', 'B', 'B', 'B'] -> B
['B', 'B', 'B', 'B', 'B', 'B', 'B', 'B', 'B', 'B'] -> B
['B', 'B', 'B', 'B', 'B', 'B', 'B', 'B', 'B', 'B'] -> B
['A', 'A', 'A', 'A', 'A', 'A', 'A', 'A', 'A', 'A'] -> A
['B', 'B', 'B', 'B', 'B', 'B', 'B', 'B', 'B', 'B'] -> B
['B', 'B', 'B', 'B', 'B', 'B', 'B', 'B', 'B', 'B'] -> B
['B', 'B', 'B', 'B', 'B', 'B', 'B', 'B', 'B', 'B'] -> B
['B', 'B', 'B', 'B', 'B', 'B', 'B', 'B', 'B', 'B'] -> B
['B', 'B', 'B', 'B', 'B', 'B', 'B', 'B', 'B', 'B'] -> B
['B', 'B', 'B', 'B', 'B', 'B', 'B', 'B', 'B', 'B'] -> B
['A', 'A', 'A', 'A', 'A', 'A', 'A', 'A', 'A', 'A'] -> A
['A', 'A', 'A', 'A', 'A', 'A', 'A', 'A', 'A', 'A'] -> A
['A', 'A', 'A', 'A', 'A', 'A', 'A', 'A', 'A', 'A'] -> A
['A', 'A', 'A', 'A', 'A', 'A', 'A', 'A', 'A', 'A'] -> A
['A', 'A', 'A', 'A', 'A', 'A', 'A', 'A', 'A', 'A'] -> A
['A', 'A', 'A', 'A', 'A', 'A', 'A', 'A', 'A', 'A'] -> A
['A', 'A', 'A', 'A', 'A', 'A', 'A', 'A', 'A', 'A'] -> A
['A', 'A', 'A', 'A', 'A', 'A', 'A', 'A', 'A', 'A'] -> A
['A', 'A', 'A', 'A', 'A', 'A', 'A', 'A', 'A', 'A'] -> A
['B', 'B', 'B', 'B', 'B', 'B', 'B', 'B', 'B', 'B'] -> B
['B', 'B', 'B', 'B', 'B', 'B', 'B', 'B', 'B', 'B'] -> B
['A', 'A', 'A', 'A', 'A', 'A', 'A', 'A', 'A', 'A'] -> A
['A', 'A', 'A', 'A', 'A', 'A', 'A', 'A', 'A', 'A'] -> A
['C', 'C', 'C', 'C', 'C', 'C', 'C', 'C', 'C', 'C'] -> C
['A', 'A', 'A', 'A', 'A', 'A', 'A', 'A', 'A', 'A'] -> A
['C', 'C', 'C', 'C', 'C', 'C', 'C', 'C', 'C', 'C'] -> C
['C', 'C', 'C', 'C', 'C', 'C', 'C', 'C', 'C', 'C'] -> C
['C', 'C', 'C', 'C', 'C', 'C', 'C', 'C', 'C', 'C'] -> C
['B', 'B', 'B', 'B', 'B', 'B', 'B', 'B', 'B', 'B'] -> B
['C', 'C', 'C', 'C', 'C', 'C', 'C', 'C', 'C', 'C'] -> C
['A', 'A', 'A', 'A', 'A', 'A', 'A', 'A', 'A', 'A'] -> A
['A', 'A', 'A', 'A', 'A', 'A', 'A', 'A', 'A', 'A'] -> A
['C', 'C', 'C', 'C', 'C', 'B', 'C', 'B', 'C', 'C'] -> B =====
['A', 'A', 'A', 'A', 'A', 'A', 'A', 'A', 'A', 'A'] -> A
['B', 'B', 'B', 'B', 'B', 'B', 'B', 'B', 'B', 'B'] -> B
['C', 'C', 'C', 'C', 'C', 'C', 'C', 'C', 'C', 'C'] -> C
['A', 'A', 'A', 'A', 'A', 'A', 'A', 'A', 'A', 'A'] -> A
['A', 'A', 'A', 'A', 'A', 'A', 'A', 'A', 'A', 'A'] -> A
['B', 'B', 'B', 'B', 'B', 'B', 'B', 'B', 'B', 'B'] -> B
['A', 'A', 'A', 'A', 'A', 'A', 'A', 'A', 'A', 'A'] -> A
['A', 'A', 'A', 'A', 'A', 'A', 'A', 'A', 'A', 'A'] -> A
['B', 'B', 'B', 'B', 'B', 'B', 'B', 'B', 'B', 'B'] -> B
['B', 'B', 'B', 'B', 'B', 'B', 'B', 'B', 'B', 'B'] -> B
['C', 'C', 'C', 'C', 'C', 'C', 'C', 'C', 'C', 'C'] -> C
['C', 'C', 'C', 'C', 'C', 'C', 'C', 'C', 'C', 'C'] -> C
['A', 'A', 'A', 'A', 'A', 'A', 'A', 'A', 'A', 'A'] -> A
['A', 'A', 'A', 'A', 'A', 'A', 'A', 'A', 'A', 'A'] -> A
['B', 'B', 'B', 'B', 'B', 'B', 'B', 'B', 'B', 'B'] -> B
['C', 'C', 'C', 'C', 'C', 'C', 'C', 'C', 'C', 'C'] -> C
['A', 'A', 'A', 'A', 'A', 'A', 'A', 'A', 'A', 'A'] -> A
['C', 'C', 'C', 'C', 'C', 'C', 'C', 'C', 'C', 'C'] -> C
['B', 'B', 'B', 'B', 'B', 'B', 'B', 'B', 'B', 'B'] -> B
['A', 'A', 'A', 'A', 'A', 'A', 'A', 'A', 'A', 'A'] -> A
['A', 'A', 'A', 'A', 'A', 'A', 'A', 'A', 'A', 'A'] -> A
['A', 'A', 'A', 'A', 'A', 'A', 'A', 'A', 'A', 'A'] -> A
['C', 'C', 'C', 'C', 'C', 'C', 'C', 'C', 'C', 'C'] -> C
['B', 'B', 'B', 'B', 'B', 'B', 'B', 'B', 'B', 'B'] -> B
['A', 'A', 'A', 'A', 'A', 'A', 'A', 'A', 'A', 'A'] -> A
['C', 'C', 'C', 'C', 'C', 'C', 'C', 'C', 'C', 'C'] -> C
['C', 'C', 'C', 'C', 'C', 'C', 'C', 'C', 'C', 'C'] -> C
['B', 'B', 'B', 'B', 'B', 'B', 'B', 'B', 'B', 'B'] -> B
['A', 'A', 'A', 'A', 'A', 'A', 'A', 'A', 'A', 'A'] -> A
['C', 'C', 'C', 'C', 'C', 'C', 'C', 'B', 'C', 'C'] -> B =====
['C', 'C', 'C', 'C', 'C', 'C', 'C', 'C', 'C', 'C'] -> C
['C', 'C', 'C', 'C', 'C', 'C', 'C', 'C', 'C', 'C'] -> C
['B', 'B', 'B', 'B', 'B', 'B', 'B', 'B', 'B', 'B'] -> B
['B', 'B', 'B', 'B', 'B', 'B', 'B', 'B', 'B', 'B'] -> B
['A', 'A', 'A', 'A', 'A', 'A', 'A', 'A', 'A', 'A'] -> A
['A', 'A', 'A', 'A', 'A', 'A', 'A', 'A', 'A', 'A'] -> A
['A', 'A', 'A', 'A', 'A', 'A', 'A', 'A', 'A', 'A'] -> A
['C', 'C', 'C', 'C', 'C', 'C', 'C', 'C', 'C', 'C'] -> C
['A', 'A', 'A', 'A', 'A', 'A', 'A', 'A', 'A', 'A'] -> A
['B', 'B', 'B', 'B', 'B', 'B', 'B', 'B', 'B', 'B'] -> B
['A', 'A', 'A', 'A', 'A', 'A', 'A', 'A', 'A', 'A'] -> A
['B', 'B', 'B', 'B', 'B', 'B', 'B', 'B', 'B', 'B'] -> B
['A', 'A', 'A', 'A', 'A', 'A', 'A', 'A', 'A', 'A'] -> A
['C', 'C', 'C', 'C', 'C', 'C', 'C', 'C', 'C', 'C'] -> C
['B', 'B', 'B', 'B', 'B', 'B', 'B', 'B', 'B', 'B'] -> B
['A', 'A', 'A', 'A', 'A', 'A', 'A', 'A', 'A', 'A'] -> A
['B', 'B', 'B', 'B', 'B', 'B', 'B', 'B', 'B', 'B'] -> B
['A', 'A', 'C', 'A', 'C', 'C', 'A', 'C', 'C', 'A'] -> C =====
['B', 'B', 'B', 'B', 'B', 'B', 'B', 'B', 'B', 'B'] -> B
['A', 'A', 'A', 'A', 'A', 'A', 'A', 'A', 'A', 'A'] -> A
['B', 'B', 'B', 'B', 'B', 'B', 'B', 'B', 'B', 'B'] -> B
['A', 'A', 'A', 'A', 'A', 'A', 'A', 'A', 'A', 'A'] -> A
['A', 'A', 'A', 'A', 'A', 'A', 'A', 'A', 'A', 'A'] -> A
['A', 'A', 'A', 'A', 'A', 'A', 'A', 'A', 'A', 'A'] -> A
['A', 'A', 'A', 'A', 'A', 'A', 'A', 'A', 'A', 'A'] -> A
['C', 'C', 'C', 'C', 'C', 'C', 'C', 'C', 'C', 'C'] -> C
['B', 'B', 'B', 'B', 'B', 'B', 'B', 'B', 'B', 'B'] -> B
['B', 'B', 'B', 'B', 'B', 'B', 'B', 'B', 'B', 'B'] -> B
['B', 'B', 'B', 'B', 'B', 'B', 'B', 'B', 'B', 'B'] -> B
['A', 'A', 'A', 'A', 'A', 'A', 'A', 'A', 'A', 'A'] -> A
['A', 'A', 'A', 'A', 'A', 'A', 'A', 'A', 'A', 'A'] -> A
['C', 'C', 'C', 'C', 'C', 'C', 'C', 'C', 'C', 'C'] -> C
['C', 'C', 'C', 'C', 'C', 'B', 'C', 'B', 'C', 'C'] -> C =====
['C', 'C', 'C', 'C', 'C', 'C', 'C', 'C', 'C', 'C'] -> C
['B', 'B', 'B', 'B', 'B', 'B', 'B', 'B', 'B', 'B'] -> C =====
['C', 'C', 'C', 'C', 'C', 'C', 'C', 'C', 'C', 'C'] -> C
['B', 'B', 'B', 'B', 'B', 'B', 'B', 'B', 'B', 'B'] -> B
['C', 'C', 'C', 'C', 'C', 'C', 'C', 'C', 'C', 'C'] -> C
['C', 'C', 'C', 'C', 'C', 'C', 'C', 'C', 'C', 'C'] -> C
['B', 'B', 'B', 'B', 'B', 'B', 'B', 'B', 'B', 'B'] -> B
['B', 'B', 'B', 'B', 'B', 'B', 'B', 'B', 'B', 'B'] -> B
['A', 'A', 'A', 'A', 'A', 'A', 'A', 'A', 'A', 'A'] -> A
['B', 'B', 'B', 'B', 'B', 'B', 'B', 'B', 'B', 'B'] -> B
['C', 'C', 'C', 'C', 'C', 'C', 'C', 'C', 'C', 'C'] -> C
['B', 'B', 'B', 'B', 'B', 'B', 'B', 'B', 'B', 'B'] -> B
['B', 'B', 'B', 'B', 'B', 'B', 'B', 'B', 'B', 'B'] -> B
['A', 'A', 'A', 'A', 'A', 'A', 'A', 'A', 'A', 'A'] -> A
['B', 'B', 'B', 'B', 'B', 'B', 'B', 'B', 'B', 'B'] -> B
['B', 'B', 'B', 'B', 'B', 'B', 'B', 'B', 'B', 'B'] -> B
['A', 'A', 'A', 'A', 'A', 'A', 'A', 'A', 'A', 'A'] -> A
['A', 'A', 'A', 'A', 'A', 'A', 'A', 'A', 'A', 'A'] -> A
['B', 'B', 'B', 'B', 'B', 'B', 'B', 'B', 'B', 'B'] -> B
['C', 'C', 'C', 'C', 'C', 'C', 'C', 'C', 'C', 'C'] -> C
['A', 'A', 'A', 'A', 'A', 'A', 'A', 'A', 'A', 'A'] -> A
['B', 'B', 'B', 'B', 'B', 'B', 'B', 'B', 'B', 'B'] -> B
['A', 'A', 'A', 'A', 'A', 'A', 'A', 'A', 'A', 'A'] -> A
['B', 'B', 'B', 'B', 'B', 'B', 'B', 'B', 'B', 'B'] -> B
['B', 'B', 'B', 'B', 'B', 'B', 'B', 'B', 'B', 'B'] -> B
['B', 'B', 'B', 'B', 'B', 'B', 'B', 'B', 'B', 'B'] -> B
['B', 'B', 'B', 'B', 'B', 'B', 'B', 'B', 'B', 'B'] -> B
['C', 'C', 'C', 'C', 'C', 'C', 'C', 'C', 'C', 'C'] -> C
['A', 'A', 'A', 'A', 'A', 'A', 'A', 'A', 'A', 'A'] -> A
['C', 'C', 'C', 'C', 'C', 'C', 'C', 'C', 'C', 'C'] -> C
['C', 'C', 'C', 'C', 'C', 'C', 'C', 'C', 'C', 'C'] -> B =====
['A', 'A', 'A', 'A', 'A', 'A', 'A', 'A', 'A', 'A'] -> A
['B', 'B', 'B', 'B', 'B', 'B', 'B', 'B', 'B', 'B'] -> B
['C', 'C', 'C', 'C', 'C', 'C', 'C', 'C', 'C', 'C'] -> C
['C', 'C', 'C', 'C', 'C', 'C', 'C', 'C', 'C', 'C'] -> C
['A', 'A', 'A', 'A', 'A', 'A', 'A', 'A', 'A', 'A'] -> A
['A', 'A', 'A', 'A', 'A', 'A', 'A', 'A', 'A', 'A'] -> A
['B', 'B', 'B', 'B', 'B', 'B', 'B', 'B', 'B', 'B'] -> B
['B', 'B', 'B', 'B', 'B', 'B', 'B', 'B', 'B', 'B'] -> B
['A', 'A', 'A', 'A', 'A', 'A', 'A', 'A', 'A', 'A'] -> A
['C', 'B', 'C', 'B', 'C', 'C', 'C', 'C', 'C', 'C'] -> C =====
['A', 'A', 'A', 'A', 'A', 'A', 'A', 'A', 'A', 'A'] -> A
['A', 'A', 'A', 'A', 'A', 'A', 'A', 'A', 'A', 'A'] -> A
['C', 'C', 'C', 'C', 'C', 'C', 'C', 'C', 'C', 'C'] -> C
['A', 'A', 'A', 'A', 'A', 'A', 'A', 'A', 'A', 'A'] -> A
['B', 'B', 'B', 'B', 'B', 'B', 'B', 'B', 'B', 'B'] -> B
['A', 'A', 'A', 'A', 'A', 'A', 'A', 'A', 'A', 'A'] -> A
['A', 'A', 'A', 'A', 'A', 'A', 'A', 'A', 'A', 'A'] -> A
['C', 'C', 'C', 'C', 'C', 'C', 'C', 'C', 'C', 'C'] -> C
['A', 'A', 'A', 'A', 'A', 'A', 'A', 'A', 'A', 'A'] -> A
['B', 'B', 'B', 'B', 'B', 'B', 'B', 'B', 'B', 'B'] -> B
['C', 'C', 'C', 'C', 'C', 'C', 'C', 'C', 'C', 'C'] -> C
['A', 'A', 'A', 'A', 'A', 'A', 'A', 'A', 'A', 'A'] -> A
['C', 'C', 'C', 'C', 'C', 'C', 'C', 'C', 'C', 'C'] -> C
['B', 'B', 'B', 'B', 'B', 'B', 'B', 'B', 'B', 'B'] -> B
['B', 'B', 'B', 'B', 'B', 'B', 'B', 'B', 'B', 'B'] -> B
['A', 'A', 'A', 'A', 'A', 'A', 'A', 'A', 'A', 'A'] -> A
['A', 'A', 'A', 'A', 'A', 'A', 'A', 'A', 'A', 'A'] -> A
['B', 'B', 'B', 'B', 'B', 'B', 'B', 'B', 'B', 'B'] -> B
['B', 'C', 'C', 'B', 'C', 'B', 'C', 'B', 'B', 'C'] -> B =====
['A', 'A', 'A', 'A', 'A', 'A', 'A', 'A', 'A', 'A'] -> A
['A', 'A', 'A', 'A', 'A', 'A', 'A', 'A', 'A', 'A'] -> A
['A', 'A', 'A', 'A', 'A', 'A', 'A', 'A', 'A', 'A'] -> A
['A', 'A', 'A', 'A', 'A', 'A', 'A', 'A', 'A', 'A'] -> A
['C', 'C', 'C', 'C', 'C', 'C', 'C', 'C', 'C', 'C'] -> C
['A', 'A', 'A', 'A', 'A', 'A', 'A', 'A', 'A', 'A'] -> A
['A', 'A', 'A', 'A', 'A', 'A', 'A', 'A', 'A', 'A'] -> A
['A', 'A', 'A', 'A', 'A', 'A', 'A', 'A', 'A', 'A'] -> A
['A', 'A', 'A', 'A', 'A', 'A', 'A', 'A', 'A', 'A'] -> A
['B', 'B', 'B', 'B', 'B', 'B', 'B', 'B', 'B', 'B'] -> B
['A', 'A', 'A', 'A', 'A', 'A', 'A', 'A', 'A', 'A'] -> A
['A', 'A', 'A', 'A', 'A', 'A', 'A', 'A', 'A', 'A'] -> A
['B', 'B', 'B', 'B', 'B', 'B', 'B', 'B', 'B', 'B'] -> B
['C', 'C', 'C', 'C', 'C', 'C', 'C', 'C', 'C', 'C'] -> C
['C', 'C', 'C', 'C', 'C', 'C', 'C', 'C', 'C', 'C'] -> C
['C', 'C', 'C', 'C', 'C', 'C', 'C', 'C', 'C', 'C'] -> C
['A', 'A', 'A', 'A', 'A', 'A', 'A', 'A', 'A', 'A'] -> A
['C', 'C', 'C', 'C', 'C', 'C', 'C', 'C', 'C', 'C'] -> C
['A', 'A', 'A', 'A', 'A', 'A', 'A', 'A', 'A', 'A'] -> A
['B', 'B', 'B', 'B', 'B', 'B', 'B', 'B', 'B', 'B'] -> B
['C', 'C', 'C', 'C', 'C', 'C', 'C', 'C', 'C', 'C'] -> C
['A', 'A', 'A', 'A', 'A', 'A', 'A', 'A', 'A', 'A'] -> A
['B', 'B', 'B', 'B', 'B', 'B', 'B', 'B', 'B', 'B'] -> B
['A', 'A', 'A', 'A', 'A', 'A', 'A', 'A', 'A', 'A'] -> A
['B', 'B', 'B', 'B', 'B', 'B', 'B', 'B', 'B', 'B'] -> B
['A', 'A', 'A', 'A', 'A', 'A', 'A', 'A', 'A', 'A'] -> A
['A', 'A', 'A', 'A', 'A', 'A', 'A', 'A', 'A', 'A'] -> B =====
['A', 'A', 'A', 'A', 'A', 'A', 'A', 'A', 'A', 'A'] -> A
['A', 'A', 'A', 'A', 'A', 'A', 'A', 'A', 'A', 'A'] -> A
['A', 'A', 'A', 'A', 'A', 'A', 'A', 'A', 'A', 'A'] -> A
['A', 'A', 'A', 'A', 'A', 'A', 'A', 'A', 'A', 'A'] -> A
['B', 'B', 'B', 'B', 'B', 'B', 'B', 'B', 'B', 'B'] -> B
['B', 'B', 'B', 'B', 'B', 'B', 'B', 'B', 'B', 'B'] -> B
['C', 'B', 'C', 'C', 'B', 'C', 'C', 'C', 'B', 'C'] -> C =====
['A', 'A', 'A', 'A', 'A', 'A', 'A', 'A', 'A', 'A'] -> A
['B', 'B', 'B', 'B', 'B', 'B', 'B', 'B', 'B', 'B'] -> B
['C', 'C', 'C', 'C', 'C', 'C', 'C', 'C', 'C', 'C'] -> C
['B', 'B', 'B', 'B', 'B', 'B', 'B', 'B', 'B', 'B'] -> B
['A', 'A', 'A', 'A', 'A', 'A', 'A', 'A', 'A', 'A'] -> A
['C', 'C', 'C', 'C', 'C', 'C', 'C', 'C', 'C', 'C'] -> C
['A', 'A', 'A', 'A', 'A', 'A', 'A', 'A', 'A', 'A'] -> A
['A', 'A', 'A', 'A', 'A', 'A', 'A', 'A', 'A', 'A'] -> A
['C', 'C', 'C', 'C', 'C', 'C', 'C', 'C', 'C', 'C'] -> C
['A', 'A', 'A', 'A', 'A', 'A', 'A', 'A', 'A', 'A'] -> A
['C', 'C', 'C', 'C', 'C', 'C', 'C', 'C', 'C', 'C'] -> C
['A', 'A', 'A', 'A', 'A', 'A', 'A', 'A', 'A', 'A'] -> A
['A', 'A', 'A', 'A', 'A', 'A', 'A', 'A', 'A', 'A'] -> A
['B', 'B', 'B', 'B', 'B', 'B', 'B', 'B', 'B', 'B'] -> C =====
['A', 'A', 'A', 'A', 'A', 'A', 'A', 'A', 'A', 'A'] -> A
['B', 'B', 'B', 'B', 'B', 'B', 'B', 'B', 'B', 'B'] -> B
['B', 'B', 'B', 'B', 'B', 'B', 'B', 'B', 'B', 'B'] -> B
['B', 'B', 'B', 'B', 'B', 'B', 'B', 'B', 'B', 'B'] -> B
['C', 'C', 'C', 'C', 'C', 'C', 'C', 'C', 'C', 'C'] -> C
['A', 'A', 'A', 'A', 'A', 'A', 'A', 'A', 'A', 'A'] -> A
['C', 'C', 'C', 'C', 'C', 'C', 'C', 'C', 'C', 'C'] -> C
['B', 'B', 'B', 'B', 'B', 'B', 'B', 'B', 'B', 'B'] -> B
['B', 'B', 'B', 'B', 'B', 'B', 'B', 'B', 'B', 'B'] -> B
['C', 'C', 'A', 'A', 'A', 'A', 'C', 'C', 'A', 'C'] -> A =====
['A', 'A', 'A', 'A', 'A', 'A', 'A', 'A', 'A', 'A'] -> A
['B', 'B', 'B', 'B', 'B', 'B', 'B', 'B', 'B', 'B'] -> B
['C', 'C', 'C', 'C', 'C', 'C', 'C', 'C', 'C', 'C'] -> C
['C', 'A', 'C', 'A', 'A', 'A', 'A', 'A', 'C', 'A'] -> C =====
['A', 'A', 'A', 'A', 'A', 'A', 'A', 'A', 'A', 'A'] -> A
['A', 'A', 'A', 'A', 'A', 'A', 'A', 'A', 'A', 'A'] -> A
['B', 'B', 'B', 'B', 'B', 'B', 'B', 'B', 'B', 'B'] -> B
['A', 'A', 'A', 'A', 'A', 'A', 'A', 'A', 'A', 'A'] -> A
['C', 'C', 'C', 'C', 'C', 'C', 'C', 'C', 'C', 'C'] -> C
['C', 'C', 'C', 'C', 'C', 'C', 'C', 'C', 'C', 'C'] -> C
['A', 'A', 'A', 'A', 'A', 'A', 'A', 'A', 'A', 'A'] -> A
['B', 'B', 'B', 'B', 'B', 'B', 'B', 'B', 'B', 'B'] -> C =====
['B', 'B', 'B', 'B', 'B', 'B', 'B', 'B', 'B', 'B'] -> B
['A', 'A', 'A', 'A', 'A', 'A', 'A', 'A', 'A', 'A'] -> A
['B', 'B', 'B', 'B', 'B', 'B', 'B', 'B', 'B', 'B'] -> B
['A', 'A', 'A', 'A', 'A', 'A', 'A', 'A', 'A', 'A'] -> A
['C', 'C', 'C', 'C', 'C', 'C', 'C', 'C', 'C', 'C'] -> C
['A', 'A', 'A', 'A', 'A', 'A', 'A', 'A', 'A', 'A'] -> A
['B', 'B', 'B', 'B', 'B', 'B', 'B', 'B', 'B', 'B'] -> B
['C', 'C', 'C', 'C', 'C', 'C', 'C', 'C', 'C', 'C'] -> C
['B', 'B', 'B', 'B', 'B', 'B', 'B', 'B', 'B', 'B'] -> B
['A', 'A', 'A', 'A', 'A', 'A', 'A', 'A', 'A', 'A'] -> A
['C', 'C', 'C', 'C', 'C', 'C', 'C', 'C', 'C', 'C'] -> C
['C', 'C', 'C', 'C', 'C', 'C', 'C', 'C', 'C', 'C'] -> C
['A', 'A', 'A', 'A', 'A', 'A', 'A', 'A', 'A', 'A'] -> A
['C', 'C', 'C', 'C', 'C', 'C', 'C', 'C', 'C', 'C'] -> C
['C', 'C', 'C', 'C', 'C', 'C', 'C', 'C', 'C', 'C'] -> C
['B', 'B', 'B', 'B', 'B', 'B', 'B', 'B', 'B', 'B'] -> B
['A', 'A', 'A', 'A', 'A', 'A', 'A', 'A', 'A', 'A'] -> A
['B', 'B', 'B', 'B', 'B', 'B', 'B', 'B', 'B', 'B'] -> B
['C', 'C', 'C', 'C', 'C', 'C', 'C', 'C', 'C', 'C'] -> C
['B', 'B', 'B', 'B', 'B', 'B', 'B', 'B', 'B', 'B'] -> B
['B', 'B', 'B', 'B', 'B', 'B', 'B', 'B', 'B', 'B'] -> B
['B', 'B', 'B', 'B', 'B', 'B', 'B', 'B', 'B', 'B'] -> B
['B', 'B', 'B', 'B', 'B', 'B', 'B', 'B', 'B', 'B'] -> B
['A', 'A', 'A', 'A', 'A', 'A', 'A', 'A', 'A', 'A'] -> A
['B', 'B', 'B', 'B', 'B', 'B', 'B', 'B', 'B', 'B'] -> B
['B', 'B', 'B', 'B', 'B', 'B', 'B', 'B', 'B', 'B'] -> B
['C', 'C', 'C', 'C', 'C', 'C', 'C', 'C', 'C', 'C'] -> C
['B', 'B', 'B', 'B', 'B', 'B', 'B', 'B', 'B', 'B'] -> B
['A', 'A', 'A', 'A', 'A', 'A', 'A', 'A', 'A', 'A'] -> A
['C', 'C', 'C', 'C', 'C', 'C', 'C', 'C', 'C', 'C'] -> C
['B', 'B', 'B', 'B', 'B', 'B', 'B', 'B', 'B', 'B'] -> B
['A', 'A', 'A', 'A', 'A', 'A', 'A', 'A', 'A', 'A'] -> A
['C', 'C', 'C', 'C', 'C', 'C', 'C', 'C', 'C', 'C'] -> C
['C', 'C', 'C', 'C', 'C', 'C', 'C', 'C', 'C', 'C'] -> C
['A', 'A', 'A', 'A', 'A', 'A', 'A', 'A', 'A', 'A'] -> A
['A', 'B', 'B', 'B', 'A', 'B', 'B', 'A', 'B', 'A'] -> B =====
['A', 'A', 'A', 'A', 'A', 'A', 'A', 'A', 'A', 'A'] -> A
['A', 'A', 'A', 'A', 'A', 'A', 'A', 'A', 'A', 'A'] -> A
['A', 'A', 'A', 'A', 'A', 'A', 'A', 'A', 'A', 'A'] -> A
['A', 'A', 'A', 'A', 'A', 'A', 'A', 'A', 'A', 'A'] -> A
['B', 'B', 'B', 'B', 'A', 'A', 'B', 'A', 'B', 'A'] -> A =====
['A', 'A', 'A', 'A', 'A', 'A', 'A', 'A', 'A', 'A'] -> A
['B', 'B', 'B', 'B', 'B', 'B', 'B', 'B', 'B', 'B'] -> B
['A', 'A', 'A', 'A', 'A', 'A', 'A', 'A', 'A', 'A'] -> A
['B', 'B', 'B', 'B', 'B', 'B', 'B', 'B', 'B', 'B'] -> B
['A', 'A', 'A', 'A', 'A', 'A', 'A', 'A', 'A', 'A'] -> A
['B', 'B', 'B', 'B', 'B', 'B', 'B', 'B', 'B', 'B'] -> B
['A', 'A', 'A', 'A', 'A', 'A', 'A', 'A', 'A', 'A'] -> A
['B', 'B', 'B', 'B', 'B', 'B', 'B', 'B', 'B', 'B'] -> B
['B', 'B', 'B', 'B', 'B', 'B', 'B', 'B', 'B', 'B'] -> B
['B', 'B', 'B', 'B', 'B', 'B', 'B', 'B', 'B', 'B'] -> B
['C', 'C', 'C', 'C', 'C', 'C', 'C', 'C', 'C', 'C'] -> C
['A', 'A', 'A', 'A', 'A', 'A', 'A', 'A', 'A', 'A'] -> A
['C', 'C', 'C', 'C', 'C', 'C', 'C', 'C', 'C', 'C'] -> C
['A', 'A', 'A', 'A', 'A', 'A', 'A', 'A', 'A', 'A'] -> A
['A', 'A', 'A', 'A', 'A', 'A', 'A', 'A', 'A', 'A'] -> A
['C', 'C', 'C', 'C', 'C', 'C', 'C', 'C', 'C', 'C'] -> C
['C', 'C', 'C', 'C', 'C', 'C', 'C', 'C', 'C', 'C'] -> C
['A', 'A', 'A', 'A', 'A', 'A', 'A', 'A', 'A', 'A'] -> A
['A', 'A', 'A', 'A', 'A', 'A', 'A', 'A', 'A', 'A'] -> A
['B', 'B', 'B', 'B', 'B', 'B', 'B', 'B', 'B', 'B'] -> B
['A', 'A', 'A', 'A', 'A', 'A', 'A', 'A', 'A', 'A'] -> A
['A', 'A', 'A', 'A', 'A', 'A', 'A', 'A', 'A', 'A'] -> A
['B', 'B', 'B', 'B', 'B', 'B', 'B', 'B', 'B', 'B'] -> B
['A', 'A', 'A', 'A', 'A', 'A', 'A', 'A', 'A', 'A'] -> A
['B', 'B', 'B', 'B', 'B', 'B', 'B', 'B', 'B', 'B'] -> B
['A', 'A', 'A', 'A', 'A', 'A', 'A', 'A', 'A', 'A'] -> A
['A', 'A', 'A', 'A', 'A', 'A', 'A', 'A', 'A', 'A'] -> A
['A', 'A', 'A', 'A', 'A', 'A', 'A', 'A', 'A', 'A'] -> A
['C', 'C', 'C', 'C', 'C', 'C', 'C', 'C', 'C', 'C'] -> C
['B', 'B', 'B', 'B', 'B', 'B', 'B', 'B', 'B', 'B'] -> B
['B', 'B', 'B', 'B', 'B', 'B', 'B', 'B', 'B', 'B'] -> B
['B', 'B', 'B', 'B', 'B', 'B', 'B', 'B', 'B', 'B'] -> B
['C', 'C', 'C', 'C', 'C', 'C', 'B', 'B', 'C', 'B'] -> C =====
['A', 'A', 'A', 'A', 'A', 'A', 'A', 'A', 'A', 'A'] -> A
['A', 'A', 'A', 'A', 'A', 'A', 'A', 'A', 'A', 'A'] -> A
['C', 'C', 'C', 'C', 'C', 'C', 'C', 'C', 'C', 'C'] -> C
['B', 'B', 'B', 'B', 'B', 'B', 'B', 'B', 'B', 'B'] -> B
['A', 'A', 'A', 'A', 'A', 'A', 'A', 'A', 'A', 'A'] -> A
['B', 'B', 'B', 'B', 'B', 'B', 'B', 'B', 'B', 'B'] -> B
['B', 'B', 'B', 'B', 'C', 'B', 'B', 'B', 'B', 'B'] -> B =====
['B', 'B', 'B', 'B', 'B', 'B', 'B', 'B', 'B', 'B'] -> B
['B', 'B', 'B', 'B', 'B', 'B', 'B', 'B', 'B', 'B'] -> B
['C', 'C', 'C', 'C', 'C', 'C', 'C', 'C', 'C', 'C'] -> C
['B', 'B', 'B', 'C', 'B', 'B', 'C', 'C', 'B', 'B'] -> B =====
['C', 'C', 'C', 'C', 'C', 'C', 'C', 'C', 'C', 'C'] -> C
['B', 'B', 'B', 'B', 'B', 'B', 'B', 'B', 'B', 'B'] -> B
['A', 'A', 'A', 'A', 'A', 'A', 'A', 'A', 'A', 'A'] -> A
['A', 'A', 'A', 'A', 'A', 'A', 'A', 'A', 'A', 'A'] -> A
['B', 'C', 'C', 'C', 'A', 'B', 'B', 'B', 'A', 'B'] -> C =====
['A', 'A', 'A', 'A', 'A', 'A', 'A', 'A', 'A', 'A'] -> A
['B', 'B', 'B', 'B', 'B', 'B', 'B', 'B', 'B', 'B'] -> B
['B', 'B', 'B', 'B', 'A', 'B', 'A', 'A', 'B', 'B'] -> B =====
['C', 'C', 'C', 'C', 'C', 'C', 'C', 'C', 'C', 'C'] -> C
['B', 'C', 'B', 'B', 'B', 'B', 'B', 'B', 'B', 'B'] -> C =====
['A', 'A', 'A', 'A', 'A', 'A', 'A', 'A', 'A', 'A'] -> A
['B', 'B', 'B', 'B', 'B', 'B', 'B', 'B', 'B', 'B'] -> B
['A', 'A', 'A', 'A', 'A', 'A', 'A', 'A', 'A', 'A'] -> A
['A', 'A', 'A', 'A', 'A', 'A', 'A', 'A', 'A', 'A'] -> A
['C', 'C', 'C', 'C', 'C', 'C', 'C', 'C', 'C', 'C'] -> C
['A', 'A', 'A', 'A', 'A', 'A', 'A', 'A', 'A', 'A'] -> A
['A', 'A', 'A', 'A', 'A', 'A', 'A', 'A', 'A', 'A'] -> A
['B', 'B', 'B', 'B', 'B', 'B', 'B', 'B', 'B', 'B'] -> B
['B', 'B', 'B', 'B', 'B', 'B', 'B', 'B', 'B', 'B'] -> B
['A', 'A', 'A', 'A', 'A', 'A', 'A', 'A', 'A', 'A'] -> A
['A', 'A', 'A', 'A', 'A', 'A', 'A', 'A', 'A', 'A'] -> A
['B', 'B', 'B', 'B', 'B', 'B', 'B', 'B', 'B', 'B'] -> B
['B', 'B', 'B', 'B', 'B', 'B', 'B', 'B', 'B', 'B'] -> B
['B', 'B', 'B', 'B', 'B', 'B', 'B', 'B', 'B', 'B'] -> B
['A', 'A', 'A', 'A', 'A', 'A', 'A', 'A', 'A', 'A'] -> A
['A', 'A', 'A', 'A', 'A', 'A', 'A', 'A', 'A', 'A'] -> A
['C', 'C', 'C', 'C', 'C', 'C', 'C', 'C', 'C', 'C'] -> C
['C', 'C', 'C', 'C', 'C', 'C', 'C', 'C', 'C', 'C'] -> C
['A', 'A', 'A', 'A', 'A', 'A', 'A', 'A', 'A', 'A'] -> A
['A', 'A', 'A', 'A', 'A', 'A', 'A', 'A', 'A', 'A'] -> A
['A', 'A', 'A', 'A', 'A', 'A', 'A', 'A', 'A', 'A'] -> A
['A', 'A', 'A', 'A', 'A', 'A', 'A', 'A', 'A', 'A'] -> A
['B', 'A', 'A', 'A', 'A', 'A', 'A', 'A', 'A', 'A'] -> A =====
['C', 'C', 'C', 'C', 'C', 'C', 'C', 'C', 'C', 'C'] -> C
['A', 'A', 'A', 'A', 'A', 'A', 'A', 'A', 'A', 'A'] -> A
['B', 'B', 'C', 'B', 'B', 'B', 'B', 'B', 'B', 'B'] -> C =====
['C', 'B', 'C', 'B', 'C', 'C', 'C', 'C', 'C', 'C'] -> B =====
['A', 'A', 'A', 'A', 'A', 'A', 'A', 'A', 'A', 'A'] -> A
['A', 'A', 'A', 'A', 'A', 'A', 'A', 'A', 'A', 'A'] -> A
['B', 'B', 'B', 'B', 'B', 'B', 'B', 'B', 'B', 'B'] -> B
['B', 'B', 'B', 'B', 'B', 'B', 'B', 'B', 'B', 'B'] -> B
['A', 'A', 'A', 'A', 'A', 'A', 'A', 'A', 'A', 'A'] -> A
['B', 'B', 'B', 'B', 'B', 'B', 'B', 'B', 'B', 'B'] -> B
['B', 'B', 'C', 'B', 'B', 'B', 'B', 'B', 'B', 'B'] -> B =====
['A', 'A', 'A', 'A', 'A', 'A', 'A', 'A', 'A', 'A'] -> A
['B', 'B', 'B', 'B', 'B', 'B', 'B', 'B', 'B', 'B'] -> B
['B', 'B', 'B', 'B', 'B', 'B', 'B', 'B', 'B', 'B'] -> B
['A', 'A', 'A', 'A', 'A', 'A', 'A', 'A', 'A', 'A'] -> A
['A', 'C', 'C', 'A', 'C', 'C', 'C', 'C', 'C', 'C'] -> A =====
['A', 'A', 'A', 'A', 'A', 'A', 'A', 'A', 'A', 'A'] -> A
['B', 'B', 'B', 'B', 'B', 'B', 'B', 'B', 'B', 'B'] -> B
['A', 'A', 'A', 'A', 'A', 'A', 'A', 'A', 'A', 'A'] -> A
['A', 'A', 'A', 'A', 'A', 'A', 'A', 'A', 'A', 'A'] -> A
['C', 'C', 'C', 'C', 'C', 'C', 'C', 'C', 'C', 'C'] -> C
['B', 'B', 'B', 'B', 'B', 'B', 'B', 'B', 'B', 'B'] -> B
['A', 'A', 'A', 'A', 'A', 'A', 'A', 'A', 'A', 'A'] -> A
['A', 'A', 'A', 'A', 'A', 'A', 'A', 'A', 'A', 'A'] -> A
['B', 'B', 'B', 'B', 'B', 'B', 'B', 'B', 'B', 'B'] -> B
['A', 'A', 'A', 'A', 'A', 'A', 'A', 'A', 'A', 'A'] -> A
['A', 'A', 'A', 'A', 'A', 'A', 'A', 'A', 'A', 'A'] -> A
['B', 'B', 'B', 'B', 'B', 'B', 'B', 'B', 'B', 'B'] -> B
['C', 'C', 'C', 'C', 'C', 'C', 'C', 'C', 'C', 'C'] -> C
['B', 'B', 'B', 'B', 'B', 'B', 'B', 'B', 'B', 'B'] -> B
['B', 'B', 'B', 'B', 'B', 'B', 'B', 'B', 'B', 'B'] -> B
['C', 'C', 'C', 'C', 'C', 'C', 'C', 'C', 'C', 'C'] -> C
['A', 'A', 'A', 'A', 'A', 'A', 'A', 'A', 'A', 'A'] -> A
['A', 'A', 'A', 'A', 'A', 'A', 'A', 'A', 'A', 'A'] -> A
['A', 'A', 'A', 'C', 'C', 'C', 'C', 'C', 'C', 'A'] -> C =====
['C', 'C', 'C', 'C', 'C', 'C', 'C', 'C', 'C', 'C'] -> C
['B', 'B', 'B', 'B', 'B', 'B', 'B', 'B', 'B', 'B'] -> B
['B', 'B', 'B', 'B', 'B', 'B', 'B', 'B', 'B', 'B'] -> B
['C', 'C', 'C', 'C', 'C', 'C', 'C', 'C', 'C', 'C'] -> C
['B', 'B', 'B', 'B', 'B', 'B', 'B', 'B', 'B', 'B'] -> B
['B', 'B', 'B', 'B', 'B', 'B', 'B', 'B', 'B', 'B'] -> B
['A', 'A', 'A', 'A', 'A', 'A', 'A', 'A', 'A', 'A'] -> A
['C', 'C', 'C', 'C', 'C', 'C', 'C', 'C', 'C', 'C'] -> C
['B', 'B', 'B', 'B', 'B', 'B', 'B', 'B', 'B', 'B'] -> B
['A', 'A', 'A', 'A', 'A', 'A', 'A', 'A', 'A', 'A'] -> A
['B', 'B', 'B', 'B', 'B', 'B', 'B', 'B', 'B', 'B'] -> B
['A', 'A', 'A', 'A', 'A', 'A', 'A', 'A', 'A', 'A'] -> A
['B', 'B', 'B', 'B', 'B', 'B', 'B', 'B', 'B', 'B'] -> B
['A', 'A', 'A', 'C', 'C', 'C', 'C', 'C', 'C', 'A'] -> A =====
['B', 'B', 'B', 'B', 'B', 'B', 'B', 'B', 'B', 'B'] -> B
['B', 'B', 'B', 'B', 'B', 'B', 'B', 'B', 'B', 'B'] -> B
['B', 'B', 'B', 'B', 'B', 'B', 'B', 'B', 'B', 'B'] -> B
['B', 'B', 'B', 'B', 'B', 'B', 'B', 'B', 'B', 'B'] -> B
['A', 'A', 'C', 'A', 'C', 'C', 'A', 'C', 'C', 'A'] -> A =====
['B', 'B', 'B', 'B', 'B', 'B', 'B', 'B', 'B', 'B'] -> B
['B', 'B', 'B', 'B', 'B', 'B', 'B', 'B', 'B', 'B'] -> B
['C', 'C', 'C', 'C', 'C', 'C', 'C', 'C', 'C', 'C'] -> C
['A', 'A', 'A', 'A', 'A', 'A', 'A', 'A', 'A', 'A'] -> A
['C', 'C', 'C', 'C', 'C', 'C', 'C', 'C', 'C', 'C'] -> C
['C', 'C', 'C', 'C', 'C', 'C', 'C', 'C', 'C', 'C'] -> C
['A', 'A', 'A', 'A', 'A', 'A', 'A', 'A', 'A', 'A'] -> A
['A', 'A', 'A', 'A', 'A', 'A', 'A', 'A', 'A', 'A'] -> A
['C', 'C', 'C', 'C', 'C', 'C', 'C', 'C', 'C', 'C'] -> C
['B', 'B', 'B', 'B', 'B', 'B', 'B', 'B', 'B', 'B'] -> B
['C', 'C', 'C', 'C', 'C', 'C', 'C', 'C', 'C', 'C'] -> C
['B', 'B', 'B', 'B', 'B', 'B', 'B', 'B', 'B', 'B'] -> B
['A', 'A', 'A', 'A', 'A', 'A', 'A', 'A', 'A', 'A'] -> A
['C', 'C', 'C', 'C', 'C', 'C', 'C', 'C', 'C', 'C'] -> B =====
['A', 'A', 'A', 'A', 'A', 'A', 'A', 'A', 'A', 'A'] -> A
['B', 'B', 'B', 'B', 'B', 'B', 'B', 'B', 'B', 'B'] -> B
['C', 'C', 'C', 'C', 'C', 'C', 'C', 'C', 'C', 'C'] -> C
['A', 'A', 'A', 'A', 'A', 'A', 'A', 'A', 'A', 'A'] -> A
['A', 'A', 'A', 'A', 'A', 'A', 'A', 'A', 'A', 'A'] -> A
['C', 'C', 'C', 'C', 'C', 'C', 'C', 'C', 'C', 'C'] -> C
['B', 'B', 'B', 'B', 'B', 'B', 'B', 'B', 'B', 'B'] -> B
['C', 'C', 'C', 'C', 'B', 'C', 'C', 'C', 'C', 'C'] -> B =====
['A', 'A', 'A', 'A', 'A', 'A', 'A', 'A', 'A', 'A'] -> A
['B', 'B', 'B', 'B', 'B', 'B', 'B', 'B', 'B', 'B'] -> B
['C', 'C', 'C', 'C', 'C', 'C', 'C', 'C', 'C', 'C'] -> C
['C', 'A', 'C', 'A', 'A', 'A', 'A', 'A', 'C', 'A'] -> A =====
['A', 'A', 'A', 'A', 'A', 'A', 'A', 'A', 'A', 'A'] -> A
['A', 'A', 'A', 'A', 'A', 'A', 'A', 'A', 'A', 'A'] -> A
['A', 'A', 'A', 'A', 'A', 'A', 'A', 'A', 'A', 'A'] -> A
['B', 'B', 'B', 'B', 'B', 'B', 'B', 'B', 'B', 'B'] -> B
['B', 'B', 'B', 'B', 'B', 'B', 'B', 'B', 'B', 'B'] -> B
['A', 'A', 'A', 'A', 'A', 'A', 'A', 'A', 'A', 'A'] -> A
['B', 'B', 'B', 'B', 'C', 'B', 'B', 'B', 'B', 'B'] -> C =====
['C', 'C', 'C', 'C', 'C', 'C', 'C', 'C', 'C', 'C'] -> C
['A', 'A', 'A', 'A', 'A', 'A', 'A', 'A', 'A', 'A'] -> A
['B', 'B', 'B', 'B', 'B', 'B', 'B', 'B', 'B', 'B'] -> B
['B', 'B', 'B', 'B', 'B', 'B', 'B', 'B', 'B', 'B'] -> B
['B', 'B', 'B', 'B', 'B', 'B', 'B', 'B', 'B', 'B'] -> B
['A', 'A', 'A', 'A', 'A', 'A', 'A', 'A', 'A', 'A'] -> A
['C', 'C', 'C', 'C', 'C', 'C', 'C', 'C', 'C', 'C'] -> C
['C', 'C', 'C', 'C', 'C', 'C', 'C', 'C', 'C', 'C'] -> C
['A', 'A', 'A', 'A', 'A', 'A', 'A', 'A', 'A', 'A'] -> A
['B', 'B', 'B', 'B', 'B', 'B', 'B', 'B', 'B', 'B'] -> B
['A', 'A', 'A', 'A', 'A', 'A', 'A', 'A', 'A', 'A'] -> A
['B', 'B', 'B', 'B', 'B', 'B', 'B', 'B', 'B', 'B'] -> B
['A', 'A', 'A', 'A', 'A', 'A', 'A', 'A', 'A', 'A'] -> A
['C', 'C', 'C', 'C', 'C', 'C', 'C', 'C', 'C', 'C'] -> C
['A', 'A', 'A', 'A', 'A', 'A', 'A', 'A', 'A', 'A'] -> A
['C', 'C', 'C', 'C', 'C', 'C', 'C', 'C', 'C', 'C'] -> C
['A', 'A', 'A', 'A', 'A', 'A', 'A', 'A', 'A', 'A'] -> A
['A', 'A', 'A', 'A', 'A', 'A', 'A', 'A', 'A', 'A'] -> A
['A', 'A', 'A', 'A', 'A', 'A', 'A', 'A', 'A', 'A'] -> A
['B', 'B', 'B', 'B', 'B', 'B', 'B', 'B', 'B', 'B'] -> B
['A', 'A', 'A', 'A', 'A', 'A', 'A', 'A', 'A', 'A'] -> A
['A', 'A', 'A', 'A', 'A', 'A', 'A', 'A', 'A', 'A'] -> A
['A', 'A', 'A', 'A', 'A', 'A', 'A', 'A', 'A', 'A'] -> A
['B', 'B', 'B', 'B', 'B', 'B', 'B', 'B', 'B', 'B'] -> B
['B', 'B', 'B', 'B', 'B', 'B', 'B', 'B', 'B', 'B'] -> B
['A', 'A', 'A', 'A', 'A', 'A', 'A', 'A', 'A', 'A'] -> A
['B', 'B', 'B', 'B', 'B', 'B', 'B', 'B', 'B', 'B'] -> B
['A', 'A', 'A', 'A', 'A', 'A', 'A', 'A', 'A', 'A'] -> A
['B', 'A', 'B', 'B', 'B', 'B', 'B', 'B', 'A', 'B'] -> A =====
['B', 'B', 'B', 'B', 'B', 'B', 'B', 'B', 'B', 'B'] -> B
['B', 'B', 'B', 'C', 'B', 'B', 'B', 'B', 'B', 'B'] -> B =====
['B', 'B', 'B', 'B', 'B', 'B', 'B', 'B', 'B', 'B'] -> B
['C', 'C', 'C', 'C', 'C', 'C', 'C', 'C', 'C', 'C'] -> C
['B', 'B', 'B', 'B', 'B', 'B', 'B', 'B', 'B', 'B'] -> B
['C', 'B', 'C', 'C', 'B', 'C', 'C', 'C', 'B', 'C'] -> B =====
['A', 'A', 'A', 'A', 'A', 'A', 'A', 'A', 'A', 'A'] -> A
['A', 'A', 'A', 'A', 'A', 'A', 'A', 'A', 'A', 'A'] -> A
['B', 'B', 'B', 'B', 'B', 'B', 'B', 'B', 'B', 'B'] -> B
['C', 'C', 'C', 'C', 'C', 'C', 'C', 'C', 'C', 'C'] -> C
['A', 'A', 'A', 'A', 'A', 'A', 'A', 'A', 'A', 'A'] -> A
['B', 'B', 'B', 'B', 'B', 'B', 'B', 'B', 'B', 'B'] -> B
['A', 'A', 'A', 'A', 'A', 'A', 'A', 'A', 'A', 'A'] -> A
['C', 'C', 'C', 'C', 'C', 'C', 'C', 'C', 'C', 'C'] -> C
['A', 'A', 'A', 'A', 'A', 'A', 'A', 'A', 'A', 'A'] -> A
['A', 'A', 'A', 'A', 'A', 'A', 'A', 'A', 'A', 'A'] -> A
['B', 'B', 'B', 'B', 'B', 'B', 'B', 'B', 'B', 'B'] -> B
['C', 'C', 'C', 'C', 'C', 'C', 'C', 'C', 'C', 'C'] -> B =====
['C', 'C', 'C', 'C', 'C', 'C', 'C', 'C', 'C', 'C'] -> C
['A', 'A', 'A', 'A', 'A', 'A', 'A', 'A', 'A', 'A'] -> A
['C', 'C', 'C', 'C', 'C', 'B', 'C', 'B', 'C', 'C'] -> B =====
['A', 'A', 'A', 'A', 'A', 'A', 'A', 'A', 'A', 'A'] -> A
['B', 'B', 'B', 'B', 'B', 'B', 'B', 'B', 'B', 'B'] -> B
['B', 'B', 'B', 'B', 'B', 'B', 'B', 'B', 'B', 'B'] -> B
['A', 'A', 'A', 'A', 'A', 'A', 'A', 'A', 'A', 'A'] -> A
['B', 'B', 'B', 'B', 'B', 'B', 'B', 'B', 'B', 'B'] -> B
['B', 'B', 'B', 'B', 'B', 'B', 'B', 'B', 'B', 'B'] -> B
['A', 'A', 'A', 'A', 'A', 'A', 'A', 'A', 'A', 'A'] -> A
['A', 'A', 'A', 'A', 'A', 'A', 'A', 'A', 'A', 'A'] -> A
['A', 'A', 'A', 'A', 'A', 'A', 'A', 'A', 'A', 'A'] -> A
['A', 'A', 'A', 'A', 'A', 'A', 'A', 'A', 'A', 'A'] -> A
['C', 'C', 'C', 'C', 'C', 'C', 'C', 'C', 'C', 'C'] -> A =====
['C', 'C', 'C', 'C', 'C', 'C', 'C', 'C', 'C', 'C'] -> C
['A', 'A', 'A', 'A', 'A', 'A', 'A', 'A', 'A', 'A'] -> A
['B', 'B', 'B', 'B', 'B', 'B', 'B', 'B', 'B', 'B'] -> B
['A', 'A', 'A', 'A', 'A', 'A', 'A', 'A', 'A', 'A'] -> A
['C', 'C', 'C', 'C', 'C', 'C', 'C', 'C', 'C', 'C'] -> C
['B', 'C', 'C', 'C', 'A', 'B', 'B', 'B', 'A', 'B'] -> A =====
['B', 'B', 'B', 'B', 'B', 'B', 'B', 'B', 'B', 'B'] -> B
['B', 'B', 'B', 'B', 'B', 'B', 'B', 'B', 'B', 'B'] -> B
['A', 'A', 'A', 'A', 'A', 'A', 'A', 'A', 'A', 'A'] -> A
['A', 'A', 'A', 'A', 'A', 'A', 'A', 'A', 'A', 'A'] -> A
['A', 'A', 'A', 'A', 'A', 'A', 'A', 'A', 'A', 'A'] -> A
['B', 'B', 'B', 'B', 'B', 'B', 'B', 'B', 'B', 'B'] -> B
['C', 'A', 'C', 'C', 'C', 'A', 'A', 'A', 'A', 'A'] -> A =====
['B', 'B', 'B', 'B', 'B', 'B', 'B', 'B', 'B', 'B'] -> B
['B', 'B', 'B', 'B', 'B', 'B', 'B', 'B', 'B', 'B'] -> B
['A', 'A', 'A', 'A', 'A', 'A', 'A', 'A', 'A', 'A'] -> A
['C', 'C', 'C', 'C', 'C', 'C', 'C', 'C', 'C', 'C'] -> C
['C', 'C', 'C', 'C', 'C', 'C', 'C', 'C', 'C', 'C'] -> C
['B', 'B', 'B', 'B', 'B', 'B', 'B', 'B', 'B', 'B'] -> B
['B', 'B', 'B', 'B', 'B', 'B', 'B', 'B', 'B', 'B'] -> B
['A', 'A', 'A', 'A', 'A', 'A', 'A', 'A', 'A', 'A'] -> A
['A', 'A', 'A', 'A', 'A', 'A', 'A', 'A', 'A', 'A'] -> A
['B', 'B', 'B', 'B', 'B', 'B', 'B', 'B', 'B', 'B'] -> B
['A', 'A', 'A', 'A', 'A', 'A', 'A', 'A', 'A', 'A'] -> A
['A', 'A', 'A', 'A', 'A', 'A', 'A', 'A', 'A', 'A'] -> A
['A', 'A', 'A', 'A', 'A', 'A', 'A', 'A', 'A', 'A'] -> A
['A', 'A', 'A', 'A', 'A', 'A', 'A', 'A', 'A', 'A'] -> A
['A', 'A', 'A', 'A', 'A', 'A', 'A', 'A', 'A', 'A'] -> A
['C', 'C', 'C', 'C', 'C', 'C', 'C', 'C', 'C', 'C'] -> C
['A', 'A', 'A', 'A', 'A', 'A', 'A', 'A', 'A', 'A'] -> A
['B', 'B', 'B', 'B', 'B', 'B', 'B', 'B', 'B', 'B'] -> B
['C', 'C', 'C', 'C', 'C', 'C', 'C', 'C', 'C', 'C'] -> C
['B', 'B', 'B', 'B', 'B', 'B', 'B', 'B', 'B', 'B'] -> B
['B', 'B', 'B', 'B', 'B', 'B', 'B', 'B', 'B', 'B'] -> B
['A', 'A', 'A', 'A', 'A', 'A', 'A', 'A', 'A', 'A'] -> A
['B', 'B', 'B', 'B', 'B', 'B', 'B', 'B', 'B', 'B'] -> B
['B', 'B', 'B', 'B', 'B', 'B', 'B', 'B', 'B', 'B'] -> B
['B', 'B', 'B', 'B', 'B', 'B', 'B', 'B', 'B', 'B'] -> B
['B', 'B', 'B', 'B', 'B', 'B', 'B', 'B', 'B', 'B'] -> B
['C', 'C', 'C', 'C', 'C', 'C', 'C', 'C', 'C', 'C'] -> C
['B', 'B', 'B', 'B', 'B', 'B', 'B', 'B', 'B', 'B'] -> B
['C', 'C', 'C', 'C', 'C', 'C', 'C', 'C', 'C', 'C'] -> C
['B', 'C', 'C', 'B', 'C', 'B', 'C', 'B', 'B', 'C'] -> C =====
['A', 'A', 'A', 'A', 'A', 'A', 'A', 'A', 'A', 'A'] -> A
['A', 'A', 'A', 'A', 'A', 'A', 'A', 'A', 'A', 'A'] -> A
['A', 'A', 'A', 'A', 'A', 'A', 'A', 'A', 'A', 'A'] -> A
['B', 'B', 'B', 'B', 'B', 'B', 'B', 'B', 'B', 'B'] -> B
['B', 'B', 'B', 'B', 'B', 'B', 'B', 'B', 'B', 'B'] -> B
['C', 'C', 'C', 'C', 'C', 'C', 'C', 'C', 'C', 'C'] -> B =====
['C', 'C', 'C', 'C', 'C', 'C', 'C', 'C', 'C', 'C'] -> C
['C', 'C', 'C', 'C', 'C', 'C', 'C', 'C', 'C', 'C'] -> C
['A', 'A', 'A', 'A', 'A', 'A', 'A', 'A', 'A', 'A'] -> A
['A', 'A', 'A', 'A', 'A', 'A', 'A', 'A', 'A', 'A'] -> A
['A', 'A', 'A', 'A', 'A', 'A', 'A', 'A', 'A', 'A'] -> A
['A', 'A', 'A', 'A', 'A', 'A', 'A', 'A', 'A', 'A'] -> A
['C', 'C', 'C', 'C', 'C', 'C', 'C', 'C', 'C', 'C'] -> C
['B', 'B', 'B', 'B', 'B', 'B', 'B', 'B', 'B', 'B'] -> B
['C', 'C', 'C', 'C', 'C', 'C', 'C', 'C', 'C', 'C'] -> C
['A', 'A', 'A', 'A', 'A', 'A', 'A', 'A', 'A', 'A'] -> A
['A', 'A', 'A', 'A', 'A', 'A', 'A', 'A', 'A', 'A'] -> A
['B', 'B', 'B', 'B', 'B', 'B', 'B', 'B', 'B', 'B'] -> B
['B', 'B', 'B', 'B', 'B', 'B', 'B', 'B', 'B', 'B'] -> B
['A', 'A', 'A', 'A', 'A', 'A', 'A', 'A', 'A', 'A'] -> A
['C', 'C', 'C', 'C', 'C', 'C', 'C', 'C', 'C', 'C'] -> C
['A', 'A', 'A', 'A', 'A', 'A', 'A', 'A', 'A', 'A'] -> A
['A', 'A', 'A', 'A', 'A', 'A', 'A', 'A', 'A', 'A'] -> A
['C', 'C', 'C', 'C', 'C', 'C', 'C', 'C', 'C', 'C'] -> C
['B', 'B', 'B', 'B', 'B', 'B', 'B', 'B', 'B', 'B'] -> B
['B', 'A', 'A', 'A', 'A', 'A', 'A', 'A', 'A', 'A'] -> B =====
['A', 'A', 'A', 'A', 'A', 'A', 'A', 'A', 'A', 'A'] -> A
['B', 'B', 'B', 'B', 'B', 'B', 'B', 'B', 'B', 'B'] -> B
['B', 'B', 'B', 'B', 'B', 'B', 'B', 'B', 'B', 'B'] -> B
['C', 'C', 'C', 'C', 'C', 'C', 'C', 'C', 'C', 'C'] -> C
['C', 'C', 'C', 'C', 'C', 'C', 'C', 'C', 'C', 'C'] -> C
['B', 'B', 'B', 'B', 'B', 'C', 'B', 'B', 'C', 'B'] -> B =====
['B', 'B', 'B', 'B', 'B', 'B', 'B', 'B', 'B', 'B'] -> B
['C', 'C', 'C', 'C', 'C', 'C', 'C', 'C', 'C', 'C'] -> C
['A', 'A', 'A', 'A', 'A', 'A', 'A', 'A', 'A', 'A'] -> A
['B', 'B', 'B', 'B', 'B', 'B', 'B', 'B', 'B', 'B'] -> B
['C', 'C', 'C', 'C', 'C', 'C', 'C', 'C', 'C', 'C'] -> C
['A', 'A', 'A', 'A', 'A', 'A', 'A', 'A', 'A', 'A'] -> A
['A', 'A', 'A', 'A', 'A', 'A', 'A', 'A', 'A', 'A'] -> A
['B', 'B', 'B', 'B', 'B', 'B', 'B', 'B', 'B', 'B'] -> B
['C', 'C', 'C', 'C', 'C', 'B', 'C', 'B', 'C', 'C'] -> C =====
['A', 'A', 'A', 'A', 'A', 'A', 'A', 'A', 'A', 'A'] -> A
['A', 'A', 'A', 'A', 'A', 'A', 'A', 'A', 'A', 'A'] -> A
['A', 'A', 'A', 'A', 'A', 'A', 'A', 'A', 'A', 'A'] -> A
['C', 'C', 'C', 'C', 'C', 'C', 'C', 'C', 'C', 'C'] -> C
['C', 'C', 'C', 'C', 'C', 'C', 'C', 'C', 'C', 'C'] -> C
['B', 'B', 'B', 'B', 'B', 'B', 'B', 'B', 'B', 'B'] -> B
['B', 'A', 'B', 'B', 'B', 'B', 'B', 'B', 'B', 'A'] -> B =====
['A', 'A', 'A', 'A', 'A', 'A', 'A', 'A', 'A', 'A'] -> A
['B', 'B', 'B', 'B', 'B', 'B', 'B', 'B', 'B', 'B'] -> B
['B', 'B', 'B', 'B', 'B', 'B', 'B', 'B', 'B', 'B'] -> B
['B', 'B', 'B', 'B', 'B', 'B', 'B', 'B', 'B', 'B'] -> B
['A', 'A', 'A', 'A', 'A', 'A', 'A', 'A', 'A', 'A'] -> A
['A', 'A', 'A', 'A', 'A', 'A', 'A', 'A', 'A', 'A'] -> A
['B', 'B', 'B', 'B', 'B', 'B', 'B', 'B', 'B', 'B'] -> B
['A', 'A', 'A', 'A', 'A', 'A', 'A', 'A', 'A', 'A'] -> A
['A', 'A', 'A', 'A', 'A', 'A', 'A', 'A', 'A', 'A'] -> A
['C', 'C', 'C', 'C', 'C', 'C', 'C', 'C', 'C', 'C'] -> C
['B', 'B', 'B', 'B', 'B', 'B', 'B', 'B', 'B', 'B'] -> B
['A', 'A', 'A', 'A', 'A', 'A', 'A', 'A', 'A', 'A'] -> A
['A', 'A', 'A', 'A', 'A', 'A', 'A', 'A', 'A', 'A'] -> A
['A', 'A', 'A', 'A', 'A', 'A', 'A', 'A', 'A', 'A'] -> A
['B', 'B', 'B', 'B', 'B', 'B', 'B', 'B', 'B', 'B'] -> A =====
['A', 'A', 'A', 'A', 'A', 'A', 'A', 'A', 'A', 'A'] -> A
['A', 'A', 'A', 'A', 'A', 'A', 'A', 'A', 'A', 'A'] -> A
['A', 'A', 'A', 'A', 'A', 'A', 'A', 'A', 'A', 'A'] -> A
['B', 'B', 'B', 'B', 'B', 'B', 'B', 'B', 'B', 'B'] -> B
['A', 'A', 'A', 'A', 'A', 'A', 'A', 'A', 'A', 'A'] -> A
['B', 'B', 'B', 'B', 'B', 'B', 'B', 'B', 'B', 'B'] -> B
['B', 'B', 'B', 'B', 'B', 'B', 'B', 'B', 'B', 'B'] -> B
['C', 'C', 'A', 'A', 'A', 'A', 'C', 'C', 'A', 'C'] -> C =====
['A', 'A', 'A', 'A', 'A', 'A', 'A', 'A', 'A', 'A'] -> A
['A', 'A', 'A', 'A', 'A', 'A', 'A', 'A', 'A', 'A'] -> A
['A', 'A', 'A', 'A', 'A', 'A', 'A', 'A', 'A', 'A'] -> A
['A', 'A', 'A', 'A', 'A', 'A', 'A', 'A', 'A', 'A'] -> A
['C', 'C', 'C', 'C', 'C', 'C', 'C', 'C', 'C', 'C'] -> C
['C', 'C', 'C', 'C', 'C', 'C', 'C', 'C', 'C', 'C'] -> C
['B', 'B', 'B', 'B', 'B', 'B', 'B', 'B', 'B', 'B'] -> B
['C', 'C', 'C', 'C', 'C', 'C', 'C', 'C', 'C', 'C'] -> C
['C', 'C', 'C', 'C', 'C', 'C', 'C', 'C', 'C', 'C'] -> C
['C', 'C', 'C', 'C', 'C', 'C', 'C', 'C', 'C', 'C'] -> C
['A', 'A', 'A', 'A', 'A', 'A', 'A', 'A', 'A', 'A'] -> A
['B', 'B', 'B', 'B', 'B', 'B', 'B', 'B', 'B', 'B'] -> B
['C', 'C', 'C', 'C', 'C', 'C', 'C', 'C', 'C', 'C'] -> C
['A', 'A', 'A', 'A', 'A', 'A', 'A', 'A', 'A', 'A'] -> A
['A', 'A', 'A', 'A', 'A', 'A', 'A', 'A', 'A', 'A'] -> A
['A', 'A', 'A', 'A', 'A', 'A', 'A', 'A', 'A', 'A'] -> A
['A', 'A', 'A', 'A', 'A', 'A', 'A', 'A', 'A', 'A'] -> A
['A', 'A', 'A', 'A', 'A', 'A', 'A', 'A', 'A', 'A'] -> A
['C', 'C', 'C', 'C', 'C', 'C', 'C', 'C', 'C', 'C'] -> C
['C', 'C', 'C', 'C', 'C', 'C', 'C', 'C', 'C', 'C'] -> C
['B', 'B', 'B', 'B', 'B', 'B', 'B', 'B', 'B', 'B'] -> B
['C', 'C', 'C', 'C', 'C', 'C', 'C', 'B', 'C', 'C'] -> C =====
['C', 'C', 'C', 'C', 'C', 'C', 'C', 'C', 'C', 'C'] -> C
['B', 'B', 'B', 'B', 'B', 'B', 'B', 'B', 'B', 'B'] -> B
['A', 'A', 'A', 'A', 'A', 'A', 'A', 'A', 'A', 'A'] -> A
['B', 'B', 'B', 'B', 'A', 'A', 'B', 'A', 'B', 'A'] -> B =====
['C', 'C', 'C', 'C', 'C', 'C', 'C', 'C', 'C', 'C'] -> C
['A', 'A', 'A', 'A', 'A', 'A', 'A', 'A', 'A', 'A'] -> A
['A', 'A', 'A', 'A', 'A', 'A', 'A', 'A', 'A', 'A'] -> A
['C', 'C', 'C', 'C', 'C', 'C', 'C', 'C', 'C', 'C'] -> C
['B', 'B', 'B', 'B', 'B', 'B', 'B', 'B', 'B', 'B'] -> B
['B', 'B', 'B', 'B', 'B', 'B', 'B', 'B', 'B', 'B'] -> B
['B', 'B', 'B', 'B', 'B', 'B', 'B', 'B', 'B', 'B'] -> B
['A', 'A', 'A', 'A', 'A', 'A', 'A', 'A', 'A', 'A'] -> A
['C', 'C', 'C', 'C', 'C', 'C', 'C', 'C', 'C', 'C'] -> C
['B', 'B', 'B', 'B', 'B', 'B', 'B', 'B', 'B', 'B'] -> B
['A', 'A', 'A', 'A', 'A', 'A', 'A', 'A', 'A', 'A'] -> A
['B', 'B', 'B', 'B', 'B', 'B', 'B', 'B', 'B', 'B'] -> B
['B', 'B', 'B', 'B', 'B', 'B', 'B', 'B', 'B', 'B'] -> B
['B', 'B', 'B', 'B', 'B', 'B', 'B', 'B', 'B', 'B'] -> B
['B', 'B', 'B', 'B', 'B', 'B', 'B', 'B', 'B', 'B'] -> B
['A', 'A', 'A', 'A', 'A', 'A', 'A', 'A', 'A', 'A'] -> A
['B', 'B', 'B', 'B', 'B', 'B', 'B', 'B', 'B', 'B'] -> B
['B', 'B', 'B', 'B', 'B', 'B', 'B', 'B', 'B', 'B'] -> B
['B', 'B', 'B', 'B', 'B', 'B', 'B', 'B', 'B', 'B'] -> B
['B', 'B', 'B', 'B', 'B', 'B', 'B', 'B', 'B', 'B'] -> B
['B', 'B', 'B', 'B', 'B', 'B', 'B', 'B', 'B', 'B'] -> B
['C', 'C', 'C', 'C', 'C', 'C', 'C', 'C', 'C', 'C'] -> C
['B', 'B', 'B', 'B', 'B', 'B', 'B', 'B', 'B', 'B'] -> B
['A', 'A', 'A', 'A', 'A', 'A', 'A', 'A', 'A', 'A'] -> A
['A', 'A', 'A', 'A', 'A', 'A', 'A', 'A', 'A', 'A'] -> A
['A', 'A', 'A', 'A', 'A', 'A', 'A', 'A', 'A', 'A'] -> A
['A', 'A', 'A', 'A', 'A', 'A', 'A', 'A', 'A', 'A'] -> A
['A', 'A', 'A', 'A', 'A', 'A', 'A', 'A', 'A', 'A'] -> A
['B', 'B', 'B', 'B', 'B', 'B', 'B', 'B', 'B', 'B'] -> B
['C', 'C', 'C', 'C', 'C', 'C', 'C', 'C', 'C', 'C'] -> C
['A', 'A', 'A', 'A', 'A', 'A', 'A', 'A', 'A', 'A'] -> A
['B', 'B', 'B', 'A', 'B', 'B', 'B', 'B', 'B', 'B'] -> B =====
['B', 'B', 'B', 'B', 'B', 'B', 'B', 'B', 'B', 'B'] -> B
['B', 'B', 'B', 'B', 'B', 'B', 'B', 'B', 'B', 'B'] -> B
['A', 'A', 'A', 'A', 'A', 'A', 'A', 'A', 'A', 'A'] -> A
['A', 'A', 'A', 'A', 'A', 'A', 'A', 'A', 'A', 'A'] -> A
['A', 'A', 'A', 'A', 'A', 'A', 'A', 'A', 'A', 'A'] -> A
['B', 'B', 'B', 'B', 'B', 'B', 'B', 'B', 'B', 'B'] -> B
['C', 'C', 'C', 'C', 'C', 'C', 'C', 'C', 'C', 'C'] -> C
['C', 'C', 'C', 'C', 'C', 'C', 'C', 'C', 'C', 'C'] -> A =====
['C', 'C', 'C', 'C', 'C', 'C', 'C', 'C', 'C', 'C'] -> C
['C', 'C', 'C', 'C', 'C', 'C', 'C', 'C', 'C', 'C'] -> C
['A', 'A', 'A', 'A', 'A', 'A', 'A', 'A', 'A', 'A'] -> A
['C', 'C', 'C', 'C', 'C', 'C', 'C', 'C', 'C', 'C'] -> C
['C', 'C', 'C', 'C', 'C', 'C', 'C', 'C', 'C', 'C'] -> C
['A', 'A', 'A', 'A', 'A', 'A', 'A', 'A', 'A', 'A'] -> A
['B', 'B', 'B', 'B', 'B', 'B', 'B', 'B', 'B', 'B'] -> B
['B', 'B', 'B', 'B', 'B', 'B', 'B', 'B', 'B', 'B'] -> B
['B', 'B', 'B', 'B', 'B', 'B', 'B', 'B', 'B', 'B'] -> B
['A', 'A', 'A', 'A', 'A', 'A', 'A', 'A', 'A', 'A'] -> A
['B', 'B', 'B', 'B', 'B', 'B', 'B', 'B', 'B', 'B'] -> B
['B', 'B', 'B', 'B', 'B', 'B', 'B', 'B', 'B', 'B'] -> B
['B', 'B', 'B', 'B', 'B', 'B', 'B', 'B', 'B', 'B'] -> B
['A', 'A', 'A', 'A', 'A', 'A', 'A', 'A', 'A', 'A'] -> A
['B', 'B', 'B', 'B', 'B', 'B', 'B', 'B', 'B', 'B'] -> B
['B', 'B', 'B', 'B', 'B', 'B', 'B', 'B', 'B', 'B'] -> B
['A', 'A', 'A', 'A', 'A', 'A', 'A', 'A', 'A', 'A'] -> A
['C', 'C', 'C', 'C', 'C', 'C', 'C', 'C', 'C', 'C'] -> C
['A', 'A', 'A', 'A', 'A', 'A', 'A', 'A', 'A', 'A'] -> A
['B', 'B', 'B', 'B', 'B', 'B', 'B', 'B', 'B', 'B'] -> B
['C', 'C', 'C', 'B', 'C', 'C', 'C', 'C', 'B', 'C'] -> C =====
['B', 'B', 'B', 'B', 'B', 'B', 'B', 'B', 'B', 'B'] -> B
['A', 'A', 'A', 'A', 'A', 'A', 'A', 'A', 'A', 'A'] -> A
['C', 'C', 'C', 'C', 'C', 'C', 'C', 'C', 'C', 'C'] -> C
['B', 'B', 'B', 'B', 'B', 'B', 'B', 'B', 'B', 'B'] -> B
['A', 'A', 'A', 'A', 'A', 'A', 'A', 'A', 'A', 'A'] -> A
['B', 'B', 'B', 'B', 'B', 'B', 'B', 'B', 'B', 'B'] -> B
['B', 'B', 'B', 'B', 'B', 'B', 'B', 'B', 'B', 'B'] -> B
['C', 'C', 'C', 'C', 'C', 'C', 'C', 'C', 'C', 'C'] -> C
['C', 'C', 'C', 'C', 'C', 'C', 'C', 'C', 'C', 'C'] -> C
['B', 'B', 'B', 'B', 'B', 'B', 'B', 'B', 'B', 'B'] -> B
['A', 'A', 'A', 'A', 'A', 'A', 'A', 'A', 'A', 'A'] -> A
['A', 'A', 'A', 'A', 'A', 'A', 'A', 'A', 'A', 'A'] -> A
['A', 'A', 'A', 'A', 'A', 'A', 'A', 'A', 'A', 'A'] -> A
['A', 'A', 'A', 'A', 'A', 'A', 'A', 'A', 'A', 'A'] -> A
['C', 'C', 'C', 'C', 'C', 'C', 'C', 'C', 'C', 'C'] -> C
['C', 'C', 'C', 'C', 'C', 'C', 'C', 'C', 'C', 'C'] -> C
['B', 'B', 'B', 'B', 'B', 'B', 'B', 'B', 'B', 'B'] -> B
['C', 'C', 'C', 'C', 'C', 'C', 'C', 'C', 'C', 'C'] -> C
['A', 'A', 'A', 'A', 'A', 'A', 'A', 'A', 'A', 'A'] -> A
['B', 'B', 'B', 'B', 'B', 'B', 'B', 'B', 'B', 'B'] -> B
['C', 'C', 'C', 'C', 'C', 'C', 'C', 'C', 'C', 'C'] -> C
['A', 'A', 'A', 'A', 'A', 'A', 'A', 'A', 'A', 'A'] -> A
['A', 'A', 'A', 'A', 'A', 'A', 'A', 'A', 'A', 'A'] -> A
['C', 'C', 'C', 'C', 'C', 'C', 'C', 'C', 'C', 'C'] -> C
['B', 'B', 'B', 'B', 'B', 'B', 'B', 'B', 'B', 'B'] -> B
['B', 'B', 'B', 'B', 'B', 'B', 'B', 'B', 'B', 'B'] -> B
['A', 'A', 'A', 'A', 'A', 'A', 'A', 'A', 'A', 'A'] -> A
['B', 'B', 'B', 'C', 'B', 'B', 'B', 'B', 'B', 'B'] -> C =====
['C', 'C', 'C', 'C', 'C', 'C', 'C', 'C', 'C', 'C'] -> C
['A', 'A', 'A', 'A', 'A', 'A', 'A', 'A', 'A', 'A'] -> A
['A', 'A', 'A', 'A', 'A', 'A', 'A', 'A', 'A', 'A'] -> A
['B', 'B', 'B', 'B', 'B', 'B', 'B', 'B', 'B', 'B'] -> B
['B', 'B', 'B', 'B', 'B', 'B', 'B', 'B', 'B', 'B'] -> B
['B', 'B', 'B', 'B', 'B', 'B', 'B', 'B', 'B', 'B'] -> B
['C', 'C', 'C', 'C', 'C', 'C', 'C', 'C', 'C', 'C'] -> C
['A', 'A', 'A', 'A', 'A', 'A', 'A', 'A', 'A', 'A'] -> A
['B', 'B', 'B', 'B', 'B', 'B', 'B', 'B', 'B', 'B'] -> B
['A', 'A', 'A', 'A', 'A', 'A', 'A', 'A', 'A', 'A'] -> A
['C', 'C', 'C', 'C', 'C', 'C', 'C', 'C', 'C', 'C'] -> C
['A', 'A', 'A', 'A', 'A', 'A', 'A', 'A', 'A', 'A'] -> A
['C', 'C', 'C', 'C', 'C', 'C', 'C', 'C', 'C', 'C'] -> C
['A', 'A', 'A', 'A', 'A', 'A', 'A', 'A', 'A', 'A'] -> A
['B', 'B', 'B', 'B', 'B', 'B', 'B', 'B', 'B', 'B'] -> B
['B', 'B', 'B', 'B', 'B', 'B', 'B', 'B', 'B', 'B'] -> B
['A', 'A', 'A', 'A', 'A', 'A', 'A', 'A', 'A', 'A'] -> A
['A', 'A', 'A', 'A', 'A', 'A', 'A', 'A', 'A', 'A'] -> A
['A', 'A', 'A', 'A', 'A', 'A', 'A', 'A', 'A', 'A'] -> A
['C', 'C', 'C', 'C', 'C', 'B', 'C', 'B', 'C', 'C'] -> C =====
['A', 'A', 'A', 'A', 'A', 'A', 'A', 'A', 'A', 'A'] -> A
['A', 'A', 'A', 'A', 'A', 'A', 'A', 'A', 'A', 'A'] -> A
['A', 'A', 'A', 'A', 'A', 'A', 'A', 'A', 'A', 'A'] -> A
['A', 'A', 'A', 'A', 'A', 'A', 'A', 'A', 'A', 'A'] -> A
['A', 'A', 'A', 'A', 'A', 'A', 'A', 'A', 'A', 'A'] -> A
['C', 'C', 'C', 'C', 'C', 'C', 'C', 'C', 'C', 'C'] -> C
['C', 'C', 'C', 'C', 'C', 'C', 'C', 'C', 'C', 'C'] -> C
['A', 'A', 'A', 'A', 'A', 'A', 'A', 'A', 'A', 'A'] -> A
['A', 'A', 'A', 'A', 'A', 'A', 'A', 'A', 'A', 'A'] -> A
['B', 'B', 'B', 'B', 'B', 'B', 'B', 'B', 'B', 'B'] -> B
['B', 'B', 'B', 'B', 'B', 'B', 'B', 'B', 'B', 'B'] -> B
['A', 'A', 'A', 'A', 'A', 'A', 'A', 'A', 'A', 'A'] -> A
['C', 'C', 'C', 'C', 'C', 'C', 'C', 'C', 'C', 'C'] -> C
['C', 'C', 'C', 'C', 'C', 'C', 'C', 'C', 'C', 'C'] -> C
['B', 'B', 'B', 'B', 'B', 'B', 'B', 'B', 'B', 'B'] -> B
['B', 'B', 'B', 'B', 'B', 'B', 'B', 'B', 'B', 'B'] -> B
['B', 'B', 'B', 'B', 'B', 'B', 'B', 'B', 'B', 'B'] -> B
['B', 'B', 'B', 'B', 'B', 'B', 'B', 'B', 'B', 'B'] -> B
['B', 'B', 'B', 'B', 'B', 'B', 'B', 'B', 'B', 'B'] -> B
['B', 'B', 'B', 'B', 'B', 'B', 'B', 'B', 'B', 'B'] -> B
['A', 'A', 'A', 'A', 'A', 'A', 'A', 'A', 'A', 'A'] -> A
['A', 'A', 'A', 'A', 'A', 'A', 'A', 'A', 'A', 'A'] -> A
['C', 'C', 'C', 'C', 'C', 'C', 'C', 'C', 'C', 'C'] -> C
['A', 'A', 'A', 'A', 'A', 'A', 'A', 'A', 'A', 'A'] -> A
['B', 'B', 'B', 'B', 'B', 'B', 'B', 'B', 'B', 'B'] -> B
['A', 'A', 'A', 'A', 'A', 'A', 'A', 'A', 'A', 'A'] -> A
['B', 'B', 'B', 'B', 'B', 'B', 'B', 'B', 'B', 'B'] -> B
['C', 'C', 'C', 'C', 'C', 'C', 'C', 'C', 'C', 'C'] -> C
['A', 'A', 'A', 'A', 'A', 'A', 'A', 'A', 'A', 'A'] -> A
['A', 'A', 'A', 'A', 'A', 'A', 'A', 'A', 'A', 'A'] -> A
['A', 'A', 'A', 'A', 'A', 'A', 'A', 'A', 'A', 'A'] -> A
['A', 'A', 'A', 'A', 'A', 'A', 'A', 'A', 'A', 'A'] -> A
['A', 'A', 'A', 'A', 'A', 'A', 'A', 'A', 'A', 'A'] -> A
['A', 'A', 'A', 'A', 'A', 'A', 'A', 'A', 'A', 'A'] -> A
['A', 'A', 'A', 'A', 'A', 'A', 'A', 'A', 'A', 'A'] -> A
['C', 'C', 'C', 'C', 'C', 'C', 'C', 'C', 'C', 'C'] -> C
['A', 'A', 'A', 'A', 'A', 'A', 'A', 'A', 'A', 'A'] -> A
['B', 'B', 'B', 'B', 'B', 'B', 'B', 'B', 'B', 'B'] -> B
['A', 'A', 'A', 'A', 'A', 'A', 'A', 'A', 'A', 'A'] -> A
['A', 'A', 'A', 'A', 'A', 'A', 'A', 'A', 'A', 'A'] -> A
['A', 'A', 'A', 'A', 'A', 'A', 'A', 'A', 'A', 'A'] -> A
['B', 'B', 'B', 'B', 'B', 'B', 'B', 'B', 'B', 'B'] -> B
['B', 'B', 'B', 'B', 'B', 'B', 'B', 'B', 'B', 'B'] -> B
['B', 'B', 'B', 'B', 'B', 'B', 'B', 'B', 'B', 'B'] -> B
['A', 'A', 'A', 'A', 'A', 'A', 'A', 'A', 'A', 'A'] -> A
['C', 'C', 'C', 'C', 'C', 'C', 'C', 'C', 'C', 'C'] -> C
['C', 'C', 'C', 'C', 'C', 'C', 'C', 'C', 'C', 'C'] -> C
['B', 'B', 'B', 'B', 'B', 'B', 'B', 'B', 'B', 'B'] -> B
['A', 'A', 'A', 'A', 'A', 'A', 'A', 'A', 'A', 'A'] -> A
['C', 'C', 'C', 'C', 'C', 'C', 'C', 'C', 'C', 'C'] -> C
['B', 'B', 'B', 'B', 'B', 'B', 'B', 'B', 'B', 'B'] -> B
['B', 'B', 'B', 'B', 'B', 'B', 'B', 'B', 'B', 'B'] -> B
['A', 'A', 'A', 'A', 'A', 'A', 'A', 'A', 'A', 'A'] -> A
['C', 'C', 'C', 'C', 'C', 'C', 'C', 'C', 'C', 'C'] -> C
['B', 'B', 'B', 'B', 'B', 'B', 'B', 'B', 'B', 'B'] -> B
['C', 'C', 'C', 'C', 'C', 'C', 'C', 'C', 'C', 'C'] -> C
['A', 'A', 'A', 'A', 'A', 'A', 'A', 'A', 'A', 'A'] -> A
['A', 'A', 'A', 'A', 'A', 'A', 'A', 'A', 'A', 'A'] -> A
['C', 'C', 'C', 'C', 'C', 'C', 'C', 'C', 'C', 'C'] -> C
['C', 'C', 'C', 'C', 'C', 'C', 'C', 'C', 'C', 'C'] -> C
['A', 'A', 'A', 'A', 'A', 'A', 'A', 'A', 'A', 'A'] -> A
['B', 'B', 'B', 'B', 'B', 'B', 'B', 'B', 'B', 'B'] -> B
['B', 'B', 'B', 'B', 'B', 'B', 'B', 'B', 'B', 'B'] -> B
['C', 'C', 'C', 'C', 'C', 'C', 'C', 'C', 'C', 'C'] -> C
['A', 'A', 'A', 'A', 'A', 'A', 'A', 'A', 'A', 'A'] -> A
['B', 'B', 'B', 'B', 'B', 'B', 'B', 'B', 'B', 'B'] -> B
['C', 'C', 'C', 'C', 'C', 'C', 'C', 'C', 'C', 'C'] -> C
['B', 'B', 'B', 'B', 'A', 'B', 'B', 'B', 'B', 'B'] -> B =====
['B', 'B', 'B', 'B', 'B', 'B', 'B', 'B', 'B', 'B'] -> B
['B', 'C', 'C', 'C', 'A', 'B', 'B', 'B', 'A', 'B'] -> B =====
['B', 'B', 'B', 'B', 'B', 'B', 'B', 'B', 'B', 'B'] -> B
['C', 'C', 'C', 'C', 'C', 'C', 'C', 'C', 'C', 'C'] -> C
['C', 'C', 'C', 'C', 'C', 'C', 'C', 'C', 'C', 'C'] -> C
['A', 'A', 'A', 'A', 'A', 'A', 'A', 'A', 'A', 'A'] -> A
['B', 'B', 'B', 'B', 'B', 'B', 'B', 'B', 'B', 'B'] -> B
['B', 'B', 'B', 'B', 'B', 'B', 'B', 'B', 'B', 'B'] -> B
['A', 'A', 'A', 'A', 'A', 'A', 'A', 'A', 'A', 'A'] -> A
['A', 'A', 'A', 'A', 'A', 'A', 'A', 'A', 'A', 'A'] -> A
['A', 'A', 'A', 'A', 'A', 'A', 'A', 'A', 'A', 'A'] -> A
['A', 'A', 'A', 'A', 'A', 'A', 'A', 'A', 'A', 'A'] -> A
['A', 'A', 'A', 'A', 'A', 'A', 'A', 'A', 'A', 'A'] -> A
['B', 'B', 'B', 'B', 'B', 'B', 'B', 'B', 'B', 'B'] -> B
['B', 'B', 'B', 'B', 'B', 'B', 'B', 'B', 'B', 'B'] -> B
['B', 'B', 'B', 'B', 'B', 'B', 'B', 'B', 'B', 'B'] -> B
['C', 'C', 'C', 'C', 'C', 'C', 'C', 'C', 'C', 'C'] -> C
['A', 'A', 'A', 'A', 'A', 'A', 'A', 'A', 'A', 'A'] -> A
['B', 'B', 'B', 'B', 'B', 'B', 'B', 'B', 'B', 'B'] -> B
['B', 'B', 'B', 'B', 'B', 'B', 'B', 'B', 'B', 'B'] -> B
['B', 'B', 'B', 'B', 'B', 'B', 'B', 'B', 'B', 'B'] -> B
['B', 'B', 'B', 'B', 'B', 'B', 'B', 'B', 'B', 'B'] -> B
['C', 'B', 'C', 'C', 'C', 'C', 'C', 'B', 'C', 'B'] -> C =====
['A', 'A', 'A', 'A', 'A', 'A', 'A', 'A', 'A', 'A'] -> A
['A', 'A', 'A', 'A', 'A', 'A', 'A', 'A', 'A', 'A'] -> A
['B', 'B', 'B', 'B', 'B', 'B', 'B', 'B', 'B', 'B'] -> B
['A', 'A', 'A', 'A', 'A', 'A', 'A', 'A', 'A', 'A'] -> A
['B', 'B', 'B', 'B', 'B', 'B', 'B', 'B', 'B', 'B'] -> B
['C', 'C', 'C', 'C', 'C', 'C', 'C', 'C', 'C', 'C'] -> C
['B', 'B', 'B', 'B', 'B', 'B', 'B', 'B', 'B', 'B'] -> B
['B', 'B', 'B', 'B', 'B', 'B', 'B', 'B', 'B', 'B'] -> B
['B', 'A', 'B', 'B', 'B', 'B', 'B', 'B', 'A', 'B'] -> B =====
['B', 'B', 'B', 'B', 'B', 'B', 'B', 'B', 'B', 'B'] -> B
['B', 'B', 'B', 'B', 'B', 'B', 'B', 'B', 'B', 'B'] -> B
['A', 'A', 'A', 'A', 'A', 'A', 'A', 'A', 'A', 'A'] -> A
['B', 'B', 'B', 'B', 'B', 'B', 'B', 'B', 'B', 'B'] -> B
['A', 'A', 'A', 'A', 'A', 'A', 'A', 'A', 'A', 'A'] -> A
['A', 'A', 'A', 'A', 'A', 'A', 'A', 'A', 'A', 'A'] -> A
['B', 'B', 'B', 'B', 'B', 'B', 'B', 'B', 'B', 'B'] -> B
['A', 'A', 'A', 'A', 'A', 'A', 'A', 'A', 'A', 'A'] -> A
['B', 'B', 'B', 'B', 'B', 'B', 'B', 'B', 'B', 'B'] -> B
['A', 'A', 'A', 'A', 'A', 'A', 'A', 'A', 'A', 'A'] -> A
['A', 'A', 'A', 'A', 'A', 'A', 'A', 'A', 'A', 'A'] -> A
['A', 'A', 'A', 'A', 'A', 'A', 'A', 'A', 'A', 'A'] -> A
['A', 'A', 'A', 'A', 'B', 'A', 'A', 'B', 'A', 'A'] -> A =====
['A', 'A', 'A', 'A', 'A', 'A', 'A', 'A', 'A', 'A'] -> A
['C', 'B', 'B', 'B', 'C', 'B', 'C', 'B', 'B', 'B'] -> C =====
['A', 'A', 'A', 'A', 'A', 'A', 'A', 'A', 'A', 'A'] -> A
['A', 'A', 'A', 'A', 'A', 'A', 'A', 'A', 'A', 'A'] -> A
['A', 'A', 'A', 'A', 'A', 'A', 'A', 'A', 'A', 'A'] -> A
['B', 'B', 'B', 'B', 'B', 'B', 'B', 'B', 'B', 'B'] -> B
['B', 'B', 'B', 'B', 'B', 'B', 'B', 'B', 'B', 'B'] -> B
['A', 'A', 'A', 'A', 'A', 'A', 'A', 'A', 'A', 'A'] -> A
['C', 'C', 'C', 'C', 'C', 'C', 'C', 'C', 'C', 'C'] -> C
['A', 'A', 'A', 'A', 'A', 'A', 'A', 'A', 'A', 'A'] -> A
['C', 'C', 'C', 'C', 'C', 'C', 'C', 'C', 'C', 'C'] -> C
['A', 'A', 'A', 'A', 'A', 'A', 'A', 'A', 'A', 'A'] -> A
['A', 'A', 'A', 'A', 'A', 'A', 'A', 'A', 'A', 'A'] -> A
['B', 'B', 'B', 'B', 'B', 'B', 'B', 'B', 'B', 'B'] -> B
['C', 'C', 'C', 'C', 'C', 'C', 'C', 'C', 'C', 'C'] -> C
['C', 'C', 'C', 'C', 'C', 'C', 'C', 'C', 'C', 'C'] -> C
['C', 'C', 'C', 'C', 'C', 'C', 'C', 'C', 'C', 'C'] -> C
['A', 'A', 'A', 'A', 'A', 'A', 'A', 'A', 'A', 'A'] -> A
['B', 'B', 'B', 'B', 'B', 'B', 'B', 'B', 'B', 'B'] -> B
['A', 'A', 'A', 'A', 'A', 'A', 'A', 'A', 'A', 'A'] -> A
['A', 'B', 'B', 'A', 'A', 'B', 'B', 'B', 'B', 'B'] -> B =====
['B', 'B', 'B', 'B', 'B', 'B', 'B', 'B', 'B', 'B'] -> B
['A', 'A', 'A', 'A', 'A', 'A', 'A', 'A', 'A', 'A'] -> A
['B', 'B', 'B', 'B', 'B', 'B', 'B', 'B', 'B', 'B'] -> B
['C', 'C', 'C', 'C', 'C', 'C', 'C', 'C', 'C', 'C'] -> C


['A', 'A', 'A', 'A', 'A', 'A', 'A', 'A', 'A', 'A'] -> A
['A', 'A', 'A', 'A', 'A', 'A', 'A', 'A', 'A', 'A'] -> A
['A', 'A', 'A', 'A', 'A', 'A', 'A', 'A', 'A', 'A'] -> A
['A', 'A', 'A', 'A', 'A', 'A', 'A', 'A', 'A', 'A'] -> A
['A', 'B', 'B', 'B', 'A', 'A', 'B', 'B', 'B', 'A'] -> A =====
['A', 'A', 'A', 'A', 'A', 'A', 'A', 'A', 'A', 'A'] -> A
['A', 'A', 'A', 'A', 'A', 'A', 'A', 'A', 'A', 'A'] -> A
['A', 'A', 'A', 'A', 'A', 'A', 'A', 'A', 'A', 'A'] -> A
['A', 'A', 'A', 'A', 'A', 'A', 'A', 'A', 'A', 'A'] -> A
['B', 'B', 'B', 'B', 'B', 'B', 'B', 'B', 'B', 'B'] -> A =====
['B', 'B', 'B', 'B', 'B', 'B', 'B', 'B', 'B', 'B'] -> A =====
['B', 'B', 'B', 'B', 'B', 'B', 'B', 'B', 'B', 'B'] -> A =====
['B', 'B', 'B', 'B', 'B', 'B', 'B', 'B', 'B', 'B'] -> A =====
['A', 'A', 'A', 'A', 'A', 'A', 'A', 'A', 'A', 'A'] -> A
['B', 'B', 'B', 'B', 'B', 'B', 'B', 'B', 'B', 'B'] -> A =====
['A', 'A', 'A', 'A', 'A', 'A', 'A', 'A', 'A', 'A'] -> A
['A', 'A', 'A', 'A', 'A', 'A', 'A', 'A', 'A', 'A'] -> A
['C', 'B', 'B', 'B', 'C', 'B', 'C', 'B', 'B', 'B'] -> A =====
['A', 'A', 'A', 'A', 'A', 'A', 'A', 'A', 'A', 'A'] -> A
['A', 'A', 'A', 'A', 'A', 'A', 'A', 'A', 'A', 'A'] -> A
['B', 'B', 'B', 'B', 'B', 'B', 'B', 'B', 'B', 'B'] -> A =====
['B', 'B', 'B', 'B', 'B', 'B', 'B', 'B', 'B', 'B'] -> A =====
['B', 'B', 'B', 'B', 'B', 'A', 'B', 'B', 'B', 'B'] -> A =====
['B', 'B', 'B', 'B', 'B', 'B', 'B', 'B', 'B', 'B'] -> A =====
['B', 'B', 'B', 'A', 'A', 'B', 'B', 'B', 'B', 'B'] -> A =====
['A', 'A', 'A', 'A', 'A', 'A', 'B', 'A', 'A', 'A'] -> A =====
['A', 'A', 'A', 'A', 'A', 'A', 'A', 'A', 'A', 'A'] -> A
['A', 'A', 'A', 'A', 'A', 'A', 'A', 'A', 'A', 'A'] -> A
['B', 'A', 'A', 'A', 'B', 'B', 'B', 'B', 'A', 'A'] -> A =====
['B', 'B', 'B', 'B', 'B', 'B', 'B', 'B', 'B', 'B'] -> A =====
['B', 'B', 'B', 'B', 'B', 'B', 'B', 'B', 'B', 'B'] -> A =====
['A', 'A', 'A', 'A', 'A', 'A', 'A', 'A', 'A', 'A'] -> A
['A', 'A', 'A', 'A', 'A', 'A', 'A', 'A', 'A', 'A'] -> A
['A', 'A', 'A', 'A', 'A', 'A', 'A', 'A', 'A', 'A'] -> A
['A', 'A', 'A', 'A', 'A', 'A', 'A', 'A', 'A', 'A'] -> A
['A', 'A', 'A', 'A', 'A', 'A', 'A', 'A', 'A', 'A'] -> A
['B', 'B', 'B', 'B', 'B', 'B', 'B', 'B', 'B', 'B'] -> A =====
['B', 'B', 'B', 'B', 'B', 'B', 'B', 'B', 'B', 'B'] -> A =====
['A', 'A', 'A', 'A', 'A', 'A', 'A', 'A', 'A', 'A'] -> A
['C', 'C', 'C', 'C', 'C', 'C', 'C', 'C', 'C', 'C'] -> A =====
['B', 'B', 'B', 'B', 'B', 'B', 'B', 'B', 'B', 'B'] -> A =====
['B', 'B', 'B', 'B', 'B', 'B', 'B', 'B', 'B', 'B'] -> A =====
['A', 'A', 'A', 'A', 'A', 'A', 'A', 'A', 'A', 'A'] -> A
['A', 'A', 'A', 'A', 'A', 'A', 'A', 'A', 'A', 'A'] -> A
['A', 'A', 'A', 'A', 'A', 'A', 'A', 'A', 'A', 'A'] -> A
['A', 'A', 'A', 'A', 'A', 'A', 'A', 'A', 'A', 'A'] -> A
['B', 'B', 'B', 'B', 'B', 'B', 'B', 'B', 'B', 'B'] -> C =====
['B', 'B', 'B', 'B', 'B', 'B', 'B', 'B', 'B', 'B'] -> C =====
['C', 'C', 'C', 'C', 'C', 'C', 'C', 'C', 'C', 'C'] -> C
['C', 'B', 'B', 'B', 'B', 'B', 'B', 'A', 'B', 'B'] -> C =====
['C', 'C', 'C', 'C', 'C', 'C', 'C', 'C', 'C', 'C'] -> C
['A', 'A', 'A', 'A', 'A', 'A', 'A', 'A', 'A', 'A'] -> C =====
['A', 'A', 'A', 'A', 'A', 'A', 'A', 'A', 'A', 'A'] -> C =====
['B', 'B', 'B', 'B', 'B', 'B', 'B', 'B', 'B', 'B'] -> C =====
['B', 'B', 'B', 'B', 'B', 'B', 'B', 'B', 'B', 'B'] -> C =====
['B', 'B', 'B', 'B', 'B', 'B', 'B', 'B', 'B', 'B'] -> C =====
['C', 'B', 'B', 'B', 'C', 'B', 'B', 'B', 'C', 'A'] -> C =====
['A', 'A', 'A', 'A', 'A', 'A', 'A', 'A', 'A', 'A'] -> C =====
['C', 'C', 'C', 'C', 'C', 'C', 'C', 'C', 'C', 'C'] -> C
['B', 'B', 'B', 'B', 'B', 'B', 'B', 'B', 'B', 'B'] -> C =====
['A', 'A', 'A', 'A', 'A', 'A', 'A', 'A', 'A', 'A'] -> C =====
['C', 'C', 'C', 'C', 'C', 'C', 'C', 'C', 'C', 'C'] -> C
['A', 'A', 'A', 'A', 'A', 'A', 'A', 'A', 'A', 'A'] -> C =====
['B', 'B', 'B', 'B', 'B', 'B', 'B', 'B', 'B', 'B'] -> C =====
['A', 'A', 'A', 'A', 'C', 'A', 'A', 'A', 'A', 'A'] -> C =====
['C', 'C', 'C', 'C', 'C', 'C', 'C', 'C', 'C', 'C'] -> C
['C', 'C', 'C', 'C', 'C', 'C', 'C', 'C', 'C', 'C'] -> C
['B', 'B', 'B', 'B', 'B', 'B', 'B', 'B', 'B', 'B'] -> C =====
['B', 'B', 'B', 'B', 'B', 'B', 'B', 'B', 'B', 'B'] -> B
['B', 'B', 'B', 'B', 'B', 'B', 'B', 'B', 'B', 'B'] -> B
['A', 'A', 'A', 'A', 'A', 'A', 'A', 'A', 'A', 'A'] -> B =====
['A', 'C', 'C', 'C', 'A', 'C', 'A', 'C', 'C', 'C'] -> B =====
['C', 'C', 'C', 'C', 'C', 'C', 'C', 'C', 'C', 'C'] -> B =====
['B', 'C', 'C', 'B', 'A', 'B', 'B', 'B', 'A', 'B'] -> B =====
['B', 'B', 'B', 'B', 'B', 'B', 'B', 'B', 'B', 'B'] -> B
['A', 'A', 'A', 'A', 'A', 'A', 'A', 'A', 'A', 'A'] -> B =====
['B', 'B', 'B', 'B', 'B', 'B', 'B', 'B', 'B', 'B'] -> B
['C', 'C', 'C', 'C', 'C', 'C', 'C', 'C', 'C', 'C'] -> B =====
['C', 'C', 'C', 'C', 'C', 'C', 'C', 'C', 'C', 'C'] -> B =====
['A', 'A', 'A', 'A', 'A', 'A', 'A', 'A', 'A', 'A'] -> B =====
['A', 'A', 'A', 'A', 'A', 'A', 'A', 'A', 'A', 'A'] -> B =====
['B', 'B', 'B', 'B', 'B', 'B', 'B', 'B', 'B', 'B'] -> B
['A', 'A', 'A', 'A', 'A', 'A', 'A', 'A', 'A', 'C'] -> B =====
['A', 'A', 'C', 'C', 'C', 'C', 'C', 'C', 'C', 'C'] -> B =====
['C', 'C', 'C', 'C', 'C', 'C', 'C', 'C', 'C', 'C'] -> B =====
['B', 'B', 'B', 'B', 'B', 'B', 'B', 'B', 'B', 'B'] -> B
['B', 'B', 'B', 'B', 'B', 'B', 'B', 'B', 'B', 'B'] -> B
['B', 'B', 'B', 'B', 'B', 'B', 'B', 'B', 'B', 'B'] -> B
['B', 'B', 'B', 'B', 'B', 'B', 'B', 'B', 'B', 'B'] -> B
['B', 'B', 'B', 'B', 'B', 'B', 'B', 'B', 'B', 'B'] -> B
['B', 'B', 'B', 'B', 'B', 'B', 'B', 'B', 'B', 'B'] -> B
['B', 'B', 'B', 'B', 'B', 'B', 'B', 'B', 'B', 'B'] -> B
['B', 'B', 'B', 'B', 'B', 'B', 'B', 'B', 'B', 'B'] -> B
['B', 'A', 'A', 'A', 'A', 'A', 'A', 'A', 'A', 'A'] -> B =====
['A', 'C', 'C', 'A', 'C', 'C', 'C', 'C', 'C', 'C'] -> B =====
['A', 'C', 'C', 'A', 'C', 'C', 'C', 'C', 'C', 'C'] -> B =====
['A', 'A', 'A', 'A', 'A', 'A', 'A', 'A', 'A', 'A'] -> A
['A', 'A', 'A', 'A', 'A', 'A', 'A', 'A', 'A', 'A'] -> A
['A', 'A', 'A', 'A', 'A', 'A', 'A', 'A', 'A', 'A'] -> A
['A', 'A', 'A', 'A', 'A', 'A', 'A', 'A', 'A', 'A'] -> A
['A', 'A', 'A', 'A', 'A', 'A', 'A', 'A', 'A', 'A'] -> A
['B', 'B', 'B', 'B', 'B', 'B', 'B', 'B', 'B', 'B'] -> A =====
['A', 'A', 'A', 'A', 'A', 'A', 'A', 'A', 'A', 'A'] -> A
['C', 'C', 'C', 'C', 'C', 'C', 'C', 'C', 'A', 'C'] -> A =====
['A', 'A', 'A', 'A', 'A', 'A', 'A', 'A', 'A', 'A'] -> A
['A', 'A', 'A', 'A', 'A', 'A', 'A', 'A', 'C', 'A'] -> A =====
['B', 'B', 'B', 'B', 'B', 'B', 'B', 'B', 'B', 'B'] -> A =====
['A', 'A', 'A', 'A', 'A', 'A', 'A', 'A', 'A', 'A'] -> A
['B', 'B', 'B', 'B', 'B', 'B', 'B', 'B', 'B', 'B'] -> A =====
['C', 'C', 'C', 'C', 'C', 'C', 'C', 'C', 'C', 'C'] -> A =====
['A', 'A', 'A', 'A', 'A', 'A', 'A', 'A', 'A', 'A'] -> A
['B', 'B', 'B', 'B', 'B', 'B', 'B', 'B', 'B', 'B'] -> A =====
['B', 'B', 'B', 'B', 'B', 'B', 'B', 'B', 'B', 'B'] -> A =====
['C', 'C', 'C', 'C', 'C', 'C', 'C', 'C', 'C', 'C'] -> A =====
['B', 'B', 'B', 'B', 'B', 'B', 'B', 'B', 'B', 'B'] -> A =====
['A', 'A', 'A', 'A', 'A', 'A', 'A', 'A', 'A', 'A'] -> A
['C', 'C', 'C', 'C', 'C', 'C', 'C', 'C', 'C', 'C'] -> A =====
['A', 'A', 'A', 'A', 'A', 'A', 'A', 'A', 'A', 'A'] -> A
['A', 'A', 'A', 'A', 'A', 'A', 'A', 'A', 'A', 'A'] -> A
['A', 'A', 'A', 'A', 'A', 'A', 'A', 'A', 'A', 'A'] -> C =====
['C', 'C', 'B', 'C', 'C', 'C', 'C', 'C', 'C', 'C'] -> C =====
['B', 'A', 'B', 'B', 'B', 'A', 'A', 'B', 'B', 'B'] -> C =====
['B', 'B', 'B', 'B', 'B', 'B', 'B', 'B', 'B', 'B'] -> C =====
['C', 'C', 'C', 'C', 'C', 'C', 'C', 'C', 'C', 'C'] -> C
['A', 'A', 'A', 'A', 'A', 'A', 'A', 'A', 'A', 'A'] -> C =====
['C', 'C', 'C', 'C', 'C', 'C', 'C', 'C', 'C', 'C'] -> C
['C', 'C', 'C', 'C', 'C', 'C', 'C', 'C', 'C', 'C'] -> C
['C', 'B', 'B', 'C', 'B', 'B', 'B', 'B', 'B', 'C'] -> C =====
['A', 'A', 'A', 'A', 'A', 'A', 'A', 'A', 'A', 'A'] -> C =====
['C', 'C', 'C', 'C', 'C', 'C', 'C', 'C', 'C', 'C'] -> B =====
['B', 'B', 'B', 'B', 'B', 'B', 'B', 'B', 'B', 'B'] -> B
['A', 'A', 'A', 'A', 'A', 'A', 'A', 'A', 'A', 'A'] -> B =====
['B', 'B', 'B', 'B', 'B', 'B', 'B', 'B', 'B', 'B'] -> B
['B', 'B', 'B', 'B', 'B', 'B', 'B', 'B', 'B', 'B'] -> B
['B', 'B', 'B', 'B', 'B', 'B', 'B', 'B', 'B', 'B'] -> B
['B', 'B', 'B', 'B', 'B', 'B', 'B', 'B', 'B', 'B'] -> B
['C', 'C', 'C', 'C', 'C', 'C', 'C', 'C', 'C', 'C'] -> B =====
['A', 'A', 'A', 'A', 'A', 'A', 'A', 'A', 'A', 'A'] -> B =====
['B', 'B', 'B', 'B', 'B', 'B', 'B', 'B', 'B', 'B'] -> B
['B', 'B', 'B', 'B', 'B', 'B', 'B', 'B', 'B', 'B'] -> B
['C', 'B', 'B', 'C', 'B', 'B', 'B', 'B', 'B', 'C'] -> B =====
['A', 'A', 'A', 'A', 'A', 'A', 'A', 'A', 'A', 'A'] -> B =====
['B', 'B', 'B', 'B', 'B', 'B', 'B', 'B', 'B', 'B'] -> B
['C', 'C', 'C', 'C', 'C', 'C', 'C', 'C', 'C', 'C'] -> B =====
['A', 'A', 'A', 'A', 'A', 'A', 'A', 'A', 'A', 'A'] -> B =====
['C', 'C', 'C', 'C', 'C', 'C', 'C', 'C', 'C', 'C'] -> B =====
['B', 'B', 'B', 'B', 'B', 'B', 'B', 'B', 'B', 'B'] -> B
[0.5238095238095238, 0.4965986394557823, 0.4897959183673469, 0.5102040816326531, 0.5170068027210885, 0.5102040816326531, 0.4897959183673469, 0.4965986394557823, 0.5034013605442177, 0.5102040816326531]
0.5047619047619047
