logistic sigmoid function, f(x) = 1 / (1 + exp(-x))
hyperbolic tan function, f(x) = tanh(x)
rectified linear unit function, f(x) = max(0, x)

epoch: 999, cost: 0.554748, training_accu: 0.740000, testing_accu: 0.586207
epoch: 1999, cost: 0.464621, training_accu: 0.780000, testing_accu: 0.689655
epoch: 2999, cost: 0.499762, training_accu: 0.760000, testing_accu: 0.724138
epoch: 3999, cost: 0.393776, training_accu: 0.840000, testing_accu: 0.724138
epoch: 4999, cost: 0.292292, training_accu: 0.820000, testing_accu: 0.724138
epoch: 5999, cost: 0.352627, training_accu: 0.860000, testing_accu: 0.724138
epoch: 6999, cost: 0.264963, training_accu: 0.880000, testing_accu: 0.724138
epoch: 7999, cost: 0.273646, training_accu: 0.900000, testing_accu: 0.724138
epoch: 8999, cost: 0.200687, training_accu: 0.900000, testing_accu: 0.724138
epoch: 9999, cost: 0.298242, training_accu: 0.800000, testing_accu: 0.724138
dataset: breast_cancer
training: (257, 16)
testing: (29, 16)
# labels: 2
random state: 480
activation: logistic
solver: adam
tf: 0.724138
sl: 0.620690


epoch: 999, cost: 0.452515, training_accu: 0.760000, testing_accu: 0.689655
epoch: 1999, cost: 0.376276, training_accu: 0.860000, testing_accu: 0.724138
epoch: 2999, cost: 0.239577, training_accu: 0.880000, testing_accu: 0.724138
epoch: 3999, cost: 0.109025, training_accu: 0.960000, testing_accu: 0.689655
epoch: 4999, cost: 0.118992, training_accu: 0.920000, testing_accu: 0.689655
epoch: 5999, cost: 0.133642, training_accu: 0.940000, testing_accu: 0.689655
epoch: 6999, cost: 0.065992, training_accu: 0.960000, testing_accu: 0.689655
epoch: 7999, cost: 0.073762, training_accu: 0.960000, testing_accu: 0.689655
epoch: 8999, cost: 0.051007, training_accu: 1.000000, testing_accu: 0.689655
epoch: 9999, cost: 0.065147, training_accu: 0.980000, testing_accu: 0.689655
dataset: breast_cancer
training: (257, 16)
testing: (29, 16)
# labels: 2
random state: 480
activation: tanh
solver: adam
tf: 0.689655
sl: 0.655172


epoch: 999, cost: 0.386758, training_accu: 0.840000, testing_accu: 0.689655
epoch: 1999, cost: 0.370975, training_accu: 0.840000, testing_accu: 0.758621
epoch: 2999, cost: 0.193996, training_accu: 0.880000, testing_accu: 0.793103
epoch: 3999, cost: 0.121085, training_accu: 0.980000, testing_accu: 0.758621
epoch: 4999, cost: 0.128569, training_accu: 0.940000, testing_accu: 0.758621
epoch: 5999, cost: 0.127650, training_accu: 0.960000, testing_accu: 0.793103
epoch: 6999, cost: 0.060206, training_accu: 0.980000, testing_accu: 0.793103
epoch: 7999, cost: 0.105309, training_accu: 0.940000, testing_accu: 0.793103
epoch: 8999, cost: 0.048002, training_accu: 0.960000, testing_accu: 0.793103
epoch: 9999, cost: 0.072358, training_accu: 0.980000, testing_accu: 0.793103
dataset: breast_cancer
training: (257, 16)
testing: (29, 16)
# labels: 2
random state: 480
activation: relu
solver: adam
tf: 0.793103
sl: 0.689655


epoch: 999, cost: 0.537667, training_accu: 0.780000, testing_accu: 0.620690
epoch: 1999, cost: 0.541501, training_accu: 0.780000, testing_accu: 0.620690
epoch: 2999, cost: 0.538729, training_accu: 0.780000, testing_accu: 0.620690
epoch: 3999, cost: 0.601607, training_accu: 0.720000, testing_accu: 0.620690
epoch: 4999, cost: 0.520912, training_accu: 0.800000, testing_accu: 0.620690
epoch: 5999, cost: 0.662053, training_accu: 0.640000, testing_accu: 0.620690
epoch: 6999, cost: 0.611726, training_accu: 0.700000, testing_accu: 0.620690
epoch: 7999, cost: 0.569318, training_accu: 0.740000, testing_accu: 0.620690
epoch: 8999, cost: 0.666346, training_accu: 0.640000, testing_accu: 0.620690
epoch: 9999, cost: 0.674186, training_accu: 0.620000, testing_accu: 0.620690
dataset: breast_cancer
training: (257, 16)
testing: (29, 16)
# labels: 2
random state: 480
activation: logistic
solver: sgd
tf: 0.620690
sl: 0.620690


epoch: 999, cost: 0.542302, training_accu: 0.740000, testing_accu: 0.586207
epoch: 1999, cost: 0.488011, training_accu: 0.800000, testing_accu: 0.551724
epoch: 2999, cost: 0.596282, training_accu: 0.700000, testing_accu: 0.586207
epoch: 3999, cost: 0.450364, training_accu: 0.840000, testing_accu: 0.586207
epoch: 4999, cost: 0.383597, training_accu: 0.860000, testing_accu: 0.586207
epoch: 5999, cost: 0.547799, training_accu: 0.660000, testing_accu: 0.586207
epoch: 6999, cost: 0.542821, training_accu: 0.740000, testing_accu: 0.586207
epoch: 7999, cost: 0.422051, training_accu: 0.820000, testing_accu: 0.586207
epoch: 8999, cost: 0.518033, training_accu: 0.760000, testing_accu: 0.586207
epoch: 9999, cost: 0.551811, training_accu: 0.720000, testing_accu: 0.586207
dataset: breast_cancer
training: (257, 16)
testing: (29, 16)
# labels: 2
random state: 480
activation: tanh
solver: sgd
tf: 0.586207
sl: 0.620690


epoch: 999, cost: 0.538458, training_accu: 0.780000, testing_accu: 0.655172
epoch: 1999, cost: 0.510738, training_accu: 0.780000, testing_accu: 0.586207
epoch: 2999, cost: 0.542591, training_accu: 0.780000, testing_accu: 0.551724
epoch: 3999, cost: 0.466091, training_accu: 0.800000, testing_accu: 0.586207
epoch: 4999, cost: 0.425215, training_accu: 0.840000, testing_accu: 0.586207
epoch: 5999, cost: 0.581129, training_accu: 0.640000, testing_accu: 0.586207
epoch: 6999, cost: 0.540556, training_accu: 0.740000, testing_accu: 0.586207
epoch: 7999, cost: 0.446670, training_accu: 0.820000, testing_accu: 0.586207
epoch: 8999, cost: 0.517192, training_accu: 0.800000, testing_accu: 0.620690
epoch: 9999, cost: 0.565040, training_accu: 0.700000, testing_accu: 0.620690
dataset: breast_cancer
training: (257, 16)
testing: (29, 16)
# labels: 2
random state: 480
activation: relu
solver: sgd
tf: 0.620690
sl: 0.551724