FEATURE_COST = 5
LEARNING_RATE = 0.1
DISCOUNT = 0.9
CORRECT_REWARD = 100
EPSILON = 0.9

Epoch 199
None None None None None None None None None None None None None None None False
policy: Visit 3, Q: 69.181939
None None None None None None None None None None None None None None None True
policy: None, Q: -100.000000
None Iris-versicolor None None None None None None None None None None None None None False
policy: Visit 8, Q: 67.900000
None Iris-versicolor None None None None None None None None None None None None None True
policy: None, Q: -5.882353
Iris-setosa None None None None None None None None None None None None None None False
policy: Stop, Q: 79.111491
Iris-setosa None None None None None None None None None None None None None None True
policy: None, Q: 86.715867
Iris-versicolor None None None None None None None None None None None None None None False
policy: Visit 6, Q: -0.027497
Iris-versicolor None None None None None None None None None None None None None None True
policy: None, Q: -20.000000
None Iris-setosa None None None None None None None None None None None None None False
policy: Visit 4, Q: -0.500000
None Iris-setosa None None None None None None None None None None None None None True
policy: None, Q: -100.000000
None None None Iris-versicolor None None None None None None None None None None None False
policy: Stop, Q: 79.552024
None None None Iris-versicolor None None None None None None None None None None None True
policy: None, Q: 88.401918
None None Iris-versicolor None None None None None None None None None None None None False
policy: Stop, Q: 0.000000
None None Iris-versicolor None None None None None None None None None None None None True
policy: None, Q: 100.000000
Iris-virginica None None None None None None None None None None None None None None False
policy: Visit 1, Q: -0.500000
Iris-virginica None None None None None None None None None None None None None None True
policy: None, Q: -100.000000
Iris-virginica Iris-setosa None None None None None None None None None None None None None False
policy: Visit 4, Q: 0.000000
Iris-virginica Iris-setosa None None Iris-virginica None None None None None None None None None None False
policy: Stop, Q: 0.000000
Iris-virginica Iris-setosa None None Iris-virginica None None None None None None None None None None True
policy: None, Q: 100.000000
None Iris-virginica None None None None None None None None None None None None None False
policy: Stop, Q: 79.352339
None Iris-virginica None None None None None None None None None None None None None True
policy: None, Q: 87.272727
None None Iris-virginica None None None None None None None None None None None None False
policy: Stop, Q: 79.551373
None None Iris-virginica None None None None None None None None None None None None True
policy: None, Q: 88.397538
None Iris-setosa None None Iris-versicolor None None None None None None None None None None False
policy: Visit 0, Q: 0.000000
Iris-virginica Iris-setosa None None Iris-versicolor None None None None None None None None None None False
policy: Stop, Q: 0.000000
Iris-virginica Iris-setosa None None Iris-versicolor None None None None None None None None None None True
policy: None, Q: -100.000000
None None Iris-setosa None None None None None None None None None None None None False
policy: Stop, Q: 0.000000
None None Iris-setosa None None None None None None None None None None None None True
policy: None, Q: 100.000000
Iris-versicolor None None Iris-setosa None None None None None None None None None None None False
policy: Visit 6, Q: 0.000000
Iris-versicolor None None Iris-setosa None None None None None None None None None None None True
policy: None, Q: -100.000000
Iris-versicolor None None Iris-virginica None None None None None None None None None None None False
policy: Stop, Q: 0.000000
Iris-versicolor None None Iris-virginica None None None None None None None None None None None True
policy: None, Q: 100.000000
Iris-versicolor None None None Iris-setosa None None None None None None None None None None False
policy: Visit 1, Q: 0.000000
Iris-versicolor Iris-virginica None None Iris-setosa None None None None None None None None None None False
policy: Stop, Q: 0.000000
Iris-versicolor Iris-virginica None None Iris-setosa None None None None None None None None None None True
policy: None, Q: 100.000000
Iris-versicolor Iris-setosa None None None None None None None None None None None None None False
policy: Stop, Q: 0.000000
Iris-versicolor Iris-setosa None None None None None None None None None None None None None True
policy: None, Q: -100.000000
None None None Iris-setosa None None None None None None None None None None None False
policy: Stop, Q: 90.000000
None None None Iris-setosa None None None None None None None None None None None True
policy: None, Q: 100.000000
Iris-versicolor None None None None None Iris-setosa None None None None None None None None False
policy: Stop, Q: 9.000000
Iris-versicolor None None None None None Iris-setosa None None None None None None None None True
policy: None, Q: 100.000000
Iris-versicolor None None None None Iris-setosa None None None None None None None None None False
policy: Visit 2, Q: 0.000000
Iris-versicolor None Iris-setosa None None Iris-setosa None None None None None None None None None False
policy: Stop, Q: 0.000000
Iris-versicolor None Iris-setosa None None Iris-setosa None None None None None None None None None True
policy: None, Q: 100.000000
Iris-versicolor None None Iris-setosa None None Iris-setosa None None None None None None None None False
policy: Stop, Q: 9.000000
Iris-versicolor None None Iris-setosa None None Iris-setosa None None None None None None None None True
policy: None, Q: 100.000000
Iris-versicolor None None None None Iris-virginica None None None None None None None None None False
policy: Stop, Q: 0.000000
Iris-versicolor None None None None Iris-virginica None None None None None None None None None True
policy: None, Q: 100.000000
None Iris-versicolor None None None None None Iris-versicolor None None None None None None None False
policy: Visit 2, Q: -0.045000
None Iris-versicolor Iris-versicolor None None None None Iris-versicolor None None None None None None None False
policy: Visit 4, Q: -1.355000
None Iris-versicolor Iris-versicolor None None None None Iris-versicolor None None None None None None None True
policy: None, Q: -100.000000
None Iris-versicolor None None None None None Iris-versicolor None None None None None None None True
policy: None, Q: -100.000000
None Iris-versicolor Iris-versicolor None None None None None None None None None None None None False
policy: Visit 7, Q: -0.085500
None Iris-versicolor Iris-versicolor None None None None Iris-versicolor None None None None None Iris-virginica None False
policy: Stop, Q: 0.000000
None Iris-versicolor Iris-versicolor None None None None Iris-versicolor Iris-virginica None None None None Iris-virginica None False
policy: Stop, Q: 0.000000
None Iris-versicolor Iris-versicolor None None None None Iris-versicolor Iris-virginica None None None None Iris-virginica None True
policy: None, Q: 100.000000
Iris-versicolor Iris-versicolor None None None None None None None None None None None None None False
policy: Visit 4, Q: 0.000000
Iris-versicolor Iris-versicolor None None Iris-versicolor None None None None None None None None None None False
policy: Visit 2, Q: -0.950000
Iris-versicolor Iris-versicolor None None Iris-versicolor None None None None None None None None None None True
policy: None, Q: -100.000000
None Iris-versicolor Iris-versicolor None None None None None None None None None None None None True
policy: None, Q: -100.000000
None Iris-versicolor None None Iris-versicolor None None None None None None None None None None False
policy: Visit 0, Q: -0.045000
Iris-versicolor Iris-versicolor Iris-versicolor None Iris-versicolor None None None None None None None None None None False
policy: Visit 5, Q: 0.000000
Iris-versicolor Iris-versicolor Iris-versicolor None Iris-versicolor None None None None None Iris-versicolor None None None None False
policy: Visit 5, Q: 0.000000
Iris-versicolor Iris-versicolor Iris-versicolor None Iris-versicolor Iris-virginica None None None None Iris-versicolor None None None None False
policy: Stop, Q: 0.000000
Iris-versicolor Iris-versicolor Iris-versicolor None Iris-versicolor Iris-virginica None None None None Iris-versicolor None None None None True
policy: None, Q: -100.000000
None Iris-versicolor Iris-versicolor None None None None Iris-versicolor None None None None None Iris-virginica None True
policy: None, Q: -100.000000
None Iris-versicolor None None None None None None Iris-virginica None None None None None None False
policy: Visit 3, Q: 81.000000
None Iris-versicolor None Iris-virginica None None None None Iris-virginica None None None None None None False
policy: Stop, Q: 90.000000
None Iris-versicolor None Iris-virginica None None None None Iris-virginica None None None None None None True
policy: None, Q: 100.000000
None Iris-versicolor None None Iris-versicolor None None None None None None None None None None True
policy: None, Q: -100.000000
None Iris-versicolor Iris-versicolor None Iris-versicolor None None Iris-versicolor None None None None None None None False
policy: Visit 0, Q: 0.000000
Iris-versicolor Iris-versicolor Iris-versicolor None Iris-versicolor None None Iris-versicolor None None None None None None None False
policy: Stop, Q: 0.000000
Iris-versicolor Iris-versicolor Iris-versicolor None Iris-versicolor None None Iris-versicolor None None None None None None None True
policy: None, Q: -100.000000
Iris-versicolor Iris-versicolor Iris-versicolor None Iris-versicolor Iris-virginica None None None None None None None None None False
policy: Visit 7, Q: 0.000000
Iris-versicolor Iris-versicolor Iris-versicolor None Iris-versicolor Iris-virginica None Iris-versicolor None None None None None None None False
policy: Visit 10, Q: 0.000000
Iris-versicolor Iris-versicolor Iris-versicolor None Iris-versicolor Iris-virginica None Iris-versicolor None None Iris-versicolor None None None None False
policy: Stop, Q: 0.000000
Iris-versicolor Iris-versicolor Iris-versicolor None Iris-versicolor Iris-virginica None Iris-versicolor None None Iris-versicolor None None None None True
policy: None, Q: -100.000000
[0.6944444444444444, 0.5277777777777778, 0.9166666666666666, 0.9444444444444444, 0.75, 0.9166666666666666, 0.9166666666666666, 0.9444444444444444, 0.9166666666666666, 0.9444444444444444, 0.9166666666666666, 0.9444444444444444, 1.0, 0.9444444444444444, 1.0]
No policy: None None None Iris-virginica None None None None None None None None None None None False
No policy: None None None Iris-virginica None None None None None None None None None None None False
No policy: None None None Iris-virginica None None None None None None None None None None None False
No policy: None None None Iris-virginica None None None None None None None None None None None False
No policy: None None None Iris-virginica None None None None None None None None None None None False
No policy: None None None Iris-virginica None None None None None None None None None None None False
No policy: None None None Iris-virginica None None None None None None None None None None None False
No policy: None None None Iris-virginica None None None None None None None None None None None False
No policy: None None None Iris-virginica None None None None None None None None None None None False
No policy: None None None Iris-virginica None None None None None None None None None None None False
No policy: None None None Iris-virginica None None None None None None None None None None None False
0.9444444444444444 1.0