{'dataset': 'human_activity', 'algorithm': 'ptdqn', 'num_clf': 100, 'num_training': 400000, 'learning_rate': 0.1, 'discount_factor': 1.0, 'epsilon': 0.1, 'random_state': 8946, 'portion': 0.5, 'sequential': False}
(10299, 562)
reading data takes 2.294 sec
number of labels: 6

Running iteration 1 of 10 fold...
[85, 0, 69, 6, 33, 22, 17, 52, 25, 20, 13, 40, 29]
using cpu
using cpu
    accuracy, precision, recall, f_score
max0: 0.9752, 0.9753, 0.9761, 0.9761

    accuracy, precision, recall, f_score
max3: 0.9767, 0.9767, 0.9780, 0.9779

    accuracy, precision, recall, f_score
max1: 0.9738, 0.9738, 0.9730, 0.9729


min loss: 0.011, episode: 268000
max accu: 0.974, episode: 390000

45.92 classifiers used
    accuracy, precision, recall, f_score
mv: 0.9748, 0.9749, 0.9743, 0.9740
wv: 0.9757, 0.9759, 0.9754, 0.9749
fs: 0.9777, 0.9778, 0.9773, 0.9771
rl: 0.9738, 0.9738, 0.9730, 0.9729

0.8548543689320388
0.85, 0.96, 0.94, 0.62, 0.88, 0.97, 0.93, 0.66, 0.87, 0.96, 0.94, 0.59, 0.88, 0.96, 0.93, 0.66, 0.89, 0.97, 0.93, 0.72, 0.85, 0.96, 0.94, 0.6, 0.85, 0.97, 0.95, 0.57, 0.85, 0.97, 0.94, 0.68, 0.9, 0.96, 0.94, 0.59, 0.85, 0.96, 0.93, 0.67, 0.86, 0.96, 0.93, 0.59, 0.86, 0.97, 0.93, 0.7, 0.85, 0.96, 0.95, 0.57, 0.88, 0.97, 0.93, 0.59, 0.86, 0.96, 0.93, 0.68, 0.87, 0.96, 0.93, 0.61, 0.87, 0.96, 0.94, 0.59, 0.85, 0.96, 0.94, 0.64, 0.87, 0.96, 0.94, 0.72, 0.88, 0.97, 0.93, 0.6, 0.87, 0.96, 0.93, 0.68, 0.85, 0.97, 0.93, 0.59, 0.84, 0.96, 0.94, 0.71, 0.86, 0.97, 0.93, 0.67, 0.86, 0.96, 0.94, 0.62

0.8610776699029123
0.89, 0.96, 0.93, 0.76, 0.89, 0.97, 0.94, 0.61, 0.86, 0.96, 0.95, 0.66, 0.87, 0.96, 0.94, 0.62, 0.86, 0.96, 0.94, 0.73, 0.86, 0.97, 0.93, 0.70, 0.87, 0.97, 0.94, 0.62, 0.87, 0.96, 0.94, 0.67, 0.84, 0.97, 0.94, 0.59, 0.87, 0.96, 0.94, 0.67, 0.88, 0.97, 0.94, 0.63, 0.87, 0.97, 0.94, 0.65, 0.82, 0.95, 0.94, 0.63, 0.88, 0.97, 0.94, 0.59, 0.86, 0.97, 0.94, 0.70, 0.88, 0.96, 0.94, 0.66, 0.86, 0.97, 0.93, 0.59, 0.87, 0.96, 0.94, 0.79, 0.89, 0.97, 0.94, 0.64, 0.88, 0.96, 0.94, 0.63, 0.88, 0.97, 0.93, 0.58, 0.85, 0.96, 0.93, 0.66, 0.88, 0.97, 0.94, 0.67, 0.88, 0.96, 0.94, 0.60, 0.89, 0.97, 0.93, 0.68


Running iteration 2 of 10 fold...
[45, 0, 81, 74, 9, 30, 49, 93, 52, 33, 40]
using cpu
using cpu
    accuracy, precision, recall, f_score
max0: 0.9786, 0.9786, 0.9794, 0.9795

    accuracy, precision, recall, f_score
max3: 0.9801, 0.9801, 0.9812, 0.9812

    accuracy, precision, recall, f_score
max1: 0.9874, 0.9874, 0.9859, 0.9865


min loss: 0.008, episode: 276000
max accu: 0.987, episode: 400000

35.55 classifiers used
    accuracy, precision, recall, f_score
mv: 0.9825, 0.9826, 0.9807, 0.9815
wv: 0.9777, 0.9779, 0.9755, 0.9762
fs: 0.9864, 0.9865, 0.9852, 0.9858
rl: 0.9874, 0.9874, 0.9859, 0.9865

0.8608932038834952
0.89, 0.96, 0.93, 0.59, 0.86, 0.97, 0.94, 0.66, 0.87, 0.97, 0.93, 0.59, 0.89, 0.98, 0.93, 0.61, 0.85, 0.98, 0.94, 0.60, 0.85, 0.97, 0.94, 0.59, 0.86, 0.97, 0.94, 0.61, 0.89, 0.97, 0.93, 0.59, 0.87, 0.97, 0.95, 0.60, 0.86, 0.98, 0.93, 0.60, 0.89, 0.97, 0.94, 0.72, 0.91, 0.97, 0.93, 0.76, 0.89, 0.97, 0.93, 0.61, 0.88, 0.97, 0.94, 0.61, 0.85, 0.97, 0.94, 0.78, 0.87, 0.97, 0.93, 0.61, 0.86, 0.97, 0.94, 0.64, 0.88, 0.96, 0.94, 0.64, 0.86, 0.97, 0.93, 0.65, 0.85, 0.97, 0.93, 0.59, 0.86, 0.98, 0.94, 0.6, 0.88, 0.97, 0.94, 0.80, 0.87, 0.98, 0.93, 0.64, 0.87, 0.97, 0.93, 0.82, 0.87, 0.97, 0.94, 0.61

0.8618058252427185
0.88, 0.97, 0.93, 0.60, 0.86, 0.97, 0.93, 0.60, 0.89, 0.97, 0.92, 0.71, 0.84, 0.98, 0.93, 0.60, 0.86, 0.97, 0.94, 0.72, 0.88, 0.97, 0.93, 0.60, 0.86, 0.97, 0.93, 0.69, 0.87, 0.98, 0.93, 0.60, 0.86, 0.97, 0.94, 0.61, 0.88, 0.97, 0.94, 0.64, 0.87, 0.97, 0.94, 0.61, 0.87, 0.97, 0.94, 0.77, 0.87, 0.97, 0.94, 0.68, 0.87, 0.98, 0.94, 0.69, 0.87, 0.97, 0.93, 0.64, 0.87, 0.98, 0.94, 0.63, 0.87, 0.97, 0.93, 0.60, 0.88, 0.97, 0.94, 0.72, 0.88, 0.97, 0.93, 0.61, 0.87, 0.98, 0.93, 0.78, 0.88, 0.97, 0.94, 0.6, 0.87, 0.97, 0.94, 0.60, 0.87, 0.96, 0.93, 0.68, 0.88, 0.97, 0.95, 0.60, 0.86, 0.97, 0.94, 0.64


Running iteration 3 of 10 fold...
[37, 0, 29, 34, 65, 90, 85, 42, 25, 56]
using cpu
using cpu
    accuracy, precision, recall, f_score
max0: 0.9782, 0.9783, 0.9792, 0.9791

    accuracy, precision, recall, f_score
max3: 0.9819, 0.9819, 0.9829, 0.9828

    accuracy, precision, recall, f_score
max1: 0.9806, 0.9806, 0.9800, 0.9804


min loss: 0.007, episode: 268000
max accu: 0.981, episode: 390000

38.95 classifiers used
    accuracy, precision, recall, f_score
mv: 0.9728, 0.9731, 0.9717, 0.9720
wv: 0.9728, 0.9730, 0.9715, 0.9715
fs: 0.9825, 0.9826, 0.9826, 0.9824
rl: 0.9806, 0.9806, 0.9800, 0.9804

0.8617572815533983
0.86, 0.97, 0.93, 0.60, 0.87, 0.97, 0.93, 0.81, 0.83, 0.97, 0.94, 0.78, 0.87, 0.96, 0.94, 0.66, 0.85, 0.97, 0.94, 0.58, 0.86, 0.96, 0.94, 0.59, 0.85, 0.96, 0.94, 0.69, 0.86, 0.96, 0.94, 0.62, 0.85, 0.97, 0.94, 0.62, 0.84, 0.97, 0.94, 0.65, 0.83, 0.96, 0.94, 0.61, 0.85, 0.97, 0.95, 0.63, 0.88, 0.96, 0.94, 0.65, 0.86, 0.97, 0.93, 0.70, 0.86, 0.97, 0.94, 0.72, 0.88, 0.96, 0.94, 0.72, 0.86, 0.96, 0.95, 0.72, 0.88, 0.97, 0.94, 0.70, 0.86, 0.96, 0.94, 0.61, 0.84, 0.97, 0.94, 0.63, 0.85, 0.96, 0.94, 0.65, 0.84, 0.96, 0.94, 0.73, 0.87, 0.97, 0.94, 0.59, 0.87, 0.97, 0.93, 0.66, 0.86, 0.96, 0.95, 0.68

0.8524077669902914
0.89, 0.97, 0.94, 0.67, 0.85, 0.97, 0.94, 0.58, 0.84, 0.96, 0.94, 0.67, 0.85, 0.97, 0.94, 0.58, 0.89, 0.97, 0.94, 0.59, 0.84, 0.96, 0.94, 0.70, 0.84, 0.97, 0.95, 0.64, 0.88, 0.97, 0.93, 0.66, 0.85, 0.96, 0.94, 0.61, 0.86, 0.97, 0.94, 0.67, 0.87, 0.96, 0.94, 0.60, 0.85, 0.97, 0.95, 0.57, 0.84, 0.96, 0.93, 0.57, 0.89, 0.96, 0.94, 0.66, 0.86, 0.97, 0.95, 0.61, 0.88, 0.97, 0.94, 0.57, 0.87, 0.97, 0.94, 0.73, 0.87, 0.97, 0.94, 0.59, 0.86, 0.95, 0.94, 0.64, 0.85, 0.96, 0.94, 0.56, 0.84, 0.96, 0.94, 0.66, 0.84, 0.97, 0.94, 0.66, 0.87, 0.96, 0.94, 0.58, 0.86, 0.97, 0.95, 0.58, 0.86, 0.97, 0.95, 0.66


Running iteration 4 of 10 fold...
[89, 0, 9, 77, 26, 20, 80, 69]
using cpu
using cpu
    accuracy, precision, recall, f_score
max0: 0.9739, 0.9740, 0.9750, 0.9748

    accuracy, precision, recall, f_score
max3: 0.9789, 0.9789, 0.9802, 0.9800

    accuracy, precision, recall, f_score
max1: 0.9718, 0.9724, 0.9739, 0.9735


min loss: 0.006, episode: 288000
max accu: 0.972, episode: 40000

1.00 classifiers used
    accuracy, precision, recall, f_score
mv: 0.9709, 0.9711, 0.9716, 0.9713
wv: 0.9699, 0.9700, 0.9692, 0.9694
fs: 0.9796, 0.9797, 0.9805, 0.9802
rl: 0.9718, 0.9724, 0.9739, 0.9735

0.8721262135922331
0.89, 0.97, 0.92, 0.73, 0.88, 0.95, 0.94, 0.80, 0.87, 0.96, 0.93, 0.77, 0.87, 0.97, 0.93, 0.78, 0.87, 0.97, 0.92, 0.69, 0.84, 0.96, 0.93, 0.61, 0.86, 0.96, 0.93, 0.79, 0.86, 0.96, 0.92, 0.63, 0.87, 0.96, 0.93, 0.65, 0.85, 0.97, 0.94, 0.68, 0.86, 0.96, 0.92, 0.72, 0.87, 0.96, 0.93, 0.79, 0.88, 0.97, 0.93, 0.73, 0.87, 0.96, 0.93, 0.64, 0.88, 0.96, 0.93, 0.66, 0.86, 0.96, 0.92, 0.80, 0.87, 0.97, 0.93, 0.70, 0.84, 0.96, 0.94, 0.70, 0.86, 0.96, 0.94, 0.66, 0.83, 0.96, 0.92, 0.77, 0.89, 0.97, 0.92, 0.73, 0.87, 0.97, 0.92, 0.70, 0.85, 0.97, 0.93, 0.64, 0.89, 0.97, 0.92, 0.71, 0.84, 0.96, 0.92, 0.72

0.8659902912621359
0.85, 0.96, 0.93, 0.62, 0.86, 0.97, 0.93, 0.68, 0.84, 0.97, 0.92, 0.77, 0.87, 0.96, 0.94, 0.63, 0.85, 0.96, 0.92, 0.57, 0.84, 0.96, 0.93, 0.65, 0.83, 0.97, 0.93, 0.72, 0.87, 0.97, 0.93, 0.59, 0.86, 0.96, 0.92, 0.76, 0.87, 0.96, 0.93, 0.75, 0.89, 0.97, 0.93, 0.79, 0.87, 0.96, 0.93, 0.70, 0.87, 0.96, 0.93, 0.63, 0.86, 0.96, 0.94, 0.80, 0.82, 0.96, 0.93, 0.74, 0.85, 0.96, 0.93, 0.76, 0.85, 0.96, 0.93, 0.76, 0.83, 0.96, 0.92, 0.66, 0.86, 0.96, 0.93, 0.81, 0.85, 0.96, 0.93, 0.58, 0.87, 0.96, 0.94, 0.72, 0.87, 0.96, 0.93, 0.60, 0.86, 0.97, 0.94, 0.76, 0.84, 0.96, 0.93, 0.60, 0.87, 0.97, 0.93, 0.74

    accuracy, precision, recall, f_score
mv: 0.9752, 0.9754, 0.9746, 0.9747
wv: 0.9740, 0.9742, 0.9729, 0.9730
fs: 0.9816, 0.9816, 0.9814, 0.9814
rl: 0.9784, 0.9786, 0.9782, 0.9783

fs avg size: 10.50000, rl avg size: 30.35510
full test avg accu: 0.86032, test avg accu: 0.86241

training takes 79507.363 sec
