{'dataset': 'human_activity', 'algorithm': 'ptdqn', 'num_clf': 20, 'num_training': 400000, 'learning_rate': 0.1, 'discount_factor': 1.0, 'epsilon': 0.1, 'random_state': 7933, 'portion': 0.5, 'sequential': False}
(10299, 562)
reading data takes 1.707 sec
number of labels: 6

Running iteration 1 of 10 fold...
[14, 0, 19, 17, 8, 4, 10, 13, 15, 12, 16, 6, 2]
using cpu
using cpu
    accuracy, precision, recall, f_score
max0: 0.9657, 0.9658, 0.9652, 0.9651

    accuracy, precision, recall, f_score
max3: 0.9689, 0.9689, 0.9687, 0.9687

    accuracy, precision, recall, f_score
max1: 0.9767, 0.9768, 0.9763, 0.9767


min loss: 0.005, episode: 400000
max accu: 0.977, episode: 280000

19.14 classifiers used
    accuracy, precision, recall, f_score
mv: 0.9641, 0.9641, 0.9646, 0.9651
wv: 0.9641, 0.9641, 0.9651, 0.9650
fs: 0.9728, 0.9729, 0.9723, 0.9729
rl: 0.9767, 0.9768, 0.9763, 0.9767

0.8775728155339806
0.86, 0.88, 0.88, 0.83, 0.88, 0.90, 0.90, 0.88, 0.89, 0.88, 0.85, 0.89, 0.84, 0.87, 0.90, 0.86, 0.85, 0.88, 0.87, 0.88

0.8770873786407767
0.86, 0.88, 0.88, 0.89, 0.89, 0.84, 0.90, 0.87, 0.87, 0.89, 0.86, 0.86, 0.85, 0.87, 0.88, 0.87, 0.88, 0.86, 0.84, 0.89


Running iteration 2 of 10 fold...
[5, 0, 19, 3, 17, 10, 6, 4, 2, 13, 8, 11, 1, 15]
using cpu
using cpu
    accuracy, precision, recall, f_score
max0: 0.9620, 0.9621, 0.9620, 0.9619

    accuracy, precision, recall, f_score
max3: 0.9650, 0.9651, 0.9646, 0.9649

    accuracy, precision, recall, f_score
max1: 0.9689, 0.9690, 0.9677, 0.9679


min loss: 0.005, episode: 399000
max accu: 0.969, episode: 240000

17.73 classifiers used
    accuracy, precision, recall, f_score
mv: 0.9670, 0.9671, 0.9655, 0.9657
wv: 0.9680, 0.9681, 0.9663, 0.9666
fs: 0.9602, 0.9602, 0.9591, 0.9591
rl: 0.9689, 0.9690, 0.9677, 0.9679

0.8724757281553398
0.88, 0.84, 0.88, 0.86, 0.88, 0.88, 0.85, 0.87, 0.89, 0.85, 0.87, 0.86, 0.87, 0.88, 0.88, 0.82, 0.89, 0.87, 0.87, 0.86

0.8740776699029127
0.88, 0.86, 0.88, 0.86, 0.85, 0.90, 0.86, 0.86, 0.88, 0.86, 0.86, 0.84, 0.89, 0.91, 0.88, 0.85, 0.85, 0.88, 0.86, 0.88


Running iteration 3 of 10 fold...
[10, 0, 2, 16, 6, 9, 15, 17, 13, 5, 1, 11, 19, 7, 3, 18]
using cpu
using cpu
    accuracy, precision, recall, f_score
max0: 0.9627, 0.9628, 0.9624, 0.9625

    accuracy, precision, recall, f_score
max3: 0.9672, 0.9674, 0.9674, 0.9677

    accuracy, precision, recall, f_score
max1: 0.9738, 0.9739, 0.9745, 0.9739


min loss: 0.006, episode: 397000
max accu: 0.974, episode: 300000

19.81 classifiers used
    accuracy, precision, recall, f_score
mv: 0.9757, 0.9759, 0.9753, 0.9749
wv: 0.9748, 0.9749, 0.9746, 0.9742
fs: 0.9680, 0.9680, 0.9683, 0.9683
rl: 0.9738, 0.9739, 0.9745, 0.9739

0.8732038834951457
0.88, 0.88, 0.88, 0.86, 0.86, 0.85, 0.89, 0.85, 0.89, 0.87, 0.89, 0.86, 0.86, 0.87, 0.85, 0.84, 0.88, 0.88, 0.85, 0.86

0.8785436893203883
0.83, 0.90, 0.86, 0.90, 0.85, 0.83, 0.87, 0.88, 0.89, 0.88, 0.89, 0.90, 0.90, 0.85, 0.87, 0.87, 0.86, 0.87, 0.88, 0.87


Running iteration 4 of 10 fold...
[6, 0, 13, 16, 11, 9, 18, 5, 1, 2, 17, 3, 12, 7]
using cpu
using cpu
    accuracy, precision, recall, f_score
max0: 0.9620, 0.9621, 0.9617, 0.9616

    accuracy, precision, recall, f_score
max3: 0.9599, 0.9601, 0.9602, 0.9601

    accuracy, precision, recall, f_score
max1: 0.9602, 0.9604, 0.9582, 0.9581


min loss: 0.006, episode: 395000
max accu: 0.960, episode: 250000

19.11 classifiers used
    accuracy, precision, recall, f_score
mv: 0.9592, 0.9594, 0.9575, 0.9571
wv: 0.9602, 0.9603, 0.9584, 0.9581
fs: 0.9592, 0.9595, 0.9573, 0.9572
rl: 0.9602, 0.9604, 0.9582, 0.9581

0.8653883495145631
0.83, 0.88, 0.87, 0.90, 0.85, 0.86, 0.89, 0.90, 0.86, 0.86, 0.85, 0.86, 0.83, 0.87, 0.82, 0.84, 0.86, 0.88, 0.86, 0.84

0.8730582524271846
0.86, 0.89, 0.88, 0.89, 0.88, 0.88, 0.83, 0.85, 0.87, 0.87, 0.84, 0.87, 0.89, 0.85, 0.85, 0.87, 0.88, 0.87, 0.90, 0.86

    accuracy, precision, recall, f_score
mv: 0.9665, 0.9666, 0.9657, 0.9657
wv: 0.9667, 0.9668, 0.9661, 0.9660
fs: 0.9650, 0.9651, 0.9642, 0.9643
rl: 0.9699, 0.9700, 0.9692, 0.9692

fs avg size: 14.25000, rl avg size: 18.95000
full test avg accu: 0.87569, test avg accu: 0.87216

training takes 16248.645 sec
