{'dataset': 'cmc', 'algorithm': 'ptdqn', 'num_clf': 20, 'num_training': 400000, 'learning_rate': 0.1, 'discount_factor': 1.0, 'epsilon': 0.1, 'random_state': 4789, 'portion': 0.5, 'sequential': False}
(1473, 22)
reading data takes 5.761 sec
number of labels: 3

Running iteration 1 of 10 fold...
[0, 1, 2, 7, 19, 13]
using cpu
using cpu
    accuracy, precision, recall, f_score
max0: 0.5023, 0.4893, 0.4642, 0.4650

    accuracy, precision, recall, f_score
max3: 0.4743, 0.4621, 0.4348, 0.4306

    accuracy, precision, recall, f_score
max1: 0.5203, 0.5244, 0.4821, 0.4918


min loss: 0.012, episode: 210000
max accu: 0.520, episode: 320000

4.71 classifiers used
    accuracy, precision, recall, f_score
mv: 0.4392, 0.4490, 0.4119, 0.4152
wv: 0.4189, 0.4240, 0.3809, 0.3828
fs: 0.4932, 0.4943, 0.4569, 0.4628
rl: 0.5203, 0.5244, 0.4821, 0.4918

0.43648648648648647
0.5, 0.46, 0.43, 0.40, 0.39, 0.38, 0.47, 0.39, 0.41, 0.43, 0.47, 0.47, 0.41, 0.45, 0.47, 0.41, 0.40, 0.45, 0.47, 0.39

0.43074324324324326
0.41, 0.46, 0.42, 0.41, 0.39, 0.47, 0.49, 0.46, 0.39, 0.38, 0.38, 0.47, 0.42, 0.43, 0.46, 0.41, 0.40, 0.39, 0.42, 0.45


Running iteration 2 of 10 fold...
[0, 1, 7, 3, 14, 2]
using cpu
using cpu
    accuracy, precision, recall, f_score
max0: 0.5505, 0.5472, 0.5092, 0.5128

    accuracy, precision, recall, f_score
max3: 0.5317, 0.5156, 0.4767, 0.4751

    accuracy, precision, recall, f_score
max1: 0.4459, 0.4446, 0.4347, 0.4269


min loss: 0.013, episode: 204000
max accu: 0.446, episode: 180000

19.24 classifiers used
    accuracy, precision, recall, f_score
mv: 0.4324, 0.4318, 0.4216, 0.4102
wv: 0.4257, 0.4284, 0.4156, 0.4036
fs: 0.4392, 0.4436, 0.4309, 0.4294
rl: 0.4459, 0.4446, 0.4347, 0.4269

0.4172297297297297
0.43, 0.41, 0.37, 0.39, 0.40, 0.44, 0.37, 0.39, 0.44, 0.37, 0.42, 0.47, 0.39, 0.43, 0.43, 0.44, 0.46, 0.43, 0.41, 0.33

0.41418918918918923
0.37, 0.42, 0.43, 0.39, 0.37, 0.36, 0.36, 0.42, 0.40, 0.38, 0.46, 0.41, 0.42, 0.48, 0.39, 0.42, 0.40, 0.43, 0.39, 0.47


Running iteration 3 of 10 fold...
[9, 0, 1, 12, 14]
using cpu
using cpu
    accuracy, precision, recall, f_score
max0: 0.5068, 0.5048, 0.4734, 0.4727

    accuracy, precision, recall, f_score
max3: 0.4985, 0.4808, 0.4547, 0.4503

    accuracy, precision, recall, f_score
max1: 0.6081, 0.6103, 0.5688, 0.5716


min loss: 0.012, episode: 192000
max accu: 0.608, episode: 210000

17.18 classifiers used
    accuracy, precision, recall, f_score
mv: 0.5676, 0.5800, 0.5437, 0.5379
wv: 0.5676, 0.5747, 0.5486, 0.5427
fs: 0.5811, 0.5953, 0.5675, 0.5605
rl: 0.6081, 0.6103, 0.5688, 0.5716

0.47398648648648656
0.47, 0.50, 0.45, 0.52, 0.48, 0.43, 0.45, 0.48, 0.44, 0.58, 0.40, 0.43, 0.47, 0.46, 0.47, 0.45, 0.52, 0.46, 0.47, 0.45

0.49290540540540534
0.5, 0.47, 0.5, 0.52, 0.52, 0.47, 0.45, 0.51, 0.54, 0.54, 0.42, 0.5, 0.49, 0.53, 0.49, 0.48, 0.50, 0.42, 0.44, 0.48


Running iteration 4 of 10 fold...
[2, 0, 9, 5, 7, 16]
using cpu
using cpu
    accuracy, precision, recall, f_score
max0: 0.5098, 0.5087, 0.4822, 0.4839

    accuracy, precision, recall, f_score
max3: 0.5045, 0.5079, 0.4757, 0.4764

    accuracy, precision, recall, f_score
max1: 0.4830, 0.4749, 0.4662, 0.4640


min loss: 0.014, episode: 190000
max accu: 0.483, episode: 150000

17.82 classifiers used
    accuracy, precision, recall, f_score
mv: 0.5034, 0.4918, 0.4825, 0.4777
wv: 0.4966, 0.4881, 0.4779, 0.4749
fs: 0.4626, 0.4577, 0.4487, 0.4481
rl: 0.4830, 0.4749, 0.4662, 0.4640

0.42857142857142855
0.48, 0.43, 0.40, 0.43, 0.46, 0.38, 0.38, 0.49, 0.43, 0.45, 0.40, 0.38, 0.42, 0.43, 0.40, 0.40, 0.41, 0.42, 0.46, 0.42

0.42823129251700676
0.49, 0.41, 0.43, 0.35, 0.45, 0.44, 0.44, 0.42, 0.36, 0.42, 0.48, 0.42, 0.40, 0.42, 0.40, 0.42, 0.41, 0.43, 0.42, 0.43

    accuracy, precision, recall, f_score
mv: 0.4856, 0.4882, 0.4649, 0.4603
wv: 0.4772, 0.4788, 0.4558, 0.4510
fs: 0.4940, 0.4977, 0.4760, 0.4752
rl: 0.5143, 0.5135, 0.4880, 0.4886

fs avg size: 5.75000, rl avg size: 14.73618
full test avg accu: 0.44152, test avg accu: 0.43907

training takes 5460.208 sec
