{'dataset': 'cmc', 'algorithm': 'ptdqn', 'num_clf': 100, 'num_training': 400000, 'learning_rate': 0.1, 'discount_factor': 1.0, 'epsilon': 0.1, 'random_state': 4110, 'portion': 0.5, 'sequential': False}
(1473, 22)
reading data takes 5.804 sec
number of labels: 3

Running iteration 1 of 10 fold...
[22, 0, 55, 27]
using cpu
using cpu
    accuracy, precision, recall, f_score
max0: 0.5143, 0.5079, 0.4827, 0.4842

    accuracy, precision, recall, f_score
max3: 0.4955, 0.4947, 0.4772, 0.4803

    accuracy, precision, recall, f_score
max1: 0.4730, 0.4664, 0.4480, 0.4488


min loss: 0.004, episode: 210000
max accu: 0.473, episode: 370000

34.13 classifiers used
    accuracy, precision, recall, f_score
mv: 0.4054, 0.3982, 0.3877, 0.3870
wv: 0.4122, 0.4037, 0.3931, 0.3919
fs: 0.4122, 0.4238, 0.3997, 0.4012
rl: 0.4730, 0.4664, 0.4480, 0.4488

0.4066891891891893
0.35, 0.35, 0.41, 0.36, 0.38, 0.45, 0.39, 0.43, 0.35, 0.40, 0.41, 0.41, 0.44, 0.43, 0.37, 0.45, 0.43, 0.39, 0.39, 0.39, 0.43, 0.38, 0.37, 0.38, 0.47, 0.43, 0.41, 0.44, 0.40, 0.32, 0.43, 0.37, 0.35, 0.41, 0.42, 0.39, 0.42, 0.44, 0.35, 0.39, 0.32, 0.47, 0.39, 0.39, 0.42, 0.35, 0.43, 0.38, 0.32, 0.40, 0.43, 0.40, 0.38, 0.42, 0.34, 0.40, 0.35, 0.43, 0.41, 0.45, 0.35, 0.38, 0.39, 0.41, 0.34, 0.39, 0.42, 0.39, 0.33, 0.41, 0.46, 0.47, 0.41, 0.37, 0.43, 0.52, 0.40, 0.37, 0.44, 0.45, 0.43, 0.49, 0.37, 0.43, 0.41, 0.38, 0.32, 0.42, 0.43, 0.41, 0.39, 0.41, 0.37, 0.42, 0.35, 0.43, 0.39, 0.41, 0.45, 0.45

0.40527027027027024
0.37, 0.38, 0.38, 0.33, 0.36, 0.39, 0.36, 0.42, 0.39, 0.50, 0.36, 0.37, 0.41, 0.43, 0.41, 0.40, 0.46, 0.43, 0.41, 0.39, 0.35, 0.35, 0.41, 0.43, 0.39, 0.44, 0.41, 0.40, 0.5, 0.39, 0.37, 0.38, 0.41, 0.43, 0.39, 0.36, 0.47, 0.42, 0.35, 0.39, 0.39, 0.37, 0.47, 0.42, 0.35, 0.37, 0.44, 0.35, 0.44, 0.37, 0.42, 0.37, 0.41, 0.41, 0.38, 0.39, 0.39, 0.42, 0.41, 0.38, 0.44, 0.42, 0.45, 0.35, 0.41, 0.41, 0.45, 0.39, 0.41, 0.39, 0.41, 0.38, 0.37, 0.37, 0.43, 0.37, 0.37, 0.41, 0.45, 0.35, 0.39, 0.38, 0.42, 0.39, 0.47, 0.36, 0.34, 0.37, 0.45, 0.39, 0.44, 0.38, 0.37, 0.39, 0.43, 0.41, 0.41, 0.45, 0.35, 0.43


Running iteration 2 of 10 fold...
[41, 0, 19, 93, 30, 69]
using cpu
using cpu
    accuracy, precision, recall, f_score
max0: 0.5053, 0.4991, 0.4805, 0.4820

    accuracy, precision, recall, f_score
max3: 0.4955, 0.4922, 0.4783, 0.4799

    accuracy, precision, recall, f_score
max1: 0.5878, 0.5989, 0.5449, 0.5534


min loss: 0.005, episode: 218000
max accu: 0.588, episode: 390000

33.72 classifiers used
    accuracy, precision, recall, f_score
mv: 0.5811, 0.5788, 0.5291, 0.5367
wv: 0.5946, 0.5930, 0.5439, 0.5503
fs: 0.5203, 0.5227, 0.4811, 0.4826
rl: 0.5878, 0.5989, 0.5449, 0.5534

0.49648648648648647
0.46, 0.44, 0.50, 0.48, 0.54, 0.5, 0.54, 0.47, 0.58, 0.53, 0.49, 0.52, 0.49, 0.50, 0.46, 0.47, 0.50, 0.45, 0.53, 0.5, 0.43, 0.52, 0.52, 0.55, 0.56, 0.46, 0.47, 0.57, 0.47, 0.46, 0.48, 0.45, 0.48, 0.50, 0.49, 0.49, 0.44, 0.46, 0.51, 0.55, 0.48, 0.42, 0.46, 0.52, 0.45, 0.56, 0.51, 0.56, 0.48, 0.54, 0.46, 0.47, 0.52, 0.54, 0.49, 0.47, 0.45, 0.50, 0.56, 0.45, 0.48, 0.47, 0.47, 0.47, 0.5, 0.46, 0.49, 0.47, 0.47, 0.47, 0.46, 0.5, 0.47, 0.52, 0.52, 0.52, 0.43, 0.48, 0.55, 0.54, 0.51, 0.5, 0.49, 0.50, 0.50, 0.50, 0.46, 0.47, 0.51, 0.46, 0.48, 0.50, 0.51, 0.50, 0.52, 0.5, 0.5, 0.45, 0.39, 0.45

0.49567567567567566
0.45, 0.52, 0.51, 0.49, 0.52, 0.5, 0.46, 0.5, 0.54, 0.47, 0.49, 0.45, 0.52, 0.5, 0.52, 0.49, 0.51, 0.46, 0.54, 0.5, 0.52, 0.5, 0.50, 0.45, 0.51, 0.53, 0.45, 0.54, 0.56, 0.45, 0.56, 0.46, 0.56, 0.50, 0.46, 0.44, 0.48, 0.41, 0.51, 0.47, 0.47, 0.44, 0.51, 0.50, 0.56, 0.46, 0.5, 0.5, 0.50, 0.45, 0.53, 0.48, 0.52, 0.45, 0.48, 0.5, 0.52, 0.47, 0.54, 0.5, 0.55, 0.47, 0.55, 0.52, 0.5, 0.43, 0.49, 0.54, 0.44, 0.51, 0.44, 0.53, 0.44, 0.5, 0.47, 0.47, 0.51, 0.50, 0.50, 0.53, 0.52, 0.54, 0.43, 0.49, 0.45, 0.50, 0.51, 0.47, 0.54, 0.45, 0.53, 0.43, 0.39, 0.49, 0.49, 0.47, 0.5, 0.38, 0.50, 0.44


Running iteration 3 of 10 fold...
[22, 0, 89]
using cpu
using cpu
    accuracy, precision, recall, f_score
max0: 0.5038, 0.5014, 0.4736, 0.4737

    accuracy, precision, recall, f_score
max3: 0.4924, 0.4955, 0.4713, 0.4721

    accuracy, precision, recall, f_score
max1: 0.5338, 0.5350, 0.4983, 0.4987


min loss: 0.004, episode: 230000
max accu: 0.534, episode: 300000

76.80 classifiers used
    accuracy, precision, recall, f_score
mv: 0.5203, 0.5151, 0.4791, 0.4738
wv: 0.5135, 0.5083, 0.4724, 0.4671
fs: 0.4392, 0.4402, 0.4159, 0.4178
rl: 0.5338, 0.5350, 0.4983, 0.4987

0.4461486486486486
0.49, 0.42, 0.41, 0.48, 0.45, 0.38, 0.46, 0.42, 0.44, 0.47, 0.44, 0.45, 0.48, 0.47, 0.44, 0.46, 0.41, 0.48, 0.44, 0.45, 0.45, 0.44, 0.40, 0.39, 0.43, 0.41, 0.47, 0.46, 0.49, 0.40, 0.45, 0.47, 0.43, 0.47, 0.44, 0.41, 0.45, 0.39, 0.47, 0.5, 0.41, 0.42, 0.46, 0.41, 0.45, 0.41, 0.5, 0.48, 0.49, 0.45, 0.41, 0.39, 0.49, 0.36, 0.45, 0.43, 0.41, 0.5, 0.41, 0.50, 0.45, 0.45, 0.39, 0.40, 0.42, 0.39, 0.37, 0.47, 0.48, 0.41, 0.44, 0.45, 0.46, 0.43, 0.45, 0.41, 0.42, 0.44, 0.49, 0.37, 0.42, 0.46, 0.45, 0.43, 0.41, 0.50, 0.41, 0.41, 0.41, 0.47, 0.5, 0.45, 0.45, 0.46, 0.43, 0.38, 0.46, 0.47, 0.49, 0.44

0.44939189189189194
0.47, 0.47, 0.43, 0.47, 0.44, 0.43, 0.41, 0.50, 0.42, 0.43, 0.51, 0.43, 0.47, 0.46, 0.39, 0.44, 0.45, 0.41, 0.43, 0.45, 0.43, 0.39, 0.41, 0.45, 0.49, 0.44, 0.52, 0.39, 0.39, 0.47, 0.46, 0.43, 0.5, 0.49, 0.39, 0.47, 0.55, 0.49, 0.45, 0.41, 0.43, 0.45, 0.52, 0.48, 0.42, 0.41, 0.41, 0.52, 0.46, 0.51, 0.5, 0.41, 0.43, 0.46, 0.37, 0.39, 0.43, 0.43, 0.42, 0.42, 0.44, 0.42, 0.44, 0.43, 0.46, 0.44, 0.49, 0.43, 0.39, 0.44, 0.48, 0.45, 0.41, 0.37, 0.47, 0.44, 0.41, 0.47, 0.42, 0.43, 0.47, 0.42, 0.40, 0.46, 0.43, 0.45, 0.40, 0.44, 0.44, 0.45, 0.44, 0.41, 0.45, 0.5, 0.44, 0.43, 0.43, 0.51, 0.41, 0.49


Running iteration 4 of 10 fold...
[75, 0, 36, 98, 72, 15]
using cpu
using cpu
    accuracy, precision, recall, f_score
max0: 0.5098, 0.5058, 0.4777, 0.4789

    accuracy, precision, recall, f_score
max3: 0.5076, 0.5056, 0.4748, 0.4766

    accuracy, precision, recall, f_score
max1: 0.5374, 0.5441, 0.5145, 0.5204


min loss: 0.005, episode: 217000
max accu: 0.537, episode: 390000

21.16 classifiers used
    accuracy, precision, recall, f_score
mv: 0.4830, 0.4855, 0.4635, 0.4665
wv: 0.4830, 0.4854, 0.4605, 0.4625
fs: 0.4422, 0.4563, 0.4296, 0.4370
rl: 0.5374, 0.5441, 0.5145, 0.5204

0.44238095238095243
0.44, 0.40, 0.40, 0.44, 0.51, 0.44, 0.46, 0.49, 0.36, 0.39, 0.46, 0.40, 0.45, 0.46, 0.49, 0.37, 0.48, 0.49, 0.41, 0.46, 0.42, 0.51, 0.46, 0.48, 0.45, 0.41, 0.42, 0.44, 0.40, 0.39, 0.46, 0.40, 0.48, 0.52, 0.43, 0.40, 0.44, 0.45, 0.42, 0.44, 0.40, 0.40, 0.44, 0.46, 0.43, 0.42, 0.44, 0.47, 0.42, 0.39, 0.43, 0.45, 0.48, 0.43, 0.43, 0.40, 0.41, 0.43, 0.51, 0.42, 0.54, 0.48, 0.48, 0.44, 0.49, 0.42, 0.38, 0.45, 0.42, 0.40, 0.44, 0.44, 0.35, 0.42, 0.43, 0.46, 0.40, 0.43, 0.39, 0.44, 0.42, 0.44, 0.42, 0.43, 0.44, 0.49, 0.42, 0.43, 0.39, 0.40, 0.46, 0.46, 0.44, 0.50, 0.41, 0.46, 0.42, 0.44, 0.40, 0.46

0.4415646258503401
0.48, 0.44, 0.45, 0.38, 0.36, 0.44, 0.48, 0.43, 0.42, 0.42, 0.44, 0.49, 0.46, 0.38, 0.40, 0.41, 0.36, 0.44, 0.40, 0.43, 0.46, 0.46, 0.46, 0.47, 0.44, 0.42, 0.44, 0.42, 0.43, 0.40, 0.44, 0.38, 0.51, 0.46, 0.38, 0.42, 0.42, 0.44, 0.36, 0.44, 0.45, 0.38, 0.44, 0.44, 0.47, 0.46, 0.46, 0.42, 0.46, 0.47, 0.41, 0.45, 0.42, 0.47, 0.44, 0.45, 0.44, 0.40, 0.42, 0.41, 0.50, 0.46, 0.43, 0.49, 0.48, 0.51, 0.44, 0.44, 0.43, 0.48, 0.47, 0.48, 0.51, 0.45, 0.37, 0.42, 0.48, 0.41, 0.47, 0.41, 0.46, 0.39, 0.42, 0.41, 0.46, 0.46, 0.38, 0.47, 0.43, 0.47, 0.42, 0.46, 0.46, 0.40, 0.48, 0.43, 0.36, 0.44, 0.38, 0.40

    accuracy, precision, recall, f_score
mv: 0.4974, 0.4944, 0.4648, 0.4660
wv: 0.5008, 0.4976, 0.4675, 0.4679
fs: 0.4534, 0.4607, 0.4316, 0.4347
rl: 0.5330, 0.5361, 0.5014, 0.5053

fs avg size: 4.75000, rl avg size: 41.45129
full test avg accu: 0.44798, test avg accu: 0.44793

training takes 30819.359 sec
