{'dataset': 'cmc', 'algorithm': 'ptdqn', 'num_clf': 50, 'num_training': 350000, 'learning_rate': 0.1, 'discount_factor': 1.0, 'epsilon': 0.1, 'random_state': 106, 'portion': 0.5, 'sequential': False}
(1473, 22)
reading data takes 5.862 sec
number of labels: 3

Running iteration 1 of 10 fold...
[42, 0, 38, 3]
using cpu
using cpu
    accuracy, precision, recall, f_score
max0: 0.472097, 0.478110, 0.454189, 0.454143

    accuracy, precision, recall, f_score
max3: 0.492447, 0.500173, 0.468785, 0.468666

    accuracy, precision, recall, f_score
max1: 0.486486, 0.488436, 0.480463, 0.482176


min loss: 0.006, episode: 174000
max accu: 0.486, episode: 280000

35.40 classifiers used
    accuracy, precision, recall, f_score
mv: 0.378378, 0.356800, 0.348225, 0.339419
wv: 0.418919, 0.439600, 0.388390, 0.378687
fs: 0.432432, 0.434729, 0.419622, 0.422243
rl: 0.486486, 0.488436, 0.480463, 0.482176

0.42772247360482646
0.38, 0.38, 0.41, 0.41, 0.41, 0.39, 0.40, 0.40, 0.38, 0.41, 0.39, 0.42, 0.44, 0.41, 0.39, 0.41, 0.40, 0.44, 0.43, 0.40, 0.43, 0.40, 0.37, 0.38, 0.44, 0.40, 0.42, 0.45, 0.43, 0.44, 0.43, 0.39, 0.43, 0.40, 0.47, 0.45, 0.41, 0.41, 0.47, 0.44, 0.45, 0.43, 0.48, 0.47, 0.45, 0.46, 0.44, 0.47, 0.44, 0.48

0.43570996978851967
0.38, 0.38, 0.41, 0.42, 0.39, 0.39, 0.38, 0.39, 0.38, 0.42, 0.39, 0.42, 0.45, 0.40, 0.37, 0.44, 0.40, 0.45, 0.45, 0.39, 0.42, 0.41, 0.36, 0.37, 0.46, 0.40, 0.40, 0.49, 0.42, 0.45, 0.44, 0.40, 0.43, 0.41, 0.47, 0.49, 0.43, 0.41, 0.49, 0.46, 0.47, 0.45, 0.48, 0.49, 0.45, 0.48, 0.50, 0.49, 0.49, 0.53

0.41608108108108105
0.40, 0.40, 0.39, 0.39, 0.43, 0.44, 0.41, 0.38, 0.35, 0.44, 0.39, 0.39, 0.43, 0.45, 0.42, 0.39, 0.42, 0.39, 0.38, 0.37, 0.39, 0.43, 0.45, 0.44, 0.36, 0.36, 0.39, 0.40, 0.41, 0.41, 0.37, 0.35, 0.41, 0.35, 0.43, 0.42, 0.39, 0.41, 0.42, 0.39, 0.44, 0.37, 0.44, 0.47, 0.43, 0.45, 0.47, 0.47, 0.43, 0.51

0.39608108108108114
0.39, 0.39, 0.43, 0.38, 0.40, 0.41, 0.37, 0.42, 0.40, 0.39, 0.41, 0.42, 0.41, 0.33, 0.42, 0.41, 0.40, 0.39, 0.39, 0.36, 0.32, 0.41, 0.41, 0.37, 0.41, 0.40, 0.36, 0.33, 0.43, 0.42, 0.40, 0.39, 0.32, 0.42, 0.41, 0.33, 0.41, 0.41, 0.38, 0.38, 0.41, 0.41, 0.40, 0.37, 0.41, 0.41, 0.37, 0.37, 0.39, 0.39


Running iteration 2 of 10 fold...
[49, 0, 34, 20, 6, 26]
using cpu
using cpu
    accuracy, precision, recall, f_score
max0: 0.438914, 0.431856, 0.423060, 0.418820

    accuracy, precision, recall, f_score
max3: 0.441088, 0.432349, 0.421337, 0.416396

    accuracy, precision, recall, f_score
max1: 0.527027, 0.525819, 0.492593, 0.481564


min loss: 0.005, episode: 161000
max accu: 0.527, episode: 330000

3.27 classifiers used
    accuracy, precision, recall, f_score
mv: 0.520270, 0.497951, 0.475412, 0.450632
wv: 0.493243, 0.478385, 0.430864, 0.428520
fs: 0.486486, 0.475236, 0.419805, 0.419667
rl: 0.527027, 0.525819, 0.492593, 0.481564

0.4184615384615384
0.41, 0.39, 0.41, 0.40, 0.39, 0.38, 0.39, 0.38, 0.41, 0.39, 0.40, 0.37, 0.40, 0.39, 0.39, 0.40, 0.39, 0.41, 0.41, 0.41, 0.39, 0.42, 0.37, 0.41, 0.41, 0.38, 0.41, 0.41, 0.38, 0.40, 0.44, 0.38, 0.44, 0.41, 0.47, 0.44, 0.44, 0.45, 0.43, 0.46, 0.45, 0.43, 0.44, 0.42, 0.44, 0.43, 0.41, 0.44, 0.45, 0.47

0.4300302114803625
0.40, 0.37, 0.40, 0.40, 0.38, 0.39, 0.38, 0.42, 0.42, 0.41, 0.40, 0.41, 0.40, 0.37, 0.40, 0.38, 0.42, 0.41, 0.43, 0.43, 0.41, 0.45, 0.38, 0.43, 0.44, 0.42, 0.41, 0.42, 0.42, 0.41, 0.47, 0.37, 0.43, 0.42, 0.50, 0.44, 0.45, 0.47, 0.46, 0.50, 0.47, 0.45, 0.48, 0.45, 0.43, 0.43, 0.42, 0.48, 0.45, 0.49

0.4270270270270271
0.46, 0.44, 0.45, 0.42, 0.43, 0.35, 0.43, 0.35, 0.43, 0.38, 0.43, 0.35, 0.43, 0.47, 0.43, 0.46, 0.40, 0.41, 0.41, 0.43, 0.41, 0.45, 0.42, 0.39, 0.41, 0.37, 0.47, 0.43, 0.39, 0.38, 0.47, 0.36, 0.45, 0.41, 0.48, 0.45, 0.43, 0.50, 0.41, 0.41, 0.36, 0.43, 0.45, 0.45, 0.43, 0.40, 0.41, 0.41, 0.45, 0.45

0.45972972972972975
0.44, 0.41, 0.5, 0.48, 0.5, 0.5, 0.46, 0.5, 0.47, 0.39, 0.42, 0.50, 0.38, 0.48, 0.5, 0.47, 0.41, 0.45, 0.47, 0.43, 0.45, 0.46, 0.48, 0.43, 0.47, 0.43, 0.5, 0.46, 0.47, 0.47, 0.47, 0.50, 0.48, 0.47, 0.45, 0.43, 0.45, 0.46, 0.43, 0.49, 0.45, 0.44, 0.42, 0.41, 0.43, 0.44, 0.45, 0.36, 0.46, 0.44


Running iteration 3 of 10 fold...
[39, 0, 35, 10]
using cpu
using cpu
    accuracy, precision, recall, f_score
max0: 0.470588, 0.458323, 0.435816, 0.432159

    accuracy, precision, recall, f_score
max3: 0.489426, 0.476536, 0.451334, 0.446906

    accuracy, precision, recall, f_score
max1: 0.486486, 0.464532, 0.446862, 0.439184


min loss: 0.005, episode: 199000
max accu: 0.486, episode: 20000

3.05 classifiers used
    accuracy, precision, recall, f_score
mv: 0.445946, 0.411164, 0.395978, 0.375470
wv: 0.472973, 0.448309, 0.417913, 0.407880
fs: 0.479730, 0.470365, 0.449155, 0.449478
rl: 0.486486, 0.464532, 0.446862, 0.439184

0.4198793363499245
0.38, 0.40, 0.41, 0.41, 0.43, 0.41, 0.39, 0.40, 0.41, 0.39, 0.40, 0.40, 0.41, 0.42, 0.41, 0.42, 0.42, 0.40, 0.38, 0.40, 0.40, 0.42, 0.41, 0.38, 0.39, 0.40, 0.42, 0.40, 0.38, 0.44, 0.44, 0.39, 0.41, 0.41, 0.42, 0.46, 0.42, 0.43, 0.42, 0.48, 0.47, 0.41, 0.43, 0.43, 0.45, 0.44, 0.42, 0.41, 0.46, 0.42

0.4166163141993958
0.38, 0.38, 0.36, 0.40, 0.39, 0.40, 0.43, 0.38, 0.38, 0.41, 0.41, 0.35, 0.36, 0.37, 0.37, 0.39, 0.39, 0.42, 0.38, 0.40, 0.42, 0.42, 0.42, 0.41, 0.38, 0.40, 0.42, 0.41, 0.39, 0.45, 0.46, 0.42, 0.39, 0.44, 0.41, 0.45, 0.43, 0.47, 0.42, 0.50, 0.47, 0.41, 0.42, 0.42, 0.46, 0.46, 0.42, 0.40, 0.45, 0.42

0.4170270270270271
0.31, 0.35, 0.35, 0.33, 0.38, 0.33, 0.37, 0.34, 0.37, 0.35, 0.34, 0.33, 0.37, 0.37, 0.34, 0.37, 0.41, 0.45, 0.37, 0.43, 0.45, 0.41, 0.43, 0.45, 0.40, 0.39, 0.40, 0.49, 0.44, 0.48, 0.49, 0.47, 0.39, 0.47, 0.43, 0.5, 0.50, 0.45, 0.52, 0.47, 0.43, 0.46, 0.43, 0.40, 0.47, 0.43, 0.45, 0.45, 0.38, 0.41

0.41932432432432437
0.40, 0.34, 0.40, 0.37, 0.37, 0.35, 0.34, 0.37, 0.36, 0.37, 0.33, 0.35, 0.35, 0.37, 0.38, 0.45, 0.37, 0.45, 0.43, 0.45, 0.48, 0.43, 0.44, 0.46, 0.46, 0.45, 0.45, 0.41, 0.43, 0.43, 0.48, 0.43, 0.43, 0.43, 0.42, 0.44, 0.41, 0.41, 0.44, 0.42, 0.43, 0.40, 0.41, 0.44, 0.5, 0.40, 0.40, 0.47, 0.48, 0.44


Running iteration 4 of 10 fold...
[36, 0, 38, 35, 19, 39, 25, 5]
using cpu
using cpu
    accuracy, precision, recall, f_score
max0: 0.491704, 0.475949, 0.460630, 0.452559

    accuracy, precision, recall, f_score
max3: 0.501511, 0.489856, 0.480223, 0.471101

    accuracy, precision, recall, f_score
max1: 0.489796, 0.510204, 0.496711, 0.461279


min loss: 0.006, episode: 210000
max accu: 0.490, episode: 330000

4.67 classifiers used
    accuracy, precision, recall, f_score
mv: 0.421769, 0.478489, 0.452650, 0.385248
wv: 0.489796, 0.488409, 0.459053, 0.449526
fs: 0.462585, 0.475374, 0.447660, 0.435307
rl: 0.489796, 0.510204, 0.496711, 0.461279

0.4288084464555052
0.39, 0.42, 0.41, 0.41, 0.41, 0.40, 0.42, 0.40, 0.41, 0.38, 0.39, 0.40, 0.40, 0.38, 0.39, 0.40, 0.38, 0.41, 0.43, 0.42, 0.42, 0.42, 0.41, 0.44, 0.41, 0.43, 0.43, 0.42, 0.43, 0.39, 0.40, 0.44, 0.41, 0.39, 0.41, 0.47, 0.48, 0.43, 0.47, 0.46, 0.44, 0.44, 0.45, 0.44, 0.47, 0.47, 0.47, 0.44, 0.46, 0.47

0.4487613293051359
0.40, 0.46, 0.41, 0.43, 0.42, 0.40, 0.45, 0.42, 0.42, 0.41, 0.40, 0.43, 0.43, 0.41, 0.44, 0.43, 0.41, 0.42, 0.45, 0.46, 0.44, 0.44, 0.42, 0.47, 0.42, 0.47, 0.45, 0.45, 0.44, 0.42, 0.40, 0.47, 0.43, 0.42, 0.41, 0.47, 0.50, 0.46, 0.50, 0.49, 0.45, 0.43, 0.46, 0.48, 0.47, 0.47, 0.49, 0.47, 0.48, 0.48

0.43455782312925173
0.40, 0.42, 0.44, 0.38, 0.46, 0.49, 0.40, 0.46, 0.43, 0.46, 0.39, 0.45, 0.44, 0.35, 0.46, 0.40, 0.46, 0.38, 0.40, 0.42, 0.38, 0.40, 0.37, 0.41, 0.36, 0.38, 0.38, 0.40, 0.37, 0.43, 0.38, 0.40, 0.39, 0.41, 0.40, 0.44, 0.48, 0.42, 0.48, 0.48, 0.51, 0.48, 0.48, 0.51, 0.51, 0.46, 0.36, 0.51, 0.49, 0.51

0.4229931972789116
0.46, 0.36, 0.44, 0.37, 0.44, 0.39, 0.46, 0.43, 0.45, 0.38, 0.42, 0.42, 0.34, 0.38, 0.43, 0.44, 0.40, 0.36, 0.43, 0.45, 0.41, 0.37, 0.38, 0.39, 0.39, 0.38, 0.36, 0.41, 0.40, 0.40, 0.38, 0.39, 0.40, 0.35, 0.44, 0.42, 0.41, 0.42, 0.48, 0.42, 0.46, 0.46, 0.46, 0.48, 0.46, 0.44, 0.47, 0.48, 0.49, 0.46

    accuracy, precision, recall, f_score
mv: 0.441591, 0.436101, 0.418066, 0.387692
wv: 0.468733, 0.463676, 0.424055, 0.416153
fs: 0.465308, 0.463926, 0.434060, 0.431674
rl: 0.497449, 0.497248, 0.479157, 0.466051

fs avg size: 5.50000, rl avg size: 11.59911
full test avg accu: 0.42453, test avg accu: 0.42367

training takes 16191.834 sec
