{'dataset': 'cmc', 'algorithm': 'ptdqn', 'num_clf': 50, 'num_training': 350000, 'learning_rate': 0.1, 'discount_factor': 1.0, 'epsilon': 0.1, 'random_state': 8148, 'portion': 0.5, 'sequential': False}
(1473, 22)
reading data takes 5.786 sec
number of labels: 3

Running iteration 1 of 10 fold...
[33, 0, 17]
using cpu
using cpu
    accuracy, precision, recall, f_score
max0: 0.541478, 0.545785, 0.518343, 0.519195

    accuracy, precision, recall, f_score
max3: 0.564955, 0.569411, 0.540276, 0.541596

    accuracy, precision, recall, f_score
max1: 0.601351, 0.598297, 0.590882, 0.591087


min loss: 0.006, episode: 250000
max accu: 0.601, episode: 280000

41.55 classifiers used
    accuracy, precision, recall, f_score
mv: 0.608108, 0.607016, 0.598043, 0.597657
wv: 0.614865, 0.627310, 0.613200, 0.611374
fs: 0.574324, 0.569157, 0.558539, 0.557661
rl: 0.601351, 0.598297, 0.590882, 0.591087

0.4679336349924585
0.47, 0.50, 0.48, 0.43, 0.45, 0.48, 0.47, 0.35, 0.46, 0.49, 0.46, 0.44, 0.46, 0.48, 0.49, 0.45, 0.49, 0.51, 0.47, 0.35, 0.44, 0.46, 0.48, 0.45, 0.45, 0.48, 0.50, 0.43, 0.44, 0.50, 0.50, 0.44, 0.47, 0.54, 0.48, 0.45, 0.44, 0.50, 0.47, 0.42, 0.44, 0.53, 0.48, 0.42, 0.41, 0.47, 0.47, 0.43, 0.48, 0.52

0.4813293051359517
0.49, 0.51, 0.51, 0.45, 0.45, 0.47, 0.49, 0.34, 0.48, 0.50, 0.47, 0.46, 0.43, 0.52, 0.51, 0.45, 0.49, 0.53, 0.49, 0.34, 0.45, 0.48, 0.50, 0.45, 0.47, 0.50, 0.52, 0.45, 0.46, 0.51, 0.52, 0.45, 0.49, 0.55, 0.50, 0.45, 0.47, 0.51, 0.48, 0.44, 0.45, 0.54, 0.48, 0.45, 0.45, 0.48, 0.49, 0.43, 0.46, 0.54

0.5
0.47, 0.55, 0.54, 0.5, 0.42, 0.5, 0.54, 0.41, 0.52, 0.52, 0.51, 0.52, 0.53, 0.55, 0.56, 0.36, 0.48, 0.56, 0.52, 0.41, 0.43, 0.52, 0.52, 0.50, 0.50, 0.54, 0.47, 0.55, 0.43, 0.55, 0.53, 0.36, 0.47, 0.54, 0.52, 0.40, 0.48, 0.52, 0.51, 0.53, 0.47, 0.50, 0.54, 0.51, 0.44, 0.49, 0.47, 0.51, 0.46, 0.56

0.5021621621621623
0.41, 0.53, 0.45, 0.46, 0.43, 0.53, 0.53, 0.47, 0.45, 0.59, 0.52, 0.5, 0.44, 0.57, 0.47, 0.54, 0.58, 0.54, 0.46, 0.48, 0.45, 0.52, 0.5, 0.48, 0.52, 0.56, 0.47, 0.5, 0.41, 0.59, 0.45, 0.49, 0.42, 0.59, 0.52, 0.51, 0.45, 0.52, 0.50, 0.50, 0.47, 0.55, 0.45, 0.5, 0.51, 0.56, 0.49, 0.45, 0.46, 0.54


Running iteration 2 of 10 fold...
[33, 0, 5, 6, 48]
using cpu
using cpu
    accuracy, precision, recall, f_score
max0: 0.533937, 0.536998, 0.513001, 0.514894

    accuracy, precision, recall, f_score
max3: 0.561934, 0.562330, 0.534832, 0.536184

    accuracy, precision, recall, f_score
max1: 0.540541, 0.546014, 0.511501, 0.511437


min loss: 0.008, episode: 185000
max accu: 0.541, episode: 290000

26.53 classifiers used
    accuracy, precision, recall, f_score
mv: 0.500000, 0.513003, 0.487946, 0.484575
wv: 0.506757, 0.527778, 0.496344, 0.493186
fs: 0.540541, 0.551582, 0.519005, 0.520818
rl: 0.540541, 0.546014, 0.511501, 0.511437

0.4677224736048265
0.44, 0.52, 0.46, 0.43, 0.48, 0.54, 0.49, 0.39, 0.45, 0.51, 0.48, 0.39, 0.45, 0.51, 0.49, 0.43, 0.46, 0.50, 0.48, 0.42, 0.41, 0.51, 0.44, 0.42, 0.46, 0.48, 0.47, 0.43, 0.41, 0.50, 0.47, 0.42, 0.44, 0.54, 0.48, 0.42, 0.44, 0.50, 0.47, 0.39, 0.46, 0.51, 0.47, 0.42, 0.47, 0.51, 0.48, 0.42, 0.44, 0.53

0.4781873111782477
0.45, 0.52, 0.49, 0.43, 0.51, 0.55, 0.48, 0.41, 0.47, 0.53, 0.49, 0.42, 0.44, 0.50, 0.50, 0.46, 0.44, 0.53, 0.48, 0.43, 0.43, 0.52, 0.47, 0.43, 0.45, 0.47, 0.49, 0.45, 0.37, 0.53, 0.46, 0.44, 0.44, 0.57, 0.49, 0.46, 0.43, 0.52, 0.48, 0.40, 0.47, 0.52, 0.47, 0.43, 0.51, 0.54, 0.48, 0.43, 0.44, 0.53

0.45635135135135135
0.48, 0.55, 0.39, 0.39, 0.47, 0.43, 0.54, 0.39, 0.46, 0.47, 0.40, 0.38, 0.41, 0.52, 0.5, 0.38, 0.44, 0.50, 0.47, 0.39, 0.39, 0.53, 0.50, 0.40, 0.43, 0.44, 0.46, 0.41, 0.43, 0.49, 0.47, 0.42, 0.46, 0.52, 0.45, 0.39, 0.46, 0.49, 0.45, 0.37, 0.43, 0.48, 0.45, 0.42, 0.42, 0.52, 0.47, 0.44, 0.46, 0.54

0.4693243243243243
0.49, 0.52, 0.52, 0.41, 0.47, 0.52, 0.5, 0.37, 0.43, 0.46, 0.48, 0.40, 0.41, 0.45, 0.50, 0.41, 0.46, 0.49, 0.48, 0.42, 0.45, 0.53, 0.47, 0.40, 0.43, 0.45, 0.51, 0.41, 0.51, 0.51, 0.49, 0.37, 0.52, 0.56, 0.5, 0.33, 0.45, 0.52, 0.48, 0.43, 0.43, 0.43, 0.47, 0.38, 0.52, 0.55, 0.54, 0.41, 0.49, 0.47


Running iteration 3 of 10 fold...
[29, 0, 41, 8, 23]
using cpu
using cpu
    accuracy, precision, recall, f_score
max0: 0.553544, 0.560977, 0.548805, 0.541653

    accuracy, precision, recall, f_score
max3: 0.592145, 0.600946, 0.580338, 0.574843

    accuracy, precision, recall, f_score
max1: 0.621622, 0.620563, 0.605858, 0.605819


min loss: 0.007, episode: 204000
max accu: 0.622, episode: 180000

38.35 classifiers used
    accuracy, precision, recall, f_score
mv: 0.628378, 0.624503, 0.606471, 0.607916
wv: 0.581081, 0.579587, 0.561042, 0.559341
fs: 0.581081, 0.579830, 0.547034, 0.553603
rl: 0.621622, 0.620563, 0.605858, 0.605819

0.466998491704374
0.42, 0.49, 0.47, 0.43, 0.44, 0.50, 0.46, 0.43, 0.47, 0.53, 0.46, 0.41, 0.45, 0.47, 0.48, 0.42, 0.47, 0.48, 0.44, 0.43, 0.47, 0.52, 0.48, 0.42, 0.48, 0.51, 0.47, 0.36, 0.48, 0.53, 0.47, 0.42, 0.44, 0.50, 0.46, 0.40, 0.45, 0.49, 0.45, 0.42, 0.45, 0.53, 0.47, 0.42, 0.48, 0.50, 0.47, 0.42, 0.46, 0.52

0.4824773413897281
0.42, 0.51, 0.48, 0.46, 0.47, 0.53, 0.47, 0.46, 0.49, 0.56, 0.44, 0.40, 0.45, 0.47, 0.47, 0.44, 0.48, 0.52, 0.45, 0.45, 0.51, 0.55, 0.49, 0.45, 0.49, 0.54, 0.49, 0.37, 0.47, 0.58, 0.48, 0.43, 0.46, 0.51, 0.47, 0.39, 0.46, 0.54, 0.45, 0.45, 0.47, 0.55, 0.48, 0.44, 0.51, 0.51, 0.47, 0.42, 0.50, 0.53

0.4914864864864865
0.48, 0.49, 0.55, 0.45, 0.43, 0.54, 0.50, 0.42, 0.45, 0.54, 0.54, 0.43, 0.44, 0.47, 0.58, 0.43, 0.45, 0.53, 0.46, 0.45, 0.44, 0.52, 0.58, 0.46, 0.47, 0.53, 0.50, 0.39, 0.48, 0.54, 0.52, 0.45, 0.5, 0.48, 0.53, 0.35, 0.43, 0.55, 0.52, 0.45, 0.5, 0.52, 0.51, 0.45, 0.46, 0.52, 0.56, 0.48, 0.45, 0.56

0.4951351351351352
0.48, 0.50, 0.47, 0.46, 0.46, 0.54, 0.55, 0.44, 0.56, 0.52, 0.54, 0.45, 0.39, 0.52, 0.49, 0.38, 0.47, 0.52, 0.54, 0.43, 0.47, 0.57, 0.49, 0.46, 0.43, 0.50, 0.55, 0.47, 0.48, 0.52, 0.55, 0.43, 0.47, 0.54, 0.52, 0.45, 0.48, 0.56, 0.53, 0.39, 0.45, 0.54, 0.54, 0.45, 0.39, 0.54, 0.52, 0.45, 0.51, 0.54

    accuracy, precision, recall, f_score
mv: 0.578829, 0.581507, 0.564153, 0.563383
wv: 0.567568, 0.578225, 0.556862, 0.554633
fs: 0.565315, 0.566856, 0.541526, 0.544027
rl: 0.587838, 0.588291, 0.569414, 0.569448

fs avg size: 4.33333, rl avg size: 35.47973
full test avg accu: 0.48887, test avg accu: 0.48261

training takes 11647.794 sec
