{'dataset': 'cmc', 'algorithm': 'ptdqn', 'num_clf': 100, 'num_training': 400000, 'learning_rate': 0.1, 'discount_factor': 1.0, 'epsilon': 0.1, 'random_state': 962, 'portion': 0.5, 'sequential': False}
(1473, 22)
reading data takes 5.761 sec
number of labels: 3

Running iteration 1 of 10 fold...
[62, 0, 29, 36, 4, 33]
using cpu
using cpu
    accuracy, precision, recall, f_score
max0: 0.5219, 0.5166, 0.5026, 0.5024

    accuracy, precision, recall, f_score
max3: 0.5287, 0.5239, 0.5105, 0.5107

    accuracy, precision, recall, f_score
max1: 0.6014, 0.6057, 0.5962, 0.5952


min loss: 0.004, episode: 189000
max accu: 0.601, episode: 10000

35.61 classifiers used
    accuracy, precision, recall, f_score
mv: 0.5743, 0.5793, 0.5680, 0.5653
wv: 0.5878, 0.6248, 0.5946, 0.5824
fs: 0.5338, 0.5297, 0.5129, 0.5136
rl: 0.6014, 0.6057, 0.5962, 0.5952

0.47270270270270265
0.41, 0.51, 0.49, 0.47, 0.5, 0.52, 0.51, 0.43, 0.41, 0.52, 0.48, 0.44, 0.45, 0.50, 0.58, 0.47, 0.47, 0.54, 0.43, 0.39, 0.46, 0.55, 0.44, 0.42, 0.43, 0.54, 0.47, 0.41, 0.43, 0.47, 0.49, 0.39, 0.37, 0.51, 0.47, 0.37, 0.52, 0.54, 0.41, 0.40, 0.45, 0.56, 0.54, 0.35, 0.47, 0.52, 0.41, 0.40, 0.43, 0.56, 0.46, 0.39, 0.43, 0.49, 0.52, 0.39, 0.5, 0.55, 0.49, 0.40, 0.53, 0.54, 0.53, 0.41, 0.46, 0.45, 0.50, 0.37, 0.45, 0.52, 0.47, 0.37, 0.49, 0.56, 0.52, 0.43, 0.50, 0.53, 0.47, 0.45, 0.41, 0.50, 0.48, 0.42, 0.47, 0.51, 0.49, 0.45, 0.46, 0.50, 0.48, 0.44, 0.41, 0.5, 0.47, 0.45, 0.48, 0.55, 0.39, 0.42

0.46567567567567564
0.48, 0.46, 0.5, 0.39, 0.43, 0.54, 0.48, 0.43, 0.45, 0.47, 0.51, 0.41, 0.41, 0.48, 0.53, 0.43, 0.43, 0.50, 0.46, 0.41, 0.47, 0.49, 0.43, 0.43, 0.48, 0.52, 0.52, 0.42, 0.48, 0.54, 0.47, 0.39, 0.41, 0.54, 0.5, 0.42, 0.49, 0.47, 0.53, 0.42, 0.47, 0.50, 0.46, 0.42, 0.43, 0.5, 0.45, 0.43, 0.5, 0.58, 0.47, 0.43, 0.47, 0.54, 0.5, 0.41, 0.43, 0.50, 0.41, 0.42, 0.43, 0.48, 0.5, 0.39, 0.45, 0.53, 0.46, 0.37, 0.43, 0.54, 0.43, 0.40, 0.44, 0.50, 0.48, 0.39, 0.50, 0.52, 0.45, 0.38, 0.41, 0.44, 0.41, 0.41, 0.45, 0.57, 0.47, 0.39, 0.42, 0.49, 0.49, 0.39, 0.45, 0.56, 0.43, 0.45, 0.40, 0.59, 0.45, 0.36


Running iteration 2 of 10 fold...
[73, 0, 61, 18, 20, 60]
using cpu
using cpu
    accuracy, precision, recall, f_score
max0: 0.5339, 0.5227, 0.4996, 0.4989

    accuracy, precision, recall, f_score
max3: 0.5347, 0.5274, 0.5056, 0.5034

    accuracy, precision, recall, f_score
max1: 0.5676, 0.5564, 0.5302, 0.5298


min loss: 0.004, episode: 248000
max accu: 0.568, episode: 380000

26.08 classifiers used
    accuracy, precision, recall, f_score
mv: 0.5000, 0.4987, 0.4966, 0.4823
wv: 0.5338, 0.5576, 0.5411, 0.5183
fs: 0.5405, 0.5333, 0.5260, 0.5246
rl: 0.5676, 0.5564, 0.5302, 0.5298

0.4718243243243243
0.41, 0.53, 0.50, 0.37, 0.54, 0.51, 0.45, 0.39, 0.44, 0.54, 0.51, 0.41, 0.41, 0.49, 0.53, 0.45, 0.43, 0.47, 0.51, 0.38, 0.42, 0.5, 0.54, 0.43, 0.41, 0.49, 0.54, 0.49, 0.45, 0.44, 0.50, 0.38, 0.42, 0.45, 0.51, 0.43, 0.49, 0.49, 0.51, 0.44, 0.48, 0.52, 0.54, 0.37, 0.43, 0.53, 0.54, 0.42, 0.47, 0.48, 0.53, 0.47, 0.46, 0.52, 0.53, 0.41, 0.44, 0.48, 0.47, 0.38, 0.48, 0.53, 0.47, 0.41, 0.51, 0.51, 0.45, 0.36, 0.43, 0.51, 0.51, 0.39, 0.48, 0.53, 0.52, 0.42, 0.42, 0.53, 0.52, 0.43, 0.45, 0.52, 0.50, 0.43, 0.47, 0.47, 0.55, 0.45, 0.45, 0.46, 0.52, 0.33, 0.45, 0.51, 0.47, 0.37, 0.44, 0.46, 0.49, 0.43

0.4755405405405405
0.44, 0.52, 0.51, 0.37, 0.43, 0.47, 0.5, 0.40, 0.49, 0.55, 0.5, 0.40, 0.47, 0.5, 0.5, 0.46, 0.49, 0.50, 0.50, 0.43, 0.39, 0.46, 0.55, 0.34, 0.47, 0.52, 0.54, 0.44, 0.45, 0.48, 0.5, 0.48, 0.44, 0.51, 0.52, 0.41, 0.53, 0.43, 0.52, 0.45, 0.48, 0.43, 0.50, 0.43, 0.46, 0.56, 0.53, 0.41, 0.46, 0.48, 0.5, 0.43, 0.44, 0.48, 0.54, 0.42, 0.54, 0.61, 0.50, 0.43, 0.48, 0.52, 0.54, 0.35, 0.43, 0.47, 0.51, 0.38, 0.46, 0.5, 0.49, 0.43, 0.47, 0.44, 0.50, 0.43, 0.43, 0.51, 0.49, 0.40, 0.47, 0.42, 0.49, 0.38, 0.50, 0.5, 0.47, 0.47, 0.53, 0.58, 0.52, 0.39, 0.49, 0.44, 0.49, 0.38, 0.47, 0.45, 0.51, 0.43


Running iteration 3 of 10 fold...
[5, 0, 98, 77, 6, 93, 2, 1, 36, 10]
using cpu
using cpu
    accuracy, precision, recall, f_score
max0: 0.5008, 0.4941, 0.4710, 0.4727

    accuracy, precision, recall, f_score
max3: 0.5196, 0.5134, 0.4922, 0.4917

    accuracy, precision, recall, f_score
max1: 0.5676, 0.5669, 0.5286, 0.5345


min loss: 0.005, episode: 205000
max accu: 0.568, episode: 180000

1.93 classifiers used
    accuracy, precision, recall, f_score
mv: 0.5608, 0.5714, 0.5446, 0.5373
wv: 0.5270, 0.5494, 0.5221, 0.5096
fs: 0.5676, 0.5580, 0.5172, 0.5177
rl: 0.5676, 0.5669, 0.5286, 0.5345

0.47033783783783784
0.39, 0.48, 0.52, 0.41, 0.45, 0.56, 0.5, 0.43, 0.47, 0.49, 0.49, 0.35, 0.47, 0.55, 0.5, 0.45, 0.45, 0.55, 0.47, 0.43, 0.44, 0.52, 0.49, 0.37, 0.47, 0.5, 0.41, 0.38, 0.52, 0.53, 0.48, 0.41, 0.47, 0.52, 0.45, 0.39, 0.53, 0.51, 0.47, 0.42, 0.44, 0.52, 0.45, 0.45, 0.45, 0.49, 0.53, 0.45, 0.41, 0.48, 0.50, 0.36, 0.39, 0.54, 0.47, 0.39, 0.47, 0.54, 0.46, 0.40, 0.5, 0.49, 0.5, 0.43, 0.53, 0.41, 0.50, 0.45, 0.41, 0.52, 0.52, 0.46, 0.49, 0.51, 0.47, 0.43, 0.41, 0.56, 0.48, 0.35, 0.44, 0.53, 0.45, 0.43, 0.49, 0.50, 0.47, 0.39, 0.42, 0.50, 0.50, 0.44, 0.43, 0.52, 0.47, 0.44, 0.42, 0.47, 0.5, 0.43

0.48
0.49, 0.56, 0.47, 0.39, 0.49, 0.54, 0.5, 0.43, 0.43, 0.52, 0.49, 0.44, 0.43, 0.48, 0.47, 0.39, 0.45, 0.5, 0.48, 0.43, 0.45, 0.52, 0.45, 0.35, 0.46, 0.51, 0.39, 0.46, 0.50, 0.58, 0.48, 0.38, 0.47, 0.49, 0.54, 0.43, 0.49, 0.52, 0.45, 0.45, 0.47, 0.54, 0.5, 0.35, 0.47, 0.55, 0.47, 0.43, 0.48, 0.55, 0.50, 0.43, 0.47, 0.50, 0.49, 0.39, 0.45, 0.54, 0.49, 0.37, 0.54, 0.53, 0.53, 0.44, 0.52, 0.56, 0.50, 0.41, 0.54, 0.54, 0.50, 0.35, 0.46, 0.52, 0.49, 0.44, 0.47, 0.54, 0.54, 0.47, 0.48, 0.48, 0.45, 0.37, 0.45, 0.57, 0.47, 0.43, 0.47, 0.49, 0.50, 0.38, 0.50, 0.53, 0.48, 0.37, 0.47, 0.53, 0.52, 0.46


Running iteration 4 of 10 fold...
[49, 0, 9]
using cpu
using cpu
    accuracy, precision, recall, f_score
max0: 0.5490, 0.5571, 0.5319, 0.5299

    accuracy, precision, recall, f_score
max3: 0.5287, 0.5333, 0.5125, 0.5090

    accuracy, precision, recall, f_score
max1: 0.5714, 0.5873, 0.5561, 0.5415


min loss: 0.004, episode: 218000
max accu: 0.571, episode: 400000

13.77 classifiers used
    accuracy, precision, recall, f_score
mv: 0.4830, 0.5446, 0.5148, 0.4763
wv: 0.4626, 0.5280, 0.4980, 0.4577
fs: 0.5170, 0.5422, 0.5240, 0.5032
rl: 0.5714, 0.5873, 0.5561, 0.5415

0.4487074829931973
0.40, 0.51, 0.41, 0.33, 0.42, 0.49, 0.51, 0.31, 0.40, 0.54, 0.44, 0.36, 0.40, 0.49, 0.49, 0.33, 0.46, 0.58, 0.43, 0.44, 0.44, 0.48, 0.46, 0.36, 0.42, 0.53, 0.48, 0.36, 0.45, 0.51, 0.48, 0.20, 0.42, 0.60, 0.46, 0.36, 0.43, 0.47, 0.48, 0.34, 0.42, 0.54, 0.54, 0.35, 0.44, 0.51, 0.49, 0.34, 0.41, 0.54, 0.52, 0.29, 0.46, 0.52, 0.48, 0.36, 0.41, 0.49, 0.48, 0.25, 0.40, 0.48, 0.49, 0.34, 0.42, 0.48, 0.50, 0.36, 0.44, 0.48, 0.48, 0.40, 0.51, 0.50, 0.46, 0.37, 0.43, 0.52, 0.46, 0.39, 0.49, 0.57, 0.53, 0.39, 0.44, 0.51, 0.53, 0.40, 0.49, 0.51, 0.48, 0.33, 0.48, 0.49, 0.44, 0.35, 0.42, 0.51, 0.44, 0.36

0.4434013605442177
0.48, 0.51, 0.44, 0.35, 0.42, 0.53, 0.48, 0.36, 0.46, 0.52, 0.48, 0.35, 0.42, 0.52, 0.55, 0.25, 0.39, 0.51, 0.49, 0.23, 0.45, 0.51, 0.46, 0.36, 0.42, 0.47, 0.48, 0.41, 0.39, 0.56, 0.51, 0.34, 0.39, 0.57, 0.48, 0.34, 0.47, 0.53, 0.49, 0.34, 0.44, 0.55, 0.47, 0.40, 0.39, 0.55, 0.46, 0.34, 0.41, 0.53, 0.51, 0.35, 0.44, 0.46, 0.46, 0.32, 0.40, 0.51, 0.43, 0.38, 0.40, 0.52, 0.47, 0.39, 0.42, 0.57, 0.42, 0.37, 0.33, 0.51, 0.40, 0.21, 0.50, 0.50, 0.42, 0.38, 0.46, 0.51, 0.44, 0.34, 0.43, 0.52, 0.52, 0.34, 0.42, 0.50, 0.45, 0.37, 0.40, 0.49, 0.44, 0.38, 0.41, 0.50, 0.48, 0.35, 0.40, 0.55, 0.50, 0.36

    accuracy, precision, recall, f_score
mv: 0.5295, 0.5485, 0.5310, 0.5153
wv: 0.5278, 0.5649, 0.5390, 0.5170
fs: 0.5397, 0.5408, 0.5200, 0.5148
rl: 0.5770, 0.5791, 0.5528, 0.5503

fs avg size: 6.25000, rl avg size: 19.34927
full test avg accu: 0.46615, test avg accu: 0.46589

training takes 41312.781 sec
