{'dataset': 'breast_w', 'algorithm': 'ptdqn', 'num_clf': 100, 'num_training': 400000, 'learning_rate': 0.1, 'discount_factor': 1.0, 'epsilon': 0.1, 'random_state': 5019, 'portion': 0.5, 'sequential': False}
(699, 10)
reading data takes 0.309 sec
number of labels: 2

Running iteration 1 of 10 fold...
[73, 0]
using cpu
using cpu
    accuracy, precision, recall, f_score
max0: 0.9619, 0.9626, 0.9614, 0.9565

    accuracy, precision, recall, f_score
max3: 0.9873, 0.9878, 0.9907, 0.9853

    accuracy, precision, recall, f_score
max1: 1.0000, 1.0000, 1.0000, 1.0000


min loss: 0.009, episode: 269000
max accu: 1.000, episode: 230000

3.33 classifiers used
    accuracy, precision, recall, f_score
mv: 1.0000, 1.0000, 1.0000, 1.0000
wv: 1.0000, 1.0000, 1.0000, 1.0000
fs: 0.9714, 0.9714, 0.9683, 0.9683
rl: 1.0000, 1.0000, 1.0000, 1.0000

0.9635714285714286
0.97, 0.97, 0.98, 0.97, 0.94, 0.95, 0.98, 0.95, 0.92, 0.98, 1.0, 0.97, 0.95, 0.97, 0.98, 0.97, 0.94, 0.94, 0.97, 0.97, 0.95, 0.97, 0.97, 0.97, 0.95, 0.95, 0.97, 0.97, 0.88, 0.97, 0.97, 0.97, 0.94, 0.97, 0.97, 0.97, 0.94, 0.95, 1.0, 0.97, 0.9, 0.98, 0.97, 0.97, 0.91, 0.97, 0.97, 0.97, 0.91, 0.97, 0.97, 0.97, 0.91, 0.98, 0.97, 0.97, 1.0, 0.95, 0.95, 0.97, 0.94, 0.97, 0.98, 0.97, 0.9, 0.98, 0.95, 0.97, 0.94, 0.97, 0.97, 0.97, 0.95, 0.97, 0.97, 0.95, 0.91, 0.97, 0.97, 0.97, 0.97, 0.94, 0.98, 0.97, 0.94, 0.97, 0.97, 0.97, 0.95, 0.97, 0.92, 0.97, 0.95, 0.97, 0.98, 0.97, 0.94, 0.98, 0.97, 0.97

0.9635714285714289
0.97, 0.95, 0.97, 0.97, 0.92, 0.97, 0.98, 0.97, 0.94, 0.98, 0.95, 0.97, 0.94, 0.95, 0.95, 0.97, 0.88, 0.98, 0.98, 0.97, 0.91, 0.97, 0.97, 0.97, 0.94, 0.94, 0.98, 0.97, 0.92, 0.98, 0.97, 0.97, 0.95, 0.97, 0.98, 0.97, 0.95, 0.98, 0.97, 0.97, 0.95, 1.0, 0.98, 0.97, 0.94, 0.97, 0.97, 0.97, 0.87, 0.94, 0.97, 0.97, 0.98, 0.98, 0.98, 0.97, 0.94, 0.95, 0.95, 0.97, 0.87, 0.97, 0.98, 0.97, 0.97, 0.97, 0.97, 0.97, 0.94, 0.97, 0.98, 0.97, 0.95, 0.97, 0.98, 0.97, 0.95, 0.97, 0.92, 0.97, 0.94, 0.97, 0.98, 0.97, 0.85, 0.97, 0.97, 0.97, 0.94, 0.97, 0.97, 0.97, 1.0, 0.97, 0.97, 0.97, 0.92, 0.97, 0.97, 0.97


Running iteration 2 of 10 fold...
[6, 0, 22, 29, 12, 1, 37, 3, 2, 7, 41, 11, 42, 15, 74, 19, 78, 23, 81, 24, 90, 27]
using cpu
using cpu
    accuracy, precision, recall, f_score
max0: 0.9683, 0.9689, 0.9688, 0.9639

    accuracy, precision, recall, f_score
max3: 0.9809, 0.9820, 0.9862, 0.9779

    accuracy, precision, recall, f_score
max1: 0.9714, 0.9714, 0.9689, 0.9689


min loss: 0.006, episode: 285000
max accu: 0.971, episode: 20000

7.67 classifiers used
    accuracy, precision, recall, f_score
mv: 0.9429, 0.9434, 0.9289, 0.9366
wv: 0.9571, 0.9572, 0.9489, 0.9529
fs: 0.9429, 0.9434, 0.9289, 0.9366
rl: 0.9714, 0.9714, 0.9689, 0.9689

0.9390000000000001
0.91, 0.95, 0.94, 0.97, 0.94, 0.94, 0.94, 0.97, 0.91, 0.95, 0.94, 0.95, 0.91, 0.94, 0.94, 0.97, 0.94, 0.92, 0.92, 0.95, 0.94, 0.92, 0.94, 0.94, 0.94, 0.9, 0.94, 0.95, 0.91, 0.91, 0.92, 0.94, 0.85, 0.94, 0.92, 0.97, 0.91, 0.94, 0.92, 0.94, 0.92, 0.9, 0.91, 0.97, 0.91, 0.91, 0.94, 0.95, 0.95, 0.92, 0.92, 0.97, 0.88, 0.94, 0.94, 0.95, 0.95, 0.94, 0.92, 0.94, 0.94, 0.98, 0.94, 0.92, 0.97, 0.94, 0.94, 0.97, 0.95, 0.95, 0.94, 0.94, 0.91, 0.92, 0.92, 0.95, 0.92, 0.91, 0.94, 0.95, 0.92, 0.92, 0.94, 0.94, 0.91, 0.92, 0.94, 0.97, 0.94, 0.94, 0.92, 0.97, 0.88, 0.91, 0.92, 0.97, 0.9, 0.97, 0.94, 0.95

0.940714285714286
0.88, 0.94, 0.88, 0.95, 0.92, 0.94, 0.94, 0.95, 0.94, 0.95, 0.94, 0.95, 0.94, 0.95, 0.92, 0.94, 0.91, 0.92, 0.94, 0.94, 0.9, 0.94, 0.92, 0.94, 0.92, 0.97, 0.94, 0.95, 0.87, 0.92, 0.94, 0.95, 0.92, 0.95, 0.94, 0.95, 0.94, 0.92, 0.94, 0.94, 0.92, 0.94, 0.92, 0.95, 0.94, 0.94, 0.92, 0.94, 0.94, 0.91, 0.94, 0.95, 0.92, 0.92, 0.91, 0.95, 0.94, 0.97, 0.94, 0.94, 0.92, 0.92, 0.94, 0.95, 0.91, 0.97, 0.92, 0.95, 0.92, 0.94, 0.94, 0.97, 0.91, 0.97, 0.92, 0.95, 0.91, 0.95, 0.92, 0.95, 0.94, 0.94, 0.94, 0.94, 0.95, 0.94, 0.94, 0.94, 0.95, 0.97, 0.91, 0.95, 0.94, 0.92, 0.94, 0.95, 0.97, 0.92, 0.92, 0.97


Running iteration 3 of 10 fold...
[21, 0, 9, 8, 23, 6]
using cpu
using cpu
    accuracy, precision, recall, f_score
max0: 0.9587, 0.9590, 0.9439, 0.9520

    accuracy, precision, recall, f_score
max3: 0.9809, 0.9809, 0.9733, 0.9765

    accuracy, precision, recall, f_score
max1: 0.9429, 0.9507, 0.9556, 0.9397


min loss: 0.007, episode: 279000
max accu: 0.943, episode: 20000

3.43 classifiers used
    accuracy, precision, recall, f_score
mv: 0.9429, 0.9507, 0.9556, 0.9397
wv: 0.9429, 0.9507, 0.9556, 0.9397
fs: 0.9429, 0.9507, 0.9556, 0.9397
rl: 0.9429, 0.9507, 0.9556, 0.9397

0.9341428571428569
0.9, 0.91, 0.94, 0.94, 0.94, 0.91, 0.92, 0.94, 0.85, 0.95, 0.95, 0.94, 0.91, 0.88, 0.94, 0.94, 0.91, 0.95, 0.94, 0.94, 0.95, 0.91, 0.95, 0.94, 0.92, 0.91, 0.94, 0.92, 0.91, 0.92, 0.95, 0.94, 0.9, 0.92, 0.94, 0.92, 0.92, 0.92, 0.94, 0.94, 0.9, 0.97, 0.94, 0.94, 0.92, 0.94, 0.94, 0.94, 0.9, 0.91, 0.95, 0.94, 0.92, 0.94, 0.95, 0.94, 0.94, 0.95, 0.94, 0.94, 0.91, 0.91, 0.94, 0.92, 0.91, 0.94, 0.95, 0.94, 0.91, 0.92, 0.94, 0.94, 0.92, 0.94, 0.94, 0.92, 0.91, 0.92, 0.94, 0.94, 0.92, 0.92, 0.94, 0.94, 0.9, 0.92, 0.95, 0.94, 0.92, 0.94, 0.94, 0.94, 0.9, 0.94, 0.94, 0.94, 0.91, 0.95, 0.94, 0.94

0.9345714285714286
0.92, 0.94, 0.94, 0.94, 0.9, 0.94, 0.95, 0.94, 0.9, 0.95, 0.92, 0.94, 0.91, 0.92, 0.94, 0.94, 0.9, 0.94, 0.94, 0.94, 0.88, 0.92, 0.95, 0.94, 0.91, 0.94, 0.95, 0.94, 0.94, 0.94, 0.94, 0.92, 0.94, 0.94, 0.92, 0.94, 0.92, 0.95, 0.94, 0.94, 0.91, 0.94, 0.94, 0.94, 0.94, 0.94, 0.92, 0.92, 0.88, 0.92, 0.94, 0.94, 0.9, 0.92, 0.94, 0.92, 0.91, 0.92, 0.95, 0.94, 0.9, 0.94, 0.92, 0.94, 0.9, 0.94, 0.94, 0.92, 0.92, 0.92, 0.94, 0.92, 0.92, 0.91, 0.95, 0.94, 0.95, 0.92, 0.95, 0.94, 0.9, 0.92, 0.94, 0.94, 0.95, 0.92, 0.95, 0.94, 0.88, 0.92, 0.94, 0.94, 0.94, 0.94, 0.95, 0.92, 0.92, 0.91, 0.94, 0.94


Running iteration 4 of 10 fold...
[53, 0, 21, 25, 52, 3, 45, 68]
using cpu
using cpu
    accuracy, precision, recall, f_score
max0: 0.9492, 0.9548, 0.9600, 0.9436

    accuracy, precision, recall, f_score
max3: 0.9554, 0.9617, 0.9693, 0.9465

    accuracy, precision, recall, f_score
max1: 0.9429, 0.9451, 0.9466, 0.9405


min loss: 0.007, episode: 276000
max accu: 0.943, episode: 30000

2.17 classifiers used
    accuracy, precision, recall, f_score
mv: 0.9429, 0.9451, 0.9466, 0.9405
wv: 0.9429, 0.9451, 0.9466, 0.9405
fs: 0.9571, 0.9578, 0.9582, 0.9551
rl: 0.9429, 0.9451, 0.9466, 0.9405

0.9318571428571429
0.88, 0.94, 0.94, 0.94, 0.88, 0.94, 0.94, 0.94, 0.91, 0.92, 0.97, 0.94, 0.92, 0.94, 0.94, 0.94, 0.85, 0.9, 0.95, 0.94, 0.9, 0.92, 0.94, 0.94, 0.91, 0.92, 0.92, 0.94, 0.87, 0.94, 0.94, 0.94, 0.92, 0.95, 0.94, 0.94, 0.88, 0.85, 0.95, 0.94, 0.9, 0.95, 0.95, 0.94, 0.91, 0.95, 0.97, 0.94, 0.94, 0.94, 0.95, 0.94, 0.9, 0.88, 0.95, 0.94, 0.85, 0.91, 0.95, 0.94, 0.88, 0.92, 0.95, 0.94, 0.91, 0.94, 0.95, 0.94, 0.94, 0.94, 0.95, 0.94, 0.87, 0.88, 0.95, 0.94, 0.9, 0.95, 0.95, 0.94, 0.9, 0.95, 0.95, 0.94, 0.94, 0.94, 0.95, 0.94, 0.91, 0.92, 0.95, 0.94, 0.92, 0.9, 0.91, 0.94, 0.9, 0.91, 0.95, 0.94

0.930142857142857
0.9, 0.94, 0.97, 0.94, 0.88, 0.88, 0.94, 0.94, 0.88, 0.94, 0.95, 0.94, 0.91, 0.87, 0.95, 0.94, 0.9, 0.92, 0.95, 0.94, 0.9, 0.9, 0.95, 0.94, 0.9, 0.92, 0.97, 0.94, 0.94, 0.91, 0.94, 0.94, 0.9, 0.92, 0.94, 0.94, 0.91, 0.95, 0.95, 0.94, 0.95, 0.92, 0.94, 0.94, 0.88, 0.92, 0.97, 0.94, 0.94, 0.94, 0.91, 0.94, 0.88, 0.94, 0.97, 0.94, 0.91, 0.91, 0.95, 0.94, 0.88, 0.87, 0.95, 0.94, 0.9, 0.9, 0.94, 0.94, 0.9, 0.94, 0.94, 0.94, 0.88, 0.92, 0.95, 0.94, 0.88, 0.92, 0.95, 0.94, 0.84, 0.91, 0.97, 0.94, 0.92, 0.92, 0.95, 0.94, 0.9, 0.94, 0.95, 0.94, 0.9, 0.94, 0.95, 0.94, 0.84, 0.91, 0.95, 0.94

    accuracy, precision, recall, f_score
mv: 0.9571, 0.9598, 0.9578, 0.9542
wv: 0.9607, 0.9633, 0.9628, 0.9583
fs: 0.9536, 0.9559, 0.9527, 0.9499
rl: 0.9643, 0.9668, 0.9678, 0.9623

fs avg size: 9.50000, rl avg size: 4.15000
full test avg accu: 0.94225, test avg accu: 0.94214

training takes 34427.808 sec
