{'mode': 'mjvote', 'dataset': None, 'num_clf': 50, 'reuse': False, 'random_state': 405, 'num_estimators': 100}
Dataset: audiology
020 trees
	single rf: 0.730769
	train->test: 0.769231
	clf->mdp: 0.740000
	clf->test: 0.961538
050 trees
	single rf: 0.769231
	train->test: 0.846154
	clf->mdp: 0.760000
	clf->test: 0.846154
100 trees
	single rf: 0.807692
	train->test: 0.846154
	clf->mdp: 0.730000
	clf->test: 0.807692
200 trees
	single rf: 0.730769
	train->test: 0.807692
	clf->mdp: 0.750000
	clf->test: 0.846154
300 trees
	single rf: 0.769231
	train->test: 0.769231
	clf->mdp: 0.740000
	clf->test: 0.807692


Dataset: breast_cancer
020 trees
	single rf: 0.689655
	train->test: 0.724138
	clf->mdp: 0.751938
	clf->test: 0.724138
050 trees
	single rf: 0.655172
	train->test: 0.655172
	clf->mdp: 0.728682
	clf->test: 0.689655
100 trees
	single rf: 0.655172
	train->test: 0.689655
	clf->mdp: 0.705426
	clf->test: 0.689655
200 trees
	single rf: 0.655172
	train->test: 0.689655
	clf->mdp: 0.697674
	clf->test: 0.758621
300 trees
	single rf: 0.655172
	train->test: 0.655172
	clf->mdp: 0.705426
	clf->test: 0.758621


Dataset: breast_w
020 trees
	single rf: 0.971429
	train->test: 0.985714
	clf->mdp: 0.942857
	clf->test: 0.971429
050 trees
	single rf: 0.971429
	train->test: 0.985714
	clf->mdp: 0.946032
	clf->test: 0.971429
100 trees
	single rf: 0.971429
	train->test: 0.985714
	clf->mdp: 0.942857
	clf->test: 0.971429
200 trees
	single rf: 0.971429
	train->test: 0.985714
	clf->mdp: 0.949206
	clf->test: 0.971429
300 trees
	single rf: 0.971429
	train->test: 0.985714
	clf->mdp: 0.952381
	clf->test: 0.971429


Dataset: cmc
020 trees
	single rf: 0.489796
	train->test: 0.442177
	clf->mdp: 0.494721
	clf->test: 0.496599
050 trees
	single rf: 0.455782
	train->test: 0.455782
	clf->mdp: 0.505279
	clf->test: 0.517007
100 trees
	single rf: 0.482993
	train->test: 0.455782
	clf->mdp: 0.509804
	clf->test: 0.503401
200 trees
	single rf: 0.462585
	train->test: 0.462585
	clf->mdp: 0.499246
	clf->test: 0.503401
300 trees
	single rf: 0.462585
	train->test: 0.462585
	clf->mdp: 0.500754
	clf->test: 0.503401


Dataset: dematology
020 trees
	single rf: 1.000000
	train->test: 1.000000
	clf->mdp: 0.951515
	clf->test: 0.972973
050 trees
	single rf: 0.972973
	train->test: 0.972973
	clf->mdp: 0.957576
	clf->test: 1.000000
100 trees
	single rf: 0.972973
	train->test: 0.972973
	clf->mdp: 0.939394
	clf->test: 1.000000
200 trees
	single rf: 0.972973
	train->test: 0.972973
	clf->mdp: 0.945455
	clf->test: 1.000000
300 trees
	single rf: 0.972973
	train->test: 0.972973
	clf->mdp: 0.957576
	clf->test: 1.000000


Dataset: ecoli
020 trees
	single rf: 0.882353
	train->test: 0.882353
	clf->mdp: 0.827815
	clf->test: 0.882353
050 trees
	single rf: 0.852941
	train->test: 0.911765
	clf->mdp: 0.841060
	clf->test: 0.823529
100 trees
	single rf: 0.911765
	train->test: 0.911765
	clf->mdp: 0.847682
	clf->test: 0.852941
200 trees
	single rf: 0.911765
	train->test: 0.911765
	clf->mdp: 0.841060
	clf->test: 0.852941
300 trees
	single rf: 0.882353
	train->test: 0.911765
	clf->mdp: 0.841060
	clf->test: 0.823529


Dataset: glass
020 trees
	single rf: 0.714286
	train->test: 0.714286
	clf->mdp: 0.711340
	clf->test: 0.714286
050 trees
	single rf: 0.761905
	train->test: 0.714286
	clf->mdp: 0.742268
	clf->test: 0.619048
100 trees
	single rf: 0.761905
	train->test: 0.761905
	clf->mdp: 0.742268
	clf->test: 0.666667
200 trees
	single rf: 0.761905
	train->test: 0.761905
	clf->mdp: 0.762887
	clf->test: 0.666667
300 trees
	single rf: 0.761905
	train->test: 0.809524
	clf->mdp: 0.762887
	clf->test: 0.714286


Dataset: hepatitis
020 trees
	single rf: 0.733333
	train->test: 0.666667
	clf->mdp: 0.900000
	clf->test: 0.600000
050 trees
	single rf: 0.666667
	train->test: 0.666667
	clf->mdp: 0.900000
	clf->test: 0.600000
100 trees
	single rf: 0.666667
	train->test: 0.666667
	clf->mdp: 0.928571
	clf->test: 0.666667
200 trees
	single rf: 0.733333
	train->test: 0.733333
	clf->mdp: 0.885714
	clf->test: 0.666667
300 trees
	single rf: 0.733333
	train->test: 0.733333
	clf->mdp: 0.900000
	clf->test: 0.666667


Dataset: human_activity
020 trees
	single rf: 0.914829
	train->test: 0.918901
	clf->mdp: 0.971980
	clf->test: 0.913132
050 trees
	single rf: 0.918901
	train->test: 0.925008
	clf->mdp: 0.973613
	clf->test: 0.925008
100 trees
	single rf: 0.921276
	train->test: 0.926705
	clf->mdp: 0.975789
	clf->test: 0.923990
200 trees
	single rf: 0.926705
	train->test: 0.929420
	clf->mdp: 0.975517
	clf->test: 0.926366
300 trees
	single rf: 0.926366
	train->test: 0.929080
	clf->mdp: 0.977693
	clf->test: 0.927044


Dataset: iris
020 trees
	single rf: 1.000000
	train->test: 1.000000
	clf->mdp: 0.985185
	clf->test: 0.933333
050 trees
	single rf: 1.000000
	train->test: 1.000000
	clf->mdp: 0.985185
	clf->test: 0.933333
100 trees
	single rf: 1.000000
	train->test: 1.000000
	clf->mdp: 0.977778
	clf->test: 0.900000
200 trees
	single rf: 1.000000
	train->test: 1.000000
	clf->mdp: 0.977778
	clf->test: 0.900000
300 trees
	single rf: 1.000000
	train->test: 1.000000
	clf->mdp: 0.977778
	clf->test: 0.900000


Dataset: lymphography
020 trees
	single rf: 0.933333
	train->test: 0.933333
	clf->mdp: 0.776119
	clf->test: 0.933333
050 trees
	single rf: 0.933333
	train->test: 0.866667
	clf->mdp: 0.776119
	clf->test: 0.933333
100 trees
	single rf: 0.866667
	train->test: 0.866667
	clf->mdp: 0.776119
	clf->test: 0.933333
200 trees
	single rf: 0.933333
	train->test: 0.866667
	clf->mdp: 0.791045
	clf->test: 0.933333
300 trees
	single rf: 0.866667
	train->test: 0.866667
	clf->mdp: 0.791045
	clf->test: 0.933333


