{'mode': 'mjvote', 'dataset': None, 'num_clf': 50, 'reuse': False, 'random_state': 6676, 'num_estimators': 100}
Dataset: audiology
020 trees
	single rf: 0.846154
	train->test: 0.730769
	clf->mdp: 0.670000
	clf->test: 0.692308
050 trees
	single rf: 0.846154
	train->test: 0.807692
	clf->mdp: 0.690000
	clf->test: 0.692308
100 trees
	single rf: 0.807692
	train->test: 0.846154
	clf->mdp: 0.670000
	clf->test: 0.653846
200 trees
	single rf: 0.846154
	train->test: 0.769231
	clf->mdp: 0.670000
	clf->test: 0.692308
300 trees
	single rf: 0.846154
	train->test: 0.807692
	clf->mdp: 0.670000
	clf->test: 0.692308


Dataset: breast_cancer
020 trees
	single rf: 0.724138
	train->test: 0.689655
	clf->mdp: 0.697674
	clf->test: 0.793103
050 trees
	single rf: 0.655172
	train->test: 0.689655
	clf->mdp: 0.713178
	clf->test: 0.793103
100 trees
	single rf: 0.724138
	train->test: 0.689655
	clf->mdp: 0.674419
	clf->test: 0.793103
200 trees
	single rf: 0.689655
	train->test: 0.655172
	clf->mdp: 0.674419
	clf->test: 0.793103
300 trees
	single rf: 0.689655
	train->test: 0.655172
	clf->mdp: 0.682171
	clf->test: 0.793103


Dataset: breast_w
020 trees
	single rf: 1.000000
	train->test: 0.985714
	clf->mdp: 0.961905
	clf->test: 0.971429
050 trees
	single rf: 1.000000
	train->test: 0.985714
	clf->mdp: 0.958730
	clf->test: 0.971429
100 trees
	single rf: 1.000000
	train->test: 0.985714
	clf->mdp: 0.958730
	clf->test: 0.971429
200 trees
	single rf: 1.000000
	train->test: 1.000000
	clf->mdp: 0.961905
	clf->test: 0.971429
300 trees
	single rf: 1.000000
	train->test: 1.000000
	clf->mdp: 0.961905
	clf->test: 0.971429


Dataset: cmc
020 trees
	single rf: 0.517007
	train->test: 0.523810
	clf->mdp: 0.530920
	clf->test: 0.503401
050 trees
	single rf: 0.503401
	train->test: 0.530612
	clf->mdp: 0.530920
	clf->test: 0.482993
100 trees
	single rf: 0.503401
	train->test: 0.530612
	clf->mdp: 0.523379
	clf->test: 0.489796
200 trees
	single rf: 0.517007
	train->test: 0.530612
	clf->mdp: 0.521870
	clf->test: 0.510204
300 trees
	single rf: 0.510204
	train->test: 0.523810
	clf->mdp: 0.517345
	clf->test: 0.510204


Dataset: dematology
020 trees
	single rf: 1.000000
	train->test: 1.000000
	clf->mdp: 0.957576
	clf->test: 0.945946
050 trees
	single rf: 1.000000
	train->test: 1.000000
	clf->mdp: 0.969697
	clf->test: 0.918919
100 trees
	single rf: 1.000000
	train->test: 1.000000
	clf->mdp: 0.975758
	clf->test: 0.972973
200 trees
	single rf: 1.000000
	train->test: 1.000000
	clf->mdp: 0.981818
	clf->test: 0.972973
300 trees
	single rf: 1.000000
	train->test: 1.000000
	clf->mdp: 0.975758
	clf->test: 0.972973


Dataset: ecoli
020 trees
	single rf: 0.852941
	train->test: 0.911765
	clf->mdp: 0.827815
	clf->test: 0.823529
050 trees
	single rf: 0.882353
	train->test: 0.852941
	clf->mdp: 0.834437
	clf->test: 0.794118
100 trees
	single rf: 0.882353
	train->test: 0.852941
	clf->mdp: 0.841060
	clf->test: 0.823529
200 trees
	single rf: 0.882353
	train->test: 0.882353
	clf->mdp: 0.834437
	clf->test: 0.823529
300 trees
	single rf: 0.882353
	train->test: 0.911765
	clf->mdp: 0.841060
	clf->test: 0.794118


Dataset: glass
020 trees
	single rf: 0.761905
	train->test: 0.714286
	clf->mdp: 0.618557
	clf->test: 0.666667
050 trees
	single rf: 0.809524
	train->test: 0.761905
	clf->mdp: 0.597938
	clf->test: 0.619048
100 trees
	single rf: 0.761905
	train->test: 0.809524
	clf->mdp: 0.618557
	clf->test: 0.619048
200 trees
	single rf: 0.857143
	train->test: 0.809524
	clf->mdp: 0.608247
	clf->test: 0.619048
300 trees
	single rf: 0.857143
	train->test: 0.809524
	clf->mdp: 0.628866
	clf->test: 0.619048


Dataset: hepatitis
020 trees
	single rf: 0.666667
	train->test: 0.733333
	clf->mdp: 0.871429
	clf->test: 0.666667
050 trees
	single rf: 0.666667
	train->test: 0.666667
	clf->mdp: 0.857143
	clf->test: 0.666667
100 trees
	single rf: 0.666667
	train->test: 0.666667
	clf->mdp: 0.871429
	clf->test: 0.666667
200 trees
	single rf: 0.666667
	train->test: 0.666667
	clf->mdp: 0.885714
	clf->test: 0.666667
300 trees
	single rf: 0.666667
	train->test: 0.666667
	clf->mdp: 0.885714
	clf->test: 0.666667


Dataset: human_activity
020 trees
	single rf: 0.915847
	train->test: 0.926705
	clf->mdp: 0.972524
	clf->test: 0.917543
050 trees
	single rf: 0.921955
	train->test: 0.918561
	clf->mdp: 0.976605
	clf->test: 0.927723
100 trees
	single rf: 0.928062
	train->test: 0.919919
	clf->mdp: 0.979053
	clf->test: 0.929420
200 trees
	single rf: 0.927384
	train->test: 0.922633
	clf->mdp: 0.979053
	clf->test: 0.927723
300 trees
	single rf: 0.927044
	train->test: 0.924669
	clf->mdp: 0.980141
	clf->test: 0.929759


Dataset: iris
020 trees
	single rf: 1.000000
	train->test: 1.000000
	clf->mdp: 0.985185
	clf->test: 1.000000
050 trees
	single rf: 1.000000
	train->test: 1.000000
	clf->mdp: 0.985185
	clf->test: 1.000000
100 trees
	single rf: 1.000000
	train->test: 1.000000
	clf->mdp: 0.985185
	clf->test: 1.000000
200 trees
	single rf: 1.000000
	train->test: 1.000000
	clf->mdp: 0.985185
	clf->test: 1.000000
300 trees
	single rf: 1.000000
	train->test: 1.000000
	clf->mdp: 0.985185
	clf->test: 1.000000


Dataset: lymphography
020 trees
	single rf: 0.866667
	train->test: 1.000000
	clf->mdp: 0.850746
	clf->test: 0.800000
050 trees
	single rf: 0.866667
	train->test: 0.866667
	clf->mdp: 0.865672
	clf->test: 0.866667
100 trees
	single rf: 0.866667
	train->test: 0.866667
	clf->mdp: 0.865672
	clf->test: 0.866667
200 trees
	single rf: 0.866667
	train->test: 0.866667
	clf->mdp: 0.880597
	clf->test: 0.866667
300 trees
	single rf: 0.866667
	train->test: 0.866667
	clf->mdp: 0.880597
	clf->test: 0.866667


