{'mode': 'mjvote', 'dataset': None, 'num_clf': 50, 'reuse': False, 'random_state': 5684, 'num_estimators': 100}
Dataset: audiology
020 trees
	single rf: 0.769231
	train->test: 0.769231
	clf->mdp: 0.780000
	clf->test: 0.769231
050 trees
	single rf: 0.769231
	train->test: 0.730769
	clf->mdp: 0.780000
	clf->test: 0.769231
100 trees
	single rf: 0.769231
	train->test: 0.769231
	clf->mdp: 0.780000
	clf->test: 0.769231
200 trees
	single rf: 0.769231
	train->test: 0.769231
	clf->mdp: 0.760000
	clf->test: 0.769231
300 trees
	single rf: 0.769231
	train->test: 0.769231
	clf->mdp: 0.790000
	clf->test: 0.769231


Dataset: breast_cancer
020 trees
	single rf: 0.655172
	train->test: 0.655172
	clf->mdp: 0.666667
	clf->test: 0.620690
050 trees
	single rf: 0.689655
	train->test: 0.620690
	clf->mdp: 0.697674
	clf->test: 0.655172
100 trees
	single rf: 0.689655
	train->test: 0.620690
	clf->mdp: 0.666667
	clf->test: 0.655172
200 trees
	single rf: 0.689655
	train->test: 0.655172
	clf->mdp: 0.705426
	clf->test: 0.655172
300 trees
	single rf: 0.689655
	train->test: 0.655172
	clf->mdp: 0.705426
	clf->test: 0.655172


Dataset: breast_w
020 trees
	single rf: 0.957143
	train->test: 0.957143
	clf->mdp: 0.958730
	clf->test: 0.957143
050 trees
	single rf: 0.957143
	train->test: 0.971429
	clf->mdp: 0.955556
	clf->test: 0.942857
100 trees
	single rf: 0.957143
	train->test: 0.957143
	clf->mdp: 0.958730
	clf->test: 0.942857
200 trees
	single rf: 0.957143
	train->test: 0.957143
	clf->mdp: 0.955556
	clf->test: 0.942857
300 trees
	single rf: 0.957143
	train->test: 0.957143
	clf->mdp: 0.955556
	clf->test: 0.942857


Dataset: cmc
020 trees
	single rf: 0.469388
	train->test: 0.489796
	clf->mdp: 0.506787
	clf->test: 0.455782
050 trees
	single rf: 0.503401
	train->test: 0.517007
	clf->mdp: 0.508296
	clf->test: 0.489796
100 trees
	single rf: 0.489796
	train->test: 0.517007
	clf->mdp: 0.511312
	clf->test: 0.469388
200 trees
	single rf: 0.489796
	train->test: 0.523810
	clf->mdp: 0.517345
	clf->test: 0.489796
300 trees
	single rf: 0.489796
	train->test: 0.523810
	clf->mdp: 0.523379
	clf->test: 0.482993


Dataset: dematology
020 trees
	single rf: 1.000000
	train->test: 1.000000
	clf->mdp: 0.957576
	clf->test: 0.918919
050 trees
	single rf: 1.000000
	train->test: 0.945946
	clf->mdp: 0.981818
	clf->test: 0.972973
100 trees
	single rf: 1.000000
	train->test: 0.945946
	clf->mdp: 0.987879
	clf->test: 0.972973
200 trees
	single rf: 1.000000
	train->test: 0.972973
	clf->mdp: 0.981818
	clf->test: 0.972973
300 trees
	single rf: 1.000000
	train->test: 0.972973
	clf->mdp: 0.987879
	clf->test: 0.972973


Dataset: ecoli
020 trees
	single rf: 0.911765
	train->test: 0.852941
	clf->mdp: 0.860927
	clf->test: 0.911765
050 trees
	single rf: 0.911765
	train->test: 0.911765
	clf->mdp: 0.887417
	clf->test: 0.911765
100 trees
	single rf: 0.911765
	train->test: 0.911765
	clf->mdp: 0.874172
	clf->test: 0.911765
200 trees
	single rf: 0.911765
	train->test: 0.911765
	clf->mdp: 0.874172
	clf->test: 0.911765
300 trees
	single rf: 0.911765
	train->test: 0.911765
	clf->mdp: 0.874172
	clf->test: 0.911765


Dataset: glass
020 trees
	single rf: 0.809524
	train->test: 0.809524
	clf->mdp: 0.711340
	clf->test: 0.714286
050 trees
	single rf: 0.857143
	train->test: 0.714286
	clf->mdp: 0.783505
	clf->test: 0.714286
100 trees
	single rf: 0.857143
	train->test: 0.761905
	clf->mdp: 0.804124
	clf->test: 0.761905
200 trees
	single rf: 0.857143
	train->test: 0.761905
	clf->mdp: 0.762887
	clf->test: 0.761905
300 trees
	single rf: 0.857143
	train->test: 0.761905
	clf->mdp: 0.752577
	clf->test: 0.761905


Dataset: hepatitis
020 trees
	single rf: 0.933333
	train->test: 0.933333
	clf->mdp: 0.814286
	clf->test: 0.933333
050 trees
	single rf: 0.933333
	train->test: 0.933333
	clf->mdp: 0.828571
	clf->test: 0.933333
100 trees
	single rf: 0.933333
	train->test: 0.933333
	clf->mdp: 0.814286
	clf->test: 0.933333
200 trees
	single rf: 0.933333
	train->test: 0.933333
	clf->mdp: 0.828571
	clf->test: 0.933333
300 trees
	single rf: 0.933333
	train->test: 0.933333
	clf->mdp: 0.828571
	clf->test: 0.933333


Dataset: human_activity
020 trees
	single rf: 0.918901
	train->test: 0.914489
	clf->mdp: 0.968716
	clf->test: 0.902273
050 trees
	single rf: 0.926366
	train->test: 0.922633
	clf->mdp: 0.972524
	clf->test: 0.914150
100 trees
	single rf: 0.928062
	train->test: 0.925687
	clf->mdp: 0.972524
	clf->test: 0.915847
200 trees
	single rf: 0.929080
	train->test: 0.928741
	clf->mdp: 0.973613
	clf->test: 0.918222
300 trees
	single rf: 0.928402
	train->test: 0.927044
	clf->mdp: 0.973069
	clf->test: 0.920258


Dataset: iris
020 trees
	single rf: 1.000000
	train->test: 1.000000
	clf->mdp: 0.985185
	clf->test: 1.000000
050 trees
	single rf: 1.000000
	train->test: 1.000000
	clf->mdp: 0.985185
	clf->test: 1.000000
100 trees
	single rf: 1.000000
	train->test: 1.000000
	clf->mdp: 0.985185
	clf->test: 1.000000
200 trees
	single rf: 1.000000
	train->test: 1.000000
	clf->mdp: 0.977778
	clf->test: 0.933333
300 trees
	single rf: 1.000000
	train->test: 1.000000
	clf->mdp: 0.977778
	clf->test: 0.966667


Dataset: lymphography
020 trees
	single rf: 1.000000
	train->test: 1.000000
	clf->mdp: 0.791045
	clf->test: 0.933333
050 trees
	single rf: 0.933333
	train->test: 1.000000
	clf->mdp: 0.776119
	clf->test: 0.933333
100 trees
	single rf: 1.000000
	train->test: 1.000000
	clf->mdp: 0.791045
	clf->test: 0.933333
200 trees
	single rf: 1.000000
	train->test: 1.000000
	clf->mdp: 0.791045
	clf->test: 0.933333
300 trees
	single rf: 1.000000
	train->test: 1.000000
	clf->mdp: 0.776119
	clf->test: 0.933333


