Namespace(dataset='glass', mode='mlp', n_estimators=1, num_clf=50, random_state=5363, reuse=False)
Dataset glass
(96, 10)
(97, 10)
(21, 10)
Training classifiers: Tue Mar 26 20:03:26 2019
Training sci mlp: Tue Mar 26 20:03:27 2019
Number of label: 6
(97, 301)
(21, 301)
Training tf mlp: Tue Mar 26 20:03:33 2019
epoch: 99, cost: 2.199687, accuracy: 0.247423, mse: 0.983430
epoch: 199, cost: 1.987881, accuracy: 0.247423, mse: 0.751357
epoch: 299, cost: 1.817832, accuracy: 0.371134, mse: 0.592720
epoch: 399, cost: 1.666686, accuracy: 0.381443, mse: 0.494602
epoch: 499, cost: 1.537426, accuracy: 0.412371, mse: 0.444717
epoch: 599, cost: 1.404140, accuracy: 0.453608, mse: 0.437238
epoch: 699, cost: 1.252632, accuracy: 0.453608, mse: 0.505012
epoch: 799, cost: 1.087055, accuracy: 0.680412, mse: 0.636826
epoch: 899, cost: 0.958208, accuracy: 0.701031, mse: 0.824042
epoch: 999, cost: 0.867540, accuracy: 0.711340, mse: 1.100975
full set majority vote: 0.761905
part set majority vote: 0.619048
sci mlp: 0.6190476190476191
tf mlp: 0.52380955
Finish time: Tue Mar 26 20:08:04 2019
