Namespace(dataset='audiology', mode='mlp', n_estimators=1, num_clf=100, random_state=2222, reuse=False)
Dataset audiology
(100, 95)
(100, 95)
(26, 95)
Training classifiers: Tue Mar 26 19:04:41 2019
Training sci mlp: Tue Mar 26 19:04:44 2019
Number of label: 24
(100, 2401)
(26, 2401)
Training tf mlp: Tue Mar 26 19:08:19 2019
epoch: 99, cost: 0.682417, accuracy: 0.870000, mse: 38.819733
epoch: 199, cost: 0.350559, accuracy: 0.960000, mse: 36.268383
epoch: 299, cost: 0.243148, accuracy: 0.960000, mse: 35.073437
epoch: 399, cost: 0.180203, accuracy: 0.970000, mse: 34.489692
epoch: 499, cost: 0.130184, accuracy: 0.980000, mse: 34.049302
epoch: 599, cost: 0.101332, accuracy: 0.990000, mse: 33.804236
epoch: 699, cost: 0.079104, accuracy: 0.990000, mse: 33.508795
epoch: 799, cost: 0.059859, accuracy: 1.000000, mse: 33.605369
epoch: 899, cost: 0.050005, accuracy: 1.000000, mse: 33.760870
epoch: 999, cost: 0.043989, accuracy: 1.000000, mse: 33.947704
full set majority vote: 0.769231
part set majority vote: 0.730769
sci mlp: 0.6923076923076923
tf mlp: 0.115384616
Finish time: Tue Mar 26 19:14:18 2019
