Namespace(dataset='breast_cancer', mode='mlp', n_estimators=1, num_clf=100, random_state=330, reuse=False)
Dataset breast_cancer
(128, 16)
(129, 16)
(29, 16)
Training classifiers: Tue Mar 26 19:18:54 2019
Training sci mlp: Tue Mar 26 19:18:58 2019
Number of label: 2
(129, 201)
(29, 201)
Training tf mlp: Tue Mar 26 19:19:02 2019
epoch: 99, cost: 0.556099, accuracy: 0.728682, mse: 0.629713
epoch: 199, cost: 0.526198, accuracy: 0.751938, mse: 0.674701
epoch: 299, cost: 0.500900, accuracy: 0.767442, mse: 0.710656
epoch: 399, cost: 0.476866, accuracy: 0.782946, mse: 0.747059
epoch: 499, cost: 0.452377, accuracy: 0.806202, mse: 0.787905
epoch: 599, cost: 0.424635, accuracy: 0.844961, mse: 0.844049
epoch: 699, cost: 0.393041, accuracy: 0.868217, mse: 0.901995
epoch: 799, cost: 0.365421, accuracy: 0.891473, mse: 0.965195
epoch: 899, cost: 0.340790, accuracy: 0.906977, mse: 1.032114
epoch: 999, cost: 0.318647, accuracy: 0.906977, mse: 1.099856
full set majority vote: 0.586207
part set majority vote: 0.655172
sci mlp: 0.5862068965517241
tf mlp: 0.51724136
Finish time: Tue Mar 26 19:23:31 2019
