Namespace(dataset='breast_cancer', mode='mlp', n_estimators=1, num_clf=50, random_state=7037, reuse=False)
Dataset breast_cancer
(128, 16)
(129, 16)
(29, 16)
Training classifiers: Tue Mar 26 19:14:22 2019
Training sci mlp: Tue Mar 26 19:14:23 2019
Number of label: 2
(129, 101)
(29, 101)
Training tf mlp: Tue Mar 26 19:14:24 2019
epoch: 99, cost: 0.565516, accuracy: 0.759690, mse: 0.857067
epoch: 199, cost: 0.555052, accuracy: 0.759690, mse: 0.862708
epoch: 299, cost: 0.545917, accuracy: 0.759690, mse: 0.855477
epoch: 399, cost: 0.537394, accuracy: 0.759690, mse: 0.841048
epoch: 499, cost: 0.529238, accuracy: 0.751938, mse: 0.821382
epoch: 599, cost: 0.521347, accuracy: 0.759690, mse: 0.798259
epoch: 699, cost: 0.513647, accuracy: 0.759690, mse: 0.773087
epoch: 799, cost: 0.506059, accuracy: 0.767442, mse: 0.746907
epoch: 899, cost: 0.498508, accuracy: 0.767442, mse: 0.720534
epoch: 999, cost: 0.490935, accuracy: 0.775194, mse: 0.694662
full set majority vote: 0.655172
part set majority vote: 0.724138
sci mlp: 0.6206896551724138
tf mlp: 0.6896552
Finish time: Tue Mar 26 19:18:51 2019
