Namespace(dataset='cmc', mode='mlp', n_estimators=1, num_clf=50, random_state=106, reuse=False)
Dataset cmc
(663, 22)
(663, 22)
(147, 22)
Training classifiers: Tue Mar 26 19:33:09 2019
Training sci mlp: Tue Mar 26 19:33:16 2019
Number of label: 3
(663, 151)
(147, 151)
Training tf mlp: Tue Mar 26 19:33:23 2019
epoch: 99, cost: 1.158237, accuracy: 0.358974, mse: 0.703120
epoch: 199, cost: 1.110421, accuracy: 0.357466, mse: 0.580310
epoch: 299, cost: 1.088576, accuracy: 0.365008, mse: 0.538430
epoch: 399, cost: 1.076921, accuracy: 0.383107, mse: 0.520757
epoch: 499, cost: 1.070059, accuracy: 0.372549, mse: 0.515100
epoch: 599, cost: 1.065374, accuracy: 0.384615, mse: 0.511320
epoch: 699, cost: 1.061575, accuracy: 0.398190, mse: 0.509336
epoch: 799, cost: 1.058166, accuracy: 0.395173, mse: 0.509119
epoch: 899, cost: 1.055133, accuracy: 0.414781, mse: 0.509087
epoch: 999, cost: 1.052377, accuracy: 0.417798, mse: 0.509979
full set majority vote: 0.496599
part set majority vote: 0.523810
sci mlp: 0.46258503401360546
tf mlp: 0.414966
Finish time: Tue Mar 26 19:37:57 2019
