Namespace(dataset='iris', mode='mlp', n_estimators=1, num_clf=50, random_state=5206, reuse=False)
Dataset iris
(135, 5)
(135, 5)
(30, 5)
Training classifiers: Tue Mar 26 20:57:18 2019
Training sci mlp: Tue Mar 26 20:57:19 2019
Number of label: 3
(135, 151)
(30, 151)
Training tf mlp: Tue Mar 26 20:57:21 2019
epoch: 99, cost: 0.848219, accuracy: 0.600000, mse: 1.392585
epoch: 199, cost: 0.661889, accuracy: 0.814815, mse: 1.393740
epoch: 299, cost: 0.511673, accuracy: 0.874074, mse: 1.906034
epoch: 399, cost: 0.425593, accuracy: 0.918519, mse: 2.402721
epoch: 499, cost: 0.348785, accuracy: 0.955556, mse: 2.850233
epoch: 599, cost: 0.261408, accuracy: 0.962963, mse: 3.096373
epoch: 699, cost: 0.184624, accuracy: 0.955556, mse: 3.340230
epoch: 799, cost: 0.136434, accuracy: 0.970370, mse: 3.651055
epoch: 899, cost: 0.107947, accuracy: 0.977778, mse: 3.934253
epoch: 999, cost: 0.088137, accuracy: 0.977778, mse: 4.219343
full set majority vote: 1.000000
part set majority vote: 0.966667
sci mlp: 1.0
tf mlp: 0.96666664
Finish time: Tue Mar 26 21:01:48 2019
