{'dataset': 'credit_card', 'algorithm': 'ptdqn', 'num_clf': 100, 'num_training': 400000, 'learning_rate': 0.1, 'discount_factor': 1.0, 'epsilon': 0.1, 'random_state': 4893, 'portion': 0.5, 'sequential': False}
(30000, 31)
reading data takes 0.158 sec
number of labels: 2

Running iteration 1 of 10 fold...
[17, 0, 65, 24, 56, 53, 16, 32, 69]
using cpu
using cpu
    accuracy, precision, recall, f_score
max0: 0.7933, 0.7628, 0.5992, 0.6133

    accuracy, precision, recall, f_score
max3: 0.7876, 0.7567, 0.5969, 0.6098

    accuracy, precision, recall, f_score
max1: 0.7957, 0.7676, 0.6047, 0.6202


min loss: 0.012, episode: 221000
max accu: 0.796, episode: 210000

72.54 classifiers used
    accuracy, precision, recall, f_score
mv: 0.7993, 0.7734, 0.6130, 0.6305
wv: 0.8007, 0.7778, 0.6358, 0.6548
fs: 0.8080, 0.7866, 0.6276, 0.6488
rl: 0.7957, 0.7676, 0.6047, 0.6202

0.6388066666666665
0.71, 0.67, 0.76, 0.36, 0.71, 0.70, 0.76, 0.35, 0.72, 0.73, 0.76, 0.36, 0.73, 0.76, 0.76, 0.35, 0.71, 0.77, 0.76, 0.35, 0.72, 0.76, 0.76, 0.35, 0.73, 0.69, 0.76, 0.35, 0.71, 0.67, 0.75, 0.34, 0.72, 0.72, 0.75, 0.33, 0.71, 0.55, 0.76, 0.37, 0.70, 0.69, 0.76, 0.35, 0.73, 0.77, 0.76, 0.36, 0.71, 0.57, 0.74, 0.36, 0.71, 0.52, 0.75, 0.34, 0.72, 0.76, 0.75, 0.38, 0.72, 0.77, 0.75, 0.34, 0.72, 0.75, 0.76, 0.35, 0.73, 0.77, 0.76, 0.36, 0.72, 0.75, 0.76, 0.36, 0.73, 0.78, 0.76, 0.36, 0.72, 0.77, 0.75, 0.39, 0.70, 0.65, 0.76, 0.38, 0.72, 0.64, 0.75, 0.36, 0.72, 0.68, 0.75, 0.35, 0.72, 0.77, 0.75, 0.37

0.6418033333333334
0.72, 0.62, 0.76, 0.35, 0.72, 0.56, 0.76, 0.37, 0.71, 0.77, 0.75, 0.36, 0.70, 0.77, 0.76, 0.38, 0.72, 0.77, 0.75, 0.40, 0.72, 0.63, 0.75, 0.39, 0.72, 0.73, 0.76, 0.36, 0.73, 0.77, 0.75, 0.36, 0.72, 0.77, 0.76, 0.35, 0.72, 0.77, 0.76, 0.40, 0.72, 0.75, 0.75, 0.35, 0.72, 0.77, 0.76, 0.35, 0.73, 0.69, 0.76, 0.35, 0.72, 0.77, 0.76, 0.36, 0.71, 0.67, 0.76, 0.33, 0.72, 0.72, 0.76, 0.34, 0.73, 0.77, 0.76, 0.35, 0.72, 0.25, 0.76, 0.37, 0.72, 0.77, 0.76, 0.41, 0.72, 0.65, 0.76, 0.36, 0.71, 0.77, 0.76, 0.37, 0.72, 0.73, 0.76, 0.38, 0.72, 0.75, 0.76, 0.35, 0.71, 0.71, 0.76, 0.35, 0.73, 0.71, 0.76, 0.35


Running iteration 2 of 10 fold...
[61, 0, 24, 64, 49, 83, 69, 39]
using cpu
using cpu
    accuracy, precision, recall, f_score
max0: 0.7946, 0.7712, 0.5618, 0.5592

    accuracy, precision, recall, f_score
max3: 0.7908, 0.7657, 0.5610, 0.5574

    accuracy, precision, recall, f_score
max1: 0.8007, 0.7704, 0.5620, 0.5622


min loss: 0.007, episode: 267000
max accu: 0.801, episode: 340000

41.68 classifiers used
    accuracy, precision, recall, f_score
mv: 0.8010, 0.7691, 0.5864, 0.5983
wv: 0.8050, 0.7791, 0.6217, 0.6406
fs: 0.8090, 0.7844, 0.5914, 0.6054
rl: 0.8007, 0.7704, 0.5620, 0.5622

0.6472433333333334
0.73, 0.78, 0.75, 0.34, 0.73, 0.69, 0.75, 0.33, 0.71, 0.67, 0.75, 0.34, 0.72, 0.78, 0.76, 0.41, 0.73, 0.69, 0.76, 0.35, 0.72, 0.76, 0.76, 0.35, 0.72, 0.73, 0.76, 0.36, 0.72, 0.75, 0.75, 0.34, 0.72, 0.76, 0.75, 0.36, 0.72, 0.79, 0.76, 0.35, 0.72, 0.73, 0.75, 0.36, 0.73, 0.78, 0.76, 0.36, 0.71, 0.78, 0.77, 0.35, 0.71, 0.66, 0.75, 0.36, 0.71, 0.78, 0.76, 0.37, 0.74, 0.79, 0.76, 0.38, 0.74, 0.60, 0.75, 0.34, 0.72, 0.78, 0.76, 0.34, 0.74, 0.78, 0.75, 0.38, 0.72, 0.76, 0.75, 0.36, 0.72, 0.48, 0.76, 0.38, 0.72, 0.78, 0.77, 0.36, 0.73, 0.60, 0.76, 0.35, 0.72, 0.79, 0.76, 0.35, 0.73, 0.75, 0.76, 0.36

0.6465133333333333
0.72, 0.79, 0.76, 0.37, 0.72, 0.74, 0.76, 0.37, 0.72, 0.78, 0.76, 0.38, 0.73, 0.78, 0.77, 0.37, 0.72, 0.79, 0.76, 0.36, 0.73, 0.77, 0.76, 0.36, 0.72, 0.78, 0.75, 0.35, 0.73, 0.78, 0.77, 0.36, 0.74, 0.37, 0.76, 0.34, 0.72, 0.57, 0.76, 0.38, 0.73, 0.78, 0.76, 0.37, 0.72, 0.78, 0.76, 0.34, 0.72, 0.78, 0.76, 0.36, 0.72, 0.59, 0.76, 0.37, 0.71, 0.78, 0.76, 0.37, 0.72, 0.78, 0.76, 0.35, 0.72, 0.28, 0.75, 0.35, 0.72, 0.78, 0.76, 0.36, 0.71, 0.74, 0.76, 0.37, 0.72, 0.79, 0.76, 0.36, 0.72, 0.77, 0.76, 0.34, 0.71, 0.78, 0.77, 0.36, 0.72, 0.79, 0.76, 0.35, 0.72, 0.75, 0.76, 0.37, 0.73, 0.78, 0.76, 0.36


Running iteration 3 of 10 fold...
[17, 0, 24, 68, 4, 1, 12, 92, 32, 56, 60, 84, 46]
using cpu
using cpu
    accuracy, precision, recall, f_score
max0: 0.7969, 0.7707, 0.6201, 0.6376

    accuracy, precision, recall, f_score
max3: 0.7964, 0.7706, 0.6213, 0.6390

    accuracy, precision, recall, f_score
max1: 0.7980, 0.7757, 0.6319, 0.6513


min loss: 0.006, episode: 263000
max accu: 0.798, episode: 260000

99.97 classifiers used
    accuracy, precision, recall, f_score
mv: 0.7913, 0.7656, 0.6155, 0.6320
wv: 0.7967, 0.7769, 0.6512, 0.6693
fs: 0.8003, 0.7788, 0.6314, 0.6514
rl: 0.7980, 0.7757, 0.6319, 0.6513

0.6349966666666665
0.71, 0.59, 0.74, 0.36, 0.73, 0.52, 0.74, 0.37, 0.71, 0.76, 0.74, 0.36, 0.73, 0.54, 0.75, 0.36, 0.72, 0.77, 0.74, 0.36, 0.72, 0.73, 0.75, 0.37, 0.72, 0.71, 0.75, 0.35, 0.72, 0.76, 0.74, 0.35, 0.71, 0.69, 0.74, 0.35, 0.72, 0.76, 0.74, 0.37, 0.70, 0.76, 0.75, 0.37, 0.72, 0.51, 0.75, 0.38, 0.71, 0.74, 0.74, 0.36, 0.71, 0.76, 0.74, 0.36, 0.72, 0.77, 0.75, 0.35, 0.71, 0.62, 0.74, 0.36, 0.72, 0.70, 0.74, 0.34, 0.72, 0.68, 0.74, 0.37, 0.70, 0.76, 0.74, 0.37, 0.72, 0.77, 0.75, 0.38, 0.70, 0.65, 0.75, 0.39, 0.70, 0.75, 0.74, 0.36, 0.73, 0.63, 0.74, 0.38, 0.71, 0.76, 0.74, 0.36, 0.72, 0.74, 0.75, 0.39

0.63283
0.71, 0.76, 0.75, 0.37, 0.72, 0.65, 0.74, 0.35, 0.73, 0.76, 0.73, 0.36, 0.72, 0.64, 0.74, 0.35, 0.73, 0.77, 0.75, 0.37, 0.72, 0.73, 0.74, 0.45, 0.73, 0.63, 0.74, 0.35, 0.72, 0.76, 0.74, 0.35, 0.72, 0.63, 0.74, 0.36, 0.71, 0.76, 0.75, 0.40, 0.71, 0.76, 0.75, 0.38, 0.71, 0.54, 0.75, 0.34, 0.72, 0.76, 0.74, 0.35, 0.72, 0.76, 0.75, 0.35, 0.71, 0.76, 0.75, 0.35, 0.71, 0.59, 0.75, 0.36, 0.72, 0.71, 0.74, 0.35, 0.73, 0.47, 0.75, 0.37, 0.71, 0.68, 0.74, 0.36, 0.71, 0.75, 0.74, 0.35, 0.72, 0.54, 0.74, 0.36, 0.71, 0.51, 0.74, 0.36, 0.72, 0.76, 0.74, 0.35, 0.72, 0.76, 0.74, 0.35, 0.72, 0.77, 0.75, 0.37


Running iteration 4 of 10 fold...
[41, 0, 9, 44, 48, 12, 36, 80, 76, 32, 56, 84, 1]
using cpu
using cpu
    accuracy, precision, recall, f_score
max0: 0.7976, 0.7705, 0.6046, 0.6204

    accuracy, precision, recall, f_score
max3: 0.7991, 0.7733, 0.6064, 0.6226

    accuracy, precision, recall, f_score
max1: 0.8040, 0.7751, 0.6044, 0.6212


min loss: 0.007, episode: 286000
max accu: 0.804, episode: 260000

98.53 classifiers used
    accuracy, precision, recall, f_score
mv: 0.7963, 0.7705, 0.6210, 0.6372
wv: 0.7900, 0.7751, 0.6470, 0.6579
fs: 0.8117, 0.7878, 0.6278, 0.6488
rl: 0.8040, 0.7751, 0.6044, 0.6212

0.6385599999999999
0.71, 0.61, 0.76, 0.33, 0.72, 0.60, 0.76, 0.33, 0.72, 0.79, 0.77, 0.34, 0.71, 0.71, 0.76, 0.33, 0.72, 0.79, 0.76, 0.33, 0.72, 0.56, 0.75, 0.31, 0.72, 0.79, 0.76, 0.31, 0.72, 0.79, 0.77, 0.32, 0.72, 0.79, 0.76, 0.33, 0.72, 0.74, 0.75, 0.35, 0.71, 0.79, 0.76, 0.32, 0.72, 0.77, 0.76, 0.33, 0.73, 0.78, 0.76, 0.35, 0.71, 0.73, 0.76, 0.32, 0.72, 0.67, 0.76, 0.34, 0.72, 0.70, 0.76, 0.33, 0.71, 0.73, 0.76, 0.33, 0.72, 0.78, 0.76, 0.34, 0.72, 0.79, 0.76, 0.33, 0.73, 0.78, 0.75, 0.32, 0.71, 0.79, 0.76, 0.32, 0.71, 0.79, 0.77, 0.35, 0.71, 0.78, 0.76, 0.32, 0.72, 0.79, 0.77, 0.32, 0.71, 0.34, 0.76, 0.34

0.6279399999999999
0.73, 0.69, 0.76, 0.33, 0.70, 0.59, 0.76, 0.35, 0.72, 0.73, 0.76, 0.32, 0.73, 0.24, 0.76, 0.35, 0.72, 0.53, 0.76, 0.32, 0.72, 0.78, 0.76, 0.32, 0.73, 0.79, 0.75, 0.32, 0.70, 0.78, 0.76, 0.32, 0.71, 0.69, 0.76, 0.34, 0.73, 0.65, 0.77, 0.33, 0.71, 0.72, 0.76, 0.33, 0.72, 0.71, 0.76, 0.33, 0.71, 0.69, 0.76, 0.32, 0.73, 0.71, 0.76, 0.33, 0.72, 0.78, 0.76, 0.34, 0.72, 0.78, 0.76, 0.35, 0.72, 0.79, 0.76, 0.33, 0.72, 0.53, 0.76, 0.34, 0.72, 0.78, 0.77, 0.34, 0.71, 0.72, 0.76, 0.32, 0.72, 0.69, 0.76, 0.32, 0.72, 0.62, 0.76, 0.32, 0.71, 0.53, 0.77, 0.35, 0.72, 0.79, 0.76, 0.32, 0.72, 0.76, 0.76, 0.32

    accuracy, precision, recall, f_score
mv: 0.7970, 0.7697, 0.6089, 0.6245
wv: 0.7981, 0.7772, 0.6389, 0.6557
fs: 0.8073, 0.7844, 0.6196, 0.6386
rl: 0.7996, 0.7722, 0.6008, 0.6137

fs avg size: 10.75000, rl avg size: 78.17842
full test avg accu: 0.63727, test avg accu: 0.63990

training takes 81958.543 sec
