{'dataset': 'lymphography', 'algorithm': 'ptdqn', 'num_clf': 50, 'num_training': 350000, 'learning_rate': 0.1, 'discount_factor': 1.0, 'epsilon': 0.1, 'random_state': 1980, 'portion': 0.5, 'sequential': False}
(148, 39)
reading data takes 0.488 sec
number of labels: 4

Running iteration 1 of 10 fold...
[47, 0, 20, 4, 46, 27, 41, 19, 43, 32]
using cpu
using cpu
    accuracy, precision, recall, f_score
max0: 0.791045, 0.739568, 0.398810, 0.389833

    accuracy, precision, recall, f_score
max3: 0.909091, 0.879121, 0.583333, 0.586667

    accuracy, precision, recall, f_score
max1: 0.800000, 0.787879, 0.555556, 0.547368


min loss: 0.006, episode: 256000
max accu: 0.800, episode: 320000

34.60 classifiers used
    accuracy, precision, recall, f_score
mv: 0.666667, 0.728205, 0.444444, 0.420635
wv: 0.666667, 0.639394, 0.458333, 0.445614
fs: 0.666667, 0.622222, 0.472222, 0.457516
rl: 0.800000, 0.787879, 0.555556, 0.547368

0.6546268656716419
0.55, 0.62, 0.62, 0.64, 0.71, 0.56, 0.71, 0.68, 0.65, 0.70, 0.67, 0.64, 0.68, 0.67, 0.70, 0.73, 0.71, 0.70, 0.56, 0.56, 0.68, 0.58, 0.50, 0.68, 0.62, 0.68, 0.67, 0.67, 0.59, 0.55, 0.52, 0.65, 0.70, 0.67, 0.71, 0.67, 0.64, 0.70, 0.68, 0.67, 0.62, 0.70, 0.70, 0.70, 0.64, 0.65, 0.65, 0.77, 0.67, 0.53

0.7103030303030304
0.63, 0.72, 0.78, 0.69, 0.72, 0.66, 0.66, 0.66, 0.63, 0.75, 0.66, 0.66, 0.75, 0.75, 0.78, 0.78, 0.81, 0.75, 0.54, 0.54, 0.75, 0.51, 0.45, 0.78, 0.60, 0.75, 0.72, 0.66, 0.57, 0.60, 0.54, 0.72, 0.81, 0.69, 0.78, 0.72, 0.75, 0.78, 0.75, 0.81, 0.69, 0.75, 0.87, 0.78, 0.75, 0.78, 0.63, 0.87, 0.81, 0.57

0.5906666666666667
0.6, 0.46, 0.46, 0.66, 0.46, 0.4, 0.66, 0.6, 0.66, 0.46, 0.6, 0.6, 0.46, 0.53, 0.46, 0.53, 0.53, 0.66, 0.66, 0.66, 0.53, 0.66, 0.86, 0.53, 0.53, 0.66, 0.6, 0.6, 0.66, 0.6, 0.53, 0.73, 0.6, 0.73, 0.73, 0.33, 0.6, 0.6, 0.6, 0.6, 0.6, 0.66, 0.66, 0.6, 0.6, 0.53, 0.53, 0.73, 0.53, 0.53

0.6133333333333333
0.53, 0.66, 0.53, 0.6, 0.53, 0.66, 0.53, 0.6, 0.46, 0.66, 0.66, 0.73, 0.53, 0.53, 0.73, 0.6, 0.73, 0.66, 0.46, 0.66, 0.66, 0.53, 0.86, 0.66, 0.66, 0.46, 0.66, 0.6, 0.66, 0.66, 0.4, 0.33, 0.6, 0.53, 0.6, 0.53, 0.66, 0.53, 0.8, 0.66, 0.46, 0.66, 0.66, 0.66, 0.6, 0.66, 0.73, 0.6, 0.6, 0.73


Running iteration 2 of 10 fold...
[38, 0, 21, 37, 36, 18]
using cpu
using cpu
    accuracy, precision, recall, f_score
max0: 0.761194, 0.713252, 0.391026, 0.382246

    accuracy, precision, recall, f_score
max3: 0.848485, 0.822134, 0.569697, 0.562963

    accuracy, precision, recall, f_score
max1: 0.866667, 0.807407, 0.611111, 0.591503


min loss: 0.007, episode: 245000
max accu: 0.867, episode: 230000

21.00 classifiers used
    accuracy, precision, recall, f_score
mv: 0.800000, 0.746667, 0.555556, 0.538721
wv: 0.733333, 0.681481, 0.513889, 0.496732
fs: 0.800000, 0.787879, 0.555556, 0.547368
rl: 0.866667, 0.807407, 0.611111, 0.591503

0.6567164179104478
0.61, 0.68, 0.67, 0.62, 0.70, 0.67, 0.62, 0.64, 0.61, 0.62, 0.71, 0.64, 0.65, 0.70, 0.71, 0.61, 0.65, 0.64, 0.71, 0.61, 0.59, 0.64, 0.62, 0.59, 0.62, 0.58, 0.61, 0.71, 0.62, 0.67, 0.56, 0.62, 0.59, 0.53, 0.65, 0.55, 0.73, 0.73, 0.77, 0.71, 0.71, 0.61, 0.62, 0.68, 0.73, 0.73, 0.71, 0.65, 0.68, 0.73

0.6945454545454547
0.66, 0.69, 0.72, 0.63, 0.75, 0.75, 0.63, 0.63, 0.72, 0.60, 0.69, 0.72, 0.66, 0.72, 0.75, 0.66, 0.72, 0.69, 0.75, 0.60, 0.60, 0.57, 0.63, 0.57, 0.69, 0.57, 0.60, 0.81, 0.66, 0.63, 0.54, 0.60, 0.60, 0.51, 0.69, 0.51, 0.84, 0.81, 0.87, 0.78, 0.81, 0.60, 0.75, 0.78, 0.75, 0.81, 0.84, 0.69, 0.72, 0.81

0.6746666666666665
0.66, 0.6, 0.66, 0.8, 0.73, 0.6, 0.73, 0.6, 0.53, 0.73, 0.8, 0.6, 0.73, 0.6, 0.66, 0.8, 0.66, 0.66, 0.53, 0.66, 0.66, 0.46, 0.66, 0.66, 0.53, 0.66, 0.6, 0.6, 0.73, 0.46, 0.6, 0.53, 0.66, 0.6, 0.73, 0.73, 0.6, 0.8, 0.73, 0.73, 0.8, 0.6, 0.66, 0.93, 0.66, 0.93, 0.73, 0.66, 0.66, 0.86

0.6346666666666667
0.6, 0.66, 0.66, 0.53, 0.73, 0.66, 0.6, 0.66, 0.66, 0.66, 0.6, 0.66, 0.53, 0.6, 0.66, 0.6, 0.6, 0.46, 0.6, 0.6, 0.6, 0.53, 0.53, 0.6, 0.53, 0.6, 0.46, 0.53, 0.53, 0.53, 0.6, 0.53, 0.6, 0.66, 0.8, 0.8, 0.66, 0.53, 0.8, 0.6, 0.66, 0.8, 0.86, 0.53, 1.0, 0.8, 0.66, 0.66, 0.73, 0.53


Running iteration 3 of 10 fold...
[36, 0, 25, 1, 34, 3, 18, 21, 19, 23, 37, 4, 24, 20, 46, 43, 38, 30, 6, 28, 7, 29, 9]
using cpu
using cpu
    accuracy, precision, recall, f_score
max0: 0.791045, 0.732239, 0.420011, 0.403549

    accuracy, precision, recall, f_score
max3: 0.818182, 0.792358, 0.544012, 0.541847

    accuracy, precision, recall, f_score
max1: 0.800000, 0.800000, 0.777778, 0.784689


min loss: 0.008, episode: 231000
max accu: 0.800, episode: 350000

22.87 classifiers used
    accuracy, precision, recall, f_score
mv: 0.666667, 0.678571, 0.666667, 0.660633
wv: 0.666667, 0.678571, 0.666667, 0.660633
fs: 0.666667, 0.722222, 0.694444, 0.666667
rl: 0.800000, 0.800000, 0.777778, 0.784689

0.6644776119402986
0.62, 0.67, 0.62, 0.62, 0.70, 0.62, 0.70, 0.68, 0.68, 0.62, 0.67, 0.67, 0.67, 0.65, 0.62, 0.65, 0.65, 0.59, 0.68, 0.55, 0.56, 0.65, 0.65, 0.62, 0.67, 0.68, 0.61, 0.53, 0.59, 0.67, 0.70, 0.64, 0.59, 0.59, 0.76, 0.76, 0.82, 0.70, 0.68, 0.76, 0.73, 0.61, 0.67, 0.52, 0.74, 0.62, 0.79, 0.68, 0.76, 0.73

0.6975757575757576
0.60, 0.60, 0.63, 0.57, 0.63, 0.63, 0.63, 0.66, 0.72, 0.60, 0.66, 0.63, 0.69, 0.60, 0.63, 0.66, 0.60, 0.60, 0.72, 0.66, 0.60, 0.66, 0.69, 0.69, 0.72, 0.72, 0.63, 0.60, 0.69, 0.69, 0.78, 0.75, 0.63, 0.60, 0.75, 0.84, 0.87, 0.78, 0.84, 0.84, 0.69, 0.66, 0.81, 0.57, 0.72, 0.75, 0.84, 0.84, 0.75, 0.81

0.6253333333333334
0.66, 0.6, 0.6, 0.66, 0.53, 0.53, 0.53, 0.6, 0.66, 0.6, 0.66, 0.53, 0.66, 0.66, 0.6, 0.6, 0.53, 0.66, 0.53, 0.66, 0.6, 0.6, 0.6, 0.53, 0.6, 0.6, 0.66, 0.73, 0.66, 0.6, 0.6, 0.6, 0.73, 0.6, 0.73, 0.6, 0.73, 0.73, 0.66, 0.66, 0.46, 0.6, 0.66, 0.6, 0.66, 0.53, 0.66, 0.6, 0.73, 0.73

0.6200000000000001
0.53, 0.53, 0.53, 0.53, 0.6, 0.53, 0.53, 0.53, 0.53, 0.53, 0.6, 0.46, 0.6, 0.6, 0.53, 0.6, 0.73, 0.6, 0.66, 0.53, 0.6, 0.6, 0.6, 0.73, 0.6, 0.66, 0.66, 0.66, 0.6, 0.66, 0.6, 0.6, 0.6, 0.66, 0.6, 0.73, 0.46, 0.73, 0.53, 0.6, 0.73, 0.73, 0.66, 0.66, 0.73, 0.66, 0.66, 0.73, 0.73, 0.8

    accuracy, precision, recall, f_score
mv: 0.711111, 0.717814, 0.555556, 0.539996
wv: 0.688889, 0.666482, 0.546296, 0.534327
fs: 0.711111, 0.710774, 0.574074, 0.557184
rl: 0.822222, 0.798429, 0.648148, 0.641187

fs avg size: 13.00000, rl avg size: 26.15556
full test avg accu: 0.62267, test avg accu: 0.63022

training takes 11747.131 sec
