{'dataset': 'lymphography', 'algorithm': 'ptdqn', 'num_clf': 50, 'num_training': 300000, 'learning_rate': 0.1, 'discount_factor': 1.0, 'epsilon': 0.1, 'random_state': 1884, 'portion': 0.5, 'sequential': False}
(148, 39)
reading data takes 0.496 sec
number of labels: 4

Running iteration 1 of 10 fold...
[20, 0, 16, 8]
using cpu
using cpu
    accuracy, precision, recall, f_score
max0: 0.731343, 0.703208, 0.371121, 0.365462

    accuracy, precision, recall, f_score
max3: 0.696970, 0.723847, 0.691176, 0.682692

    accuracy, precision, recall, f_score
max1: 0.733333, 0.822222, 0.714286, 0.700000


min loss: 0.010, episode: 249000
max accu: 0.733, episode: 220000

4.27 classifiers used
    accuracy, precision, recall, f_score
mv: 0.733333, 0.822222, 0.714286, 0.700000
wv: 0.733333, 0.822222, 0.714286, 0.700000
fs: 0.600000, 0.600000, 0.589286, 0.583333
rl: 0.733333, 0.822222, 0.714286, 0.700000

0.7226865671641791
0.80, 0.71, 0.68, 0.76, 0.61, 0.77, 0.74, 0.64, 0.65, 0.73, 0.68, 0.62, 0.68, 0.77, 0.73, 0.68, 0.76, 0.77, 0.68, 0.71, 0.83, 0.77, 0.74, 0.67, 0.67, 0.79, 0.74, 0.74, 0.70, 0.80, 0.74, 0.74, 0.62, 0.76, 0.71, 0.64, 0.55, 0.76, 0.74, 0.62, 0.77, 0.71, 0.70, 0.77, 0.79, 0.79, 0.76, 0.71, 0.62, 0.79

0.7436363636363637
0.84, 0.78, 0.66, 0.75, 0.66, 0.81, 0.75, 0.63, 0.72, 0.78, 0.66, 0.63, 0.75, 0.81, 0.72, 0.72, 0.75, 0.81, 0.66, 0.66, 0.87, 0.78, 0.78, 0.66, 0.60, 0.84, 0.72, 0.78, 0.72, 0.90, 0.75, 0.72, 0.60, 0.81, 0.69, 0.69, 0.54, 0.75, 0.75, 0.63, 0.84, 0.78, 0.66, 0.75, 0.84, 0.81, 0.78, 0.75, 0.66, 0.81

0.7240000000000001
0.6, 0.73, 0.8, 0.66, 0.66, 0.73, 0.73, 0.8, 0.8, 0.73, 0.66, 0.53, 0.73, 0.86, 0.73, 0.73, 0.66, 0.73, 0.73, 0.73, 0.53, 0.8, 0.73, 0.53, 0.8, 0.73, 0.73, 0.86, 0.73, 0.86, 0.73, 0.73, 0.73, 0.73, 0.73, 0.6, 0.73, 0.8, 0.73, 0.53, 0.66, 0.8, 0.66, 0.73, 0.73, 0.8, 0.66, 0.73, 0.73, 0.86

0.7186666666666666
0.66, 0.86, 0.73, 0.53, 0.86, 0.8, 0.8, 0.6, 0.6, 0.86, 0.73, 0.6, 0.93, 0.93, 0.73, 0.53, 0.93, 0.8, 0.73, 0.66, 0.73, 0.73, 0.73, 0.6, 0.66, 0.93, 0.8, 0.6, 0.6, 0.73, 0.73, 0.66, 0.8, 0.73, 0.73, 0.6, 0.73, 0.8, 0.73, 0.6, 0.66, 0.73, 0.8, 0.6, 0.6, 0.8, 0.73, 0.6, 0.4, 0.8


Running iteration 2 of 10 fold...
[0, 1, 39, 4]
using cpu
using cpu
    accuracy, precision, recall, f_score
max0: 0.671642, 0.682443, 0.341556, 0.332927

    accuracy, precision, recall, f_score
max3: 0.636364, 0.731818, 0.661111, 0.619231

    accuracy, precision, recall, f_score
max1: 0.800000, 0.688889, 0.416667, 0.393939


min loss: 0.008, episode: 284000
max accu: 0.800, episode: 30000

1.00 classifiers used
    accuracy, precision, recall, f_score
mv: 0.866667, 0.756061, 0.500000, 0.452381
wv: 0.866667, 0.756061, 0.500000, 0.452381
fs: 0.800000, 0.712821, 0.416667, 0.417391
rl: 0.800000, 0.688889, 0.416667, 0.393939

0.6991044776119404
0.83, 0.76, 0.68, 0.61, 0.74, 0.76, 0.67, 0.65, 0.79, 0.77, 0.64, 0.59, 0.61, 0.77, 0.65, 0.58, 0.71, 0.73, 0.70, 0.73, 0.65, 0.70, 0.65, 0.73, 0.76, 0.79, 0.67, 0.64, 0.68, 0.80, 0.67, 0.50, 0.65, 0.77, 0.62, 0.70, 0.74, 0.77, 0.64, 0.73, 0.71, 0.77, 0.65, 0.55, 0.70, 0.80, 0.70, 0.64, 0.65, 0.76

0.7115151515151515
0.90, 0.72, 0.63, 0.72, 0.78, 0.81, 0.63, 0.69, 0.81, 0.84, 0.60, 0.60, 0.63, 0.81, 0.60, 0.51, 0.78, 0.78, 0.69, 0.78, 0.63, 0.69, 0.60, 0.66, 0.84, 0.84, 0.63, 0.60, 0.69, 0.81, 0.66, 0.42, 0.78, 0.81, 0.57, 0.66, 0.81, 0.78, 0.57, 0.78, 0.75, 0.78, 0.63, 0.57, 0.69, 0.84, 0.66, 0.63, 0.75, 0.78

0.736
0.66, 0.66, 0.8, 0.73, 0.6, 0.73, 0.8, 0.8, 0.8, 0.8, 0.73, 0.6, 0.46, 0.8, 0.73, 0.73, 0.6, 0.66, 0.73, 0.73, 0.73, 0.8, 0.8, 0.8, 0.66, 0.73, 0.73, 0.73, 0.73, 0.8, 0.73, 0.66, 0.73, 0.8, 0.73, 0.8, 0.8, 0.8, 0.8, 0.73, 0.86, 0.8, 0.66, 0.66, 0.8, 0.66, 0.8, 0.73, 0.66, 0.8

0.6920000000000001
0.66, 0.86, 0.86, 0.73, 0.33, 0.73, 0.73, 0.6, 0.73, 0.8, 0.86, 0.33, 0.66, 0.73, 0.66, 0.53, 0.8, 0.8, 0.73, 0.66, 0.6, 0.73, 0.8, 0.33, 0.8, 0.8, 0.86, 0.4, 0.6, 0.8, 0.86, 0.53, 0.8, 0.8, 0.73, 0.26, 0.46, 0.8, 0.86, 0.8, 0.6, 0.8, 0.8, 0.66, 0.66, 0.73, 0.8, 0.53, 0.6, 0.86


Running iteration 3 of 10 fold...
[49, 0, 17, 9, 4, 36]
using cpu
using cpu
    accuracy, precision, recall, f_score
max0: 0.776119, 0.798555, 0.872587, 0.755089

    accuracy, precision, recall, f_score
max3: 0.787879, 0.830579, 0.772222, 0.523333

    accuracy, precision, recall, f_score
max1: 0.866667, 0.866667, 0.902778, 0.902778


min loss: 0.006, episode: 297000
max accu: 0.867, episode: 50000

1.00 classifiers used
    accuracy, precision, recall, f_score
mv: 0.800000, 0.800000, 0.583333, 0.552381
wv: 0.800000, 0.800000, 0.583333, 0.552381
fs: 0.866667, 0.866667, 0.902778, 0.902778
rl: 0.866667, 0.866667, 0.902778, 0.902778

0.7364179104477612
0.73, 0.68, 0.70, 0.70, 0.76, 0.77, 0.70, 0.73, 0.70, 0.80, 0.71, 0.74, 0.70, 0.77, 0.70, 0.77, 0.74, 0.80, 0.70, 0.59, 0.67, 0.76, 0.73, 0.65, 0.77, 0.80, 0.76, 0.65, 0.65, 0.82, 0.76, 0.70, 0.65, 0.80, 0.79, 0.79, 0.77, 0.82, 0.70, 0.73, 0.76, 0.79, 0.71, 0.73, 0.65, 0.77, 0.74, 0.74, 0.65, 0.83

0.7375757575757577
0.72, 0.66, 0.66, 0.69, 0.78, 0.81, 0.63, 0.69, 0.69, 0.81, 0.69, 0.72, 0.69, 0.78, 0.66, 0.78, 0.72, 0.75, 0.66, 0.66, 0.69, 0.81, 0.72, 0.66, 0.78, 0.81, 0.75, 0.66, 0.66, 0.78, 0.72, 0.72, 0.63, 0.81, 0.78, 0.78, 0.84, 0.87, 0.66, 0.69, 0.78, 0.84, 0.72, 0.78, 0.66, 0.78, 0.75, 0.72, 0.57, 0.84

0.7066666666666666
0.66, 0.8, 0.73, 0.73, 0.73, 0.86, 0.73, 0.73, 0.66, 0.73, 0.66, 0.6, 0.53, 0.8, 0.66, 0.73, 0.8, 0.53, 0.66, 0.46, 0.8, 0.73, 0.66, 0.6, 0.86, 0.8, 0.66, 0.6, 0.66, 0.73, 0.66, 0.66, 0.53, 0.86, 0.66, 0.8, 0.8, 0.66, 0.73, 0.73, 0.6, 0.8, 0.73, 0.66, 0.8, 0.73, 0.66, 0.66, 0.73, 0.8

0.7333333333333332
0.86, 0.8, 0.73, 0.6, 0.53, 0.86, 0.73, 0.53, 0.93, 0.86, 0.8, 0.8, 0.93, 0.86, 0.73, 0.73, 0.73, 0.66, 0.6, 0.4, 0.66, 0.73, 0.73, 0.6, 0.73, 0.8, 0.73, 0.73, 0.73, 0.8, 0.66, 0.66, 0.73, 0.93, 0.8, 0.66, 0.86, 0.86, 0.73, 0.66, 0.53, 0.8, 0.73, 0.66, 0.8, 0.86, 0.86, 0.46, 0.53, 0.8

    accuracy, precision, recall, f_score
mv: 0.800000, 0.792761, 0.599206, 0.568254
wv: 0.800000, 0.792761, 0.599206, 0.568254
fs: 0.755556, 0.726496, 0.636243, 0.634501
rl: 0.800000, 0.792593, 0.677910, 0.665572

fs avg size: 4.66667, rl avg size: 2.08889
full test avg accu: 0.71467, test avg accu: 0.72222

training takes 7062.550 sec
