{'dataset': 'abalone', 'algorithm': 'ptdqn', 'num_clf': 20, 'num_training': 400000, 'learning_rate': 0.1, 'discount_factor': 1.0, 'epsilon': 0.1, 'random_state': 9826, 'portion': 0.5, 'sequential': False}
(4177, 11)
reading data takes 1.678 sec
number of labels: 28

Running iteration 1 of 10 fold...
[5, 0, 1, 10]
using cpu
using cpu
    accuracy, precision, recall, f_score
max0: 0.2794, 0.2469, 0.1204, 0.1100

    accuracy, precision, recall, f_score
max3: 0.2907, 0.2571, 0.1629, 0.1387

    accuracy, precision, recall, f_score
max1: 0.2775, 0.2276, 0.1561, 0.1362


min loss: 0.009, episode: 219000
max accu: 0.278, episode: 200000

12.62 classifiers used
    accuracy, precision, recall, f_score
mv: 0.2703, 0.2331, 0.1493, 0.1342
wv: 0.2416, 0.2200, 0.1504, 0.1223
fs: 0.2775, 0.2498, 0.1503, 0.1417
rl: 0.2775, 0.2276, 0.1561, 0.1362

0.18935406698564594
0.19, 0.25, 0.20, 0.10, 0.15, 0.26, 0.20, 0.11, 0.18, 0.26, 0.21, 0.10, 0.17, 0.27, 0.18, 0.09, 0.20, 0.29, 0.19, 0.09

0.19007177033492823
0.19, 0.27, 0.19, 0.12, 0.19, 0.25, 0.20, 0.10, 0.16, 0.24, 0.21, 0.11, 0.20, 0.27, 0.19, 0.09, 0.18, 0.26, 0.21, 0.09


Running iteration 2 of 10 fold...
[9, 0]
using cpu
using cpu
    accuracy, precision, recall, f_score
max0: 0.2443, 0.2186, 0.1097, 0.1050

    accuracy, precision, recall, f_score
max3: 0.2375, 0.2172, 0.1252, 0.1139

    accuracy, precision, recall, f_score
max1: 0.2488, 0.2405, 0.1434, 0.1348


min loss: 0.011, episode: 3000
max accu: 0.249, episode: 260000

3.19 classifiers used
    accuracy, precision, recall, f_score
mv: 0.2488, 0.2422, 0.1906, 0.1511
wv: 0.2416, 0.2610, 0.1999, 0.1517
fs: 0.2703, 0.2356, 0.1507, 0.1373
rl: 0.2488, 0.2405, 0.1434, 0.1348

0.19760765550239232
0.19, 0.25, 0.22, 0.11, 0.22, 0.23, 0.21, 0.12, 0.20, 0.27, 0.21, 0.08, 0.21, 0.23, 0.23, 0.10, 0.19, 0.27, 0.21, 0.10

0.19078947368421054
0.19, 0.26, 0.22, 0.09, 0.18, 0.24, 0.22, 0.09, 0.21, 0.25, 0.18, 0.11, 0.18, 0.24, 0.21, 0.09, 0.17, 0.24, 0.24, 0.11


Running iteration 3 of 10 fold...
[17, 0, 13]
using cpu
using cpu
    accuracy, precision, recall, f_score
max0: 0.2203, 0.1999, 0.1016, 0.0944

    accuracy, precision, recall, f_score
max3: 0.2215, 0.2057, 0.1235, 0.1185

    accuracy, precision, recall, f_score
max1: 0.2512, 0.2354, 0.1440, 0.1384


min loss: 0.027, episode: 1000
max accu: 0.251, episode: 340000

1.21 classifiers used
    accuracy, precision, recall, f_score
mv: 0.2536, 0.2496, 0.1430, 0.1411
wv: 0.2464, 0.2547, 0.2172, 0.1880
fs: 0.2608, 0.2634, 0.1417, 0.1386
rl: 0.2512, 0.2354, 0.1440, 0.1384

0.20071770334928232
0.19, 0.27, 0.23, 0.12, 0.21, 0.23, 0.24, 0.12, 0.19, 0.26, 0.22, 0.09, 0.19, 0.24, 0.23, 0.11, 0.21, 0.25, 0.22, 0.10

0.19186602870813396
0.16, 0.23, 0.23, 0.12, 0.19, 0.23, 0.19, 0.11, 0.20, 0.25, 0.20, 0.10, 0.17, 0.25, 0.25, 0.10, 0.21, 0.25, 0.18, 0.11


Running iteration 4 of 10 fold...
[1, 0, 13, 14, 9, 10]
using cpu
using cpu
    accuracy, precision, recall, f_score
max0: 0.2847, 0.2749, 0.1313, 0.1266

    accuracy, precision, recall, f_score
max3: 0.2801, 0.2655, 0.1579, 0.1466

    accuracy, precision, recall, f_score
max1: 0.2608, 0.2236, 0.1257, 0.1254


min loss: 0.019, episode: 144000
max accu: 0.261, episode: 160000

5.20 classifiers used
    accuracy, precision, recall, f_score
mv: 0.2321, 0.2127, 0.1162, 0.1135
wv: 0.2560, 0.2402, 0.1468, 0.1358
fs: 0.2703, 0.2258, 0.1430, 0.1348
rl: 0.2608, 0.2236, 0.1257, 0.1254

0.19724880382775117
0.21, 0.24, 0.20, 0.11, 0.20, 0.25, 0.22, 0.12, 0.19, 0.26, 0.21, 0.12, 0.20, 0.24, 0.21, 0.10, 0.21, 0.25, 0.21, 0.11

0.1950956937799043
0.19, 0.26, 0.22, 0.11, 0.19, 0.25, 0.20, 0.11, 0.21, 0.25, 0.19, 0.10, 0.19, 0.25, 0.18, 0.11, 0.20, 0.25, 0.21, 0.12

    accuracy, precision, recall, f_score
mv: 0.2512, 0.2344, 0.1498, 0.1350
wv: 0.2464, 0.2440, 0.1786, 0.1494
fs: 0.2697, 0.2437, 0.1464, 0.1381
rl: 0.2596, 0.2318, 0.1423, 0.1337

fs avg size: 3.75000, rl avg size: 5.55443
full test avg accu: 0.19196, test avg accu: 0.19623

training takes 4356.189 sec
