Namespace(dataset='dematology', mode='mlp', n_estimators=1, num_clf=50, random_state=4224, reuse=False)
Dataset dematology
(164, 35)
(165, 35)
(37, 35)
Training classifiers: Tue Mar 26 19:43:16 2019
Training sci mlp: Tue Mar 26 19:43:18 2019
Number of label: 6
(165, 301)
(37, 301)
Training tf mlp: Tue Mar 26 19:43:24 2019
epoch: 99, cost: 2.003514, accuracy: 0.339394, mse: 4.062005
epoch: 199, cost: 1.077427, accuracy: 0.678788, mse: 2.132440
epoch: 299, cost: 0.812514, accuracy: 0.781818, mse: 2.178782
epoch: 399, cost: 0.687124, accuracy: 0.830303, mse: 2.629588
epoch: 499, cost: 0.596364, accuracy: 0.860606, mse: 3.107553
epoch: 599, cost: 0.524579, accuracy: 0.884848, mse: 3.620963
epoch: 699, cost: 0.466028, accuracy: 0.903030, mse: 4.165337
epoch: 799, cost: 0.417375, accuracy: 0.909091, mse: 4.691038
epoch: 899, cost: 0.376019, accuracy: 0.921212, mse: 5.240057
epoch: 999, cost: 0.340893, accuracy: 0.921212, mse: 5.798691
full set majority vote: 1.000000
part set majority vote: 1.000000
sci mlp: 1.0
tf mlp: 0.7297297
Finish time: Tue Mar 26 19:47:55 2019
