Namespace(dataset='human_activity', mode='mlp', n_estimators=1, num_clf=50, random_state=5753, reuse=False)
Dataset human_activity
(3676, 562)
(3676, 562)
(2947, 562)
Training classifiers: Tue Mar 26 20:22:20 2019
Training sci mlp: Tue Mar 26 20:26:44 2019
Number of label: 6
(3676, 301)
(2947, 301)
Training tf mlp: Tue Mar 26 20:27:32 2019
epoch: 99, cost: 1.649027, accuracy: 0.187160, mse: 0.526430
epoch: 199, cost: 1.491854, accuracy: 0.468716, mse: 0.543510
epoch: 299, cost: 1.381642, accuracy: 0.507345, mse: 0.619676
epoch: 399, cost: 1.296516, accuracy: 0.465724, mse: 0.742761
epoch: 499, cost: 1.231419, accuracy: 0.478781, mse: 0.893596
epoch: 599, cost: 1.179464, accuracy: 0.489663, mse: 1.063440
epoch: 699, cost: 1.132754, accuracy: 0.508433, mse: 1.251408
epoch: 799, cost: 1.090206, accuracy: 0.587595, mse: 1.459965
epoch: 899, cost: 1.046922, accuracy: 0.621872, mse: 1.706901
epoch: 999, cost: 1.005651, accuracy: 0.639010, mse: 1.944093
full set majority vote: 0.925348
part set majority vote: 0.918561
sci mlp: 0.9026128266033254
tf mlp: 0.6104513
Finish time: Tue Mar 26 20:35:35 2019
