Namespace(dataset='glass', mode='mlp', n_estimators=1, num_clf=100, random_state=3564, reuse=False)
Dataset glass
(96, 10)
(97, 10)
(21, 10)
Training classifiers: Tue Mar 26 20:08:07 2019
Training sci mlp: Tue Mar 26 20:08:09 2019
Number of label: 6
(97, 601)
(21, 601)
Training tf mlp: Tue Mar 26 20:08:34 2019
epoch: 99, cost: 1.000906, accuracy: 0.701031, mse: 13.669428
epoch: 199, cost: 0.730570, accuracy: 0.793814, mse: 12.477865
epoch: 299, cost: 0.612477, accuracy: 0.814433, mse: 12.410597
epoch: 399, cost: 0.557508, accuracy: 0.835052, mse: 12.544966
epoch: 499, cost: 0.507766, accuracy: 0.835052, mse: 12.725303
epoch: 599, cost: 0.449240, accuracy: 0.876289, mse: 13.191080
epoch: 699, cost: 0.407126, accuracy: 0.876289, mse: 13.234943
epoch: 799, cost: 0.364807, accuracy: 0.907216, mse: 13.179298
epoch: 899, cost: 0.333470, accuracy: 0.917526, mse: 13.135009
epoch: 999, cost: 0.297190, accuracy: 0.927835, mse: 13.053872
full set majority vote: 0.714286
part set majority vote: 0.571429
sci mlp: 0.7619047619047619
tf mlp: 0.47619048
Finish time: Tue Mar 26 20:13:10 2019
