Namespace(dataset='dematology', mode='mlp', n_estimators=1, num_clf=100, random_state=7473, reuse=False)
Dataset dematology
(164, 35)
(165, 35)
(37, 35)
Training classifiers: Tue Mar 26 19:47:58 2019
Training sci mlp: Tue Mar 26 19:48:02 2019
Number of label: 6
(165, 601)
(37, 601)
Training tf mlp: Tue Mar 26 19:48:17 2019
epoch: 99, cost: 1.632050, accuracy: 0.563636, mse: 3.909226
epoch: 199, cost: 1.311495, accuracy: 0.630303, mse: 2.704839
epoch: 299, cost: 1.127056, accuracy: 0.678788, mse: 2.558290
epoch: 399, cost: 0.993290, accuracy: 0.721212, mse: 2.740205
epoch: 499, cost: 0.880989, accuracy: 0.721212, mse: 3.081078
epoch: 599, cost: 0.806527, accuracy: 0.727273, mse: 3.430698
epoch: 699, cost: 0.751547, accuracy: 0.739394, mse: 3.737174
epoch: 799, cost: 0.705304, accuracy: 0.745455, mse: 4.021822
epoch: 899, cost: 0.652347, accuracy: 0.745455, mse: 4.360665
epoch: 999, cost: 0.610059, accuracy: 0.769697, mse: 4.657473
full set majority vote: 1.000000
part set majority vote: 1.000000
sci mlp: 1.0
tf mlp: 0.6486486
Finish time: Tue Mar 26 19:52:58 2019
