{'dataset': 'iris', 'algorithm': 'ptdqn', 'num_clf': 50, 'num_training': 500000, 'learning_rate': 0.1, 'discount_factor': 1.0, 'epsilon': 0.1, 'random_state': 2233, 'portion': 0.5, 'sequential': False}
(300, 5)
reading data takes 0.031 sec
number of labels: 3

Running iteration 1 of 10 fold...
[34, 0, 2, 1, 4, 3, 6, 5, 7, 8, 9, 10, 11, 12, 13, 14, 15, 16, 17, 18, 19, 20, 21, 22, 23, 24, 25, 26, 27, 28, 29, 30, 31, 32, 33, 35, 36, 37, 38, 39, 40, 41, 42, 43, 44, 45, 46, 47, 48, 49]
using cpu
using cpu
    accuracy, precision, recall, f_score
max0: 0.955556, 0.955556, 0.959855, 0.959855

    accuracy, precision, recall, f_score
max3: 0.955224, 0.955708, 0.960513, 0.960724

    accuracy, precision, recall, f_score
max1: 1.000000, 1.000000, 0.333333, 0.333333


min loss: 0.008, episode: 261000
max accu: 1.000, episode: 50000

1.00 classifiers used
    accuracy, precision, recall, f_score
mv: 1.000000, 1.000000, 0.333333, 0.333333
wv: 1.000000, 1.000000, 0.333333, 0.333333
fs: 1.000000, 1.000000, 0.333333, 1.000000
rl: 1.000000, 1.000000, 0.333333, 1.000000

0.9558518518518518
0.94, 0.94, 0.95, 0.94, 0.97, 0.91, 0.97, 0.92, 0.94, 0.91, 0.97, 0.94, 0.92, 0.97, 0.97, 0.96, 0.96, 0.92, 0.97, 0.97, 0.94, 0.95, 0.94, 0.97, 0.97, 0.96, 0.95, 0.97, 0.95, 0.97, 0.95, 0.96, 0.97, 0.96, 0.98, 0.95, 0.94, 0.93, 0.97, 0.94, 0.94, 0.95, 0.97, 0.94, 0.91, 0.94, 0.95, 0.94, 0.97, 0.97

0.9489552238805972
0.94, 0.92, 0.94, 0.94, 0.97, 0.92, 0.97, 0.92, 0.94, 0.92, 0.97, 0.94, 0.92, 0.94, 0.97, 0.94, 0.94, 0.92, 0.97, 0.97, 0.92, 0.94, 0.94, 0.94, 0.95, 0.97, 0.95, 0.95, 0.95, 0.97, 0.95, 0.95, 0.97, 0.95, 0.97, 0.95, 0.95, 0.92, 0.97, 0.94, 0.92, 0.94, 0.97, 0.97, 0.92, 0.94, 0.95, 0.94, 0.95, 0.97

0.9980000000000001
1.0, 1.0, 1.0, 1.0, 1.0, 1.0, 1.0, 1.0, 1.0, 1.0, 1.0, 1.0, 1.0, 1.0, 1.0, 1.0, 0.96, 1.0, 1.0, 0.96, 1.0, 1.0, 1.0, 1.0, 1.0, 1.0, 1.0, 1.0, 1.0, 1.0, 1.0, 1.0, 1.0, 1.0, 1.0, 1.0, 1.0, 1.0, 1.0, 1.0, 1.0, 1.0, 1.0, 1.0, 1.0, 0.96, 1.0, 1.0, 1.0, 1.0

0.9980000000000001
1.0, 1.0, 1.0, 1.0, 1.0, 0.93, 1.0, 1.0, 1.0, 1.0, 1.0, 1.0, 1.0, 1.0, 1.0, 1.0, 1.0, 1.0, 1.0, 1.0, 1.0, 1.0, 1.0, 1.0, 1.0, 1.0, 1.0, 1.0, 1.0, 1.0, 1.0, 1.0, 1.0, 1.0, 1.0, 1.0, 1.0, 1.0, 1.0, 1.0, 1.0, 1.0, 0.96, 1.0, 1.0, 1.0, 1.0, 1.0, 1.0, 1.0


Running iteration 2 of 10 fold...
[31, 0, 15, 1, 4, 2, 5, 3, 6, 7, 8, 9, 10, 11, 12, 13, 14, 16, 17, 18, 19, 20, 21, 22, 23, 24, 25, 26, 27, 28, 29, 30, 32, 33, 34, 35, 36, 37, 38, 39, 40, 41, 42, 43, 44, 45, 46, 47, 48, 49]
using cpu
using cpu
    accuracy, precision, recall, f_score
max0: 0.933333, 0.936975, 0.941160, 0.938718

    accuracy, precision, recall, f_score
max3: 0.940299, 0.940299, 0.946581, 0.946581

    accuracy, precision, recall, f_score
max1: 1.000000, 1.000000, 0.666667, 0.666667


min loss: 0.005, episode: 500000
max accu: 1.000, episode: 10000

1.00 classifiers used
    accuracy, precision, recall, f_score
mv: 1.000000, 1.000000, 0.666667, 0.666667
wv: 1.000000, 1.000000, 0.666667, 0.666667
fs: 1.000000, 1.000000, 0.666667, 1.000000
rl: 1.000000, 1.000000, 0.666667, 1.000000

0.9546666666666667
0.93, 0.95, 0.94, 0.94, 0.93, 0.97, 0.95, 0.95, 0.97, 0.95, 0.95, 0.94, 0.96, 0.95, 0.95, 0.94, 0.97, 0.96, 0.92, 0.95, 0.94, 0.94, 0.94, 0.95, 0.96, 0.97, 0.88, 0.96, 0.96, 0.96, 0.97, 0.98, 0.94, 0.95, 0.97, 0.96, 0.96, 0.95, 0.93, 0.94, 0.95, 0.93, 0.94, 0.97, 0.95, 0.95, 0.95, 0.97, 0.94, 0.96

0.9498507462686567
0.95, 0.95, 0.94, 0.95, 0.94, 0.97, 0.95, 0.94, 0.97, 0.95, 0.95, 0.94, 0.95, 0.95, 0.94, 0.92, 0.97, 0.95, 0.91, 0.94, 0.94, 0.94, 0.95, 0.95, 0.94, 0.97, 0.86, 0.95, 0.95, 0.94, 0.95, 0.97, 0.94, 0.97, 0.97, 0.95, 0.95, 0.95, 0.94, 0.95, 0.95, 0.94, 0.94, 0.97, 0.95, 0.95, 0.94, 0.97, 0.94, 0.95

0.9780000000000001
1.0, 0.93, 0.96, 0.96, 1.0, 0.96, 0.96, 0.96, 1.0, 1.0, 0.93, 0.93, 0.93, 1.0, 1.0, 0.93, 1.0, 1.0, 1.0, 1.0, 0.96, 1.0, 1.0, 1.0, 1.0, 1.0, 0.93, 0.96, 0.93, 1.0, 0.96, 1.0, 1.0, 0.96, 0.96, 0.96, 1.0, 0.96, 1.0, 0.96, 1.0, 0.96, 1.0, 1.0, 0.96, 1.0, 0.93, 1.0, 0.96, 0.96

0.9946666666666667
1.0, 1.0, 1.0, 1.0, 0.96, 1.0, 0.96, 1.0, 1.0, 0.93, 1.0, 1.0, 1.0, 1.0, 0.96, 1.0, 0.96, 1.0, 1.0, 1.0, 1.0, 1.0, 0.96, 1.0, 1.0, 1.0, 1.0, 1.0, 1.0, 1.0, 1.0, 1.0, 0.96, 1.0, 1.0, 1.0, 1.0, 1.0, 1.0, 1.0, 1.0, 1.0, 1.0, 1.0, 1.0, 1.0, 1.0, 1.0, 1.0, 1.0


Running iteration 3 of 10 fold...
[5, 0, 1, 2, 3, 4, 6, 7, 8, 9, 10, 11, 12, 13, 14, 15, 16, 17, 18, 19, 20, 21, 22, 23, 24, 25, 26, 27, 28, 29, 30, 31, 32, 33, 34, 35, 36, 37, 38, 39, 40, 41, 42, 43, 44, 45, 46, 47, 48, 49]
using cpu
using cpu
    accuracy, precision, recall, f_score
max0: 0.985185, 0.985724, 0.980392, 0.983726

    accuracy, precision, recall, f_score
max3: 0.985075, 0.985627, 0.979167, 0.982958

    accuracy, precision, recall, f_score
max1: 0.933333, 1.000000, 0.311111, 0.321839


min loss: 0.006, episode: 267000
max accu: 0.933, episode: 480000

9.03 classifiers used
    accuracy, precision, recall, f_score
mv: 1.000000, 1.000000, 0.333333, 0.333333
wv: 1.000000, 1.000000, 0.333333, 0.333333
fs: 0.933333, 1.000000, 0.311111, 0.965517
rl: 0.933333, 1.000000, 0.311111, 0.965517

0.960888888888889
0.92, 0.91, 0.97, 0.97, 0.93, 0.98, 0.97, 0.98, 0.93, 0.97, 0.91, 0.92, 0.97, 0.97, 0.96, 0.98, 0.98, 0.94, 0.96, 0.98, 0.97, 0.91, 0.98, 0.98, 0.97, 0.98, 0.95, 0.97, 0.96, 0.92, 0.98, 0.91, 0.94, 0.94, 0.96, 0.98, 0.91, 0.94, 0.97, 0.94, 0.98, 0.98, 0.98, 0.97, 0.97, 0.94, 0.98, 0.91, 0.94, 0.98

0.9680597014925373
0.94, 0.91, 0.98, 0.98, 0.95, 0.98, 0.98, 0.98, 0.95, 0.98, 0.94, 0.94, 0.98, 0.98, 0.98, 0.98, 0.98, 0.97, 0.97, 0.98, 0.98, 0.94, 0.98, 0.98, 0.98, 0.98, 0.97, 0.98, 0.97, 0.94, 0.98, 0.92, 0.94, 0.97, 0.97, 0.98, 0.94, 0.94, 0.97, 0.94, 0.98, 0.98, 0.98, 0.97, 0.98, 0.92, 0.98, 0.95, 0.94, 0.98

0.8946666666666667
0.93, 0.73, 0.93, 0.86, 0.93, 0.93, 0.93, 0.93, 0.9, 0.9, 0.93, 0.93, 0.9, 0.83, 0.93, 0.93, 0.9, 0.93, 0.93, 0.9, 0.83, 0.93, 0.9, 0.93, 0.86, 0.9, 0.93, 0.93, 0.9, 0.93, 0.93, 0.83, 0.8, 0.9, 0.93, 0.93, 0.93, 0.83, 0.83, 0.83, 0.9, 0.93, 0.93, 0.9, 0.9, 0.7, 0.93, 0.96, 0.66, 0.93

0.9533333333333335
0.93, 1.0, 0.96, 0.93, 0.96, 0.93, 0.9, 1.0, 1.0, 0.96, 0.9, 0.93, 0.93, 0.93, 0.96, 0.93, 0.93, 1.0, 0.96, 1.0, 0.96, 0.86, 0.93, 0.93, 0.9, 0.9, 0.9, 1.0, 0.96, 0.96, 0.96, 0.83, 0.96, 0.93, 0.96, 0.9, 1.0, 0.93, 0.96, 1.0, 1.0, 0.93, 1.0, 1.0, 1.0, 1.0, 0.96, 0.9, 0.96, 1.0


Running iteration 4 of 10 fold...
[9, 0, 6, 2, 18, 1, 23, 4, 24, 5, 47, 3]
using cpu
using cpu
    accuracy, precision, recall, f_score
max0: 0.948148, 0.949015, 0.942535, 0.944934

    accuracy, precision, recall, f_score
max3: 0.970149, 0.972537, 0.964912, 0.967593

    accuracy, precision, recall, f_score
max1: 1.000000, 1.000000, 0.666667, 0.666667


min loss: 0.010, episode: 245000
max accu: 1.000, episode: 30000

1.00 classifiers used
    accuracy, precision, recall, f_score
mv: 1.000000, 1.000000, 0.666667, 0.666667
wv: 1.000000, 1.000000, 0.666667, 0.666667
fs: 1.000000, 1.000000, 0.666667, 1.000000
rl: 1.000000, 1.000000, 0.666667, 1.000000

0.9438518518518519
0.95, 0.94, 0.89, 0.96, 0.97, 0.94, 0.96, 0.94, 0.91, 0.97, 0.94, 0.97, 0.90, 0.94, 0.94, 0.91, 0.97, 0.91, 0.97, 0.96, 0.94, 0.97, 0.95, 0.96, 0.97, 0.93, 0.93, 0.95, 0.92, 0.96, 0.85, 0.88, 0.93, 0.93, 0.93, 0.94, 0.94, 0.95, 0.94, 0.95, 0.94, 0.95, 0.92, 0.95, 0.97, 0.97, 0.95, 0.90, 0.95, 0.94

0.966865671641791
0.97, 0.97, 0.92, 0.98, 0.98, 0.97, 0.98, 0.97, 0.94, 0.98, 0.95, 0.98, 0.94, 0.95, 0.95, 0.95, 0.98, 0.94, 0.97, 0.98, 0.98, 0.98, 0.97, 0.98, 0.98, 0.95, 0.97, 0.98, 0.95, 0.98, 0.89, 0.92, 0.95, 0.97, 0.97, 0.95, 0.97, 0.98, 0.97, 0.97, 0.97, 0.97, 0.97, 0.97, 0.98, 0.98, 0.97, 0.92, 0.98, 0.97

0.9833333333333334
1.0, 0.96, 0.96, 1.0, 1.0, 1.0, 0.93, 0.96, 1.0, 0.96, 0.96, 1.0, 1.0, 1.0, 1.0, 1.0, 1.0, 1.0, 1.0, 1.0, 1.0, 1.0, 1.0, 0.96, 0.96, 1.0, 1.0, 0.96, 1.0, 0.96, 1.0, 1.0, 1.0, 0.96, 0.96, 0.96, 1.0, 1.0, 0.96, 0.96, 1.0, 0.96, 1.0, 1.0, 0.93, 1.0, 1.0, 0.86, 0.96, 0.96

0.978
1.0, 0.96, 0.96, 1.0, 1.0, 1.0, 0.93, 1.0, 1.0, 0.96, 1.0, 1.0, 0.96, 0.93, 0.96, 1.0, 1.0, 0.93, 0.96, 0.93, 1.0, 0.93, 0.96, 0.96, 1.0, 0.96, 0.93, 1.0, 0.96, 0.96, 0.96, 0.96, 1.0, 0.96, 1.0, 1.0, 1.0, 1.0, 1.0, 0.96, 1.0, 0.96, 0.96, 1.0, 0.96, 1.0, 1.0, 0.96, 0.93, 1.0


Running iteration 5 of 10 fold...
[5, 0, 14, 10]
using cpu
using cpu
    accuracy, precision, recall, f_score
max0: 0.970370, 0.973574, 0.975309, 0.968132

    accuracy, precision, recall, f_score
max3: 0.985075, 0.985904, 0.986667, 0.983673

    accuracy, precision, recall, f_score
max1: 1.000000, 1.000000, 0.333333, 0.333333


min loss: 0.011, episode: 272000
max accu: 1.000, episode: 480000

18.97 classifiers used
    accuracy, precision, recall, f_score
mv: 1.000000, 1.000000, 0.333333, 0.333333
wv: 1.000000, 1.000000, 0.333333, 0.333333
fs: 0.966667, 1.000000, 0.322222, 0.983052
rl: 1.000000, 1.000000, 0.333333, 1.000000

0.9512592592592591
0.93, 0.96, 0.94, 0.96, 0.93, 0.97, 0.92, 0.94, 0.94, 0.96, 0.97, 0.93, 0.95, 0.96, 0.96, 0.96, 0.96, 0.97, 0.91, 0.94, 0.94, 0.97, 0.94, 0.94, 0.97, 0.97, 0.97, 0.94, 0.95, 0.94, 0.97, 0.96, 0.96, 0.92, 0.94, 0.93, 0.91, 0.94, 0.95, 0.97, 0.95, 0.93, 0.95, 0.95, 0.94, 0.94, 0.94, 0.95, 0.97, 0.93

0.9677611940298508
0.97, 0.98, 0.95, 0.98, 0.92, 0.97, 0.94, 0.95, 0.95, 0.98, 0.98, 0.97, 0.97, 0.98, 0.97, 0.98, 0.98, 0.98, 0.92, 0.95, 0.95, 0.98, 0.95, 0.95, 0.98, 0.98, 0.98, 0.95, 0.97, 0.95, 0.98, 0.98, 0.98, 0.92, 0.97, 0.98, 0.92, 0.95, 0.97, 0.98, 0.97, 0.95, 0.98, 0.98, 0.95, 0.94, 0.97, 0.97, 0.97, 0.98

0.9426666666666667
1.0, 1.0, 0.93, 1.0, 0.83, 0.86, 0.9, 0.83, 0.93, 1.0, 1.0, 0.96, 0.93, 1.0, 0.96, 1.0, 1.0, 1.0, 0.73, 0.93, 0.93, 1.0, 0.9, 0.96, 0.93, 1.0, 1.0, 0.93, 0.93, 0.93, 0.93, 0.96, 1.0, 0.93, 1.0, 0.96, 0.9, 0.83, 0.93, 1.0, 0.93, 0.83, 0.96, 0.96, 0.83, 0.93, 1.0, 0.93, 0.93, 0.96

0.9486666666666668
0.96, 0.9, 0.96, 0.96, 0.93, 0.86, 1.0, 1.0, 1.0, 1.0, 0.9, 1.0, 0.96, 0.9, 0.9, 1.0, 0.96, 1.0, 0.9, 0.86, 0.96, 0.86, 1.0, 0.9, 0.96, 0.9, 0.96, 0.9, 0.93, 0.96, 0.96, 0.9, 1.0, 0.9, 0.9, 0.96, 0.96, 1.0, 0.96, 1.0, 0.96, 0.93, 0.96, 1.0, 1.0, 0.93, 0.96, 1.0, 0.73, 1.0


Running iteration 6 of 10 fold...
[0, 1, 2, 3, 4, 5, 6, 7, 8, 9, 10, 11, 12, 13, 14, 15, 16, 17, 18, 19, 21, 20, 22, 23, 24, 25, 26, 27, 28, 29, 30, 31, 32, 33, 34, 35, 36, 37, 38, 39, 41, 40, 42, 43, 44, 45, 46, 47, 48, 49]
using cpu
using cpu
    accuracy, precision, recall, f_score
max0: 0.918519, 0.923700, 0.926430, 0.927823

    accuracy, precision, recall, f_score
max3: 0.970149, 0.970149, 0.972174, 0.972174

    accuracy, precision, recall, f_score
max1: 1.000000, 1.000000, 0.333333, 0.333333


min loss: 0.008, episode: 286000
max accu: 1.000, episode: 20000

1.00 classifiers used
    accuracy, precision, recall, f_score
mv: 1.000000, 1.000000, 0.333333, 0.333333
wv: 1.000000, 1.000000, 0.333333, 0.333333
fs: 1.000000, 1.000000, 0.333333, 1.000000
rl: 1.000000, 1.000000, 0.333333, 1.000000

0.9447407407407407
0.97, 0.94, 0.97, 0.91, 0.94, 0.94, 0.97, 0.96, 0.94, 0.94, 0.94, 0.94, 0.94, 0.93, 0.96, 0.95, 0.94, 0.94, 0.96, 0.92, 0.96, 0.87, 0.92, 0.92, 0.97, 0.92, 0.95, 0.94, 0.91, 0.94, 0.96, 0.94, 0.97, 0.93, 0.95, 0.94, 0.88, 0.94, 0.97, 0.92, 0.95, 0.92, 0.97, 0.94, 0.91, 0.94, 0.95, 0.94, 0.94, 0.97

0.97044776119403
0.98, 0.95, 0.98, 0.95, 0.97, 0.98, 0.98, 0.98, 0.97, 0.97, 0.95, 0.97, 0.97, 0.95, 0.98, 0.98, 0.98, 0.97, 0.98, 0.97, 0.98, 0.91, 0.97, 0.95, 0.98, 0.95, 0.97, 0.97, 0.95, 0.98, 0.98, 0.95, 0.98, 0.97, 0.98, 0.98, 0.91, 0.97, 0.98, 0.95, 0.97, 0.95, 0.98, 0.97, 0.92, 0.98, 0.98, 0.98, 0.97, 0.98

0.976
1.0, 1.0, 1.0, 0.9, 0.9, 1.0, 1.0, 1.0, 1.0, 1.0, 1.0, 0.9, 0.9, 0.9, 1.0, 1.0, 1.0, 1.0, 1.0, 0.9, 1.0, 1.0, 1.0, 1.0, 1.0, 1.0, 1.0, 0.9, 0.9, 1.0, 1.0, 1.0, 1.0, 0.9, 1.0, 1.0, 1.0, 0.9, 1.0, 1.0, 1.0, 0.9, 1.0, 1.0, 1.0, 1.0, 1.0, 1.0, 0.9, 1.0

1.0
1.0, 1.0, 1.0, 1.0, 1.0, 1.0, 1.0, 1.0, 1.0, 1.0, 1.0, 1.0, 1.0, 1.0, 1.0, 1.0, 1.0, 1.0, 1.0, 1.0, 1.0, 1.0, 1.0, 1.0, 1.0, 1.0, 1.0, 1.0, 1.0, 1.0, 1.0, 1.0, 1.0, 1.0, 1.0, 1.0, 1.0, 1.0, 1.0, 1.0, 1.0, 1.0, 1.0, 1.0, 1.0, 1.0, 1.0, 1.0, 1.0, 1.0


Running iteration 7 of 10 fold...
[15, 0, 3, 1, 4, 2, 7, 5, 11, 6, 10, 8, 14, 9, 16, 12, 17, 13, 19, 18, 20, 21, 22, 23, 24, 25, 26, 27, 28, 29, 30, 31, 32, 33, 34, 35, 36, 37, 38, 39, 40, 41, 42, 43, 44, 45, 46, 47, 48, 49]
using cpu
using cpu
    accuracy, precision, recall, f_score
max0: 0.955556, 0.956100, 0.959728, 0.959592

    accuracy, precision, recall, f_score
max3: 0.985075, 0.985697, 0.985507, 0.985500

    accuracy, precision, recall, f_score
max1: 1.000000, 1.000000, 0.666667, 0.666667


min loss: 0.007, episode: 267000
max accu: 1.000, episode: 20000

1.03 classifiers used
    accuracy, precision, recall, f_score
mv: 1.000000, 1.000000, 0.666667, 0.666667
wv: 1.000000, 1.000000, 0.666667, 0.666667
fs: 1.000000, 1.000000, 0.666667, 0.666667
rl: 1.000000, 1.000000, 0.666667, 0.666667

0.9386666666666668
0.94, 0.90, 0.94, 0.94, 0.90, 0.92, 0.94, 0.89, 0.89, 0.89, 0.91, 0.94, 0.94, 0.89, 0.93, 0.97, 0.93, 0.97, 0.95, 0.96, 0.96, 0.97, 0.97, 0.91, 0.96, 0.97, 0.94, 0.85, 0.95, 0.96, 0.94, 0.89, 0.96, 0.88, 0.95, 0.94, 0.91, 0.94, 0.93, 0.94, 0.96, 0.95, 0.97, 0.94, 0.97, 0.95, 0.94, 0.92, 0.95, 0.94

0.9582089552238807
0.98, 0.89, 0.97, 0.97, 0.92, 0.95, 0.98, 0.91, 0.94, 0.88, 0.92, 0.97, 0.97, 0.91, 0.97, 0.98, 0.97, 0.98, 0.97, 0.97, 0.98, 0.98, 0.98, 0.92, 0.97, 0.98, 0.98, 0.85, 0.97, 0.98, 0.97, 0.92, 0.98, 0.89, 0.97, 0.98, 0.91, 0.94, 0.94, 0.95, 0.98, 0.97, 0.98, 0.98, 0.98, 0.98, 0.98, 0.92, 0.98, 0.97

0.9780000000000001
0.96, 0.96, 0.96, 1.0, 1.0, 0.96, 0.96, 1.0, 0.9, 0.96, 1.0, 1.0, 0.96, 0.96, 1.0, 1.0, 1.0, 1.0, 0.93, 1.0, 1.0, 1.0, 1.0, 1.0, 1.0, 0.96, 1.0, 0.83, 0.96, 1.0, 0.96, 0.96, 1.0, 0.9, 0.96, 0.96, 1.0, 0.96, 1.0, 1.0, 1.0, 0.96, 1.0, 1.0, 1.0, 1.0, 0.96, 0.93, 1.0, 0.96

0.9933333333333334
1.0, 1.0, 0.96, 1.0, 1.0, 1.0, 1.0, 1.0, 1.0, 1.0, 1.0, 1.0, 1.0, 1.0, 1.0, 1.0, 1.0, 1.0, 1.0, 1.0, 1.0, 1.0, 1.0, 1.0, 1.0, 0.96, 1.0, 1.0, 0.96, 1.0, 1.0, 1.0, 1.0, 1.0, 0.96, 1.0, 0.96, 0.96, 0.96, 1.0, 1.0, 0.96, 1.0, 1.0, 1.0, 1.0, 1.0, 0.96, 1.0, 0.96


Running iteration 8 of 10 fold...
[2, 0, 7, 1, 11, 3, 12, 4, 14, 5, 17, 6, 19, 8, 21, 9, 22, 10, 24, 13, 25, 15, 27, 16, 28, 18, 30, 20, 32, 23, 34, 26, 35, 29, 36, 31, 37, 33, 38, 39, 40, 41, 43, 42]
using cpu
using cpu
    accuracy, precision, recall, f_score
max0: 0.948148, 0.954630, 0.944444, 0.947475

    accuracy, precision, recall, f_score
max3: 0.985075, 0.985697, 0.982456, 0.983899

    accuracy, precision, recall, f_score
max1: 0.833333, 1.000000, 0.277778, 0.303030


min loss: 0.006, episode: 496000
max accu: 0.833, episode: 30000

1.00 classifiers used
    accuracy, precision, recall, f_score
mv: 1.000000, 1.000000, 0.333333, 0.333333
wv: 1.000000, 1.000000, 0.333333, 0.333333
fs: 0.866667, 1.000000, 0.288889, 0.928572
rl: 0.833333, 1.000000, 0.277778, 0.909090

0.9339259259259259
0.94, 0.94, 0.95, 0.90, 0.89, 0.94, 0.94, 0.91, 0.94, 0.94, 0.94, 0.94, 0.91, 0.94, 0.95, 0.88, 0.94, 0.95, 0.94, 0.88, 0.94, 0.94, 0.95, 0.94, 0.95, 0.94, 0.94, 0.88, 0.93, 0.94, 0.85, 0.94, 0.95, 0.94, 0.95, 0.95, 0.93, 0.91, 0.93, 0.95, 0.94, 0.94, 0.90, 0.91, 0.88, 0.94, 0.88, 0.94, 0.94, 0.94

0.966865671641791
0.98, 0.98, 0.98, 0.92, 0.91, 0.98, 0.98, 0.92, 0.98, 0.98, 0.98, 1.0, 0.92, 0.97, 0.98, 0.92, 0.98, 0.98, 0.98, 0.92, 0.98, 0.98, 0.98, 0.98, 0.98, 0.98, 0.98, 0.89, 0.98, 0.98, 0.86, 0.98, 0.98, 0.98, 0.98, 0.98, 1.0, 0.92, 0.98, 0.98, 0.98, 0.97, 0.92, 0.94, 0.91, 0.98, 0.91, 0.97, 0.98, 0.98

0.8306666666666667
0.83, 0.83, 0.86, 0.83, 0.83, 0.83, 0.83, 0.86, 0.83, 0.83, 0.8, 0.9, 0.83, 0.83, 0.86, 0.76, 0.83, 0.86, 0.83, 0.66, 0.83, 0.86, 0.86, 0.83, 0.83, 0.83, 0.83, 0.73, 0.86, 0.83, 0.66, 0.83, 0.86, 0.83, 0.86, 0.86, 0.9, 0.86, 0.8, 0.86, 0.83, 0.83, 0.83, 0.8, 0.8, 0.83, 0.8, 0.83, 0.83, 0.83

0.9546666666666667
1.0, 1.0, 0.96, 0.9, 1.0, 0.96, 0.96, 1.0, 0.96, 0.96, 0.93, 0.93, 0.9, 0.86, 0.96, 0.93, 0.96, 0.96, 1.0, 0.93, 1.0, 0.93, 0.96, 1.0, 0.93, 0.93, 0.9, 0.93, 0.9, 1.0, 0.96, 0.93, 0.9, 0.93, 1.0, 0.96, 0.93, 0.96, 0.9, 0.93, 1.0, 0.96, 0.93, 0.96, 0.93, 0.93, 1.0, 0.96, 0.96, 1.0


Running iteration 9 of 10 fold...
[6, 0, 1, 2, 3, 4, 8, 5, 11, 7, 16, 9, 10, 12, 15, 13, 17, 14, 19, 18, 20, 21, 22, 23, 27, 24, 29, 25, 30, 26, 32, 28, 33, 31, 36, 34, 37, 35, 38, 39, 41, 40, 42, 43, 44, 45, 49, 46, 47, 48]
using cpu
using cpu
    accuracy, precision, recall, f_score
max0: 0.977778, 0.979060, 0.976190, 0.977753

    accuracy, precision, recall, f_score
max3: 1.000000, 1.000000, 1.000000, 1.000000

    accuracy, precision, recall, f_score
max1: 1.000000, 1.000000, 0.666667, 0.666667


min loss: 0.003, episode: 500000
max accu: 1.000, episode: 10000

3.83 classifiers used
    accuracy, precision, recall, f_score
mv: 1.000000, 1.000000, 0.666667, 0.666667
wv: 1.000000, 1.000000, 0.666667, 0.666667
fs: 1.000000, 1.000000, 0.666667, 1.000000
rl: 1.000000, 1.000000, 0.666667, 1.000000

0.9567407407407406
0.97, 0.97, 0.94, 0.94, 0.94, 0.94, 0.98, 0.96, 0.94, 0.96, 0.96, 0.97, 0.96, 0.96, 0.94, 0.97, 0.98, 0.97, 0.95, 0.91, 0.97, 0.97, 0.94, 0.93, 0.95, 0.97, 0.97, 0.97, 0.94, 0.98, 0.97, 0.88, 0.97, 0.92, 0.95, 0.94, 0.96, 0.94, 0.93, 0.94, 0.94, 0.97, 0.97, 0.96, 0.94, 0.96, 0.97, 0.95, 0.93, 0.97

0.9707462686567164
0.97, 1.0, 0.95, 0.97, 0.97, 0.97, 1.0, 0.97, 0.95, 0.97, 0.97, 0.98, 0.97, 0.97, 0.97, 0.98, 1.0, 1.0, 0.97, 0.92, 0.98, 0.98, 0.95, 0.92, 0.97, 0.95, 0.95, 0.98, 0.94, 1.0, 0.98, 0.85, 0.98, 0.94, 0.97, 0.97, 1.0, 0.95, 0.98, 0.95, 0.95, 1.0, 1.0, 1.0, 0.95, 0.97, 1.0, 0.95, 0.97, 1.0

0.9693333333333335
1.0, 1.0, 0.96, 0.96, 1.0, 0.96, 0.96, 1.0, 1.0, 1.0, 0.96, 1.0, 0.96, 1.0, 0.96, 0.93, 0.93, 0.96, 1.0, 0.93, 0.9, 0.93, 1.0, 0.9, 1.0, 0.96, 0.96, 0.96, 1.0, 1.0, 0.96, 0.9, 0.96, 0.93, 0.96, 1.0, 1.0, 0.96, 0.86, 0.93, 0.96, 1.0, 0.96, 1.0, 0.96, 1.0, 0.96, 1.0, 0.96, 0.96

0.9826666666666668
1.0, 1.0, 1.0, 0.96, 0.96, 0.96, 0.96, 0.96, 0.96, 1.0, 1.0, 1.0, 0.96, 0.96, 0.96, 1.0, 0.96, 1.0, 0.96, 0.96, 0.96, 1.0, 1.0, 1.0, 1.0, 0.96, 1.0, 0.96, 0.96, 0.96, 1.0, 0.96, 1.0, 1.0, 1.0, 0.96, 0.96, 1.0, 1.0, 0.96, 1.0, 1.0, 0.96, 0.96, 0.96, 0.96, 1.0, 1.0, 1.0, 0.96


Running iteration 10 of 10 fold...
[6, 0, 1, 2, 3, 4, 5, 7, 8, 9, 11, 10, 13, 12, 16, 14, 19, 15, 20, 17, 26, 18, 22, 21, 25, 23, 27, 24, 28, 29, 47, 30, 32, 31, 35, 33, 36, 34]
using cpu
using cpu
    accuracy, precision, recall, f_score
max0: 0.985185, 0.985945, 0.987654, 0.984939

    accuracy, precision, recall, f_score
max3: 0.970149, 0.973291, 0.973333, 0.967593

    accuracy, precision, recall, f_score
max1: 1.000000, 1.000000, 0.333333, 0.333333


min loss: 0.012, episode: 256000
max accu: 1.000, episode: 480000

4.00 classifiers used
    accuracy, precision, recall, f_score
mv: 1.000000, 1.000000, 0.333333, 0.333333
wv: 1.000000, 1.000000, 0.333333, 0.333333
fs: 1.000000, 1.000000, 0.333333, 1.000000
rl: 1.000000, 1.000000, 0.333333, 1.000000

0.961037037037037
0.94, 0.90, 0.95, 0.96, 0.97, 0.97, 0.99, 0.97, 0.97, 0.98, 0.95, 0.97, 0.97, 0.96, 0.96, 0.97, 0.95, 0.95, 0.97, 0.95, 0.96, 0.97, 0.97, 0.98, 0.97, 0.96, 0.99, 0.95, 0.95, 0.87, 0.97, 0.97, 0.88, 0.97, 0.97, 0.90, 0.97, 0.98, 0.96, 0.98, 0.94, 0.97, 0.91, 0.94, 0.97, 0.90, 0.99, 0.98, 0.97, 0.94

0.9698507462686569
0.95, 0.88, 0.95, 0.97, 0.97, 0.97, 1.0, 1.0, 1.0, 1.0, 0.97, 0.97, 1.0, 0.95, 1.0, 0.97, 0.97, 0.97, 1.0, 0.94, 0.97, 1.0, 0.97, 1.0, 1.0, 0.97, 1.0, 0.97, 0.97, 0.86, 0.98, 0.98, 0.89, 1.0, 0.97, 0.91, 0.97, 1.0, 0.97, 1.0, 0.95, 0.97, 0.91, 0.95, 0.97, 0.91, 1.0, 1.0, 1.0, 0.97

0.9293333333333332
0.96, 0.9, 0.86, 0.96, 0.96, 0.96, 0.96, 0.9, 1.0, 0.93, 0.9, 0.9, 0.9, 0.9, 0.9, 0.86, 0.93, 0.93, 0.9, 1.0, 1.0, 0.93, 1.0, 0.93, 0.9, 0.93, 0.93, 1.0, 0.9, 0.86, 0.83, 0.73, 1.0, 0.93, 0.96, 0.9, 1.0, 0.96, 0.93, 0.9, 0.83, 0.96, 0.96, 0.76, 0.96, 0.96, 0.96, 0.96, 0.93, 1.0

0.9613333333333334
0.96, 0.96, 0.93, 0.9, 0.93, 1.0, 0.9, 1.0, 0.96, 0.9, 0.96, 1.0, 0.96, 0.96, 0.96, 0.96, 0.96, 1.0, 1.0, 0.96, 1.0, 1.0, 0.93, 1.0, 0.83, 1.0, 0.9, 1.0, 0.96, 0.96, 0.96, 0.93, 1.0, 0.9, 1.0, 1.0, 1.0, 0.93, 1.0, 0.96, 1.0, 1.0, 0.96, 0.93, 0.93, 1.0, 0.96, 0.93, 0.83, 0.96

    accuracy, precision, recall, f_score
mv: 1.000000, 1.000000, 1.000000, 1.000000
wv: 1.000000, 1.000000, 1.000000, 1.000000
fs: 0.976667, 1.000000, 0.458889, 0.987714
rl: 0.976667, 1.000000, 0.458889, 0.987461

fs avg size: 39.80000, rl avg size: 4.18667
full test avg accu: 0.97647, test avg accu: 0.94800

training takes 56139.291 sec
