{'dataset': 'iris', 'algorithm': 'ptdqn', 'num_clf': 20, 'num_training': 350000, 'learning_rate': 0.1, 'discount_factor': 1.0, 'epsilon': 0.1, 'random_state': 4897, 'portion': 0.5, 'sequential': False}
(300, 5)
reading data takes 0.021 sec
number of labels: 3

Running iteration 1 of 10 fold...
[2, 0, 1, 3, 8, 7, 5, 11, 9, 15, 13, 19, 17]
using cpu
using cpu
    accuracy, precision, recall, f_score
max0: 0.9630, 0.9645, 0.9589, 0.9583

    accuracy, precision, recall, f_score
max3: 0.9851, 0.9861, 0.9815, 0.9790

    accuracy, precision, recall, f_score
max1: 0.9667, 0.9700, 0.9744, 0.9691


min loss: 0.007, episode: 350000
max accu: 0.967, episode: 20000

1.00 classifiers used
    accuracy, precision, recall, f_score
mv: 0.9333, 0.9455, 0.9487, 0.9389
wv: 0.9333, 0.9455, 0.9487, 0.9389
fs: 0.9667, 0.9700, 0.9744, 0.9691
rl: 0.9667, 0.9700, 0.9744, 0.9691

0.9349999999999998
0.96, 0.63, 0.93, 0.96, 0.96, 0.96, 0.93, 0.96, 0.9, 0.96, 0.93, 0.96, 0.93, 0.96, 0.93, 0.96, 0.93, 0.93, 0.96, 0.96

0.9416666666666664
0.9, 0.96, 0.93, 0.96, 0.96, 0.93, 0.93, 0.96, 0.96, 0.93, 0.93, 0.93, 0.9, 0.93, 0.93, 0.96, 0.96, 0.93, 0.9, 0.96


Running iteration 2 of 10 fold...
[9, 0, 1, 4, 2, 16, 3, 18, 5]
using cpu
using cpu
    accuracy, precision, recall, f_score
max0: 0.9704, 0.9710, 0.9671, 0.9674

    accuracy, precision, recall, f_score
max3: 0.9851, 0.9859, 0.9792, 0.9797

    accuracy, precision, recall, f_score
max1: 1.0000, 1.0000, 1.0000, 1.0000


min loss: 0.008, episode: 345000
max accu: 1.000, episode: 40000

1.00 classifiers used
    accuracy, precision, recall, f_score
mv: 1.0000, 1.0000, 1.0000, 1.0000
wv: 1.0000, 1.0000, 1.0000, 1.0000
fs: 1.0000, 1.0000, 1.0000, 1.0000
rl: 1.0000, 1.0000, 1.0000, 1.0000

0.9899999999999997
1.0, 1.0, 1.0, 1.0, 0.96, 1.0, 1.0, 1.0, 1.0, 1.0, 0.96, 1.0, 1.0, 1.0, 1.0, 1.0, 0.96, 0.96, 0.96, 0.96

0.9916666666666666
1.0, 0.96, 1.0, 1.0, 1.0, 1.0, 0.96, 1.0, 1.0, 1.0, 1.0, 0.96, 0.96, 1.0, 1.0, 1.0, 1.0, 1.0, 0.96, 1.0


Running iteration 3 of 10 fold...
[12, 0, 7, 1]
using cpu
using cpu
    accuracy, precision, recall, f_score
max0: 0.9778, 0.9779, 0.9758, 0.9761

    accuracy, precision, recall, f_score
max3: 0.9851, 0.9858, 0.9804, 0.9818

    accuracy, precision, recall, f_score
max1: 1.0000, 1.0000, 1.0000, 1.0000


min loss: 0.007, episode: 338000
max accu: 1.000, episode: 260000

12.83 classifiers used
    accuracy, precision, recall, f_score
mv: 1.0000, 1.0000, 1.0000, 1.0000
wv: 1.0000, 1.0000, 1.0000, 1.0000
fs: 1.0000, 1.0000, 1.0000, 1.0000
rl: 1.0000, 1.0000, 1.0000, 1.0000

0.933333333333333
0.96, 0.36, 0.96, 0.96, 0.9, 1.0, 0.93, 0.96, 0.96, 0.96, 0.96, 0.96, 1.0, 0.96, 0.96, 0.96, 0.93, 0.96, 0.96, 0.96

0.9666666666666665
1.0, 0.96, 0.96, 0.93, 0.96, 0.96, 0.93, 0.96, 0.96, 1.0, 0.96, 0.96, 0.93, 0.96, 0.96, 0.96, 0.96, 1.0, 0.96, 0.96


Running iteration 4 of 10 fold...
[13, 0, 1, 2, 3, 4, 5, 6, 9, 7, 10, 8, 14, 11, 17, 12]
using cpu
using cpu
    accuracy, precision, recall, f_score
max0: 0.9630, 0.9644, 0.9616, 0.9608

    accuracy, precision, recall, f_score
max3: 0.9701, 0.9731, 0.9667, 0.9649

    accuracy, precision, recall, f_score
max1: 1.0000, 1.0000, 1.0000, 1.0000


min loss: 0.009, episode: 350000
max accu: 1.000, episode: 210000

2.00 classifiers used
    accuracy, precision, recall, f_score
mv: 1.0000, 1.0000, 1.0000, 1.0000
wv: 1.0000, 1.0000, 1.0000, 1.0000
fs: 1.0000, 1.0000, 1.0000, 1.0000
rl: 1.0000, 1.0000, 1.0000, 1.0000

0.9949999999999999
1.0, 1.0, 1.0, 0.96, 1.0, 1.0, 1.0, 1.0, 1.0, 1.0, 1.0, 1.0, 0.96, 1.0, 1.0, 0.96, 1.0, 1.0, 1.0, 1.0

0.9916666666666666
0.96, 1.0, 1.0, 1.0, 1.0, 1.0, 1.0, 1.0, 0.96, 1.0, 1.0, 0.96, 1.0, 1.0, 1.0, 0.96, 1.0, 1.0, 1.0, 0.96

    accuracy, precision, recall, f_score
mv: 0.9833, 0.9864, 0.9872, 0.9847
wv: 0.9833, 0.9864, 0.9872, 0.9847
fs: 0.9917, 0.9925, 0.9936, 0.9923
rl: 0.9917, 0.9925, 0.9936, 0.9923

fs avg size: 10.50000, rl avg size: 4.20833
full test avg accu: 0.97292, test avg accu: 0.96333

training takes 6194.263 sec
