{'dataset': 'heart', 'algorithm': 'ptdqn', 'num_clf': 50, 'num_training': 350000, 'learning_rate': 0.1, 'discount_factor': 1.0, 'epsilon': 0.1, 'random_state': 5660, 'portion': 0.5, 'sequential': False}
(270, 21)
reading data takes 0.537 sec
number of labels: 2

Running iteration 1 of 10 fold...
[33, 0, 12, 11, 35, 1]
using cpu
using cpu
    accuracy, precision, recall, f_score
max0: 0.842975, 0.843959, 0.836650, 0.839422

    accuracy, precision, recall, f_score
max3: 0.819672, 0.825309, 0.807734, 0.812413

    accuracy, precision, recall, f_score
max1: 0.814815, 0.816049, 0.813187, 0.813793


min loss: 0.007, episode: 250000
max accu: 0.815, episode: 200000

22.81 classifiers used
    accuracy, precision, recall, f_score
mv: 0.814815, 0.817053, 0.815934, 0.814815
wv: 0.814815, 0.817053, 0.815934, 0.814815
fs: 0.777778, 0.785185, 0.780220, 0.777473
rl: 0.814815, 0.816049, 0.813187, 0.813793

0.7391735537190084
0.73, 0.76, 0.64, 0.69, 0.63, 0.66, 0.70, 0.73, 0.76, 0.70, 0.80, 0.68, 0.78, 0.68, 0.74, 0.67, 0.76, 0.72, 0.73, 0.79, 0.78, 0.79, 0.77, 0.76, 0.71, 0.77, 0.76, 0.73, 0.66, 0.71, 0.76, 0.64, 0.71, 0.80, 0.74, 0.77, 0.71, 0.74, 0.73, 0.76, 0.79, 0.76, 0.73, 0.76, 0.80, 0.78, 0.72, 0.75, 0.73, 0.74

0.7170491803278688
0.65, 0.72, 0.62, 0.72, 0.50, 0.63, 0.68, 0.73, 0.73, 0.67, 0.77, 0.67, 0.85, 0.63, 0.73, 0.63, 0.68, 0.67, 0.73, 0.81, 0.81, 0.78, 0.77, 0.78, 0.63, 0.72, 0.67, 0.65, 0.70, 0.68, 0.78, 0.54, 0.72, 0.77, 0.73, 0.78, 0.73, 0.68, 0.75, 0.75, 0.73, 0.75, 0.67, 0.75, 0.83, 0.78, 0.70, 0.68, 0.78, 0.67

0.705185185185185
0.77, 0.74, 0.44, 0.66, 0.48, 0.70, 0.70, 0.55, 0.70, 0.74, 0.74, 0.62, 0.62, 0.85, 0.48, 0.66, 0.77, 0.66, 0.48, 0.77, 0.74, 0.85, 0.74, 0.59, 0.59, 0.77, 0.62, 0.85, 0.70, 0.66, 0.66, 0.62, 0.74, 0.85, 0.85, 0.85, 0.59, 0.85, 0.55, 0.77, 0.81, 0.70, 0.66, 0.70, 0.81, 0.85, 0.74, 0.74, 0.74, 0.74

0.711851851851852
0.66, 0.74, 0.70, 0.88, 0.70, 0.62, 0.74, 0.77, 0.74, 0.70, 0.55, 0.81, 0.81, 0.81, 0.74, 0.62, 0.55, 0.74, 0.66, 0.77, 0.66, 0.77, 0.70, 0.88, 0.62, 0.77, 0.74, 0.62, 0.74, 0.59, 0.74, 0.66, 0.74, 0.66, 0.85, 0.62, 0.70, 0.66, 0.70, 0.59, 0.62, 0.77, 0.59, 0.66, 0.81, 0.62, 0.77, 0.62, 0.81, 0.74


Running iteration 2 of 10 fold...
[2, 0, 49, 11, 12, 28]
using cpu
using cpu
    accuracy, precision, recall, f_score
max0: 0.818182, 0.817524, 0.799372, 0.805409

    accuracy, precision, recall, f_score
max3: 0.786885, 0.784186, 0.760297, 0.766559

    accuracy, precision, recall, f_score
max1: 0.888889, 0.891331, 0.890110, 0.888889


min loss: 0.007, episode: 228000
max accu: 0.889, episode: 350000

30.59 classifiers used
    accuracy, precision, recall, f_score
mv: 0.851852, 0.860494, 0.854396, 0.851648
wv: 0.851852, 0.860494, 0.854396, 0.851648
fs: 0.814815, 0.817053, 0.815934, 0.814815
rl: 0.888889, 0.891331, 0.890110, 0.888889

0.7165289256198348
0.66, 0.68, 0.79, 0.71, 0.69, 0.73, 0.72, 0.72, 0.72, 0.69, 0.76, 0.78, 0.78, 0.75, 0.67, 0.74, 0.74, 0.70, 0.72, 0.66, 0.73, 0.68, 0.68, 0.71, 0.66, 0.71, 0.73, 0.67, 0.74, 0.71, 0.70, 0.73, 0.71, 0.68, 0.66, 0.78, 0.64, 0.71, 0.61, 0.73, 0.78, 0.72, 0.71, 0.70, 0.71, 0.76, 0.71, 0.67, 0.71, 0.71

0.7085245901639344
0.67, 0.62, 0.85, 0.67, 0.63, 0.70, 0.75, 0.72, 0.70, 0.73, 0.78, 0.78, 0.78, 0.73, 0.75, 0.72, 0.67, 0.72, 0.67, 0.72, 0.78, 0.65, 0.65, 0.77, 0.70, 0.67, 0.68, 0.72, 0.75, 0.67, 0.73, 0.70, 0.68, 0.67, 0.67, 0.70, 0.60, 0.73, 0.60, 0.75, 0.80, 0.65, 0.70, 0.70, 0.68, 0.72, 0.73, 0.63, 0.65, 0.70

0.7074074074074074
0.81, 0.55, 0.74, 0.70, 0.44, 0.66, 0.66, 0.77, 0.77, 0.74, 0.70, 0.85, 0.77, 0.70, 0.66, 0.55, 0.70, 0.62, 0.88, 0.59, 0.70, 0.44, 0.70, 0.74, 0.70, 0.70, 0.70, 0.70, 0.62, 0.77, 0.74, 0.81, 0.70, 0.88, 0.70, 0.74, 0.74, 0.70, 0.66, 0.81, 0.77, 0.66, 0.70, 0.74, 0.66, 0.62, 0.66, 0.77, 0.70, 0.74

0.6874074074074074
0.85, 0.74, 0.59, 0.74, 0.55, 0.59, 0.66, 0.66, 0.70, 0.77, 0.59, 0.55, 0.77, 0.85, 0.62, 0.74, 0.74, 0.81, 0.66, 0.62, 0.77, 0.81, 0.44, 0.55, 0.85, 0.70, 0.74, 0.66, 0.62, 0.59, 0.66, 0.59, 0.66, 0.66, 0.70, 0.70, 0.81, 0.59, 0.81, 0.74, 0.74, 0.59, 0.55, 0.62, 0.81, 0.62, 0.59, 0.66, 0.77, 0.74


Running iteration 3 of 10 fold...
[7, 0, 22, 44, 15, 24, 23, 31]
using cpu
using cpu
    accuracy, precision, recall, f_score
max0: 0.842975, 0.842358, 0.829678, 0.831167

    accuracy, precision, recall, f_score
max3: 0.852459, 0.851765, 0.841779, 0.844255

    accuracy, precision, recall, f_score
max1: 0.814815, 0.818071, 0.816667, 0.813793


min loss: 0.007, episode: 226000
max accu: 0.815, episode: 340000

23.85 classifiers used
    accuracy, precision, recall, f_score
mv: 0.777778, 0.787546, 0.783333, 0.777473
wv: 0.777778, 0.787546, 0.783333, 0.777473
fs: 0.666667, 0.670330, 0.666667, 0.664828
rl: 0.814815, 0.818071, 0.816667, 0.813793

0.7310743801652891
0.75, 0.76, 0.71, 0.78, 0.66, 0.67, 0.71, 0.84, 0.70, 0.59, 0.76, 0.68, 0.70, 0.71, 0.75, 0.81, 0.66, 0.80, 0.76, 0.76, 0.76, 0.70, 0.73, 0.76, 0.74, 0.73, 0.72, 0.74, 0.68, 0.70, 0.72, 0.71, 0.74, 0.74, 0.73, 0.68, 0.71, 0.76, 0.70, 0.71, 0.67, 0.73, 0.66, 0.70, 0.78, 0.73, 0.77, 0.76, 0.71, 0.78

0.7314754098360656
0.80, 0.75, 0.70, 0.78, 0.68, 0.72, 0.72, 0.83, 0.70, 0.54, 0.77, 0.68, 0.70, 0.65, 0.81, 0.81, 0.68, 0.80, 0.81, 0.75, 0.70, 0.75, 0.75, 0.72, 0.73, 0.70, 0.67, 0.78, 0.67, 0.73, 0.68, 0.77, 0.78, 0.70, 0.75, 0.73, 0.70, 0.77, 0.70, 0.73, 0.65, 0.68, 0.55, 0.67, 0.78, 0.78, 0.75, 0.77, 0.73, 0.77

0.6585185185185186
0.66, 0.77, 0.51, 0.66, 0.66, 0.66, 0.74, 0.66, 0.70, 0.51, 0.62, 0.70, 0.48, 0.66, 0.55, 0.77, 0.62, 0.55, 0.74, 0.74, 0.62, 0.66, 0.59, 0.62, 0.66, 0.66, 0.70, 0.62, 0.59, 0.66, 0.62, 0.62, 0.62, 0.70, 0.70, 0.62, 0.48, 0.74, 0.55, 0.70, 0.74, 0.55, 0.77, 0.85, 0.51, 0.74, 0.62, 0.66, 0.70, 0.81

0.6711111111111109
0.48, 0.66, 0.44, 0.70, 0.66, 0.74, 0.62, 0.74, 0.62, 0.70, 0.70, 0.66, 0.66, 0.70, 0.70, 0.62, 0.66, 0.62, 0.66, 0.70, 0.51, 0.66, 0.55, 0.59, 0.70, 0.74, 0.70, 0.66, 0.66, 0.70, 0.66, 0.74, 0.74, 0.74, 0.85, 0.66, 0.66, 0.62, 0.70, 0.70, 0.62, 0.62, 0.59, 0.81, 0.77, 0.55, 0.74, 0.66, 0.70, 0.66

    accuracy, precision, recall, f_score
mv: 0.814815, 0.821698, 0.817888, 0.814645
wv: 0.814815, 0.821698, 0.817888, 0.814645
fs: 0.753086, 0.757523, 0.754274, 0.752372
rl: 0.839506, 0.841817, 0.839988, 0.838825

fs avg size: 6.66667, rl avg size: 25.75309
full test avg accu: 0.69012, test avg accu: 0.69037

training takes 14458.408 sec
