{'dataset': 'heart', 'algorithm': 'ptdqn', 'num_clf': 100, 'num_training': 350000, 'learning_rate': 0.1, 'discount_factor': 1.0, 'epsilon': 0.1, 'random_state': 5433, 'portion': 0.5, 'sequential': False}
(270, 21)
reading data takes 0.843 sec
number of labels: 2

Running iteration 1 of 10 fold...
[15, 0, 45, 9, 63, 22, 84, 16, 43]
using cpu
using cpu
    accuracy, precision, recall, f_score
max0: 0.7438, 0.7512, 0.7469, 0.7420

    accuracy, precision, recall, f_score
max3: 0.7377, 0.7373, 0.7332, 0.7342

    accuracy, precision, recall, f_score
max1: 0.8148, 0.8175, 0.7500, 0.7692


min loss: 0.006, episode: 238000
max accu: 0.815, episode: 30000

1.00 classifiers used
    accuracy, precision, recall, f_score
mv: 0.8519, 0.8519, 0.8333, 0.8333
wv: 0.8519, 0.8524, 0.8056, 0.8224
fs: 0.8519, 0.8524, 0.8056, 0.8224
rl: 0.8148, 0.8175, 0.7500, 0.7692

0.681111111111111
0.66, 0.81, 0.70, 0.74, 0.70, 0.33, 0.55, 0.81, 0.59, 0.44, 0.70, 0.81, 0.62, 0.74, 0.59, 0.85, 0.66, 0.44, 0.66, 0.70, 0.55, 0.81, 0.77, 0.74, 0.66, 0.66, 0.74, 0.66, 0.59, 0.85, 0.74, 0.66, 0.74, 0.70, 0.70, 0.74, 0.74, 0.59, 0.62, 0.74, 0.74, 0.66, 0.77, 0.74, 0.62, 0.59, 0.74, 0.74, 0.62, 0.59, 0.51, 0.66, 0.66, 0.44, 0.77, 0.66, 0.70, 0.74, 0.74, 0.74, 0.70, 0.44, 0.74, 0.70, 0.59, 0.66, 0.74, 0.74, 0.81, 0.66, 0.70, 0.62, 0.77, 0.62, 0.77, 0.66, 0.55, 0.66, 0.66, 0.74, 0.59, 0.48, 0.81, 0.77, 0.81, 0.74, 0.70, 0.74, 0.70, 0.77, 0.70, 0.77, 0.62, 0.70, 0.74, 0.74, 0.55, 0.29, 0.62, 0.77

0.6940740740740741
0.77, 0.85, 0.59, 0.70, 0.74, 0.74, 0.74, 0.85, 0.85, 0.51, 0.62, 0.77, 0.70, 0.70, 0.81, 0.81, 0.81, 0.81, 0.55, 0.77, 0.74, 0.62, 0.66, 0.85, 0.77, 0.85, 0.74, 0.74, 0.74, 0.77, 0.55, 0.74, 0.70, 0.81, 0.66, 0.81, 0.85, 0.55, 0.66, 0.62, 0.66, 0.55, 0.81, 0.70, 0.70, 0.25, 0.62, 0.77, 0.70, 0.48, 0.59, 0.77, 0.66, 0.70, 0.81, 0.74, 0.70, 0.62, 0.77, 0.70, 0.77, 0.55, 0.85, 0.81, 0.59, 0.22, 0.74, 0.77, 0.70, 0.77, 0.66, 0.62, 0.59, 0.59, 0.55, 0.70, 0.66, 0.74, 0.70, 0.74, 0.70, 0.74, 0.62, 0.81, 0.55, 0.74, 0.66, 0.66, 0.48, 0.33, 0.66, 0.70, 0.62, 0.74, 0.70, 0.81, 0.74, 0.44, 0.74, 0.77


Running iteration 2 of 10 fold...
[63, 0, 85, 80]
using cpu
using cpu
    accuracy, precision, recall, f_score
max0: 0.8017, 0.8008, 0.7925, 0.7942

    accuracy, precision, recall, f_score
max3: 0.7705, 0.7718, 0.7598, 0.7628

    accuracy, precision, recall, f_score
max1: 0.8519, 0.8637, 0.8608, 0.8500


min loss: 0.005, episode: 264000
max accu: 0.852, episode: 30000

1.00 classifiers used
    accuracy, precision, recall, f_score
mv: 0.8889, 0.8926, 0.8920, 0.8864
wv: 0.8889, 0.8926, 0.8920, 0.8864
fs: 0.8889, 0.8926, 0.8920, 0.8864
rl: 0.8519, 0.8637, 0.8608, 0.8500

0.7222222222222221
0.74, 0.70, 0.66, 0.85, 0.85, 0.51, 0.62, 0.85, 0.81, 0.85, 0.62, 0.77, 0.66, 0.59, 0.66, 0.77, 0.66, 0.62, 0.70, 0.85, 0.70, 0.66, 0.70, 0.74, 0.74, 0.44, 0.85, 0.85, 0.74, 0.37, 0.70, 0.88, 0.77, 0.85, 0.70, 0.81, 0.70, 0.55, 0.77, 0.62, 0.77, 0.33, 0.66, 0.81, 0.85, 0.37, 0.62, 0.85, 0.77, 0.59, 0.62, 0.77, 0.85, 0.66, 0.70, 0.85, 0.88, 0.59, 0.59, 0.81, 0.77, 0.88, 0.62, 0.88, 0.62, 0.51, 0.59, 0.81, 0.85, 0.37, 0.66, 0.85, 0.66, 0.77, 0.81, 0.88, 0.85, 0.62, 0.66, 0.77, 0.77, 0.74, 0.70, 0.77, 0.74, 0.88, 0.77, 0.77, 0.74, 0.81, 0.66, 0.77, 0.81, 0.59, 0.74, 0.81, 0.77, 0.51, 0.77, 0.74

0.7218518518518519
0.62, 0.85, 0.66, 0.77, 0.85, 0.77, 0.66, 0.85, 0.70, 0.85, 0.66, 0.85, 0.77, 0.77, 0.62, 0.77, 0.77, 0.77, 0.55, 0.81, 0.81, 0.66, 0.62, 0.88, 0.81, 0.51, 0.66, 0.77, 0.74, 0.74, 0.62, 0.74, 0.62, 0.44, 0.66, 0.77, 0.77, 0.59, 0.66, 0.85, 0.77, 0.77, 0.62, 0.81, 0.59, 0.59, 0.51, 0.81, 0.59, 0.77, 0.77, 0.81, 0.70, 0.74, 0.55, 0.88, 0.81, 0.29, 0.70, 0.88, 0.81, 0.44, 0.66, 0.77, 0.70, 0.66, 0.66, 0.77, 0.88, 0.77, 0.59, 0.81, 0.74, 0.66, 0.66, 0.74, 0.77, 0.81, 0.66, 0.85, 0.77, 0.55, 0.62, 0.70, 0.77, 0.59, 0.59, 0.81, 0.70, 0.92, 0.51, 0.81, 0.85, 0.74, 0.66, 0.88, 0.77, 0.59, 0.70, 0.88


Running iteration 3 of 10 fold...
[63, 0, 49, 32, 17, 60, 15, 92, 36, 35, 3, 61, 2]
using cpu
using cpu
    accuracy, precision, recall, f_score
max0: 0.7686, 0.7761, 0.7690, 0.7627

    accuracy, precision, recall, f_score
max3: 0.7377, 0.7562, 0.7472, 0.7359

    accuracy, precision, recall, f_score
max1: 0.8148, 0.8352, 0.8250, 0.8148


min loss: 0.005, episode: 240000
max accu: 0.815, episode: 200000

3.41 classifiers used
    accuracy, precision, recall, f_score
mv: 0.7778, 0.8519, 0.8000, 0.7750
wv: 0.7778, 0.8519, 0.8000, 0.7750
fs: 0.8148, 0.8693, 0.8333, 0.8138
rl: 0.8148, 0.8352, 0.8250, 0.8148

0.6851851851851853
0.70, 0.77, 0.66, 0.70, 0.70, 0.55, 0.77, 0.66, 0.77, 0.55, 0.70, 0.81, 0.62, 0.22, 0.62, 0.77, 0.70, 0.48, 0.74, 0.62, 0.66, 0.51, 0.62, 0.74, 0.66, 0.44, 0.77, 0.62, 0.85, 0.55, 0.62, 0.81, 0.77, 0.48, 0.62, 0.81, 0.55, 0.88, 0.70, 0.77, 0.77, 0.81, 0.66, 0.81, 0.85, 0.55, 0.70, 0.74, 0.62, 0.81, 0.62, 0.85, 0.88, 0.33, 0.66, 0.77, 0.70, 0.62, 0.70, 0.74, 0.70, 0.18, 0.62, 0.70, 0.70, 0.77, 0.59, 0.77, 0.81, 0.51, 0.55, 0.74, 0.48, 0.81, 0.70, 0.74, 0.74, 0.77, 0.74, 0.77, 0.74, 0.44, 0.74, 0.81, 0.85, 0.44, 0.66, 0.74, 0.70, 0.74, 0.74, 0.66, 0.85, 0.77, 0.66, 0.74, 0.59, 0.66, 0.70, 0.66

0.7033333333333333
0.77, 0.70, 0.74, 0.70, 0.70, 0.74, 0.62, 0.81, 0.77, 0.81, 0.59, 0.62, 0.74, 0.59, 0.74, 0.88, 0.62, 0.74, 0.77, 0.77, 0.55, 0.81, 0.74, 0.66, 0.70, 0.77, 0.70, 0.74, 0.66, 0.48, 0.48, 0.74, 0.62, 0.77, 0.66, 0.66, 0.74, 0.40, 0.66, 0.77, 0.77, 0.85, 0.77, 0.62, 0.74, 0.77, 0.66, 0.77, 0.85, 0.29, 0.62, 0.66, 0.70, 0.77, 0.62, 0.81, 0.74, 0.70, 0.85, 0.88, 0.81, 0.33, 0.66, 0.66, 0.70, 0.85, 0.66, 0.70, 0.66, 0.70, 0.74, 0.77, 0.74, 0.44, 0.74, 0.70, 0.66, 0.81, 0.70, 0.55, 0.66, 0.55, 0.62, 0.59, 0.59, 0.77, 0.66, 0.70, 0.81, 0.81, 0.62, 0.81, 0.77, 0.59, 0.66, 0.66, 0.88, 0.74, 0.77, 0.81


Running iteration 4 of 10 fold...
[55, 0, 83, 7, 1, 97, 12, 24, 2, 29, 21, 52, 16, 19, 3, 81, 22, 27, 6]
using cpu
using cpu
    accuracy, precision, recall, f_score
max0: 0.8182, 0.8199, 0.8125, 0.8101

    accuracy, precision, recall, f_score
max3: 0.8197, 0.8260, 0.8228, 0.8165

    accuracy, precision, recall, f_score
max1: 0.7407, 0.7469, 0.7250, 0.7273


min loss: 0.007, episode: 273000
max accu: 0.741, episode: 260000

43.63 classifiers used
    accuracy, precision, recall, f_score
mv: 0.7037, 0.7033, 0.6917, 0.6932
wv: 0.7407, 0.7399, 0.7333, 0.7349
fs: 0.7407, 0.7469, 0.7250, 0.7273
rl: 0.7407, 0.7469, 0.7250, 0.7273

0.6144444444444443
0.74, 0.51, 0.44, 0.59, 0.70, 0.48, 0.48, 0.81, 0.62, 0.66, 0.40, 0.62, 0.74, 0.59, 0.59, 0.70, 0.66, 0.70, 0.40, 0.77, 0.74, 0.62, 0.51, 0.66, 0.70, 0.48, 0.44, 0.85, 0.51, 0.48, 0.48, 0.74, 0.77, 0.48, 0.51, 0.70, 0.40, 0.55, 0.55, 0.66, 0.88, 0.51, 0.40, 0.70, 0.77, 0.55, 0.44, 0.62, 0.74, 0.74, 0.55, 0.59, 0.70, 0.66, 0.48, 0.74, 0.74, 0.44, 0.37, 0.70, 0.70, 0.48, 0.48, 0.66, 0.62, 0.55, 0.55, 0.66, 0.66, 0.44, 0.51, 0.70, 0.66, 0.44, 0.48, 0.77, 0.74, 0.44, 0.48, 0.66, 0.59, 0.74, 0.59, 0.77, 0.77, 0.74, 0.55, 0.81, 0.62, 0.55, 0.55, 0.62, 0.70, 0.44, 0.59, 0.66, 0.66, 0.81, 0.48, 0.70

0.6018518518518519
0.70, 0.74, 0.44, 0.70, 0.59, 0.55, 0.51, 0.70, 0.66, 0.62, 0.48, 0.66, 0.59, 0.74, 0.48, 0.66, 0.70, 0.48, 0.40, 0.81, 0.74, 0.40, 0.62, 0.62, 0.66, 0.48, 0.51, 0.62, 0.70, 0.44, 0.59, 0.70, 0.48, 0.51, 0.37, 0.74, 0.55, 0.77, 0.55, 0.70, 0.70, 0.51, 0.37, 0.81, 0.66, 0.51, 0.59, 0.66, 0.59, 0.40, 0.48, 0.81, 0.70, 0.74, 0.59, 0.66, 0.66, 0.70, 0.37, 0.70, 0.62, 0.48, 0.48, 0.70, 0.48, 0.62, 0.48, 0.59, 0.70, 0.74, 0.44, 0.62, 0.62, 0.51, 0.59, 0.70, 0.70, 0.51, 0.48, 0.62, 0.66, 0.48, 0.48, 0.66, 0.66, 0.59, 0.40, 0.81, 0.66, 0.48, 0.44, 0.81, 0.66, 0.48, 0.48, 0.62, 0.74, 0.44, 0.55, 0.77

    accuracy, precision, recall, f_score
mv: 0.8056, 0.8249, 0.8043, 0.7970
wv: 0.8148, 0.8342, 0.8077, 0.8047
fs: 0.8241, 0.8403, 0.8140, 0.8125
rl: 0.8056, 0.8158, 0.7902, 0.7903

fs avg size: 11.25000, rl avg size: 12.25926
full test avg accu: 0.68028, test avg accu: 0.67574

training takes 29530.585 sec
