Namespace(dataset='breast_cancer', mode='examine', n_estimators=1, num_clf=100, random_state=169, reuse=True)
Dataset breast_cancer
(128, 16)
(129, 16)
(29, 16)
Number of label: 2 

Single different (100) (x0)

Multi different (100) (x0)

Forth quarter (76) (x0)

Third quarter (51) (x5)

Second quarter (26) (x38)

First quarter (1) (x185)

No different (0) (x29)


[0.8560311284046692, 0.867704280155642, 0.8638132295719845, 0.8443579766536965, 0.8482490272373541, 0.8171206225680934, 0.8249027237354085, 0.8715953307392996, 0.8754863813229572, 0.8404669260700389, 0.8326848249027238, 0.8988326848249028, 0.8521400778210116, 0.8715953307392996, 0.8793774319066148, 0.8754863813229572, 0.8754863813229572, 0.867704280155642, 0.8715953307392996, 0.8754863813229572, 0.8560311284046692, 0.8599221789883269, 0.8715953307392996, 0.8326848249027238, 0.8793774319066148, 0.8482490272373541, 0.8754863813229572, 0.8599221789883269, 0.867704280155642, 0.8871595330739299, 0.8404669260700389, 0.8599221789883269, 0.8404669260700389, 0.8482490272373541, 0.8443579766536965, 0.8793774319066148, 0.8910505836575876, 0.8521400778210116, 0.8404669260700389, 0.8560311284046692, 0.8365758754863813, 0.8871595330739299, 0.8560311284046692, 0.8715953307392996, 0.8171206225680934, 0.8482490272373541, 0.8599221789883269, 0.8443579766536965, 0.8638132295719845, 0.8443579766536965, 0.8521400778210116, 0.8560311284046692, 0.8287937743190662, 0.8482490272373541, 0.8754863813229572, 0.8560311284046692, 0.8560311284046692, 0.8443579766536965, 0.8832684824902723, 0.8599221789883269, 0.8560311284046692, 0.8521400778210116, 0.8404669260700389, 0.8482490272373541, 0.8443579766536965, 0.8443579766536965, 0.8910505836575876, 0.8638132295719845, 0.867704280155642, 0.8443579766536965, 0.8482490272373541, 0.8832684824902723, 0.867704280155642, 0.867704280155642, 0.867704280155642, 0.8560311284046692, 0.8754863813229572, 0.8521400778210116, 0.8443579766536965, 0.8326848249027238, 0.8560311284046692, 0.8521400778210116, 0.867704280155642, 0.8754863813229572, 0.8560311284046692, 0.8404669260700389, 0.867704280155642, 0.8521400778210116, 0.8715953307392996, 0.8560311284046692, 0.8754863813229572, 0.8754863813229572, 0.8949416342412452, 0.867704280155642, 0.8988326848249028, 0.8599221789883269, 0.8560311284046692, 0.8832684824902723, 0.8365758754863813, 0.867704280155642]
0.8594941634241243


Single different (100) (x0)

Multi different (100) (x0)

Forth quarter (76) (x2)

Third quarter (51) (x6)

Second quarter (26) (x6)

First quarter (1) (x13)

No different (0) (x2)


[0.6206896551724138, 0.6896551724137931, 0.6206896551724138, 0.6206896551724138, 0.6206896551724138, 0.6551724137931034, 0.6551724137931034, 0.7241379310344828, 0.7241379310344828, 0.5862068965517241, 0.6896551724137931, 0.5862068965517241, 0.7586206896551724, 0.6206896551724138, 0.6551724137931034, 0.7241379310344828, 0.6896551724137931, 0.6551724137931034, 0.8275862068965517, 0.7931034482758621, 0.6206896551724138, 0.6896551724137931, 0.6896551724137931, 0.6896551724137931, 0.6206896551724138, 0.6206896551724138, 0.6206896551724138, 0.7586206896551724, 0.7241379310344828, 0.7931034482758621, 0.5172413793103449, 0.6206896551724138, 0.6896551724137931, 0.6896551724137931, 0.7586206896551724, 0.6551724137931034, 0.6206896551724138, 0.5862068965517241, 0.7586206896551724, 0.5517241379310345, 0.6896551724137931, 0.6551724137931034, 0.6551724137931034, 0.5172413793103449, 0.5862068965517241, 0.7586206896551724, 0.5862068965517241, 0.6206896551724138, 0.7241379310344828, 0.6206896551724138, 0.6551724137931034, 0.7241379310344828, 0.6206896551724138, 0.6551724137931034, 0.7586206896551724, 0.5862068965517241, 0.6896551724137931, 0.7586206896551724, 0.7931034482758621, 0.6551724137931034, 0.6896551724137931, 0.6551724137931034, 0.5862068965517241, 0.7241379310344828, 0.6551724137931034, 0.7241379310344828, 0.7586206896551724, 0.6551724137931034, 0.7241379310344828, 0.6551724137931034, 0.5862068965517241, 0.6206896551724138, 0.6551724137931034, 0.6896551724137931, 0.6551724137931034, 0.6206896551724138, 0.7586206896551724, 0.7241379310344828, 0.5862068965517241, 0.7241379310344828, 0.7241379310344828, 0.6896551724137931, 0.6551724137931034, 0.6896551724137931, 0.5517241379310345, 0.7241379310344828, 0.6551724137931034, 0.7931034482758621, 0.7241379310344828, 0.6206896551724138, 0.7241379310344828, 0.6551724137931034, 0.6896551724137931, 0.6896551724137931, 0.6551724137931034, 0.8275862068965517, 0.6896551724137931, 0.5517241379310345, 0.6896551724137931, 0.6206896551724138]
0.6717241379310345
