Namespace(dataset='glass', mode='examine', n_estimators=1, num_clf=50, random_state=76, reuse=False)
Dataset glass
(96, 10)
(97, 10)
(21, 10)
Number of label: 6 

Single different (50) (x1)

Multi different (50) (x0)

Forth quarter (38) (x12)

Third quarter (26) (x18)

Second quarter (13) (x32)

First quarter (1) (x34)

No different (0) (x0)


[0.6494845360824743, 0.5979381443298969, 0.6185567010309279, 0.4639175257731959, 0.6082474226804123, 0.5876288659793815, 0.3711340206185567, 0.6597938144329897, 0.5051546391752577, 0.6391752577319587, 0.5360824742268041, 0.5773195876288659, 0.5360824742268041, 0.5257731958762887, 0.6494845360824743, 0.6288659793814433, 0.5463917525773195, 0.711340206185567, 0.6597938144329897, 0.5463917525773195, 0.5051546391752577, 0.6391752577319587, 0.5360824742268041, 0.6391752577319587, 0.6288659793814433, 0.6701030927835051, 0.5567010309278351, 0.5979381443298969, 0.5876288659793815, 0.5051546391752577, 0.6494845360824743, 0.5876288659793815, 0.5979381443298969, 0.5463917525773195, 0.5154639175257731, 0.6288659793814433, 0.5876288659793815, 0.5876288659793815, 0.5360824742268041, 0.6701030927835051, 0.5773195876288659, 0.5979381443298969, 0.6701030927835051, 0.6701030927835051, 0.5876288659793815, 0.711340206185567, 0.6082474226804123, 0.5876288659793815, 0.5154639175257731, 0.6701030927835051]
0.5917525773195876


Single different (50) (x0)

Multi different (50) (x0)

Forth quarter (38) (x2)

Third quarter (26) (x2)

Second quarter (13) (x10)

First quarter (1) (x7)

No different (0) (x0)


[0.5714285714285714, 0.47619047619047616, 0.6666666666666666, 0.7142857142857143, 0.6190476190476191, 0.5714285714285714, 0.42857142857142855, 0.8095238095238095, 0.7142857142857143, 0.6666666666666666, 0.5714285714285714, 0.5714285714285714, 0.7142857142857143, 0.6190476190476191, 0.8571428571428571, 0.6190476190476191, 0.6190476190476191, 0.6666666666666666, 0.2857142857142857, 0.47619047619047616, 0.5238095238095238, 0.8571428571428571, 0.47619047619047616, 0.7142857142857143, 0.6666666666666666, 0.5714285714285714, 0.6190476190476191, 0.6666666666666666, 0.8571428571428571, 0.7142857142857143, 0.5714285714285714, 0.5714285714285714, 0.6666666666666666, 0.6190476190476191, 0.6190476190476191, 0.6666666666666666, 0.5238095238095238, 0.5714285714285714, 0.6666666666666666, 0.7619047619047619, 0.5714285714285714, 0.47619047619047616, 0.7142857142857143, 0.6190476190476191, 0.7142857142857143, 0.7619047619047619, 0.6190476190476191, 0.7142857142857143, 0.6666666666666666, 0.7142857142857143]
0.6342857142857143
