Namespace(dataset='audiology', mode='examine', n_estimators=1, num_clf=100, random_state=9549, reuse=True)
Dataset audiology
(100, 95)
(100, 95)
(26, 95)
Number of label: 24 

Single different (100) (x0)

Multi different (100) (x0)

Forth quarter (76) (x0)

Third quarter (51) (x0)

Second quarter (26) (x40)

First quarter (1) (x157)

No different (0) (x3)


[0.84, 0.845, 0.84, 0.86, 0.825, 0.885, 0.87, 0.855, 0.805, 0.87, 0.855, 0.88, 0.88, 0.88, 0.83, 0.87, 0.875, 0.86, 0.82, 0.865, 0.83, 0.845, 0.855, 0.83, 0.815, 0.825, 0.84, 0.82, 0.845, 0.89, 0.855, 0.835, 0.805, 0.9, 0.865, 0.855, 0.845, 0.86, 0.92, 0.88, 0.865, 0.855, 0.81, 0.895, 0.91, 0.86, 0.875, 0.84, 0.905, 0.835, 0.88, 0.875, 0.85, 0.865, 0.86, 0.87, 0.84, 0.88, 0.865, 0.81, 0.89, 0.82, 0.845, 0.89, 0.805, 0.895, 0.835, 0.89, 0.9, 0.885, 0.815, 0.865, 0.845, 0.8, 0.81, 0.86, 0.81, 0.85, 0.85, 0.84, 0.885, 0.8, 0.87, 0.87, 0.85, 0.91, 0.85, 0.89, 0.875, 0.815, 0.845, 0.915, 0.84, 0.84, 0.8, 0.86, 0.875, 0.86, 0.845, 0.815]
0.8548


Single different (100) (x0)

Multi different (100) (x0)

Forth quarter (76) (x4)

Third quarter (51) (x7)

Second quarter (26) (x2)

First quarter (1) (x12)

No different (0) (x1)


[0.5769230769230769, 0.6153846153846154, 0.5769230769230769, 0.5769230769230769, 0.5, 0.6153846153846154, 0.5384615384615384, 0.6153846153846154, 0.5769230769230769, 0.6153846153846154, 0.8846153846153846, 0.6538461538461539, 0.5384615384615384, 0.7307692307692307, 0.5769230769230769, 0.5384615384615384, 0.6153846153846154, 0.6153846153846154, 0.6153846153846154, 0.6538461538461539, 0.7307692307692307, 0.6153846153846154, 0.5769230769230769, 0.6538461538461539, 0.6538461538461539, 0.5384615384615384, 0.5, 0.5769230769230769, 0.5, 0.5769230769230769, 0.6538461538461539, 0.5769230769230769, 0.6153846153846154, 0.7692307692307693, 0.46153846153846156, 0.6923076923076923, 0.6923076923076923, 0.6153846153846154, 0.6923076923076923, 0.6923076923076923, 0.6538461538461539, 0.5384615384615384, 0.6538461538461539, 0.8076923076923077, 0.8846153846153846, 0.5384615384615384, 0.5769230769230769, 0.6923076923076923, 0.6538461538461539, 0.5, 0.6538461538461539, 0.46153846153846156, 0.5384615384615384, 0.6153846153846154, 0.6538461538461539, 0.5, 0.6153846153846154, 0.6153846153846154, 0.6923076923076923, 0.5769230769230769, 0.7307692307692307, 0.6538461538461539, 0.5769230769230769, 0.5769230769230769, 0.5769230769230769, 0.5384615384615384, 0.6923076923076923, 0.5384615384615384, 0.6153846153846154, 0.5384615384615384, 0.5769230769230769, 0.5, 0.6923076923076923, 0.6923076923076923, 0.5769230769230769, 0.5769230769230769, 0.5384615384615384, 0.7307692307692307, 0.6153846153846154, 0.8076923076923077, 0.6538461538461539, 0.7692307692307693, 0.6153846153846154, 0.5384615384615384, 0.6153846153846154, 0.6923076923076923, 0.5769230769230769, 0.6153846153846154, 0.6538461538461539, 0.6923076923076923, 0.5, 0.7307692307692307, 0.6153846153846154, 0.5769230769230769, 0.4230769230769231, 0.5384615384615384, 0.7307692307692307, 0.46153846153846156, 0.6153846153846154, 0.5384615384615384]
0.6153846153846154
