Namespace(dataset='breast_cancer', mode='examine', n_estimators=1, num_clf=50, random_state=9327, reuse=True)
Dataset breast_cancer
(128, 16)
(129, 16)
(29, 16)
Number of label: 2 

Single different (50) (x0)

Multi different (50) (x0)

Forth quarter (38) (x1)

Third quarter (26) (x4)

Second quarter (13) (x40)

First quarter (1) (x173)

No different (0) (x39)


[0.8599221789883269, 0.8560311284046692, 0.8754863813229572, 0.8443579766536965, 0.8793774319066148, 0.8404669260700389, 0.8365758754863813, 0.8521400778210116, 0.8949416342412452, 0.8715953307392996, 0.8832684824902723, 0.8832684824902723, 0.8599221789883269, 0.8832684824902723, 0.8638132295719845, 0.8521400778210116, 0.867704280155642, 0.8638132295719845, 0.8599221789883269, 0.8560311284046692, 0.8832684824902723, 0.867704280155642, 0.8832684824902723, 0.8871595330739299, 0.8832684824902723, 0.867704280155642, 0.8988326848249028, 0.8793774319066148, 0.867704280155642, 0.8715953307392996, 0.8638132295719845, 0.8754863813229572, 0.867704280155642, 0.8599221789883269, 0.8638132295719845, 0.8599221789883269, 0.867704280155642, 0.8287937743190662, 0.867704280155642, 0.8832684824902723, 0.8754863813229572, 0.8560311284046692, 0.8638132295719845, 0.8482490272373541, 0.8287937743190662, 0.8832684824902723, 0.8910505836575876, 0.8988326848249028, 0.8521400778210116, 0.8521400778210116]
0.8672373540856032


Single different (50) (x1)

Multi different (50) (x0)

Forth quarter (38) (x3)

Third quarter (26) (x7)

Second quarter (13) (x8)

First quarter (1) (x9)

No different (0) (x1)


[0.6551724137931034, 0.5172413793103449, 0.6206896551724138, 0.4482758620689655, 0.7241379310344828, 0.6551724137931034, 0.6206896551724138, 0.5862068965517241, 0.5172413793103449, 0.5517241379310345, 0.5172413793103449, 0.6896551724137931, 0.5862068965517241, 0.5862068965517241, 0.4827586206896552, 0.6551724137931034, 0.5517241379310345, 0.6551724137931034, 0.5862068965517241, 0.5862068965517241, 0.6551724137931034, 0.5517241379310345, 0.5517241379310345, 0.6206896551724138, 0.5517241379310345, 0.5517241379310345, 0.4827586206896552, 0.6206896551724138, 0.5517241379310345, 0.5517241379310345, 0.4827586206896552, 0.5862068965517241, 0.5862068965517241, 0.6206896551724138, 0.6551724137931034, 0.5517241379310345, 0.7586206896551724, 0.4827586206896552, 0.6551724137931034, 0.6896551724137931, 0.4482758620689655, 0.5517241379310345, 0.5172413793103449, 0.5862068965517241, 0.6206896551724138, 0.6896551724137931, 0.5172413793103449, 0.5517241379310345, 0.6551724137931034, 0.6551724137931034]
0.5868965517241379
