Namespace(dataset='iris', mode='examine', n_estimators=1, num_clf=50, random_state=3361, reuse=True)
Dataset iris
(135, 5)
(135, 5)
(30, 5)
Number of label: 3 

Single different (50) (x0)

Multi different (50) (x0)

Forth quarter (38) (x0)

Third quarter (26) (x0)

Second quarter (13) (x1)

First quarter (1) (x33)

No different (0) (x236)


[0.9962962962962963, 0.9888888888888889, 0.9888888888888889, 0.9925925925925926, 0.9962962962962963, 0.9925925925925926, 0.9851851851851852, 0.9629629629629629, 0.9962962962962963, 0.9925925925925926, 0.9925925925925926, 0.9925925925925926, 0.9851851851851852, 0.9888888888888889, 0.9740740740740741, 0.9777777777777777, 0.9888888888888889, 0.9962962962962963, 1.0, 0.9925925925925926, 0.9962962962962963, 0.9851851851851852, 0.9962962962962963, 1.0, 0.9888888888888889, 0.9851851851851852, 0.9925925925925926, 0.9851851851851852, 0.9925925925925926, 0.9925925925925926, 0.9888888888888889, 0.9925925925925926, 1.0, 0.9925925925925926, 0.9925925925925926, 1.0, 0.9851851851851852, 0.9925925925925926, 0.9851851851851852, 0.9851851851851852, 0.9851851851851852, 0.9962962962962963, 0.9851851851851852, 0.9851851851851852, 0.9962962962962963, 0.9925925925925926, 0.9962962962962963, 0.9703703703703703, 0.9925925925925926, 0.9888888888888889]
0.99


Single different (50) (x0)

Multi different (50) (x0)

Forth quarter (38) (x0)

Third quarter (26) (x0)

Second quarter (13) (x1)

First quarter (1) (x5)

No different (0) (x24)


[0.9666666666666667, 0.9666666666666667, 0.9666666666666667, 1.0, 0.9666666666666667, 1.0, 0.9333333333333333, 0.9333333333333333, 0.9666666666666667, 0.9333333333333333, 1.0, 0.9333333333333333, 1.0, 0.9666666666666667, 0.9666666666666667, 0.9333333333333333, 0.9666666666666667, 0.9666666666666667, 1.0, 0.9333333333333333, 0.9666666666666667, 1.0, 0.9666666666666667, 1.0, 0.9666666666666667, 0.9333333333333333, 0.9333333333333333, 0.9333333333333333, 1.0, 0.9333333333333333, 0.9666666666666667, 1.0, 1.0, 1.0, 1.0, 1.0, 1.0, 0.9333333333333333, 1.0, 0.9333333333333333, 1.0, 0.9666666666666667, 1.0, 0.9333333333333333, 0.9666666666666667, 1.0, 0.9666666666666667, 0.9333333333333333, 0.9333333333333333, 0.9666666666666667]
0.9686666666666666
