Namespace(dataset='ecoli', mode='examine', n_estimators=1, num_clf=100, random_state=8421, reuse=True)
Dataset ecoli
(151, 8)
(151, 8)
(34, 8)
Number of label: 8 

Single different (100) (x0)

Multi different (100) (x0)

Forth quarter (76) (x0)

Third quarter (51) (x0)

Second quarter (26) (x30)

First quarter (1) (x208)

No different (0) (x64)


[0.9039735099337748, 0.9006622516556292, 0.9337748344370861, 0.9105960264900662, 0.9304635761589404, 0.9006622516556292, 0.890728476821192, 0.9105960264900662, 0.8774834437086093, 0.9105960264900662, 0.8841059602649006, 0.9238410596026491, 0.9238410596026491, 0.9039735099337748, 0.9072847682119205, 0.9205298013245033, 0.9172185430463576, 0.9238410596026491, 0.8741721854304636, 0.8841059602649006, 0.9304635761589404, 0.890728476821192, 0.9039735099337748, 0.9039735099337748, 0.9139072847682119, 0.8973509933774835, 0.8940397350993378, 0.9271523178807947, 0.9072847682119205, 0.9271523178807947, 0.9238410596026491, 0.8940397350993378, 0.9337748344370861, 0.9105960264900662, 0.9139072847682119, 0.8973509933774835, 0.9205298013245033, 0.8940397350993378, 0.9039735099337748, 0.9139072847682119, 0.9105960264900662, 0.9271523178807947, 0.9139072847682119, 0.8940397350993378, 0.8940397350993378, 0.8841059602649006, 0.956953642384106, 0.8874172185430463, 0.9271523178807947, 0.8708609271523179, 0.9271523178807947, 0.8841059602649006, 0.890728476821192, 0.9072847682119205, 0.9205298013245033, 0.9370860927152318, 0.9470198675496688, 0.9072847682119205, 0.9072847682119205, 0.9403973509933775, 0.8642384105960265, 0.9105960264900662, 0.9238410596026491, 0.9072847682119205, 0.9105960264900662, 0.9139072847682119, 0.9304635761589404, 0.9006622516556292, 0.9172185430463576, 0.9105960264900662, 0.9238410596026491, 0.8940397350993378, 0.8940397350993378, 0.9172185430463576, 0.9304635761589404, 0.9072847682119205, 0.9006622516556292, 0.890728476821192, 0.9105960264900662, 0.9205298013245033, 0.9238410596026491, 0.8807947019867549, 0.8940397350993378, 0.9205298013245033, 0.9072847682119205, 0.9139072847682119, 0.8940397350993378, 0.9205298013245033, 0.9205298013245033, 0.9139072847682119, 0.8874172185430463, 0.9006622516556292, 0.9205298013245033, 0.9139072847682119, 0.9006622516556292, 0.9072847682119205, 0.9139072847682119, 0.9238410596026491, 0.9238410596026491, 0.890728476821192]
0.9092052980132452


Single different (100) (x0)

Multi different (100) (x2)

Forth quarter (76) (x0)

Third quarter (51) (x4)

Second quarter (26) (x4)

First quarter (1) (x19)

No different (0) (x5)


[0.7647058823529411, 0.7647058823529411, 0.8235294117647058, 0.6764705882352942, 0.8235294117647058, 0.6764705882352942, 0.7352941176470589, 0.7941176470588235, 0.7647058823529411, 0.8529411764705882, 0.6764705882352942, 0.9117647058823529, 0.7058823529411765, 0.6764705882352942, 0.6470588235294118, 0.8235294117647058, 0.7058823529411765, 0.8235294117647058, 0.8823529411764706, 0.7352941176470589, 0.8235294117647058, 0.8235294117647058, 0.8235294117647058, 0.8529411764705882, 0.7647058823529411, 0.8235294117647058, 0.6764705882352942, 0.7941176470588235, 0.7941176470588235, 0.7647058823529411, 0.6764705882352942, 0.7058823529411765, 0.7647058823529411, 0.7352941176470589, 0.7647058823529411, 0.7647058823529411, 0.7352941176470589, 0.7647058823529411, 0.7352941176470589, 0.7647058823529411, 0.7647058823529411, 0.7058823529411765, 0.7647058823529411, 0.8235294117647058, 0.7647058823529411, 0.6470588235294118, 0.8529411764705882, 0.7352941176470589, 0.7647058823529411, 0.7058823529411765, 0.7647058823529411, 0.7352941176470589, 0.7352941176470589, 0.8235294117647058, 0.7352941176470589, 0.8823529411764706, 0.7941176470588235, 0.7647058823529411, 0.7352941176470589, 0.8529411764705882, 0.7058823529411765, 0.7941176470588235, 0.7941176470588235, 0.7352941176470589, 0.7058823529411765, 0.8235294117647058, 0.7941176470588235, 0.7647058823529411, 0.7352941176470589, 0.7352941176470589, 0.8235294117647058, 0.7058823529411765, 0.6176470588235294, 0.7352941176470589, 0.8529411764705882, 0.7941176470588235, 0.7058823529411765, 0.7352941176470589, 0.8823529411764706, 0.7058823529411765, 0.7352941176470589, 0.7352941176470589, 0.6470588235294118, 0.7352941176470589, 0.8235294117647058, 0.6764705882352942, 0.6176470588235294, 0.7352941176470589, 0.8235294117647058, 0.7352941176470589, 0.8529411764705882, 0.6470588235294118, 0.7941176470588235, 0.7352941176470589, 0.7647058823529411, 0.8235294117647058, 0.7352941176470589, 0.8235294117647058, 0.7352941176470589, 0.7941176470588235]
0.7608823529411766
