Namespace(dataset='cmc', mode='examine', n_estimators=1, num_clf=50, random_state=6249, reuse=False)
Dataset cmc
(663, 22)
(663, 22)
(147, 22)
Number of label: 3 

Single different (50) (x0)

Multi different (50) (x9)

Forth quarter (38) (x180)

Third quarter (26) (x171)

Second quarter (13) (x193)

First quarter (1) (x109)

No different (0) (x1)


[0.4419306184012066, 0.4253393665158371, 0.4374057315233786, 0.45248868778280543, 0.4720965309200603, 0.4358974358974359, 0.42684766214177977, 0.42684766214177977, 0.45248868778280543, 0.49321266968325794, 0.45701357466063347, 0.43288084464555054, 0.44042232277526394, 0.4374057315233786, 0.46153846153846156, 0.46153846153846156, 0.4238310708898944, 0.45701357466063347, 0.444947209653092, 0.4766214177978884, 0.4253393665158371, 0.4539969834087481, 0.48265460030165913, 0.42835595776772245, 0.416289592760181, 0.46907993966817496, 0.46907993966817496, 0.4781297134238311, 0.43891402714932126, 0.43288084464555054, 0.47058823529411764, 0.4645550527903469, 0.4781297134238311, 0.4253393665158371, 0.4374057315233786, 0.4132730015082956, 0.4434389140271493, 0.4464555052790347, 0.4464555052790347, 0.4645550527903469, 0.4343891402714932, 0.46304675716440424, 0.45852187028657615, 0.5037707390648567, 0.4841628959276018, 0.4358974358974359, 0.4494720965309201, 0.4555052790346908, 0.48265460030165913, 0.45701357466063347]
0.45134238310708896


Single different (50) (x0)

Multi different (50) (x3)

Forth quarter (38) (x31)

Third quarter (26) (x48)

Second quarter (13) (x42)

First quarter (1) (x23)

No different (0) (x0)


[0.3945578231292517, 0.4217687074829932, 0.48299319727891155, 0.46258503401360546, 0.4013605442176871, 0.4557823129251701, 0.5034013605442177, 0.4557823129251701, 0.3401360544217687, 0.3945578231292517, 0.5034013605442177, 0.4217687074829932, 0.43537414965986393, 0.43537414965986393, 0.46938775510204084, 0.47619047619047616, 0.42857142857142855, 0.42857142857142855, 0.47619047619047616, 0.41496598639455784, 0.3877551020408163, 0.5034013605442177, 0.3945578231292517, 0.4013605442176871, 0.4217687074829932, 0.47619047619047616, 0.40816326530612246, 0.3945578231292517, 0.4897959183673469, 0.47619047619047616, 0.42857142857142855, 0.46258503401360546, 0.43537414965986393, 0.46258503401360546, 0.40816326530612246, 0.41496598639455784, 0.43537414965986393, 0.4489795918367347, 0.4897959183673469, 0.48299319727891155, 0.46938775510204084, 0.47619047619047616, 0.48299319727891155, 0.46938775510204084, 0.4897959183673469, 0.48299319727891155, 0.46938775510204084, 0.41496598639455784, 0.48299319727891155, 0.46938775510204084]
0.44666666666666666
