Namespace(dataset='hepatitis', mode='examine', n_estimators=1, num_clf=100, random_state=8135, reuse=False)
Dataset hepatitis
(70, 20)
(70, 20)
(15, 20)
Number of label: 2 

Single different (100) (x0)

Multi different (100) (x0)

Forth quarter (76) (x0)

Third quarter (51) (x9)

Second quarter (26) (x16)

First quarter (1) (x44)

No different (0) (x1)


[0.8285714285714286, 0.8142857142857143, 0.7571428571428571, 0.7571428571428571, 0.7857142857142857, 0.7285714285714285, 0.8142857142857143, 0.7428571428571429, 0.8, 0.8428571428571429, 0.8, 0.8, 0.8714285714285714, 0.7714285714285715, 0.7, 0.7428571428571429, 0.6857142857142857, 0.8142857142857143, 0.7, 0.7571428571428571, 0.8, 0.7714285714285715, 0.7857142857142857, 0.6571428571428571, 0.8571428571428571, 0.8285714285714286, 0.7285714285714285, 0.7714285714285715, 0.8, 0.7857142857142857, 0.7, 0.7714285714285715, 0.8285714285714286, 0.7285714285714285, 0.7857142857142857, 0.7714285714285715, 0.7571428571428571, 0.7428571428571429, 0.8, 0.8285714285714286, 0.8142857142857143, 0.8142857142857143, 0.7857142857142857, 0.8142857142857143, 0.8, 0.8142857142857143, 0.8, 0.7285714285714285, 0.7428571428571429, 0.7428571428571429, 0.8142857142857143, 0.7428571428571429, 0.7285714285714285, 0.8571428571428571, 0.7857142857142857, 0.7142857142857143, 0.7714285714285715, 0.7285714285714285, 0.7571428571428571, 0.8, 0.7857142857142857, 0.8, 0.6857142857142857, 0.7714285714285715, 0.6857142857142857, 0.8, 0.7, 0.7857142857142857, 0.6428571428571429, 0.6714285714285714, 0.8142857142857143, 0.7857142857142857, 0.7285714285714285, 0.7857142857142857, 0.7714285714285715, 0.8142857142857143, 0.8142857142857143, 0.7285714285714285, 0.8285714285714286, 0.7857142857142857, 0.8142857142857143, 0.6714285714285714, 0.8428571428571429, 0.7428571428571429, 0.8, 0.8, 0.7857142857142857, 0.7285714285714285, 0.7142857142857143, 0.7714285714285715, 0.7428571428571429, 0.7857142857142857, 0.8428571428571429, 0.7428571428571429, 0.8285714285714286, 0.7428571428571429, 0.7571428571428571, 0.7857142857142857, 0.7857142857142857, 0.6571428571428571]
0.7710000000000002


Single different (100) (x0)

Multi different (100) (x0)

Forth quarter (76) (x1)

Third quarter (51) (x1)

Second quarter (26) (x3)

First quarter (1) (x10)

No different (0) (x0)


[0.8666666666666667, 0.8, 0.8666666666666667, 0.8666666666666667, 0.6666666666666666, 0.6, 0.6666666666666666, 0.8666666666666667, 0.9333333333333333, 0.7333333333333333, 0.8666666666666667, 0.9333333333333333, 0.8, 0.8666666666666667, 0.8, 0.6666666666666666, 0.8, 0.7333333333333333, 0.4, 0.7333333333333333, 0.7333333333333333, 0.8666666666666667, 0.9333333333333333, 0.7333333333333333, 0.8, 0.6666666666666666, 0.6666666666666666, 0.8666666666666667, 0.8, 0.8, 0.8, 0.4666666666666667, 0.8666666666666667, 0.6666666666666666, 0.8, 0.7333333333333333, 0.8, 0.9333333333333333, 0.6666666666666666, 0.7333333333333333, 0.7333333333333333, 0.8666666666666667, 0.8, 0.9333333333333333, 0.7333333333333333, 0.6666666666666666, 0.7333333333333333, 0.6666666666666666, 0.8, 0.7333333333333333, 0.7333333333333333, 0.8666666666666667, 0.6, 0.6666666666666666, 0.8, 0.7333333333333333, 0.8, 0.7333333333333333, 0.8666666666666667, 0.8, 0.6666666666666666, 0.9333333333333333, 0.7333333333333333, 0.9333333333333333, 0.6666666666666666, 0.8, 0.6666666666666666, 0.7333333333333333, 0.6, 0.7333333333333333, 0.8, 0.8666666666666667, 0.8, 0.7333333333333333, 0.6666666666666666, 1.0, 0.8666666666666667, 0.8666666666666667, 0.8666666666666667, 0.6666666666666666, 0.7333333333333333, 0.8666666666666667, 0.8, 0.7333333333333333, 0.8, 0.7333333333333333, 0.9333333333333333, 0.9333333333333333, 0.6666666666666666, 0.8666666666666667, 0.9333333333333333, 0.7333333333333333, 0.7333333333333333, 0.5333333333333333, 0.8, 0.6666666666666666, 0.8, 0.7333333333333333, 0.8, 0.6]
0.7706666666666666
