Namespace(dataset='glass', mode='examine', n_estimators=1, num_clf=100, random_state=6238, reuse=False)
Dataset glass
(96, 10)
(97, 10)
(21, 10)
Number of label: 6 

Single different (100) (x0)

Multi different (100) (x0)

Forth quarter (76) (x8)

Third quarter (51) (x27)

Second quarter (26) (x36)

First quarter (1) (x25)

No different (0) (x1)


[0.5154639175257731, 0.5773195876288659, 0.4845360824742268, 0.6082474226804123, 0.5876288659793815, 0.6082474226804123, 0.5360824742268041, 0.4742268041237113, 0.5051546391752577, 0.6082474226804123, 0.5670103092783505, 0.5257731958762887, 0.4948453608247423, 0.6391752577319587, 0.5979381443298969, 0.6288659793814433, 0.5979381443298969, 0.6082474226804123, 0.6288659793814433, 0.5670103092783505, 0.5567010309278351, 0.5979381443298969, 0.6391752577319587, 0.6597938144329897, 0.5876288659793815, 0.5257731958762887, 0.5876288659793815, 0.6082474226804123, 0.5154639175257731, 0.5979381443298969, 0.6597938144329897, 0.5979381443298969, 0.6185567010309279, 0.6804123711340206, 0.5979381443298969, 0.5257731958762887, 0.5567010309278351, 0.6288659793814433, 0.5979381443298969, 0.6082474226804123, 0.6391752577319587, 0.4948453608247423, 0.422680412371134, 0.4329896907216495, 0.5773195876288659, 0.6701030927835051, 0.5773195876288659, 0.5670103092783505, 0.5257731958762887, 0.5979381443298969, 0.4845360824742268, 0.5567010309278351, 0.4948453608247423, 0.5876288659793815, 0.5257731958762887, 0.5360824742268041, 0.5360824742268041, 0.6391752577319587, 0.5773195876288659, 0.5051546391752577, 0.4948453608247423, 0.4948453608247423, 0.5670103092783505, 0.6804123711340206, 0.5360824742268041, 0.5051546391752577, 0.5670103092783505, 0.5257731958762887, 0.5773195876288659, 0.5051546391752577, 0.5876288659793815, 0.5257731958762887, 0.5051546391752577, 0.5876288659793815, 0.6391752577319587, 0.5876288659793815, 0.5567010309278351, 0.6597938144329897, 0.6288659793814433, 0.7010309278350515, 0.5360824742268041, 0.6185567010309279, 0.5876288659793815, 0.6288659793814433, 0.6185567010309279, 0.6494845360824743, 0.4329896907216495, 0.5567010309278351, 0.5979381443298969, 0.5257731958762887, 0.7010309278350515, 0.5773195876288659, 0.5979381443298969, 0.4845360824742268, 0.5567010309278351, 0.5773195876288659, 0.5773195876288659, 0.6907216494845361, 0.6804123711340206, 0.5463917525773195]
0.5743298969072164


Single different (100) (x0)

Multi different (100) (x1)

Forth quarter (76) (x5)

Third quarter (51) (x5)

Second quarter (26) (x2)

First quarter (1) (x8)

No different (0) (x0)


[0.5238095238095238, 0.5238095238095238, 0.6190476190476191, 0.6666666666666666, 0.5238095238095238, 0.6666666666666666, 0.2857142857142857, 0.5238095238095238, 0.42857142857142855, 0.47619047619047616, 0.42857142857142855, 0.6190476190476191, 0.5238095238095238, 0.6190476190476191, 0.42857142857142855, 0.5714285714285714, 0.5714285714285714, 0.47619047619047616, 0.5238095238095238, 0.5238095238095238, 0.5238095238095238, 0.6190476190476191, 0.5714285714285714, 0.5238095238095238, 0.6190476190476191, 0.42857142857142855, 0.42857142857142855, 0.5714285714285714, 0.6190476190476191, 0.5238095238095238, 0.5238095238095238, 0.5238095238095238, 0.47619047619047616, 0.47619047619047616, 0.5714285714285714, 0.2857142857142857, 0.5714285714285714, 0.3333333333333333, 0.47619047619047616, 0.47619047619047616, 0.47619047619047616, 0.47619047619047616, 0.47619047619047616, 0.42857142857142855, 0.38095238095238093, 0.5714285714285714, 0.47619047619047616, 0.42857142857142855, 0.47619047619047616, 0.47619047619047616, 0.42857142857142855, 0.5238095238095238, 0.38095238095238093, 0.38095238095238093, 0.5238095238095238, 0.42857142857142855, 0.6666666666666666, 0.5238095238095238, 0.5238095238095238, 0.42857142857142855, 0.5238095238095238, 0.5714285714285714, 0.6666666666666666, 0.38095238095238093, 0.38095238095238093, 0.47619047619047616, 0.6190476190476191, 0.47619047619047616, 0.5714285714285714, 0.6666666666666666, 0.5238095238095238, 0.47619047619047616, 0.3333333333333333, 0.47619047619047616, 0.47619047619047616, 0.38095238095238093, 0.38095238095238093, 0.5714285714285714, 0.5238095238095238, 0.42857142857142855, 0.42857142857142855, 0.38095238095238093, 0.47619047619047616, 0.5238095238095238, 0.5238095238095238, 0.5238095238095238, 0.5238095238095238, 0.47619047619047616, 0.5238095238095238, 0.6190476190476191, 0.5714285714285714, 0.42857142857142855, 0.2857142857142857, 0.5238095238095238, 0.6190476190476191, 0.5714285714285714, 0.5238095238095238, 0.5714285714285714, 0.5714285714285714, 0.47619047619047616]
0.5019047619047617
