Namespace(dataset='audiology', mode='examine', n_estimators=1, num_clf=50, random_state=3794, reuse=True)
Dataset audiology
(100, 95)
(100, 95)
(26, 95)
Number of label: 24 

Single different (50) (x0)

Multi different (50) (x0)

Forth quarter (38) (x0)

Third quarter (26) (x0)

Second quarter (13) (x46)

First quarter (1) (x141)

No different (0) (x13)


[0.865, 0.88, 0.835, 0.855, 0.825, 0.855, 0.895, 0.87, 0.845, 0.85, 0.8, 0.83, 0.865, 0.86, 0.83, 0.81, 0.835, 0.87, 0.815, 0.785, 0.85, 0.785, 0.875, 0.835, 0.865, 0.835, 0.82, 0.805, 0.82, 0.825, 0.805, 0.835, 0.865, 0.865, 0.865, 0.835, 0.835, 0.835, 0.86, 0.82, 0.825, 0.795, 0.84, 0.89, 0.875, 0.895, 0.805, 0.815, 0.81, 0.835]
0.8399000000000001


Single different (50) (x0)

Multi different (50) (x0)

Forth quarter (38) (x3)

Third quarter (26) (x6)

Second quarter (13) (x5)

First quarter (1) (x11)

No different (0) (x1)


[0.7692307692307693, 0.5384615384615384, 0.5384615384615384, 0.5384615384615384, 0.7307692307692307, 0.6153846153846154, 0.5769230769230769, 0.7307692307692307, 0.6153846153846154, 0.6153846153846154, 0.5, 0.5769230769230769, 0.5384615384615384, 0.5769230769230769, 0.38461538461538464, 0.7307692307692307, 0.5384615384615384, 0.6538461538461539, 0.6153846153846154, 0.8076923076923077, 0.6923076923076923, 0.5384615384615384, 0.5384615384615384, 0.6153846153846154, 0.7307692307692307, 0.6538461538461539, 0.6153846153846154, 0.5769230769230769, 0.5, 0.7692307692307693, 0.6153846153846154, 0.5, 0.6153846153846154, 0.6923076923076923, 0.8846153846153846, 0.5769230769230769, 0.6153846153846154, 0.5769230769230769, 0.6153846153846154, 0.5769230769230769, 0.6538461538461539, 0.6153846153846154, 0.6538461538461539, 0.7307692307692307, 0.6923076923076923, 0.8076923076923077, 0.6923076923076923, 0.7692307692307693, 0.6923076923076923, 0.6153846153846154]
0.6323076923076923
