Namespace(dataset='breast_cancer', mode='examine', n_estimators=1, num_clf=50, random_state=664, reuse=False)
Dataset breast_cancer
(128, 16)
(129, 16)
(29, 16)
Number of label: 2 

Single different (50) (x2)

Multi different (50) (x0)

Forth quarter (38) (x24)

Third quarter (26) (x13)

Second quarter (13) (x25)

First quarter (1) (x61)

No different (0) (x4)


[0.6434108527131783, 0.6821705426356589, 0.5968992248062015, 0.6201550387596899, 0.5736434108527132, 0.6356589147286822, 0.6976744186046512, 0.6744186046511628, 0.6589147286821705, 0.6976744186046512, 0.6821705426356589, 0.6434108527131783, 0.6744186046511628, 0.5813953488372093, 0.627906976744186, 0.6589147286821705, 0.6046511627906976, 0.6589147286821705, 0.6511627906976745, 0.6589147286821705, 0.6821705426356589, 0.6589147286821705, 0.5891472868217055, 0.5736434108527132, 0.6511627906976745, 0.5968992248062015, 0.6046511627906976, 0.5813953488372093, 0.6744186046511628, 0.6511627906976745, 0.6434108527131783, 0.6046511627906976, 0.6589147286821705, 0.6511627906976745, 0.6744186046511628, 0.6666666666666666, 0.6201550387596899, 0.5813953488372093, 0.6589147286821705, 0.627906976744186, 0.6046511627906976, 0.6046511627906976, 0.6511627906976745, 0.6589147286821705, 0.5736434108527132, 0.627906976744186, 0.6434108527131783, 0.6046511627906976, 0.7131782945736435, 0.5968992248062015]
0.6370542635658915


Single different (50) (x0)

Multi different (50) (x0)

Forth quarter (38) (x5)

Third quarter (26) (x3)

Second quarter (13) (x9)

First quarter (1) (x10)

No different (0) (x2)


[0.6551724137931034, 0.6206896551724138, 0.6551724137931034, 0.6551724137931034, 0.6551724137931034, 0.7241379310344828, 0.6551724137931034, 0.6206896551724138, 0.7241379310344828, 0.6551724137931034, 0.6896551724137931, 0.6551724137931034, 0.7241379310344828, 0.5862068965517241, 0.6206896551724138, 0.6551724137931034, 0.6551724137931034, 0.5862068965517241, 0.6551724137931034, 0.5517241379310345, 0.6551724137931034, 0.5517241379310345, 0.5172413793103449, 0.6896551724137931, 0.6206896551724138, 0.7241379310344828, 0.7586206896551724, 0.7931034482758621, 0.6206896551724138, 0.6551724137931034, 0.5172413793103449, 0.6551724137931034, 0.6896551724137931, 0.6896551724137931, 0.7241379310344828, 0.6896551724137931, 0.5517241379310345, 0.5862068965517241, 0.5862068965517241, 0.7241379310344828, 0.5172413793103449, 0.7241379310344828, 0.5862068965517241, 0.6551724137931034, 0.7241379310344828, 0.6206896551724138, 0.5172413793103449, 0.7241379310344828, 0.6551724137931034, 0.6206896551724138]
0.646896551724138
