Namespace(dataset='lymphography', mode='examine', n_estimators=1, num_clf=50, random_state=3462, reuse=True)
Dataset lymphography
(66, 39)
(67, 39)
(15, 39)
Number of label: 4 

Single different (50) (x0)

Multi different (50) (x0)

Forth quarter (38) (x0)

Third quarter (26) (x0)

Second quarter (13) (x10)

First quarter (1) (x103)

No different (0) (x20)


[0.8796992481203008, 0.8721804511278195, 0.8796992481203008, 0.9172932330827067, 0.9398496240601504, 0.8796992481203008, 0.924812030075188, 0.9172932330827067, 0.8947368421052632, 0.8872180451127819, 0.8571428571428571, 0.9398496240601504, 0.924812030075188, 0.9172932330827067, 0.9172932330827067, 0.8872180451127819, 0.8947368421052632, 0.9097744360902256, 0.924812030075188, 0.8796992481203008, 0.9097744360902256, 0.8571428571428571, 0.9022556390977443, 0.8796992481203008, 0.8947368421052632, 0.9022556390977443, 0.9097744360902256, 0.9097744360902256, 0.9022556390977443, 0.9172932330827067, 0.9097744360902256, 0.8721804511278195, 0.9172932330827067, 0.924812030075188, 0.9097744360902256, 0.9022556390977443, 0.8872180451127819, 0.9548872180451128, 0.9097744360902256, 0.9022556390977443, 0.9172932330827067, 0.8571428571428571, 0.9172932330827067, 0.8571428571428571, 0.9473684210526315, 0.9022556390977443, 0.8947368421052632, 0.9172932330827067, 0.9172932330827067, 0.8872180451127819]
0.9027067669172933


Single different (50) (x0)

Multi different (50) (x0)

Forth quarter (38) (x1)

Third quarter (26) (x3)

Second quarter (13) (x4)

First quarter (1) (x7)

No different (0) (x0)


[0.8, 0.4, 0.6, 0.6, 0.8, 0.6, 0.6666666666666666, 0.5333333333333333, 0.7333333333333333, 0.6, 0.5333333333333333, 0.6, 0.7333333333333333, 0.7333333333333333, 0.6, 0.7333333333333333, 0.8666666666666667, 0.6666666666666666, 0.7333333333333333, 0.4666666666666667, 0.5333333333333333, 0.8666666666666667, 0.5333333333333333, 0.6, 0.8, 0.6666666666666666, 0.7333333333333333, 0.3333333333333333, 0.9333333333333333, 0.8, 0.6666666666666666, 0.6, 0.6666666666666666, 0.5333333333333333, 0.6, 0.8666666666666667, 0.6666666666666666, 0.7333333333333333, 0.8, 0.4666666666666667, 0.8, 0.6, 0.5333333333333333, 0.26666666666666666, 0.7333333333333333, 0.4666666666666667, 0.5333333333333333, 0.4, 0.6, 0.5333333333333333]
0.6373333333333334
