Namespace(dataset='ecoli', mode='examine', n_estimators=1, num_clf=100, random_state=5875, reuse=False)
Dataset ecoli
(151, 8)
(151, 8)
(34, 8)
Number of label: 8 

Single different (100) (x0)

Multi different (100) (x2)

Forth quarter (76) (x13)

Third quarter (51) (x20)

Second quarter (26) (x28)

First quarter (1) (x76)

No different (0) (x12)


[0.7549668874172185, 0.7284768211920529, 0.695364238410596, 0.6821192052980133, 0.695364238410596, 0.609271523178808, 0.6887417218543046, 0.7284768211920529, 0.6754966887417219, 0.7947019867549668, 0.7350993377483444, 0.7350993377483444, 0.7615894039735099, 0.7152317880794702, 0.7152317880794702, 0.6821192052980133, 0.7218543046357616, 0.7218543046357616, 0.7350993377483444, 0.6622516556291391, 0.7682119205298014, 0.7880794701986755, 0.7947019867549668, 0.7019867549668874, 0.7284768211920529, 0.7152317880794702, 0.7019867549668874, 0.7549668874172185, 0.695364238410596, 0.7284768211920529, 0.7019867549668874, 0.6887417218543046, 0.7019867549668874, 0.6688741721854304, 0.6887417218543046, 0.6622516556291391, 0.7483443708609272, 0.7682119205298014, 0.6688741721854304, 0.695364238410596, 0.7152317880794702, 0.6688741721854304, 0.695364238410596, 0.6887417218543046, 0.7615894039735099, 0.7284768211920529, 0.7549668874172185, 0.7019867549668874, 0.6622516556291391, 0.6622516556291391, 0.6556291390728477, 0.6754966887417219, 0.7748344370860927, 0.7483443708609272, 0.7086092715231788, 0.6821192052980133, 0.7350993377483444, 0.7483443708609272, 0.6556291390728477, 0.6688741721854304, 0.6887417218543046, 0.7019867549668874, 0.609271523178808, 0.7350993377483444, 0.6887417218543046, 0.6688741721854304, 0.7218543046357616, 0.7152317880794702, 0.7218543046357616, 0.7152317880794702, 0.695364238410596, 0.6556291390728477, 0.7682119205298014, 0.7417218543046358, 0.7483443708609272, 0.7019867549668874, 0.6357615894039735, 0.6887417218543046, 0.695364238410596, 0.7284768211920529, 0.695364238410596, 0.7880794701986755, 0.6821192052980133, 0.6887417218543046, 0.7019867549668874, 0.695364238410596, 0.7417218543046358, 0.7417218543046358, 0.7549668874172185, 0.7483443708609272, 0.6490066225165563, 0.7218543046357616, 0.7483443708609272, 0.6821192052980133, 0.7218543046357616, 0.7549668874172185, 0.7350993377483444, 0.7417218543046358, 0.7549668874172185, 0.7947019867549668]
0.7127152317880794


Single different (100) (x0)

Multi different (100) (x1)

Forth quarter (76) (x2)

Third quarter (51) (x3)

Second quarter (26) (x8)

First quarter (1) (x17)

No different (0) (x3)


[0.7647058823529411, 0.7941176470588235, 0.7647058823529411, 0.7058823529411765, 0.8235294117647058, 0.6176470588235294, 0.7941176470588235, 0.7352941176470589, 0.6764705882352942, 0.7352941176470589, 0.7647058823529411, 0.7647058823529411, 0.7352941176470589, 0.6470588235294118, 0.7647058823529411, 0.6176470588235294, 0.6470588235294118, 0.6764705882352942, 0.6764705882352942, 0.6764705882352942, 0.7647058823529411, 0.8529411764705882, 0.8529411764705882, 0.6470588235294118, 0.7058823529411765, 0.6764705882352942, 0.7941176470588235, 0.8235294117647058, 0.7647058823529411, 0.6470588235294118, 0.7058823529411765, 0.7941176470588235, 0.7352941176470589, 0.7058823529411765, 0.7058823529411765, 0.6176470588235294, 0.7941176470588235, 0.7941176470588235, 0.7058823529411765, 0.6470588235294118, 0.6470588235294118, 0.7058823529411765, 0.7647058823529411, 0.7352941176470589, 0.8235294117647058, 0.7941176470588235, 0.6764705882352942, 0.6764705882352942, 0.5882352941176471, 0.6764705882352942, 0.6764705882352942, 0.8235294117647058, 0.6470588235294118, 0.6470588235294118, 0.7058823529411765, 0.6470588235294118, 0.7941176470588235, 0.7941176470588235, 0.6470588235294118, 0.7058823529411765, 0.6176470588235294, 0.7941176470588235, 0.6764705882352942, 0.7352941176470589, 0.6470588235294118, 0.7647058823529411, 0.7058823529411765, 0.7941176470588235, 0.7058823529411765, 0.7058823529411765, 0.7647058823529411, 0.6764705882352942, 0.8235294117647058, 0.6764705882352942, 0.7647058823529411, 0.7647058823529411, 0.6764705882352942, 0.6764705882352942, 0.7941176470588235, 0.8529411764705882, 0.7058823529411765, 0.8235294117647058, 0.7647058823529411, 0.5882352941176471, 0.7352941176470589, 0.7058823529411765, 0.6470588235294118, 0.7647058823529411, 0.7352941176470589, 0.8529411764705882, 0.5588235294117647, 0.7941176470588235, 0.7941176470588235, 0.7058823529411765, 0.7647058823529411, 0.7647058823529411, 0.6470588235294118, 0.6764705882352942, 0.8529411764705882, 0.8235294117647058]
0.7261764705882353
