Namespace(dataset='dematology', mode='examine', n_estimators=1, num_clf=100, random_state=9612, reuse=False)
Dataset dematology
(164, 35)
(165, 35)
(37, 35)
Number of label: 6 

Single different (100) (x0)

Multi different (100) (x0)

Forth quarter (76) (x1)

Third quarter (51) (x8)

Second quarter (26) (x31)

First quarter (1) (x88)

No different (0) (x37)


[0.8848484848484849, 0.8424242424242424, 0.8848484848484849, 0.8848484848484849, 0.8424242424242424, 0.7757575757575758, 0.8424242424242424, 0.8787878787878788, 0.9454545454545454, 0.8787878787878788, 0.7818181818181819, 0.8848484848484849, 0.8787878787878788, 0.7878787878787878, 0.896969696969697, 0.8363636363636363, 0.8242424242424242, 0.8424242424242424, 0.8181818181818182, 0.8484848484848485, 0.8484848484848485, 0.8484848484848485, 0.8181818181818182, 0.8484848484848485, 0.8727272727272727, 0.8363636363636363, 0.7878787878787878, 0.8242424242424242, 0.9212121212121213, 0.8909090909090909, 0.8666666666666667, 0.8606060606060606, 0.8363636363636363, 0.8727272727272727, 0.9333333333333333, 0.8727272727272727, 0.8727272727272727, 0.9030303030303031, 0.8121212121212121, 0.8484848484848485, 0.8181818181818182, 0.8848484848484849, 0.8606060606060606, 0.8787878787878788, 0.8909090909090909, 0.8242424242424242, 0.8545454545454545, 0.8666666666666667, 0.9030303030303031, 0.793939393939394, 0.8909090909090909, 0.8848484848484849, 0.8666666666666667, 0.8363636363636363, 0.8484848484848485, 0.8484848484848485, 0.7696969696969697, 0.9090909090909091, 0.8727272727272727, 0.8303030303030303, 0.8606060606060606, 0.806060606060606, 0.8303030303030303, 0.8, 0.8727272727272727, 0.8, 0.8666666666666667, 0.8787878787878788, 0.8484848484848485, 0.8666666666666667, 0.7696969696969697, 0.8666666666666667, 0.7454545454545455, 0.8666666666666667, 0.8545454545454545, 0.896969696969697, 0.9030303030303031, 0.8606060606060606, 0.7757575757575758, 0.7757575757575758, 0.8363636363636363, 0.8242424242424242, 0.8424242424242424, 0.9030303030303031, 0.7696969696969697, 0.8303030303030303, 0.8787878787878788, 0.8666666666666667, 0.806060606060606, 0.8787878787878788, 0.9030303030303031, 0.8363636363636363, 0.8606060606060606, 0.7818181818181819, 0.806060606060606, 0.8848484848484849, 0.8787878787878788, 0.8363636363636363, 0.8424242424242424, 0.896969696969697]
0.8507878787878788


Single different (100) (x0)

Multi different (100) (x0)

Forth quarter (76) (x1)

Third quarter (51) (x1)

Second quarter (26) (x7)

First quarter (1) (x18)

No different (0) (x10)


[0.918918918918919, 0.7837837837837838, 0.8108108108108109, 0.8378378378378378, 0.8378378378378378, 0.7027027027027027, 0.7837837837837838, 0.9459459459459459, 0.972972972972973, 0.8378378378378378, 0.8378378378378378, 0.8108108108108109, 0.9459459459459459, 0.7297297297297297, 0.8918918918918919, 0.9459459459459459, 0.918918918918919, 0.7837837837837838, 0.8378378378378378, 0.8108108108108109, 0.8108108108108109, 0.8648648648648649, 0.7837837837837838, 0.7837837837837838, 0.7837837837837838, 0.8918918918918919, 0.8378378378378378, 0.8648648648648649, 0.8648648648648649, 0.9459459459459459, 0.8108108108108109, 0.8918918918918919, 0.8378378378378378, 0.918918918918919, 0.8378378378378378, 0.8108108108108109, 0.918918918918919, 0.918918918918919, 0.7567567567567568, 0.7837837837837838, 0.7297297297297297, 0.8918918918918919, 0.8918918918918919, 0.8648648648648649, 0.972972972972973, 0.8378378378378378, 0.8108108108108109, 0.8648648648648649, 0.8918918918918919, 0.7837837837837838, 0.8918918918918919, 0.7837837837837838, 0.8378378378378378, 0.8108108108108109, 0.918918918918919, 0.972972972972973, 0.6486486486486487, 0.972972972972973, 0.8918918918918919, 0.8918918918918919, 0.8108108108108109, 0.7837837837837838, 0.8378378378378378, 0.8648648648648649, 0.8918918918918919, 0.7837837837837838, 0.7567567567567568, 0.9459459459459459, 0.8378378378378378, 0.8648648648648649, 0.8378378378378378, 0.8918918918918919, 0.8108108108108109, 0.8108108108108109, 0.7567567567567568, 0.918918918918919, 0.918918918918919, 0.8918918918918919, 0.8918918918918919, 0.8108108108108109, 0.8108108108108109, 0.7297297297297297, 0.7567567567567568, 0.8648648648648649, 0.7567567567567568, 0.8108108108108109, 0.8378378378378378, 0.8378378378378378, 0.7027027027027027, 0.8378378378378378, 0.8378378378378378, 0.8108108108108109, 0.8378378378378378, 0.8378378378378378, 0.7567567567567568, 0.8648648648648649, 0.8378378378378378, 0.8378378378378378, 0.8108108108108109, 0.9459459459459459]
0.8427027027027028
