Namespace(dataset='audiology', mode='examine', n_estimators=1, num_clf=50, random_state=9883, reuse=False)
Dataset audiology
(100, 95)
(100, 95)
(26, 95)
Number of label: 24 

Single different (50) (x0)

Multi different (50) (x10)

Forth quarter (38) (x16)

Third quarter (26) (x18)

Second quarter (13) (x30)

First quarter (1) (x26)

No different (0) (x0)


[0.55, 0.56, 0.52, 0.47, 0.55, 0.5, 0.47, 0.49, 0.48, 0.42, 0.58, 0.44, 0.53, 0.48, 0.54, 0.51, 0.42, 0.61, 0.52, 0.43, 0.47, 0.63, 0.53, 0.6, 0.48, 0.47, 0.57, 0.46, 0.5, 0.52, 0.58, 0.63, 0.52, 0.64, 0.41, 0.56, 0.52, 0.41, 0.43, 0.52, 0.54, 0.5, 0.53, 0.48, 0.48, 0.5, 0.38, 0.63, 0.54, 0.53]
0.5126000000000001


Single different (50) (x0)

Multi different (50) (x1)

Forth quarter (38) (x6)

Third quarter (26) (x3)

Second quarter (13) (x3)

First quarter (1) (x11)

No different (0) (x2)


[0.5384615384615384, 0.6538461538461539, 0.6153846153846154, 0.6538461538461539, 0.6153846153846154, 0.5769230769230769, 0.6538461538461539, 0.4230769230769231, 0.5384615384615384, 0.6153846153846154, 0.6538461538461539, 0.6153846153846154, 0.5769230769230769, 0.46153846153846156, 0.8461538461538461, 0.6153846153846154, 0.6153846153846154, 0.6153846153846154, 0.4230769230769231, 0.5769230769230769, 0.5384615384615384, 0.5769230769230769, 0.5384615384615384, 0.6923076923076923, 0.6538461538461539, 0.6153846153846154, 0.7307692307692307, 0.5, 0.6153846153846154, 0.6153846153846154, 0.7307692307692307, 0.6538461538461539, 0.6153846153846154, 0.6538461538461539, 0.5384615384615384, 0.6538461538461539, 0.5769230769230769, 0.6538461538461539, 0.6153846153846154, 0.6538461538461539, 0.6923076923076923, 0.5384615384615384, 0.6923076923076923, 0.5384615384615384, 0.5384615384615384, 0.5769230769230769, 0.4230769230769231, 0.6923076923076923, 0.5769230769230769, 0.6923076923076923]
0.6053846153846154
