Namespace(dataset='lymphography', mode='examine', n_estimators=1, num_clf=50, random_state=3038, reuse=False)
Dataset lymphography
(66, 39)
(67, 39)
(15, 39)
Number of label: 4 

Single different (50) (x0)

Multi different (50) (x0)

Forth quarter (38) (x4)

Third quarter (26) (x11)

Second quarter (13) (x14)

First quarter (1) (x34)

No different (0) (x4)


[0.6417910447761194, 0.8059701492537313, 0.8059701492537313, 0.6865671641791045, 0.746268656716418, 0.6268656716417911, 0.7014925373134329, 0.7014925373134329, 0.7611940298507462, 0.6716417910447762, 0.6865671641791045, 0.7611940298507462, 0.7313432835820896, 0.6268656716417911, 0.8208955223880597, 0.7910447761194029, 0.7164179104477612, 0.7014925373134329, 0.7164179104477612, 0.8208955223880597, 0.7014925373134329, 0.6417910447761194, 0.7014925373134329, 0.7014925373134329, 0.746268656716418, 0.6268656716417911, 0.6567164179104478, 0.7164179104477612, 0.6567164179104478, 0.7164179104477612, 0.7761194029850746, 0.7164179104477612, 0.5671641791044776, 0.7313432835820896, 0.7313432835820896, 0.6417910447761194, 0.6417910447761194, 0.7014925373134329, 0.6716417910447762, 0.7313432835820896, 0.6268656716417911, 0.7611940298507462, 0.746268656716418, 0.6268656716417911, 0.7313432835820896, 0.7014925373134329, 0.746268656716418, 0.7910447761194029, 0.6865671641791045, 0.6268656716417911]
0.7068656716417909


Single different (50) (x0)

Multi different (50) (x0)

Forth quarter (38) (x1)

Third quarter (26) (x0)

Second quarter (13) (x5)

First quarter (1) (x9)

No different (0) (x0)


[0.6, 0.8, 0.8666666666666667, 0.6, 0.8, 0.6666666666666666, 0.8, 0.7333333333333333, 0.7333333333333333, 0.8666666666666667, 0.6666666666666666, 0.8666666666666667, 0.8, 0.7333333333333333, 0.7333333333333333, 0.7333333333333333, 0.8, 0.8, 0.7333333333333333, 0.8666666666666667, 0.6, 0.7333333333333333, 0.8666666666666667, 0.7333333333333333, 0.8666666666666667, 0.5333333333333333, 0.9333333333333333, 0.6666666666666666, 0.8, 0.6, 0.7333333333333333, 0.9333333333333333, 0.8666666666666667, 0.7333333333333333, 0.8, 0.8666666666666667, 0.6666666666666666, 0.4666666666666667, 0.8, 0.7333333333333333, 0.7333333333333333, 0.8, 0.9333333333333333, 0.8, 0.9333333333333333, 0.6, 0.7333333333333333, 0.8666666666666667, 0.5333333333333333, 0.6666666666666666]
0.7546666666666666
