Namespace(dataset='cmc', mode='examine', n_estimators=1, num_clf=100, random_state=5564, reuse=False)
Dataset cmc
(663, 22)
(663, 22)
(147, 22)
Number of label: 3 

Single different (100) (x0)

Multi different (100) (x2)

Forth quarter (76) (x197)

Third quarter (51) (x189)

Second quarter (26) (x166)

First quarter (1) (x108)

No different (0) (x1)


[0.4781297134238311, 0.45098039215686275, 0.44042232277526394, 0.45852187028657615, 0.4434389140271493, 0.43891402714932126, 0.4358974358974359, 0.4193061840120664, 0.46003016591251883, 0.4434389140271493, 0.42684766214177977, 0.4539969834087481, 0.43891402714932126, 0.42081447963800905, 0.44042232277526394, 0.4358974358974359, 0.4494720965309201, 0.43137254901960786, 0.45701357466063347, 0.45701357466063347, 0.4555052790346908, 0.4766214177978884, 0.44042232277526394, 0.43891402714932126, 0.45852187028657615, 0.47058823529411764, 0.43137254901960786, 0.4419306184012066, 0.4238310708898944, 0.43891402714932126, 0.4374057315233786, 0.4238310708898944, 0.40120663650075417, 0.4781297134238311, 0.45248868778280543, 0.4660633484162896, 0.4555052790346908, 0.444947209653092, 0.4238310708898944, 0.4419306184012066, 0.4072398190045249, 0.41478129713423834, 0.43288084464555054, 0.44042232277526394, 0.46153846153846156, 0.49019607843137253, 0.4419306184012066, 0.4434389140271493, 0.44042232277526394, 0.45248868778280543, 0.44042232277526394, 0.4494720965309201, 0.4343891402714932, 0.38763197586727, 0.4253393665158371, 0.4117647058823529, 0.473604826546003, 0.4193061840120664, 0.46304675716440424, 0.4419306184012066, 0.45248868778280543, 0.4796380090497738, 0.4374057315233786, 0.4132730015082956, 0.46907993966817496, 0.4675716440422323, 0.44042232277526394, 0.46003016591251883, 0.4479638009049774, 0.444947209653092, 0.43137254901960786, 0.4539969834087481, 0.3861236802413273, 0.4132730015082956, 0.42081447963800905, 0.46003016591251883, 0.49019607843137253, 0.42232277526395173, 0.44042232277526394, 0.4238310708898944, 0.43288084464555054, 0.43891402714932126, 0.4298642533936652, 0.43288084464555054, 0.4494720965309201, 0.43288084464555054, 0.43137254901960786, 0.43137254901960786, 0.46153846153846156, 0.4298642533936652, 0.444947209653092, 0.4193061840120664, 0.4374057315233786, 0.4796380090497738, 0.45701357466063347, 0.4660633484162896, 0.43137254901960786, 0.4343891402714932, 0.46907993966817496, 0.4374057315233786]
0.442579185520362


Single different (100) (x0)

Multi different (100) (x0)

Forth quarter (76) (x42)

Third quarter (51) (x46)

Second quarter (26) (x31)

First quarter (1) (x28)

No different (0) (x0)


[0.46258503401360546, 0.40816326530612246, 0.4897959183673469, 0.43537414965986393, 0.43537414965986393, 0.41496598639455784, 0.46938775510204084, 0.4557823129251701, 0.4421768707482993, 0.4421768707482993, 0.48299319727891155, 0.4897959183673469, 0.4965986394557823, 0.4217687074829932, 0.42857142857142855, 0.46258503401360546, 0.48299319727891155, 0.40816326530612246, 0.46938775510204084, 0.4965986394557823, 0.4897959183673469, 0.4217687074829932, 0.4897959183673469, 0.4217687074829932, 0.5034013605442177, 0.42857142857142855, 0.4421768707482993, 0.5306122448979592, 0.46938775510204084, 0.4489795918367347, 0.38095238095238093, 0.42857142857142855, 0.47619047619047616, 0.46258503401360546, 0.5034013605442177, 0.4489795918367347, 0.4965986394557823, 0.4965986394557823, 0.4965986394557823, 0.42857142857142855, 0.47619047619047616, 0.42857142857142855, 0.48299319727891155, 0.46258503401360546, 0.46258503401360546, 0.4557823129251701, 0.5102040816326531, 0.42857142857142855, 0.46258503401360546, 0.48299319727891155, 0.3877551020408163, 0.4557823129251701, 0.4557823129251701, 0.3673469387755102, 0.46938775510204084, 0.40816326530612246, 0.46938775510204084, 0.4421768707482993, 0.43537414965986393, 0.46938775510204084, 0.3945578231292517, 0.4557823129251701, 0.42857142857142855, 0.4897959183673469, 0.4557823129251701, 0.43537414965986393, 0.47619047619047616, 0.42857142857142855, 0.4217687074829932, 0.4421768707482993, 0.47619047619047616, 0.46938775510204084, 0.3945578231292517, 0.4557823129251701, 0.48299319727891155, 0.4557823129251701, 0.46258503401360546, 0.5034013605442177, 0.4489795918367347, 0.41496598639455784, 0.42857142857142855, 0.42857142857142855, 0.4965986394557823, 0.3945578231292517, 0.4421768707482993, 0.4965986394557823, 0.47619047619047616, 0.40816326530612246, 0.40816326530612246, 0.4897959183673469, 0.4013605442176871, 0.4557823129251701, 0.4489795918367347, 0.4557823129251701, 0.43537414965986393, 0.47619047619047616, 0.3741496598639456, 0.5034013605442177, 0.5170068027210885, 0.46938775510204084]
0.45374149659863944
