Namespace(dataset='human_activity', mode='examine', n_estimators=1, num_clf=100, random_state=6817, reuse=True)
Dataset human_activity
(3676, 562)
(3676, 562)
(2947, 562)
Number of label: 6 

Single different (100) (x0)

Multi different (100) (x0)

Forth quarter (76) (x0)

Third quarter (51) (x0)

Second quarter (26) (x35)

First quarter (1) (x5167)

No different (0) (x2150)


[0.955930359085963, 0.9560663764961915, 0.9665397170837867, 0.9696681175190425, 0.9672198041349293, 0.9677638737758433, 0.9699401523394995, 0.9624591947769314, 0.9718443960826986, 0.9571545157780196, 0.969532100108814, 0.9649075081610446, 0.9596028291621328, 0.9668117519042437, 0.9586507072905331, 0.9655875952121872, 0.9640914036996736, 0.9665397170837867, 0.9579706202393906, 0.9581066376496191, 0.9589227421109902, 0.9654515778019587, 0.9644994559303591, 0.9672198041349293, 0.9638193688792165, 0.9680359085963003, 0.9610990206746464, 0.9696681175190425, 0.9640914036996736, 0.9638193688792165, 0.9669477693144722, 0.955386289445049, 0.9623231773667029, 0.9691240478781284, 0.9668117519042437, 0.9734766050054406, 0.9582426550598476, 0.969532100108814, 0.9640914036996736, 0.9570184983677911, 0.9570184983677911, 0.9661316648531012, 0.9616430903155604, 0.970348204570185, 0.9538900979325353, 0.9572905331882481, 0.9688520130576714, 0.9630032644178455, 0.963411316648531, 0.9610990206746464, 0.9609630032644179, 0.9623231773667029, 0.9681719260065288, 0.963683351468988, 0.9689880304678999, 0.9722524483133841, 0.9684439608269858, 0.970620239390642, 0.9664036996735582, 0.970076169749728, 0.9665397170837867, 0.970076169749728, 0.9529379760609358, 0.954570184983678, 0.9628672470076169, 0.9542981501632208, 0.969532100108814, 0.9677638737758433, 0.9643634385201306, 0.9530739934711643, 0.9643634385201306, 0.9591947769314473, 0.9600108813928183, 0.9659956474428727, 0.9623231773667029, 0.9587867247007617, 0.9646354733405876, 0.9617791077257889, 0.9725244831338411, 0.9670837867247007, 0.9659956474428727, 0.9643634385201306, 0.9719804134929271, 0.9583786724700761, 0.9638193688792165, 0.9676278563656148, 0.970348204570185, 0.9549782372143635, 0.969260065288357, 0.9534820457018498, 0.9635473340587595, 0.9650435255712732, 0.9668117519042437, 0.9678998911860718, 0.9699401523394995, 0.9579706202393906, 0.9681719260065288, 0.9602829162132753, 0.9625952121871599, 0.9715723612622416]
0.964073721436344


Single different (100) (x0)

Multi different (100) (x0)

Forth quarter (76) (x45)

Third quarter (51) (x214)

Second quarter (26) (x506)

First quarter (1) (x2003)

No different (0) (x179)


[0.7953851374278927, 0.8157448252460129, 0.820834747200543, 0.7940278249066848, 0.8167628096369189, 0.8266033254156769, 0.833729216152019, 0.8215134034611469, 0.8154054971157109, 0.8025110281642348, 0.8106549032914828, 0.8218527315914489, 0.8218527315914489, 0.8571428571428571, 0.7902952154733628, 0.8456057007125891, 0.7780794027824907, 0.8157448252460129, 0.7930098405157787, 0.845945028842891, 0.8021717000339328, 0.8181201221581269, 0.827960637936885, 0.8099762470308789, 0.8103155751611809, 0.8282999660671869, 0.7753647777400746, 0.8286392941974889, 0.8286392941974889, 0.8171021377672208, 0.825246012894469, 0.7838479809976246, 0.8004750593824228, 0.8201560909399389, 0.8147268408551069, 0.831353919239905, 0.8198167628096369, 0.8187987784187309, 0.7987784187309128, 0.8042076688157448, 0.8123515439429929, 0.829996606718697, 0.8008143875127248, 0.827281981676281, 0.7780794027824907, 0.8072616219884629, 0.829657278588395, 0.832032575500509, 0.836104513064133, 0.8194774346793349, 0.8201560909399389, 0.8008143875127248, 0.8428910756701731, 0.838140481845945, 0.825924669155073, 0.7947064811672888, 0.8177807940278249, 0.8367831693247371, 0.8157448252460129, 0.8432304038004751, 0.8452663725822871, 0.825585341024771, 0.8120122158126909, 0.8001357312521208, 0.8072616219884629, 0.7709535120461486, 0.8238887003732609, 0.8137088564642009, 0.837461825585341, 0.7913131998642687, 0.8008143875127248, 0.7984390906006108, 0.832371903630811, 0.8160841533763149, 0.7634882931795046, 0.7943671530369868, 0.8116728876823889, 0.8177807940278249, 0.832711231761113, 0.839837122497455, 0.8150661689854088, 0.8079402782490669, 0.8500169664065151, 0.7957244655581948, 0.8086189345096708, 0.8171021377672208, 0.827621309806583, 0.8004750593824228, 0.8092975907702749, 0.7967424499491008, 0.8201560909399389, 0.8510349507974211, 0.8157448252460129, 0.8123515439429929, 0.8489989820156091, 0.8014930437733289, 0.8469630132337971, 0.8194774346793349, 0.822870715982355, 0.833050559891415]
0.8163182897862233
