Namespace(dataset='lymphography', mode='examine', n_estimators=1, num_clf=100, random_state=198, reuse=False)
Dataset lymphography
(66, 39)
(67, 39)
(15, 39)
Number of label: 4 

Single different (100) (x0)

Multi different (100) (x0)

Forth quarter (76) (x9)

Third quarter (51) (x5)

Second quarter (26) (x17)

First quarter (1) (x36)

No different (0) (x0)


[0.6417910447761194, 0.6268656716417911, 0.6865671641791045, 0.5970149253731343, 0.6417910447761194, 0.7611940298507462, 0.6417910447761194, 0.6865671641791045, 0.6268656716417911, 0.7611940298507462, 0.5970149253731343, 0.7313432835820896, 0.5373134328358209, 0.7611940298507462, 0.7313432835820896, 0.7313432835820896, 0.582089552238806, 0.7761194029850746, 0.7014925373134329, 0.7164179104477612, 0.6268656716417911, 0.7611940298507462, 0.6268656716417911, 0.6567164179104478, 0.7164179104477612, 0.7164179104477612, 0.7611940298507462, 0.6268656716417911, 0.7164179104477612, 0.7014925373134329, 0.5671641791044776, 0.7761194029850746, 0.6716417910447762, 0.7313432835820896, 0.7910447761194029, 0.7014925373134329, 0.7164179104477612, 0.7014925373134329, 0.746268656716418, 0.7014925373134329, 0.7014925373134329, 0.6417910447761194, 0.6716417910447762, 0.6119402985074627, 0.7014925373134329, 0.6865671641791045, 0.7910447761194029, 0.6268656716417911, 0.6567164179104478, 0.7611940298507462, 0.835820895522388, 0.5522388059701493, 0.6865671641791045, 0.6417910447761194, 0.6119402985074627, 0.6119402985074627, 0.7313432835820896, 0.7014925373134329, 0.5522388059701493, 0.7910447761194029, 0.6716417910447762, 0.6268656716417911, 0.6865671641791045, 0.7164179104477612, 0.6268656716417911, 0.7761194029850746, 0.7164179104477612, 0.8059701492537313, 0.5970149253731343, 0.6716417910447762, 0.6865671641791045, 0.6865671641791045, 0.7313432835820896, 0.6417910447761194, 0.6865671641791045, 0.6417910447761194, 0.582089552238806, 0.7313432835820896, 0.5970149253731343, 0.6417910447761194, 0.7313432835820896, 0.6417910447761194, 0.6865671641791045, 0.7014925373134329, 0.6119402985074627, 0.7164179104477612, 0.6716417910447762, 0.7014925373134329, 0.5522388059701493, 0.6417910447761194, 0.7313432835820896, 0.6716417910447762, 0.6268656716417911, 0.6268656716417911, 0.7164179104477612, 0.6417910447761194, 0.6268656716417911, 0.6716417910447762, 0.5671641791044776, 0.6119402985074627]
0.677910447761194


Single different (100) (x0)

Multi different (100) (x0)

Forth quarter (76) (x3)

Third quarter (51) (x1)

Second quarter (26) (x0)

First quarter (1) (x11)

No different (0) (x0)


[0.7333333333333333, 0.6666666666666666, 0.6666666666666666, 0.7333333333333333, 0.7333333333333333, 0.7333333333333333, 0.7333333333333333, 0.8, 0.6666666666666666, 0.6666666666666666, 0.6, 0.6666666666666666, 0.6666666666666666, 0.6666666666666666, 0.7333333333333333, 0.7333333333333333, 0.7333333333333333, 0.6666666666666666, 0.8666666666666667, 0.6666666666666666, 0.6666666666666666, 0.5333333333333333, 0.7333333333333333, 0.8, 0.8, 0.6, 0.7333333333333333, 0.6666666666666666, 0.6, 0.8, 0.5333333333333333, 0.8, 0.6, 0.4666666666666667, 0.6, 0.7333333333333333, 0.6666666666666666, 0.8, 0.7333333333333333, 0.6666666666666666, 0.7333333333333333, 0.6666666666666666, 0.7333333333333333, 0.6666666666666666, 0.6666666666666666, 0.8666666666666667, 0.6666666666666666, 0.7333333333333333, 0.7333333333333333, 0.7333333333333333, 0.6666666666666666, 0.6666666666666666, 0.6666666666666666, 0.8, 0.6666666666666666, 0.8, 0.6666666666666666, 0.5333333333333333, 0.6, 0.6, 0.7333333333333333, 0.7333333333333333, 0.7333333333333333, 0.8, 0.6666666666666666, 0.6666666666666666, 0.7333333333333333, 0.6, 0.6666666666666666, 0.7333333333333333, 0.6666666666666666, 0.6666666666666666, 0.7333333333333333, 0.7333333333333333, 0.8, 0.6, 0.8, 0.7333333333333333, 0.6666666666666666, 0.6666666666666666, 0.8666666666666667, 0.7333333333333333, 0.4666666666666667, 0.8, 0.5333333333333333, 0.8, 0.7333333333333333, 0.8, 0.7333333333333333, 0.6, 0.8, 0.7333333333333333, 0.7333333333333333, 0.8666666666666667, 0.6666666666666666, 0.6666666666666666, 0.6, 0.7333333333333333, 0.6666666666666666, 0.6]
0.698
