{'dataset': 'lymphography', 'algorithm': 'ptdqn', 'num_clf': 20, 'num_training': 300000, 'learning_rate': 0.1, 'discount_factor': 1.0, 'epsilon': 0.1, 'random_state': 8791, 'portion': 0.5, 'sequential': False}
(148, 39)
reading data takes 0.495 sec
number of labels: 4

Running iteration 1 of 10 fold...
[11, 0, 16, 14]
using cpu
using cpu
    accuracy, precision, recall, f_score
max0: 0.754717, 0.710906, 0.391667, 0.382612

    accuracy, precision, recall, f_score
max3: 0.777778, 0.777778, 0.769886, 0.769886

    accuracy, precision, recall, f_score
max1: 0.866667, 0.807407, 0.611111, 0.591503


min loss: 0.014, episode: 273000
max accu: 0.755, episode: 160000

1.00 classifiers used
    accuracy, precision, recall, f_score
mv: 0.800000, 0.746667, 0.555556, 0.538721
wv: 0.800000, 0.746667, 0.555556, 0.538721
fs: 0.800000, 0.752381, 0.569444, 0.548077
rl: 0.866667, 0.807407, 0.611111, 0.591503

0.6773584905660377
0.71, 0.77, 0.64, 0.56, 0.67, 0.64, 0.60, 0.62, 0.71, 0.60, 0.69, 0.83, 0.71, 0.69, 0.71, 0.71, 0.73, 0.56, 0.60, 0.69

0.6888888888888888
0.70, 0.77, 0.77, 0.51, 0.70, 0.59, 0.59, 0.66, 0.70, 0.51, 0.77, 0.85, 0.77, 0.66, 0.81, 0.77, 0.74, 0.48, 0.59, 0.74

0.6266666666666667
0.6, 0.6, 0.66, 0.6, 0.73, 0.53, 0.86, 0.53, 0.53, 0.66, 0.8, 0.86, 0.53, 0.73, 0.53, 0.53, 0.53, 0.6, 0.6, 0.46

0.6933333333333332
0.73, 0.73, 0.53, 0.73, 0.6, 0.53, 0.8, 0.73, 0.73, 0.66, 0.6, 0.73, 0.66, 0.66, 0.73, 0.6, 0.73, 0.8, 0.8, 0.73


Running iteration 2 of 10 fold...
[4, 0, 10, 1, 13, 2]
using cpu
using cpu
    accuracy, precision, recall, f_score
max0: 0.792453, 0.748077, 0.420833, 0.407299

    accuracy, precision, recall, f_score
max3: 0.888889, 0.891941, 0.891667, 0.888276

    accuracy, precision, recall, f_score
max1: 0.800000, 0.866667, 0.833333, 0.800000


min loss: 0.009, episode: 287000
max accu: 0.792, episode: 200000

9.73 classifiers used
    accuracy, precision, recall, f_score
mv: 0.800000, 0.866667, 0.833333, 0.800000
wv: 0.800000, 0.866667, 0.833333, 0.800000
fs: 0.933333, 0.942857, 0.944444, 0.932127
rl: 0.800000, 0.866667, 0.833333, 0.800000

0.6556603773584906
0.64, 0.64, 0.66, 0.64, 0.77, 0.69, 0.71, 0.62, 0.71, 0.54, 0.60, 0.73, 0.69, 0.73, 0.60, 0.64, 0.64, 0.73, 0.54, 0.50

0.6685185185185185
0.62, 0.66, 0.66, 0.66, 0.81, 0.66, 0.74, 0.70, 0.74, 0.40, 0.55, 0.74, 0.77, 0.81, 0.59, 0.70, 0.66, 0.70, 0.51, 0.59

0.7233333333333332
0.66, 0.8, 0.73, 0.66, 0.73, 0.73, 0.6, 0.66, 0.93, 0.66, 0.66, 0.93, 0.66, 0.73, 0.86, 0.66, 0.66, 0.66, 0.66, 0.73

0.6966666666666665
0.73, 0.66, 0.86, 0.73, 0.6, 0.66, 0.8, 0.53, 0.53, 0.66, 0.73, 0.8, 0.73, 0.73, 0.66, 0.73, 0.73, 0.66, 0.53, 0.8


Running iteration 3 of 10 fold...
[18, 0, 3, 5, 11, 1, 10, 4]
using cpu
using cpu
    accuracy, precision, recall, f_score
max0: 0.811321, 0.772866, 0.433160, 0.414286

    accuracy, precision, recall, f_score
max3: 0.851852, 0.865432, 0.861765, 0.846591

    accuracy, precision, recall, f_score
max1: 0.533333, 0.700000, 0.602273, 0.524887


min loss: 0.011, episode: 299000
max accu: 0.811, episode: 300000

13.67 classifiers used
    accuracy, precision, recall, f_score
mv: 0.600000, 0.728571, 0.647727, 0.583333
wv: 0.600000, 0.728571, 0.647727, 0.583333
fs: 0.666667, 0.851852, 0.772727, 0.660633
rl: 0.533333, 0.700000, 0.602273, 0.524887

0.7160377358490566
0.75, 0.69, 0.71, 0.71, 0.60, 0.67, 0.71, 0.66, 0.62, 0.66, 0.81, 0.79, 0.69, 0.71, 0.69, 0.71, 0.71, 0.73, 0.83, 0.77

0.7314814814814814
0.70, 0.74, 0.74, 0.77, 0.48, 0.74, 0.70, 0.66, 0.59, 0.70, 0.88, 0.81, 0.66, 0.70, 0.70, 0.81, 0.74, 0.74, 0.88, 0.81

0.5766666666666665
0.53, 0.8, 0.46, 0.53, 0.46, 0.66, 0.46, 0.4, 0.53, 0.8, 0.46, 0.6, 0.73, 0.46, 0.73, 0.6, 0.66, 0.46, 0.66, 0.46

0.57
0.53, 0.66, 0.46, 0.66, 0.6, 0.4, 0.53, 0.6, 0.6, 0.66, 0.46, 0.6, 0.46, 0.53, 0.66, 0.53, 0.66, 0.73, 0.53, 0.46

    accuracy, precision, recall, f_score
mv: 0.733333, 0.780635, 0.678872, 0.640685
wv: 0.733333, 0.780635, 0.678872, 0.640685
fs: 0.800000, 0.849030, 0.762205, 0.713612
rl: 0.733333, 0.791358, 0.682239, 0.638797

fs avg size: 6.00000, rl avg size: 8.13333
full test avg accu: 0.65333, test avg accu: 0.64222

training takes 4009.517 sec
