Namespace(dataset='dematology', mode='examine', n_estimators=1, num_clf=50, random_state=8518, reuse=True)
Dataset dematology
(164, 35)
(165, 35)
(37, 35)
Number of label: 6 

Single different (50) (x0)

Multi different (50) (x0)

Forth quarter (38) (x0)

Third quarter (26) (x0)

Second quarter (13) (x4)

First quarter (1) (x158)

No different (0) (x167)


[0.9513677811550152, 0.9513677811550152, 0.9756838905775076, 0.9696048632218845, 0.9604863221884499, 0.9574468085106383, 0.9726443768996961, 0.9483282674772037, 0.9635258358662614, 0.9513677811550152, 0.9726443768996961, 0.9696048632218845, 0.9544072948328267, 0.9544072948328267, 0.9635258358662614, 0.9787234042553191, 0.9787234042553191, 0.9756838905775076, 0.9422492401215805, 0.9908814589665653, 0.9331306990881459, 0.9361702127659575, 0.9696048632218845, 0.9696048632218845, 0.9635258358662614, 0.9513677811550152, 0.939209726443769, 0.9422492401215805, 0.9726443768996961, 0.9544072948328267, 0.939209726443769, 0.9604863221884499, 0.9756838905775076, 0.9756838905775076, 0.9574468085106383, 0.9696048632218845, 0.9574468085106383, 0.9513677811550152, 0.9635258358662614, 0.9452887537993921, 0.9817629179331308, 0.9483282674772037, 0.9635258358662614, 0.9726443768996961, 0.9726443768996961, 0.9848024316109423, 0.9665653495440729, 0.9574468085106383, 0.9574468085106383, 0.9452887537993921]
0.9612158054711246


Single different (50) (x0)

Multi different (50) (x0)

Forth quarter (38) (x0)

Third quarter (26) (x1)

Second quarter (13) (x5)

First quarter (1) (x18)

No different (0) (x13)


[0.972972972972973, 0.918918918918919, 0.8378378378378378, 0.9459459459459459, 0.972972972972973, 0.8918918918918919, 0.9459459459459459, 0.918918918918919, 0.8648648648648649, 0.918918918918919, 0.8918918918918919, 0.9459459459459459, 0.8378378378378378, 0.8918918918918919, 0.918918918918919, 0.9459459459459459, 0.972972972972973, 0.918918918918919, 0.918918918918919, 0.9459459459459459, 0.8108108108108109, 0.8648648648648649, 0.8918918918918919, 0.918918918918919, 0.972972972972973, 0.918918918918919, 0.8378378378378378, 0.8378378378378378, 0.8918918918918919, 0.8108108108108109, 0.9459459459459459, 0.918918918918919, 0.918918918918919, 0.918918918918919, 0.918918918918919, 0.972972972972973, 0.918918918918919, 0.8378378378378378, 0.8648648648648649, 0.9459459459459459, 0.918918918918919, 0.918918918918919, 0.8648648648648649, 0.972972972972973, 0.8918918918918919, 0.9459459459459459, 0.9459459459459459, 0.8378378378378378, 0.972972972972973, 0.9459459459459459]
0.9102702702702703
