Namespace(dataset='cmc', mode='examine', n_estimators=1, num_clf=100, random_state=5125, reuse=True)
Dataset cmc
(663, 22)
(663, 22)
(147, 22)
Number of label: 3 

Single different (100) (x0)

Multi different (100) (x0)

Forth quarter (76) (x5)

Third quarter (51) (x58)

Second quarter (26) (x410)

First quarter (1) (x841)

No different (0) (x12)


[0.7812971342383107, 0.779788838612368, 0.779788838612368, 0.77526395173454, 0.7812971342383107, 0.7601809954751131, 0.7850678733031674, 0.7828054298642534, 0.7654600301659125, 0.7654600301659125, 0.7986425339366516, 0.7873303167420814, 0.7835595776772247, 0.7978883861236803, 0.7790346907993967, 0.7895927601809954, 0.7986425339366516, 0.7888386123680241, 0.7662141779788839, 0.7692307692307693, 0.7835595776772247, 0.7880844645550528, 0.7790346907993967, 0.7941176470588235, 0.7926093514328808, 0.7760180995475113, 0.7903469079939668, 0.7850678733031674, 0.7722473604826546, 0.7843137254901961, 0.7933634992458521, 0.777526395173454, 0.7745098039215687, 0.7782805429864253, 0.7880844645550528, 0.779788838612368, 0.7654600301659125, 0.779788838612368, 0.77526395173454, 0.7767722473604827, 0.77526395173454, 0.7926093514328808, 0.77526395173454, 0.7880844645550528, 0.7835595776772247, 0.7760180995475113, 0.7609351432880844, 0.7790346907993967, 0.7805429864253394, 0.7911010558069381, 0.779788838612368, 0.7767722473604827, 0.7677224736048266, 0.7767722473604827, 0.7835595776772247, 0.7812971342383107, 0.7654600301659125, 0.7812971342383107, 0.7609351432880844, 0.7782805429864253, 0.7926093514328808, 0.7669683257918553, 0.7767722473604827, 0.779788838612368, 0.7858220211161387, 0.7926093514328808, 0.7888386123680241, 0.7843137254901961, 0.7858220211161387, 0.799396681749623, 0.7888386123680241, 0.7911010558069381, 0.7903469079939668, 0.806184012066365, 0.7835595776772247, 0.7835595776772247, 0.77526395173454, 0.7850678733031674, 0.7737556561085973, 0.7745098039215687, 0.782051282051282, 0.7805429864253394, 0.7662141779788839, 0.7888386123680241, 0.773001508295626, 0.7933634992458521, 0.7639517345399698, 0.7903469079939668, 0.7828054298642534, 0.7933634992458521, 0.7677224736048266, 0.7760180995475113, 0.7843137254901961, 0.7888386123680241, 0.777526395173454, 0.7782805429864253, 0.7843137254901961, 0.7865761689291101, 0.797134238310709, 0.782051282051282]
0.7814630467571644


Single different (100) (x0)

Multi different (100) (x1)

Forth quarter (76) (x32)

Third quarter (51) (x47)

Second quarter (26) (x35)

First quarter (1) (x31)

No different (0) (x1)


[0.4557823129251701, 0.4965986394557823, 0.5170068027210885, 0.4897959183673469, 0.47619047619047616, 0.5170068027210885, 0.40816326530612246, 0.46258503401360546, 0.5034013605442177, 0.54421768707483, 0.4489795918367347, 0.5102040816326531, 0.48299319727891155, 0.4965986394557823, 0.4965986394557823, 0.4557823129251701, 0.4965986394557823, 0.46258503401360546, 0.4013605442176871, 0.5034013605442177, 0.43537414965986393, 0.5238095238095238, 0.4489795918367347, 0.4217687074829932, 0.5238095238095238, 0.46938775510204084, 0.4965986394557823, 0.48299319727891155, 0.42857142857142855, 0.4965986394557823, 0.4217687074829932, 0.4557823129251701, 0.5034013605442177, 0.4489795918367347, 0.47619047619047616, 0.46938775510204084, 0.5510204081632653, 0.4965986394557823, 0.48299319727891155, 0.4965986394557823, 0.47619047619047616, 0.4557823129251701, 0.5034013605442177, 0.4965986394557823, 0.47619047619047616, 0.4557823129251701, 0.46938775510204084, 0.5578231292517006, 0.5034013605442177, 0.4965986394557823, 0.47619047619047616, 0.48299319727891155, 0.5170068027210885, 0.41496598639455784, 0.42857142857142855, 0.46258503401360546, 0.48299319727891155, 0.47619047619047616, 0.4489795918367347, 0.5102040816326531, 0.4965986394557823, 0.48299319727891155, 0.54421768707483, 0.5714285714285714, 0.48299319727891155, 0.5034013605442177, 0.4557823129251701, 0.40816326530612246, 0.46938775510204084, 0.46258503401360546, 0.5170068027210885, 0.47619047619047616, 0.48299319727891155, 0.54421768707483, 0.43537414965986393, 0.46258503401360546, 0.4421768707482993, 0.47619047619047616, 0.5238095238095238, 0.4965986394557823, 0.46258503401360546, 0.48299319727891155, 0.46258503401360546, 0.4897959183673469, 0.5102040816326531, 0.43537414965986393, 0.4557823129251701, 0.46938775510204084, 0.42857142857142855, 0.5102040816326531, 0.42857142857142855, 0.4489795918367347, 0.41496598639455784, 0.47619047619047616, 0.5306122448979592, 0.4965986394557823, 0.46938775510204084, 0.5034013605442177, 0.47619047619047616, 0.3877551020408163]
0.4782312925170068
