Namespace(dataset='cmc', mode='examine', n_estimators=1, num_clf=50, random_state=6860, reuse=True)
Dataset cmc
(663, 22)
(663, 22)
(147, 22)
Number of label: 3 

Single different (50) (x0)

Multi different (50) (x0)

Forth quarter (38) (x3)

Third quarter (26) (x46)

Second quarter (13) (x436)

First quarter (1) (x793)

No different (0) (x48)


[0.7745098039215687, 0.797134238310709, 0.8009049773755657, 0.7963800904977375, 0.7669683257918553, 0.77526395173454, 0.7805429864253394, 0.7782805429864253, 0.8054298642533937, 0.7865761689291101, 0.7865761689291101, 0.7843137254901961, 0.7639517345399698, 0.7895927601809954, 0.7933634992458521, 0.782051282051282, 0.7880844645550528, 0.770739064856712, 0.7948717948717948, 0.7888386123680241, 0.8069381598793364, 0.782051282051282, 0.7963800904977375, 0.7850678733031674, 0.7941176470588235, 0.7880844645550528, 0.7888386123680241, 0.806184012066365, 0.7760180995475113, 0.7880844645550528, 0.7903469079939668, 0.7895927601809954, 0.7812971342383107, 0.777526395173454, 0.7903469079939668, 0.7782805429864253, 0.7865761689291101, 0.7873303167420814, 0.7880844645550528, 0.799396681749623, 0.777526395173454, 0.7963800904977375, 0.7941176470588235, 0.7911010558069381, 0.7812971342383107, 0.782051282051282, 0.7933634992458521, 0.7873303167420814, 0.7888386123680241, 0.7933634992458521]
0.7874057315233786


Single different (50) (x0)

Multi different (50) (x5)

Forth quarter (38) (x44)

Third quarter (26) (x41)

Second quarter (13) (x37)

First quarter (1) (x20)

No different (0) (x0)


[0.4013605442176871, 0.3877551020408163, 0.40816326530612246, 0.38095238095238093, 0.3673469387755102, 0.3673469387755102, 0.4421768707482993, 0.3945578231292517, 0.3945578231292517, 0.47619047619047616, 0.47619047619047616, 0.3945578231292517, 0.42857142857142855, 0.3877551020408163, 0.4421768707482993, 0.41496598639455784, 0.3741496598639456, 0.47619047619047616, 0.46258503401360546, 0.3741496598639456, 0.3877551020408163, 0.4421768707482993, 0.4421768707482993, 0.46258503401360546, 0.40816326530612246, 0.3877551020408163, 0.42857142857142855, 0.4489795918367347, 0.4489795918367347, 0.40816326530612246, 0.4013605442176871, 0.3877551020408163, 0.4421768707482993, 0.43537414965986393, 0.48299319727891155, 0.3945578231292517, 0.3877551020408163, 0.40816326530612246, 0.47619047619047616, 0.40816326530612246, 0.3469387755102041, 0.46938775510204084, 0.40816326530612246, 0.4217687074829932, 0.4897959183673469, 0.41496598639455784, 0.38095238095238093, 0.4013605442176871, 0.4013605442176871, 0.46258503401360546]
0.4187755102040816
