Namespace(dataset='hepatitis', mode='examine', n_estimators=1, num_clf=20, random_state=7847, reuse=False)
Dataset hepatitis
(70, 20)
(70, 20)
(15, 20)
Number of label: 2 

Single different (20) (x0)

Multi different (20) (x0)

Forth quarter (16) (x3)
['B', 'B', 'B', 'B', 'B', 'B', 'B', 'A', 'A', 'A', 'B', 'B', 'B', 'B', 'B', 'B', 'B', 'B', 'B', 'A'] -> A
['B', 'B', 'B', 'B', 'B', 'B', 'B', 'B', 'A', 'A', 'B', 'B', 'B', 'B', 'B', 'B', 'B', 'B', 'B', 'B'] -> A
['B', 'B', 'B', 'B', 'B', 'B', 'B', 'B', 'B', 'A', 'B', 'B', 'B', 'B', 'A', 'B', 'B', 'B', 'B', 'B'] -> A

Third quarter (11) (x9)
['A', 'B', 'B', 'A', 'A', 'B', 'A', 'A', 'A', 'B', 'B', 'B', 'B', 'B', 'B', 'A', 'B', 'B', 'A', 'B'] -> A
['A', 'B', 'B', 'B', 'B', 'B', 'A', 'A', 'A', 'B', 'B', 'B', 'B', 'B', 'B', 'A', 'A', 'A', 'B', 'B'] -> A
['B', 'A', 'B', 'B', 'A', 'A', 'B', 'B', 'A', 'A', 'B', 'B', 'B', 'B', 'B', 'A', 'B', 'B', 'B', 'A'] -> A
['B', 'B', 'A', 'B', 'A', 'B', 'A', 'A', 'B', 'A', 'B', 'A', 'B', 'B', 'B', 'A', 'A', 'B', 'B', 'B'] -> A
['B', 'B', 'B', 'A', 'A', 'B', 'A', 'A', 'B', 'A', 'B', 'B', 'B', 'B', 'A', 'A', 'B', 'B', 'B', 'B'] -> A
['A', 'A', 'A', 'A', 'A', 'A', 'A', 'B', 'B', 'A', 'A', 'B', 'A', 'B', 'A', 'A', 'B', 'A', 'A', 'A'] -> B
['A', 'A', 'A', 'B', 'A', 'A', 'B', 'B', 'A', 'A', 'B', 'A', 'A', 'B', 'A', 'A', 'B', 'A', 'B', 'A'] -> B
['A', 'B', 'B', 'A', 'A', 'A', 'B', 'A', 'B', 'A', 'A', 'A', 'B', 'B', 'A', 'A', 'A', 'A', 'A', 'A'] -> B
['B', 'B', 'A', 'A', 'A', 'B', 'A', 'A', 'B', 'A', 'A', 'A', 'A', 'A', 'A', 'B', 'A', 'A', 'A', 'B'] -> B

Second quarter (6) (x11)
['A', 'B', 'B', 'A', 'A', 'A', 'A', 'A', 'A', 'A', 'B', 'B', 'B', 'A', 'B', 'A', 'A', 'A', 'B', 'B'] -> A
['B', 'A', 'A', 'B', 'A', 'A', 'A', 'A', 'B', 'A', 'B', 'A', 'A', 'B', 'B', 'A', 'B', 'A', 'B', 'A'] -> A
['A', 'A', 'A', 'B', 'B', 'B', 'B', 'A', 'B', 'A', 'B', 'A', 'A', 'B', 'B', 'B', 'B', 'A', 'B', 'B'] -> B
['A', 'A', 'B', 'B', 'A', 'A', 'B', 'A', 'A', 'B', 'B', 'B', 'B', 'B', 'B', 'A', 'B', 'A', 'B', 'A'] -> B
['A', 'A', 'B', 'B', 'B', 'A', 'B', 'B', 'A', 'A', 'A', 'B', 'B', 'B', 'B', 'A', 'A', 'A', 'B', 'A'] -> B
['A', 'B', 'B', 'B', 'B', 'B', 'A', 'A', 'A', 'B', 'B', 'A', 'A', 'B', 'B', 'B', 'B', 'B', 'B', 'A'] -> B
['B', 'A', 'A', 'A', 'A', 'A', 'B', 'B', 'B', 'A', 'B', 'B', 'B', 'B', 'B', 'A', 'B', 'B', 'B', 'A'] -> B
['B', 'A', 'A', 'A', 'B', 'A', 'B', 'B', 'B', 'A', 'B', 'B', 'B', 'B', 'B', 'A', 'B', 'B', 'B', 'A'] -> B
['B', 'A', 'B', 'B', 'B', 'A', 'B', 'B', 'A', 'A', 'B', 'B', 'B', 'B', 'B', 'A', 'B', 'B', 'B', 'A'] -> B
['B', 'B', 'B', 'A', 'B', 'B', 'B', 'B', 'B', 'B', 'A', 'B', 'B', 'A', 'A', 'B', 'A', 'A', 'A', 'B'] -> B
['B', 'B', 'B', 'B', 'A', 'A', 'B', 'B', 'A', 'B', 'B', 'A', 'A', 'B', 'B', 'B', 'B', 'A', 'B', 'B'] -> B

First quarter (1) (x32)
['A', 'A', 'A', 'A', 'A', 'A', 'B', 'A', 'A', 'B', 'A', 'B', 'B', 'A', 'A', 'A', 'A', 'A', 'A', 'A'] -> A
['A', 'A', 'B', 'A', 'A', 'A', 'A', 'A', 'A', 'A', 'A', 'A', 'B', 'A', 'A', 'A', 'A', 'A', 'B', 'A'] -> A
['A', 'B', 'A', 'B', 'B', 'B', 'B', 'A', 'B', 'B', 'B', 'B', 'B', 'B', 'B', 'B', 'B', 'B', 'B', 'A'] -> B
['A', 'B', 'A', 'B', 'B', 'B', 'B', 'B', 'B', 'B', 'B', 'B', 'B', 'B', 'B', 'B', 'B', 'A', 'B', 'A'] -> B
['A', 'B', 'B', 'B', 'B', 'B', 'B', 'B', 'B', 'B', 'B', 'A', 'B', 'B', 'A', 'B', 'B', 'B', 'B', 'B'] -> B
['B', 'A', 'A', 'B', 'A', 'B', 'B', 'B', 'B', 'B', 'B', 'B', 'B', 'B', 'B', 'A', 'B', 'B', 'B', 'A'] -> B
['B', 'A', 'A', 'B', 'B', 'B', 'B', 'B', 'A', 'A', 'B', 'B', 'A', 'B', 'B', 'B', 'B', 'B', 'B', 'B'] -> B
['B', 'A', 'A', 'B', 'B', 'B', 'B', 'B', 'B', 'B', 'B', 'B', 'B', 'B', 'B', 'B', 'B', 'B', 'B', 'A'] -> B
['B', 'A', 'B', 'B', 'B', 'A', 'B', 'B', 'B', 'A', 'B', 'B', 'B', 'B', 'B', 'A', 'B', 'B', 'B', 'B'] -> B
['B', 'A', 'B', 'B', 'B', 'A', 'B', 'B', 'B', 'A', 'B', 'B', 'B', 'B', 'B', 'B', 'A', 'B', 'B', 'B'] -> B
['B', 'A', 'B', 'B', 'B', 'B', 'B', 'B', 'B', 'B', 'B', 'B', 'B', 'B', 'A', 'B', 'B', 'B', 'B', 'B'] -> B
['B', 'B', 'A', 'A', 'B', 'B', 'B', 'B', 'B', 'B', 'B', 'B', 'B', 'B', 'B', 'B', 'B', 'B', 'B', 'B'] -> B
['B', 'B', 'A', 'B', 'A', 'B', 'B', 'B', 'B', 'A', 'B', 'B', 'B', 'B', 'B', 'A', 'B', 'B', 'B', 'B'] -> B
['B', 'B', 'A', 'B', 'B', 'B', 'B', 'B', 'B', 'B', 'B', 'B', 'B', 'B', 'B', 'A', 'B', 'B', 'B', 'B'] -> B
['B', 'B', 'B', 'A', 'B', 'B', 'B', 'B', 'B', 'B', 'B', 'B', 'B', 'B', 'A', 'B', 'B', 'B', 'B', 'B'] -> B
['B', 'B', 'B', 'A', 'B', 'B', 'B', 'B', 'B', 'B', 'B', 'B', 'B', 'B', 'B', 'B', 'B', 'B', 'B', 'B'] -> B
['B', 'B', 'B', 'A', 'B', 'B', 'B', 'B', 'B', 'B', 'B', 'B', 'B', 'B', 'B', 'B', 'B', 'B', 'B', 'B'] -> B
['B', 'B', 'B', 'B', 'B', 'A', 'B', 'B', 'B', 'B', 'B', 'B', 'B', 'B', 'B', 'B', 'B', 'B', 'B', 'B'] -> B
['B', 'B', 'B', 'B', 'B', 'A', 'B', 'B', 'B', 'B', 'B', 'B', 'B', 'B', 'B', 'B', 'B', 'B', 'B', 'B'] -> B
['B', 'B', 'B', 'B', 'B', 'B', 'B', 'A', 'A', 'B', 'B', 'B', 'B', 'B', 'B', 'A', 'B', 'B', 'B', 'B'] -> B
['B', 'B', 'B', 'B', 'B', 'B', 'B', 'A', 'B', 'A', 'B', 'B', 'A', 'B', 'B', 'B', 'B', 'B', 'B', 'B'] -> B
['B', 'B', 'B', 'B', 'B', 'B', 'B', 'A', 'B', 'A', 'B', 'B', 'B', 'B', 'B', 'B', 'B', 'B', 'B', 'A'] -> B
['B', 'B', 'B', 'B', 'B', 'B', 'B', 'B', 'A', 'B', 'B', 'B', 'B', 'B', 'B', 'B', 'B', 'B', 'B', 'B'] -> B
['B', 'B', 'B', 'B', 'B', 'B', 'B', 'B', 'A', 'B', 'B', 'B', 'B', 'B', 'B', 'B', 'B', 'B', 'B', 'B'] -> B
['B', 'B', 'B', 'B', 'B', 'B', 'B', 'B', 'B', 'A', 'B', 'B', 'B', 'B', 'B', 'B', 'B', 'A', 'B', 'B'] -> B
['B', 'B', 'B', 'B', 'B', 'B', 'B', 'B', 'B', 'A', 'B', 'B', 'B', 'B', 'B', 'B', 'B', 'B', 'B', 'B'] -> B
['B', 'B', 'B', 'B', 'B', 'B', 'B', 'B', 'B', 'A', 'B', 'B', 'B', 'B', 'B', 'B', 'B', 'B', 'B', 'B'] -> B
['B', 'B', 'B', 'B', 'B', 'B', 'B', 'B', 'B', 'B', 'B', 'A', 'B', 'A', 'B', 'B', 'B', 'A', 'B', 'B'] -> B
['B', 'B', 'B', 'B', 'B', 'B', 'B', 'B', 'B', 'B', 'B', 'A', 'B', 'B', 'B', 'B', 'B', 'B', 'B', 'B'] -> B
['B', 'B', 'B', 'B', 'B', 'B', 'B', 'B', 'B', 'B', 'B', 'B', 'B', 'A', 'B', 'B', 'B', 'B', 'B', 'B'] -> B
['B', 'B', 'B', 'B', 'B', 'B', 'B', 'B', 'B', 'B', 'B', 'B', 'B', 'B', 'B', 'B', 'B', 'B', 'B', 'A'] -> B
['B', 'B', 'B', 'B', 'B', 'B', 'B', 'B', 'B', 'B', 'B', 'B', 'B', 'B', 'B', 'B', 'B', 'B', 'B', 'A'] -> B

No different (0) (x15)
['B', 'B', 'B', 'B', 'B', 'B', 'B', 'B', 'B', 'B', 'B', 'B', 'B', 'B', 'B', 'B', 'B', 'B', 'B', 'B'] -> B
['B', 'B', 'B', 'B', 'B', 'B', 'B', 'B', 'B', 'B', 'B', 'B', 'B', 'B', 'B', 'B', 'B', 'B', 'B', 'B'] -> B
['B', 'B', 'B', 'B', 'B', 'B', 'B', 'B', 'B', 'B', 'B', 'B', 'B', 'B', 'B', 'B', 'B', 'B', 'B', 'B'] -> B
['B', 'B', 'B', 'B', 'B', 'B', 'B', 'B', 'B', 'B', 'B', 'B', 'B', 'B', 'B', 'B', 'B', 'B', 'B', 'B'] -> B
['B', 'B', 'B', 'B', 'B', 'B', 'B', 'B', 'B', 'B', 'B', 'B', 'B', 'B', 'B', 'B', 'B', 'B', 'B', 'B'] -> B
['B', 'B', 'B', 'B', 'B', 'B', 'B', 'B', 'B', 'B', 'B', 'B', 'B', 'B', 'B', 'B', 'B', 'B', 'B', 'B'] -> B
['B', 'B', 'B', 'B', 'B', 'B', 'B', 'B', 'B', 'B', 'B', 'B', 'B', 'B', 'B', 'B', 'B', 'B', 'B', 'B'] -> B
['B', 'B', 'B', 'B', 'B', 'B', 'B', 'B', 'B', 'B', 'B', 'B', 'B', 'B', 'B', 'B', 'B', 'B', 'B', 'B'] -> B
['B', 'B', 'B', 'B', 'B', 'B', 'B', 'B', 'B', 'B', 'B', 'B', 'B', 'B', 'B', 'B', 'B', 'B', 'B', 'B'] -> B
['B', 'B', 'B', 'B', 'B', 'B', 'B', 'B', 'B', 'B', 'B', 'B', 'B', 'B', 'B', 'B', 'B', 'B', 'B', 'B'] -> B
['B', 'B', 'B', 'B', 'B', 'B', 'B', 'B', 'B', 'B', 'B', 'B', 'B', 'B', 'B', 'B', 'B', 'B', 'B', 'B'] -> B
['B', 'B', 'B', 'B', 'B', 'B', 'B', 'B', 'B', 'B', 'B', 'B', 'B', 'B', 'B', 'B', 'B', 'B', 'B', 'B'] -> B
['B', 'B', 'B', 'B', 'B', 'B', 'B', 'B', 'B', 'B', 'B', 'B', 'B', 'B', 'B', 'B', 'B', 'B', 'B', 'B'] -> B
['B', 'B', 'B', 'B', 'B', 'B', 'B', 'B', 'B', 'B', 'B', 'B', 'B', 'B', 'B', 'B', 'B', 'B', 'B', 'B'] -> B
['B', 'B', 'B', 'B', 'B', 'B', 'B', 'B', 'B', 'B', 'B', 'B', 'B', 'B', 'B', 'B', 'B', 'B', 'B', 'B'] -> B


[0.7571428571428571, 0.6857142857142857, 0.6714285714285714, 0.7571428571428571, 0.8142857142857143, 0.7142857142857143, 0.8857142857142857, 0.8285714285714286, 0.8, 0.7, 0.7857142857142857, 0.7428571428571429, 0.7285714285714285, 0.8142857142857143, 0.7714285714285715, 0.7714285714285715, 0.8285714285714286, 0.7285714285714285, 0.8, 0.6714285714285714]
0.7628571428571428


Single different (20) (x1)
['B', 'B', 'B', 'B', 'B', 'B', 'B', 'B', 'B', 'B', 'B', 'B', 'B', 'B', 'B', 'B', 'B', 'B', 'B', 'B'] -> A

Multi different (20) (x0)

Forth quarter (16) (x1)
['B', 'A', 'A', 'B', 'B', 'B', 'B', 'B', 'B', 'A', 'B', 'B', 'B', 'B', 'B', 'B', 'B', 'B', 'B', 'A'] -> A

Third quarter (11) (x0)

Second quarter (6) (x7)
['A', 'A', 'A', 'B', 'A', 'A', 'B', 'B', 'A', 'A', 'B', 'B', 'B', 'B', 'B', 'A', 'A', 'A', 'A', 'A'] -> A
['A', 'A', 'A', 'B', 'A', 'A', 'B', 'B', 'A', 'A', 'B', 'B', 'B', 'B', 'B', 'A', 'A', 'A', 'A', 'A'] -> A
['B', 'A', 'B', 'A', 'A', 'B', 'A', 'A', 'A', 'A', 'B', 'A', 'B', 'B', 'A', 'A', 'B', 'B', 'A', 'B'] -> A
['B', 'B', 'B', 'A', 'A', 'B', 'A', 'A', 'B', 'A', 'A', 'B', 'B', 'A', 'A', 'A', 'A', 'B', 'B', 'B'] -> A
['A', 'B', 'A', 'B', 'B', 'B', 'B', 'B', 'B', 'B', 'B', 'A', 'A', 'B', 'B', 'B', 'B', 'A', 'B', 'A'] -> B
['B', 'A', 'B', 'B', 'B', 'B', 'B', 'B', 'B', 'A', 'B', 'A', 'A', 'B', 'B', 'B', 'A', 'A', 'B', 'A'] -> B
['B', 'B', 'B', 'A', 'B', 'B', 'B', 'B', 'B', 'B', 'A', 'B', 'B', 'A', 'A', 'B', 'A', 'A', 'A', 'B'] -> B

First quarter (1) (x5)
['A', 'B', 'B', 'B', 'A', 'A', 'B', 'A', 'B', 'B', 'B', 'B', 'B', 'B', 'B', 'B', 'B', 'A', 'B', 'B'] -> B
['B', 'B', 'B', 'B', 'B', 'A', 'B', 'B', 'B', 'B', 'B', 'A', 'B', 'B', 'B', 'B', 'A', 'B', 'B', 'A'] -> B
['B', 'B', 'B', 'B', 'B', 'B', 'B', 'B', 'B', 'A', 'A', 'B', 'B', 'B', 'B', 'A', 'B', 'B', 'A', 'B'] -> B
['B', 'B', 'B', 'B', 'B', 'B', 'B', 'B', 'B', 'A', 'B', 'B', 'B', 'B', 'B', 'B', 'B', 'B', 'B', 'B'] -> B
['B', 'B', 'B', 'B', 'B', 'B', 'B', 'B', 'B', 'B', 'B', 'B', 'B', 'B', 'A', 'B', 'B', 'B', 'B', 'B'] -> B

No different (0) (x1)
['B', 'B', 'B', 'B', 'B', 'B', 'B', 'B', 'B', 'B', 'B', 'B', 'B', 'B', 'B', 'B', 'B', 'B', 'B', 'B'] -> B


[0.6, 0.8, 0.7333333333333333, 0.6666666666666666, 0.8, 0.6, 0.7333333333333333, 0.6666666666666666, 0.8, 0.7333333333333333, 0.5333333333333333, 0.4666666666666667, 0.4666666666666667, 0.6, 0.6, 0.8, 0.6, 0.4666666666666667, 0.6666666666666666, 0.6]
0.6466666666666666
