Namespace(dataset='audiology', mode='examine', n_estimators=1, num_clf=100, random_state=3043, reuse=False)
Dataset audiology
(100, 95)
(100, 95)
(26, 95)
Number of label: 24 

Single different (100) (x0)

Multi different (100) (x4)

Forth quarter (76) (x21)

Third quarter (51) (x15)

Second quarter (26) (x41)

First quarter (1) (x19)

No different (0) (x0)


[0.5, 0.48, 0.41, 0.5, 0.54, 0.53, 0.49, 0.49, 0.65, 0.45, 0.43, 0.67, 0.57, 0.57, 0.4, 0.57, 0.61, 0.68, 0.47, 0.41, 0.6, 0.55, 0.53, 0.45, 0.49, 0.54, 0.42, 0.44, 0.54, 0.4, 0.43, 0.55, 0.42, 0.47, 0.62, 0.56, 0.49, 0.54, 0.47, 0.53, 0.59, 0.6, 0.4, 0.59, 0.59, 0.4, 0.51, 0.69, 0.52, 0.58, 0.59, 0.51, 0.57, 0.6, 0.59, 0.46, 0.54, 0.57, 0.53, 0.43, 0.55, 0.59, 0.38, 0.57, 0.53, 0.56, 0.66, 0.59, 0.48, 0.52, 0.49, 0.52, 0.57, 0.51, 0.59, 0.6, 0.51, 0.53, 0.41, 0.53, 0.51, 0.45, 0.48, 0.46, 0.42, 0.59, 0.57, 0.47, 0.62, 0.39, 0.51, 0.38, 0.41, 0.51, 0.48, 0.46, 0.34, 0.5, 0.43, 0.37]
0.5136


Single different (100) (x0)

Multi different (100) (x0)

Forth quarter (76) (x6)

Third quarter (51) (x9)

Second quarter (26) (x2)

First quarter (1) (x9)

No different (0) (x0)


[0.5384615384615384, 0.5384615384615384, 0.5384615384615384, 0.46153846153846156, 0.38461538461538464, 0.15384615384615385, 0.46153846153846156, 0.5, 0.6923076923076923, 0.38461538461538464, 0.6153846153846154, 0.6923076923076923, 0.5, 0.8846153846153846, 0.5384615384615384, 0.5769230769230769, 0.6538461538461539, 0.7307692307692307, 0.5384615384615384, 0.5384615384615384, 0.5769230769230769, 0.38461538461538464, 0.5384615384615384, 0.38461538461538464, 0.5769230769230769, 0.5384615384615384, 0.5, 0.46153846153846156, 0.6538461538461539, 0.5, 0.6538461538461539, 0.6153846153846154, 0.5769230769230769, 0.5384615384615384, 0.38461538461538464, 0.5384615384615384, 0.6153846153846154, 0.5384615384615384, 0.5, 0.5769230769230769, 0.6923076923076923, 0.5384615384615384, 0.5769230769230769, 0.6538461538461539, 0.5, 0.4230769230769231, 0.5, 0.6153846153846154, 0.5, 0.6923076923076923, 0.6153846153846154, 0.5, 0.6153846153846154, 0.6923076923076923, 0.6923076923076923, 0.46153846153846156, 0.5, 0.6153846153846154, 0.5, 0.4230769230769231, 0.5, 0.5, 0.5, 0.5769230769230769, 0.6538461538461539, 0.5769230769230769, 0.6538461538461539, 0.6923076923076923, 0.5, 0.46153846153846156, 0.5384615384615384, 0.5384615384615384, 0.6153846153846154, 0.5384615384615384, 0.5769230769230769, 0.6538461538461539, 0.5769230769230769, 0.4230769230769231, 0.34615384615384615, 0.5, 0.5769230769230769, 0.34615384615384615, 0.4230769230769231, 0.38461538461538464, 0.5384615384615384, 0.5384615384615384, 0.6153846153846154, 0.5, 0.6153846153846154, 0.4230769230769231, 0.5384615384615384, 0.6538461538461539, 0.46153846153846156, 0.5, 0.5384615384615384, 0.38461538461538464, 0.5384615384615384, 0.6923076923076923, 0.5, 0.2692307692307692]
0.5384615384615384
