Namespace(dataset='human_activity', mode='examine', n_estimators=1, num_clf=100, random_state=3553, reuse=False)
Dataset human_activity
(3676, 562)
(3676, 562)
(2947, 562)
Number of label: 6 

Single different (100) (x0)

Multi different (100) (x0)

Forth quarter (76) (x15)

Third quarter (51) (x135)

Second quarter (26) (x450)

First quarter (1) (x2798)

No different (0) (x278)


[0.8710554951033732, 0.8726877040261154, 0.8775843307943417, 0.8881936887921654, 0.8732317736670294, 0.8656147986942329, 0.8884657236126224, 0.8615342763873776, 0.8446681175190425, 0.8732317736670294, 0.8639825897714908, 0.8683351468988031, 0.8414036996735582, 0.8732317736670294, 0.8925462459194777, 0.8914581066376496, 0.8707834602829162, 0.8452121871599565, 0.8375952121871599, 0.8724156692056583, 0.8756800870511425, 0.8677910772578891, 0.8672470076169749, 0.8579978237214363, 0.8914581066376496, 0.8911860718171926, 0.8696953210010882, 0.8925462459194777, 0.8416757344940152, 0.8677910772578891, 0.8838411316648531, 0.8803046789989118, 0.8664309031556039, 0.8726877040261154, 0.9017954298150164, 0.8699673558215452, 0.8647986942328618, 0.8914581066376496, 0.8745919477693145, 0.8506528835690969, 0.8925462459194777, 0.8887377584330794, 0.8835690968443961, 0.8735038084874864, 0.8661588683351469, 0.8944504896626768, 0.8778563656147987, 0.8735038084874864, 0.8468443960826986, 0.8615342763873776, 0.8609902067464635, 0.8599020674646355, 0.8264417845484222, 0.8737758433079434, 0.8909140369967355, 0.8435799782372143, 0.8503808487486398, 0.8419477693144722, 0.8318824809575626, 0.8764961915125136, 0.8582698585418934, 0.8841131664853101, 0.8797606093579978, 0.8778563656147987, 0.8656147986942329, 0.8862894450489662, 0.8579978237214363, 0.8547334058759521, 0.8476605005440696, 0.8854733405875952, 0.8503808487486398, 0.8735038084874864, 0.8909140369967355, 0.8593579978237215, 0.8770402611534276, 0.8822089227421109, 0.8732317736670294, 0.8778563656147987, 0.8819368879216539, 0.8498367791077258, 0.8601741022850925, 0.8792165397170838, 0.8762241566920566, 0.8794885745375408, 0.8735038084874864, 0.8680631120783461, 0.8547334058759521, 0.8484766050054406, 0.8843852013057671, 0.8944504896626768, 0.8835690968443961, 0.8544613710554951, 0.8588139281828074, 0.8786724700761698, 0.8484766050054406, 0.8550054406964092, 0.8868335146898803, 0.8454842219804135, 0.8715995647442872, 0.8797606093579978]
0.8696327529923831


Single different (100) (x0)

Multi different (100) (x0)

Forth quarter (76) (x67)

Third quarter (51) (x241)

Second quarter (26) (x553)

First quarter (1) (x1981)

No different (0) (x105)


[0.819138106549033, 0.7885985748218527, 0.8187987784187309, 0.825246012894469, 0.7828299966067187, 0.8137088564642009, 0.8109942314217848, 0.7634882931795046, 0.7604343400067866, 0.7716321683067526, 0.8167628096369189, 0.8014930437733289, 0.7516118086189345, 0.8031896844248388, 0.8286392941974889, 0.8160841533763149, 0.8187987784187309, 0.7740074652188667, 0.8031896844248388, 0.7807940278249067, 0.7692568713946386, 0.7947064811672888, 0.8042076688157448, 0.7706141839158466, 0.7695961995249406, 0.8120122158126909, 0.8004750593824228, 0.7977604343400068, 0.7665422463522226, 0.8014930437733289, 0.7723108245673567, 0.7902952154733628, 0.8099762470308789, 0.8218527315914489, 0.825924669155073, 0.7855446216491347, 0.8045469969460468, 0.7889379029521547, 0.7977604343400068, 0.7933491686460807, 0.7977604343400068, 0.8160841533763149, 0.8510349507974211, 0.8035290125551409, 0.7675602307431286, 0.8167628096369189, 0.822870715982355, 0.7909738717339667, 0.7835086528673227, 0.7872412623006447, 0.7685782151340346, 0.8035290125551409, 0.7482185273159145, 0.7865626060400407, 0.829996606718697, 0.7767220902612827, 0.7879199185612488, 0.7648456057007126, 0.7865626060400407, 0.7835086528673227, 0.7940278249066848, 0.8123515439429929, 0.8143875127248049, 0.8164234815066169, 0.8137088564642009, 0.8021717000339328, 0.8089582626399728, 0.7797760434340006, 0.7818120122158126, 0.836443841194435, 0.7729894808279606, 0.7689175432643366, 0.8065829657278588, 0.8079402782490669, 0.7869019341703427, 0.7770614183915847, 0.8052256532066508, 0.8021717000339328, 0.7984390906006108, 0.7712928401764506, 0.7587376993552766, 0.7960637936884968, 0.7757041058703766, 0.7913131998642687, 0.8194774346793349, 0.8045469969460468, 0.7940278249066848, 0.7947064811672888, 0.8103155751611809, 0.8167628096369189, 0.7974211062097047, 0.8184594502884289, 0.8092975907702749, 0.8059043094672549, 0.8018323719036308, 0.7780794027824907, 0.8147268408551069, 0.7733288089582626, 0.7899558873430608, 0.8076009501187649]
0.7961621988462844
