Namespace(dataset='breast_cancer', mode='examine', n_estimators=1, num_clf=20, random_state=9488, reuse=False)
Dataset breast_cancer
(128, 16)
(129, 16)
(29, 16)
Number of label: 2 

Single different (20) (x3)
['A', 'A', 'A', 'A', 'A', 'A', 'A', 'A', 'A', 'A', 'A', 'A', 'A', 'A', 'A', 'A', 'A', 'A', 'A', 'A'] -> B
['A', 'A', 'A', 'A', 'A', 'A', 'A', 'A', 'A', 'A', 'A', 'A', 'A', 'A', 'A', 'A', 'A', 'A', 'A', 'A'] -> B
['A', 'A', 'A', 'A', 'A', 'A', 'A', 'A', 'A', 'A', 'A', 'A', 'A', 'A', 'A', 'A', 'A', 'A', 'A', 'A'] -> B

Multi different (20) (x0)

Forth quarter (16) (x13)
['B', 'B', 'B', 'A', 'B', 'B', 'B', 'B', 'B', 'B', 'B', 'B', 'A', 'B', 'B', 'B', 'B', 'B', 'A', 'B'] -> A
['A', 'A', 'A', 'A', 'A', 'A', 'A', 'A', 'A', 'A', 'A', 'A', 'A', 'A', 'A', 'A', 'A', 'A', 'B', 'A'] -> B
['A', 'A', 'A', 'A', 'A', 'A', 'B', 'A', 'A', 'A', 'A', 'A', 'B', 'A', 'A', 'A', 'A', 'A', 'A', 'A'] -> B
['A', 'A', 'A', 'A', 'B', 'A', 'A', 'A', 'A', 'B', 'A', 'A', 'A', 'A', 'A', 'A', 'A', 'A', 'A', 'A'] -> B
['A', 'A', 'A', 'A', 'B', 'A', 'A', 'B', 'A', 'A', 'A', 'A', 'A', 'A', 'A', 'A', 'A', 'A', 'A', 'A'] -> B
['A', 'A', 'A', 'A', 'B', 'A', 'A', 'B', 'A', 'A', 'B', 'A', 'A', 'A', 'A', 'B', 'A', 'A', 'A', 'A'] -> B
['A', 'A', 'A', 'A', 'B', 'A', 'B', 'A', 'A', 'A', 'A', 'A', 'A', 'A', 'A', 'A', 'A', 'A', 'A', 'A'] -> B
['A', 'A', 'A', 'B', 'A', 'A', 'B', 'A', 'A', 'A', 'B', 'A', 'A', 'A', 'A', 'A', 'B', 'A', 'A', 'A'] -> B
['A', 'B', 'A', 'A', 'A', 'A', 'A', 'A', 'A', 'A', 'A', 'A', 'A', 'A', 'A', 'A', 'A', 'A', 'A', 'A'] -> B
['A', 'B', 'A', 'A', 'A', 'A', 'A', 'A', 'A', 'A', 'A', 'A', 'A', 'A', 'A', 'A', 'A', 'A', 'B', 'A'] -> B
['A', 'B', 'A', 'A', 'A', 'A', 'A', 'A', 'A', 'A', 'A', 'A', 'B', 'A', 'A', 'A', 'A', 'B', 'A', 'A'] -> B
['B', 'A', 'A', 'A', 'B', 'A', 'A', 'A', 'B', 'A', 'A', 'A', 'A', 'A', 'A', 'B', 'A', 'A', 'A', 'A'] -> B
['B', 'B', 'A', 'A', 'A', 'A', 'A', 'A', 'A', 'B', 'A', 'A', 'A', 'A', 'A', 'A', 'A', 'B', 'A', 'A'] -> B

Third quarter (11) (x17)
['A', 'B', 'A', 'B', 'B', 'A', 'A', 'B', 'B', 'B', 'B', 'A', 'B', 'B', 'B', 'B', 'A', 'B', 'A', 'A'] -> A
['A', 'B', 'A', 'B', 'B', 'A', 'B', 'B', 'B', 'B', 'B', 'A', 'B', 'B', 'A', 'B', 'B', 'B', 'A', 'A'] -> A
['A', 'B', 'B', 'A', 'A', 'B', 'B', 'A', 'B', 'A', 'B', 'B', 'B', 'B', 'B', 'B', 'A', 'B', 'B', 'A'] -> A
['A', 'B', 'B', 'A', 'A', 'B', 'B', 'B', 'B', 'A', 'B', 'B', 'B', 'B', 'B', 'B', 'A', 'A', 'B', 'A'] -> A
['A', 'B', 'B', 'B', 'A', 'A', 'B', 'B', 'A', 'B', 'B', 'A', 'A', 'B', 'B', 'B', 'B', 'B', 'B', 'B'] -> A
['B', 'A', 'A', 'B', 'B', 'B', 'B', 'A', 'A', 'A', 'B', 'B', 'A', 'A', 'B', 'B', 'A', 'A', 'B', 'B'] -> A
['B', 'B', 'A', 'B', 'B', 'A', 'A', 'A', 'B', 'B', 'B', 'B', 'B', 'B', 'B', 'B', 'A', 'A', 'A', 'A'] -> A
['B', 'B', 'A', 'B', 'B', 'B', 'A', 'A', 'B', 'B', 'B', 'B', 'A', 'A', 'B', 'B', 'B', 'A', 'A', 'B'] -> A
['B', 'B', 'B', 'B', 'A', 'A', 'B', 'B', 'B', 'B', 'A', 'B', 'A', 'A', 'A', 'B', 'A', 'B', 'B', 'B'] -> A
['B', 'B', 'B', 'B', 'A', 'B', 'B', 'B', 'A', 'B', 'B', 'A', 'B', 'A', 'B', 'B', 'A', 'B', 'B', 'A'] -> A
['B', 'B', 'B', 'B', 'B', 'B', 'A', 'A', 'B', 'A', 'B', 'A', 'B', 'B', 'A', 'A', 'A', 'A', 'B', 'A'] -> A
['B', 'B', 'B', 'B', 'B', 'B', 'A', 'B', 'B', 'B', 'B', 'A', 'B', 'B', 'B', 'A', 'A', 'B', 'A', 'B'] -> A
['A', 'A', 'A', 'B', 'B', 'A', 'A', 'A', 'A', 'A', 'B', 'B', 'A', 'B', 'A', 'B', 'B', 'B', 'A', 'A'] -> B
['A', 'B', 'A', 'A', 'A', 'B', 'B', 'B', 'A', 'B', 'B', 'A', 'A', 'A', 'B', 'A', 'A', 'A', 'A', 'A'] -> B
['B', 'A', 'A', 'A', 'A', 'A', 'A', 'A', 'B', 'A', 'A', 'B', 'A', 'B', 'B', 'A', 'A', 'B', 'B', 'B'] -> B
['B', 'A', 'B', 'A', 'B', 'A', 'A', 'A', 'A', 'A', 'B', 'A', 'A', 'B', 'B', 'B', 'B', 'A', 'B', 'A'] -> B
['B', 'A', 'B', 'B', 'A', 'A', 'B', 'A', 'A', 'A', 'B', 'B', 'B', 'B', 'A', 'A', 'A', 'A', 'B', 'A'] -> B

Second quarter (6) (x48)
['A', 'A', 'A', 'B', 'A', 'B', 'A', 'A', 'B', 'A', 'A', 'A', 'A', 'B', 'B', 'A', 'A', 'A', 'B', 'A'] -> A
['A', 'A', 'A', 'B', 'B', 'B', 'A', 'B', 'A', 'A', 'A', 'B', 'B', 'B', 'A', 'A', 'A', 'A', 'A', 'A'] -> A
['A', 'A', 'A', 'B', 'B', 'B', 'A', 'B', 'A', 'A', 'B', 'B', 'B', 'A', 'A', 'A', 'A', 'A', 'A', 'A'] -> A
['A', 'A', 'B', 'B', 'A', 'A', 'B', 'A', 'B', 'A', 'B', 'A', 'B', 'B', 'B', 'A', 'A', 'B', 'A', 'B'] -> A
['A', 'A', 'B', 'B', 'A', 'B', 'A', 'B', 'A', 'B', 'A', 'A', 'B', 'A', 'A', 'A', 'B', 'B', 'A', 'A'] -> A
['A', 'A', 'B', 'B', 'B', 'B', 'A', 'A', 'A', 'A', 'A', 'B', 'A', 'B', 'A', 'B', 'A', 'A', 'A', 'A'] -> A
['A', 'B', 'A', 'A', 'A', 'B', 'B', 'A', 'A', 'B', 'B', 'B', 'A', 'A', 'B', 'A', 'A', 'A', 'A', 'A'] -> A
['A', 'B', 'A', 'A', 'B', 'A', 'A', 'B', 'A', 'A', 'A', 'B', 'B', 'B', 'A', 'B', 'A', 'A', 'A', 'B'] -> A
['A', 'B', 'A', 'A', 'B', 'A', 'A', 'B', 'A', 'A', 'A', 'B', 'B', 'B', 'A', 'B', 'A', 'A', 'A', 'B'] -> A
['A', 'B', 'A', 'A', 'B', 'A', 'A', 'B', 'A', 'A', 'B', 'A', 'A', 'A', 'A', 'B', 'A', 'B', 'A', 'A'] -> A
['A', 'B', 'A', 'A', 'B', 'A', 'B', 'B', 'A', 'A', 'B', 'A', 'A', 'A', 'A', 'A', 'A', 'B', 'A', 'A'] -> A
['A', 'B', 'A', 'B', 'A', 'A', 'A', 'A', 'A', 'A', 'B', 'B', 'B', 'B', 'A', 'A', 'A', 'B', 'B', 'B'] -> A
['A', 'B', 'A', 'B', 'B', 'A', 'B', 'A', 'B', 'B', 'A', 'A', 'A', 'A', 'A', 'B', 'B', 'A', 'A', 'B'] -> A
['A', 'B', 'B', 'A', 'A', 'A', 'A', 'B', 'A', 'B', 'A', 'B', 'A', 'A', 'B', 'A', 'A', 'B', 'B', 'B'] -> A
['A', 'B', 'B', 'A', 'A', 'A', 'A', 'B', 'B', 'A', 'A', 'B', 'A', 'B', 'A', 'A', 'A', 'B', 'B', 'A'] -> A
['A', 'B', 'B', 'A', 'B', 'B', 'A', 'B', 'B', 'A', 'B', 'A', 'A', 'B', 'A', 'B', 'A', 'A', 'A', 'B'] -> A
['B', 'A', 'A', 'A', 'A', 'B', 'A', 'B', 'B', 'A', 'A', 'B', 'A', 'B', 'B', 'B', 'B', 'A', 'B', 'A'] -> A
['B', 'A', 'A', 'A', 'B', 'A', 'A', 'B', 'B', 'B', 'B', 'B', 'A', 'A', 'A', 'A', 'B', 'A', 'A', 'A'] -> A
['B', 'A', 'A', 'B', 'A', 'A', 'A', 'A', 'A', 'B', 'A', 'A', 'A', 'A', 'A', 'B', 'B', 'A', 'A', 'B'] -> A
['B', 'A', 'A', 'B', 'A', 'A', 'B', 'B', 'A', 'A', 'A', 'B', 'B', 'A', 'A', 'B', 'A', 'A', 'B', 'A'] -> A
['B', 'A', 'A', 'B', 'A', 'B', 'A', 'A', 'B', 'A', 'A', 'B', 'B', 'A', 'A', 'B', 'A', 'B', 'A', 'B'] -> A
['B', 'A', 'A', 'B', 'B', 'A', 'B', 'A', 'A', 'B', 'A', 'A', 'A', 'A', 'A', 'A', 'A', 'A', 'B', 'A'] -> A
['B', 'A', 'B', 'A', 'B', 'A', 'A', 'A', 'A', 'A', 'A', 'B', 'A', 'B', 'B', 'B', 'A', 'A', 'B', 'A'] -> A
['B', 'A', 'B', 'A', 'B', 'A', 'A', 'A', 'B', 'A', 'B', 'A', 'A', 'B', 'B', 'B', 'A', 'B', 'A', 'A'] -> A
['B', 'A', 'B', 'B', 'A', 'B', 'A', 'A', 'A', 'A', 'A', 'A', 'B', 'A', 'A', 'B', 'B', 'A', 'A', 'B'] -> A
['B', 'A', 'B', 'B', 'B', 'A', 'B', 'A', 'A', 'A', 'A', 'B', 'A', 'B', 'A', 'A', 'A', 'B', 'B', 'B'] -> A
['B', 'B', 'A', 'A', 'A', 'A', 'B', 'A', 'A', 'B', 'B', 'B', 'B', 'A', 'A', 'A', 'A', 'B', 'B', 'B'] -> A
['B', 'B', 'A', 'A', 'A', 'B', 'A', 'B', 'A', 'A', 'A', 'B', 'A', 'A', 'A', 'A', 'B', 'A', 'B', 'B'] -> A
['B', 'B', 'A', 'B', 'A', 'A', 'B', 'A', 'A', 'A', 'A', 'A', 'B', 'A', 'A', 'A', 'A', 'A', 'B', 'A'] -> A
['B', 'B', 'B', 'A', 'A', 'A', 'A', 'A', 'B', 'B', 'A', 'A', 'B', 'B', 'A', 'A', 'A', 'A', 'B', 'A'] -> A
['B', 'B', 'B', 'A', 'A', 'A', 'A', 'B', 'A', 'B', 'B', 'A', 'A', 'B', 'A', 'B', 'B', 'A', 'A', 'B'] -> A
['B', 'B', 'B', 'A', 'A', 'B', 'A', 'B', 'A', 'A', 'A', 'B', 'A', 'B', 'B', 'A', 'A', 'A', 'B', 'A'] -> A
['B', 'B', 'B', 'A', 'B', 'A', 'B', 'B', 'A', 'B', 'A', 'A', 'A', 'B', 'A', 'B', 'A', 'B', 'A', 'A'] -> A
['B', 'B', 'B', 'B', 'A', 'A', 'A', 'A', 'A', 'B', 'A', 'A', 'B', 'A', 'A', 'A', 'A', 'B', 'A', 'A'] -> A
['B', 'B', 'B', 'B', 'A', 'B', 'A', 'A', 'A', 'B', 'A', 'A', 'A', 'A', 'A', 'A', 'B', 'B', 'A', 'A'] -> A
['A', 'A', 'B', 'B', 'A', 'A', 'A', 'B', 'B', 'B', 'B', 'B', 'A', 'A', 'B', 'B', 'A', 'B', 'B', 'A'] -> B
['A', 'A', 'B', 'B', 'A', 'B', 'B', 'B', 'B', 'B', 'A', 'B', 'B', 'A', 'B', 'B', 'A', 'A', 'A', 'B'] -> B
['A', 'A', 'B', 'B', 'B', 'A', 'A', 'B', 'A', 'A', 'B', 'B', 'A', 'A', 'A', 'B', 'B', 'B', 'B', 'A'] -> B
['A', 'B', 'A', 'A', 'B', 'A', 'B', 'A', 'B', 'B', 'B', 'B', 'B', 'B', 'B', 'A', 'A', 'B', 'A', 'B'] -> B
['A', 'B', 'A', 'A', 'B', 'A', 'B', 'B', 'B', 'B', 'B', 'B', 'B', 'B', 'B', 'B', 'A', 'B', 'A', 'B'] -> B
['A', 'B', 'A', 'B', 'B', 'A', 'A', 'B', 'B', 'B', 'B', 'A', 'A', 'B', 'B', 'B', 'A', 'B', 'B', 'A'] -> B
['A', 'B', 'A', 'B', 'B', 'A', 'B', 'B', 'A', 'B', 'B', 'B', 'A', 'B', 'B', 'B', 'B', 'B', 'A', 'A'] -> B
['B', 'A', 'A', 'B', 'B', 'A', 'A', 'A', 'B', 'B', 'B', 'A', 'B', 'B', 'A', 'B', 'B', 'B', 'B', 'B'] -> B
['B', 'A', 'B', 'B', 'A', 'B', 'B', 'B', 'B', 'A', 'A', 'B', 'B', 'B', 'A', 'B', 'A', 'B', 'B', 'B'] -> B
['B', 'B', 'A', 'B', 'A', 'A', 'B', 'B', 'B', 'A', 'B', 'A', 'A', 'A', 'B', 'A', 'A', 'B', 'B', 'B'] -> B
['B', 'B', 'B', 'A', 'A', 'B', 'A', 'B', 'A', 'A', 'A', 'B', 'B', 'A', 'B', 'B', 'A', 'A', 'B', 'B'] -> B
['B', 'B', 'B', 'B', 'A', 'B', 'B', 'B', 'B', 'A', 'A', 'B', 'A', 'A', 'B', 'B', 'A', 'B', 'B', 'B'] -> B
['B', 'B', 'B', 'B', 'B', 'A', 'A', 'B', 'B', 'B', 'B', 'B', 'A', 'A', 'B', 'A', 'B', 'B', 'B', 'A'] -> B

First quarter (1) (x40)
['A', 'A', 'A', 'A', 'A', 'A', 'A', 'A', 'A', 'A', 'B', 'B', 'A', 'A', 'A', 'A', 'A', 'A', 'B', 'A'] -> A
['A', 'A', 'A', 'A', 'A', 'A', 'A', 'A', 'A', 'B', 'A', 'B', 'A', 'B', 'A', 'A', 'A', 'A', 'A', 'A'] -> A
['A', 'A', 'A', 'A', 'A', 'A', 'A', 'A', 'B', 'A', 'A', 'A', 'A', 'A', 'A', 'A', 'A', 'A', 'A', 'A'] -> A
['A', 'A', 'A', 'A', 'A', 'A', 'A', 'A', 'B', 'A', 'A', 'A', 'A', 'A', 'A', 'B', 'A', 'A', 'A', 'A'] -> A
['A', 'A', 'A', 'A', 'A', 'A', 'A', 'A', 'B', 'A', 'A', 'A', 'B', 'A', 'A', 'B', 'A', 'B', 'A', 'A'] -> A
['A', 'A', 'A', 'A', 'A', 'A', 'B', 'A', 'A', 'A', 'A', 'A', 'A', 'A', 'A', 'A', 'B', 'A', 'A', 'B'] -> A
['A', 'A', 'A', 'A', 'A', 'A', 'B', 'A', 'A', 'A', 'A', 'A', 'A', 'A', 'A', 'B', 'A', 'A', 'A', 'B'] -> A
['A', 'A', 'A', 'A', 'A', 'A', 'B', 'A', 'A', 'A', 'A', 'A', 'A', 'A', 'A', 'B', 'A', 'A', 'A', 'B'] -> A
['A', 'A', 'A', 'A', 'A', 'A', 'B', 'A', 'A', 'A', 'A', 'A', 'A', 'A', 'A', 'B', 'A', 'A', 'A', 'B'] -> A
['A', 'A', 'A', 'A', 'A', 'A', 'B', 'A', 'A', 'B', 'A', 'A', 'B', 'A', 'A', 'A', 'A', 'A', 'A', 'B'] -> A
['A', 'A', 'A', 'A', 'B', 'A', 'A', 'A', 'A', 'A', 'A', 'A', 'A', 'A', 'A', 'A', 'A', 'A', 'A', 'A'] -> A
['A', 'A', 'A', 'A', 'B', 'A', 'A', 'A', 'A', 'A', 'A', 'B', 'A', 'A', 'A', 'A', 'A', 'A', 'A', 'A'] -> A
['A', 'A', 'A', 'A', 'B', 'A', 'A', 'A', 'A', 'A', 'B', 'A', 'A', 'A', 'A', 'A', 'A', 'A', 'B', 'A'] -> A
['A', 'A', 'A', 'A', 'B', 'A', 'A', 'A', 'A', 'A', 'B', 'A', 'A', 'A', 'A', 'B', 'A', 'A', 'B', 'A'] -> A
['A', 'A', 'A', 'A', 'B', 'A', 'A', 'A', 'A', 'B', 'A', 'A', 'A', 'B', 'A', 'A', 'A', 'A', 'A', 'A'] -> A
['A', 'A', 'A', 'A', 'B', 'A', 'A', 'B', 'A', 'B', 'A', 'B', 'A', 'B', 'A', 'A', 'A', 'A', 'A', 'A'] -> A
['A', 'A', 'A', 'A', 'B', 'A', 'A', 'B', 'B', 'A', 'A', 'B', 'A', 'A', 'A', 'A', 'A', 'A', 'A', 'A'] -> A
['A', 'A', 'A', 'B', 'A', 'A', 'A', 'A', 'A', 'A', 'A', 'A', 'A', 'A', 'A', 'A', 'A', 'A', 'A', 'A'] -> A
['A', 'A', 'A', 'B', 'A', 'A', 'A', 'A', 'A', 'A', 'A', 'B', 'A', 'B', 'B', 'A', 'A', 'A', 'A', 'A'] -> A
['A', 'A', 'A', 'B', 'A', 'A', 'A', 'B', 'A', 'B', 'A', 'A', 'A', 'A', 'A', 'A', 'B', 'A', 'A', 'A'] -> A
['A', 'A', 'A', 'B', 'A', 'A', 'B', 'A', 'A', 'A', 'A', 'B', 'A', 'A', 'A', 'B', 'A', 'A', 'A', 'B'] -> A
['A', 'A', 'A', 'B', 'A', 'A', 'B', 'A', 'B', 'A', 'A', 'A', 'B', 'A', 'A', 'A', 'A', 'A', 'A', 'B'] -> A
['A', 'A', 'B', 'A', 'A', 'A', 'A', 'A', 'A', 'A', 'A', 'A', 'A', 'A', 'A', 'B', 'B', 'A', 'A', 'A'] -> A
['A', 'A', 'B', 'A', 'B', 'B', 'A', 'A', 'B', 'A', 'A', 'A', 'A', 'B', 'A', 'A', 'A', 'A', 'A', 'A'] -> A
['A', 'A', 'B', 'B', 'A', 'A', 'A', 'A', 'A', 'A', 'A', 'A', 'A', 'A', 'A', 'A', 'A', 'A', 'A', 'A'] -> A
['A', 'A', 'B', 'B', 'A', 'B', 'A', 'A', 'A', 'A', 'A', 'A', 'B', 'A', 'A', 'A', 'A', 'B', 'A', 'A'] -> A
['A', 'A', 'B', 'B', 'B', 'A', 'A', 'A', 'A', 'A', 'A', 'A', 'A', 'A', 'A', 'A', 'A', 'A', 'A', 'A'] -> A
['A', 'B', 'A', 'A', 'A', 'A', 'A', 'A', 'A', 'A', 'A', 'A', 'B', 'A', 'B', 'A', 'A', 'B', 'A', 'B'] -> A
['B', 'A', 'A', 'A', 'A', 'A', 'A', 'B', 'A', 'A', 'A', 'A', 'A', 'A', 'A', 'A', 'A', 'A', 'B', 'A'] -> A
['B', 'A', 'A', 'A', 'A', 'A', 'A', 'B', 'B', 'A', 'A', 'A', 'A', 'B', 'A', 'B', 'A', 'A', 'A', 'A'] -> A
['B', 'A', 'B', 'A', 'A', 'A', 'B', 'A', 'A', 'A', 'A', 'A', 'A', 'A', 'A', 'A', 'B', 'A', 'A', 'A'] -> A
['B', 'B', 'A', 'A', 'A', 'A', 'B', 'A', 'A', 'A', 'A', 'A', 'A', 'A', 'A', 'A', 'A', 'A', 'B', 'A'] -> A
['B', 'B', 'A', 'A', 'A', 'B', 'A', 'A', 'A', 'A', 'A', 'A', 'A', 'B', 'A', 'A', 'A', 'A', 'B', 'A'] -> A
['A', 'B', 'A', 'B', 'A', 'A', 'B', 'B', 'B', 'B', 'B', 'A', 'B', 'B', 'B', 'B', 'B', 'B', 'B', 'B'] -> B
['A', 'B', 'A', 'B', 'B', 'B', 'B', 'B', 'B', 'B', 'B', 'A', 'B', 'B', 'B', 'B', 'B', 'B', 'A', 'B'] -> B
['A', 'B', 'B', 'B', 'B', 'A', 'B', 'B', 'B', 'A', 'B', 'A', 'B', 'B', 'B', 'B', 'B', 'B', 'B', 'A'] -> B
['B', 'A', 'B', 'B', 'B', 'B', 'A', 'A', 'B', 'B', 'B', 'B', 'B', 'A', 'B', 'B', 'A', 'B', 'B', 'B'] -> B
['B', 'B', 'B', 'A', 'B', 'B', 'B', 'B', 'B', 'B', 'B', 'B', 'A', 'B', 'B', 'B', 'B', 'B', 'A', 'B'] -> B
['B', 'B', 'B', 'B', 'A', 'B', 'B', 'B', 'B', 'A', 'B', 'B', 'B', 'A', 'B', 'B', 'B', 'B', 'B', 'B'] -> B
['B', 'B', 'B', 'B', 'B', 'A', 'B', 'B', 'B', 'B', 'B', 'B', 'B', 'B', 'B', 'B', 'B', 'B', 'B', 'B'] -> B

No different (0) (x8)
['A', 'A', 'A', 'A', 'A', 'A', 'A', 'A', 'A', 'A', 'A', 'A', 'A', 'A', 'A', 'A', 'A', 'A', 'A', 'A'] -> A
['A', 'A', 'A', 'A', 'A', 'A', 'A', 'A', 'A', 'A', 'A', 'A', 'A', 'A', 'A', 'A', 'A', 'A', 'A', 'A'] -> A
['A', 'A', 'A', 'A', 'A', 'A', 'A', 'A', 'A', 'A', 'A', 'A', 'A', 'A', 'A', 'A', 'A', 'A', 'A', 'A'] -> A
['A', 'A', 'A', 'A', 'A', 'A', 'A', 'A', 'A', 'A', 'A', 'A', 'A', 'A', 'A', 'A', 'A', 'A', 'A', 'A'] -> A
['A', 'A', 'A', 'A', 'A', 'A', 'A', 'A', 'A', 'A', 'A', 'A', 'A', 'A', 'A', 'A', 'A', 'A', 'A', 'A'] -> A
['A', 'A', 'A', 'A', 'A', 'A', 'A', 'A', 'A', 'A', 'A', 'A', 'A', 'A', 'A', 'A', 'A', 'A', 'A', 'A'] -> A
['A', 'A', 'A', 'A', 'A', 'A', 'A', 'A', 'A', 'A', 'A', 'A', 'A', 'A', 'A', 'A', 'A', 'A', 'A', 'A'] -> A
['A', 'A', 'A', 'A', 'A', 'A', 'A', 'A', 'A', 'A', 'A', 'A', 'A', 'A', 'A', 'A', 'A', 'A', 'A', 'A'] -> A


[0.5581395348837209, 0.5736434108527132, 0.5658914728682171, 0.5658914728682171, 0.5891472868217055, 0.5736434108527132, 0.6201550387596899, 0.6124031007751938, 0.627906976744186, 0.6046511627906976, 0.6589147286821705, 0.5736434108527132, 0.5968992248062015, 0.5503875968992248, 0.689922480620155, 0.5813953488372093, 0.6589147286821705, 0.6666666666666666, 0.627906976744186, 0.5891472868217055]
0.6042635658914727


Single different (20) (x0)

Multi different (20) (x0)

Forth quarter (16) (x1)
['A', 'B', 'B', 'B', 'B', 'B', 'B', 'B', 'B', 'B', 'B', 'B', 'B', 'B', 'B', 'B', 'B', 'A', 'A', 'B'] -> A

Third quarter (11) (x4)
['A', 'B', 'B', 'B', 'A', 'B', 'A', 'A', 'B', 'A', 'B', 'B', 'B', 'B', 'A', 'A', 'B', 'A', 'B', 'B'] -> A
['B', 'A', 'B', 'B', 'A', 'B', 'B', 'B', 'B', 'A', 'A', 'B', 'B', 'B', 'A', 'B', 'A', 'B', 'B', 'B'] -> A
['B', 'B', 'A', 'B', 'A', 'A', 'B', 'A', 'B', 'A', 'B', 'A', 'B', 'B', 'B', 'A', 'A', 'B', 'B', 'B'] -> A
['B', 'A', 'A', 'A', 'B', 'B', 'B', 'A', 'A', 'A', 'A', 'B', 'A', 'A', 'B', 'B', 'A', 'A', 'A', 'A'] -> B

Second quarter (6) (x13)
['A', 'A', 'A', 'A', 'B', 'A', 'A', 'B', 'A', 'A', 'B', 'B', 'A', 'B', 'B', 'A', 'A', 'A', 'A', 'B'] -> A
['A', 'A', 'B', 'B', 'A', 'A', 'A', 'A', 'B', 'A', 'A', 'A', 'B', 'A', 'A', 'B', 'A', 'B', 'A', 'A'] -> A
['A', 'B', 'A', 'A', 'B', 'A', 'A', 'B', 'A', 'A', 'B', 'A', 'A', 'A', 'A', 'B', 'A', 'B', 'A', 'A'] -> A
['B', 'A', 'A', 'A', 'B', 'A', 'A', 'B', 'B', 'B', 'A', 'B', 'A', 'A', 'A', 'A', 'B', 'A', 'B', 'A'] -> A
['B', 'A', 'A', 'A', 'B', 'B', 'A', 'A', 'B', 'A', 'A', 'A', 'B', 'A', 'B', 'B', 'A', 'B', 'A', 'B'] -> A
['B', 'A', 'A', 'B', 'A', 'A', 'B', 'A', 'A', 'B', 'A', 'A', 'B', 'A', 'A', 'B', 'A', 'B', 'B', 'A'] -> A
['B', 'A', 'A', 'B', 'A', 'B', 'A', 'A', 'A', 'B', 'A', 'B', 'B', 'A', 'A', 'B', 'A', 'B', 'A', 'A'] -> A
['B', 'A', 'B', 'A', 'B', 'A', 'A', 'A', 'B', 'A', 'B', 'A', 'A', 'B', 'B', 'A', 'A', 'A', 'A', 'A'] -> A
['B', 'B', 'A', 'A', 'A', 'A', 'A', 'A', 'A', 'A', 'A', 'B', 'A', 'A', 'B', 'A', 'A', 'A', 'B', 'B'] -> A
['B', 'B', 'B', 'A', 'A', 'A', 'B', 'B', 'A', 'B', 'A', 'A', 'A', 'A', 'A', 'A', 'A', 'B', 'A', 'A'] -> A
['B', 'B', 'B', 'B', 'A', 'A', 'A', 'A', 'B', 'B', 'A', 'B', 'B', 'A', 'A', 'A', 'A', 'B', 'A', 'A'] -> A
['B', 'A', 'A', 'A', 'B', 'B', 'A', 'B', 'B', 'A', 'B', 'B', 'A', 'B', 'B', 'B', 'B', 'B', 'B', 'A'] -> B
['B', 'B', 'A', 'B', 'A', 'A', 'B', 'B', 'A', 'B', 'A', 'B', 'B', 'A', 'B', 'B', 'A', 'A', 'A', 'A'] -> B

First quarter (1) (x11)
['A', 'A', 'A', 'A', 'A', 'A', 'A', 'A', 'A', 'A', 'A', 'A', 'A', 'B', 'A', 'A', 'A', 'A', 'A', 'A'] -> A
['A', 'A', 'A', 'A', 'A', 'A', 'A', 'B', 'A', 'A', 'A', 'B', 'A', 'A', 'B', 'A', 'A', 'B', 'B', 'A'] -> A
['A', 'A', 'A', 'A', 'A', 'A', 'B', 'A', 'A', 'A', 'A', 'A', 'A', 'A', 'A', 'A', 'A', 'A', 'A', 'A'] -> A
['A', 'A', 'A', 'A', 'B', 'A', 'A', 'A', 'A', 'B', 'A', 'A', 'A', 'A', 'A', 'A', 'A', 'A', 'A', 'A'] -> A
['A', 'A', 'A', 'A', 'B', 'B', 'A', 'A', 'B', 'B', 'A', 'A', 'A', 'A', 'A', 'A', 'A', 'A', 'A', 'A'] -> A
['A', 'A', 'A', 'B', 'A', 'A', 'A', 'A', 'A', 'A', 'A', 'A', 'A', 'A', 'A', 'A', 'A', 'A', 'A', 'A'] -> A
['A', 'A', 'A', 'B', 'A', 'A', 'B', 'A', 'A', 'A', 'A', 'A', 'A', 'A', 'A', 'A', 'B', 'A', 'A', 'B'] -> A
['A', 'A', 'B', 'A', 'A', 'A', 'A', 'A', 'A', 'A', 'A', 'A', 'A', 'A', 'A', 'A', 'A', 'A', 'A', 'A'] -> A
['A', 'A', 'B', 'A', 'B', 'A', 'A', 'A', 'A', 'B', 'A', 'A', 'A', 'A', 'B', 'A', 'A', 'A', 'A', 'A'] -> A
['A', 'B', 'A', 'B', 'B', 'B', 'B', 'B', 'B', 'B', 'B', 'A', 'B', 'B', 'B', 'B', 'B', 'B', 'A', 'B'] -> B
['A', 'B', 'B', 'B', 'A', 'A', 'B', 'B', 'B', 'B', 'B', 'B', 'B', 'B', 'B', 'B', 'B', 'A', 'B', 'B'] -> B

No different (0) (x0)


[0.5862068965517241, 0.6896551724137931, 0.5517241379310345, 0.5862068965517241, 0.6206896551724138, 0.7241379310344828, 0.7241379310344828, 0.7241379310344828, 0.5862068965517241, 0.6206896551724138, 0.7241379310344828, 0.6551724137931034, 0.6206896551724138, 0.6896551724137931, 0.7241379310344828, 0.7586206896551724, 0.7931034482758621, 0.5517241379310345, 0.6551724137931034, 0.6206896551724138]
0.6603448275862069
