Namespace(dataset='glass', mode='examine', n_estimators=1, num_clf=20, random_state=7208, reuse=True)
Dataset glass
(96, 10)
(97, 10)
(21, 10)
Number of label: 6 

Single different (20) (x0)

Multi different (20) (x0)

Forth quarter (16) (x0)

Third quarter (11) (x1)
['B', 'E', 'A', 'E', 'A', 'A', 'E', 'A', 'E', 'D', 'B', 'A', 'A', 'B', 'E', 'E', 'B', 'A', 'E', 'E'] -> E

Second quarter (6) (x26)
['A', 'A', 'B', 'B', 'B', 'B', 'A', 'A', 'B', 'A', 'B', 'A', 'A', 'A', 'B', 'A', 'A', 'B', 'A', 'B'] -> A
['A', 'B', 'A', 'A', 'B', 'A', 'A', 'A', 'A', 'A', 'B', 'B', 'B', 'A', 'A', 'A', 'A', 'B', 'A', 'A'] -> A
['A', 'C', 'A', 'C', 'A', 'A', 'A', 'A', 'C', 'C', 'A', 'C', 'A', 'A', 'A', 'C', 'A', 'A', 'A', 'C'] -> A
['B', 'A', 'B', 'A', 'A', 'B', 'A', 'B', 'B', 'A', 'A', 'A', 'A', 'A', 'A', 'A', 'A', 'A', 'B', 'B'] -> A
['C', 'A', 'A', 'A', 'E', 'A', 'A', 'A', 'A', 'A', 'A', 'E', 'A', 'A', 'A', 'E', 'E', 'E', 'A', 'A'] -> A
['A', 'B', 'A', 'B', 'A', 'B', 'B', 'A', 'B', 'B', 'B', 'A', 'B', 'B', 'B', 'B', 'B', 'A', 'B', 'B'] -> B
['B', 'B', 'A', 'B', 'A', 'B', 'B', 'B', 'A', 'B', 'A', 'A', 'A', 'B', 'B', 'B', 'B', 'B', 'B', 'B'] -> B
['B', 'B', 'C', 'B', 'B', 'B', 'C', 'B', 'B', 'B', 'A', 'A', 'B', 'A', 'A', 'C', 'B', 'B', 'C', 'B'] -> B
['B', 'B', 'C', 'B', 'C', 'A', 'B', 'C', 'B', 'B', 'B', 'B', 'C', 'C', 'B', 'B', 'C', 'B', 'C', 'B'] -> B
['B', 'C', 'B', 'B', 'B', 'B', 'C', 'A', 'C', 'B', 'B', 'B', 'C', 'B', 'B', 'A', 'B', 'C', 'A', 'B'] -> B
['B', 'D', 'E', 'B', 'B', 'D', 'B', 'B', 'B', 'D', 'B', 'B', 'B', 'B', 'B', 'B', 'B', 'D', 'D', 'B'] -> B
['B', 'E', 'B', 'B', 'F', 'B', 'B', 'B', 'B', 'B', 'D', 'B', 'B', 'E', 'F', 'B', 'A', 'B', 'B', 'B'] -> B
['B', 'B', 'C', 'C', 'C', 'A', 'C', 'C', 'B', 'C', 'C', 'C', 'C', 'C', 'C', 'A', 'C', 'C', 'A', 'C'] -> C
['B', 'C', 'C', 'C', 'B', 'B', 'C', 'C', 'C', 'C', 'B', 'B', 'C', 'C', 'B', 'B', 'B', 'B', 'C', 'C'] -> C
['C', 'A', 'A', 'C', 'C', 'C', 'C', 'A', 'B', 'C', 'B', 'C', 'C', 'C', 'A', 'A', 'C', 'C', 'A', 'C'] -> C
['C', 'C', 'A', 'C', 'C', 'A', 'B', 'A', 'C', 'C', 'A', 'F', 'A', 'C', 'A', 'C', 'C', 'B', 'A', 'C'] -> C
['C', 'C', 'B', 'B', 'C', 'C', 'C', 'C', 'B', 'B', 'C', 'C', 'C', 'B', 'B', 'B', 'C', 'C', 'C', 'C'] -> C
['C', 'C', 'C', 'C', 'A', 'A', 'A', 'C', 'A', 'C', 'C', 'A', 'C', 'C', 'A', 'C', 'C', 'C', 'A', 'C'] -> C
['D', 'D', 'D', 'D', 'D', 'F', 'D', 'B', 'A', 'D', 'B', 'D', 'D', 'D', 'B', 'D', 'D', 'B', 'D', 'D'] -> D
['B', 'E', 'D', 'E', 'E', 'E', 'E', 'B', 'D', 'E', 'E', 'E', 'B', 'E', 'A', 'E', 'E', 'B', 'E', 'E'] -> E
['B', 'E', 'E', 'E', 'E', 'D', 'C', 'B', 'E', 'E', 'E', 'E', 'E', 'C', 'A', 'E', 'E', 'E', 'E', 'A'] -> E
['E', 'E', 'E', 'E', 'E', 'B', 'E', 'E', 'E', 'E', 'B', 'E', 'E', 'E', 'A', 'E', 'F', 'D', 'E', 'B'] -> E
['F', 'B', 'B', 'E', 'B', 'E', 'E', 'E', 'A', 'A', 'E', 'E', 'E', 'E', 'C', 'E', 'B', 'B', 'E', 'E'] -> E
['B', 'A', 'D', 'F', 'B', 'A', 'D', 'F', 'F', 'F', 'F', 'F', 'B', 'F', 'C', 'F', 'F', 'F', 'F', 'F'] -> F
['D', 'F', 'F', 'F', 'F', 'F', 'D', 'B', 'D', 'E', 'F', 'F', 'F', 'F', 'D', 'F', 'F', 'F', 'F', 'F'] -> F
['F', 'C', 'F', 'B', 'F', 'F', 'F', 'F', 'F', 'F', 'B', 'F', 'E', 'F', 'F', 'E', 'F', 'F', 'F', 'E'] -> F

First quarter (1) (x122)
['A', 'A', 'A', 'A', 'A', 'A', 'A', 'A', 'A', 'A', 'A', 'A', 'A', 'A', 'A', 'A', 'A', 'A', 'A', 'C'] -> A
['A', 'A', 'A', 'A', 'A', 'A', 'A', 'A', 'A', 'A', 'A', 'A', 'A', 'A', 'A', 'A', 'A', 'A', 'C', 'A'] -> A
['A', 'A', 'A', 'A', 'A', 'A', 'A', 'A', 'A', 'A', 'A', 'A', 'A', 'A', 'A', 'A', 'A', 'A', 'C', 'A'] -> A
['A', 'A', 'A', 'A', 'A', 'A', 'A', 'A', 'A', 'A', 'A', 'A', 'A', 'A', 'A', 'A', 'A', 'A', 'C', 'A'] -> A
['A', 'A', 'A', 'A', 'A', 'A', 'A', 'A', 'A', 'A', 'A', 'A', 'A', 'A', 'A', 'A', 'B', 'A', 'A', 'A'] -> A
['A', 'A', 'A', 'A', 'A', 'A', 'A', 'A', 'A', 'A', 'A', 'A', 'A', 'A', 'A', 'A', 'B', 'A', 'A', 'A'] -> A
['A', 'A', 'A', 'A', 'A', 'A', 'A', 'A', 'A', 'A', 'A', 'A', 'A', 'A', 'A', 'A', 'B', 'A', 'A', 'B'] -> A
['A', 'A', 'A', 'A', 'A', 'A', 'A', 'A', 'A', 'A', 'A', 'A', 'A', 'A', 'A', 'A', 'B', 'B', 'A', 'A'] -> A
['A', 'A', 'A', 'A', 'A', 'A', 'A', 'A', 'A', 'A', 'A', 'A', 'A', 'A', 'A', 'B', 'A', 'A', 'C', 'A'] -> A
['A', 'A', 'A', 'A', 'A', 'A', 'A', 'A', 'A', 'A', 'A', 'A', 'A', 'A', 'B', 'A', 'A', 'A', 'A', 'C'] -> A
['A', 'A', 'A', 'A', 'A', 'A', 'A', 'A', 'A', 'A', 'A', 'A', 'A', 'D', 'A', 'A', 'A', 'A', 'A', 'A'] -> A
['A', 'A', 'A', 'A', 'A', 'A', 'A', 'A', 'A', 'A', 'A', 'A', 'C', 'B', 'A', 'A', 'A', 'C', 'A', 'A'] -> A
['A', 'A', 'A', 'A', 'A', 'A', 'A', 'A', 'A', 'A', 'B', 'A', 'A', 'A', 'A', 'A', 'A', 'A', 'A', 'A'] -> A
['A', 'A', 'A', 'A', 'A', 'A', 'A', 'A', 'A', 'B', 'A', 'A', 'A', 'A', 'A', 'A', 'A', 'A', 'A', 'A'] -> A
['A', 'A', 'A', 'A', 'A', 'A', 'A', 'A', 'A', 'B', 'A', 'A', 'A', 'A', 'A', 'A', 'B', 'A', 'A', 'A'] -> A
['A', 'A', 'A', 'A', 'A', 'A', 'A', 'A', 'A', 'C', 'A', 'A', 'A', 'A', 'A', 'A', 'A', 'A', 'A', 'A'] -> A
['A', 'A', 'A', 'A', 'A', 'A', 'A', 'A', 'A', 'C', 'A', 'A', 'A', 'A', 'A', 'A', 'A', 'A', 'A', 'A'] -> A
['A', 'A', 'A', 'A', 'A', 'A', 'A', 'A', 'A', 'C', 'A', 'A', 'A', 'A', 'A', 'A', 'C', 'A', 'A', 'A'] -> A
['A', 'A', 'A', 'A', 'A', 'A', 'A', 'A', 'A', 'C', 'A', 'A', 'A', 'A', 'A', 'A', 'C', 'A', 'A', 'A'] -> A
['A', 'A', 'A', 'A', 'A', 'A', 'A', 'A', 'C', 'A', 'A', 'A', 'A', 'A', 'A', 'A', 'A', 'A', 'A', 'B'] -> A
['A', 'A', 'A', 'A', 'A', 'A', 'A', 'A', 'C', 'C', 'A', 'F', 'A', 'A', 'A', 'A', 'A', 'A', 'A', 'C'] -> A
['A', 'A', 'A', 'A', 'A', 'A', 'A', 'C', 'B', 'A', 'A', 'A', 'A', 'A', 'A', 'A', 'A', 'C', 'A', 'A'] -> A
['A', 'A', 'A', 'A', 'A', 'A', 'C', 'A', 'A', 'A', 'C', 'A', 'A', 'B', 'A', 'A', 'A', 'A', 'A', 'A'] -> A
['A', 'A', 'A', 'A', 'A', 'B', 'A', 'A', 'A', 'A', 'B', 'A', 'A', 'A', 'A', 'A', 'A', 'A', 'A', 'A'] -> A
['A', 'A', 'A', 'A', 'A', 'C', 'A', 'A', 'A', 'A', 'A', 'A', 'A', 'A', 'A', 'A', 'A', 'A', 'A', 'B'] -> A
['A', 'A', 'A', 'A', 'A', 'C', 'A', 'A', 'B', 'A', 'A', 'A', 'C', 'A', 'A', 'B', 'A', 'C', 'A', 'A'] -> A
['A', 'A', 'A', 'A', 'B', 'A', 'A', 'A', 'A', 'A', 'A', 'A', 'A', 'A', 'A', 'A', 'A', 'A', 'A', 'A'] -> A
['A', 'A', 'A', 'A', 'C', 'A', 'C', 'A', 'A', 'A', 'A', 'A', 'A', 'A', 'A', 'A', 'A', 'A', 'A', 'A'] -> A
['A', 'A', 'A', 'B', 'A', 'A', 'B', 'A', 'A', 'A', 'A', 'A', 'A', 'A', 'A', 'A', 'A', 'A', 'A', 'A'] -> A
['A', 'A', 'A', 'B', 'A', 'A', 'B', 'A', 'A', 'A', 'A', 'A', 'A', 'A', 'A', 'A', 'A', 'A', 'A', 'A'] -> A
['A', 'A', 'A', 'C', 'A', 'A', 'A', 'A', 'B', 'A', 'A', 'A', 'A', 'A', 'A', 'A', 'A', 'A', 'A', 'A'] -> A
['A', 'A', 'A', 'C', 'A', 'A', 'A', 'A', 'B', 'B', 'A', 'A', 'A', 'A', 'A', 'A', 'A', 'F', 'A', 'A'] -> A
['A', 'A', 'A', 'C', 'A', 'A', 'A', 'C', 'A', 'A', 'A', 'A', 'C', 'C', 'A', 'A', 'A', 'A', 'A', 'C'] -> A
['A', 'A', 'B', 'A', 'A', 'A', 'A', 'A', 'A', 'A', 'A', 'A', 'A', 'A', 'A', 'C', 'A', 'A', 'A', 'A'] -> A
['A', 'A', 'B', 'A', 'A', 'A', 'A', 'A', 'A', 'A', 'A', 'A', 'B', 'A', 'A', 'A', 'A', 'A', 'A', 'A'] -> A
['A', 'A', 'B', 'A', 'A', 'A', 'A', 'A', 'A', 'B', 'A', 'A', 'A', 'A', 'B', 'A', 'A', 'A', 'A', 'A'] -> A
['A', 'A', 'B', 'A', 'A', 'A', 'B', 'A', 'A', 'A', 'A', 'A', 'A', 'A', 'A', 'C', 'A', 'A', 'A', 'A'] -> A
['A', 'A', 'B', 'A', 'A', 'B', 'A', 'A', 'A', 'B', 'A', 'A', 'A', 'A', 'A', 'A', 'A', 'B', 'A', 'A'] -> A
['A', 'A', 'B', 'A', 'B', 'A', 'A', 'A', 'A', 'D', 'A', 'A', 'A', 'A', 'C', 'C', 'A', 'A', 'A', 'A'] -> A
['A', 'A', 'B', 'B', 'A', 'A', 'A', 'A', 'B', 'A', 'A', 'A', 'A', 'A', 'A', 'A', 'A', 'B', 'A', 'A'] -> A
['A', 'A', 'B', 'B', 'A', 'B', 'A', 'A', 'A', 'A', 'A', 'A', 'A', 'A', 'A', 'A', 'A', 'A', 'A', 'A'] -> A
['A', 'A', 'C', 'A', 'A', 'A', 'A', 'A', 'B', 'B', 'A', 'A', 'A', 'A', 'A', 'A', 'A', 'C', 'A', 'A'] -> A
['B', 'A', 'A', 'A', 'A', 'A', 'A', 'A', 'A', 'C', 'A', 'A', 'A', 'A', 'A', 'A', 'A', 'A', 'A', 'A'] -> A
['B', 'A', 'A', 'A', 'A', 'B', 'A', 'A', 'A', 'A', 'A', 'A', 'A', 'A', 'A', 'A', 'A', 'A', 'A', 'A'] -> A
['C', 'A', 'A', 'A', 'A', 'A', 'B', 'A', 'A', 'A', 'A', 'A', 'A', 'A', 'A', 'A', 'A', 'A', 'A', 'A'] -> A
['A', 'B', 'B', 'B', 'B', 'B', 'A', 'B', 'B', 'B', 'B', 'B', 'B', 'A', 'B', 'B', 'B', 'B', 'B', 'B'] -> B
['A', 'B', 'B', 'B', 'B', 'B', 'B', 'B', 'B', 'B', 'B', 'B', 'B', 'B', 'B', 'B', 'B', 'B', 'B', 'B'] -> B
['A', 'B', 'B', 'E', 'B', 'B', 'B', 'B', 'B', 'B', 'B', 'B', 'F', 'B', 'A', 'A', 'B', 'B', 'B', 'B'] -> B
['B', 'A', 'B', 'B', 'B', 'B', 'A', 'B', 'B', 'B', 'B', 'A', 'B', 'A', 'B', 'B', 'B', 'B', 'B', 'B'] -> B
['B', 'A', 'B', 'B', 'B', 'B', 'B', 'B', 'B', 'B', 'A', 'B', 'B', 'B', 'B', 'B', 'B', 'B', 'B', 'B'] -> B
['B', 'A', 'B', 'B', 'B', 'B', 'B', 'B', 'B', 'B', 'B', 'B', 'B', 'B', 'B', 'C', 'B', 'B', 'B', 'A'] -> B
['B', 'A', 'B', 'B', 'B', 'C', 'A', 'B', 'B', 'B', 'B', 'B', 'B', 'B', 'B', 'B', 'B', 'B', 'B', 'B'] -> B
['B', 'B', 'A', 'B', 'B', 'B', 'B', 'B', 'A', 'B', 'B', 'B', 'B', 'A', 'B', 'B', 'B', 'B', 'B', 'B'] -> B
['B', 'B', 'B', 'A', 'B', 'B', 'B', 'B', 'B', 'B', 'B', 'B', 'B', 'A', 'B', 'A', 'B', 'B', 'B', 'C'] -> B
['B', 'B', 'B', 'A', 'B', 'B', 'B', 'B', 'B', 'B', 'B', 'B', 'B', 'B', 'B', 'B', 'B', 'B', 'B', 'B'] -> B
['B', 'B', 'B', 'B', 'A', 'B', 'B', 'A', 'A', 'A', 'B', 'B', 'B', 'B', 'B', 'B', 'B', 'B', 'B', 'B'] -> B
['B', 'B', 'B', 'B', 'A', 'B', 'B', 'A', 'B', 'B', 'B', 'B', 'B', 'B', 'B', 'B', 'B', 'B', 'B', 'B'] -> B
['B', 'B', 'B', 'B', 'A', 'B', 'B', 'B', 'B', 'A', 'B', 'B', 'B', 'B', 'B', 'B', 'B', 'B', 'B', 'B'] -> B
['B', 'B', 'B', 'B', 'A', 'B', 'C', 'B', 'B', 'B', 'B', 'B', 'B', 'B', 'B', 'B', 'A', 'B', 'C', 'B'] -> B
['B', 'B', 'B', 'B', 'B', 'A', 'B', 'B', 'B', 'B', 'B', 'B', 'B', 'B', 'B', 'B', 'B', 'B', 'B', 'B'] -> B
['B', 'B', 'B', 'B', 'B', 'B', 'B', 'A', 'A', 'A', 'B', 'B', 'B', 'B', 'A', 'B', 'B', 'B', 'B', 'B'] -> B
['B', 'B', 'B', 'B', 'B', 'B', 'B', 'A', 'B', 'A', 'B', 'B', 'C', 'B', 'A', 'B', 'B', 'B', 'B', 'B'] -> B
['B', 'B', 'B', 'B', 'B', 'B', 'B', 'A', 'B', 'B', 'B', 'A', 'B', 'B', 'B', 'B', 'A', 'A', 'B', 'B'] -> B
['B', 'B', 'B', 'B', 'B', 'B', 'B', 'A', 'B', 'B', 'B', 'B', 'B', 'B', 'B', 'B', 'B', 'B', 'B', 'B'] -> B
['B', 'B', 'B', 'B', 'B', 'B', 'B', 'A', 'B', 'B', 'B', 'B', 'B', 'B', 'B', 'B', 'B', 'B', 'B', 'B'] -> B
['B', 'B', 'B', 'B', 'B', 'B', 'B', 'A', 'B', 'B', 'B', 'B', 'B', 'B', 'B', 'B', 'C', 'B', 'B', 'B'] -> B
['B', 'B', 'B', 'B', 'B', 'B', 'B', 'B', 'A', 'B', 'B', 'A', 'B', 'B', 'B', 'B', 'A', 'B', 'A', 'B'] -> B
['B', 'B', 'B', 'B', 'B', 'B', 'B', 'B', 'B', 'A', 'A', 'B', 'B', 'D', 'B', 'B', 'B', 'B', 'B', 'B'] -> B
['B', 'B', 'B', 'B', 'B', 'B', 'B', 'B', 'B', 'A', 'B', 'B', 'A', 'B', 'B', 'B', 'B', 'B', 'B', 'B'] -> B
['B', 'B', 'B', 'B', 'B', 'B', 'B', 'B', 'B', 'B', 'A', 'B', 'C', 'B', 'B', 'B', 'B', 'B', 'B', 'B'] -> B
['B', 'B', 'B', 'B', 'B', 'B', 'B', 'B', 'B', 'B', 'B', 'A', 'B', 'B', 'B', 'B', 'B', 'A', 'B', 'B'] -> B
['B', 'B', 'B', 'B', 'B', 'B', 'B', 'B', 'B', 'B', 'B', 'B', 'B', 'B', 'A', 'B', 'C', 'B', 'B', 'B'] -> B
['B', 'B', 'B', 'B', 'B', 'B', 'B', 'B', 'B', 'B', 'B', 'B', 'B', 'B', 'B', 'A', 'C', 'B', 'B', 'B'] -> B
['B', 'B', 'B', 'B', 'B', 'B', 'B', 'B', 'B', 'B', 'B', 'B', 'B', 'B', 'B', 'B', 'B', 'B', 'B', 'A'] -> B
['B', 'B', 'B', 'B', 'B', 'B', 'B', 'B', 'B', 'B', 'B', 'B', 'B', 'B', 'B', 'B', 'B', 'C', 'B', 'B'] -> B
['B', 'B', 'B', 'B', 'B', 'B', 'B', 'B', 'B', 'B', 'B', 'B', 'B', 'B', 'B', 'B', 'B', 'F', 'B', 'B'] -> B
['B', 'B', 'B', 'B', 'B', 'B', 'B', 'B', 'B', 'B', 'B', 'B', 'B', 'B', 'B', 'C', 'A', 'B', 'B', 'B'] -> B
['B', 'B', 'B', 'B', 'B', 'B', 'B', 'B', 'B', 'B', 'B', 'B', 'D', 'E', 'B', 'B', 'B', 'D', 'D', 'D'] -> B
['B', 'B', 'B', 'B', 'B', 'B', 'B', 'B', 'B', 'B', 'D', 'B', 'B', 'D', 'B', 'B', 'B', 'B', 'B', 'B'] -> B
['B', 'B', 'B', 'B', 'B', 'B', 'B', 'B', 'B', 'D', 'B', 'B', 'B', 'B', 'B', 'B', 'B', 'B', 'B', 'B'] -> B
['B', 'B', 'B', 'B', 'B', 'B', 'B', 'D', 'B', 'B', 'B', 'B', 'B', 'B', 'B', 'B', 'B', 'B', 'B', 'B'] -> B
['B', 'B', 'B', 'B', 'B', 'B', 'B', 'D', 'B', 'B', 'B', 'B', 'B', 'B', 'B', 'B', 'B', 'F', 'B', 'B'] -> B
['B', 'B', 'B', 'B', 'B', 'B', 'D', 'B', 'B', 'B', 'B', 'B', 'B', 'B', 'B', 'B', 'B', 'B', 'B', 'B'] -> B
['B', 'B', 'D', 'B', 'B', 'F', 'B', 'B', 'B', 'B', 'B', 'B', 'B', 'B', 'B', 'F', 'B', 'B', 'B', 'F'] -> B
['B', 'B', 'E', 'B', 'B', 'B', 'B', 'B', 'D', 'D', 'B', 'B', 'B', 'D', 'B', 'B', 'B', 'B', 'B', 'B'] -> B
['B', 'C', 'B', 'B', 'B', 'B', 'B', 'B', 'B', 'B', 'B', 'B', 'B', 'B', 'A', 'C', 'B', 'B', 'B', 'B'] -> B
['B', 'C', 'B', 'B', 'B', 'B', 'B', 'B', 'B', 'B', 'C', 'B', 'B', 'C', 'B', 'B', 'B', 'B', 'B', 'B'] -> B
['D', 'B', 'B', 'B', 'F', 'B', 'B', 'D', 'B', 'B', 'B', 'B', 'B', 'B', 'B', 'B', 'B', 'F', 'B', 'B'] -> B
['F', 'B', 'B', 'B', 'B', 'B', 'B', 'B', 'B', 'B', 'B', 'B', 'D', 'A', 'B', 'B', 'A', 'B', 'B', 'B'] -> B
['B', 'C', 'C', 'C', 'C', 'C', 'C', 'C', 'C', 'C', 'B', 'C', 'C', 'C', 'C', 'A', 'C', 'C', 'A', 'C'] -> C
['C', 'A', 'C', 'C', 'C', 'A', 'B', 'C', 'C', 'B', 'C', 'C', 'C', 'C', 'C', 'C', 'C', 'C', 'C', 'C'] -> C
['C', 'C', 'A', 'C', 'C', 'C', 'C', 'C', 'C', 'C', 'A', 'C', 'C', 'C', 'C', 'C', 'A', 'C', 'C', 'C'] -> C
['C', 'C', 'B', 'B', 'C', 'C', 'C', 'B', 'C', 'A', 'C', 'C', 'B', 'C', 'C', 'C', 'C', 'C', 'C', 'C'] -> C
['C', 'C', 'B', 'C', 'C', 'A', 'C', 'C', 'C', 'C', 'C', 'B', 'C', 'C', 'B', 'C', 'C', 'A', 'C', 'C'] -> C
['C', 'C', 'C', 'B', 'C', 'C', 'C', 'C', 'B', 'C', 'C', 'B', 'C', 'C', 'A', 'C', 'A', 'C', 'C', 'C'] -> C
['C', 'C', 'C', 'C', 'A', 'B', 'A', 'C', 'C', 'C', 'A', 'C', 'C', 'C', 'C', 'C', 'C', 'A', 'C', 'C'] -> C
['C', 'C', 'C', 'C', 'B', 'C', 'C', 'A', 'C', 'C', 'C', 'A', 'C', 'C', 'C', 'C', 'A', 'C', 'C', 'C'] -> C
['C', 'C', 'C', 'C', 'C', 'A', 'C', 'C', 'C', 'C', 'C', 'C', 'C', 'C', 'B', 'A', 'C', 'C', 'C', 'C'] -> C
['C', 'C', 'C', 'C', 'C', 'C', 'C', 'C', 'C', 'B', 'C', 'C', 'C', 'C', 'B', 'A', 'A', 'C', 'A', 'C'] -> C
['C', 'C', 'C', 'C', 'C', 'C', 'C', 'C', 'C', 'C', 'C', 'C', 'C', 'C', 'C', 'C', 'C', 'C', 'A', 'C'] -> C
['D', 'B', 'D', 'B', 'D', 'F', 'D', 'F', 'D', 'D', 'D', 'E', 'D', 'D', 'D', 'D', 'D', 'D', 'D', 'D'] -> D
['D', 'D', 'D', 'A', 'D', 'D', 'D', 'F', 'D', 'D', 'D', 'D', 'D', 'D', 'D', 'D', 'D', 'D', 'D', 'D'] -> D
['D', 'D', 'D', 'B', 'D', 'D', 'D', 'D', 'D', 'D', 'D', 'D', 'D', 'B', 'D', 'D', 'B', 'B', 'D', 'D'] -> D
['D', 'D', 'D', 'B', 'D', 'D', 'D', 'F', 'D', 'B', 'D', 'D', 'D', 'D', 'B', 'D', 'D', 'D', 'D', 'D'] -> D
['D', 'D', 'D', 'D', 'B', 'B', 'D', 'D', 'D', 'D', 'D', 'D', 'D', 'D', 'D', 'D', 'D', 'B', 'B', 'D'] -> D
['D', 'D', 'D', 'D', 'D', 'B', 'B', 'B', 'D', 'D', 'D', 'D', 'B', 'D', 'D', 'D', 'D', 'D', 'D', 'D'] -> D
['D', 'D', 'D', 'D', 'D', 'D', 'D', 'D', 'D', 'D', 'D', 'D', 'D', 'D', 'D', 'D', 'D', 'B', 'D', 'D'] -> D
['D', 'D', 'D', 'D', 'D', 'F', 'D', 'D', 'D', 'D', 'D', 'E', 'D', 'D', 'D', 'A', 'D', 'D', 'D', 'D'] -> D
['D', 'D', 'D', 'E', 'E', 'D', 'D', 'D', 'D', 'E', 'D', 'D', 'D', 'E', 'D', 'D', 'D', 'D', 'D', 'D'] -> D
['E', 'A', 'E', 'E', 'E', 'E', 'E', 'E', 'A', 'E', 'E', 'E', 'E', 'A', 'E', 'E', 'E', 'E', 'E', 'E'] -> E
['E', 'B', 'E', 'E', 'E', 'E', 'E', 'E', 'E', 'E', 'F', 'E', 'E', 'D', 'E', 'E', 'E', 'E', 'E', 'E'] -> E
['E', 'E', 'E', 'E', 'E', 'E', 'D', 'E', 'E', 'E', 'E', 'E', 'E', 'E', 'E', 'E', 'E', 'E', 'E', 'E'] -> E
['E', 'E', 'E', 'E', 'E', 'E', 'E', 'E', 'E', 'E', 'E', 'E', 'E', 'D', 'E', 'E', 'E', 'E', 'E', 'E'] -> E
['E', 'E', 'E', 'E', 'E', 'E', 'E', 'E', 'E', 'E', 'F', 'E', 'E', 'D', 'E', 'E', 'E', 'F', 'E', 'E'] -> E
['E', 'E', 'E', 'E', 'E', 'E', 'E', 'E', 'E', 'E', 'F', 'E', 'E', 'E', 'E', 'E', 'E', 'E', 'E', 'E'] -> E
['E', 'E', 'E', 'E', 'E', 'F', 'E', 'E', 'E', 'E', 'E', 'E', 'B', 'E', 'E', 'E', 'E', 'E', 'E', 'E'] -> E
['D', 'B', 'D', 'F', 'F', 'F', 'F', 'F', 'F', 'F', 'B', 'F', 'F', 'F', 'F', 'F', 'F', 'B', 'F', 'F'] -> F
['D', 'F', 'F', 'F', 'F', 'F', 'F', 'B', 'D', 'F', 'F', 'F', 'F', 'F', 'F', 'F', 'F', 'F', 'F', 'F'] -> F
['F', 'F', 'F', 'F', 'F', 'B', 'A', 'F', 'B', 'F', 'F', 'F', 'F', 'F', 'F', 'F', 'F', 'F', 'F', 'F'] -> F
['F', 'F', 'F', 'F', 'F', 'B', 'F', 'F', 'B', 'F', 'F', 'F', 'F', 'F', 'F', 'F', 'F', 'F', 'F', 'F'] -> F
['F', 'F', 'F', 'F', 'F', 'F', 'D', 'F', 'B', 'F', 'F', 'F', 'F', 'F', 'F', 'F', 'F', 'F', 'F', 'F'] -> F
['F', 'F', 'F', 'F', 'F', 'F', 'F', 'F', 'D', 'F', 'F', 'F', 'F', 'F', 'F', 'F', 'F', 'B', 'F', 'F'] -> F

No different (0) (x44)
['A', 'A', 'A', 'A', 'A', 'A', 'A', 'A', 'A', 'A', 'A', 'A', 'A', 'A', 'A', 'A', 'A', 'A', 'A', 'A'] -> A
['A', 'A', 'A', 'A', 'A', 'A', 'A', 'A', 'A', 'A', 'A', 'A', 'A', 'A', 'A', 'A', 'A', 'A', 'A', 'A'] -> A
['A', 'A', 'A', 'A', 'A', 'A', 'A', 'A', 'A', 'A', 'A', 'A', 'A', 'A', 'A', 'A', 'A', 'A', 'A', 'A'] -> A
['A', 'A', 'A', 'A', 'A', 'A', 'A', 'A', 'A', 'A', 'A', 'A', 'A', 'A', 'A', 'A', 'A', 'A', 'A', 'A'] -> A
['A', 'A', 'A', 'A', 'A', 'A', 'A', 'A', 'A', 'A', 'A', 'A', 'A', 'A', 'A', 'A', 'A', 'A', 'A', 'A'] -> A
['A', 'A', 'A', 'A', 'A', 'A', 'A', 'A', 'A', 'A', 'A', 'A', 'A', 'A', 'A', 'A', 'A', 'A', 'A', 'A'] -> A
['A', 'A', 'A', 'A', 'A', 'A', 'A', 'A', 'A', 'A', 'A', 'A', 'A', 'A', 'A', 'A', 'A', 'A', 'A', 'A'] -> A
['A', 'A', 'A', 'A', 'A', 'A', 'A', 'A', 'A', 'A', 'A', 'A', 'A', 'A', 'A', 'A', 'A', 'A', 'A', 'A'] -> A
['A', 'A', 'A', 'A', 'A', 'A', 'A', 'A', 'A', 'A', 'A', 'A', 'A', 'A', 'A', 'A', 'A', 'A', 'A', 'A'] -> A
['A', 'A', 'A', 'A', 'A', 'A', 'A', 'A', 'A', 'A', 'A', 'A', 'A', 'A', 'A', 'A', 'A', 'A', 'A', 'A'] -> A
['A', 'A', 'A', 'A', 'A', 'A', 'A', 'A', 'A', 'A', 'A', 'A', 'A', 'A', 'A', 'A', 'A', 'A', 'A', 'A'] -> A
['A', 'A', 'A', 'A', 'A', 'A', 'A', 'A', 'A', 'A', 'A', 'A', 'A', 'A', 'A', 'A', 'A', 'A', 'A', 'A'] -> A
['B', 'B', 'B', 'B', 'B', 'B', 'B', 'B', 'B', 'B', 'B', 'B', 'B', 'B', 'B', 'B', 'B', 'B', 'B', 'B'] -> B
['B', 'B', 'B', 'B', 'B', 'B', 'B', 'B', 'B', 'B', 'B', 'B', 'B', 'B', 'B', 'B', 'B', 'B', 'B', 'B'] -> B
['B', 'B', 'B', 'B', 'B', 'B', 'B', 'B', 'B', 'B', 'B', 'B', 'B', 'B', 'B', 'B', 'B', 'B', 'B', 'B'] -> B
['B', 'B', 'B', 'B', 'B', 'B', 'B', 'B', 'B', 'B', 'B', 'B', 'B', 'B', 'B', 'B', 'B', 'B', 'B', 'B'] -> B
['B', 'B', 'B', 'B', 'B', 'B', 'B', 'B', 'B', 'B', 'B', 'B', 'B', 'B', 'B', 'B', 'B', 'B', 'B', 'B'] -> B
['B', 'B', 'B', 'B', 'B', 'B', 'B', 'B', 'B', 'B', 'B', 'B', 'B', 'B', 'B', 'B', 'B', 'B', 'B', 'B'] -> B
['B', 'B', 'B', 'B', 'B', 'B', 'B', 'B', 'B', 'B', 'B', 'B', 'B', 'B', 'B', 'B', 'B', 'B', 'B', 'B'] -> B
['B', 'B', 'B', 'B', 'B', 'B', 'B', 'B', 'B', 'B', 'B', 'B', 'B', 'B', 'B', 'B', 'B', 'B', 'B', 'B'] -> B
['B', 'B', 'B', 'B', 'B', 'B', 'B', 'B', 'B', 'B', 'B', 'B', 'B', 'B', 'B', 'B', 'B', 'B', 'B', 'B'] -> B
['B', 'B', 'B', 'B', 'B', 'B', 'B', 'B', 'B', 'B', 'B', 'B', 'B', 'B', 'B', 'B', 'B', 'B', 'B', 'B'] -> B
['B', 'B', 'B', 'B', 'B', 'B', 'B', 'B', 'B', 'B', 'B', 'B', 'B', 'B', 'B', 'B', 'B', 'B', 'B', 'B'] -> B
['B', 'B', 'B', 'B', 'B', 'B', 'B', 'B', 'B', 'B', 'B', 'B', 'B', 'B', 'B', 'B', 'B', 'B', 'B', 'B'] -> B
['B', 'B', 'B', 'B', 'B', 'B', 'B', 'B', 'B', 'B', 'B', 'B', 'B', 'B', 'B', 'B', 'B', 'B', 'B', 'B'] -> B
['B', 'B', 'B', 'B', 'B', 'B', 'B', 'B', 'B', 'B', 'B', 'B', 'B', 'B', 'B', 'B', 'B', 'B', 'B', 'B'] -> B
['B', 'B', 'B', 'B', 'B', 'B', 'B', 'B', 'B', 'B', 'B', 'B', 'B', 'B', 'B', 'B', 'B', 'B', 'B', 'B'] -> B
['B', 'B', 'B', 'B', 'B', 'B', 'B', 'B', 'B', 'B', 'B', 'B', 'B', 'B', 'B', 'B', 'B', 'B', 'B', 'B'] -> B
['B', 'B', 'B', 'B', 'B', 'B', 'B', 'B', 'B', 'B', 'B', 'B', 'B', 'B', 'B', 'B', 'B', 'B', 'B', 'B'] -> B
['B', 'B', 'B', 'B', 'B', 'B', 'B', 'B', 'B', 'B', 'B', 'B', 'B', 'B', 'B', 'B', 'B', 'B', 'B', 'B'] -> B
['D', 'D', 'D', 'D', 'D', 'D', 'D', 'D', 'D', 'D', 'D', 'D', 'D', 'D', 'D', 'D', 'D', 'D', 'D', 'D'] -> D
['D', 'D', 'D', 'D', 'D', 'D', 'D', 'D', 'D', 'D', 'D', 'D', 'D', 'D', 'D', 'D', 'D', 'D', 'D', 'D'] -> D
['E', 'E', 'E', 'E', 'E', 'E', 'E', 'E', 'E', 'E', 'E', 'E', 'E', 'E', 'E', 'E', 'E', 'E', 'E', 'E'] -> E
['E', 'E', 'E', 'E', 'E', 'E', 'E', 'E', 'E', 'E', 'E', 'E', 'E', 'E', 'E', 'E', 'E', 'E', 'E', 'E'] -> E
['E', 'E', 'E', 'E', 'E', 'E', 'E', 'E', 'E', 'E', 'E', 'E', 'E', 'E', 'E', 'E', 'E', 'E', 'E', 'E'] -> E
['E', 'E', 'E', 'E', 'E', 'E', 'E', 'E', 'E', 'E', 'E', 'E', 'E', 'E', 'E', 'E', 'E', 'E', 'E', 'E'] -> E
['E', 'E', 'E', 'E', 'E', 'E', 'E', 'E', 'E', 'E', 'E', 'E', 'E', 'E', 'E', 'E', 'E', 'E', 'E', 'E'] -> E
['E', 'E', 'E', 'E', 'E', 'E', 'E', 'E', 'E', 'E', 'E', 'E', 'E', 'E', 'E', 'E', 'E', 'E', 'E', 'E'] -> E
['E', 'E', 'E', 'E', 'E', 'E', 'E', 'E', 'E', 'E', 'E', 'E', 'E', 'E', 'E', 'E', 'E', 'E', 'E', 'E'] -> E
['E', 'E', 'E', 'E', 'E', 'E', 'E', 'E', 'E', 'E', 'E', 'E', 'E', 'E', 'E', 'E', 'E', 'E', 'E', 'E'] -> E
['E', 'E', 'E', 'E', 'E', 'E', 'E', 'E', 'E', 'E', 'E', 'E', 'E', 'E', 'E', 'E', 'E', 'E', 'E', 'E'] -> E
['E', 'E', 'E', 'E', 'E', 'E', 'E', 'E', 'E', 'E', 'E', 'E', 'E', 'E', 'E', 'E', 'E', 'E', 'E', 'E'] -> E
['E', 'E', 'E', 'E', 'E', 'E', 'E', 'E', 'E', 'E', 'E', 'E', 'E', 'E', 'E', 'E', 'E', 'E', 'E', 'E'] -> E
['E', 'E', 'E', 'E', 'E', 'E', 'E', 'E', 'E', 'E', 'E', 'E', 'E', 'E', 'E', 'E', 'E', 'E', 'E', 'E'] -> E


[0.8860103626943006, 0.8911917098445595, 0.844559585492228, 0.8911917098445595, 0.8756476683937824, 0.8290155440414507, 0.8756476683937824, 0.8393782383419689, 0.8290155440414507, 0.8341968911917098, 0.8601036269430051, 0.8963730569948186, 0.8860103626943006, 0.8652849740932642, 0.8549222797927462, 0.8704663212435233, 0.8601036269430051, 0.8134715025906736, 0.8963730569948186, 0.9067357512953368]
0.8652849740932641


Single different (20) (x0)

Multi different (20) (x0)

Forth quarter (16) (x1)
['F', 'B', 'B', 'A', 'A', 'B', 'B', 'B', 'B', 'B', 'A', 'B', 'B', 'B', 'B', 'C', 'A', 'C', 'B', 'B'] -> A

Third quarter (11) (x5)
['A', 'C', 'C', 'C', 'A', 'A', 'F', 'C', 'A', 'C', 'C', 'C', 'F', 'F', 'A', 'A', 'C', 'A', 'A', 'A'] -> A
['A', 'A', 'A', 'B', 'A', 'B', 'A', 'A', 'A', 'A', 'B', 'A', 'B', 'A', 'A', 'B', 'B', 'A', 'A', 'A'] -> B
['A', 'B', 'A', 'B', 'A', 'A', 'B', 'A', 'A', 'C', 'C', 'A', 'A', 'A', 'B', 'B', 'A', 'B', 'B', 'B'] -> B
['A', 'C', 'A', 'B', 'B', 'C', 'A', 'A', 'B', 'C', 'C', 'B', 'C', 'B', 'A', 'B', 'A', 'B', 'A', 'A'] -> B
['B', 'B', 'A', 'A', 'A', 'B', 'A', 'A', 'A', 'A', 'A', 'A', 'A', 'B', 'B', 'A', 'B', 'B', 'A', 'A'] -> B

Second quarter (6) (x4)
['A', 'C', 'A', 'A', 'A', 'A', 'C', 'C', 'B', 'A', 'A', 'A', 'A', 'C', 'A', 'A', 'A', 'A', 'B', 'A'] -> A
['C', 'C', 'A', 'A', 'A', 'A', 'B', 'A', 'A', 'C', 'A', 'B', 'A', 'C', 'A', 'A', 'C', 'B', 'B', 'B'] -> A
['B', 'B', 'B', 'A', 'A', 'B', 'A', 'B', 'B', 'B', 'B', 'A', 'A', 'B', 'B', 'C', 'A', 'A', 'B', 'A'] -> B
['B', 'B', 'B', 'B', 'A', 'B', 'C', 'A', 'A', 'B', 'B', 'A', 'A', 'A', 'B', 'B', 'B', 'B', 'B', 'B'] -> B

First quarter (1) (x8)
['A', 'A', 'A', 'A', 'A', 'A', 'A', 'A', 'A', 'A', 'A', 'A', 'A', 'A', 'A', 'A', 'A', 'C', 'A', 'A'] -> A
['A', 'A', 'A', 'A', 'A', 'A', 'A', 'A', 'A', 'C', 'A', 'A', 'A', 'A', 'A', 'A', 'B', 'A', 'B', 'A'] -> A
['A', 'A', 'A', 'A', 'A', 'A', 'A', 'A', 'A', 'C', 'A', 'A', 'A', 'B', 'A', 'A', 'A', 'A', 'B', 'A'] -> A
['B', 'A', 'B', 'A', 'A', 'A', 'A', 'A', 'A', 'C', 'A', 'A', 'A', 'A', 'A', 'A', 'A', 'A', 'A', 'A'] -> A
['B', 'B', 'B', 'B', 'A', 'B', 'B', 'B', 'B', 'B', 'B', 'B', 'B', 'B', 'B', 'B', 'B', 'B', 'B', 'B'] -> B
['D', 'D', 'D', 'D', 'D', 'D', 'D', 'D', 'D', 'D', 'D', 'D', 'D', 'D', 'D', 'D', 'D', 'B', 'D', 'D'] -> D
['E', 'B', 'E', 'E', 'E', 'E', 'E', 'E', 'E', 'E', 'E', 'E', 'E', 'D', 'E', 'E', 'E', 'E', 'E', 'E'] -> E
['E', 'E', 'E', 'E', 'E', 'E', 'E', 'E', 'E', 'E', 'E', 'E', 'E', 'E', 'E', 'E', 'E', 'A', 'E', 'E'] -> E

No different (0) (x3)
['E', 'E', 'E', 'E', 'E', 'E', 'E', 'E', 'E', 'E', 'E', 'E', 'E', 'E', 'E', 'E', 'E', 'E', 'E', 'E'] -> E
['E', 'E', 'E', 'E', 'E', 'E', 'E', 'E', 'E', 'E', 'E', 'E', 'E', 'E', 'E', 'E', 'E', 'E', 'E', 'E'] -> E
['E', 'E', 'E', 'E', 'E', 'E', 'E', 'E', 'E', 'E', 'E', 'E', 'E', 'E', 'E', 'E', 'E', 'E', 'E', 'E'] -> E


[0.7142857142857143, 0.6666666666666666, 0.6666666666666666, 0.8571428571428571, 0.7142857142857143, 0.8571428571428571, 0.5714285714285714, 0.6190476190476191, 0.7142857142857143, 0.5238095238095238, 0.8095238095238095, 0.6190476190476191, 0.6666666666666666, 0.5714285714285714, 0.8571428571428571, 0.8571428571428571, 0.7142857142857143, 0.6666666666666666, 0.6190476190476191, 0.7142857142857143]
0.6999999999999998
