Namespace(dataset='lymphography', mode='examine', n_estimators=1, num_clf=100, random_state=9353, reuse=True)
Dataset lymphography
(66, 39)
(67, 39)
(15, 39)
Number of label: 4 

Single different (100) (x0)

Multi different (100) (x0)

Forth quarter (76) (x0)

Third quarter (51) (x0)

Second quarter (26) (x11)

First quarter (1) (x115)

No different (0) (x7)


[0.8947368421052632, 0.9323308270676691, 0.8796992481203008, 0.8721804511278195, 0.8947368421052632, 0.9097744360902256, 0.9323308270676691, 0.9172932330827067, 0.8947368421052632, 0.849624060150376, 0.8721804511278195, 0.8571428571428571, 0.9172932330827067, 0.8872180451127819, 0.8872180451127819, 0.924812030075188, 0.9323308270676691, 0.8947368421052632, 0.9097744360902256, 0.9097744360902256, 0.8721804511278195, 0.8796992481203008, 0.9022556390977443, 0.9097744360902256, 0.8947368421052632, 0.9172932330827067, 0.8571428571428571, 0.9172932330827067, 0.9398496240601504, 0.8571428571428571, 0.8872180451127819, 0.8796992481203008, 0.9473684210526315, 0.9172932330827067, 0.924812030075188, 0.8721804511278195, 0.9473684210526315, 0.9398496240601504, 0.8721804511278195, 0.8421052631578947, 0.9172932330827067, 0.8796992481203008, 0.8421052631578947, 0.9548872180451128, 0.924812030075188, 0.8947368421052632, 0.9624060150375939, 0.8947368421052632, 0.9172932330827067, 0.8421052631578947, 0.9323308270676691, 0.8796992481203008, 0.8721804511278195, 0.9022556390977443, 0.9022556390977443, 0.924812030075188, 0.9097744360902256, 0.9097744360902256, 0.8796992481203008, 0.9022556390977443, 0.8721804511278195, 0.9097744360902256, 0.8872180451127819, 0.8796992481203008, 0.924812030075188, 0.9172932330827067, 0.8270676691729323, 0.924812030075188, 0.8721804511278195, 0.8721804511278195, 0.9097744360902256, 0.9548872180451128, 0.9172932330827067, 0.9097744360902256, 0.9398496240601504, 0.9097744360902256, 0.8947368421052632, 0.8646616541353384, 0.924812030075188, 0.9022556390977443, 0.9022556390977443, 0.8947368421052632, 0.9323308270676691, 0.924812030075188, 0.8646616541353384, 0.9097744360902256, 0.8721804511278195, 0.8796992481203008, 0.8947368421052632, 0.8646616541353384, 0.9097744360902256, 0.9097744360902256, 0.9097744360902256, 0.9097744360902256, 0.8872180451127819, 0.8947368421052632, 0.9022556390977443, 0.9172932330827067, 0.9097744360902256, 0.9022556390977443]
0.9000000000000001


Single different (100) (x0)

Multi different (100) (x0)

Forth quarter (76) (x1)

Third quarter (51) (x1)

Second quarter (26) (x6)

First quarter (1) (x7)

No different (0) (x0)


[0.6666666666666666, 0.5333333333333333, 0.5333333333333333, 0.7333333333333333, 0.6, 0.4666666666666667, 0.8666666666666667, 0.8666666666666667, 0.6666666666666666, 0.6666666666666666, 0.8, 0.7333333333333333, 0.9333333333333333, 0.7333333333333333, 0.6666666666666666, 0.8666666666666667, 0.8, 0.8, 0.6666666666666666, 0.7333333333333333, 0.7333333333333333, 0.8666666666666667, 0.6, 0.8, 0.6, 0.8666666666666667, 0.6, 0.8, 0.5333333333333333, 0.6666666666666666, 0.6, 0.6666666666666666, 0.7333333333333333, 0.6, 0.7333333333333333, 0.6666666666666666, 0.7333333333333333, 0.5333333333333333, 0.7333333333333333, 0.8, 0.7333333333333333, 0.6, 0.6, 0.8666666666666667, 0.7333333333333333, 0.8666666666666667, 0.7333333333333333, 0.6, 0.8666666666666667, 0.8, 0.8666666666666667, 0.6, 0.8, 0.7333333333333333, 0.6666666666666666, 0.8, 0.6666666666666666, 0.7333333333333333, 0.6, 0.8666666666666667, 0.9333333333333333, 0.8, 0.7333333333333333, 0.8666666666666667, 0.6666666666666666, 0.6666666666666666, 0.6, 0.8666666666666667, 0.6, 0.9333333333333333, 0.6666666666666666, 0.7333333333333333, 0.8, 0.6666666666666666, 0.6666666666666666, 0.8666666666666667, 0.5333333333333333, 0.8, 0.7333333333333333, 0.7333333333333333, 0.6, 0.7333333333333333, 0.6666666666666666, 0.7333333333333333, 0.6666666666666666, 0.8666666666666667, 0.5333333333333333, 0.8, 0.6666666666666666, 0.7333333333333333, 0.6666666666666666, 0.6, 1.0, 0.7333333333333333, 0.6, 0.8, 0.5333333333333333, 0.4666666666666667, 0.7333333333333333, 0.8666666666666667]
0.718
