Namespace(dataset='iris', mode='examine', n_estimators=1, num_clf=100, random_state=5124, reuse=False)
Dataset iris
(135, 5)
(135, 5)
(30, 5)
Number of label: 3 

Single different (100) (x0)

Multi different (100) (x0)

Forth quarter (76) (x2)

Third quarter (51) (x2)

Second quarter (26) (x3)

First quarter (1) (x36)

No different (0) (x92)


[0.9555555555555556, 0.9629629629629629, 0.9481481481481482, 0.9407407407407408, 0.9703703703703703, 0.9703703703703703, 0.9703703703703703, 0.9629629629629629, 0.9407407407407408, 0.9703703703703703, 0.9481481481481482, 0.9851851851851852, 0.9629629629629629, 0.9629629629629629, 0.9555555555555556, 0.9703703703703703, 0.9851851851851852, 0.9777777777777777, 0.9629629629629629, 0.9703703703703703, 0.9777777777777777, 0.9703703703703703, 0.9777777777777777, 0.9703703703703703, 0.9555555555555556, 0.9703703703703703, 0.9777777777777777, 0.9555555555555556, 0.9555555555555556, 0.9629629629629629, 0.9629629629629629, 0.9185185185185185, 0.9629629629629629, 0.9703703703703703, 0.9777777777777777, 0.9481481481481482, 0.9703703703703703, 0.9259259259259259, 0.9555555555555556, 0.9481481481481482, 0.9333333333333333, 0.9629629629629629, 0.9703703703703703, 0.9111111111111111, 0.9333333333333333, 0.8814814814814815, 0.9777777777777777, 0.9703703703703703, 0.9703703703703703, 0.9777777777777777, 0.9703703703703703, 0.9629629629629629, 0.9481481481481482, 0.9703703703703703, 0.9481481481481482, 0.9703703703703703, 0.9777777777777777, 0.9703703703703703, 0.9555555555555556, 0.9851851851851852, 0.9185185185185185, 0.9407407407407408, 0.9407407407407408, 0.9259259259259259, 0.9629629629629629, 0.9555555555555556, 0.9111111111111111, 0.9703703703703703, 0.9629629629629629, 0.9555555555555556, 0.9407407407407408, 0.9777777777777777, 0.9333333333333333, 0.9703703703703703, 0.9481481481481482, 0.9333333333333333, 0.9703703703703703, 0.9481481481481482, 0.9629629629629629, 0.9703703703703703, 0.9481481481481482, 0.9481481481481482, 0.9777777777777777, 0.9703703703703703, 0.9777777777777777, 0.9037037037037037, 0.9333333333333333, 0.9555555555555556, 0.9555555555555556, 0.9185185185185185, 0.9185185185185185, 0.9555555555555556, 0.9481481481481482, 0.9777777777777777, 0.9629629629629629, 0.9259259259259259, 0.9111111111111111, 0.9333333333333333, 0.9629629629629629, 0.9555555555555556]
0.9557777777777777


Single different (100) (x0)

Multi different (100) (x0)

Forth quarter (76) (x0)

Third quarter (51) (x0)

Second quarter (26) (x1)

First quarter (1) (x10)

No different (0) (x19)


[0.9666666666666667, 1.0, 0.9333333333333333, 0.9333333333333333, 0.9666666666666667, 1.0, 1.0, 0.9666666666666667, 1.0, 0.9666666666666667, 0.9666666666666667, 0.9666666666666667, 0.9666666666666667, 0.9666666666666667, 0.9666666666666667, 0.9333333333333333, 0.9333333333333333, 0.9666666666666667, 0.9666666666666667, 0.9333333333333333, 0.9666666666666667, 1.0, 1.0, 1.0, 1.0, 0.9666666666666667, 0.9666666666666667, 0.9666666666666667, 1.0, 1.0, 1.0, 0.9666666666666667, 1.0, 0.9666666666666667, 1.0, 1.0, 1.0, 1.0, 1.0, 1.0, 0.9, 1.0, 0.9666666666666667, 0.9, 1.0, 0.9333333333333333, 1.0, 0.9333333333333333, 1.0, 0.9333333333333333, 1.0, 1.0, 1.0, 0.9666666666666667, 0.9666666666666667, 1.0, 1.0, 1.0, 1.0, 1.0, 0.9666666666666667, 1.0, 1.0, 0.9666666666666667, 0.9666666666666667, 0.9666666666666667, 0.9333333333333333, 1.0, 0.9666666666666667, 0.9666666666666667, 1.0, 1.0, 0.9333333333333333, 0.9666666666666667, 1.0, 0.9333333333333333, 1.0, 0.9666666666666667, 1.0, 0.9666666666666667, 1.0, 0.9666666666666667, 1.0, 0.9666666666666667, 0.9666666666666667, 0.9666666666666667, 0.9666666666666667, 1.0, 0.9666666666666667, 0.9666666666666667, 0.9333333333333333, 1.0, 1.0, 1.0, 1.0, 0.9333333333333333, 0.9, 0.9333333333333333, 1.0, 0.9666666666666667]
0.9753333333333336
