Namespace(dataset='ecoli', mode='examine', n_estimators=1, num_clf=20, random_state=4051, reuse=True)
Dataset ecoli
(151, 8)
(151, 8)
(34, 8)
Number of label: 8 

Single different (20) (x0)

Multi different (20) (x0)

Forth quarter (16) (x0)

Third quarter (11) (x3)
['B', 'B', 'A', 'A', 'A', 'A', 'E', 'A', 'B', 'B', 'A', 'B', 'A', 'B', 'A', 'A', 'B', 'A', 'B', 'B'] -> B
['B', 'B', 'A', 'B', 'A', 'A', 'A', 'B', 'A', 'A', 'A', 'A', 'B', 'A', 'A', 'A', 'B', 'B', 'B', 'A'] -> B
['B', 'D', 'E', 'B', 'E', 'B', 'B', 'B', 'B', 'B', 'E', 'E', 'E', 'B', 'D', 'B', 'E', 'E', 'D', 'E'] -> B

Second quarter (6) (x25)
['A', 'B', 'A', 'A', 'B', 'B', 'A', 'A', 'B', 'B', 'A', 'A', 'A', 'B', 'B', 'A', 'A', 'A', 'A', 'A'] -> A
['B', 'B', 'B', 'B', 'B', 'B', 'E', 'B', 'B', 'E', 'A', 'A', 'B', 'B', 'B', 'C', 'A', 'B', 'B', 'B'] -> B
['B', 'D', 'B', 'B', 'C', 'A', 'A', 'B', 'C', 'B', 'B', 'B', 'B', 'A', 'B', 'B', 'A', 'B', 'B', 'B'] -> B
['H', 'B', 'D', 'E', 'B', 'B', 'B', 'B', 'B', 'B', 'B', 'B', 'E', 'B', 'B', 'E', 'B', 'B', 'B', 'D'] -> B
['A', 'B', 'C', 'A', 'B', 'C', 'B', 'C', 'C', 'C', 'C', 'A', 'C', 'C', 'C', 'A', 'A', 'C', 'C', 'C'] -> C
['C', 'B', 'B', 'C', 'B', 'C', 'C', 'C', 'C', 'H', 'C', 'C', 'B', 'C', 'C', 'C', 'B', 'C', 'C', 'C'] -> C
['C', 'C', 'C', 'C', 'C', 'D', 'A', 'A', 'C', 'H', 'C', 'C', 'H', 'A', 'C', 'C', 'C', 'C', 'C', 'C'] -> C
['D', 'D', 'D', 'D', 'D', 'D', 'D', 'D', 'E', 'E', 'G', 'D', 'D', 'E', 'D', 'D', 'E', 'D', 'E', 'D'] -> D
['D', 'D', 'E', 'B', 'D', 'D', 'D', 'D', 'B', 'D', 'B', 'D', 'D', 'D', 'D', 'B', 'B', 'D', 'B', 'D'] -> D
['D', 'D', 'E', 'D', 'D', 'E', 'D', 'D', 'D', 'D', 'D', 'D', 'E', 'E', 'E', 'D', 'E', 'E', 'D', 'D'] -> D
['D', 'D', 'E', 'D', 'D', 'E', 'E', 'D', 'D', 'E', 'E', 'D', 'E', 'E', 'D', 'E', 'D', 'D', 'E', 'D'] -> D
['D', 'E', 'E', 'E', 'E', 'E', 'D', 'E', 'D', 'D', 'D', 'E', 'D', 'D', 'D', 'D', 'E', 'D', 'D', 'D'] -> D
['E', 'D', 'D', 'E', 'D', 'D', 'H', 'D', 'B', 'D', 'E', 'D', 'E', 'E', 'E', 'D', 'D', 'D', 'D', 'D'] -> D
['E', 'D', 'E', 'E', 'D', 'D', 'E', 'E', 'D', 'D', 'G', 'D', 'E', 'D', 'E', 'D', 'D', 'D', 'D', 'D'] -> D
['D', 'E', 'E', 'E', 'D', 'D', 'D', 'D', 'E', 'E', 'E', 'E', 'E', 'E', 'E', 'D', 'E', 'E', 'E', 'E'] -> E
['D', 'E', 'E', 'E', 'D', 'E', 'E', 'G', 'D', 'D', 'E', 'E', 'E', 'E', 'E', 'E', 'E', 'D', 'E', 'E'] -> E
['D', 'H', 'D', 'F', 'E', 'E', 'E', 'E', 'D', 'E', 'E', 'E', 'G', 'E', 'E', 'E', 'E', 'G', 'D', 'E'] -> E
['E', 'D', 'E', 'E', 'E', 'D', 'D', 'E', 'E', 'D', 'E', 'E', 'D', 'E', 'E', 'D', 'D', 'E', 'E', 'D'] -> E
['E', 'E', 'A', 'E', 'E', 'A', 'E', 'A', 'E', 'E', 'E', 'E', 'E', 'A', 'A', 'E', 'A', 'E', 'E', 'E'] -> E
['E', 'E', 'E', 'B', 'A', 'A', 'E', 'A', 'A', 'E', 'E', 'E', 'E', 'A', 'E', 'A', 'E', 'A', 'E', 'A'] -> E
['E', 'E', 'E', 'E', 'E', 'D', 'E', 'E', 'D', 'D', 'E', 'E', 'E', 'D', 'D', 'E', 'E', 'E', 'D', 'E'] -> E
['D', 'F', 'F', 'F', 'E', 'F', 'D', 'F', 'F', 'F', 'E', 'F', 'F', 'F', 'F', 'B', 'E', 'F', 'D', 'E'] -> F
['B', 'G', 'B', 'G', 'H', 'G', 'A', 'G', 'G', 'G', 'G', 'G', 'B', 'G', 'A', 'C', 'G', 'G', 'B', 'B'] -> G
['B', 'H', 'A', 'H', 'H', 'H', 'A', 'H', 'H', 'H', 'C', 'H', 'B', 'A', 'H', 'H', 'A', 'H', 'H', 'H'] -> H
['H', 'H', 'H', 'H', 'H', 'H', 'B', 'H', 'B', 'H', 'H', 'B', 'H', 'B', 'B', 'C', 'H', 'H', 'B', 'H'] -> H

First quarter (1) (x148)
['A', 'A', 'A', 'A', 'A', 'A', 'A', 'A', 'A', 'A', 'A', 'A', 'A', 'A', 'A', 'A', 'A', 'A', 'A', 'B'] -> A
['A', 'A', 'A', 'A', 'A', 'A', 'A', 'A', 'A', 'A', 'A', 'A', 'A', 'A', 'A', 'A', 'A', 'A', 'A', 'D'] -> A
['A', 'A', 'A', 'A', 'A', 'A', 'A', 'A', 'A', 'A', 'A', 'A', 'A', 'A', 'A', 'A', 'A', 'A', 'B', 'A'] -> A
['A', 'A', 'A', 'A', 'A', 'A', 'A', 'A', 'A', 'A', 'A', 'A', 'A', 'A', 'A', 'A', 'A', 'A', 'B', 'A'] -> A
['A', 'A', 'A', 'A', 'A', 'A', 'A', 'A', 'A', 'A', 'A', 'A', 'A', 'A', 'A', 'A', 'A', 'C', 'A', 'A'] -> A
['A', 'A', 'A', 'A', 'A', 'A', 'A', 'A', 'A', 'A', 'A', 'A', 'A', 'A', 'A', 'A', 'A', 'C', 'A', 'A'] -> A
['A', 'A', 'A', 'A', 'A', 'A', 'A', 'A', 'A', 'A', 'A', 'A', 'A', 'A', 'A', 'A', 'A', 'E', 'A', 'A'] -> A
['A', 'A', 'A', 'A', 'A', 'A', 'A', 'A', 'A', 'A', 'A', 'A', 'A', 'A', 'C', 'A', 'A', 'A', 'A', 'A'] -> A
['A', 'A', 'A', 'A', 'A', 'A', 'A', 'A', 'A', 'A', 'A', 'A', 'A', 'E', 'A', 'A', 'E', 'A', 'A', 'A'] -> A
['A', 'A', 'A', 'A', 'A', 'A', 'A', 'A', 'A', 'A', 'A', 'A', 'B', 'A', 'A', 'A', 'A', 'A', 'A', 'A'] -> A
['A', 'A', 'A', 'A', 'A', 'A', 'A', 'A', 'A', 'A', 'A', 'A', 'B', 'E', 'A', 'A', 'A', 'A', 'A', 'A'] -> A
['A', 'A', 'A', 'A', 'A', 'A', 'A', 'A', 'A', 'A', 'A', 'A', 'E', 'A', 'A', 'A', 'A', 'A', 'A', 'A'] -> A
['A', 'A', 'A', 'A', 'A', 'A', 'A', 'A', 'A', 'A', 'A', 'E', 'A', 'A', 'A', 'A', 'A', 'A', 'A', 'A'] -> A
['A', 'A', 'A', 'A', 'A', 'A', 'A', 'A', 'A', 'A', 'A', 'E', 'A', 'A', 'A', 'A', 'E', 'A', 'A', 'A'] -> A
['A', 'A', 'A', 'A', 'A', 'A', 'A', 'A', 'A', 'A', 'C', 'A', 'C', 'A', 'C', 'C', 'A', 'A', 'A', 'C'] -> A
['A', 'A', 'A', 'A', 'A', 'A', 'A', 'A', 'A', 'B', 'A', 'H', 'A', 'A', 'A', 'B', 'A', 'A', 'C', 'A'] -> A
['A', 'A', 'A', 'A', 'A', 'A', 'A', 'A', 'A', 'E', 'A', 'A', 'A', 'A', 'A', 'A', 'A', 'A', 'A', 'A'] -> A
['A', 'A', 'A', 'A', 'A', 'A', 'A', 'A', 'D', 'A', 'B', 'B', 'A', 'A', 'A', 'A', 'A', 'A', 'A', 'A'] -> A
['A', 'A', 'A', 'A', 'A', 'A', 'A', 'A', 'E', 'A', 'A', 'A', 'A', 'A', 'A', 'A', 'A', 'E', 'B', 'A'] -> A
['A', 'A', 'A', 'A', 'A', 'A', 'A', 'B', 'A', 'A', 'A', 'A', 'A', 'A', 'A', 'A', 'A', 'A', 'A', 'A'] -> A
['A', 'A', 'A', 'A', 'A', 'A', 'A', 'B', 'A', 'A', 'A', 'A', 'A', 'A', 'A', 'B', 'A', 'A', 'A', 'A'] -> A
['A', 'A', 'A', 'A', 'A', 'A', 'A', 'B', 'A', 'A', 'A', 'A', 'A', 'A', 'B', 'A', 'A', 'A', 'A', 'A'] -> A
['A', 'A', 'A', 'A', 'A', 'A', 'A', 'B', 'A', 'A', 'A', 'A', 'E', 'A', 'A', 'A', 'A', 'A', 'A', 'A'] -> A
['A', 'A', 'A', 'A', 'A', 'A', 'E', 'A', 'A', 'A', 'A', 'A', 'A', 'A', 'A', 'A', 'A', 'A', 'A', 'B'] -> A
['A', 'A', 'A', 'A', 'A', 'A', 'E', 'A', 'A', 'A', 'A', 'A', 'A', 'A', 'A', 'A', 'A', 'D', 'A', 'A'] -> A
['A', 'A', 'A', 'A', 'A', 'A', 'E', 'A', 'E', 'E', 'A', 'A', 'A', 'A', 'A', 'B', 'A', 'A', 'A', 'E'] -> A
['A', 'A', 'A', 'A', 'A', 'C', 'A', 'A', 'E', 'B', 'A', 'A', 'A', 'A', 'E', 'A', 'A', 'A', 'A', 'B'] -> A
['A', 'A', 'A', 'A', 'A', 'D', 'A', 'A', 'A', 'A', 'A', 'A', 'A', 'A', 'A', 'A', 'A', 'A', 'A', 'A'] -> A
['A', 'A', 'A', 'A', 'A', 'D', 'A', 'A', 'C', 'B', 'A', 'A', 'A', 'B', 'A', 'A', 'A', 'B', 'A', 'A'] -> A
['A', 'A', 'A', 'B', 'A', 'A', 'A', 'A', 'A', 'A', 'A', 'A', 'A', 'A', 'A', 'A', 'A', 'A', 'A', 'A'] -> A
['A', 'A', 'C', 'A', 'A', 'A', 'A', 'A', 'A', 'A', 'A', 'A', 'A', 'A', 'A', 'A', 'A', 'A', 'A', 'A'] -> A
['A', 'A', 'C', 'A', 'A', 'A', 'A', 'A', 'A', 'A', 'A', 'A', 'A', 'E', 'A', 'A', 'A', 'A', 'A', 'A'] -> A
['A', 'B', 'A', 'A', 'A', 'A', 'A', 'A', 'A', 'A', 'A', 'A', 'A', 'A', 'A', 'A', 'A', 'A', 'A', 'A'] -> A
['A', 'B', 'A', 'A', 'A', 'A', 'A', 'A', 'A', 'A', 'A', 'A', 'A', 'A', 'A', 'A', 'A', 'A', 'A', 'A'] -> A
['A', 'C', 'A', 'A', 'A', 'A', 'A', 'A', 'A', 'A', 'A', 'A', 'A', 'A', 'A', 'A', 'A', 'A', 'A', 'A'] -> A
['A', 'E', 'A', 'A', 'A', 'A', 'A', 'A', 'A', 'A', 'A', 'A', 'A', 'A', 'A', 'A', 'A', 'A', 'A', 'A'] -> A
['A', 'E', 'A', 'A', 'A', 'A', 'A', 'A', 'A', 'A', 'A', 'A', 'A', 'A', 'A', 'A', 'A', 'B', 'A', 'A'] -> A
['B', 'A', 'A', 'A', 'A', 'A', 'A', 'A', 'A', 'A', 'A', 'A', 'A', 'A', 'A', 'A', 'A', 'A', 'A', 'A'] -> A
['E', 'A', 'A', 'A', 'A', 'A', 'A', 'A', 'B', 'A', 'A', 'A', 'A', 'A', 'A', 'A', 'A', 'A', 'A', 'A'] -> A
['E', 'A', 'B', 'A', 'A', 'A', 'A', 'A', 'A', 'A', 'A', 'A', 'D', 'A', 'A', 'A', 'A', 'A', 'A', 'E'] -> A
['A', 'B', 'B', 'B', 'B', 'B', 'B', 'B', 'B', 'B', 'B', 'B', 'B', 'B', 'B', 'B', 'A', 'B', 'B', 'B'] -> B
['B', 'B', 'B', 'B', 'B', 'A', 'H', 'B', 'B', 'B', 'B', 'B', 'B', 'A', 'B', 'B', 'B', 'A', 'B', 'B'] -> B
['B', 'B', 'B', 'B', 'B', 'B', 'A', 'B', 'A', 'A', 'A', 'B', 'B', 'B', 'B', 'B', 'B', 'B', 'A', 'B'] -> B
['B', 'B', 'B', 'B', 'B', 'B', 'A', 'B', 'B', 'B', 'B', 'B', 'B', 'B', 'B', 'B', 'B', 'C', 'B', 'B'] -> B
['B', 'B', 'B', 'B', 'B', 'B', 'B', 'B', 'B', 'B', 'B', 'B', 'B', 'B', 'B', 'B', 'B', 'B', 'B', 'A'] -> B
['B', 'B', 'B', 'B', 'B', 'B', 'B', 'B', 'B', 'B', 'B', 'B', 'B', 'B', 'B', 'B', 'B', 'C', 'B', 'B'] -> B
['B', 'B', 'B', 'B', 'B', 'B', 'B', 'B', 'B', 'B', 'B', 'B', 'B', 'B', 'C', 'B', 'B', 'B', 'B', 'B'] -> B
['B', 'B', 'B', 'B', 'B', 'B', 'B', 'B', 'B', 'B', 'C', 'B', 'C', 'B', 'B', 'A', 'B', 'B', 'B', 'B'] -> B
['B', 'B', 'B', 'B', 'B', 'B', 'B', 'B', 'B', 'C', 'B', 'B', 'B', 'C', 'C', 'C', 'B', 'B', 'B', 'B'] -> B
['B', 'B', 'B', 'B', 'B', 'B', 'B', 'C', 'B', 'B', 'B', 'B', 'B', 'B', 'B', 'B', 'B', 'B', 'B', 'B'] -> B
['B', 'B', 'B', 'B', 'B', 'B', 'B', 'C', 'B', 'B', 'B', 'B', 'B', 'B', 'B', 'B', 'B', 'B', 'B', 'B'] -> B
['B', 'B', 'B', 'B', 'B', 'B', 'C', 'B', 'B', 'B', 'B', 'B', 'B', 'B', 'B', 'B', 'B', 'C', 'B', 'B'] -> B
['B', 'B', 'B', 'B', 'B', 'C', 'B', 'B', 'B', 'B', 'D', 'B', 'B', 'B', 'B', 'B', 'B', 'B', 'B', 'B'] -> B
['B', 'B', 'B', 'B', 'B', 'E', 'B', 'B', 'B', 'B', 'B', 'B', 'B', 'B', 'B', 'B', 'B', 'B', 'B', 'B'] -> B
['B', 'B', 'C', 'B', 'B', 'B', 'B', 'B', 'B', 'B', 'B', 'B', 'B', 'C', 'B', 'B', 'B', 'B', 'B', 'B'] -> B
['B', 'B', 'C', 'B', 'B', 'B', 'B', 'B', 'B', 'B', 'B', 'B', 'B', 'C', 'B', 'B', 'B', 'B', 'C', 'B'] -> B
['B', 'B', 'C', 'B', 'B', 'B', 'B', 'B', 'C', 'B', 'B', 'B', 'B', 'B', 'B', 'B', 'B', 'B', 'B', 'B'] -> B
['B', 'C', 'B', 'B', 'B', 'B', 'B', 'B', 'B', 'B', 'B', 'B', 'B', 'B', 'B', 'B', 'B', 'B', 'B', 'B'] -> B
['B', 'C', 'B', 'B', 'B', 'B', 'B', 'B', 'B', 'B', 'B', 'B', 'B', 'B', 'B', 'B', 'B', 'B', 'B', 'B'] -> B
['B', 'C', 'B', 'B', 'B', 'B', 'B', 'B', 'B', 'B', 'B', 'B', 'B', 'B', 'B', 'C', 'B', 'B', 'B', 'B'] -> B
['B', 'C', 'B', 'C', 'B', 'C', 'B', 'C', 'B', 'B', 'B', 'B', 'B', 'B', 'B', 'C', 'B', 'B', 'B', 'B'] -> B
['B', 'C', 'C', 'B', 'B', 'B', 'B', 'C', 'B', 'B', 'B', 'B', 'B', 'B', 'B', 'C', 'B', 'B', 'B', 'B'] -> B
['C', 'B', 'B', 'B', 'B', 'B', 'B', 'B', 'B', 'B', 'B', 'B', 'B', 'B', 'B', 'B', 'B', 'B', 'B', 'B'] -> B
['C', 'B', 'B', 'B', 'B', 'B', 'B', 'B', 'B', 'B', 'B', 'B', 'B', 'B', 'B', 'B', 'B', 'B', 'B', 'B'] -> B
['C', 'B', 'C', 'B', 'B', 'B', 'B', 'B', 'B', 'B', 'B', 'B', 'B', 'B', 'B', 'B', 'B', 'B', 'B', 'B'] -> B
['E', 'B', 'A', 'B', 'B', 'B', 'B', 'A', 'B', 'B', 'A', 'B', 'B', 'B', 'B', 'B', 'B', 'B', 'B', 'B'] -> B
['E', 'B', 'B', 'B', 'B', 'B', 'B', 'B', 'B', 'B', 'E', 'B', 'B', 'B', 'B', 'B', 'B', 'B', 'B', 'B'] -> B
['C', 'B', 'C', 'B', 'C', 'C', 'C', 'C', 'C', 'C', 'C', 'C', 'H', 'C', 'C', 'C', 'C', 'C', 'C', 'C'] -> C
['C', 'B', 'C', 'C', 'C', 'B', 'C', 'C', 'C', 'C', 'C', 'C', 'C', 'C', 'C', 'C', 'C', 'C', 'B', 'C'] -> C
['C', 'C', 'B', 'C', 'C', 'C', 'B', 'C', 'C', 'C', 'C', 'C', 'C', 'C', 'C', 'C', 'C', 'C', 'C', 'C'] -> C
['C', 'C', 'C', 'C', 'C', 'C', 'A', 'C', 'B', 'C', 'A', 'A', 'C', 'C', 'C', 'C', 'C', 'C', 'A', 'C'] -> C
['C', 'C', 'C', 'C', 'C', 'C', 'B', 'B', 'B', 'C', 'C', 'C', 'C', 'C', 'E', 'C', 'C', 'C', 'C', 'C'] -> C
['C', 'C', 'C', 'C', 'C', 'C', 'B', 'C', 'B', 'C', 'C', 'C', 'C', 'C', 'C', 'A', 'C', 'C', 'C', 'C'] -> C
['C', 'C', 'C', 'C', 'C', 'C', 'C', 'B', 'C', 'C', 'C', 'C', 'C', 'C', 'C', 'C', 'C', 'C', 'C', 'C'] -> C
['C', 'C', 'C', 'C', 'C', 'C', 'C', 'B', 'C', 'C', 'C', 'C', 'C', 'C', 'C', 'C', 'C', 'C', 'C', 'C'] -> C
['C', 'C', 'C', 'C', 'C', 'C', 'C', 'C', 'B', 'C', 'C', 'C', 'H', 'C', 'C', 'C', 'C', 'C', 'C', 'C'] -> C
['C', 'C', 'C', 'C', 'C', 'C', 'C', 'C', 'C', 'C', 'C', 'C', 'C', 'C', 'E', 'C', 'C', 'C', 'C', 'C'] -> C
['C', 'C', 'C', 'C', 'C', 'D', 'A', 'C', 'C', 'C', 'C', 'C', 'C', 'A', 'C', 'A', 'C', 'C', 'C', 'C'] -> C
['C', 'C', 'E', 'C', 'C', 'H', 'C', 'C', 'C', 'C', 'C', 'C', 'C', 'C', 'C', 'C', 'C', 'C', 'C', 'C'] -> C
['D', 'D', 'A', 'A', 'A', 'D', 'D', 'D', 'D', 'D', 'D', 'H', 'D', 'D', 'D', 'D', 'D', 'D', 'E', 'D'] -> D
['D', 'D', 'D', 'D', 'D', 'D', 'D', 'D', 'D', 'E', 'D', 'D', 'D', 'D', 'D', 'D', 'D', 'D', 'D', 'D'] -> D
['D', 'D', 'D', 'D', 'D', 'D', 'D', 'D', 'D', 'E', 'D', 'D', 'D', 'D', 'D', 'D', 'E', 'D', 'D', 'D'] -> D
['D', 'D', 'D', 'D', 'D', 'D', 'D', 'G', 'D', 'D', 'D', 'D', 'F', 'D', 'D', 'D', 'D', 'D', 'D', 'D'] -> D
['D', 'D', 'D', 'D', 'D', 'E', 'D', 'E', 'D', 'D', 'E', 'D', 'D', 'E', 'D', 'E', 'D', 'D', 'D', 'D'] -> D
['D', 'D', 'D', 'D', 'E', 'D', 'D', 'D', 'D', 'D', 'D', 'D', 'D', 'B', 'D', 'D', 'D', 'D', 'D', 'D'] -> D
['D', 'D', 'D', 'D', 'E', 'D', 'D', 'D', 'D', 'D', 'D', 'D', 'D', 'D', 'D', 'D', 'D', 'D', 'D', 'D'] -> D
['D', 'D', 'D', 'D', 'G', 'D', 'D', 'D', 'D', 'D', 'D', 'E', 'D', 'D', 'D', 'D', 'D', 'D', 'D', 'E'] -> D
['D', 'D', 'D', 'E', 'D', 'D', 'D', 'D', 'D', 'D', 'E', 'D', 'E', 'D', 'D', 'D', 'D', 'D', 'D', 'D'] -> D
['D', 'D', 'D', 'E', 'D', 'D', 'D', 'D', 'E', 'D', 'D', 'D', 'D', 'D', 'D', 'D', 'D', 'D', 'D', 'D'] -> D
['D', 'D', 'D', 'E', 'D', 'D', 'D', 'D', 'E', 'D', 'D', 'D', 'D', 'D', 'D', 'D', 'D', 'D', 'D', 'D'] -> D
['D', 'D', 'D', 'E', 'E', 'D', 'D', 'D', 'D', 'D', 'E', 'D', 'D', 'D', 'D', 'E', 'D', 'D', 'D', 'E'] -> D
['D', 'D', 'D', 'F', 'D', 'D', 'D', 'D', 'D', 'D', 'E', 'D', 'E', 'D', 'D', 'D', 'D', 'D', 'D', 'D'] -> D
['D', 'D', 'E', 'D', 'D', 'D', 'D', 'D', 'D', 'D', 'D', 'D', 'D', 'D', 'D', 'D', 'D', 'D', 'D', 'D'] -> D
['D', 'D', 'E', 'D', 'D', 'D', 'D', 'E', 'E', 'D', 'D', 'D', 'E', 'D', 'D', 'D', 'D', 'E', 'D', 'D'] -> D
['D', 'E', 'D', 'D', 'D', 'D', 'D', 'D', 'D', 'D', 'E', 'D', 'D', 'D', 'D', 'D', 'D', 'D', 'D', 'D'] -> D
['D', 'E', 'D', 'D', 'D', 'D', 'D', 'D', 'D', 'D', 'E', 'D', 'E', 'D', 'D', 'D', 'E', 'E', 'D', 'D'] -> D
['D', 'E', 'D', 'D', 'D', 'D', 'D', 'G', 'D', 'D', 'D', 'E', 'D', 'D', 'D', 'D', 'D', 'D', 'D', 'D'] -> D
['D', 'E', 'E', 'D', 'D', 'D', 'D', 'D', 'D', 'D', 'D', 'D', 'D', 'D', 'D', 'D', 'D', 'D', 'D', 'D'] -> D
['D', 'E', 'E', 'D', 'E', 'E', 'D', 'D', 'D', 'E', 'D', 'D', 'D', 'D', 'D', 'D', 'D', 'D', 'D', 'D'] -> D
['D', 'F', 'E', 'D', 'E', 'D', 'D', 'D', 'D', 'D', 'D', 'D', 'D', 'D', 'D', 'B', 'D', 'D', 'D', 'D'] -> D
['E', 'D', 'D', 'D', 'D', 'D', 'D', 'D', 'D', 'E', 'E', 'E', 'D', 'D', 'D', 'D', 'E', 'D', 'D', 'D'] -> D
['E', 'D', 'D', 'D', 'E', 'D', 'D', 'D', 'D', 'D', 'D', 'D', 'D', 'D', 'D', 'D', 'E', 'D', 'E', 'D'] -> D
['G', 'D', 'D', 'D', 'E', 'D', 'D', 'D', 'D', 'D', 'D', 'D', 'D', 'D', 'D', 'D', 'D', 'D', 'D', 'D'] -> D
['B', 'B', 'E', 'E', 'E', 'E', 'E', 'E', 'E', 'E', 'E', 'E', 'E', 'E', 'E', 'E', 'A', 'E', 'A', 'E'] -> E
['D', 'E', 'E', 'E', 'E', 'D', 'E', 'D', 'E', 'E', 'E', 'E', 'E', 'E', 'E', 'E', 'E', 'E', 'E', 'E'] -> E
['D', 'E', 'E', 'E', 'E', 'E', 'E', 'E', 'E', 'E', 'D', 'D', 'D', 'D', 'E', 'E', 'E', 'E', 'E', 'E'] -> E
['D', 'E', 'E', 'E', 'E', 'E', 'E', 'E', 'E', 'E', 'E', 'E', 'E', 'E', 'E', 'E', 'E', 'E', 'E', 'E'] -> E
['E', 'A', 'E', 'E', 'E', 'E', 'E', 'E', 'E', 'E', 'E', 'E', 'E', 'D', 'E', 'E', 'E', 'E', 'E', 'E'] -> E
['E', 'A', 'E', 'E', 'E', 'E', 'E', 'E', 'E', 'E', 'E', 'E', 'E', 'E', 'E', 'E', 'E', 'E', 'E', 'E'] -> E
['E', 'A', 'E', 'E', 'E', 'E', 'E', 'E', 'E', 'E', 'E', 'E', 'E', 'E', 'E', 'E', 'E', 'E', 'E', 'E'] -> E
['E', 'A', 'E', 'E', 'E', 'E', 'E', 'E', 'E', 'E', 'E', 'E', 'E', 'E', 'E', 'E', 'E', 'E', 'E', 'E'] -> E
['E', 'B', 'E', 'D', 'E', 'E', 'E', 'E', 'E', 'E', 'E', 'E', 'E', 'E', 'E', 'E', 'D', 'E', 'E', 'D'] -> E
['E', 'D', 'E', 'E', 'E', 'E', 'E', 'E', 'E', 'E', 'E', 'E', 'E', 'E', 'E', 'E', 'E', 'E', 'E', 'E'] -> E
['E', 'D', 'E', 'E', 'E', 'E', 'E', 'E', 'E', 'E', 'E', 'E', 'E', 'E', 'E', 'E', 'E', 'E', 'E', 'E'] -> E
['E', 'E', 'E', 'C', 'E', 'E', 'E', 'B', 'E', 'E', 'E', 'E', 'D', 'E', 'E', 'B', 'E', 'E', 'B', 'E'] -> E
['E', 'E', 'E', 'D', 'E', 'E', 'E', 'E', 'D', 'E', 'E', 'E', 'D', 'E', 'E', 'E', 'E', 'E', 'E', 'E'] -> E
['E', 'E', 'E', 'D', 'E', 'E', 'E', 'E', 'E', 'E', 'E', 'E', 'E', 'E', 'E', 'E', 'E', 'E', 'E', 'E'] -> E
['E', 'E', 'E', 'E', 'E', 'D', 'E', 'E', 'E', 'E', 'E', 'E', 'E', 'E', 'E', 'E', 'E', 'E', 'E', 'E'] -> E
['E', 'E', 'E', 'E', 'E', 'E', 'B', 'E', 'E', 'E', 'E', 'E', 'E', 'E', 'E', 'D', 'E', 'D', 'E', 'E'] -> E
['E', 'E', 'E', 'E', 'E', 'E', 'B', 'E', 'E', 'E', 'E', 'E', 'E', 'E', 'E', 'E', 'E', 'D', 'E', 'E'] -> E
['E', 'E', 'E', 'E', 'E', 'E', 'B', 'E', 'E', 'E', 'E', 'E', 'E', 'E', 'E', 'E', 'E', 'E', 'E', 'E'] -> E
['E', 'E', 'E', 'E', 'E', 'E', 'C', 'E', 'E', 'E', 'E', 'E', 'E', 'B', 'E', 'E', 'E', 'E', 'E', 'E'] -> E
['E', 'E', 'E', 'E', 'E', 'E', 'D', 'B', 'E', 'E', 'E', 'E', 'E', 'D', 'E', 'E', 'E', 'D', 'D', 'E'] -> E
['E', 'E', 'E', 'E', 'E', 'E', 'E', 'B', 'E', 'E', 'E', 'E', 'E', 'E', 'E', 'E', 'E', 'E', 'E', 'A'] -> E
['E', 'E', 'E', 'E', 'E', 'E', 'E', 'D', 'E', 'E', 'D', 'E', 'E', 'E', 'D', 'E', 'E', 'E', 'E', 'E'] -> E
['E', 'E', 'E', 'E', 'E', 'E', 'E', 'D', 'E', 'E', 'E', 'E', 'E', 'E', 'E', 'E', 'E', 'E', 'E', 'D'] -> E
['E', 'E', 'E', 'E', 'E', 'E', 'E', 'E', 'D', 'E', 'E', 'D', 'E', 'D', 'E', 'D', 'E', 'D', 'E', 'E'] -> E
['E', 'E', 'E', 'E', 'E', 'E', 'E', 'E', 'D', 'E', 'E', 'E', 'D', 'D', 'E', 'D', 'E', 'E', 'E', 'D'] -> E
['E', 'E', 'E', 'E', 'E', 'E', 'E', 'E', 'E', 'D', 'E', 'A', 'B', 'D', 'E', 'E', 'E', 'C', 'E', 'E'] -> E
['E', 'E', 'E', 'E', 'E', 'E', 'E', 'E', 'E', 'E', 'E', 'A', 'E', 'A', 'E', 'D', 'B', 'E', 'E', 'A'] -> E
['E', 'E', 'E', 'E', 'E', 'E', 'E', 'E', 'E', 'E', 'E', 'E', 'E', 'A', 'E', 'E', 'B', 'E', 'E', 'A'] -> E
['E', 'E', 'E', 'E', 'E', 'E', 'E', 'E', 'E', 'E', 'E', 'E', 'E', 'B', 'C', 'E', 'E', 'E', 'E', 'E'] -> E
['E', 'E', 'E', 'E', 'E', 'E', 'E', 'E', 'E', 'E', 'E', 'E', 'E', 'E', 'A', 'E', 'E', 'E', 'E', 'E'] -> E
['E', 'E', 'E', 'E', 'E', 'E', 'E', 'E', 'E', 'E', 'E', 'E', 'E', 'E', 'D', 'E', 'E', 'E', 'E', 'D'] -> E
['E', 'E', 'E', 'E', 'E', 'E', 'E', 'E', 'E', 'E', 'E', 'E', 'E', 'E', 'E', 'B', 'E', 'E', 'E', 'E'] -> E
['E', 'E', 'E', 'E', 'E', 'E', 'E', 'E', 'E', 'E', 'E', 'E', 'E', 'E', 'E', 'D', 'E', 'E', 'E', 'E'] -> E
['E', 'E', 'E', 'E', 'E', 'E', 'E', 'E', 'E', 'E', 'E', 'E', 'E', 'E', 'E', 'E', 'B', 'E', 'E', 'E'] -> E
['E', 'E', 'E', 'E', 'E', 'E', 'E', 'E', 'E', 'E', 'E', 'E', 'E', 'E', 'E', 'E', 'E', 'E', 'D', 'D'] -> E
['E', 'E', 'E', 'E', 'E', 'E', 'E', 'E', 'E', 'E', 'E', 'E', 'E', 'E', 'E', 'E', 'E', 'E', 'D', 'E'] -> E
['E', 'E', 'E', 'E', 'E', 'E', 'E', 'E', 'E', 'E', 'E', 'E', 'E', 'E', 'E', 'E', 'E', 'E', 'E', 'D'] -> E
['E', 'E', 'E', 'E', 'E', 'E', 'E', 'E', 'E', 'E', 'E', 'E', 'E', 'E', 'E', 'E', 'E', 'E', 'E', 'D'] -> E
['E', 'E', 'E', 'E', 'E', 'E', 'E', 'E', 'E', 'E', 'E', 'E', 'E', 'E', 'E', 'E', 'E', 'E', 'E', 'D'] -> E
['E', 'E', 'E', 'E', 'E', 'E', 'E', 'E', 'E', 'E', 'E', 'E', 'E', 'E', 'E', 'E', 'E', 'E', 'E', 'D'] -> E
['E', 'E', 'F', 'E', 'E', 'E', 'E', 'D', 'E', 'E', 'E', 'E', 'E', 'D', 'B', 'E', 'E', 'E', 'E', 'E'] -> E
['G', 'G', 'H', 'G', 'G', 'G', 'G', 'G', 'G', 'D', 'G', 'G', 'G', 'G', 'G', 'E', 'E', 'G', 'E', 'G'] -> G
['B', 'H', 'H', 'H', 'H', 'H', 'H', 'G', 'H', 'H', 'G', 'H', 'B', 'A', 'H', 'H', 'H', 'H', 'H', 'H'] -> H
['E', 'H', 'A', 'H', 'H', 'H', 'H', 'H', 'C', 'H', 'H', 'H', 'B', 'A', 'H', 'H', 'H', 'H', 'H', 'H'] -> H
['H', 'H', 'H', 'H', 'H', 'H', 'H', 'H', 'H', 'H', 'C', 'C', 'H', 'B', 'H', 'C', 'C', 'H', 'H', 'H'] -> H

No different (0) (x126)
['A', 'A', 'A', 'A', 'A', 'A', 'A', 'A', 'A', 'A', 'A', 'A', 'A', 'A', 'A', 'A', 'A', 'A', 'A', 'A'] -> A
['A', 'A', 'A', 'A', 'A', 'A', 'A', 'A', 'A', 'A', 'A', 'A', 'A', 'A', 'A', 'A', 'A', 'A', 'A', 'A'] -> A
['A', 'A', 'A', 'A', 'A', 'A', 'A', 'A', 'A', 'A', 'A', 'A', 'A', 'A', 'A', 'A', 'A', 'A', 'A', 'A'] -> A
['A', 'A', 'A', 'A', 'A', 'A', 'A', 'A', 'A', 'A', 'A', 'A', 'A', 'A', 'A', 'A', 'A', 'A', 'A', 'A'] -> A
['A', 'A', 'A', 'A', 'A', 'A', 'A', 'A', 'A', 'A', 'A', 'A', 'A', 'A', 'A', 'A', 'A', 'A', 'A', 'A'] -> A
['A', 'A', 'A', 'A', 'A', 'A', 'A', 'A', 'A', 'A', 'A', 'A', 'A', 'A', 'A', 'A', 'A', 'A', 'A', 'A'] -> A
['A', 'A', 'A', 'A', 'A', 'A', 'A', 'A', 'A', 'A', 'A', 'A', 'A', 'A', 'A', 'A', 'A', 'A', 'A', 'A'] -> A
['A', 'A', 'A', 'A', 'A', 'A', 'A', 'A', 'A', 'A', 'A', 'A', 'A', 'A', 'A', 'A', 'A', 'A', 'A', 'A'] -> A
['A', 'A', 'A', 'A', 'A', 'A', 'A', 'A', 'A', 'A', 'A', 'A', 'A', 'A', 'A', 'A', 'A', 'A', 'A', 'A'] -> A
['A', 'A', 'A', 'A', 'A', 'A', 'A', 'A', 'A', 'A', 'A', 'A', 'A', 'A', 'A', 'A', 'A', 'A', 'A', 'A'] -> A
['A', 'A', 'A', 'A', 'A', 'A', 'A', 'A', 'A', 'A', 'A', 'A', 'A', 'A', 'A', 'A', 'A', 'A', 'A', 'A'] -> A
['A', 'A', 'A', 'A', 'A', 'A', 'A', 'A', 'A', 'A', 'A', 'A', 'A', 'A', 'A', 'A', 'A', 'A', 'A', 'A'] -> A
['A', 'A', 'A', 'A', 'A', 'A', 'A', 'A', 'A', 'A', 'A', 'A', 'A', 'A', 'A', 'A', 'A', 'A', 'A', 'A'] -> A
['A', 'A', 'A', 'A', 'A', 'A', 'A', 'A', 'A', 'A', 'A', 'A', 'A', 'A', 'A', 'A', 'A', 'A', 'A', 'A'] -> A
['A', 'A', 'A', 'A', 'A', 'A', 'A', 'A', 'A', 'A', 'A', 'A', 'A', 'A', 'A', 'A', 'A', 'A', 'A', 'A'] -> A
['A', 'A', 'A', 'A', 'A', 'A', 'A', 'A', 'A', 'A', 'A', 'A', 'A', 'A', 'A', 'A', 'A', 'A', 'A', 'A'] -> A
['A', 'A', 'A', 'A', 'A', 'A', 'A', 'A', 'A', 'A', 'A', 'A', 'A', 'A', 'A', 'A', 'A', 'A', 'A', 'A'] -> A
['A', 'A', 'A', 'A', 'A', 'A', 'A', 'A', 'A', 'A', 'A', 'A', 'A', 'A', 'A', 'A', 'A', 'A', 'A', 'A'] -> A
['A', 'A', 'A', 'A', 'A', 'A', 'A', 'A', 'A', 'A', 'A', 'A', 'A', 'A', 'A', 'A', 'A', 'A', 'A', 'A'] -> A
['A', 'A', 'A', 'A', 'A', 'A', 'A', 'A', 'A', 'A', 'A', 'A', 'A', 'A', 'A', 'A', 'A', 'A', 'A', 'A'] -> A
['A', 'A', 'A', 'A', 'A', 'A', 'A', 'A', 'A', 'A', 'A', 'A', 'A', 'A', 'A', 'A', 'A', 'A', 'A', 'A'] -> A
['A', 'A', 'A', 'A', 'A', 'A', 'A', 'A', 'A', 'A', 'A', 'A', 'A', 'A', 'A', 'A', 'A', 'A', 'A', 'A'] -> A
['A', 'A', 'A', 'A', 'A', 'A', 'A', 'A', 'A', 'A', 'A', 'A', 'A', 'A', 'A', 'A', 'A', 'A', 'A', 'A'] -> A
['A', 'A', 'A', 'A', 'A', 'A', 'A', 'A', 'A', 'A', 'A', 'A', 'A', 'A', 'A', 'A', 'A', 'A', 'A', 'A'] -> A
['A', 'A', 'A', 'A', 'A', 'A', 'A', 'A', 'A', 'A', 'A', 'A', 'A', 'A', 'A', 'A', 'A', 'A', 'A', 'A'] -> A
['A', 'A', 'A', 'A', 'A', 'A', 'A', 'A', 'A', 'A', 'A', 'A', 'A', 'A', 'A', 'A', 'A', 'A', 'A', 'A'] -> A
['A', 'A', 'A', 'A', 'A', 'A', 'A', 'A', 'A', 'A', 'A', 'A', 'A', 'A', 'A', 'A', 'A', 'A', 'A', 'A'] -> A
['A', 'A', 'A', 'A', 'A', 'A', 'A', 'A', 'A', 'A', 'A', 'A', 'A', 'A', 'A', 'A', 'A', 'A', 'A', 'A'] -> A
['A', 'A', 'A', 'A', 'A', 'A', 'A', 'A', 'A', 'A', 'A', 'A', 'A', 'A', 'A', 'A', 'A', 'A', 'A', 'A'] -> A
['A', 'A', 'A', 'A', 'A', 'A', 'A', 'A', 'A', 'A', 'A', 'A', 'A', 'A', 'A', 'A', 'A', 'A', 'A', 'A'] -> A
['A', 'A', 'A', 'A', 'A', 'A', 'A', 'A', 'A', 'A', 'A', 'A', 'A', 'A', 'A', 'A', 'A', 'A', 'A', 'A'] -> A
['A', 'A', 'A', 'A', 'A', 'A', 'A', 'A', 'A', 'A', 'A', 'A', 'A', 'A', 'A', 'A', 'A', 'A', 'A', 'A'] -> A
['A', 'A', 'A', 'A', 'A', 'A', 'A', 'A', 'A', 'A', 'A', 'A', 'A', 'A', 'A', 'A', 'A', 'A', 'A', 'A'] -> A
['A', 'A', 'A', 'A', 'A', 'A', 'A', 'A', 'A', 'A', 'A', 'A', 'A', 'A', 'A', 'A', 'A', 'A', 'A', 'A'] -> A
['A', 'A', 'A', 'A', 'A', 'A', 'A', 'A', 'A', 'A', 'A', 'A', 'A', 'A', 'A', 'A', 'A', 'A', 'A', 'A'] -> A
['A', 'A', 'A', 'A', 'A', 'A', 'A', 'A', 'A', 'A', 'A', 'A', 'A', 'A', 'A', 'A', 'A', 'A', 'A', 'A'] -> A
['A', 'A', 'A', 'A', 'A', 'A', 'A', 'A', 'A', 'A', 'A', 'A', 'A', 'A', 'A', 'A', 'A', 'A', 'A', 'A'] -> A
['A', 'A', 'A', 'A', 'A', 'A', 'A', 'A', 'A', 'A', 'A', 'A', 'A', 'A', 'A', 'A', 'A', 'A', 'A', 'A'] -> A
['A', 'A', 'A', 'A', 'A', 'A', 'A', 'A', 'A', 'A', 'A', 'A', 'A', 'A', 'A', 'A', 'A', 'A', 'A', 'A'] -> A
['A', 'A', 'A', 'A', 'A', 'A', 'A', 'A', 'A', 'A', 'A', 'A', 'A', 'A', 'A', 'A', 'A', 'A', 'A', 'A'] -> A
['A', 'A', 'A', 'A', 'A', 'A', 'A', 'A', 'A', 'A', 'A', 'A', 'A', 'A', 'A', 'A', 'A', 'A', 'A', 'A'] -> A
['A', 'A', 'A', 'A', 'A', 'A', 'A', 'A', 'A', 'A', 'A', 'A', 'A', 'A', 'A', 'A', 'A', 'A', 'A', 'A'] -> A
['A', 'A', 'A', 'A', 'A', 'A', 'A', 'A', 'A', 'A', 'A', 'A', 'A', 'A', 'A', 'A', 'A', 'A', 'A', 'A'] -> A
['A', 'A', 'A', 'A', 'A', 'A', 'A', 'A', 'A', 'A', 'A', 'A', 'A', 'A', 'A', 'A', 'A', 'A', 'A', 'A'] -> A
['A', 'A', 'A', 'A', 'A', 'A', 'A', 'A', 'A', 'A', 'A', 'A', 'A', 'A', 'A', 'A', 'A', 'A', 'A', 'A'] -> A
['A', 'A', 'A', 'A', 'A', 'A', 'A', 'A', 'A', 'A', 'A', 'A', 'A', 'A', 'A', 'A', 'A', 'A', 'A', 'A'] -> A
['A', 'A', 'A', 'A', 'A', 'A', 'A', 'A', 'A', 'A', 'A', 'A', 'A', 'A', 'A', 'A', 'A', 'A', 'A', 'A'] -> A
['A', 'A', 'A', 'A', 'A', 'A', 'A', 'A', 'A', 'A', 'A', 'A', 'A', 'A', 'A', 'A', 'A', 'A', 'A', 'A'] -> A
['A', 'A', 'A', 'A', 'A', 'A', 'A', 'A', 'A', 'A', 'A', 'A', 'A', 'A', 'A', 'A', 'A', 'A', 'A', 'A'] -> A
['A', 'A', 'A', 'A', 'A', 'A', 'A', 'A', 'A', 'A', 'A', 'A', 'A', 'A', 'A', 'A', 'A', 'A', 'A', 'A'] -> A
['A', 'A', 'A', 'A', 'A', 'A', 'A', 'A', 'A', 'A', 'A', 'A', 'A', 'A', 'A', 'A', 'A', 'A', 'A', 'A'] -> A
['A', 'A', 'A', 'A', 'A', 'A', 'A', 'A', 'A', 'A', 'A', 'A', 'A', 'A', 'A', 'A', 'A', 'A', 'A', 'A'] -> A
['A', 'A', 'A', 'A', 'A', 'A', 'A', 'A', 'A', 'A', 'A', 'A', 'A', 'A', 'A', 'A', 'A', 'A', 'A', 'A'] -> A
['A', 'A', 'A', 'A', 'A', 'A', 'A', 'A', 'A', 'A', 'A', 'A', 'A', 'A', 'A', 'A', 'A', 'A', 'A', 'A'] -> A
['A', 'A', 'A', 'A', 'A', 'A', 'A', 'A', 'A', 'A', 'A', 'A', 'A', 'A', 'A', 'A', 'A', 'A', 'A', 'A'] -> A
['A', 'A', 'A', 'A', 'A', 'A', 'A', 'A', 'A', 'A', 'A', 'A', 'A', 'A', 'A', 'A', 'A', 'A', 'A', 'A'] -> A
['A', 'A', 'A', 'A', 'A', 'A', 'A', 'A', 'A', 'A', 'A', 'A', 'A', 'A', 'A', 'A', 'A', 'A', 'A', 'A'] -> A
['A', 'A', 'A', 'A', 'A', 'A', 'A', 'A', 'A', 'A', 'A', 'A', 'A', 'A', 'A', 'A', 'A', 'A', 'A', 'A'] -> A
['A', 'A', 'A', 'A', 'A', 'A', 'A', 'A', 'A', 'A', 'A', 'A', 'A', 'A', 'A', 'A', 'A', 'A', 'A', 'A'] -> A
['A', 'A', 'A', 'A', 'A', 'A', 'A', 'A', 'A', 'A', 'A', 'A', 'A', 'A', 'A', 'A', 'A', 'A', 'A', 'A'] -> A
['A', 'A', 'A', 'A', 'A', 'A', 'A', 'A', 'A', 'A', 'A', 'A', 'A', 'A', 'A', 'A', 'A', 'A', 'A', 'A'] -> A
['A', 'A', 'A', 'A', 'A', 'A', 'A', 'A', 'A', 'A', 'A', 'A', 'A', 'A', 'A', 'A', 'A', 'A', 'A', 'A'] -> A
['A', 'A', 'A', 'A', 'A', 'A', 'A', 'A', 'A', 'A', 'A', 'A', 'A', 'A', 'A', 'A', 'A', 'A', 'A', 'A'] -> A
['A', 'A', 'A', 'A', 'A', 'A', 'A', 'A', 'A', 'A', 'A', 'A', 'A', 'A', 'A', 'A', 'A', 'A', 'A', 'A'] -> A
['A', 'A', 'A', 'A', 'A', 'A', 'A', 'A', 'A', 'A', 'A', 'A', 'A', 'A', 'A', 'A', 'A', 'A', 'A', 'A'] -> A
['A', 'A', 'A', 'A', 'A', 'A', 'A', 'A', 'A', 'A', 'A', 'A', 'A', 'A', 'A', 'A', 'A', 'A', 'A', 'A'] -> A
['A', 'A', 'A', 'A', 'A', 'A', 'A', 'A', 'A', 'A', 'A', 'A', 'A', 'A', 'A', 'A', 'A', 'A', 'A', 'A'] -> A
['A', 'A', 'A', 'A', 'A', 'A', 'A', 'A', 'A', 'A', 'A', 'A', 'A', 'A', 'A', 'A', 'A', 'A', 'A', 'A'] -> A
['A', 'A', 'A', 'A', 'A', 'A', 'A', 'A', 'A', 'A', 'A', 'A', 'A', 'A', 'A', 'A', 'A', 'A', 'A', 'A'] -> A
['A', 'A', 'A', 'A', 'A', 'A', 'A', 'A', 'A', 'A', 'A', 'A', 'A', 'A', 'A', 'A', 'A', 'A', 'A', 'A'] -> A
['A', 'A', 'A', 'A', 'A', 'A', 'A', 'A', 'A', 'A', 'A', 'A', 'A', 'A', 'A', 'A', 'A', 'A', 'A', 'A'] -> A
['A', 'A', 'A', 'A', 'A', 'A', 'A', 'A', 'A', 'A', 'A', 'A', 'A', 'A', 'A', 'A', 'A', 'A', 'A', 'A'] -> A
['A', 'A', 'A', 'A', 'A', 'A', 'A', 'A', 'A', 'A', 'A', 'A', 'A', 'A', 'A', 'A', 'A', 'A', 'A', 'A'] -> A
['A', 'A', 'A', 'A', 'A', 'A', 'A', 'A', 'A', 'A', 'A', 'A', 'A', 'A', 'A', 'A', 'A', 'A', 'A', 'A'] -> A
['A', 'A', 'A', 'A', 'A', 'A', 'A', 'A', 'A', 'A', 'A', 'A', 'A', 'A', 'A', 'A', 'A', 'A', 'A', 'A'] -> A
['A', 'A', 'A', 'A', 'A', 'A', 'A', 'A', 'A', 'A', 'A', 'A', 'A', 'A', 'A', 'A', 'A', 'A', 'A', 'A'] -> A
['A', 'A', 'A', 'A', 'A', 'A', 'A', 'A', 'A', 'A', 'A', 'A', 'A', 'A', 'A', 'A', 'A', 'A', 'A', 'A'] -> A
['A', 'A', 'A', 'A', 'A', 'A', 'A', 'A', 'A', 'A', 'A', 'A', 'A', 'A', 'A', 'A', 'A', 'A', 'A', 'A'] -> A
['A', 'A', 'A', 'A', 'A', 'A', 'A', 'A', 'A', 'A', 'A', 'A', 'A', 'A', 'A', 'A', 'A', 'A', 'A', 'A'] -> A
['A', 'A', 'A', 'A', 'A', 'A', 'A', 'A', 'A', 'A', 'A', 'A', 'A', 'A', 'A', 'A', 'A', 'A', 'A', 'A'] -> A
['A', 'A', 'A', 'A', 'A', 'A', 'A', 'A', 'A', 'A', 'A', 'A', 'A', 'A', 'A', 'A', 'A', 'A', 'A', 'A'] -> A
['A', 'A', 'A', 'A', 'A', 'A', 'A', 'A', 'A', 'A', 'A', 'A', 'A', 'A', 'A', 'A', 'A', 'A', 'A', 'A'] -> A
['A', 'A', 'A', 'A', 'A', 'A', 'A', 'A', 'A', 'A', 'A', 'A', 'A', 'A', 'A', 'A', 'A', 'A', 'A', 'A'] -> A
['A', 'A', 'A', 'A', 'A', 'A', 'A', 'A', 'A', 'A', 'A', 'A', 'A', 'A', 'A', 'A', 'A', 'A', 'A', 'A'] -> A
['A', 'A', 'A', 'A', 'A', 'A', 'A', 'A', 'A', 'A', 'A', 'A', 'A', 'A', 'A', 'A', 'A', 'A', 'A', 'A'] -> A
['A', 'A', 'A', 'A', 'A', 'A', 'A', 'A', 'A', 'A', 'A', 'A', 'A', 'A', 'A', 'A', 'A', 'A', 'A', 'A'] -> A
['A', 'A', 'A', 'A', 'A', 'A', 'A', 'A', 'A', 'A', 'A', 'A', 'A', 'A', 'A', 'A', 'A', 'A', 'A', 'A'] -> A
['A', 'A', 'A', 'A', 'A', 'A', 'A', 'A', 'A', 'A', 'A', 'A', 'A', 'A', 'A', 'A', 'A', 'A', 'A', 'A'] -> A
['B', 'B', 'B', 'B', 'B', 'B', 'B', 'B', 'B', 'B', 'B', 'B', 'B', 'B', 'B', 'B', 'B', 'B', 'B', 'B'] -> B
['B', 'B', 'B', 'B', 'B', 'B', 'B', 'B', 'B', 'B', 'B', 'B', 'B', 'B', 'B', 'B', 'B', 'B', 'B', 'B'] -> B
['B', 'B', 'B', 'B', 'B', 'B', 'B', 'B', 'B', 'B', 'B', 'B', 'B', 'B', 'B', 'B', 'B', 'B', 'B', 'B'] -> B
['B', 'B', 'B', 'B', 'B', 'B', 'B', 'B', 'B', 'B', 'B', 'B', 'B', 'B', 'B', 'B', 'B', 'B', 'B', 'B'] -> B
['B', 'B', 'B', 'B', 'B', 'B', 'B', 'B', 'B', 'B', 'B', 'B', 'B', 'B', 'B', 'B', 'B', 'B', 'B', 'B'] -> B
['B', 'B', 'B', 'B', 'B', 'B', 'B', 'B', 'B', 'B', 'B', 'B', 'B', 'B', 'B', 'B', 'B', 'B', 'B', 'B'] -> B
['B', 'B', 'B', 'B', 'B', 'B', 'B', 'B', 'B', 'B', 'B', 'B', 'B', 'B', 'B', 'B', 'B', 'B', 'B', 'B'] -> B
['B', 'B', 'B', 'B', 'B', 'B', 'B', 'B', 'B', 'B', 'B', 'B', 'B', 'B', 'B', 'B', 'B', 'B', 'B', 'B'] -> B
['B', 'B', 'B', 'B', 'B', 'B', 'B', 'B', 'B', 'B', 'B', 'B', 'B', 'B', 'B', 'B', 'B', 'B', 'B', 'B'] -> B
['B', 'B', 'B', 'B', 'B', 'B', 'B', 'B', 'B', 'B', 'B', 'B', 'B', 'B', 'B', 'B', 'B', 'B', 'B', 'B'] -> B
['B', 'B', 'B', 'B', 'B', 'B', 'B', 'B', 'B', 'B', 'B', 'B', 'B', 'B', 'B', 'B', 'B', 'B', 'B', 'B'] -> B
['B', 'B', 'B', 'B', 'B', 'B', 'B', 'B', 'B', 'B', 'B', 'B', 'B', 'B', 'B', 'B', 'B', 'B', 'B', 'B'] -> B
['B', 'B', 'B', 'B', 'B', 'B', 'B', 'B', 'B', 'B', 'B', 'B', 'B', 'B', 'B', 'B', 'B', 'B', 'B', 'B'] -> B
['B', 'B', 'B', 'B', 'B', 'B', 'B', 'B', 'B', 'B', 'B', 'B', 'B', 'B', 'B', 'B', 'B', 'B', 'B', 'B'] -> B
['B', 'B', 'B', 'B', 'B', 'B', 'B', 'B', 'B', 'B', 'B', 'B', 'B', 'B', 'B', 'B', 'B', 'B', 'B', 'B'] -> B
['B', 'B', 'B', 'B', 'B', 'B', 'B', 'B', 'B', 'B', 'B', 'B', 'B', 'B', 'B', 'B', 'B', 'B', 'B', 'B'] -> B
['C', 'C', 'C', 'C', 'C', 'C', 'C', 'C', 'C', 'C', 'C', 'C', 'C', 'C', 'C', 'C', 'C', 'C', 'C', 'C'] -> C
['C', 'C', 'C', 'C', 'C', 'C', 'C', 'C', 'C', 'C', 'C', 'C', 'C', 'C', 'C', 'C', 'C', 'C', 'C', 'C'] -> C
['C', 'C', 'C', 'C', 'C', 'C', 'C', 'C', 'C', 'C', 'C', 'C', 'C', 'C', 'C', 'C', 'C', 'C', 'C', 'C'] -> C
['D', 'D', 'D', 'D', 'D', 'D', 'D', 'D', 'D', 'D', 'D', 'D', 'D', 'D', 'D', 'D', 'D', 'D', 'D', 'D'] -> D
['D', 'D', 'D', 'D', 'D', 'D', 'D', 'D', 'D', 'D', 'D', 'D', 'D', 'D', 'D', 'D', 'D', 'D', 'D', 'D'] -> D
['D', 'D', 'D', 'D', 'D', 'D', 'D', 'D', 'D', 'D', 'D', 'D', 'D', 'D', 'D', 'D', 'D', 'D', 'D', 'D'] -> D
['E', 'E', 'E', 'E', 'E', 'E', 'E', 'E', 'E', 'E', 'E', 'E', 'E', 'E', 'E', 'E', 'E', 'E', 'E', 'E'] -> E
['E', 'E', 'E', 'E', 'E', 'E', 'E', 'E', 'E', 'E', 'E', 'E', 'E', 'E', 'E', 'E', 'E', 'E', 'E', 'E'] -> E
['E', 'E', 'E', 'E', 'E', 'E', 'E', 'E', 'E', 'E', 'E', 'E', 'E', 'E', 'E', 'E', 'E', 'E', 'E', 'E'] -> E
['E', 'E', 'E', 'E', 'E', 'E', 'E', 'E', 'E', 'E', 'E', 'E', 'E', 'E', 'E', 'E', 'E', 'E', 'E', 'E'] -> E
['E', 'E', 'E', 'E', 'E', 'E', 'E', 'E', 'E', 'E', 'E', 'E', 'E', 'E', 'E', 'E', 'E', 'E', 'E', 'E'] -> E
['E', 'E', 'E', 'E', 'E', 'E', 'E', 'E', 'E', 'E', 'E', 'E', 'E', 'E', 'E', 'E', 'E', 'E', 'E', 'E'] -> E
['E', 'E', 'E', 'E', 'E', 'E', 'E', 'E', 'E', 'E', 'E', 'E', 'E', 'E', 'E', 'E', 'E', 'E', 'E', 'E'] -> E
['E', 'E', 'E', 'E', 'E', 'E', 'E', 'E', 'E', 'E', 'E', 'E', 'E', 'E', 'E', 'E', 'E', 'E', 'E', 'E'] -> E
['E', 'E', 'E', 'E', 'E', 'E', 'E', 'E', 'E', 'E', 'E', 'E', 'E', 'E', 'E', 'E', 'E', 'E', 'E', 'E'] -> E
['E', 'E', 'E', 'E', 'E', 'E', 'E', 'E', 'E', 'E', 'E', 'E', 'E', 'E', 'E', 'E', 'E', 'E', 'E', 'E'] -> E
['E', 'E', 'E', 'E', 'E', 'E', 'E', 'E', 'E', 'E', 'E', 'E', 'E', 'E', 'E', 'E', 'E', 'E', 'E', 'E'] -> E
['E', 'E', 'E', 'E', 'E', 'E', 'E', 'E', 'E', 'E', 'E', 'E', 'E', 'E', 'E', 'E', 'E', 'E', 'E', 'E'] -> E
['E', 'E', 'E', 'E', 'E', 'E', 'E', 'E', 'E', 'E', 'E', 'E', 'E', 'E', 'E', 'E', 'E', 'E', 'E', 'E'] -> E
['E', 'E', 'E', 'E', 'E', 'E', 'E', 'E', 'E', 'E', 'E', 'E', 'E', 'E', 'E', 'E', 'E', 'E', 'E', 'E'] -> E
['E', 'E', 'E', 'E', 'E', 'E', 'E', 'E', 'E', 'E', 'E', 'E', 'E', 'E', 'E', 'E', 'E', 'E', 'E', 'E'] -> E
['E', 'E', 'E', 'E', 'E', 'E', 'E', 'E', 'E', 'E', 'E', 'E', 'E', 'E', 'E', 'E', 'E', 'E', 'E', 'E'] -> E


[0.9072847682119205, 0.8874172185430463, 0.8874172185430463, 0.9271523178807947, 0.9271523178807947, 0.9105960264900662, 0.8940397350993378, 0.8940397350993378, 0.9006622516556292, 0.9238410596026491, 0.9006622516556292, 0.9337748344370861, 0.8874172185430463, 0.8741721854304636, 0.9205298013245033, 0.8807947019867549, 0.9105960264900662, 0.9205298013245033, 0.9172185430463576, 0.9039735099337748]
0.9054635761589405


Single different (20) (x0)

Multi different (20) (x1)
['B', 'E', 'B', 'B', 'C', 'A', 'E', 'C', 'C', 'B', 'B', 'E', 'H', 'E', 'A', 'C', 'A', 'B', 'C', 'B'] -> F

Forth quarter (16) (x1)
['D', 'B', 'D', 'D', 'E', 'D', 'D', 'G', 'E', 'D', 'E', 'D', 'E', 'D', 'D', 'D', 'D', 'D', 'D', 'D'] -> E

Third quarter (11) (x2)
['E', 'B', 'A', 'A', 'A', 'B', 'A', 'A', 'B', 'A', 'A', 'A', 'E', 'B', 'B', 'B', 'B', 'E', 'A', 'B'] -> A
['E', 'D', 'E', 'E', 'D', 'D', 'E', 'D', 'D', 'D', 'E', 'E', 'D', 'D', 'D', 'E', 'E', 'D', 'D', 'D'] -> E

Second quarter (6) (x4)
['C', 'C', 'D', 'C', 'H', 'H', 'B', 'E', 'B', 'D', 'C', 'C', 'C', 'C', 'C', 'B', 'C', 'C', 'H', 'C'] -> C
['D', 'D', 'D', 'D', 'D', 'D', 'E', 'D', 'E', 'E', 'D', 'E', 'D', 'E', 'D', 'E', 'D', 'D', 'D', 'D'] -> D
['B', 'B', 'E', 'E', 'E', 'E', 'E', 'B', 'A', 'E', 'E', 'E', 'B', 'A', 'B', 'E', 'A', 'E', 'A', 'E'] -> E
['E', 'B', 'E', 'D', 'E', 'E', 'E', 'D', 'D', 'E', 'E', 'D', 'E', 'D', 'D', 'D', 'D', 'E', 'D', 'E'] -> E

First quarter (1) (x17)
['A', 'A', 'A', 'A', 'A', 'A', 'A', 'A', 'A', 'A', 'A', 'A', 'A', 'A', 'A', 'A', 'A', 'A', 'B', 'A'] -> A
['A', 'A', 'A', 'A', 'A', 'A', 'A', 'A', 'A', 'A', 'A', 'A', 'A', 'A', 'A', 'A', 'A', 'A', 'B', 'A'] -> A
['A', 'A', 'A', 'A', 'A', 'A', 'A', 'A', 'A', 'A', 'A', 'A', 'B', 'A', 'A', 'A', 'A', 'A', 'A', 'A'] -> A
['A', 'A', 'A', 'A', 'A', 'A', 'A', 'B', 'A', 'A', 'A', 'A', 'A', 'A', 'A', 'A', 'A', 'A', 'A', 'A'] -> A
['A', 'A', 'A', 'A', 'A', 'A', 'A', 'B', 'A', 'A', 'A', 'A', 'A', 'A', 'A', 'A', 'A', 'A', 'A', 'E'] -> A
['A', 'A', 'A', 'A', 'A', 'A', 'E', 'A', 'A', 'A', 'A', 'A', 'A', 'A', 'A', 'A', 'A', 'A', 'A', 'A'] -> A
['A', 'A', 'A', 'A', 'A', 'A', 'E', 'A', 'A', 'A', 'A', 'A', 'A', 'A', 'A', 'A', 'E', 'A', 'A', 'A'] -> A
['A', 'A', 'A', 'B', 'A', 'A', 'A', 'B', 'A', 'A', 'A', 'A', 'B', 'A', 'A', 'A', 'B', 'A', 'B', 'A'] -> A
['B', 'A', 'A', 'A', 'A', 'A', 'A', 'A', 'A', 'A', 'A', 'A', 'A', 'B', 'A', 'A', 'A', 'A', 'A', 'A'] -> A
['B', 'B', 'B', 'B', 'B', 'B', 'A', 'B', 'B', 'B', 'A', 'B', 'B', 'B', 'B', 'B', 'B', 'C', 'B', 'B'] -> B
['B', 'B', 'B', 'B', 'B', 'B', 'B', 'C', 'B', 'B', 'B', 'B', 'B', 'B', 'B', 'B', 'B', 'B', 'B', 'B'] -> B
['C', 'C', 'C', 'C', 'C', 'C', 'C', 'B', 'C', 'C', 'C', 'C', 'C', 'C', 'C', 'C', 'C', 'C', 'C', 'C'] -> C
['D', 'A', 'E', 'E', 'E', 'E', 'E', 'D', 'E', 'E', 'E', 'D', 'E', 'E', 'E', 'E', 'E', 'D', 'E', 'E'] -> E
['D', 'E', 'E', 'E', 'E', 'E', 'E', 'D', 'E', 'E', 'E', 'E', 'E', 'D', 'E', 'E', 'E', 'D', 'E', 'E'] -> E
['E', 'A', 'E', 'D', 'E', 'E', 'E', 'E', 'E', 'E', 'E', 'E', 'E', 'E', 'E', 'E', 'E', 'E', 'E', 'D'] -> E
['E', 'E', 'E', 'D', 'E', 'E', 'E', 'D', 'E', 'E', 'E', 'E', 'E', 'E', 'E', 'E', 'E', 'E', 'E', 'D'] -> E
['E', 'E', 'E', 'E', 'E', 'E', 'E', 'B', 'E', 'E', 'E', 'E', 'A', 'E', 'E', 'E', 'B', 'E', 'A', 'A'] -> E

No different (0) (x9)
['A', 'A', 'A', 'A', 'A', 'A', 'A', 'A', 'A', 'A', 'A', 'A', 'A', 'A', 'A', 'A', 'A', 'A', 'A', 'A'] -> A
['A', 'A', 'A', 'A', 'A', 'A', 'A', 'A', 'A', 'A', 'A', 'A', 'A', 'A', 'A', 'A', 'A', 'A', 'A', 'A'] -> A
['A', 'A', 'A', 'A', 'A', 'A', 'A', 'A', 'A', 'A', 'A', 'A', 'A', 'A', 'A', 'A', 'A', 'A', 'A', 'A'] -> A
['A', 'A', 'A', 'A', 'A', 'A', 'A', 'A', 'A', 'A', 'A', 'A', 'A', 'A', 'A', 'A', 'A', 'A', 'A', 'A'] -> A
['B', 'B', 'B', 'B', 'B', 'B', 'B', 'B', 'B', 'B', 'B', 'B', 'B', 'B', 'B', 'B', 'B', 'B', 'B', 'B'] -> B
['E', 'E', 'E', 'E', 'E', 'E', 'E', 'E', 'E', 'E', 'E', 'E', 'E', 'E', 'E', 'E', 'E', 'E', 'E', 'E'] -> E
['E', 'E', 'E', 'E', 'E', 'E', 'E', 'E', 'E', 'E', 'E', 'E', 'E', 'E', 'E', 'E', 'E', 'E', 'E', 'E'] -> E
['E', 'E', 'E', 'E', 'E', 'E', 'E', 'E', 'E', 'E', 'E', 'E', 'E', 'E', 'E', 'E', 'E', 'E', 'E', 'E'] -> E
['E', 'E', 'E', 'E', 'E', 'E', 'E', 'E', 'E', 'E', 'E', 'E', 'E', 'E', 'E', 'E', 'E', 'E', 'E', 'E'] -> E


[0.7941176470588235, 0.7647058823529411, 0.9117647058823529, 0.8235294117647058, 0.9117647058823529, 0.8529411764705882, 0.7941176470588235, 0.5588235294117647, 0.7941176470588235, 0.8529411764705882, 0.9411764705882353, 0.8529411764705882, 0.7941176470588235, 0.7352941176470589, 0.8235294117647058, 0.8235294117647058, 0.7647058823529411, 0.7941176470588235, 0.7058823529411765, 0.7647058823529411]
0.8029411764705883
