Namespace(dataset='breast_cancer', mode='examine', n_estimators=1, num_clf=20, random_state=5982, reuse=True)
Dataset breast_cancer
(128, 16)
(129, 16)
(29, 16)
Number of label: 2 

Single different (20) (x0)

Multi different (20) (x0)

Forth quarter (16) (x0)

Third quarter (11) (x5)
['A', 'B', 'B', 'B', 'B', 'B', 'B', 'B', 'A', 'B', 'B', 'B', 'B', 'A', 'B', 'B', 'B', 'A', 'A', 'B'] -> A
['B', 'B', 'A', 'B', 'B', 'B', 'A', 'B', 'B', 'B', 'B', 'B', 'A', 'A', 'B', 'B', 'B', 'A', 'B', 'A'] -> A
['B', 'B', 'B', 'A', 'B', 'B', 'B', 'B', 'A', 'A', 'A', 'B', 'A', 'A', 'B', 'B', 'B', 'B', 'B', 'B'] -> A
['B', 'B', 'B', 'B', 'A', 'B', 'B', 'A', 'B', 'A', 'A', 'B', 'A', 'B', 'A', 'B', 'B', 'A', 'B', 'A'] -> A
['A', 'A', 'B', 'A', 'A', 'B', 'B', 'A', 'A', 'A', 'A', 'A', 'A', 'B', 'A', 'B', 'A', 'B', 'A', 'A'] -> B

Second quarter (6) (x37)
['A', 'A', 'A', 'A', 'B', 'A', 'B', 'A', 'A', 'A', 'A', 'B', 'B', 'A', 'A', 'B', 'B', 'A', 'B', 'B'] -> A
['A', 'A', 'A', 'B', 'A', 'B', 'A', 'A', 'A', 'A', 'B', 'A', 'A', 'A', 'A', 'B', 'B', 'B', 'B', 'B'] -> A
['A', 'A', 'B', 'A', 'A', 'A', 'A', 'B', 'A', 'A', 'A', 'B', 'A', 'B', 'A', 'B', 'A', 'B', 'B', 'A'] -> A
['A', 'A', 'B', 'A', 'A', 'A', 'A', 'B', 'A', 'B', 'B', 'B', 'A', 'A', 'B', 'B', 'A', 'B', 'A', 'A'] -> A
['A', 'A', 'B', 'A', 'A', 'B', 'B', 'A', 'A', 'A', 'A', 'A', 'A', 'B', 'A', 'B', 'A', 'B', 'A', 'A'] -> A
['A', 'A', 'B', 'A', 'A', 'B', 'B', 'A', 'A', 'A', 'A', 'A', 'A', 'B', 'A', 'B', 'A', 'B', 'A', 'A'] -> A
['A', 'A', 'B', 'B', 'A', 'A', 'B', 'A', 'B', 'A', 'B', 'A', 'A', 'A', 'A', 'A', 'B', 'A', 'A', 'A'] -> A
['A', 'A', 'B', 'B', 'A', 'B', 'B', 'B', 'A', 'A', 'A', 'A', 'A', 'A', 'A', 'A', 'B', 'A', 'A', 'A'] -> A
['A', 'B', 'A', 'A', 'A', 'B', 'A', 'B', 'A', 'B', 'A', 'A', 'A', 'B', 'B', 'A', 'A', 'B', 'A', 'A'] -> A
['A', 'B', 'A', 'B', 'A', 'A', 'B', 'A', 'A', 'B', 'A', 'B', 'B', 'A', 'A', 'B', 'A', 'A', 'A', 'A'] -> A
['A', 'B', 'A', 'B', 'A', 'A', 'B', 'B', 'B', 'A', 'A', 'A', 'A', 'A', 'B', 'A', 'B', 'A', 'A', 'A'] -> A
['A', 'B', 'A', 'B', 'A', 'B', 'A', 'A', 'B', 'A', 'B', 'A', 'A', 'A', 'A', 'A', 'A', 'A', 'B', 'A'] -> A
['A', 'B', 'A', 'B', 'B', 'A', 'B', 'A', 'A', 'A', 'B', 'B', 'B', 'A', 'A', 'A', 'A', 'A', 'A', 'A'] -> A
['B', 'A', 'B', 'B', 'A', 'A', 'A', 'B', 'B', 'A', 'A', 'A', 'A', 'B', 'A', 'A', 'A', 'A', 'A', 'B'] -> A
['B', 'B', 'A', 'A', 'A', 'A', 'A', 'A', 'B', 'A', 'B', 'B', 'A', 'A', 'A', 'A', 'A', 'B', 'A', 'A'] -> A
['B', 'B', 'B', 'A', 'A', 'B', 'A', 'B', 'A', 'A', 'B', 'A', 'A', 'A', 'A', 'B', 'B', 'B', 'A', 'B'] -> A
['B', 'B', 'B', 'B', 'A', 'A', 'A', 'A', 'A', 'A', 'A', 'B', 'B', 'A', 'B', 'A', 'B', 'B', 'B', 'A'] -> A
['B', 'B', 'B', 'B', 'B', 'A', 'B', 'B', 'B', 'A', 'B', 'B', 'A', 'A', 'A', 'A', 'A', 'A', 'A', 'A'] -> A
['A', 'A', 'B', 'A', 'B', 'B', 'B', 'B', 'B', 'B', 'B', 'B', 'B', 'A', 'B', 'B', 'A', 'B', 'B', 'A'] -> B
['A', 'A', 'B', 'B', 'B', 'A', 'B', 'B', 'A', 'B', 'B', 'B', 'A', 'A', 'B', 'B', 'B', 'B', 'B', 'B'] -> B
['A', 'A', 'B', 'B', 'B', 'B', 'A', 'B', 'A', 'B', 'B', 'B', 'B', 'B', 'A', 'B', 'A', 'B', 'B', 'B'] -> B
['A', 'B', 'B', 'A', 'A', 'B', 'B', 'B', 'B', 'B', 'A', 'B', 'B', 'B', 'B', 'B', 'A', 'B', 'A', 'A'] -> B
['A', 'B', 'B', 'A', 'B', 'A', 'A', 'B', 'B', 'B', 'B', 'B', 'A', 'B', 'B', 'A', 'B', 'B', 'B', 'A'] -> B
['A', 'B', 'B', 'A', 'B', 'A', 'B', 'B', 'A', 'B', 'A', 'B', 'A', 'A', 'B', 'B', 'A', 'B', 'B', 'A'] -> B
['A', 'B', 'B', 'B', 'B', 'A', 'B', 'A', 'B', 'A', 'B', 'B', 'B', 'A', 'B', 'B', 'B', 'A', 'B', 'A'] -> B
['B', 'A', 'B', 'B', 'A', 'B', 'B', 'B', 'A', 'A', 'A', 'B', 'A', 'B', 'B', 'B', 'B', 'B', 'B', 'B'] -> B
['B', 'A', 'B', 'B', 'A', 'B', 'B', 'B', 'A', 'B', 'B', 'A', 'B', 'A', 'B', 'B', 'B', 'A', 'A', 'B'] -> B
['B', 'A', 'B', 'B', 'B', 'B', 'A', 'B', 'B', 'B', 'B', 'A', 'B', 'A', 'B', 'B', 'B', 'B', 'A', 'A'] -> B
['B', 'B', 'A', 'B', 'B', 'B', 'A', 'B', 'B', 'B', 'B', 'B', 'A', 'A', 'B', 'B', 'B', 'A', 'B', 'A'] -> B
['B', 'B', 'B', 'A', 'A', 'A', 'A', 'B', 'B', 'B', 'A', 'A', 'A', 'B', 'B', 'B', 'B', 'B', 'B', 'B'] -> B
['B', 'B', 'B', 'A', 'A', 'B', 'A', 'B', 'A', 'A', 'B', 'A', 'A', 'A', 'A', 'B', 'B', 'B', 'A', 'B'] -> B
['B', 'B', 'B', 'A', 'A', 'B', 'B', 'B', 'B', 'B', 'B', 'A', 'B', 'A', 'A', 'A', 'B', 'B', 'B', 'B'] -> B
['B', 'B', 'B', 'A', 'B', 'B', 'B', 'B', 'A', 'A', 'A', 'B', 'A', 'A', 'B', 'B', 'B', 'B', 'B', 'B'] -> B
['B', 'B', 'B', 'B', 'A', 'B', 'B', 'A', 'B', 'A', 'A', 'B', 'A', 'B', 'A', 'B', 'B', 'A', 'B', 'A'] -> B
['B', 'B', 'B', 'B', 'A', 'B', 'B', 'B', 'A', 'B', 'B', 'B', 'B', 'A', 'A', 'A', 'B', 'A', 'B', 'B'] -> B
['B', 'B', 'B', 'B', 'B', 'A', 'B', 'A', 'B', 'B', 'B', 'A', 'A', 'A', 'B', 'B', 'B', 'A', 'A', 'A'] -> B
['B', 'B', 'B', 'B', 'B', 'A', 'B', 'B', 'B', 'A', 'B', 'B', 'A', 'A', 'A', 'A', 'A', 'A', 'A', 'A'] -> B

First quarter (1) (x163)
['A', 'A', 'A', 'A', 'A', 'A', 'A', 'A', 'A', 'A', 'A', 'A', 'A', 'B', 'A', 'A', 'A', 'A', 'A', 'A'] -> A
['A', 'A', 'A', 'A', 'A', 'A', 'A', 'A', 'A', 'A', 'A', 'B', 'A', 'A', 'A', 'A', 'A', 'A', 'A', 'A'] -> A
['A', 'A', 'A', 'A', 'A', 'A', 'A', 'A', 'A', 'A', 'A', 'B', 'B', 'A', 'A', 'A', 'A', 'A', 'A', 'A'] -> A
['A', 'A', 'A', 'A', 'A', 'A', 'A', 'A', 'A', 'A', 'B', 'A', 'A', 'B', 'A', 'B', 'A', 'A', 'A', 'A'] -> A
['A', 'A', 'A', 'A', 'A', 'A', 'A', 'A', 'A', 'B', 'B', 'B', 'A', 'B', 'A', 'A', 'A', 'A', 'A', 'A'] -> A
['A', 'A', 'A', 'A', 'A', 'A', 'A', 'A', 'B', 'A', 'A', 'A', 'A', 'A', 'A', 'A', 'A', 'A', 'A', 'A'] -> A
['A', 'A', 'A', 'A', 'A', 'A', 'A', 'A', 'B', 'A', 'A', 'A', 'A', 'A', 'A', 'A', 'A', 'A', 'A', 'A'] -> A
['A', 'A', 'A', 'A', 'A', 'A', 'A', 'A', 'B', 'B', 'A', 'B', 'A', 'B', 'A', 'A', 'B', 'A', 'A', 'A'] -> A
['A', 'A', 'A', 'A', 'A', 'A', 'B', 'A', 'B', 'A', 'A', 'A', 'A', 'A', 'A', 'A', 'B', 'A', 'B', 'A'] -> A
['A', 'A', 'A', 'A', 'A', 'B', 'A', 'A', 'A', 'A', 'B', 'A', 'B', 'A', 'A', 'A', 'A', 'A', 'A', 'A'] -> A
['A', 'A', 'A', 'A', 'A', 'B', 'A', 'A', 'B', 'A', 'A', 'A', 'A', 'A', 'A', 'A', 'A', 'A', 'B', 'A'] -> A
['A', 'A', 'A', 'A', 'A', 'B', 'A', 'B', 'A', 'A', 'A', 'B', 'A', 'A', 'A', 'A', 'A', 'A', 'B', 'B'] -> A
['A', 'A', 'A', 'A', 'A', 'B', 'B', 'A', 'A', 'A', 'A', 'A', 'A', 'A', 'B', 'A', 'B', 'A', 'B', 'A'] -> A
['A', 'A', 'A', 'A', 'B', 'A', 'A', 'A', 'A', 'A', 'A', 'A', 'A', 'A', 'A', 'A', 'A', 'A', 'A', 'B'] -> A
['A', 'A', 'A', 'A', 'B', 'A', 'A', 'A', 'A', 'A', 'A', 'A', 'A', 'A', 'A', 'A', 'A', 'B', 'A', 'A'] -> A
['A', 'A', 'A', 'A', 'B', 'A', 'A', 'A', 'A', 'A', 'A', 'A', 'A', 'A', 'A', 'B', 'A', 'A', 'A', 'A'] -> A
['A', 'A', 'A', 'A', 'B', 'A', 'A', 'A', 'A', 'A', 'A', 'A', 'A', 'A', 'B', 'A', 'A', 'A', 'A', 'A'] -> A
['A', 'A', 'A', 'A', 'B', 'A', 'A', 'A', 'A', 'A', 'A', 'A', 'A', 'A', 'B', 'A', 'B', 'B', 'A', 'A'] -> A
['A', 'A', 'A', 'A', 'B', 'A', 'A', 'A', 'A', 'A', 'A', 'A', 'B', 'A', 'A', 'A', 'A', 'A', 'A', 'A'] -> A
['A', 'A', 'A', 'A', 'B', 'A', 'A', 'A', 'A', 'A', 'B', 'A', 'A', 'A', 'B', 'A', 'B', 'A', 'A', 'A'] -> A
['A', 'A', 'A', 'A', 'B', 'A', 'A', 'A', 'B', 'A', 'A', 'A', 'A', 'A', 'B', 'A', 'B', 'A', 'A', 'A'] -> A
['A', 'A', 'A', 'A', 'B', 'A', 'B', 'B', 'A', 'B', 'A', 'A', 'A', 'A', 'A', 'B', 'A', 'A', 'A', 'A'] -> A
['A', 'A', 'A', 'A', 'B', 'B', 'A', 'A', 'A', 'A', 'A', 'A', 'A', 'A', 'A', 'B', 'A', 'A', 'A', 'A'] -> A
['A', 'A', 'A', 'B', 'A', 'A', 'A', 'A', 'A', 'A', 'A', 'A', 'A', 'A', 'A', 'A', 'A', 'A', 'A', 'A'] -> A
['A', 'A', 'A', 'B', 'A', 'A', 'A', 'A', 'A', 'A', 'A', 'A', 'A', 'A', 'A', 'B', 'B', 'A', 'B', 'A'] -> A
['A', 'A', 'A', 'B', 'A', 'A', 'A', 'A', 'A', 'A', 'A', 'A', 'A', 'B', 'A', 'A', 'A', 'A', 'A', 'A'] -> A
['A', 'A', 'A', 'B', 'A', 'A', 'A', 'A', 'B', 'B', 'A', 'B', 'B', 'A', 'A', 'A', 'A', 'A', 'A', 'A'] -> A
['A', 'A', 'A', 'B', 'B', 'A', 'A', 'B', 'A', 'A', 'B', 'A', 'A', 'B', 'A', 'A', 'A', 'A', 'A', 'A'] -> A
['A', 'A', 'B', 'A', 'A', 'A', 'A', 'A', 'A', 'A', 'A', 'A', 'B', 'A', 'A', 'A', 'A', 'B', 'A', 'A'] -> A
['A', 'A', 'B', 'A', 'A', 'A', 'A', 'A', 'B', 'A', 'A', 'A', 'A', 'A', 'A', 'A', 'A', 'A', 'A', 'A'] -> A
['A', 'A', 'B', 'A', 'A', 'A', 'A', 'A', 'B', 'B', 'A', 'A', 'A', 'B', 'A', 'A', 'A', 'A', 'A', 'A'] -> A
['A', 'A', 'B', 'A', 'A', 'A', 'A', 'B', 'A', 'A', 'A', 'B', 'A', 'A', 'A', 'A', 'A', 'B', 'B', 'A'] -> A
['A', 'A', 'B', 'A', 'A', 'A', 'A', 'B', 'A', 'B', 'B', 'A', 'A', 'A', 'A', 'A', 'B', 'A', 'A', 'A'] -> A
['A', 'A', 'B', 'A', 'A', 'A', 'A', 'B', 'B', 'A', 'A', 'A', 'A', 'A', 'A', 'A', 'A', 'B', 'A', 'A'] -> A
['A', 'A', 'B', 'B', 'A', 'A', 'A', 'A', 'A', 'A', 'A', 'A', 'B', 'A', 'A', 'A', 'B', 'A', 'A', 'A'] -> A
['A', 'B', 'A', 'A', 'A', 'A', 'A', 'A', 'A', 'A', 'A', 'B', 'A', 'A', 'A', 'B', 'B', 'B', 'A', 'A'] -> A
['A', 'B', 'A', 'A', 'A', 'A', 'A', 'A', 'A', 'B', 'A', 'A', 'A', 'A', 'A', 'A', 'A', 'A', 'A', 'A'] -> A
['A', 'B', 'A', 'A', 'A', 'A', 'B', 'A', 'A', 'B', 'A', 'B', 'A', 'A', 'A', 'A', 'A', 'A', 'A', 'A'] -> A
['A', 'B', 'A', 'A', 'A', 'A', 'B', 'B', 'A', 'A', 'A', 'A', 'A', 'B', 'A', 'B', 'A', 'A', 'A', 'A'] -> A
['A', 'B', 'A', 'B', 'B', 'A', 'A', 'A', 'A', 'A', 'A', 'A', 'A', 'A', 'A', 'A', 'A', 'A', 'A', 'A'] -> A
['A', 'B', 'B', 'A', 'A', 'A', 'A', 'A', 'A', 'A', 'A', 'A', 'A', 'A', 'A', 'A', 'A', 'A', 'A', 'A'] -> A
['A', 'B', 'B', 'A', 'A', 'A', 'A', 'A', 'A', 'A', 'A', 'A', 'A', 'A', 'A', 'A', 'A', 'A', 'A', 'A'] -> A
['A', 'B', 'B', 'A', 'A', 'A', 'A', 'A', 'A', 'B', 'B', 'A', 'A', 'A', 'A', 'A', 'A', 'A', 'A', 'A'] -> A
['B', 'A', 'A', 'A', 'A', 'A', 'B', 'B', 'A', 'A', 'A', 'A', 'A', 'A', 'A', 'A', 'A', 'A', 'A', 'A'] -> A
['B', 'A', 'A', 'A', 'A', 'B', 'A', 'A', 'A', 'B', 'A', 'A', 'A', 'A', 'B', 'A', 'A', 'A', 'A', 'A'] -> A
['B', 'A', 'A', 'B', 'A', 'A', 'A', 'A', 'A', 'A', 'A', 'A', 'A', 'B', 'B', 'B', 'A', 'A', 'A', 'A'] -> A
['B', 'A', 'A', 'B', 'A', 'A', 'A', 'B', 'A', 'A', 'A', 'A', 'A', 'A', 'A', 'A', 'A', 'A', 'A', 'A'] -> A
['B', 'A', 'B', 'A', 'A', 'A', 'A', 'A', 'A', 'B', 'B', 'A', 'A', 'A', 'B', 'A', 'A', 'A', 'A', 'A'] -> A
['B', 'A', 'B', 'A', 'A', 'B', 'A', 'A', 'A', 'B', 'A', 'A', 'A', 'A', 'A', 'A', 'A', 'A', 'B', 'A'] -> A
['A', 'A', 'A', 'A', 'B', 'B', 'B', 'B', 'B', 'B', 'B', 'B', 'B', 'A', 'B', 'B', 'B', 'B', 'B', 'B'] -> B
['A', 'A', 'B', 'B', 'B', 'B', 'B', 'B', 'B', 'B', 'B', 'B', 'B', 'B', 'B', 'B', 'B', 'B', 'B', 'B'] -> B
['A', 'B', 'A', 'A', 'A', 'B', 'B', 'B', 'B', 'B', 'B', 'B', 'A', 'B', 'B', 'B', 'B', 'B', 'B', 'B'] -> B
['A', 'B', 'B', 'A', 'A', 'B', 'A', 'B', 'B', 'B', 'B', 'B', 'B', 'B', 'A', 'B', 'B', 'B', 'B', 'B'] -> B
['A', 'B', 'B', 'B', 'B', 'A', 'B', 'B', 'B', 'B', 'B', 'B', 'B', 'B', 'B', 'B', 'A', 'B', 'A', 'B'] -> B
['A', 'B', 'B', 'B', 'B', 'B', 'B', 'A', 'B', 'A', 'B', 'A', 'B', 'A', 'B', 'B', 'B', 'B', 'B', 'B'] -> B
['A', 'B', 'B', 'B', 'B', 'B', 'B', 'A', 'B', 'B', 'B', 'B', 'A', 'B', 'B', 'B', 'B', 'B', 'B', 'B'] -> B
['A', 'B', 'B', 'B', 'B', 'B', 'B', 'B', 'A', 'B', 'B', 'A', 'B', 'B', 'B', 'B', 'B', 'B', 'B', 'A'] -> B
['A', 'B', 'B', 'B', 'B', 'B', 'B', 'B', 'B', 'B', 'B', 'A', 'B', 'B', 'B', 'B', 'B', 'B', 'B', 'B'] -> B
['A', 'B', 'B', 'B', 'B', 'B', 'B', 'B', 'B', 'B', 'B', 'B', 'A', 'B', 'B', 'A', 'B', 'B', 'B', 'A'] -> B
['A', 'B', 'B', 'B', 'B', 'B', 'B', 'B', 'B', 'B', 'B', 'B', 'A', 'B', 'B', 'B', 'B', 'B', 'A', 'B'] -> B
['A', 'B', 'B', 'B', 'B', 'B', 'B', 'B', 'B', 'B', 'B', 'B', 'B', 'B', 'B', 'B', 'B', 'B', 'B', 'B'] -> B
['A', 'B', 'B', 'B', 'B', 'B', 'B', 'B', 'B', 'B', 'B', 'B', 'B', 'B', 'B', 'B', 'B', 'B', 'B', 'B'] -> B
['A', 'B', 'B', 'B', 'B', 'B', 'B', 'B', 'B', 'B', 'B', 'B', 'B', 'B', 'B', 'B', 'B', 'B', 'B', 'B'] -> B
['B', 'A', 'B', 'A', 'B', 'B', 'B', 'B', 'B', 'B', 'B', 'B', 'B', 'B', 'B', 'B', 'B', 'A', 'B', 'B'] -> B
['B', 'A', 'B', 'A', 'B', 'B', 'B', 'B', 'B', 'B', 'B', 'B', 'B', 'B', 'B', 'B', 'B', 'B', 'B', 'B'] -> B
['B', 'A', 'B', 'B', 'B', 'A', 'B', 'B', 'B', 'B', 'B', 'A', 'B', 'A', 'B', 'B', 'B', 'B', 'A', 'B'] -> B
['B', 'A', 'B', 'B', 'B', 'B', 'B', 'B', 'A', 'B', 'B', 'B', 'B', 'B', 'B', 'B', 'A', 'B', 'B', 'B'] -> B
['B', 'A', 'B', 'B', 'B', 'B', 'B', 'B', 'B', 'B', 'B', 'B', 'A', 'B', 'B', 'B', 'B', 'B', 'B', 'A'] -> B
['B', 'A', 'B', 'B', 'B', 'B', 'B', 'B', 'B', 'B', 'B', 'B', 'B', 'B', 'B', 'B', 'B', 'B', 'B', 'A'] -> B
['B', 'A', 'B', 'B', 'B', 'B', 'B', 'B', 'B', 'B', 'B', 'B', 'B', 'B', 'B', 'B', 'B', 'B', 'B', 'B'] -> B
['B', 'A', 'B', 'B', 'B', 'B', 'B', 'B', 'B', 'B', 'B', 'B', 'B', 'B', 'B', 'B', 'B', 'B', 'B', 'B'] -> B
['B', 'B', 'A', 'A', 'B', 'B', 'A', 'B', 'B', 'B', 'B', 'B', 'B', 'B', 'B', 'B', 'B', 'B', 'B', 'B'] -> B
['B', 'B', 'A', 'A', 'B', 'B', 'B', 'B', 'A', 'A', 'A', 'B', 'B', 'B', 'B', 'B', 'B', 'B', 'B', 'B'] -> B
['B', 'B', 'A', 'A', 'B', 'B', 'B', 'B', 'B', 'B', 'B', 'B', 'B', 'B', 'A', 'B', 'B', 'B', 'B', 'B'] -> B
['B', 'B', 'A', 'B', 'A', 'B', 'B', 'B', 'B', 'A', 'B', 'B', 'B', 'A', 'A', 'B', 'B', 'B', 'B', 'B'] -> B
['B', 'B', 'A', 'B', 'A', 'B', 'B', 'B', 'B', 'B', 'B', 'B', 'A', 'B', 'B', 'B', 'A', 'B', 'B', 'B'] -> B
['B', 'B', 'A', 'B', 'A', 'B', 'B', 'B', 'B', 'B', 'B', 'B', 'B', 'B', 'B', 'B', 'B', 'B', 'B', 'B'] -> B
['B', 'B', 'A', 'B', 'A', 'B', 'B', 'B', 'B', 'B', 'B', 'B', 'B', 'B', 'B', 'B', 'B', 'B', 'B', 'B'] -> B
['B', 'B', 'A', 'B', 'B', 'B', 'A', 'B', 'B', 'B', 'B', 'B', 'B', 'B', 'B', 'B', 'B', 'B', 'B', 'B'] -> B
['B', 'B', 'A', 'B', 'B', 'B', 'B', 'B', 'B', 'A', 'B', 'B', 'B', 'A', 'B', 'B', 'B', 'B', 'B', 'B'] -> B
['B', 'B', 'A', 'B', 'B', 'B', 'B', 'B', 'B', 'B', 'A', 'B', 'B', 'B', 'B', 'B', 'B', 'B', 'B', 'B'] -> B
['B', 'B', 'A', 'B', 'B', 'B', 'B', 'B', 'B', 'B', 'B', 'B', 'B', 'B', 'B', 'B', 'B', 'A', 'A', 'B'] -> B
['B', 'B', 'A', 'B', 'B', 'B', 'B', 'B', 'B', 'B', 'B', 'B', 'B', 'B', 'B', 'B', 'B', 'B', 'B', 'B'] -> B
['B', 'B', 'A', 'B', 'B', 'B', 'B', 'B', 'B', 'B', 'B', 'B', 'B', 'B', 'B', 'B', 'B', 'B', 'B', 'B'] -> B
['B', 'B', 'A', 'B', 'B', 'B', 'B', 'B', 'B', 'B', 'B', 'B', 'B', 'B', 'B', 'B', 'B', 'B', 'B', 'B'] -> B
['B', 'B', 'A', 'B', 'B', 'B', 'B', 'B', 'B', 'B', 'B', 'B', 'B', 'B', 'B', 'B', 'B', 'B', 'B', 'B'] -> B
['B', 'B', 'B', 'A', 'B', 'A', 'B', 'B', 'B', 'B', 'B', 'B', 'B', 'B', 'B', 'B', 'B', 'B', 'B', 'B'] -> B
['B', 'B', 'B', 'A', 'B', 'B', 'A', 'A', 'B', 'B', 'B', 'B', 'A', 'B', 'B', 'B', 'B', 'B', 'A', 'B'] -> B
['B', 'B', 'B', 'A', 'B', 'B', 'A', 'B', 'A', 'B', 'B', 'B', 'B', 'B', 'B', 'B', 'B', 'B', 'A', 'B'] -> B
['B', 'B', 'B', 'A', 'B', 'B', 'A', 'B', 'B', 'B', 'B', 'B', 'B', 'B', 'B', 'B', 'A', 'B', 'B', 'B'] -> B
['B', 'B', 'B', 'A', 'B', 'B', 'B', 'B', 'B', 'B', 'A', 'B', 'B', 'B', 'A', 'B', 'A', 'B', 'B', 'B'] -> B
['B', 'B', 'B', 'A', 'B', 'B', 'B', 'B', 'B', 'B', 'B', 'B', 'A', 'B', 'B', 'B', 'B', 'B', 'B', 'B'] -> B
['B', 'B', 'B', 'A', 'B', 'B', 'B', 'B', 'B', 'B', 'B', 'B', 'A', 'B', 'B', 'B', 'B', 'B', 'B', 'B'] -> B
['B', 'B', 'B', 'A', 'B', 'B', 'B', 'B', 'B', 'B', 'B', 'B', 'B', 'B', 'A', 'B', 'B', 'B', 'B', 'B'] -> B
['B', 'B', 'B', 'A', 'B', 'B', 'B', 'B', 'B', 'B', 'B', 'B', 'B', 'B', 'B', 'A', 'B', 'B', 'B', 'B'] -> B
['B', 'B', 'B', 'A', 'B', 'B', 'B', 'B', 'B', 'B', 'B', 'B', 'B', 'B', 'B', 'B', 'B', 'B', 'B', 'B'] -> B
['B', 'B', 'B', 'A', 'B', 'B', 'B', 'B', 'B', 'B', 'B', 'B', 'B', 'B', 'B', 'B', 'B', 'B', 'B', 'B'] -> B
['B', 'B', 'B', 'B', 'A', 'B', 'B', 'A', 'B', 'B', 'A', 'B', 'B', 'A', 'B', 'B', 'A', 'B', 'B', 'B'] -> B
['B', 'B', 'B', 'B', 'A', 'B', 'B', 'B', 'A', 'A', 'B', 'B', 'A', 'A', 'B', 'B', 'B', 'B', 'B', 'B'] -> B
['B', 'B', 'B', 'B', 'A', 'B', 'B', 'B', 'A', 'B', 'B', 'B', 'B', 'B', 'B', 'B', 'B', 'B', 'B', 'B'] -> B
['B', 'B', 'B', 'B', 'A', 'B', 'B', 'B', 'B', 'A', 'A', 'B', 'B', 'A', 'B', 'A', 'B', 'B', 'B', 'B'] -> B
['B', 'B', 'B', 'B', 'A', 'B', 'B', 'B', 'B', 'A', 'B', 'B', 'B', 'B', 'B', 'B', 'A', 'B', 'B', 'A'] -> B
['B', 'B', 'B', 'B', 'A', 'B', 'B', 'B', 'B', 'B', 'A', 'B', 'B', 'A', 'B', 'B', 'B', 'B', 'B', 'A'] -> B
['B', 'B', 'B', 'B', 'A', 'B', 'B', 'B', 'B', 'B', 'B', 'A', 'B', 'B', 'B', 'B', 'B', 'B', 'B', 'B'] -> B
['B', 'B', 'B', 'B', 'A', 'B', 'B', 'B', 'B', 'B', 'B', 'B', 'A', 'B', 'B', 'B', 'B', 'B', 'B', 'A'] -> B
['B', 'B', 'B', 'B', 'A', 'B', 'B', 'B', 'B', 'B', 'B', 'B', 'A', 'B', 'B', 'B', 'B', 'B', 'B', 'B'] -> B
['B', 'B', 'B', 'B', 'A', 'B', 'B', 'B', 'B', 'B', 'B', 'B', 'A', 'B', 'B', 'B', 'B', 'B', 'B', 'B'] -> B
['B', 'B', 'B', 'B', 'A', 'B', 'B', 'B', 'B', 'B', 'B', 'B', 'B', 'B', 'B', 'B', 'B', 'A', 'B', 'B'] -> B
['B', 'B', 'B', 'B', 'A', 'B', 'B', 'B', 'B', 'B', 'B', 'B', 'B', 'B', 'B', 'B', 'B', 'B', 'B', 'A'] -> B
['B', 'B', 'B', 'B', 'A', 'B', 'B', 'B', 'B', 'B', 'B', 'B', 'B', 'B', 'B', 'B', 'B', 'B', 'B', 'B'] -> B
['B', 'B', 'B', 'B', 'A', 'B', 'B', 'B', 'B', 'B', 'B', 'B', 'B', 'B', 'B', 'B', 'B', 'B', 'B', 'B'] -> B
['B', 'B', 'B', 'B', 'B', 'A', 'A', 'B', 'A', 'B', 'B', 'B', 'B', 'B', 'B', 'B', 'B', 'B', 'B', 'B'] -> B
['B', 'B', 'B', 'B', 'B', 'A', 'A', 'B', 'B', 'B', 'B', 'B', 'B', 'B', 'A', 'B', 'B', 'B', 'B', 'B'] -> B
['B', 'B', 'B', 'B', 'B', 'A', 'A', 'B', 'B', 'B', 'B', 'B', 'B', 'B', 'B', 'B', 'B', 'B', 'B', 'B'] -> B
['B', 'B', 'B', 'B', 'B', 'A', 'B', 'A', 'B', 'B', 'B', 'B', 'B', 'A', 'A', 'B', 'A', 'B', 'B', 'B'] -> B
['B', 'B', 'B', 'B', 'B', 'A', 'B', 'B', 'B', 'B', 'A', 'B', 'B', 'B', 'B', 'B', 'B', 'B', 'A', 'A'] -> B
['B', 'B', 'B', 'B', 'B', 'A', 'B', 'B', 'B', 'B', 'B', 'B', 'B', 'A', 'A', 'B', 'B', 'B', 'B', 'B'] -> B
['B', 'B', 'B', 'B', 'B', 'A', 'B', 'B', 'B', 'B', 'B', 'B', 'B', 'B', 'B', 'B', 'B', 'B', 'B', 'A'] -> B
['B', 'B', 'B', 'B', 'B', 'B', 'A', 'B', 'B', 'B', 'B', 'A', 'A', 'B', 'B', 'B', 'B', 'B', 'B', 'B'] -> B
['B', 'B', 'B', 'B', 'B', 'B', 'A', 'B', 'B', 'B', 'B', 'A', 'B', 'A', 'A', 'B', 'A', 'B', 'B', 'B'] -> B
['B', 'B', 'B', 'B', 'B', 'B', 'A', 'B', 'B', 'B', 'B', 'B', 'B', 'A', 'B', 'B', 'B', 'B', 'B', 'B'] -> B
['B', 'B', 'B', 'B', 'B', 'B', 'B', 'A', 'B', 'B', 'A', 'B', 'B', 'A', 'B', 'B', 'B', 'B', 'B', 'A'] -> B
['B', 'B', 'B', 'B', 'B', 'B', 'B', 'B', 'A', 'B', 'B', 'B', 'B', 'A', 'B', 'B', 'B', 'B', 'A', 'B'] -> B
['B', 'B', 'B', 'B', 'B', 'B', 'B', 'B', 'A', 'B', 'B', 'B', 'B', 'B', 'B', 'A', 'B', 'B', 'B', 'B'] -> B
['B', 'B', 'B', 'B', 'B', 'B', 'B', 'B', 'A', 'B', 'B', 'B', 'B', 'B', 'B', 'B', 'B', 'B', 'B', 'B'] -> B
['B', 'B', 'B', 'B', 'B', 'B', 'B', 'B', 'A', 'B', 'B', 'B', 'B', 'B', 'B', 'B', 'B', 'B', 'B', 'B'] -> B
['B', 'B', 'B', 'B', 'B', 'B', 'B', 'B', 'A', 'B', 'B', 'B', 'B', 'B', 'B', 'B', 'B', 'B', 'B', 'B'] -> B
['B', 'B', 'B', 'B', 'B', 'B', 'B', 'B', 'B', 'B', 'A', 'B', 'A', 'B', 'B', 'B', 'A', 'B', 'B', 'B'] -> B
['B', 'B', 'B', 'B', 'B', 'B', 'B', 'B', 'B', 'B', 'A', 'B', 'B', 'B', 'B', 'B', 'B', 'B', 'A', 'B'] -> B
['B', 'B', 'B', 'B', 'B', 'B', 'B', 'B', 'B', 'B', 'B', 'A', 'B', 'B', 'B', 'B', 'B', 'B', 'A', 'B'] -> B
['B', 'B', 'B', 'B', 'B', 'B', 'B', 'B', 'B', 'B', 'B', 'B', 'A', 'B', 'B', 'A', 'B', 'B', 'B', 'B'] -> B
['B', 'B', 'B', 'B', 'B', 'B', 'B', 'B', 'B', 'B', 'B', 'B', 'A', 'B', 'B', 'B', 'B', 'B', 'B', 'B'] -> B
['B', 'B', 'B', 'B', 'B', 'B', 'B', 'B', 'B', 'B', 'B', 'B', 'A', 'B', 'B', 'B', 'B', 'B', 'B', 'B'] -> B
['B', 'B', 'B', 'B', 'B', 'B', 'B', 'B', 'B', 'B', 'B', 'B', 'A', 'B', 'B', 'B', 'B', 'B', 'B', 'B'] -> B
['B', 'B', 'B', 'B', 'B', 'B', 'B', 'B', 'B', 'B', 'B', 'B', 'A', 'B', 'B', 'B', 'B', 'B', 'B', 'B'] -> B
['B', 'B', 'B', 'B', 'B', 'B', 'B', 'B', 'B', 'B', 'B', 'B', 'B', 'A', 'B', 'B', 'A', 'B', 'B', 'B'] -> B
['B', 'B', 'B', 'B', 'B', 'B', 'B', 'B', 'B', 'B', 'B', 'B', 'B', 'A', 'B', 'B', 'B', 'B', 'B', 'B'] -> B
['B', 'B', 'B', 'B', 'B', 'B', 'B', 'B', 'B', 'B', 'B', 'B', 'B', 'A', 'B', 'B', 'B', 'B', 'B', 'B'] -> B
['B', 'B', 'B', 'B', 'B', 'B', 'B', 'B', 'B', 'B', 'B', 'B', 'B', 'A', 'B', 'B', 'B', 'B', 'B', 'B'] -> B
['B', 'B', 'B', 'B', 'B', 'B', 'B', 'B', 'B', 'B', 'B', 'B', 'B', 'B', 'A', 'B', 'B', 'B', 'B', 'A'] -> B
['B', 'B', 'B', 'B', 'B', 'B', 'B', 'B', 'B', 'B', 'B', 'B', 'B', 'B', 'A', 'B', 'B', 'B', 'B', 'B'] -> B
['B', 'B', 'B', 'B', 'B', 'B', 'B', 'B', 'B', 'B', 'B', 'B', 'B', 'B', 'A', 'B', 'B', 'B', 'B', 'B'] -> B
['B', 'B', 'B', 'B', 'B', 'B', 'B', 'B', 'B', 'B', 'B', 'B', 'B', 'B', 'B', 'A', 'B', 'B', 'B', 'B'] -> B
['B', 'B', 'B', 'B', 'B', 'B', 'B', 'B', 'B', 'B', 'B', 'B', 'B', 'B', 'B', 'A', 'B', 'B', 'B', 'B'] -> B
['B', 'B', 'B', 'B', 'B', 'B', 'B', 'B', 'B', 'B', 'B', 'B', 'B', 'B', 'B', 'A', 'B', 'B', 'B', 'B'] -> B
['B', 'B', 'B', 'B', 'B', 'B', 'B', 'B', 'B', 'B', 'B', 'B', 'B', 'B', 'B', 'B', 'A', 'B', 'B', 'B'] -> B
['B', 'B', 'B', 'B', 'B', 'B', 'B', 'B', 'B', 'B', 'B', 'B', 'B', 'B', 'B', 'B', 'A', 'B', 'B', 'B'] -> B
['B', 'B', 'B', 'B', 'B', 'B', 'B', 'B', 'B', 'B', 'B', 'B', 'B', 'B', 'B', 'B', 'A', 'B', 'B', 'B'] -> B
['B', 'B', 'B', 'B', 'B', 'B', 'B', 'B', 'B', 'B', 'B', 'B', 'B', 'B', 'B', 'B', 'B', 'A', 'A', 'A'] -> B
['B', 'B', 'B', 'B', 'B', 'B', 'B', 'B', 'B', 'B', 'B', 'B', 'B', 'B', 'B', 'B', 'B', 'A', 'B', 'A'] -> B
['B', 'B', 'B', 'B', 'B', 'B', 'B', 'B', 'B', 'B', 'B', 'B', 'B', 'B', 'B', 'B', 'B', 'A', 'B', 'A'] -> B
['B', 'B', 'B', 'B', 'B', 'B', 'B', 'B', 'B', 'B', 'B', 'B', 'B', 'B', 'B', 'B', 'B', 'A', 'B', 'B'] -> B
['B', 'B', 'B', 'B', 'B', 'B', 'B', 'B', 'B', 'B', 'B', 'B', 'B', 'B', 'B', 'B', 'B', 'A', 'B', 'B'] -> B
['B', 'B', 'B', 'B', 'B', 'B', 'B', 'B', 'B', 'B', 'B', 'B', 'B', 'B', 'B', 'B', 'B', 'B', 'A', 'A'] -> B
['B', 'B', 'B', 'B', 'B', 'B', 'B', 'B', 'B', 'B', 'B', 'B', 'B', 'B', 'B', 'B', 'B', 'B', 'A', 'B'] -> B
['B', 'B', 'B', 'B', 'B', 'B', 'B', 'B', 'B', 'B', 'B', 'B', 'B', 'B', 'B', 'B', 'B', 'B', 'B', 'A'] -> B
['B', 'B', 'B', 'B', 'B', 'B', 'B', 'B', 'B', 'B', 'B', 'B', 'B', 'B', 'B', 'B', 'B', 'B', 'B', 'A'] -> B
['B', 'B', 'B', 'B', 'B', 'B', 'B', 'B', 'B', 'B', 'B', 'B', 'B', 'B', 'B', 'B', 'B', 'B', 'B', 'A'] -> B
['B', 'B', 'B', 'B', 'B', 'B', 'B', 'B', 'B', 'B', 'B', 'B', 'B', 'B', 'B', 'B', 'B', 'B', 'B', 'A'] -> B
['B', 'B', 'B', 'B', 'B', 'B', 'B', 'B', 'B', 'B', 'B', 'B', 'B', 'B', 'B', 'B', 'B', 'B', 'B', 'A'] -> B
['B', 'B', 'B', 'B', 'B', 'B', 'B', 'B', 'B', 'B', 'B', 'B', 'B', 'B', 'B', 'B', 'B', 'B', 'B', 'A'] -> B
['B', 'B', 'B', 'B', 'B', 'B', 'B', 'B', 'B', 'B', 'B', 'B', 'B', 'B', 'B', 'B', 'B', 'B', 'B', 'A'] -> B
['B', 'B', 'B', 'B', 'B', 'B', 'B', 'B', 'B', 'B', 'B', 'B', 'B', 'B', 'B', 'B', 'B', 'B', 'B', 'A'] -> B

No different (0) (x52)
['A', 'A', 'A', 'A', 'A', 'A', 'A', 'A', 'A', 'A', 'A', 'A', 'A', 'A', 'A', 'A', 'A', 'A', 'A', 'A'] -> A
['A', 'A', 'A', 'A', 'A', 'A', 'A', 'A', 'A', 'A', 'A', 'A', 'A', 'A', 'A', 'A', 'A', 'A', 'A', 'A'] -> A
['A', 'A', 'A', 'A', 'A', 'A', 'A', 'A', 'A', 'A', 'A', 'A', 'A', 'A', 'A', 'A', 'A', 'A', 'A', 'A'] -> A
['A', 'A', 'A', 'A', 'A', 'A', 'A', 'A', 'A', 'A', 'A', 'A', 'A', 'A', 'A', 'A', 'A', 'A', 'A', 'A'] -> A
['A', 'A', 'A', 'A', 'A', 'A', 'A', 'A', 'A', 'A', 'A', 'A', 'A', 'A', 'A', 'A', 'A', 'A', 'A', 'A'] -> A
['A', 'A', 'A', 'A', 'A', 'A', 'A', 'A', 'A', 'A', 'A', 'A', 'A', 'A', 'A', 'A', 'A', 'A', 'A', 'A'] -> A
['B', 'B', 'B', 'B', 'B', 'B', 'B', 'B', 'B', 'B', 'B', 'B', 'B', 'B', 'B', 'B', 'B', 'B', 'B', 'B'] -> B
['B', 'B', 'B', 'B', 'B', 'B', 'B', 'B', 'B', 'B', 'B', 'B', 'B', 'B', 'B', 'B', 'B', 'B', 'B', 'B'] -> B
['B', 'B', 'B', 'B', 'B', 'B', 'B', 'B', 'B', 'B', 'B', 'B', 'B', 'B', 'B', 'B', 'B', 'B', 'B', 'B'] -> B
['B', 'B', 'B', 'B', 'B', 'B', 'B', 'B', 'B', 'B', 'B', 'B', 'B', 'B', 'B', 'B', 'B', 'B', 'B', 'B'] -> B
['B', 'B', 'B', 'B', 'B', 'B', 'B', 'B', 'B', 'B', 'B', 'B', 'B', 'B', 'B', 'B', 'B', 'B', 'B', 'B'] -> B
['B', 'B', 'B', 'B', 'B', 'B', 'B', 'B', 'B', 'B', 'B', 'B', 'B', 'B', 'B', 'B', 'B', 'B', 'B', 'B'] -> B
['B', 'B', 'B', 'B', 'B', 'B', 'B', 'B', 'B', 'B', 'B', 'B', 'B', 'B', 'B', 'B', 'B', 'B', 'B', 'B'] -> B
['B', 'B', 'B', 'B', 'B', 'B', 'B', 'B', 'B', 'B', 'B', 'B', 'B', 'B', 'B', 'B', 'B', 'B', 'B', 'B'] -> B
['B', 'B', 'B', 'B', 'B', 'B', 'B', 'B', 'B', 'B', 'B', 'B', 'B', 'B', 'B', 'B', 'B', 'B', 'B', 'B'] -> B
['B', 'B', 'B', 'B', 'B', 'B', 'B', 'B', 'B', 'B', 'B', 'B', 'B', 'B', 'B', 'B', 'B', 'B', 'B', 'B'] -> B
['B', 'B', 'B', 'B', 'B', 'B', 'B', 'B', 'B', 'B', 'B', 'B', 'B', 'B', 'B', 'B', 'B', 'B', 'B', 'B'] -> B
['B', 'B', 'B', 'B', 'B', 'B', 'B', 'B', 'B', 'B', 'B', 'B', 'B', 'B', 'B', 'B', 'B', 'B', 'B', 'B'] -> B
['B', 'B', 'B', 'B', 'B', 'B', 'B', 'B', 'B', 'B', 'B', 'B', 'B', 'B', 'B', 'B', 'B', 'B', 'B', 'B'] -> B
['B', 'B', 'B', 'B', 'B', 'B', 'B', 'B', 'B', 'B', 'B', 'B', 'B', 'B', 'B', 'B', 'B', 'B', 'B', 'B'] -> B
['B', 'B', 'B', 'B', 'B', 'B', 'B', 'B', 'B', 'B', 'B', 'B', 'B', 'B', 'B', 'B', 'B', 'B', 'B', 'B'] -> B
['B', 'B', 'B', 'B', 'B', 'B', 'B', 'B', 'B', 'B', 'B', 'B', 'B', 'B', 'B', 'B', 'B', 'B', 'B', 'B'] -> B
['B', 'B', 'B', 'B', 'B', 'B', 'B', 'B', 'B', 'B', 'B', 'B', 'B', 'B', 'B', 'B', 'B', 'B', 'B', 'B'] -> B
['B', 'B', 'B', 'B', 'B', 'B', 'B', 'B', 'B', 'B', 'B', 'B', 'B', 'B', 'B', 'B', 'B', 'B', 'B', 'B'] -> B
['B', 'B', 'B', 'B', 'B', 'B', 'B', 'B', 'B', 'B', 'B', 'B', 'B', 'B', 'B', 'B', 'B', 'B', 'B', 'B'] -> B
['B', 'B', 'B', 'B', 'B', 'B', 'B', 'B', 'B', 'B', 'B', 'B', 'B', 'B', 'B', 'B', 'B', 'B', 'B', 'B'] -> B
['B', 'B', 'B', 'B', 'B', 'B', 'B', 'B', 'B', 'B', 'B', 'B', 'B', 'B', 'B', 'B', 'B', 'B', 'B', 'B'] -> B
['B', 'B', 'B', 'B', 'B', 'B', 'B', 'B', 'B', 'B', 'B', 'B', 'B', 'B', 'B', 'B', 'B', 'B', 'B', 'B'] -> B
['B', 'B', 'B', 'B', 'B', 'B', 'B', 'B', 'B', 'B', 'B', 'B', 'B', 'B', 'B', 'B', 'B', 'B', 'B', 'B'] -> B
['B', 'B', 'B', 'B', 'B', 'B', 'B', 'B', 'B', 'B', 'B', 'B', 'B', 'B', 'B', 'B', 'B', 'B', 'B', 'B'] -> B
['B', 'B', 'B', 'B', 'B', 'B', 'B', 'B', 'B', 'B', 'B', 'B', 'B', 'B', 'B', 'B', 'B', 'B', 'B', 'B'] -> B
['B', 'B', 'B', 'B', 'B', 'B', 'B', 'B', 'B', 'B', 'B', 'B', 'B', 'B', 'B', 'B', 'B', 'B', 'B', 'B'] -> B
['B', 'B', 'B', 'B', 'B', 'B', 'B', 'B', 'B', 'B', 'B', 'B', 'B', 'B', 'B', 'B', 'B', 'B', 'B', 'B'] -> B
['B', 'B', 'B', 'B', 'B', 'B', 'B', 'B', 'B', 'B', 'B', 'B', 'B', 'B', 'B', 'B', 'B', 'B', 'B', 'B'] -> B
['B', 'B', 'B', 'B', 'B', 'B', 'B', 'B', 'B', 'B', 'B', 'B', 'B', 'B', 'B', 'B', 'B', 'B', 'B', 'B'] -> B
['B', 'B', 'B', 'B', 'B', 'B', 'B', 'B', 'B', 'B', 'B', 'B', 'B', 'B', 'B', 'B', 'B', 'B', 'B', 'B'] -> B
['B', 'B', 'B', 'B', 'B', 'B', 'B', 'B', 'B', 'B', 'B', 'B', 'B', 'B', 'B', 'B', 'B', 'B', 'B', 'B'] -> B
['B', 'B', 'B', 'B', 'B', 'B', 'B', 'B', 'B', 'B', 'B', 'B', 'B', 'B', 'B', 'B', 'B', 'B', 'B', 'B'] -> B
['B', 'B', 'B', 'B', 'B', 'B', 'B', 'B', 'B', 'B', 'B', 'B', 'B', 'B', 'B', 'B', 'B', 'B', 'B', 'B'] -> B
['B', 'B', 'B', 'B', 'B', 'B', 'B', 'B', 'B', 'B', 'B', 'B', 'B', 'B', 'B', 'B', 'B', 'B', 'B', 'B'] -> B
['B', 'B', 'B', 'B', 'B', 'B', 'B', 'B', 'B', 'B', 'B', 'B', 'B', 'B', 'B', 'B', 'B', 'B', 'B', 'B'] -> B
['B', 'B', 'B', 'B', 'B', 'B', 'B', 'B', 'B', 'B', 'B', 'B', 'B', 'B', 'B', 'B', 'B', 'B', 'B', 'B'] -> B
['B', 'B', 'B', 'B', 'B', 'B', 'B', 'B', 'B', 'B', 'B', 'B', 'B', 'B', 'B', 'B', 'B', 'B', 'B', 'B'] -> B
['B', 'B', 'B', 'B', 'B', 'B', 'B', 'B', 'B', 'B', 'B', 'B', 'B', 'B', 'B', 'B', 'B', 'B', 'B', 'B'] -> B
['B', 'B', 'B', 'B', 'B', 'B', 'B', 'B', 'B', 'B', 'B', 'B', 'B', 'B', 'B', 'B', 'B', 'B', 'B', 'B'] -> B
['B', 'B', 'B', 'B', 'B', 'B', 'B', 'B', 'B', 'B', 'B', 'B', 'B', 'B', 'B', 'B', 'B', 'B', 'B', 'B'] -> B
['B', 'B', 'B', 'B', 'B', 'B', 'B', 'B', 'B', 'B', 'B', 'B', 'B', 'B', 'B', 'B', 'B', 'B', 'B', 'B'] -> B
['B', 'B', 'B', 'B', 'B', 'B', 'B', 'B', 'B', 'B', 'B', 'B', 'B', 'B', 'B', 'B', 'B', 'B', 'B', 'B'] -> B
['B', 'B', 'B', 'B', 'B', 'B', 'B', 'B', 'B', 'B', 'B', 'B', 'B', 'B', 'B', 'B', 'B', 'B', 'B', 'B'] -> B
['B', 'B', 'B', 'B', 'B', 'B', 'B', 'B', 'B', 'B', 'B', 'B', 'B', 'B', 'B', 'B', 'B', 'B', 'B', 'B'] -> B
['B', 'B', 'B', 'B', 'B', 'B', 'B', 'B', 'B', 'B', 'B', 'B', 'B', 'B', 'B', 'B', 'B', 'B', 'B', 'B'] -> B
['B', 'B', 'B', 'B', 'B', 'B', 'B', 'B', 'B', 'B', 'B', 'B', 'B', 'B', 'B', 'B', 'B', 'B', 'B', 'B'] -> B


[0.8599221789883269, 0.8521400778210116, 0.8326848249027238, 0.8054474708171206, 0.8171206225680934, 0.8638132295719845, 0.8599221789883269, 0.8832684824902723, 0.8482490272373541, 0.8793774319066148, 0.8638132295719845, 0.8599221789883269, 0.8326848249027238, 0.8171206225680934, 0.867704280155642, 0.8754863813229572, 0.8404669260700389, 0.8793774319066148, 0.8638132295719845, 0.8326848249027238]
0.8517509727626461


Single different (20) (x1)
['B', 'B', 'B', 'B', 'B', 'B', 'B', 'B', 'B', 'B', 'B', 'B', 'B', 'B', 'B', 'B', 'B', 'B', 'B', 'B'] -> A

Multi different (20) (x0)

Forth quarter (16) (x1)
['A', 'A', 'A', 'A', 'A', 'A', 'A', 'A', 'B', 'A', 'A', 'B', 'A', 'A', 'A', 'A', 'B', 'A', 'B', 'A'] -> B

Third quarter (11) (x7)
['A', 'A', 'B', 'B', 'B', 'B', 'B', 'B', 'B', 'B', 'A', 'B', 'A', 'B', 'A', 'B', 'A', 'B', 'B', 'B'] -> A
['A', 'B', 'B', 'A', 'B', 'A', 'B', 'B', 'A', 'B', 'A', 'B', 'A', 'B', 'A', 'B', 'B', 'B', 'B', 'B'] -> A
['B', 'B', 'B', 'B', 'A', 'B', 'A', 'B', 'B', 'B', 'B', 'A', 'A', 'B', 'B', 'B', 'B', 'A', 'B', 'B'] -> A
['A', 'A', 'A', 'B', 'A', 'B', 'B', 'A', 'A', 'A', 'A', 'A', 'B', 'A', 'B', 'B', 'B', 'A', 'B', 'A'] -> B
['A', 'B', 'A', 'A', 'B', 'A', 'A', 'B', 'B', 'A', 'A', 'A', 'B', 'A', 'A', 'B', 'A', 'A', 'B', 'A'] -> B
['A', 'B', 'B', 'A', 'A', 'B', 'A', 'A', 'B', 'B', 'A', 'A', 'A', 'B', 'A', 'B', 'A', 'A', 'A', 'B'] -> B
['A', 'B', 'B', 'B', 'B', 'A', 'B', 'A', 'A', 'A', 'B', 'A', 'B', 'A', 'A', 'A', 'A', 'A', 'B', 'B'] -> B

Second quarter (6) (x8)
['A', 'A', 'B', 'A', 'A', 'A', 'B', 'B', 'B', 'A', 'B', 'A', 'A', 'A', 'A', 'B', 'A', 'B', 'B', 'A'] -> A
['A', 'A', 'B', 'B', 'A', 'A', 'B', 'A', 'B', 'A', 'B', 'A', 'A', 'A', 'A', 'A', 'B', 'A', 'A', 'A'] -> A
['B', 'A', 'B', 'B', 'B', 'B', 'A', 'A', 'A', 'B', 'A', 'A', 'A', 'B', 'A', 'A', 'A', 'B', 'B', 'B'] -> A
['A', 'B', 'B', 'B', 'A', 'B', 'A', 'B', 'B', 'B', 'A', 'B', 'B', 'A', 'A', 'A', 'A', 'B', 'A', 'B'] -> B
['A', 'B', 'B', 'B', 'A', 'B', 'B', 'B', 'B', 'A', 'B', 'A', 'B', 'B', 'B', 'B', 'A', 'B', 'B', 'A'] -> B
['B', 'B', 'A', 'A', 'A', 'B', 'B', 'B', 'B', 'B', 'A', 'B', 'A', 'B', 'B', 'A', 'A', 'A', 'A', 'A'] -> B
['B', 'B', 'B', 'A', 'A', 'B', 'B', 'B', 'B', 'B', 'B', 'A', 'A', 'A', 'A', 'B', 'B', 'B', 'A', 'B'] -> B
['B', 'B', 'B', 'A', 'B', 'B', 'A', 'A', 'B', 'A', 'B', 'B', 'A', 'B', 'B', 'A', 'B', 'B', 'A', 'B'] -> B

First quarter (1) (x10)
['A', 'A', 'B', 'A', 'A', 'A', 'A', 'B', 'B', 'A', 'A', 'A', 'A', 'A', 'A', 'A', 'A', 'A', 'A', 'A'] -> A
['B', 'A', 'B', 'B', 'B', 'B', 'B', 'B', 'B', 'A', 'A', 'B', 'A', 'B', 'B', 'B', 'B', 'B', 'A', 'B'] -> B
['B', 'A', 'B', 'B', 'B', 'B', 'B', 'B', 'B', 'B', 'B', 'B', 'B', 'B', 'B', 'B', 'B', 'B', 'B', 'B'] -> B
['B', 'B', 'B', 'B', 'B', 'B', 'A', 'B', 'B', 'B', 'B', 'B', 'B', 'B', 'B', 'B', 'B', 'A', 'A', 'B'] -> B
['B', 'B', 'B', 'B', 'B', 'B', 'B', 'B', 'B', 'A', 'B', 'B', 'B', 'B', 'B', 'B', 'B', 'B', 'B', 'B'] -> B
['B', 'B', 'B', 'B', 'B', 'B', 'B', 'B', 'B', 'B', 'B', 'B', 'A', 'B', 'B', 'B', 'B', 'B', 'A', 'B'] -> B
['B', 'B', 'B', 'B', 'B', 'B', 'B', 'B', 'B', 'B', 'B', 'B', 'B', 'A', 'B', 'B', 'A', 'B', 'B', 'B'] -> B
['B', 'B', 'B', 'B', 'B', 'B', 'B', 'B', 'B', 'B', 'B', 'B', 'B', 'A', 'B', 'B', 'B', 'B', 'B', 'B'] -> B
['B', 'B', 'B', 'B', 'B', 'B', 'B', 'B', 'B', 'B', 'B', 'B', 'B', 'A', 'B', 'B', 'B', 'B', 'B', 'B'] -> B
['B', 'B', 'B', 'B', 'B', 'B', 'B', 'B', 'B', 'B', 'B', 'B', 'B', 'B', 'A', 'B', 'B', 'B', 'B', 'A'] -> B

No different (0) (x2)
['B', 'B', 'B', 'B', 'B', 'B', 'B', 'B', 'B', 'B', 'B', 'B', 'B', 'B', 'B', 'B', 'B', 'B', 'B', 'B'] -> B
['B', 'B', 'B', 'B', 'B', 'B', 'B', 'B', 'B', 'B', 'B', 'B', 'B', 'B', 'B', 'B', 'B', 'B', 'B', 'B'] -> B


[0.6551724137931034, 0.7586206896551724, 0.5862068965517241, 0.6206896551724138, 0.6206896551724138, 0.7586206896551724, 0.6206896551724138, 0.6206896551724138, 0.7241379310344828, 0.5517241379310345, 0.6206896551724138, 0.6896551724137931, 0.7241379310344828, 0.5172413793103449, 0.6896551724137931, 0.6551724137931034, 0.6206896551724138, 0.5862068965517241, 0.5172413793103449, 0.6206896551724138]
0.6379310344827587
