Namespace(dataset='breast_w', mode='examine', n_estimators=1, num_clf=50, random_state=4239, reuse=True)
Dataset breast_w
(314, 10)
(315, 10)
(70, 10)
Number of label: 2 

Single different (50) (x0)

Multi different (50) (x0)

Forth quarter (38) (x0)

Third quarter (26) (x0)

Second quarter (13) (x13)

First quarter (1) (x143)

No different (0) (x473)


[0.9777424483306836, 0.9841017488076311, 0.9745627980922098, 0.9841017488076311, 0.9761526232114467, 0.9745627980922098, 0.9809220985691574, 0.9841017488076311, 0.9697933227344993, 0.9809220985691574, 0.9697933227344993, 0.985691573926868, 0.9666136724960255, 0.9713831478537361, 0.9872813990461049, 0.9841017488076311, 0.9841017488076311, 0.9809220985691574, 0.9666136724960255, 0.9777424483306836, 0.972972972972973, 0.9761526232114467, 0.972972972972973, 0.9713831478537361, 0.9761526232114467, 0.9841017488076311, 0.9745627980922098, 0.9713831478537361, 0.972972972972973, 0.9841017488076311, 0.9825119236883942, 0.9825119236883942, 0.9825119236883942, 0.9761526232114467, 0.972972972972973, 0.9697933227344993, 0.9777424483306836, 0.9761526232114467, 0.9809220985691574, 0.9745627980922098, 0.9809220985691574, 0.9793322734499205, 0.9825119236883942, 0.9777424483306836, 0.9888712241653418, 0.9777424483306836, 0.9745627980922098, 0.9697933227344993, 0.9666136724960255, 0.9793322734499205]
0.9774244833068363


Single different (50) (x1)

Multi different (50) (x0)

Forth quarter (38) (x1)

Third quarter (26) (x0)

Second quarter (13) (x4)

First quarter (1) (x19)

No different (0) (x45)


[0.9714285714285714, 0.9428571428571428, 0.9285714285714286, 0.9142857142857143, 0.9428571428571428, 0.9428571428571428, 0.9428571428571428, 0.9, 0.9285714285714286, 0.9285714285714286, 0.9142857142857143, 0.9142857142857143, 0.9142857142857143, 0.8857142857142857, 0.9142857142857143, 0.8857142857142857, 0.9571428571428572, 0.9428571428571428, 0.9142857142857143, 0.9571428571428572, 0.9428571428571428, 0.9428571428571428, 0.9571428571428572, 0.9285714285714286, 0.9571428571428572, 0.9285714285714286, 0.9428571428571428, 0.9142857142857143, 0.8857142857142857, 0.9285714285714286, 0.9428571428571428, 0.9285714285714286, 0.9, 0.9428571428571428, 0.8714285714285714, 0.9, 0.9285714285714286, 0.9428571428571428, 0.9285714285714286, 0.9714285714285714, 0.9, 0.9428571428571428, 0.9142857142857143, 0.9428571428571428, 0.9285714285714286, 0.9428571428571428, 0.9571428571428572, 0.9714285714285714, 0.9285714285714286, 0.9428571428571428]
0.9300000000000002
