Namespace(dataset='lymphography', mode='examine', n_estimators=1, num_clf=20, random_state=5762, reuse=False)
Dataset lymphography
(66, 39)
(67, 39)
(15, 39)
Number of label: 4 

Single different (20) (x0)

Multi different (20) (x0)

Forth quarter (16) (x2)
['A', 'A', 'A', 'A', 'A', 'A', 'A', 'A', 'A', 'A', 'A', 'A', 'A', 'B', 'D', 'B', 'A', 'B', 'A', 'B'] -> B
['A', 'A', 'A', 'A', 'B', 'A', 'A', 'C', 'C', 'A', 'A', 'A', 'A', 'A', 'A', 'A', 'B', 'A', 'A', 'C'] -> B

Third quarter (11) (x8)
['B', 'A', 'B', 'A', 'B', 'A', 'A', 'A', 'A', 'B', 'B', 'C', 'B', 'B', 'B', 'A', 'B', 'A', 'A', 'B'] -> A
['B', 'A', 'B', 'B', 'A', 'B', 'A', 'A', 'B', 'B', 'B', 'B', 'A', 'B', 'B', 'B', 'A', 'A', 'B', 'A'] -> A
['B', 'A', 'B', 'B', 'A', 'B', 'B', 'A', 'A', 'B', 'B', 'B', 'B', 'B', 'B', 'A', 'A', 'B', 'B', 'B'] -> A
['B', 'B', 'B', 'B', 'B', 'B', 'B', 'B', 'B', 'A', 'A', 'A', 'B', 'A', 'A', 'B', 'B', 'B', 'B', 'B'] -> A
['A', 'A', 'A', 'B', 'A', 'A', 'B', 'A', 'A', 'B', 'A', 'A', 'A', 'A', 'B', 'A', 'A', 'A', 'A', 'B'] -> B
['A', 'A', 'B', 'B', 'A', 'A', 'B', 'A', 'A', 'B', 'B', 'B', 'B', 'B', 'A', 'A', 'A', 'A', 'A', 'A'] -> B
['A', 'A', 'B', 'C', 'A', 'C', 'A', 'B', 'B', 'A', 'B', 'B', 'C', 'B', 'C', 'C', 'B', 'C', 'C', 'C'] -> B
['C', 'A', 'B', 'B', 'D', 'D', 'A', 'A', 'B', 'A', 'A', 'B', 'B', 'D', 'A', 'B', 'B', 'A', 'B', 'A'] -> B

Second quarter (6) (x17)
['A', 'A', 'A', 'A', 'B', 'A', 'A', 'A', 'B', 'A', 'B', 'A', 'B', 'B', 'B', 'A', 'A', 'A', 'B', 'A'] -> A
['A', 'A', 'A', 'A', 'D', 'D', 'A', 'A', 'D', 'A', 'D', 'D', 'D', 'D', 'A', 'D', 'A', 'C', 'D', 'A'] -> A
['A', 'A', 'A', 'B', 'A', 'A', 'B', 'A', 'A', 'B', 'B', 'A', 'B', 'A', 'A', 'A', 'A', 'A', 'A', 'B'] -> A
['A', 'B', 'B', 'A', 'B', 'B', 'A', 'A', 'B', 'B', 'A', 'A', 'B', 'A', 'A', 'D', 'B', 'B', 'A', 'A'] -> A
['B', 'A', 'B', 'B', 'A', 'A', 'B', 'A', 'A', 'B', 'A', 'B', 'A', 'B', 'D', 'A', 'A', 'A', 'B', 'A'] -> A
['B', 'A', 'B', 'B', 'A', 'A', 'B', 'A', 'A', 'B', 'B', 'B', 'A', 'B', 'B', 'A', 'A', 'A', 'A', 'A'] -> A
['B', 'A', 'B', 'B', 'A', 'A', 'B', 'A', 'B', 'A', 'B', 'A', 'B', 'B', 'A', 'A', 'A', 'A', 'A', 'B'] -> A
['C', 'A', 'A', 'B', 'B', 'A', 'A', 'A', 'A', 'A', 'B', 'C', 'B', 'B', 'B', 'A', 'A', 'B', 'A', 'B'] -> A
['C', 'A', 'B', 'A', 'B', 'A', 'A', 'B', 'B', 'B', 'A', 'A', 'A', 'A', 'A', 'A', 'B', 'A', 'A', 'B'] -> A
['A', 'A', 'A', 'B', 'A', 'A', 'B', 'B', 'B', 'B', 'B', 'B', 'B', 'A', 'B', 'A', 'A', 'A', 'B', 'A'] -> B
['A', 'B', 'A', 'B', 'A', 'B', 'B', 'B', 'A', 'B', 'A', 'A', 'A', 'B', 'D', 'A', 'B', 'B', 'B', 'B'] -> B
['A', 'B', 'B', 'B', 'A', 'A', 'B', 'B', 'B', 'B', 'B', 'B', 'A', 'B', 'B', 'B', 'B', 'A', 'B', 'C'] -> B
['A', 'B', 'B', 'B', 'B', 'A', 'A', 'A', 'B', 'A', 'B', 'A', 'B', 'A', 'A', 'B', 'B', 'A', 'B', 'A'] -> B
['A', 'B', 'B', 'C', 'A', 'C', 'B', 'B', 'B', 'B', 'B', 'B', 'A', 'B', 'C', 'B', 'B', 'A', 'C', 'C'] -> B
['A', 'D', 'B', 'B', 'D', 'D', 'B', 'A', 'B', 'B', 'B', 'B', 'B', 'D', 'B', 'B', 'A', 'A', 'B', 'A'] -> B
['B', 'A', 'B', 'B', 'A', 'A', 'B', 'A', 'A', 'B', 'A', 'A', 'A', 'B', 'B', 'B', 'A', 'B', 'B', 'B'] -> B
['B', 'A', 'B', 'B', 'A', 'B', 'B', 'B', 'A', 'B', 'A', 'A', 'B', 'B', 'A', 'A', 'A', 'B', 'B', 'B'] -> B

First quarter (1) (x31)
['A', 'A', 'A', 'A', 'A', 'A', 'A', 'A', 'A', 'A', 'A', 'A', 'A', 'B', 'A', 'A', 'A', 'A', 'B', 'A'] -> A
['A', 'A', 'A', 'A', 'A', 'A', 'A', 'A', 'A', 'A', 'A', 'A', 'A', 'B', 'B', 'A', 'A', 'A', 'A', 'A'] -> A
['A', 'A', 'A', 'A', 'A', 'A', 'A', 'A', 'A', 'A', 'A', 'A', 'A', 'B', 'B', 'A', 'B', 'A', 'A', 'A'] -> A
['A', 'A', 'A', 'A', 'A', 'A', 'A', 'A', 'A', 'A', 'A', 'A', 'B', 'A', 'B', 'A', 'A', 'A', 'A', 'A'] -> A
['A', 'A', 'A', 'A', 'A', 'A', 'A', 'A', 'A', 'B', 'A', 'A', 'B', 'B', 'A', 'A', 'A', 'A', 'A', 'A'] -> A
['A', 'A', 'A', 'A', 'A', 'A', 'A', 'A', 'B', 'A', 'A', 'A', 'B', 'A', 'A', 'A', 'A', 'B', 'A', 'A'] -> A
['A', 'A', 'A', 'A', 'A', 'A', 'A', 'A', 'B', 'A', 'A', 'A', 'B', 'B', 'A', 'A', 'A', 'A', 'B', 'A'] -> A
['A', 'A', 'A', 'A', 'B', 'A', 'A', 'A', 'A', 'A', 'A', 'A', 'A', 'A', 'A', 'A', 'A', 'A', 'A', 'A'] -> A
['A', 'A', 'A', 'A', 'B', 'A', 'A', 'A', 'A', 'A', 'A', 'A', 'A', 'A', 'B', 'A', 'A', 'A', 'A', 'A'] -> A
['A', 'A', 'A', 'A', 'B', 'A', 'A', 'A', 'A', 'A', 'A', 'A', 'B', 'B', 'B', 'A', 'A', 'A', 'A', 'A'] -> A
['A', 'A', 'A', 'A', 'B', 'A', 'B', 'A', 'A', 'A', 'A', 'B', 'A', 'A', 'A', 'A', 'A', 'A', 'A', 'A'] -> A
['A', 'A', 'A', 'A', 'B', 'A', 'B', 'A', 'A', 'A', 'A', 'B', 'A', 'A', 'A', 'A', 'A', 'A', 'A', 'A'] -> A
['A', 'A', 'A', 'A', 'B', 'B', 'B', 'A', 'A', 'A', 'A', 'A', 'A', 'A', 'A', 'A', 'A', 'A', 'A', 'A'] -> A
['A', 'A', 'A', 'B', 'B', 'A', 'A', 'A', 'A', 'B', 'B', 'A', 'B', 'A', 'A', 'A', 'A', 'A', 'A', 'A'] -> A
['A', 'A', 'B', 'A', 'A', 'A', 'A', 'A', 'A', 'A', 'A', 'A', 'A', 'A', 'B', 'A', 'A', 'A', 'A', 'A'] -> A
['A', 'A', 'B', 'A', 'A', 'A', 'A', 'A', 'A', 'A', 'A', 'A', 'A', 'B', 'A', 'A', 'B', 'A', 'A', 'A'] -> A
['A', 'A', 'B', 'A', 'A', 'A', 'A', 'A', 'A', 'A', 'A', 'A', 'B', 'A', 'A', 'A', 'A', 'A', 'B', 'A'] -> A
['A', 'A', 'B', 'A', 'A', 'A', 'A', 'A', 'A', 'A', 'A', 'A', 'B', 'A', 'B', 'A', 'A', 'A', 'A', 'A'] -> A
['A', 'A', 'B', 'A', 'A', 'A', 'A', 'C', 'B', 'A', 'A', 'A', 'A', 'A', 'A', 'A', 'B', 'A', 'A', 'A'] -> A
['A', 'A', 'B', 'A', 'A', 'B', 'B', 'A', 'A', 'A', 'A', 'A', 'A', 'A', 'B', 'A', 'A', 'B', 'A', 'A'] -> A
['A', 'A', 'B', 'A', 'B', 'A', 'A', 'A', 'A', 'A', 'A', 'A', 'B', 'A', 'B', 'A', 'A', 'A', 'B', 'A'] -> A
['A', 'B', 'A', 'A', 'A', 'A', 'A', 'A', 'A', 'A', 'A', 'A', 'A', 'A', 'B', 'A', 'A', 'A', 'A', 'A'] -> A
['A', 'B', 'A', 'A', 'A', 'A', 'A', 'A', 'A', 'A', 'A', 'A', 'B', 'B', 'A', 'A', 'A', 'A', 'A', 'A'] -> A
['A', 'A', 'B', 'B', 'B', 'B', 'B', 'B', 'B', 'B', 'B', 'B', 'B', 'B', 'B', 'A', 'A', 'B', 'B', 'B'] -> B
['A', 'B', 'B', 'B', 'B', 'B', 'B', 'B', 'A', 'B', 'B', 'B', 'B', 'B', 'B', 'B', 'B', 'B', 'B', 'B'] -> B
['B', 'A', 'B', 'B', 'B', 'A', 'B', 'B', 'A', 'B', 'B', 'B', 'B', 'B', 'B', 'A', 'A', 'B', 'B', 'B'] -> B
['B', 'B', 'B', 'A', 'B', 'B', 'A', 'B', 'B', 'B', 'B', 'B', 'B', 'A', 'B', 'B', 'B', 'B', 'B', 'B'] -> B
['B', 'B', 'B', 'B', 'B', 'B', 'A', 'B', 'B', 'B', 'B', 'B', 'B', 'B', 'B', 'B', 'B', 'B', 'B', 'B'] -> B
['B', 'B', 'B', 'B', 'B', 'B', 'B', 'B', 'B', 'A', 'B', 'B', 'B', 'B', 'B', 'B', 'B', 'B', 'B', 'B'] -> B
['B', 'B', 'B', 'B', 'B', 'B', 'B', 'B', 'B', 'B', 'B', 'B', 'B', 'A', 'A', 'B', 'B', 'B', 'B', 'A'] -> B
['B', 'B', 'B', 'B', 'B', 'B', 'B', 'C', 'C', 'C', 'B', 'C', 'B', 'B', 'B', 'B', 'B', 'A', 'B', 'B'] -> B

No different (0) (x9)
['A', 'A', 'A', 'A', 'A', 'A', 'A', 'A', 'A', 'A', 'A', 'A', 'A', 'A', 'A', 'A', 'A', 'A', 'A', 'A'] -> A
['A', 'A', 'A', 'A', 'A', 'A', 'A', 'A', 'A', 'A', 'A', 'A', 'A', 'A', 'A', 'A', 'A', 'A', 'A', 'A'] -> A
['A', 'A', 'A', 'A', 'A', 'A', 'A', 'A', 'A', 'A', 'A', 'A', 'A', 'A', 'A', 'A', 'A', 'A', 'A', 'A'] -> A
['A', 'A', 'A', 'A', 'A', 'A', 'A', 'A', 'A', 'A', 'A', 'A', 'A', 'A', 'A', 'A', 'A', 'A', 'A', 'A'] -> A
['B', 'B', 'B', 'B', 'B', 'B', 'B', 'B', 'B', 'B', 'B', 'B', 'B', 'B', 'B', 'B', 'B', 'B', 'B', 'B'] -> B
['B', 'B', 'B', 'B', 'B', 'B', 'B', 'B', 'B', 'B', 'B', 'B', 'B', 'B', 'B', 'B', 'B', 'B', 'B', 'B'] -> B
['B', 'B', 'B', 'B', 'B', 'B', 'B', 'B', 'B', 'B', 'B', 'B', 'B', 'B', 'B', 'B', 'B', 'B', 'B', 'B'] -> B
['B', 'B', 'B', 'B', 'B', 'B', 'B', 'B', 'B', 'B', 'B', 'B', 'B', 'B', 'B', 'B', 'B', 'B', 'B', 'B'] -> B
['B', 'B', 'B', 'B', 'B', 'B', 'B', 'B', 'B', 'B', 'B', 'B', 'B', 'B', 'B', 'B', 'B', 'B', 'B', 'B'] -> B


[0.6567164179104478, 0.7611940298507462, 0.6865671641791045, 0.7910447761194029, 0.5970149253731343, 0.7014925373134329, 0.746268656716418, 0.8208955223880597, 0.7014925373134329, 0.746268656716418, 0.746268656716418, 0.746268656716418, 0.5970149253731343, 0.6268656716417911, 0.5970149253731343, 0.8059701492537313, 0.7611940298507462, 0.7313432835820896, 0.7611940298507462, 0.746268656716418]
0.7164179104477613


Single different (20) (x0)

Multi different (20) (x0)

Forth quarter (16) (x0)

Third quarter (11) (x2)
['A', 'A', 'A', 'B', 'B', 'B', 'B', 'B', 'C', 'B', 'A', 'B', 'A', 'B', 'A', 'B', 'B', 'B', 'B', 'C'] -> A
['A', 'A', 'B', 'B', 'B', 'A', 'A', 'B', 'A', 'B', 'B', 'C', 'B', 'B', 'B', 'A', 'B', 'A', 'B', 'B'] -> A

Second quarter (6) (x4)
['A', 'A', 'A', 'A', 'B', 'A', 'A', 'A', 'B', 'A', 'B', 'A', 'B', 'B', 'A', 'A', 'A', 'A', 'B', 'A'] -> A
['A', 'B', 'B', 'C', 'A', 'C', 'B', 'B', 'B', 'A', 'B', 'B', 'A', 'B', 'C', 'B', 'B', 'A', 'C', 'C'] -> B
['A', 'B', 'B', 'C', 'A', 'C', 'B', 'B', 'B', 'A', 'B', 'B', 'A', 'B', 'C', 'B', 'B', 'A', 'C', 'C'] -> B
['B', 'B', 'B', 'A', 'A', 'B', 'B', 'A', 'B', 'B', 'A', 'B', 'A', 'B', 'A', 'A', 'B', 'A', 'A', 'A'] -> B

First quarter (1) (x8)
['A', 'A', 'A', 'A', 'A', 'A', 'A', 'A', 'A', 'B', 'B', 'A', 'A', 'A', 'A', 'A', 'A', 'A', 'A', 'B'] -> A
['A', 'A', 'A', 'A', 'A', 'A', 'B', 'A', 'A', 'A', 'A', 'A', 'A', 'A', 'B', 'A', 'A', 'A', 'A', 'A'] -> A
['A', 'A', 'A', 'A', 'A', 'A', 'B', 'A', 'A', 'A', 'A', 'A', 'A', 'A', 'B', 'A', 'A', 'A', 'A', 'A'] -> A
['A', 'B', 'B', 'A', 'A', 'A', 'A', 'A', 'A', 'A', 'A', 'A', 'A', 'B', 'B', 'A', 'A', 'A', 'A', 'A'] -> A
['A', 'B', 'B', 'A', 'B', 'B', 'B', 'B', 'A', 'B', 'B', 'B', 'B', 'B', 'B', 'B', 'B', 'B', 'B', 'B'] -> B
['A', 'B', 'B', 'B', 'B', 'B', 'A', 'B', 'B', 'B', 'B', 'C', 'B', 'B', 'B', 'B', 'B', 'B', 'B', 'B'] -> B
['B', 'B', 'B', 'B', 'B', 'A', 'B', 'B', 'B', 'B', 'B', 'B', 'B', 'B', 'B', 'B', 'B', 'B', 'B', 'B'] -> B
['B', 'B', 'B', 'B', 'B', 'B', 'A', 'B', 'B', 'B', 'B', 'B', 'B', 'B', 'B', 'B', 'B', 'B', 'B', 'B'] -> B

No different (0) (x1)
['B', 'B', 'B', 'B', 'B', 'B', 'B', 'B', 'B', 'B', 'B', 'B', 'B', 'B', 'B', 'B', 'B', 'B', 'B', 'B'] -> B


[0.7333333333333333, 0.9333333333333333, 0.8666666666666667, 0.6, 0.6, 0.7333333333333333, 0.6666666666666666, 0.8, 0.8, 0.6666666666666666, 0.7333333333333333, 0.8, 0.6666666666666666, 0.7333333333333333, 0.5333333333333333, 0.8666666666666667, 0.8666666666666667, 0.7333333333333333, 0.6, 0.6]
0.7266666666666666
