Namespace(dataset='hepatitis', mode='examine', n_estimators=1, num_clf=50, random_state=4776, reuse=False)
Dataset hepatitis
(70, 20)
(70, 20)
(15, 20)
Number of label: 2 

Single different (50) (x0)

Multi different (50) (x0)

Forth quarter (38) (x5)

Third quarter (26) (x4)

Second quarter (13) (x15)

First quarter (1) (x28)

No different (0) (x18)


[0.7428571428571429, 0.7857142857142857, 0.7571428571428571, 0.7428571428571429, 0.8, 0.7142857142857143, 0.8, 0.8285714285714286, 0.8142857142857143, 0.8, 0.8571428571428571, 0.7857142857142857, 0.8285714285714286, 0.8285714285714286, 0.7428571428571429, 0.7142857142857143, 0.7714285714285715, 0.8285714285714286, 0.8142857142857143, 0.8142857142857143, 0.7857142857142857, 0.7142857142857143, 0.8428571428571429, 0.7428571428571429, 0.7714285714285715, 0.7428571428571429, 0.8, 0.7857142857142857, 0.8142857142857143, 0.7428571428571429, 0.8142857142857143, 0.7, 0.7857142857142857, 0.7285714285714285, 0.8285714285714286, 0.6857142857142857, 0.7714285714285715, 0.8285714285714286, 0.8571428571428571, 0.8857142857142857, 0.7857142857142857, 0.7142857142857143, 0.8857142857142857, 0.7428571428571429, 0.8571428571428571, 0.8428571428571429, 0.7714285714285715, 0.7857142857142857, 0.7142857142857143, 0.7857142857142857]
0.7857142857142857


Single different (50) (x0)

Multi different (50) (x0)

Forth quarter (38) (x0)

Third quarter (26) (x2)

Second quarter (13) (x4)

First quarter (1) (x5)

No different (0) (x4)


[0.8, 0.7333333333333333, 0.8, 0.7333333333333333, 0.8666666666666667, 0.8, 0.7333333333333333, 0.8, 0.7333333333333333, 0.8666666666666667, 0.6666666666666666, 0.8, 0.6666666666666666, 0.8666666666666667, 0.7333333333333333, 0.8666666666666667, 0.7333333333333333, 0.8, 0.8, 0.8666666666666667, 0.9333333333333333, 0.8666666666666667, 0.8666666666666667, 0.8, 0.9333333333333333, 0.9333333333333333, 0.7333333333333333, 0.8666666666666667, 0.9333333333333333, 0.7333333333333333, 0.8, 0.7333333333333333, 0.7333333333333333, 0.8, 0.8666666666666667, 0.8, 0.8, 0.8, 1.0, 0.8, 0.6666666666666666, 0.8, 0.8666666666666667, 0.8, 0.8, 0.8, 0.7333333333333333, 0.8, 0.7333333333333333, 0.8666666666666667]
0.8053333333333333
