Namespace(dataset='glass', mode='examine', n_estimators=1, num_clf=50, random_state=4008, reuse=True)
Dataset glass
(96, 10)
(97, 10)
(21, 10)
Number of label: 6 

Single different (50) (x0)

Multi different (50) (x0)

Forth quarter (38) (x0)

Third quarter (26) (x0)

Second quarter (13) (x37)

First quarter (1) (x141)

No different (0) (x15)


[0.8704663212435233, 0.8238341968911918, 0.844559585492228, 0.8704663212435233, 0.8549222797927462, 0.8911917098445595, 0.844559585492228, 0.8341968911917098, 0.8549222797927462, 0.8238341968911918, 0.8704663212435233, 0.8808290155440415, 0.844559585492228, 0.8756476683937824, 0.8704663212435233, 0.8601036269430051, 0.8652849740932642, 0.8860103626943006, 0.8808290155440415, 0.8393782383419689, 0.8808290155440415, 0.8911917098445595, 0.8652849740932642, 0.8704663212435233, 0.8393782383419689, 0.844559585492228, 0.8082901554404145, 0.844559585492228, 0.8601036269430051, 0.8601036269430051, 0.8704663212435233, 0.844559585492228, 0.9067357512953368, 0.8497409326424871, 0.8808290155440415, 0.8341968911917098, 0.8756476683937824, 0.8238341968911918, 0.8652849740932642, 0.8704663212435233, 0.8911917098445595, 0.8393782383419689, 0.8601036269430051, 0.8549222797927462, 0.8497409326424871, 0.8911917098445595, 0.8549222797927462, 0.8186528497409327, 0.8860103626943006, 0.8860103626943006]
0.8601036269430051


Single different (50) (x0)

Multi different (50) (x0)

Forth quarter (38) (x0)

Third quarter (26) (x6)

Second quarter (13) (x6)

First quarter (1) (x9)

No different (0) (x0)


[0.7619047619047619, 0.5714285714285714, 0.8095238095238095, 0.6666666666666666, 0.6190476190476191, 0.8095238095238095, 0.6666666666666666, 0.6190476190476191, 0.6190476190476191, 0.7142857142857143, 0.6666666666666666, 0.7619047619047619, 0.7142857142857143, 0.7619047619047619, 0.6666666666666666, 0.5714285714285714, 0.6666666666666666, 0.5238095238095238, 0.8571428571428571, 0.6190476190476191, 0.6666666666666666, 0.7619047619047619, 0.6666666666666666, 0.5714285714285714, 0.5714285714285714, 0.5714285714285714, 0.7142857142857143, 0.7142857142857143, 0.6666666666666666, 0.6190476190476191, 0.8095238095238095, 0.6666666666666666, 0.7142857142857143, 0.6190476190476191, 0.7619047619047619, 0.6666666666666666, 0.47619047619047616, 0.7142857142857143, 0.6666666666666666, 0.5714285714285714, 0.8095238095238095, 0.6666666666666666, 0.7619047619047619, 0.6666666666666666, 0.7142857142857143, 0.7619047619047619, 0.7619047619047619, 0.7142857142857143, 0.6190476190476191, 0.8095238095238095]
0.6828571428571428
