Namespace(dataset='breast_w', mode='examine', n_estimators=1, num_clf=50, random_state=7990, reuse=False)
Dataset breast_w
(314, 10)
(315, 10)
(70, 10)
Number of label: 2 

Single different (50) (x1)

Multi different (50) (x0)

Forth quarter (38) (x5)

Third quarter (26) (x7)

Second quarter (13) (x20)

First quarter (1) (x72)

No different (0) (x210)


[0.9428571428571428, 0.9174603174603174, 0.9142857142857143, 0.926984126984127, 0.9333333333333333, 0.9396825396825397, 0.9301587301587302, 0.9301587301587302, 0.9365079365079365, 0.9333333333333333, 0.946031746031746, 0.9174603174603174, 0.9365079365079365, 0.926984126984127, 0.9365079365079365, 0.9365079365079365, 0.9079365079365079, 0.946031746031746, 0.9174603174603174, 0.9428571428571428, 0.9206349206349206, 0.9333333333333333, 0.946031746031746, 0.9428571428571428, 0.9142857142857143, 0.9174603174603174, 0.9492063492063492, 0.9365079365079365, 0.9333333333333333, 0.9492063492063492, 0.9523809523809523, 0.9111111111111111, 0.9333333333333333, 0.9365079365079365, 0.9206349206349206, 0.8952380952380953, 0.9365079365079365, 0.9396825396825397, 0.8857142857142857, 0.9174603174603174, 0.9174603174603174, 0.926984126984127, 0.9238095238095239, 0.9333333333333333, 0.9428571428571428, 0.9396825396825397, 0.926984126984127, 0.9333333333333333, 0.9428571428571428, 0.9142857142857143]
0.9298412698412697


Single different (50) (x0)

Multi different (50) (x0)

Forth quarter (38) (x0)

Third quarter (26) (x0)

Second quarter (13) (x3)

First quarter (1) (x14)

No different (0) (x53)


[0.9285714285714286, 0.9857142857142858, 0.9714285714285714, 0.9571428571428572, 0.9857142857142858, 0.9857142857142858, 0.9857142857142858, 0.9714285714285714, 0.9857142857142858, 0.9714285714285714, 1.0, 0.9714285714285714, 0.9571428571428572, 0.9857142857142858, 1.0, 0.9714285714285714, 1.0, 0.9857142857142858, 0.9571428571428572, 0.9857142857142858, 0.9142857142857143, 0.9714285714285714, 0.9857142857142858, 0.9714285714285714, 0.9428571428571428, 0.9571428571428572, 0.9428571428571428, 0.9571428571428572, 0.9571428571428572, 0.9857142857142858, 1.0, 0.9428571428571428, 0.9857142857142858, 0.9857142857142858, 0.9857142857142858, 0.9428571428571428, 0.9714285714285714, 1.0, 0.9571428571428572, 0.9714285714285714, 0.9857142857142858, 0.9142857142857143, 0.9857142857142858, 0.9571428571428572, 0.9714285714285714, 1.0, 0.9571428571428572, 0.9857142857142858, 0.9714285714285714, 0.9571428571428572]
0.9711428571428571
