Namespace(dataset='glass', mode='examine', n_estimators=1, num_clf=100, random_state=2735, reuse=True)
Dataset glass
(96, 10)
(97, 10)
(21, 10)
Number of label: 6 

Single different (100) (x0)

Multi different (100) (x0)

Forth quarter (76) (x0)

Third quarter (51) (x0)

Second quarter (26) (x30)

First quarter (1) (x153)

No different (0) (x10)


[0.8549222797927462, 0.8860103626943006, 0.8393782383419689, 0.9015544041450777, 0.8911917098445595, 0.8808290155440415, 0.8704663212435233, 0.8652849740932642, 0.8186528497409327, 0.8652849740932642, 0.8238341968911918, 0.8186528497409327, 0.8601036269430051, 0.8911917098445595, 0.8704663212435233, 0.8756476683937824, 0.8601036269430051, 0.9067357512953368, 0.8860103626943006, 0.8652849740932642, 0.8341968911917098, 0.8808290155440415, 0.8704663212435233, 0.8808290155440415, 0.8652849740932642, 0.8290155440414507, 0.8341968911917098, 0.8652849740932642, 0.8808290155440415, 0.8238341968911918, 0.8704663212435233, 0.8652849740932642, 0.8860103626943006, 0.8238341968911918, 0.8860103626943006, 0.8601036269430051, 0.8652849740932642, 0.8341968911917098, 0.8549222797927462, 0.8341968911917098, 0.9015544041450777, 0.8601036269430051, 0.8911917098445595, 0.8393782383419689, 0.8497409326424871, 0.844559585492228, 0.8497409326424871, 0.8808290155440415, 0.8393782383419689, 0.8860103626943006, 0.844559585492228, 0.8756476683937824, 0.8031088082901554, 0.8860103626943006, 0.8601036269430051, 0.8808290155440415, 0.8601036269430051, 0.8341968911917098, 0.8497409326424871, 0.8704663212435233, 0.8652849740932642, 0.8238341968911918, 0.8911917098445595, 0.8549222797927462, 0.8808290155440415, 0.8808290155440415, 0.9015544041450777, 0.8860103626943006, 0.8393782383419689, 0.8134715025906736, 0.8290155440414507, 0.8549222797927462, 0.8756476683937824, 0.8756476683937824, 0.8601036269430051, 0.8704663212435233, 0.8341968911917098, 0.8601036269430051, 0.844559585492228, 0.8756476683937824, 0.8860103626943006, 0.844559585492228, 0.8497409326424871, 0.8549222797927462, 0.8756476683937824, 0.8808290155440415, 0.8808290155440415, 0.8808290155440415, 0.8652849740932642, 0.844559585492228, 0.8549222797927462, 0.8549222797927462, 0.8497409326424871, 0.8601036269430051, 0.8341968911917098, 0.8549222797927462, 0.8704663212435233, 0.8082901554404145, 0.8549222797927462, 0.8911917098445595]
0.8609844559585492


Single different (100) (x0)

Multi different (100) (x0)

Forth quarter (76) (x1)

Third quarter (51) (x2)

Second quarter (26) (x7)

First quarter (1) (x10)

No different (0) (x1)


[0.7619047619047619, 0.7142857142857143, 0.7142857142857143, 0.6666666666666666, 0.7142857142857143, 0.6666666666666666, 0.7142857142857143, 0.7142857142857143, 0.7142857142857143, 0.7142857142857143, 0.6666666666666666, 0.7619047619047619, 0.5714285714285714, 0.7619047619047619, 0.6666666666666666, 0.7619047619047619, 0.7619047619047619, 0.8095238095238095, 0.8571428571428571, 0.7619047619047619, 0.7619047619047619, 0.5238095238095238, 0.6190476190476191, 0.8571428571428571, 0.7619047619047619, 0.5714285714285714, 0.8571428571428571, 0.6190476190476191, 0.7619047619047619, 0.7619047619047619, 0.5238095238095238, 0.6666666666666666, 0.6666666666666666, 0.6190476190476191, 0.8095238095238095, 0.7619047619047619, 0.6666666666666666, 0.7619047619047619, 0.8095238095238095, 0.8095238095238095, 0.8095238095238095, 0.6666666666666666, 0.7619047619047619, 0.7142857142857143, 0.5714285714285714, 0.6190476190476191, 0.6666666666666666, 0.9523809523809523, 0.6666666666666666, 0.8095238095238095, 0.8095238095238095, 0.7142857142857143, 0.7142857142857143, 0.7142857142857143, 0.8571428571428571, 0.6190476190476191, 0.6666666666666666, 0.5714285714285714, 0.6190476190476191, 0.8095238095238095, 0.7142857142857143, 0.7142857142857143, 0.6190476190476191, 0.8095238095238095, 0.9047619047619048, 0.5238095238095238, 0.6666666666666666, 0.6666666666666666, 0.7619047619047619, 0.38095238095238093, 0.6190476190476191, 0.7142857142857143, 0.7619047619047619, 0.5714285714285714, 0.6190476190476191, 0.8095238095238095, 0.7619047619047619, 0.5714285714285714, 0.8095238095238095, 0.6666666666666666, 0.7142857142857143, 0.7619047619047619, 0.38095238095238093, 0.6666666666666666, 0.6666666666666666, 0.7619047619047619, 0.6666666666666666, 0.6666666666666666, 0.7619047619047619, 0.7142857142857143, 0.8095238095238095, 0.8095238095238095, 0.7619047619047619, 0.7142857142857143, 0.6666666666666666, 0.7619047619047619, 0.6190476190476191, 0.5238095238095238, 0.7619047619047619, 0.7142857142857143]
0.7057142857142857
