Namespace(dataset='breast_cancer', mode='examine', n_estimators=1, num_clf=100, random_state=2409, reuse=False)
Dataset breast_cancer
(128, 16)
(129, 16)
(29, 16)
Number of label: 2 

Single different (100) (x0)

Multi different (100) (x0)

Forth quarter (76) (x16)

Third quarter (51) (x22)

Second quarter (26) (x31)

First quarter (1) (x54)

No different (0) (x6)


[0.6744186046511628, 0.6201550387596899, 0.6666666666666666, 0.5736434108527132, 0.5813953488372093, 0.6821705426356589, 0.6511627906976745, 0.6744186046511628, 0.6511627906976745, 0.7054263565891473, 0.627906976744186, 0.7209302325581395, 0.6046511627906976, 0.6124031007751938, 0.627906976744186, 0.6356589147286822, 0.627906976744186, 0.5891472868217055, 0.6589147286821705, 0.689922480620155, 0.6511627906976745, 0.5813953488372093, 0.5891472868217055, 0.5503875968992248, 0.627906976744186, 0.6821705426356589, 0.627906976744186, 0.6744186046511628, 0.627906976744186, 0.6124031007751938, 0.6046511627906976, 0.6201550387596899, 0.6124031007751938, 0.689922480620155, 0.6434108527131783, 0.6589147286821705, 0.689922480620155, 0.5736434108527132, 0.751937984496124, 0.6511627906976745, 0.6434108527131783, 0.6821705426356589, 0.6976744186046512, 0.5968992248062015, 0.7131782945736435, 0.689922480620155, 0.6511627906976745, 0.6356589147286822, 0.6744186046511628, 0.6744186046511628, 0.6744186046511628, 0.6744186046511628, 0.6666666666666666, 0.6511627906976745, 0.7054263565891473, 0.6434108527131783, 0.5968992248062015, 0.6434108527131783, 0.6124031007751938, 0.6046511627906976, 0.6434108527131783, 0.6511627906976745, 0.5968992248062015, 0.6511627906976745, 0.6511627906976745, 0.6666666666666666, 0.6356589147286822, 0.6744186046511628, 0.6821705426356589, 0.7209302325581395, 0.6666666666666666, 0.6356589147286822, 0.6201550387596899, 0.6201550387596899, 0.627906976744186, 0.6046511627906976, 0.6356589147286822, 0.6511627906976745, 0.689922480620155, 0.6744186046511628, 0.627906976744186, 0.6511627906976745, 0.6744186046511628, 0.5891472868217055, 0.6976744186046512, 0.6434108527131783, 0.6589147286821705, 0.6821705426356589, 0.6589147286821705, 0.5658914728682171, 0.6124031007751938, 0.5658914728682171, 0.6356589147286822, 0.5968992248062015, 0.5658914728682171, 0.5813953488372093, 0.6821705426356589, 0.6434108527131783, 0.6511627906976745, 0.6589147286821705]
0.6437209302325583


Single different (100) (x0)

Multi different (100) (x0)

Forth quarter (76) (x4)

Third quarter (51) (x3)

Second quarter (26) (x8)

First quarter (1) (x13)

No different (0) (x1)


[0.8620689655172413, 0.5172413793103449, 0.7586206896551724, 0.6896551724137931, 0.5517241379310345, 0.6206896551724138, 0.6896551724137931, 0.6551724137931034, 0.5862068965517241, 0.6551724137931034, 0.6896551724137931, 0.7586206896551724, 0.7241379310344828, 0.6896551724137931, 0.6551724137931034, 0.6551724137931034, 0.7241379310344828, 0.5862068965517241, 0.6551724137931034, 0.7241379310344828, 0.6896551724137931, 0.7586206896551724, 0.5862068965517241, 0.4482758620689655, 0.5862068965517241, 0.6896551724137931, 0.7586206896551724, 0.4827586206896552, 0.5862068965517241, 0.7241379310344828, 0.5517241379310345, 0.7241379310344828, 0.7241379310344828, 0.6551724137931034, 0.5517241379310345, 0.6206896551724138, 0.6206896551724138, 0.6551724137931034, 0.6896551724137931, 0.6896551724137931, 0.5862068965517241, 0.7241379310344828, 0.6206896551724138, 0.5862068965517241, 0.5172413793103449, 0.6206896551724138, 0.6551724137931034, 0.7241379310344828, 0.6896551724137931, 0.6551724137931034, 0.5172413793103449, 0.7241379310344828, 0.7586206896551724, 0.6551724137931034, 0.7241379310344828, 0.6551724137931034, 0.6896551724137931, 0.6896551724137931, 0.6896551724137931, 0.5862068965517241, 0.8275862068965517, 0.6206896551724138, 0.5862068965517241, 0.6206896551724138, 0.4827586206896552, 0.5517241379310345, 0.6896551724137931, 0.6551724137931034, 0.6896551724137931, 0.7241379310344828, 0.7241379310344828, 0.6206896551724138, 0.6206896551724138, 0.6896551724137931, 0.6551724137931034, 0.6896551724137931, 0.6551724137931034, 0.6551724137931034, 0.7241379310344828, 0.6896551724137931, 0.6206896551724138, 0.896551724137931, 0.5862068965517241, 0.6206896551724138, 0.4482758620689655, 0.6551724137931034, 0.6551724137931034, 0.6206896551724138, 0.6551724137931034, 0.6551724137931034, 0.5172413793103449, 0.6551724137931034, 0.6206896551724138, 0.6896551724137931, 0.6896551724137931, 0.6551724137931034, 0.6896551724137931, 0.7241379310344828, 0.5862068965517241, 0.7241379310344828]
0.6544827586206895
