Namespace(dataset='human_activity', mode='examine', n_estimators=1, num_clf=50, random_state=3190, reuse=False)
Dataset human_activity
(3676, 562)
(3676, 562)
(2947, 562)
Number of label: 6 

Single different (50) (x0)

Multi different (50) (x0)

Forth quarter (38) (x16)

Third quarter (26) (x108)

Second quarter (13) (x432)

First quarter (1) (x2541)

No different (0) (x579)


[0.8609902067464635, 0.8522850924918389, 0.8849292709466812, 0.8552774755168662, 0.8906420021762785, 0.8647986942328618, 0.8835690968443961, 0.8582698585418934, 0.8544613710554951, 0.9007072905331882, 0.8890097932535365, 0.8900979325353645, 0.8930903155603918, 0.8740478781284005, 0.9126768226332971, 0.8906420021762785, 0.8862894450489662, 0.8977149075081611, 0.8645266594124048, 0.8849292709466812, 0.8784004352557128, 0.8511969532100109, 0.8745919477693145, 0.8868335146898803, 0.8541893362350381, 0.8582698585418934, 0.8620783460282916, 0.8653427638737758, 0.8843852013057671, 0.8520130576713819, 0.8767682263329706, 0.8873775843307944, 0.8667029379760609, 0.8941784548422198, 0.8797606093579978, 0.8582698585418934, 0.8773122959738846, 0.8925462459194777, 0.9001632208922742, 0.8721436343852013, 0.8634385201305768, 0.8906420021762785, 0.8748639825897715, 0.8639825897714908, 0.8650707290533188, 0.8732317736670294, 0.8569096844396082, 0.8405875952121872, 0.9004352557127312, 0.8324265505984766]
0.8744613710554952


Single different (50) (x0)

Multi different (50) (x0)

Forth quarter (38) (x60)

Third quarter (26) (x246)

Second quarter (13) (x634)

First quarter (1) (x1774)

No different (0) (x233)


[0.7828299966067187, 0.7967424499491008, 0.7896165592127588, 0.7777400746521886, 0.835425856803529, 0.7468612147947065, 0.7767220902612827, 0.7977604343400068, 0.7614523243976926, 0.8092975907702749, 0.8154054971157109, 0.829317950458093, 0.832711231761113, 0.7597556837461825, 0.848320325755005, 0.8266033254156769, 0.8011537156430268, 0.831693247370207, 0.7621309806582965, 0.835086528673227, 0.7692568713946386, 0.7638276213098066, 0.7943671530369868, 0.7950458092975907, 0.7590770274855786, 0.7390566677977605, 0.7980997624703088, 0.7835086528673227, 0.8096369189005769, 0.7872412623006447, 0.7902952154733628, 0.8143875127248049, 0.7926705123854768, 0.7970817780794028, 0.7994570749915167, 0.7390566677977605, 0.7485578554462164, 0.8038683406854428, 0.7414319647098745, 0.7967424499491008, 0.7913131998642687, 0.8099762470308789, 0.831014591109603, 0.7685782151340346, 0.8025110281642348, 0.7787580590430947, 0.7852052935188327, 0.7753647777400746, 0.8147268408551069, 0.7692568713946386]
0.7913199864268747
