Namespace(dataset='human_activity', mode='examine', n_estimators=1, num_clf=50, random_state=7898, reuse=True)
Dataset human_activity
(3676, 562)
(3676, 562)
(2947, 562)
Number of label: 6 

Single different (50) (x0)

Multi different (50) (x0)

Forth quarter (38) (x0)

Third quarter (26) (x0)

Second quarter (13) (x65)

First quarter (1) (x4154)

No different (0) (x3133)


[0.971436343852013, 0.9653155603917302, 0.9687159956474428, 0.9621871599564744, 0.9664036996735582, 0.9710282916213275, 0.9670837867247007, 0.9665397170837867, 0.9654515778019587, 0.9619151251360174, 0.9616430903155604, 0.969804134929271, 0.9650435255712732, 0.9617791077257889, 0.9605549510337323, 0.9628672470076169, 0.9612350380848749, 0.9665397170837867, 0.9688520130576714, 0.9642274211099021, 0.963411316648531, 0.9608269858541894, 0.9608269858541894, 0.9693960826985855, 0.9662676822633297, 0.9640914036996736, 0.9619151251360174, 0.9730685527747551, 0.9672198041349293, 0.9653155603917302, 0.9664036996735582, 0.9696681175190425, 0.9632752992383025, 0.9662676822633297, 0.9536180631120783, 0.9638193688792165, 0.9651795429815017, 0.9672198041349293, 0.9600108813928183, 0.9664036996735582, 0.969804134929271, 0.9655875952121872, 0.9658596300326442, 0.9685799782372143, 0.9585146898803046, 0.9612350380848749, 0.9661316648531012, 0.9632752992383025, 0.9688520130576714, 0.9666757344940152]
0.9651468988030468


Single different (50) (x0)

Multi different (50) (x1)

Forth quarter (38) (x51)

Third quarter (26) (x245)

Second quarter (13) (x495)

First quarter (1) (x1780)

No different (0) (x375)


[0.8052256532066508, 0.7967424499491008, 0.8218527315914489, 0.8245673566338649, 0.836104513064133, 0.8069222938581608, 0.831014591109603, 0.8286392941974889, 0.7926705123854768, 0.8130302002035968, 0.8076009501187649, 0.8076009501187649, 0.8025110281642348, 0.819138106549033, 0.8048863250763488, 0.840176450627757, 0.833050559891415, 0.833050559891415, 0.825924669155073, 0.7872412623006447, 0.826942653545979, 0.7997964031218188, 0.8187987784187309, 0.837122497455039, 0.8568035290125552, 0.8021717000339328, 0.827621309806583, 0.8103155751611809, 0.8011537156430268, 0.8286392941974889, 0.825246012894469, 0.8432304038004751, 0.7818120122158126, 0.8069222938581608, 0.7740074652188667, 0.7977604343400068, 0.833050559891415, 0.8099762470308789, 0.8116728876823889, 0.836104513064133, 0.8367831693247371, 0.8045469969460468, 0.8187987784187309, 0.8456057007125891, 0.8225313878520529, 0.8025110281642348, 0.8245673566338649, 0.8079402782490669, 0.7947064811672888, 0.7991177468612148]
0.8160841533763148
