{'dataset': 'heart', 'algorithm': 'ptdqn', 'num_clf': 20, 'num_training': 350000, 'learning_rate': 0.1, 'discount_factor': 1.0, 'epsilon': 0.1, 'random_state': 4212, 'portion': 0.5, 'sequential': False}
(270, 21)
reading data takes 0.800 sec
number of labels: 2

Running iteration 1 of 10 fold...
[0, 1, 3, 4, 6]
using cpu
using cpu
    accuracy, precision, recall, f_score
max0: 0.865979, 0.865819, 0.863049, 0.863896

    accuracy, precision, recall, f_score
max3: 0.897959, 0.897667, 0.887719, 0.891449

    accuracy, precision, recall, f_score
max1: 0.777778, 0.777778, 0.769886, 0.769886


min loss: 0.013, episode: 290000
max accu: 0.866, episode: 260000

16.59 classifiers used
    accuracy, precision, recall, f_score
mv: 0.777778, 0.777778, 0.755682, 0.761765
wv: 0.777778, 0.777778, 0.755682, 0.761765
fs: 0.814815, 0.819136, 0.815341, 0.810659
rl: 0.777778, 0.777778, 0.769886, 0.769886

0.7288659793814433
0.81, 0.72, 0.71, 0.77, 0.67, 0.73, 0.76, 0.65, 0.78, 0.68, 0.79, 0.65, 0.71, 0.70, 0.74, 0.67, 0.74, 0.77, 0.74, 0.73

0.7387755102040817
0.79, 0.69, 0.71, 0.77, 0.67, 0.71, 0.75, 0.69, 0.81, 0.73, 0.77, 0.69, 0.77, 0.71, 0.75, 0.59, 0.75, 0.81, 0.73, 0.79

0.737037037037037
0.85, 0.62, 0.70, 0.74, 0.62, 0.62, 0.81, 0.81, 0.66, 0.74, 0.77, 0.74, 0.74, 0.81, 0.62, 0.74, 0.77, 0.81, 0.74, 0.74

0.7148148148148148
0.74, 0.85, 0.70, 0.70, 0.66, 0.70, 0.74, 0.77, 0.66, 0.70, 0.59, 0.59, 0.77, 0.66, 0.70, 0.66, 0.85, 0.77, 0.74, 0.66


Running iteration 2 of 10 fold...
[6, 0, 11, 1, 7, 10]
using cpu
using cpu
    accuracy, precision, recall, f_score
max0: 0.783505, 0.786400, 0.783766, 0.781180

    accuracy, precision, recall, f_score
max3: 0.775510, 0.799229, 0.787634, 0.769362

    accuracy, precision, recall, f_score
max1: 0.814815, 0.866255, 0.821429, 0.810659


min loss: 0.012, episode: 288000
max accu: 0.784, episode: 330000

10.74 classifiers used
    accuracy, precision, recall, f_score
mv: 0.851852, 0.886710, 0.857143, 0.850000
wv: 0.851852, 0.886710, 0.857143, 0.850000
fs: 0.777778, 0.806536, 0.782967, 0.775000
rl: 0.814815, 0.866255, 0.821429, 0.810659

0.7371134020618557
0.67, 0.74, 0.75, 0.73, 0.74, 0.69, 0.82, 0.78, 0.68, 0.71, 0.74, 0.78, 0.69, 0.73, 0.76, 0.76, 0.71, 0.67, 0.76, 0.79

0.7234693877551021
0.61, 0.71, 0.73, 0.75, 0.75, 0.63, 0.81, 0.77, 0.69, 0.71, 0.71, 0.81, 0.61, 0.69, 0.73, 0.75, 0.69, 0.71, 0.75, 0.77

0.6944444444444444
0.59, 0.70, 0.59, 0.59, 0.81, 0.70, 0.74, 0.74, 0.59, 0.74, 0.66, 0.66, 0.66, 0.74, 0.77, 0.66, 0.66, 0.77, 0.70, 0.74

0.6981481481481481
0.74, 0.55, 0.88, 0.74, 0.66, 0.44, 0.74, 0.88, 0.62, 0.70, 0.66, 0.74, 0.77, 0.66, 0.62, 0.66, 0.74, 0.77, 0.62, 0.66


Running iteration 3 of 10 fold...
[12, 0, 17, 19]
using cpu
using cpu
    accuracy, precision, recall, f_score
max0: 0.804124, 0.803875, 0.801458, 0.802020

    accuracy, precision, recall, f_score
max3: 0.816327, 0.825234, 0.821552, 0.813531

    accuracy, precision, recall, f_score
max1: 0.925926, 0.934641, 0.916667, 0.923295


min loss: 0.019, episode: 274000
max accu: 0.804, episode: 340000

4.93 classifiers used
    accuracy, precision, recall, f_score
mv: 0.888889, 0.891941, 0.891667, 0.888276
wv: 0.851852, 0.862027, 0.858333, 0.851648
fs: 0.814815, 0.815025, 0.808333, 0.810659
rl: 0.925926, 0.934641, 0.916667, 0.923295

0.7097938144329896
0.64, 0.69, 0.78, 0.73, 0.61, 0.72, 0.68, 0.71, 0.68, 0.65, 0.72, 0.76, 0.80, 0.77, 0.71, 0.58, 0.73, 0.72, 0.78, 0.67

0.7030612244897959
0.61, 0.69, 0.75, 0.73, 0.59, 0.67, 0.67, 0.73, 0.67, 0.61, 0.69, 0.75, 0.77, 0.83, 0.73, 0.57, 0.71, 0.73, 0.79, 0.69

0.7703703703703704
0.77, 0.77, 0.81, 0.81, 0.66, 0.77, 0.81, 0.74, 0.66, 0.74, 0.70, 0.81, 0.77, 0.81, 0.74, 0.70, 0.85, 0.74, 0.85, 0.81

0.7666666666666668
0.70, 0.70, 0.88, 0.77, 0.85, 0.70, 0.77, 0.62, 0.74, 0.70, 0.70, 0.74, 0.85, 0.81, 0.88, 0.74, 0.81, 0.74, 0.77, 0.77

    accuracy, precision, recall, f_score
mv: 0.839506, 0.852143, 0.834830, 0.833347
wv: 0.827160, 0.842172, 0.823719, 0.821138
fs: 0.802469, 0.813566, 0.802214, 0.798773
rl: 0.839506, 0.859558, 0.835994, 0.834614

fs avg size: 5.00000, rl avg size: 10.75309
full test avg accu: 0.72654, test avg accu: 0.73395

training takes 4888.666 sec
