{'dataset': 'iris', 'algorithm': 'ptdqn', 'num_clf': 100, 'num_training': 350000, 'learning_rate': 0.1, 'discount_factor': 1.0, 'epsilon': 0.1, 'random_state': 3413, 'portion': 0.5, 'sequential': False}
(300, 5)
reading data takes 0.012 sec
number of labels: 3

Running iteration 1 of 10 fold...
[1, 0, 18, 2, 34, 3, 41, 4, 26, 5, 30, 6, 50, 7, 53, 8, 58, 9, 38, 10, 62, 11, 65, 12, 66, 13, 77, 14, 89, 15, 93, 16]
using cpu
using cpu
    accuracy, precision, recall, f_score
max0: 0.9704, 0.9708, 0.9697, 0.9709

    accuracy, precision, recall, f_score
max3: 0.9701, 0.9722, 0.9649, 0.9696

    accuracy, precision, recall, f_score
max1: 1.0000, 1.0000, 1.0000, 1.0000


min loss: 0.012, episode: 262000
max accu: 1.000, episode: 30000

1.00 classifiers used
    accuracy, precision, recall, f_score
mv: 1.0000, 1.0000, 1.0000, 1.0000
wv: 1.0000, 1.0000, 1.0000, 1.0000
fs: 1.0000, 1.0000, 1.0000, 1.0000
rl: 1.0000, 1.0000, 1.0000, 1.0000

0.9853333333333333
1.0, 1.0, 1.0, 1.0, 1.0, 0.96, 1.0, 1.0, 1.0, 1.0, 1.0, 0.96, 1.0, 1.0, 1.0, 0.96, 1.0, 1.0, 1.0, 1.0, 1.0, 1.0, 1.0, 1.0, 1.0, 1.0, 1.0, 1.0, 1.0, 1.0, 1.0, 1.0, 1.0, 0.83, 1.0, 0.96, 1.0, 1.0, 0.96, 1.0, 0.96, 0.86, 1.0, 1.0, 0.96, 1.0, 1.0, 1.0, 1.0, 1.0, 1.0, 1.0, 1.0, 1.0, 1.0, 1.0, 0.96, 1.0, 1.0, 1.0, 1.0, 1.0, 1.0, 1.0, 1.0, 0.73, 0.96, 1.0, 1.0, 1.0, 0.96, 1.0, 1.0, 0.8, 1.0, 1.0, 1.0, 0.96, 1.0, 1.0, 1.0, 1.0, 0.96, 0.96, 0.93, 1.0, 1.0, 1.0, 0.93, 0.96, 0.96, 0.96, 1.0, 0.96, 1.0, 1.0, 1.0, 1.0, 1.0, 1.0

0.9930000000000001
1.0, 0.96, 1.0, 1.0, 1.0, 1.0, 1.0, 1.0, 1.0, 1.0, 1.0, 1.0, 1.0, 1.0, 1.0, 1.0, 0.96, 0.96, 1.0, 1.0, 0.96, 1.0, 1.0, 1.0, 1.0, 1.0, 0.96, 1.0, 1.0, 1.0, 1.0, 1.0, 1.0, 1.0, 1.0, 1.0, 1.0, 1.0, 1.0, 1.0, 1.0, 1.0, 0.96, 1.0, 0.93, 1.0, 1.0, 1.0, 1.0, 0.96, 1.0, 1.0, 1.0, 1.0, 1.0, 1.0, 1.0, 1.0, 1.0, 0.96, 1.0, 1.0, 1.0, 1.0, 1.0, 1.0, 1.0, 1.0, 1.0, 1.0, 1.0, 1.0, 0.93, 1.0, 1.0, 1.0, 1.0, 0.93, 0.96, 1.0, 1.0, 1.0, 1.0, 1.0, 1.0, 1.0, 1.0, 1.0, 1.0, 1.0, 1.0, 0.96, 0.96, 1.0, 0.86, 1.0, 1.0, 1.0, 1.0, 1.0


Running iteration 2 of 10 fold...
[74, 0, 2, 1, 6, 3, 9, 4, 10, 5, 14, 7, 18, 8, 33, 11, 53, 12, 57, 13, 70, 15, 82, 16]
using cpu
using cpu
    accuracy, precision, recall, f_score
max0: 0.9704, 0.9709, 0.9711, 0.9718

    accuracy, precision, recall, f_score
max3: 0.9701, 0.9721, 0.9630, 0.9689

    accuracy, precision, recall, f_score
max1: 0.9667, 0.9708, 0.9778, 0.9663


min loss: 0.006, episode: 268000
max accu: 0.967, episode: 40000

1.00 classifiers used
    accuracy, precision, recall, f_score
mv: 0.9333, 0.9481, 0.9556, 0.9345
wv: 0.9333, 0.9481, 0.9556, 0.9345
fs: 0.9667, 0.9708, 0.9778, 0.9663
rl: 0.9667, 0.9708, 0.9778, 0.9663

0.9366666666666669
0.86, 0.5, 0.86, 0.96, 0.86, 0.96, 0.96, 0.96, 0.96, 0.96, 0.96, 0.96, 0.93, 0.9, 0.93, 0.96, 0.9, 0.96, 0.93, 0.96, 0.96, 0.93, 0.86, 0.96, 0.86, 0.93, 0.93, 0.96, 0.96, 0.96, 0.83, 0.96, 0.86, 0.96, 0.93, 0.96, 0.9, 0.96, 0.93, 0.96, 0.9, 0.96, 0.96, 0.96, 0.96, 0.93, 0.93, 0.93, 0.93, 0.96, 0.86, 0.93, 0.93, 0.96, 0.86, 0.96, 0.96, 0.96, 0.93, 0.96, 0.96, 0.96, 0.96, 0.96, 0.9, 0.93, 0.93, 0.96, 1.0, 0.9, 0.96, 0.96, 0.96, 0.96, 0.96, 0.93, 0.96, 0.9, 0.93, 0.93, 0.9, 0.83, 0.96, 0.96, 0.96, 0.93, 0.93, 0.93, 0.96, 0.96, 0.96, 0.96, 0.96, 0.93, 0.93, 0.96, 0.9, 0.93, 0.93, 0.96

0.9356666666666668
0.9, 0.96, 0.96, 0.96, 0.96, 0.96, 0.96, 0.96, 0.86, 0.96, 0.93, 0.93, 0.96, 0.96, 0.93, 0.96, 0.96, 0.96, 0.96, 0.96, 0.9, 0.96, 0.96, 0.96, 0.93, 0.93, 0.9, 0.96, 0.93, 0.96, 0.96, 0.96, 0.96, 0.3, 0.96, 0.93, 0.93, 0.96, 0.93, 0.93, 0.96, 0.96, 0.93, 0.96, 0.96, 0.96, 0.96, 0.96, 0.96, 0.96, 0.86, 0.96, 0.9, 0.96, 0.96, 0.96, 0.9, 0.96, 0.96, 0.96, 0.86, 0.96, 0.96, 0.96, 0.93, 0.7, 0.9, 0.96, 0.96, 0.93, 0.96, 0.96, 0.93, 0.96, 0.93, 0.96, 0.9, 0.93, 0.96, 0.96, 0.93, 0.63, 0.86, 0.93, 0.9, 0.93, 0.93, 0.96, 0.86, 0.96, 0.96, 0.96, 0.96, 0.93, 0.96, 0.93, 0.93, 0.96, 0.96, 0.93


Running iteration 3 of 10 fold...
[9, 0, 5, 1, 2, 3, 6, 4, 10, 7, 14, 8, 25, 11, 37, 12, 18, 13, 30, 15, 46, 16, 50, 17, 34, 19, 62, 20, 38, 21, 42, 22, 74, 23, 77, 24, 78, 26, 92, 27]
using cpu
using cpu
    accuracy, precision, recall, f_score
max0: 0.9111, 0.9185, 0.9155, 0.9158

    accuracy, precision, recall, f_score
max3: 0.8955, 0.9045, 0.8877, 0.8938

    accuracy, precision, recall, f_score
max1: 1.0000, 1.0000, 1.0000, 1.0000


min loss: 0.017, episode: 274000
max accu: 1.000, episode: 230000

2.03 classifiers used
    accuracy, precision, recall, f_score
mv: 0.9667, 0.9704, 0.9667, 0.9628
wv: 0.9667, 0.9704, 0.9667, 0.9628
fs: 0.9667, 0.9704, 0.9667, 0.9628
rl: 1.0000, 1.0000, 1.0000, 1.0000

0.9696666666666668
0.96, 1.0, 1.0, 0.96, 1.0, 0.96, 0.93, 0.96, 0.96, 0.96, 1.0, 0.96, 1.0, 1.0, 1.0, 0.96, 1.0, 0.83, 0.96, 0.96, 1.0, 0.73, 0.96, 0.96, 1.0, 0.96, 1.0, 0.96, 1.0, 1.0, 0.96, 0.96, 0.9, 0.93, 0.96, 0.96, 1.0, 0.96, 0.96, 0.96, 1.0, 1.0, 0.96, 0.96, 1.0, 1.0, 1.0, 0.96, 1.0, 0.76, 1.0, 0.96, 0.96, 1.0, 1.0, 0.96, 1.0, 0.96, 0.96, 0.96, 1.0, 1.0, 1.0, 0.96, 0.96, 0.96, 1.0, 0.96, 0.96, 0.96, 0.96, 0.96, 0.96, 0.96, 0.96, 0.96, 1.0, 0.96, 0.96, 0.96, 1.0, 0.96, 0.96, 0.96, 1.0, 0.96, 0.9, 0.96, 1.0, 0.96, 0.9, 0.96, 1.0, 0.96, 0.93, 0.96, 1.0, 1.0, 0.96, 0.96

0.9753333333333333
0.96, 1.0, 1.0, 0.96, 0.96, 0.96, 0.93, 0.96, 1.0, 1.0, 0.93, 0.96, 1.0, 0.96, 0.96, 0.96, 0.93, 0.96, 1.0, 0.96, 0.96, 1.0, 0.93, 0.96, 0.96, 1.0, 0.96, 0.96, 1.0, 1.0, 0.96, 0.96, 1.0, 1.0, 0.9, 0.96, 0.96, 1.0, 1.0, 0.96, 1.0, 1.0, 1.0, 1.0, 1.0, 0.93, 1.0, 0.96, 1.0, 0.96, 1.0, 0.96, 1.0, 0.83, 1.0, 0.96, 1.0, 1.0, 0.96, 0.96, 1.0, 0.86, 0.96, 0.96, 0.96, 0.96, 1.0, 0.96, 0.96, 0.93, 1.0, 0.96, 1.0, 1.0, 0.96, 0.96, 1.0, 0.9, 1.0, 0.96, 1.0, 1.0, 1.0, 0.96, 0.96, 0.96, 1.0, 0.96, 1.0, 0.96, 1.0, 1.0, 1.0, 0.96, 1.0, 0.96, 1.0, 0.96, 0.96, 0.96


Running iteration 4 of 10 fold...
[1, 0, 77, 3, 5, 4, 2, 7, 9, 8, 14, 11, 21, 12, 22, 16, 29, 19, 32, 6, 42, 24, 46, 31, 50, 35, 54, 40, 62, 43, 66, 44, 69, 48, 70, 55, 73, 56, 74, 59, 84, 10, 85, 63, 90, 64, 93, 67, 98, 71]
using cpu
using cpu
    accuracy, precision, recall, f_score
max0: 0.9778, 0.9791, 0.9796, 0.9794

    accuracy, precision, recall, f_score
max3: 0.9701, 0.9723, 0.9667, 0.9701

    accuracy, precision, recall, f_score
max1: 1.0000, 1.0000, 1.0000, 1.0000


min loss: 0.006, episode: 283000
max accu: 1.000, episode: 240000

3.37 classifiers used
    accuracy, precision, recall, f_score
mv: 0.9667, 0.9714, 0.9722, 0.9599
wv: 0.9667, 0.9714, 0.9722, 0.9599
fs: 0.9667, 0.9714, 0.9722, 0.9599
rl: 1.0000, 1.0000, 1.0000, 1.0000

0.9756666666666667
1.0, 1.0, 0.96, 0.96, 1.0, 0.96, 0.96, 0.96, 0.86, 1.0, 0.96, 0.96, 0.93, 1.0, 0.96, 0.96, 0.93, 1.0, 0.93, 0.96, 1.0, 1.0, 0.96, 0.96, 1.0, 1.0, 0.96, 0.96, 1.0, 1.0, 0.96, 0.96, 1.0, 1.0, 0.96, 0.96, 1.0, 1.0, 0.93, 0.96, 1.0, 1.0, 0.96, 0.96, 1.0, 1.0, 0.96, 0.96, 1.0, 1.0, 0.96, 1.0, 1.0, 1.0, 0.96, 0.96, 1.0, 1.0, 0.96, 0.96, 0.96, 1.0, 0.96, 0.96, 1.0, 1.0, 0.96, 1.0, 1.0, 1.0, 0.96, 0.96, 0.96, 0.96, 0.96, 0.93, 0.93, 0.96, 0.9, 1.0, 0.96, 1.0, 0.96, 0.93, 0.96, 0.96, 0.96, 0.96, 0.96, 1.0, 0.96, 0.96, 0.96, 1.0, 0.96, 0.96, 1.0, 1.0, 0.96, 0.96

0.9753333333333335
0.96, 1.0, 0.96, 1.0, 0.96, 0.96, 0.96, 0.96, 0.96, 1.0, 0.96, 0.96, 1.0, 1.0, 0.96, 0.96, 1.0, 1.0, 0.96, 0.96, 1.0, 0.96, 0.96, 0.96, 1.0, 0.96, 0.96, 0.96, 0.96, 1.0, 0.96, 0.96, 0.96, 0.96, 0.96, 0.96, 0.96, 1.0, 0.96, 0.96, 1.0, 0.9, 0.96, 0.96, 1.0, 1.0, 0.96, 0.96, 0.96, 0.93, 0.96, 0.96, 0.96, 1.0, 0.96, 0.96, 0.96, 1.0, 0.96, 0.96, 0.96, 1.0, 0.96, 0.96, 0.96, 1.0, 0.96, 0.96, 0.96, 1.0, 1.0, 1.0, 1.0, 1.0, 0.96, 0.96, 1.0, 1.0, 0.96, 0.96, 1.0, 1.0, 0.96, 0.96, 0.93, 0.96, 0.96, 1.0, 0.93, 1.0, 0.96, 0.93, 1.0, 1.0, 0.96, 0.93, 1.0, 1.0, 0.96, 0.96

    accuracy, precision, recall, f_score
mv: 0.9667, 0.9725, 0.9736, 0.9643
wv: 0.9667, 0.9725, 0.9736, 0.9643
fs: 0.9750, 0.9782, 0.9792, 0.9722
rl: 0.9917, 0.9927, 0.9944, 0.9916

fs avg size: 36.50000, rl avg size: 1.85000
full test avg accu: 0.96983, test avg accu: 0.96683

training takes 29253.708 sec
