{'dataset': 'iris', 'algorithm': 'ptdqn', 'num_clf': 20, 'num_training': 350000, 'learning_rate': 0.1, 'discount_factor': 1.0, 'epsilon': 0.1, 'random_state': 9357, 'portion': 0.5, 'sequential': False}
(300, 5)
reading data takes 0.019 sec
number of labels: 3

Running iteration 1 of 10 fold...
[10, 0, 1, 2, 11, 3, 8, 4, 6, 5, 9, 7, 13, 12, 15, 14, 16, 17, 18, 19]
using cpu
using cpu
    accuracy, precision, recall, f_score
max0: 0.990741, 0.990984, 0.991453, 0.991227

    accuracy, precision, recall, f_score
max3: 0.981481, 0.982363, 0.977778, 0.980376

    accuracy, precision, recall, f_score
max1: 0.966667, 0.969231, 0.933333, 0.949630


min loss: 0.010, episode: 347000
max accu: 0.991, episode: 220000

4.00 classifiers used
    accuracy, precision, recall, f_score
mv: 0.966667, 0.969231, 0.933333, 0.949630
wv: 0.966667, 0.969231, 0.933333, 0.949630
fs: 0.966667, 0.969231, 0.933333, 0.949630
rl: 0.966667, 0.969231, 0.933333, 0.949630

0.9657407407407407
0.96, 0.94, 0.96, 0.94, 0.98, 0.94, 0.96, 0.97, 0.95, 0.98, 0.99, 0.97, 0.95, 0.94, 0.95, 0.97, 0.98, 0.99, 0.97, 0.97

0.9592592592592591
0.94, 0.92, 0.94, 0.96, 0.98, 0.96, 0.96, 0.96, 0.94, 0.96, 0.98, 0.96, 0.96, 0.94, 0.94, 0.96, 0.98, 0.98, 0.96, 0.94

0.9649999999999996
0.96, 0.96, 0.96, 1.0, 0.96, 0.93, 0.96, 0.96, 0.93, 0.93, 0.96, 0.96, 0.96, 1.0, 0.96, 0.96, 0.96, 0.96, 0.96, 0.96

0.9649999999999999
0.96, 0.96, 0.96, 0.96, 0.96, 0.93, 0.96, 0.96, 0.96, 0.96, 0.93, 0.96, 0.96, 0.96, 0.93, 1.0, 1.0, 1.0, 0.93, 0.96


Running iteration 2 of 10 fold...
[16, 0, 1, 2, 5, 7, 9, 11, 6, 17, 14]
using cpu
using cpu
    accuracy, precision, recall, f_score
max0: 0.972222, 0.972491, 0.974481, 0.973956

    accuracy, precision, recall, f_score
max3: 0.962963, 0.966184, 0.958333, 0.962626

    accuracy, precision, recall, f_score
max1: 0.966667, 0.970833, 0.974359, 0.964444


min loss: 0.007, episode: 350000
max accu: 0.972, episode: 210000

12.63 classifiers used
    accuracy, precision, recall, f_score
mv: 0.966667, 0.970833, 0.974359, 0.964444
wv: 0.966667, 0.970833, 0.974359, 0.964444
fs: 1.000000, 1.000000, 1.000000, 1.000000
rl: 0.966667, 0.970833, 0.974359, 0.964444

0.9546296296296297
0.97, 0.97, 0.95, 0.94, 0.93, 0.94, 0.95, 0.97, 0.95, 0.95, 0.96, 0.94, 0.96, 0.95, 0.96, 0.95, 0.98, 0.92, 0.92, 0.96

0.950925925925926
1.0, 0.98, 0.94, 0.94, 0.90, 0.92, 0.94, 0.96, 0.94, 0.96, 0.94, 0.92, 0.96, 0.92, 0.98, 0.96, 1.0, 0.90, 0.90, 0.98

0.968333333333333
0.96, 0.96, 0.96, 0.96, 1.0, 0.96, 0.96, 1.0, 0.96, 1.0, 0.96, 1.0, 0.96, 0.9, 0.96, 0.93, 0.96, 0.96, 0.96, 0.96

0.9699999999999998
0.96, 0.96, 0.96, 0.96, 0.96, 0.93, 1.0, 1.0, 0.96, 0.93, 0.96, 0.96, 0.96, 1.0, 0.96, 1.0, 0.96, 0.96, 0.96, 0.96


Running iteration 3 of 10 fold...
[7, 0, 6, 1, 8, 2, 9, 3, 10, 4, 11, 5, 12, 13, 14, 15, 16, 17, 18, 19]
using cpu
using cpu
    accuracy, precision, recall, f_score
max0: 0.972222, 0.974306, 0.972973, 0.972928

    accuracy, precision, recall, f_score
max3: 0.962963, 0.966049, 0.955556, 0.961698

    accuracy, precision, recall, f_score
max1: 0.933333, 0.946667, 0.944444, 0.932660


min loss: 0.012, episode: 261000
max accu: 0.972, episode: 10000

1.00 classifiers used
    accuracy, precision, recall, f_score
mv: 0.966667, 0.970370, 0.972222, 0.965899
wv: 0.966667, 0.970370, 0.972222, 0.965899
fs: 0.933333, 0.946667, 0.944444, 0.932660
rl: 0.933333, 0.946667, 0.944444, 0.932660

0.9578703703703703
0.95, 0.95, 0.94, 0.96, 0.93, 0.92, 0.94, 0.97, 0.97, 0.97, 0.96, 0.95, 0.97, 0.95, 0.96, 0.96, 0.96, 0.97, 0.94, 0.97

0.9555555555555554
0.96, 0.94, 0.92, 0.96, 0.92, 0.94, 0.94, 0.96, 0.96, 0.98, 0.94, 0.94, 0.98, 0.94, 0.96, 0.96, 0.98, 0.96, 0.94, 0.96

0.9383333333333332
0.93, 0.96, 0.93, 0.96, 0.96, 0.96, 0.9, 0.93, 0.93, 0.93, 0.96, 0.93, 0.93, 0.96, 0.9, 0.93, 0.93, 0.93, 0.9, 0.93

0.9316666666666666
0.96, 0.93, 0.93, 0.93, 0.9, 0.93, 0.93, 0.93, 0.9, 0.9, 0.93, 0.96, 0.93, 0.93, 0.93, 0.93, 0.9, 0.93, 0.96, 0.93

    accuracy, precision, recall, f_score
mv: 0.966667, 0.970145, 0.959972, 0.959991
wv: 0.966667, 0.970145, 0.959972, 0.959991
fs: 0.966667, 0.971966, 0.959259, 0.960763
rl: 0.955556, 0.962244, 0.950712, 0.948911

fs avg size: 17.00000, rl avg size: 5.87778
full test avg accu: 0.95556, test avg accu: 0.95722

training takes 4650.401 sec
