{'mode': 'examine', 'dataset': 'iris', 'num_clf': 50, 'reuse': False, 'random_state': 857, 'num_estimators': 100}
(135, 5)
(135, 5)
(30, 5)
Number of label: 3 

Single different (50) (x4)

Multi different (50) (x0)

Forth quarter (38) (x0)

Third quarter (26) (x0)

Second quarter (13) (x0)

First quarter (1) (x2)

No different (0) (x129)


[0.9703703703703703, 0.9703703703703703, 0.9703703703703703, 0.9703703703703703, 0.9555555555555556, 0.9703703703703703, 0.9703703703703703, 0.9703703703703703, 0.9703703703703703, 0.9703703703703703, 0.9703703703703703, 0.9703703703703703, 0.9703703703703703, 0.9703703703703703, 0.9703703703703703, 0.9703703703703703, 0.9703703703703703, 0.9703703703703703, 0.9703703703703703, 0.9703703703703703, 0.9703703703703703, 0.9703703703703703, 0.9703703703703703, 0.9555555555555556, 0.9703703703703703, 0.9703703703703703, 0.9703703703703703, 0.9703703703703703, 0.9703703703703703, 0.9703703703703703, 0.9703703703703703, 0.9703703703703703, 0.9703703703703703, 0.9703703703703703, 0.9703703703703703, 0.9703703703703703, 0.9703703703703703, 0.9555555555555556, 0.9703703703703703, 0.9703703703703703, 0.9703703703703703, 0.9703703703703703, 0.9703703703703703, 0.9703703703703703, 0.9703703703703703, 0.9703703703703703, 0.9703703703703703, 0.9703703703703703, 0.9703703703703703, 0.9703703703703703]
0.9694814814814812


Single different (50) (x0)

Multi different (50) (x0)

Forth quarter (38) (x0)

Third quarter (26) (x0)

Second quarter (13) (x0)

First quarter (1) (x0)

No different (0) (x30)


[1.0, 1.0, 1.0, 1.0, 1.0, 1.0, 1.0, 1.0, 1.0, 1.0, 1.0, 1.0, 1.0, 1.0, 1.0, 1.0, 1.0, 1.0, 1.0, 1.0, 1.0, 1.0, 1.0, 1.0, 1.0, 1.0, 1.0, 1.0, 1.0, 1.0, 1.0, 1.0, 1.0, 1.0, 1.0, 1.0, 1.0, 1.0, 1.0, 1.0, 1.0, 1.0, 1.0, 1.0, 1.0, 1.0, 1.0, 1.0, 1.0, 1.0]
1.0
