{'mode': 'examine', 'dataset': 'breast_cancer', 'num_clf': 100, 'reuse': False, 'random_state': 178, 'num_estimators': 100}
(128, 16)
(129, 16)
(29, 16)
Number of label: 2 

Single different (100) (x21)

Multi different (100) (x0)

Forth quarter (76) (x8)

Third quarter (51) (x6)

Second quarter (26) (x8)

First quarter (1) (x19)

No different (0) (x67)


[0.7131782945736435, 0.7286821705426356, 0.6976744186046512, 0.7209302325581395, 0.7209302325581395, 0.7131782945736435, 0.7286821705426356, 0.7209302325581395, 0.7286821705426356, 0.7209302325581395, 0.7286821705426356, 0.7054263565891473, 0.751937984496124, 0.7054263565891473, 0.7209302325581395, 0.7131782945736435, 0.7209302325581395, 0.7286821705426356, 0.7364341085271318, 0.7286821705426356, 0.7131782945736435, 0.7131782945736435, 0.7054263565891473, 0.7209302325581395, 0.6821705426356589, 0.7209302325581395, 0.7131782945736435, 0.7286821705426356, 0.7131782945736435, 0.751937984496124, 0.7286821705426356, 0.689922480620155, 0.7364341085271318, 0.7131782945736435, 0.7286821705426356, 0.7286821705426356, 0.7209302325581395, 0.7131782945736435, 0.7364341085271318, 0.7364341085271318, 0.7286821705426356, 0.7751937984496124, 0.7286821705426356, 0.6976744186046512, 0.7209302325581395, 0.7209302325581395, 0.7286821705426356, 0.7286821705426356, 0.7286821705426356, 0.7286821705426356, 0.751937984496124, 0.6976744186046512, 0.6744186046511628, 0.7054263565891473, 0.7286821705426356, 0.7209302325581395, 0.7441860465116279, 0.7131782945736435, 0.7596899224806202, 0.7286821705426356, 0.7131782945736435, 0.689922480620155, 0.7364341085271318, 0.689922480620155, 0.689922480620155, 0.7286821705426356, 0.7364341085271318, 0.7364341085271318, 0.7209302325581395, 0.7441860465116279, 0.7054263565891473, 0.7286821705426356, 0.7131782945736435, 0.7131782945736435, 0.7054263565891473, 0.7286821705426356, 0.7364341085271318, 0.7441860465116279, 0.7054263565891473, 0.7054263565891473, 0.7131782945736435, 0.7441860465116279, 0.7441860465116279, 0.6821705426356589, 0.7286821705426356, 0.6976744186046512, 0.7054263565891473, 0.7209302325581395, 0.7209302325581395, 0.6821705426356589, 0.7209302325581395, 0.7131782945736435, 0.7441860465116279, 0.6976744186046512, 0.7131782945736435, 0.7054263565891473, 0.7209302325581395, 0.7131782945736435, 0.7209302325581395, 0.751937984496124]
0.7205426356589149


Single different (100) (x7)

Multi different (100) (x0)

Forth quarter (76) (x0)

Third quarter (51) (x2)

Second quarter (26) (x1)

First quarter (1) (x5)

No different (0) (x14)


[0.6206896551724138, 0.7241379310344828, 0.6551724137931034, 0.6896551724137931, 0.6896551724137931, 0.6896551724137931, 0.7241379310344828, 0.6551724137931034, 0.6896551724137931, 0.6551724137931034, 0.7241379310344828, 0.7241379310344828, 0.6896551724137931, 0.6551724137931034, 0.7241379310344828, 0.6896551724137931, 0.6551724137931034, 0.6551724137931034, 0.6896551724137931, 0.7241379310344828, 0.6551724137931034, 0.6896551724137931, 0.6896551724137931, 0.7241379310344828, 0.6896551724137931, 0.7241379310344828, 0.6896551724137931, 0.7241379310344828, 0.6896551724137931, 0.7241379310344828, 0.7241379310344828, 0.6896551724137931, 0.6551724137931034, 0.6896551724137931, 0.6896551724137931, 0.6896551724137931, 0.6896551724137931, 0.7241379310344828, 0.6896551724137931, 0.6896551724137931, 0.6896551724137931, 0.6896551724137931, 0.7241379310344828, 0.6896551724137931, 0.7241379310344828, 0.6896551724137931, 0.6551724137931034, 0.7241379310344828, 0.6551724137931034, 0.6551724137931034, 0.6551724137931034, 0.7241379310344828, 0.7586206896551724, 0.7241379310344828, 0.7241379310344828, 0.7241379310344828, 0.6896551724137931, 0.6551724137931034, 0.6896551724137931, 0.6896551724137931, 0.6206896551724138, 0.6896551724137931, 0.6896551724137931, 0.7241379310344828, 0.6551724137931034, 0.6551724137931034, 0.7241379310344828, 0.6551724137931034, 0.6551724137931034, 0.6206896551724138, 0.6896551724137931, 0.6896551724137931, 0.6896551724137931, 0.6551724137931034, 0.7241379310344828, 0.7241379310344828, 0.7241379310344828, 0.6551724137931034, 0.7241379310344828, 0.6896551724137931, 0.7241379310344828, 0.6896551724137931, 0.7241379310344828, 0.6206896551724138, 0.6206896551724138, 0.6896551724137931, 0.6896551724137931, 0.7241379310344828, 0.6551724137931034, 0.6896551724137931, 0.6896551724137931, 0.6551724137931034, 0.7241379310344828, 0.6551724137931034, 0.6551724137931034, 0.7241379310344828, 0.6896551724137931, 0.6206896551724138, 0.6896551724137931, 0.7241379310344828]
0.6889655172413793
