{'mode': 'examine', 'dataset': 'iris', 'num_clf': 100, 'reuse': False, 'random_state': 3427, 'num_estimators': 100}
(135, 5)
(135, 5)
(30, 5)
Number of label: 3 

Single different (100) (x3)

Multi different (100) (x0)

Forth quarter (76) (x0)

Third quarter (51) (x0)

Second quarter (26) (x0)

First quarter (1) (x1)

No different (0) (x131)


[0.9777777777777777, 0.9777777777777777, 0.9777777777777777, 0.9777777777777777, 0.9777777777777777, 0.9777777777777777, 0.9777777777777777, 0.9777777777777777, 0.9777777777777777, 0.9777777777777777, 0.9777777777777777, 0.9777777777777777, 0.9777777777777777, 0.9777777777777777, 0.9777777777777777, 0.9777777777777777, 0.9777777777777777, 0.9777777777777777, 0.9777777777777777, 0.9777777777777777, 0.9777777777777777, 0.9777777777777777, 0.9777777777777777, 0.9777777777777777, 0.9777777777777777, 0.9777777777777777, 0.9777777777777777, 0.9777777777777777, 0.9777777777777777, 0.9777777777777777, 0.9777777777777777, 0.9777777777777777, 0.9777777777777777, 0.9777777777777777, 0.9777777777777777, 0.9777777777777777, 0.9777777777777777, 0.9777777777777777, 0.9777777777777777, 0.9777777777777777, 0.9777777777777777, 0.9777777777777777, 0.9777777777777777, 0.9777777777777777, 0.9777777777777777, 0.9777777777777777, 0.9777777777777777, 0.9777777777777777, 0.9777777777777777, 0.9777777777777777, 0.9777777777777777, 0.9777777777777777, 0.9777777777777777, 0.9777777777777777, 0.9703703703703703, 0.9777777777777777, 0.9777777777777777, 0.9777777777777777, 0.9777777777777777, 0.9777777777777777, 0.9777777777777777, 0.9777777777777777, 0.9777777777777777, 0.9777777777777777, 0.9777777777777777, 0.9777777777777777, 0.9777777777777777, 0.9777777777777777, 0.9777777777777777, 0.9777777777777777, 0.9777777777777777, 0.9777777777777777, 0.9777777777777777, 0.9777777777777777, 0.9777777777777777, 0.9777777777777777, 0.9777777777777777, 0.9777777777777777, 0.9777777777777777, 0.9777777777777777, 0.9777777777777777, 0.9777777777777777, 0.9777777777777777, 0.9777777777777777, 0.9777777777777777, 0.9777777777777777, 0.9777777777777777, 0.9777777777777777, 0.9777777777777777, 0.9777777777777777, 0.9777777777777777, 0.9777777777777777, 0.9777777777777777, 0.9777777777777777, 0.9777777777777777, 0.9777777777777777, 0.9777777777777777, 0.9777777777777777, 0.9777777777777777, 0.9777777777777777]
0.9777037037037036


Single different (100) (x1)

Multi different (100) (x0)

Forth quarter (76) (x0)

Third quarter (51) (x0)

Second quarter (26) (x0)

First quarter (1) (x0)

No different (0) (x29)


[0.9666666666666667, 0.9666666666666667, 0.9666666666666667, 0.9666666666666667, 0.9666666666666667, 0.9666666666666667, 0.9666666666666667, 0.9666666666666667, 0.9666666666666667, 0.9666666666666667, 0.9666666666666667, 0.9666666666666667, 0.9666666666666667, 0.9666666666666667, 0.9666666666666667, 0.9666666666666667, 0.9666666666666667, 0.9666666666666667, 0.9666666666666667, 0.9666666666666667, 0.9666666666666667, 0.9666666666666667, 0.9666666666666667, 0.9666666666666667, 0.9666666666666667, 0.9666666666666667, 0.9666666666666667, 0.9666666666666667, 0.9666666666666667, 0.9666666666666667, 0.9666666666666667, 0.9666666666666667, 0.9666666666666667, 0.9666666666666667, 0.9666666666666667, 0.9666666666666667, 0.9666666666666667, 0.9666666666666667, 0.9666666666666667, 0.9666666666666667, 0.9666666666666667, 0.9666666666666667, 0.9666666666666667, 0.9666666666666667, 0.9666666666666667, 0.9666666666666667, 0.9666666666666667, 0.9666666666666667, 0.9666666666666667, 0.9666666666666667, 0.9666666666666667, 0.9666666666666667, 0.9666666666666667, 0.9666666666666667, 0.9666666666666667, 0.9666666666666667, 0.9666666666666667, 0.9666666666666667, 0.9666666666666667, 0.9666666666666667, 0.9666666666666667, 0.9666666666666667, 0.9666666666666667, 0.9666666666666667, 0.9666666666666667, 0.9666666666666667, 0.9666666666666667, 0.9666666666666667, 0.9666666666666667, 0.9666666666666667, 0.9666666666666667, 0.9666666666666667, 0.9666666666666667, 0.9666666666666667, 0.9666666666666667, 0.9666666666666667, 0.9666666666666667, 0.9666666666666667, 0.9666666666666667, 0.9666666666666667, 0.9666666666666667, 0.9666666666666667, 0.9666666666666667, 0.9666666666666667, 0.9666666666666667, 0.9666666666666667, 0.9666666666666667, 0.9666666666666667, 0.9666666666666667, 0.9666666666666667, 0.9666666666666667, 0.9666666666666667, 0.9666666666666667, 0.9666666666666667, 0.9666666666666667, 0.9666666666666667, 0.9666666666666667, 0.9666666666666667, 0.9666666666666667, 0.9666666666666667]
0.9666666666666667
