{'mode': 'examine', 'dataset': 'breast_w', 'num_clf': 100, 'reuse': False, 'random_state': 4107, 'num_estimators': 100}
(314, 10)
(315, 10)
(70, 10)
Number of label: 2 

Single different (100) (x9)

Multi different (100) (x0)

Forth quarter (76) (x4)

Third quarter (51) (x1)

Second quarter (26) (x1)

First quarter (1) (x6)

No different (0) (x294)


[0.9587301587301588, 0.9619047619047619, 0.9555555555555556, 0.9523809523809523, 0.9587301587301588, 0.9555555555555556, 0.9587301587301588, 0.9587301587301588, 0.9523809523809523, 0.9555555555555556, 0.9523809523809523, 0.9555555555555556, 0.9587301587301588, 0.946031746031746, 0.9555555555555556, 0.9523809523809523, 0.9555555555555556, 0.9555555555555556, 0.9555555555555556, 0.9587301587301588, 0.9555555555555556, 0.9555555555555556, 0.9555555555555556, 0.9587301587301588, 0.9587301587301588, 0.9523809523809523, 0.9555555555555556, 0.9555555555555556, 0.9555555555555556, 0.9523809523809523, 0.9523809523809523, 0.9555555555555556, 0.9555555555555556, 0.9492063492063492, 0.9555555555555556, 0.9619047619047619, 0.9523809523809523, 0.9492063492063492, 0.9587301587301588, 0.9492063492063492, 0.9555555555555556, 0.9523809523809523, 0.9555555555555556, 0.9587301587301588, 0.9555555555555556, 0.9523809523809523, 0.9587301587301588, 0.9523809523809523, 0.9555555555555556, 0.9555555555555556, 0.9555555555555556, 0.9523809523809523, 0.9555555555555556, 0.9587301587301588, 0.9555555555555556, 0.9523809523809523, 0.9523809523809523, 0.9555555555555556, 0.9555555555555556, 0.9587301587301588, 0.9555555555555556, 0.9555555555555556, 0.9523809523809523, 0.9619047619047619, 0.9555555555555556, 0.9555555555555556, 0.9492063492063492, 0.9523809523809523, 0.9587301587301588, 0.9555555555555556, 0.9587301587301588, 0.9523809523809523, 0.9523809523809523, 0.9523809523809523, 0.9587301587301588, 0.9523809523809523, 0.9555555555555556, 0.9587301587301588, 0.9555555555555556, 0.9555555555555556, 0.9492063492063492, 0.9555555555555556, 0.9555555555555556, 0.9523809523809523, 0.9523809523809523, 0.9523809523809523, 0.9555555555555556, 0.9587301587301588, 0.9555555555555556, 0.9492063492063492, 0.9555555555555556, 0.9555555555555556, 0.9555555555555556, 0.9523809523809523, 0.9587301587301588, 0.9555555555555556, 0.9523809523809523, 0.9523809523809523, 0.9555555555555556, 0.9523809523809523]
0.9550158730158729


Single different (100) (x1)

Multi different (100) (x0)

Forth quarter (76) (x1)

Third quarter (51) (x0)

Second quarter (26) (x0)

First quarter (1) (x0)

No different (0) (x68)


[0.9714285714285714, 0.9714285714285714, 0.9714285714285714, 0.9714285714285714, 0.9714285714285714, 0.9714285714285714, 0.9714285714285714, 0.9714285714285714, 0.9714285714285714, 0.9714285714285714, 0.9857142857142858, 0.9714285714285714, 0.9714285714285714, 0.9714285714285714, 0.9714285714285714, 0.9714285714285714, 0.9714285714285714, 0.9714285714285714, 0.9714285714285714, 0.9714285714285714, 0.9714285714285714, 0.9714285714285714, 0.9714285714285714, 0.9714285714285714, 0.9714285714285714, 0.9714285714285714, 0.9714285714285714, 0.9714285714285714, 0.9714285714285714, 0.9714285714285714, 0.9714285714285714, 0.9714285714285714, 0.9714285714285714, 0.9714285714285714, 0.9714285714285714, 0.9714285714285714, 0.9714285714285714, 0.9714285714285714, 0.9714285714285714, 0.9714285714285714, 0.9714285714285714, 0.9714285714285714, 0.9714285714285714, 0.9714285714285714, 0.9714285714285714, 0.9714285714285714, 0.9714285714285714, 0.9714285714285714, 0.9714285714285714, 0.9714285714285714, 0.9714285714285714, 0.9714285714285714, 0.9714285714285714, 0.9714285714285714, 0.9714285714285714, 0.9714285714285714, 0.9714285714285714, 0.9714285714285714, 0.9714285714285714, 0.9714285714285714, 0.9714285714285714, 0.9714285714285714, 0.9714285714285714, 0.9714285714285714, 0.9714285714285714, 0.9714285714285714, 0.9714285714285714, 0.9714285714285714, 0.9714285714285714, 0.9714285714285714, 0.9714285714285714, 0.9714285714285714, 0.9714285714285714, 0.9714285714285714, 0.9714285714285714, 0.9857142857142858, 0.9714285714285714, 0.9714285714285714, 0.9714285714285714, 0.9714285714285714, 0.9714285714285714, 0.9714285714285714, 0.9714285714285714, 0.9857142857142858, 0.9714285714285714, 0.9714285714285714, 0.9714285714285714, 0.9714285714285714, 0.9714285714285714, 0.9714285714285714, 0.9714285714285714, 0.9857142857142858, 0.9857142857142858, 0.9714285714285714, 0.9714285714285714, 0.9714285714285714, 0.9714285714285714, 0.9714285714285714, 0.9714285714285714, 0.9714285714285714]
0.9721428571428572
