{'mode': 'examine', 'dataset': 'glass', 'num_clf': 50, 'reuse': True, 'random_state': 6138, 'num_estimators': 100}
(96, 10)
(97, 10)
(21, 10)
Number of label: 6 

Single different (50) (x0)

Multi different (50) (x0)

Forth quarter (38) (x0)

Third quarter (26) (x0)

Second quarter (13) (x0)

First quarter (1) (x0)

No different (0) (x193)


[1.0, 1.0, 1.0, 1.0, 1.0, 1.0, 1.0, 1.0, 1.0, 1.0, 1.0, 1.0, 1.0, 1.0, 1.0, 1.0, 1.0, 1.0, 1.0, 1.0, 1.0, 1.0, 1.0, 1.0, 1.0, 1.0, 1.0, 1.0, 1.0, 1.0, 1.0, 1.0, 1.0, 1.0, 1.0, 1.0, 1.0, 1.0, 1.0, 1.0, 1.0, 1.0, 1.0, 1.0, 1.0, 1.0, 1.0, 1.0, 1.0, 1.0]
1.0


Single different (50) (x2)

Multi different (50) (x0)

Forth quarter (38) (x2)

Third quarter (26) (x0)

Second quarter (13) (x1)

First quarter (1) (x2)

No different (0) (x14)


[0.7619047619047619, 0.8095238095238095, 0.7619047619047619, 0.7619047619047619, 0.8095238095238095, 0.8095238095238095, 0.7619047619047619, 0.8095238095238095, 0.8095238095238095, 0.8095238095238095, 0.7619047619047619, 0.8095238095238095, 0.7619047619047619, 0.7619047619047619, 0.8095238095238095, 0.8571428571428571, 0.8095238095238095, 0.7619047619047619, 0.7619047619047619, 0.8095238095238095, 0.7619047619047619, 0.7142857142857143, 0.7619047619047619, 0.7619047619047619, 0.7619047619047619, 0.8095238095238095, 0.8095238095238095, 0.8095238095238095, 0.7619047619047619, 0.7619047619047619, 0.7619047619047619, 0.8095238095238095, 0.7619047619047619, 0.8095238095238095, 0.8095238095238095, 0.8095238095238095, 0.8095238095238095, 0.8095238095238095, 0.8095238095238095, 0.7619047619047619, 0.8095238095238095, 0.7619047619047619, 0.8571428571428571, 0.7619047619047619, 0.8095238095238095, 0.8095238095238095, 0.7619047619047619, 0.8095238095238095, 0.7142857142857143, 0.7619047619047619]
0.7866666666666666
