{'mode': 'examine', 'dataset': 'human_activity', 'num_clf': 50, 'reuse': False, 'random_state': 8008, 'num_estimators': 100}
(3676, 562)
(3676, 562)
(2947, 562)
Number of label: 6 

Single different (50) (x37)

Multi different (50) (x0)

Forth quarter (38) (x26)

Third quarter (26) (x26)

Second quarter (13) (x27)

First quarter (1) (x83)

No different (0) (x3477)


[0.9752448313384113, 0.9755168661588683, 0.9774211099020674, 0.9752448313384113, 0.9738846572361263, 0.9738846572361263, 0.9738846572361263, 0.9755168661588683, 0.9733405875952121, 0.9738846572361263, 0.9747007616974973, 0.9757889009793254, 0.970348204570185, 0.9736126224156693, 0.9738846572361263, 0.9763329706202394, 0.9733405875952121, 0.9763329706202394, 0.9760609357997824, 0.9727965179542981, 0.9744287268770403, 0.9747007616974973, 0.9766050054406964, 0.9744287268770403, 0.9736126224156693, 0.9760609357997824, 0.9733405875952121, 0.9763329706202394, 0.9736126224156693, 0.9736126224156693, 0.9749727965179543, 0.9760609357997824, 0.9793253536452666, 0.9741566920565833, 0.9752448313384113, 0.9744287268770403, 0.9760609357997824, 0.9747007616974973, 0.9730685527747551, 0.9741566920565833, 0.9757889009793254, 0.9717083786724701, 0.9744287268770403, 0.9768770402611534, 0.9752448313384113, 0.9771490750816104, 0.9741566920565833, 0.9749727965179543, 0.9741566920565833, 0.9752448313384113]
0.9747932535364525


Single different (50) (x90)

Multi different (50) (x4)

Forth quarter (38) (x76)

Third quarter (26) (x52)

Second quarter (13) (x51)

First quarter (1) (x151)

No different (0) (x2523)


[0.9239904988123515, 0.9226331862911435, 0.9219545300305395, 0.9253478113335596, 0.9209365456396336, 0.9216152019002375, 0.9243298269426535, 0.9226331862911435, 0.9192399049881235, 0.9294197488971836, 0.9199185612487275, 0.9222938581608415, 0.9243298269426535, 0.9297590770274856, 0.9239904988123515, 0.9222938581608415, 0.9239904988123515, 0.9219545300305395, 0.9256871394638616, 0.9311163895486936, 0.9189005768578216, 0.9263657957244655, 0.9267051238547676, 0.9182219205972175, 0.9209365456396336, 0.9243298269426535, 0.9263657957244655, 0.9205972175093315, 0.9185612487275195, 0.9236511706820495, 0.9243298269426535, 0.9287410926365796, 0.9256871394638616, 0.9205972175093315, 0.9243298269426535, 0.9250084832032576, 0.9189005768578216, 0.9246691550729556, 0.9192399049881235, 0.9216152019002375, 0.9199185612487275, 0.9175432643366135, 0.9209365456396336, 0.9246691550729556, 0.9236511706820495, 0.9270444519850696, 0.9226331862911435, 0.9284017645062775, 0.9246691550729556, 0.9236511706820495]
0.9233661350525959
