{'mode': 'examine', 'dataset': 'ecoli', 'num_clf': 100, 'reuse': True, 'random_state': 4485, 'num_estimators': 100}
(151, 8)
(151, 8)
(34, 8)
Number of label: 8 

Single different (100) (x0)

Multi different (100) (x0)

Forth quarter (76) (x0)

Third quarter (51) (x0)

Second quarter (26) (x0)

First quarter (1) (x0)

No different (0) (x302)


[1.0, 1.0, 1.0, 1.0, 1.0, 1.0, 1.0, 1.0, 1.0, 1.0, 1.0, 1.0, 1.0, 1.0, 1.0, 1.0, 1.0, 1.0, 1.0, 1.0, 1.0, 1.0, 1.0, 1.0, 1.0, 1.0, 1.0, 1.0, 1.0, 1.0, 1.0, 1.0, 1.0, 1.0, 1.0, 1.0, 1.0, 1.0, 1.0, 1.0, 1.0, 1.0, 1.0, 1.0, 1.0, 1.0, 1.0, 1.0, 1.0, 1.0, 1.0, 1.0, 1.0, 1.0, 1.0, 1.0, 1.0, 1.0, 1.0, 1.0, 1.0, 1.0, 1.0, 1.0, 1.0, 1.0, 1.0, 1.0, 1.0, 1.0, 1.0, 1.0, 1.0, 1.0, 1.0, 1.0, 1.0, 1.0, 1.0, 1.0, 1.0, 1.0, 1.0, 1.0, 1.0, 1.0, 1.0, 1.0, 1.0, 1.0, 1.0, 1.0, 1.0, 1.0, 1.0, 1.0, 1.0, 1.0, 1.0, 1.0]
1.0


Single different (100) (x5)

Multi different (100) (x2)

Forth quarter (76) (x0)

Third quarter (51) (x0)

Second quarter (26) (x0)

First quarter (1) (x1)

No different (0) (x26)


[0.7941176470588235, 0.7941176470588235, 0.7941176470588235, 0.7941176470588235, 0.7941176470588235, 0.7941176470588235, 0.7941176470588235, 0.7941176470588235, 0.7941176470588235, 0.7941176470588235, 0.7941176470588235, 0.7941176470588235, 0.7941176470588235, 0.7941176470588235, 0.7941176470588235, 0.7941176470588235, 0.7941176470588235, 0.7941176470588235, 0.7941176470588235, 0.7941176470588235, 0.7941176470588235, 0.7647058823529411, 0.7941176470588235, 0.7647058823529411, 0.7941176470588235, 0.7941176470588235, 0.7941176470588235, 0.7941176470588235, 0.7941176470588235, 0.7941176470588235, 0.7941176470588235, 0.7941176470588235, 0.7647058823529411, 0.7941176470588235, 0.7941176470588235, 0.7941176470588235, 0.7647058823529411, 0.7941176470588235, 0.7941176470588235, 0.7941176470588235, 0.7941176470588235, 0.7941176470588235, 0.7941176470588235, 0.7941176470588235, 0.7941176470588235, 0.7941176470588235, 0.7941176470588235, 0.7941176470588235, 0.7941176470588235, 0.7941176470588235, 0.7941176470588235, 0.7941176470588235, 0.7941176470588235, 0.7941176470588235, 0.7941176470588235, 0.7941176470588235, 0.7941176470588235, 0.7941176470588235, 0.7941176470588235, 0.7941176470588235, 0.7941176470588235, 0.7647058823529411, 0.7941176470588235, 0.7941176470588235, 0.7941176470588235, 0.7941176470588235, 0.7941176470588235, 0.7941176470588235, 0.7941176470588235, 0.7941176470588235, 0.7941176470588235, 0.7941176470588235, 0.7941176470588235, 0.7941176470588235, 0.7941176470588235, 0.7941176470588235, 0.7941176470588235, 0.7941176470588235, 0.7941176470588235, 0.7941176470588235, 0.7941176470588235, 0.7647058823529411, 0.7941176470588235, 0.7941176470588235, 0.7941176470588235, 0.7941176470588235, 0.7941176470588235, 0.7941176470588235, 0.7941176470588235, 0.7941176470588235, 0.7941176470588235, 0.7941176470588235, 0.7941176470588235, 0.7941176470588235, 0.7941176470588235, 0.7941176470588235, 0.7941176470588235, 0.7941176470588235, 0.7941176470588235, 0.7647058823529411]
0.7920588235294119
