{'mode': 'examine', 'dataset': 'ecoli', 'num_clf': 50, 'reuse': False, 'random_state': 2031, 'num_estimators': 100}
(151, 8)
(151, 8)
(34, 8)
Number of label: 8 

Single different (50) (x11)

Multi different (50) (x1)

Forth quarter (38) (x5)

Third quarter (26) (x4)

Second quarter (13) (x7)

First quarter (1) (x13)

No different (0) (x110)


[0.8410596026490066, 0.8211920529801324, 0.8278145695364238, 0.847682119205298, 0.8410596026490066, 0.8344370860927153, 0.8609271523178808, 0.8543046357615894, 0.8344370860927153, 0.8741721854304636, 0.847682119205298, 0.8807947019867549, 0.8609271523178808, 0.8410596026490066, 0.8675496688741722, 0.8211920529801324, 0.8145695364238411, 0.8344370860927153, 0.847682119205298, 0.8675496688741722, 0.8278145695364238, 0.8344370860927153, 0.8278145695364238, 0.8609271523178808, 0.8410596026490066, 0.8278145695364238, 0.8410596026490066, 0.847682119205298, 0.8278145695364238, 0.8741721854304636, 0.8675496688741722, 0.8543046357615894, 0.8609271523178808, 0.8278145695364238, 0.847682119205298, 0.8410596026490066, 0.8543046357615894, 0.8543046357615894, 0.8344370860927153, 0.8543046357615894, 0.847682119205298, 0.8344370860927153, 0.8609271523178808, 0.8675496688741722, 0.8543046357615894, 0.8344370860927153, 0.8807947019867549, 0.8543046357615894, 0.8278145695364238, 0.8609271523178808]
0.8470198675496686


Single different (50) (x2)

Multi different (50) (x1)

Forth quarter (38) (x1)

Third quarter (26) (x2)

Second quarter (13) (x0)

First quarter (1) (x4)

No different (0) (x24)


[0.8823529411764706, 0.7941176470588235, 0.8235294117647058, 0.8529411764705882, 0.8529411764705882, 0.8529411764705882, 0.8235294117647058, 0.8529411764705882, 0.7647058823529411, 0.8235294117647058, 0.8235294117647058, 0.8823529411764706, 0.8529411764705882, 0.8235294117647058, 0.8235294117647058, 0.8235294117647058, 0.7941176470588235, 0.8529411764705882, 0.7941176470588235, 0.8235294117647058, 0.8529411764705882, 0.8235294117647058, 0.7941176470588235, 0.8235294117647058, 0.8529411764705882, 0.8235294117647058, 0.8823529411764706, 0.8529411764705882, 0.8235294117647058, 0.8529411764705882, 0.8823529411764706, 0.8235294117647058, 0.8235294117647058, 0.8823529411764706, 0.7941176470588235, 0.8235294117647058, 0.8823529411764706, 0.8529411764705882, 0.7941176470588235, 0.8235294117647058, 0.8823529411764706, 0.8235294117647058, 0.8235294117647058, 0.8235294117647058, 0.8529411764705882, 0.8529411764705882, 0.7941176470588235, 0.8235294117647058, 0.8529411764705882, 0.7647058823529411]
0.8335294117647059
