{'mode': 'examine', 'dataset': 'dematology', 'num_clf': 100, 'reuse': True, 'random_state': 7134, 'num_estimators': 100}
(164, 35)
(165, 35)
(37, 35)
Number of label: 6 

Single different (100) (x0)

Multi different (100) (x0)

Forth quarter (76) (x0)

Third quarter (51) (x0)

Second quarter (26) (x0)

First quarter (1) (x0)

No different (0) (x329)


[1.0, 1.0, 1.0, 1.0, 1.0, 1.0, 1.0, 1.0, 1.0, 1.0, 1.0, 1.0, 1.0, 1.0, 1.0, 1.0, 1.0, 1.0, 1.0, 1.0, 1.0, 1.0, 1.0, 1.0, 1.0, 1.0, 1.0, 1.0, 1.0, 1.0, 1.0, 1.0, 1.0, 1.0, 1.0, 1.0, 1.0, 1.0, 1.0, 1.0, 1.0, 1.0, 1.0, 1.0, 1.0, 1.0, 1.0, 1.0, 1.0, 1.0, 1.0, 1.0, 1.0, 1.0, 1.0, 1.0, 1.0, 1.0, 1.0, 1.0, 1.0, 1.0, 1.0, 1.0, 1.0, 1.0, 1.0, 1.0, 1.0, 1.0, 1.0, 1.0, 1.0, 1.0, 1.0, 1.0, 1.0, 1.0, 1.0, 1.0, 1.0, 1.0, 1.0, 1.0, 1.0, 1.0, 1.0, 1.0, 1.0, 1.0, 1.0, 1.0, 1.0, 1.0, 1.0, 1.0, 1.0, 1.0, 1.0, 1.0]
1.0


Single different (100) (x1)

Multi different (100) (x0)

Forth quarter (76) (x0)

Third quarter (51) (x0)

Second quarter (26) (x0)

First quarter (1) (x2)

No different (0) (x34)


[0.972972972972973, 0.972972972972973, 0.972972972972973, 0.972972972972973, 0.972972972972973, 0.972972972972973, 0.972972972972973, 0.972972972972973, 0.972972972972973, 0.9459459459459459, 0.972972972972973, 0.972972972972973, 0.972972972972973, 0.972972972972973, 0.9459459459459459, 0.972972972972973, 0.972972972972973, 0.972972972972973, 0.972972972972973, 0.9459459459459459, 0.972972972972973, 0.972972972972973, 0.972972972972973, 0.972972972972973, 0.972972972972973, 0.972972972972973, 0.972972972972973, 0.972972972972973, 0.972972972972973, 0.972972972972973, 0.972972972972973, 0.972972972972973, 0.972972972972973, 0.972972972972973, 0.972972972972973, 0.9459459459459459, 0.972972972972973, 0.972972972972973, 0.972972972972973, 0.972972972972973, 0.972972972972973, 0.972972972972973, 0.972972972972973, 0.972972972972973, 0.972972972972973, 0.972972972972973, 0.972972972972973, 0.972972972972973, 0.972972972972973, 0.972972972972973, 0.972972972972973, 0.972972972972973, 0.972972972972973, 0.972972972972973, 0.972972972972973, 0.972972972972973, 0.972972972972973, 0.972972972972973, 0.972972972972973, 0.972972972972973, 0.972972972972973, 0.972972972972973, 0.972972972972973, 0.972972972972973, 0.972972972972973, 0.972972972972973, 0.972972972972973, 0.972972972972973, 0.972972972972973, 0.972972972972973, 0.972972972972973, 0.972972972972973, 0.972972972972973, 0.972972972972973, 0.972972972972973, 0.972972972972973, 0.972972972972973, 0.972972972972973, 0.9459459459459459, 0.9459459459459459, 0.972972972972973, 0.972972972972973, 0.972972972972973, 0.9459459459459459, 0.972972972972973, 0.972972972972973, 0.972972972972973, 0.972972972972973, 0.972972972972973, 0.9459459459459459, 0.972972972972973, 0.972972972972973, 0.972972972972973, 0.972972972972973, 0.972972972972973, 0.972972972972973, 0.972972972972973, 0.972972972972973, 0.972972972972973, 0.972972972972973]
0.9708108108108107
