{'mode': 'examine', 'dataset': 'dematology', 'num_clf': 50, 'reuse': True, 'random_state': 5528, 'num_estimators': 100}
(164, 35)
(165, 35)
(37, 35)
Number of label: 6 

Single different (50) (x0)

Multi different (50) (x0)

Forth quarter (38) (x0)

Third quarter (26) (x0)

Second quarter (13) (x0)

First quarter (1) (x0)

No different (0) (x329)


[1.0, 1.0, 1.0, 1.0, 1.0, 1.0, 1.0, 1.0, 1.0, 1.0, 1.0, 1.0, 1.0, 1.0, 1.0, 1.0, 1.0, 1.0, 1.0, 1.0, 1.0, 1.0, 1.0, 1.0, 1.0, 1.0, 1.0, 1.0, 1.0, 1.0, 1.0, 1.0, 1.0, 1.0, 1.0, 1.0, 1.0, 1.0, 1.0, 1.0, 1.0, 1.0, 1.0, 1.0, 1.0, 1.0, 1.0, 1.0, 1.0, 1.0]
1.0


Single different (50) (x0)

Multi different (50) (x0)

Forth quarter (38) (x0)

Third quarter (26) (x0)

Second quarter (13) (x0)

First quarter (1) (x2)

No different (0) (x35)


[1.0, 1.0, 1.0, 1.0, 1.0, 1.0, 1.0, 1.0, 1.0, 1.0, 0.972972972972973, 1.0, 1.0, 1.0, 1.0, 1.0, 1.0, 0.972972972972973, 1.0, 1.0, 1.0, 1.0, 1.0, 0.972972972972973, 1.0, 1.0, 1.0, 1.0, 1.0, 1.0, 1.0, 0.972972972972973, 1.0, 1.0, 1.0, 0.972972972972973, 1.0, 1.0, 1.0, 0.972972972972973, 0.972972972972973, 1.0, 1.0, 1.0, 1.0, 1.0, 1.0, 1.0, 1.0, 1.0]
0.9962162162162161
