{'mode': 'examine', 'dataset': 'cmc', 'num_clf': 100, 'reuse': False, 'random_state': 655, 'num_estimators': 100}
(663, 22)
(663, 22)
(147, 22)
Number of label: 3 

Single different (100) (x196)

Multi different (100) (x39)

Forth quarter (76) (x69)

Third quarter (51) (x18)

Second quarter (26) (x26)

First quarter (1) (x64)

No different (0) (x251)


[0.5052790346907994, 0.5067873303167421, 0.5128205128205128, 0.5082956259426847, 0.49924585218702866, 0.5067873303167421, 0.5067873303167421, 0.5128205128205128, 0.502262443438914, 0.5113122171945701, 0.5113122171945701, 0.5082956259426847, 0.5158371040723982, 0.5128205128205128, 0.5143288084464555, 0.5098039215686274, 0.5098039215686274, 0.502262443438914, 0.5203619909502263, 0.5082956259426847, 0.5158371040723982, 0.5037707390648567, 0.5067873303167421, 0.5067873303167421, 0.5203619909502263, 0.5067873303167421, 0.5052790346907994, 0.5052790346907994, 0.5067873303167421, 0.5037707390648567, 0.5098039215686274, 0.5037707390648567, 0.502262443438914, 0.48868778280542985, 0.5082956259426847, 0.49924585218702866, 0.5082956259426847, 0.497737556561086, 0.5082956259426847, 0.502262443438914, 0.5037707390648567, 0.5082956259426847, 0.49924585218702866, 0.5067873303167421, 0.4947209653092006, 0.5067873303167421, 0.5037707390648567, 0.5128205128205128, 0.5128205128205128, 0.5082956259426847, 0.5098039215686274, 0.5143288084464555, 0.5128205128205128, 0.502262443438914, 0.5082956259426847, 0.5173453996983409, 0.5143288084464555, 0.5067873303167421, 0.5158371040723982, 0.5113122171945701, 0.5203619909502263, 0.5037707390648567, 0.4962292609351433, 0.5248868778280543, 0.5007541478129713, 0.5143288084464555, 0.5098039215686274, 0.49924585218702866, 0.5037707390648567, 0.5052790346907994, 0.5158371040723982, 0.5067873303167421, 0.5082956259426847, 0.5007541478129713, 0.5248868778280543, 0.5067873303167421, 0.5067873303167421, 0.5158371040723982, 0.5128205128205128, 0.5143288084464555, 0.5143288084464555, 0.5098039215686274, 0.5082956259426847, 0.5233785822021116, 0.5052790346907994, 0.5098039215686274, 0.49924585218702866, 0.5143288084464555, 0.49321266968325794, 0.5052790346907994, 0.5113122171945701, 0.5037707390648567, 0.5128205128205128, 0.5188536953242836, 0.5098039215686274, 0.5203619909502263, 0.5158371040723982, 0.502262443438914, 0.5052790346907994, 0.5007541478129713]
0.5084162895927602


Single different (100) (x40)

Multi different (100) (x9)

Forth quarter (76) (x13)

Third quarter (51) (x6)

Second quarter (26) (x7)

First quarter (1) (x16)

No different (0) (x56)


[0.5170068027210885, 0.5102040816326531, 0.5102040816326531, 0.5238095238095238, 0.4965986394557823, 0.5306122448979592, 0.5034013605442177, 0.5102040816326531, 0.5034013605442177, 0.5170068027210885, 0.5238095238095238, 0.5170068027210885, 0.5510204081632653, 0.5374149659863946, 0.5170068027210885, 0.5102040816326531, 0.5170068027210885, 0.5170068027210885, 0.5102040816326531, 0.54421768707483, 0.5578231292517006, 0.5510204081632653, 0.5306122448979592, 0.5238095238095238, 0.5102040816326531, 0.5578231292517006, 0.5374149659863946, 0.5034013605442177, 0.5102040816326531, 0.5238095238095238, 0.5102040816326531, 0.5170068027210885, 0.5306122448979592, 0.5102040816326531, 0.5238095238095238, 0.5238095238095238, 0.5306122448979592, 0.5306122448979592, 0.5102040816326531, 0.5102040816326531, 0.5170068027210885, 0.5238095238095238, 0.54421768707483, 0.4965986394557823, 0.5102040816326531, 0.5374149659863946, 0.5306122448979592, 0.54421768707483, 0.54421768707483, 0.5170068027210885, 0.5238095238095238, 0.5238095238095238, 0.5170068027210885, 0.5306122448979592, 0.5102040816326531, 0.5306122448979592, 0.54421768707483, 0.5374149659863946, 0.5170068027210885, 0.5034013605442177, 0.5170068027210885, 0.54421768707483, 0.54421768707483, 0.5170068027210885, 0.54421768707483, 0.5034013605442177, 0.5170068027210885, 0.4965986394557823, 0.5102040816326531, 0.5170068027210885, 0.5306122448979592, 0.5510204081632653, 0.5306122448979592, 0.5374149659863946, 0.5170068027210885, 0.5238095238095238, 0.54421768707483, 0.5374149659863946, 0.5170068027210885, 0.5170068027210885, 0.5374149659863946, 0.5170068027210885, 0.5102040816326531, 0.5306122448979592, 0.5374149659863946, 0.5306122448979592, 0.5238095238095238, 0.5034013605442177, 0.5374149659863946, 0.5510204081632653, 0.5170068027210885, 0.54421768707483, 0.5034013605442177, 0.5306122448979592, 0.5306122448979592, 0.564625850340136, 0.4897959183673469, 0.5374149659863946, 0.5510204081632653, 0.5170068027210885]
0.5245578231292518
