{'mode': 'examine', 'dataset': 'breast_w', 'num_clf': 50, 'reuse': False, 'random_state': 5780, 'num_estimators': 100}
(314, 10)
(315, 10)
(70, 10)
Number of label: 2 

Single different (50) (x10)

Multi different (50) (x0)

Forth quarter (38) (x3)

Third quarter (26) (x1)

Second quarter (13) (x2)

First quarter (1) (x6)

No different (0) (x293)


[0.9523809523809523, 0.9587301587301588, 0.9523809523809523, 0.9523809523809523, 0.9523809523809523, 0.9523809523809523, 0.9619047619047619, 0.9523809523809523, 0.9523809523809523, 0.9555555555555556, 0.9619047619047619, 0.9523809523809523, 0.9523809523809523, 0.9555555555555556, 0.9555555555555556, 0.9523809523809523, 0.946031746031746, 0.9523809523809523, 0.9555555555555556, 0.946031746031746, 0.9587301587301588, 0.9492063492063492, 0.9523809523809523, 0.946031746031746, 0.9587301587301588, 0.9492063492063492, 0.9555555555555556, 0.946031746031746, 0.9555555555555556, 0.9555555555555556, 0.9523809523809523, 0.9492063492063492, 0.9555555555555556, 0.9555555555555556, 0.946031746031746, 0.9523809523809523, 0.9492063492063492, 0.9555555555555556, 0.9492063492063492, 0.946031746031746, 0.9587301587301588, 0.9587301587301588, 0.9523809523809523, 0.9492063492063492, 0.946031746031746, 0.9523809523809523, 0.9587301587301588, 0.9587301587301588, 0.9650793650793651, 0.9555555555555556]
0.9533333333333333


Single different (50) (x1)

Multi different (50) (x0)

Forth quarter (38) (x0)

Third quarter (26) (x0)

Second quarter (13) (x0)

First quarter (1) (x1)

No different (0) (x68)


[0.9857142857142858, 0.9857142857142858, 0.9857142857142858, 0.9714285714285714, 0.9857142857142858, 0.9714285714285714, 0.9857142857142858, 0.9857142857142858, 0.9857142857142858, 0.9857142857142858, 0.9857142857142858, 0.9857142857142858, 0.9857142857142858, 0.9857142857142858, 0.9857142857142858, 0.9714285714285714, 0.9857142857142858, 0.9857142857142858, 0.9857142857142858, 0.9857142857142858, 0.9857142857142858, 0.9857142857142858, 0.9857142857142858, 0.9714285714285714, 0.9714285714285714, 0.9857142857142858, 0.9857142857142858, 0.9857142857142858, 0.9857142857142858, 0.9857142857142858, 0.9857142857142858, 0.9857142857142858, 0.9857142857142858, 0.9714285714285714, 0.9857142857142858, 0.9857142857142858, 0.9857142857142858, 0.9857142857142858, 0.9857142857142858, 0.9857142857142858, 0.9857142857142858, 0.9857142857142858, 0.9857142857142858, 0.9857142857142858, 0.9857142857142858, 0.9714285714285714, 0.9857142857142858, 0.9857142857142858, 0.9857142857142858, 0.9714285714285714]
0.9834285714285714
