{'mode': 'examine', 'dataset': 'hepatitis', 'num_clf': 100, 'reuse': True, 'random_state': 1079, 'num_estimators': 100}
(70, 20)
(70, 20)
(15, 20)
Number of label: 2 

Single different (100) (x0)

Multi different (100) (x0)

Forth quarter (76) (x0)

Third quarter (51) (x0)

Second quarter (26) (x0)

First quarter (1) (x0)

No different (0) (x140)


[1.0, 1.0, 1.0, 1.0, 1.0, 1.0, 1.0, 1.0, 1.0, 1.0, 1.0, 1.0, 1.0, 1.0, 1.0, 1.0, 1.0, 1.0, 1.0, 1.0, 1.0, 1.0, 1.0, 1.0, 1.0, 1.0, 1.0, 1.0, 1.0, 1.0, 1.0, 1.0, 1.0, 1.0, 1.0, 1.0, 1.0, 1.0, 1.0, 1.0, 1.0, 1.0, 1.0, 1.0, 1.0, 1.0, 1.0, 1.0, 1.0, 1.0, 1.0, 1.0, 1.0, 1.0, 1.0, 1.0, 1.0, 1.0, 1.0, 1.0, 1.0, 1.0, 1.0, 1.0, 1.0, 1.0, 1.0, 1.0, 1.0, 1.0, 1.0, 1.0, 1.0, 1.0, 1.0, 1.0, 1.0, 1.0, 1.0, 1.0, 1.0, 1.0, 1.0, 1.0, 1.0, 1.0, 1.0, 1.0, 1.0, 1.0, 1.0, 1.0, 1.0, 1.0, 1.0, 1.0, 1.0, 1.0, 1.0, 1.0]
1.0


Single different (100) (x0)

Multi different (100) (x0)

Forth quarter (76) (x1)

Third quarter (51) (x0)

Second quarter (26) (x1)

First quarter (1) (x1)

No different (0) (x12)


[0.9333333333333333, 0.9333333333333333, 0.8666666666666667, 0.9333333333333333, 0.9333333333333333, 0.9333333333333333, 0.9333333333333333, 0.9333333333333333, 0.9333333333333333, 0.9333333333333333, 0.8666666666666667, 0.8, 0.9333333333333333, 0.8666666666666667, 0.8666666666666667, 0.8666666666666667, 0.9333333333333333, 0.9333333333333333, 0.9333333333333333, 0.9333333333333333, 0.9333333333333333, 0.8666666666666667, 0.9333333333333333, 0.9333333333333333, 0.9333333333333333, 1.0, 0.9333333333333333, 0.9333333333333333, 0.8666666666666667, 0.8666666666666667, 0.9333333333333333, 0.8666666666666667, 0.9333333333333333, 0.8, 0.9333333333333333, 0.9333333333333333, 0.9333333333333333, 0.9333333333333333, 0.9333333333333333, 0.9333333333333333, 0.9333333333333333, 0.9333333333333333, 0.8666666666666667, 0.8666666666666667, 0.9333333333333333, 0.9333333333333333, 0.9333333333333333, 0.8666666666666667, 0.9333333333333333, 1.0, 0.9333333333333333, 0.8666666666666667, 1.0, 0.9333333333333333, 0.9333333333333333, 0.9333333333333333, 0.8, 0.9333333333333333, 0.9333333333333333, 0.9333333333333333, 0.8, 0.8666666666666667, 0.9333333333333333, 0.9333333333333333, 0.8, 0.9333333333333333, 0.9333333333333333, 0.9333333333333333, 0.8, 0.9333333333333333, 0.9333333333333333, 0.8666666666666667, 0.9333333333333333, 0.9333333333333333, 1.0, 0.8666666666666667, 0.8666666666666667, 0.8666666666666667, 0.9333333333333333, 0.9333333333333333, 0.9333333333333333, 0.8666666666666667, 0.9333333333333333, 0.8666666666666667, 0.9333333333333333, 0.9333333333333333, 0.8666666666666667, 0.9333333333333333, 0.8, 0.9333333333333333, 0.8, 0.9333333333333333, 0.9333333333333333, 0.8666666666666667, 0.9333333333333333, 0.9333333333333333, 0.8, 0.9333333333333333, 0.9333333333333333, 1.0]
0.9100000000000001
