{'mode': 'examine', 'dataset': 'lymphography', 'num_clf': 100, 'reuse': False, 'random_state': 5743, 'num_estimators': 100}
(66, 39)
(67, 39)
(15, 39)
Number of label: 4 

Single different (100) (x5)

Multi different (100) (x1)

Forth quarter (76) (x5)

Third quarter (51) (x0)

Second quarter (26) (x1)

First quarter (1) (x3)

No different (0) (x52)


[0.835820895522388, 0.835820895522388, 0.8507462686567164, 0.8208955223880597, 0.8507462686567164, 0.8208955223880597, 0.8208955223880597, 0.8208955223880597, 0.835820895522388, 0.835820895522388, 0.835820895522388, 0.835820895522388, 0.835820895522388, 0.8059701492537313, 0.8208955223880597, 0.8507462686567164, 0.8059701492537313, 0.835820895522388, 0.835820895522388, 0.8208955223880597, 0.835820895522388, 0.8507462686567164, 0.835820895522388, 0.8208955223880597, 0.8208955223880597, 0.835820895522388, 0.8059701492537313, 0.835820895522388, 0.8208955223880597, 0.8656716417910447, 0.835820895522388, 0.8059701492537313, 0.8208955223880597, 0.8208955223880597, 0.7910447761194029, 0.835820895522388, 0.8208955223880597, 0.8208955223880597, 0.8208955223880597, 0.8208955223880597, 0.835820895522388, 0.835820895522388, 0.8507462686567164, 0.7910447761194029, 0.835820895522388, 0.8507462686567164, 0.8208955223880597, 0.835820895522388, 0.8059701492537313, 0.8059701492537313, 0.835820895522388, 0.835820895522388, 0.835820895522388, 0.8208955223880597, 0.835820895522388, 0.8208955223880597, 0.8059701492537313, 0.835820895522388, 0.8059701492537313, 0.835820895522388, 0.835820895522388, 0.835820895522388, 0.8059701492537313, 0.7910447761194029, 0.835820895522388, 0.8059701492537313, 0.8208955223880597, 0.8208955223880597, 0.835820895522388, 0.8208955223880597, 0.8507462686567164, 0.8208955223880597, 0.8507462686567164, 0.835820895522388, 0.7910447761194029, 0.8507462686567164, 0.8059701492537313, 0.8059701492537313, 0.8059701492537313, 0.8059701492537313, 0.8059701492537313, 0.835820895522388, 0.8208955223880597, 0.8507462686567164, 0.835820895522388, 0.8208955223880597, 0.835820895522388, 0.835820895522388, 0.835820895522388, 0.8507462686567164, 0.8507462686567164, 0.8208955223880597, 0.8059701492537313, 0.8208955223880597, 0.8208955223880597, 0.8208955223880597, 0.835820895522388, 0.8059701492537313, 0.8059701492537313, 0.8059701492537313]
0.8262686567164178


Single different (100) (x4)

Multi different (100) (x1)

Forth quarter (76) (x1)

Third quarter (51) (x0)

Second quarter (26) (x0)

First quarter (1) (x0)

No different (0) (x9)


[0.6, 0.6, 0.6, 0.6, 0.6, 0.6, 0.6, 0.6, 0.6, 0.6, 0.6, 0.6, 0.6, 0.6, 0.6, 0.6, 0.6, 0.6, 0.6, 0.6, 0.6, 0.6, 0.6, 0.6, 0.6, 0.6, 0.6, 0.6, 0.6, 0.6, 0.6, 0.6, 0.6, 0.6, 0.6, 0.6, 0.6, 0.6, 0.6, 0.6, 0.6, 0.6, 0.6, 0.6, 0.6, 0.6, 0.6, 0.6666666666666666, 0.6, 0.6, 0.6, 0.6, 0.6, 0.6, 0.6, 0.6, 0.6, 0.6, 0.6, 0.6, 0.6, 0.6, 0.6, 0.6, 0.6, 0.6, 0.6, 0.6, 0.6, 0.6, 0.6, 0.6, 0.6, 0.6, 0.6, 0.6, 0.6, 0.6, 0.6, 0.6, 0.6, 0.6, 0.6, 0.6, 0.6, 0.6, 0.6, 0.6, 0.6, 0.6, 0.6, 0.6666666666666666, 0.6, 0.6, 0.6, 0.6, 0.6, 0.6, 0.6, 0.6]
0.6013333333333333
