{'dataset': 'glass', 'algorithm': 'ptdqn', 'num_clf': 20, 'num_training': 350000, 'learning_rate': 0.1, 'discount_factor': 1.0, 'epsilon': 0.1, 'random_state': 9591, 'portion': 0.5, 'sequential': False}
(214, 10)
reading data takes 0.010 sec
number of labels: 6

Running iteration 1 of 10 fold...
[10, 0, 8, 18, 2, 9, 6, 1]
using cpu
using cpu
    accuracy, precision, recall, f_score
max0: 0.688312, 0.746497, 0.676032, 0.611514

    accuracy, precision, recall, f_score
max3: 0.666667, 0.735832, 0.547365, 0.539492

    accuracy, precision, recall, f_score
max1: 0.681818, 0.652597, 0.621429, 0.619649


min loss: 0.012, episode: 276000
max accu: 0.688, episode: 200000

13.50 classifiers used
    accuracy, precision, recall, f_score
mv: 0.636364, 0.631702, 0.596429, 0.596190
wv: 0.636364, 0.631702, 0.596429, 0.596190
fs: 0.681818, 0.652597, 0.621429, 0.619649
rl: 0.681818, 0.652597, 0.621429, 0.619649

0.572077922077922
0.55, 0.44, 0.61, 0.54, 0.55, 0.62, 0.61, 0.54, 0.51, 0.59, 0.63, 0.62, 0.55, 0.62, 0.55, 0.62, 0.51, 0.49, 0.62, 0.57

0.5282051282051281
0.48, 0.41, 0.61, 0.48, 0.48, 0.64, 0.53, 0.48, 0.48, 0.51, 0.61, 0.56, 0.53, 0.61, 0.53, 0.51, 0.43, 0.53, 0.48, 0.56

0.5613636363636363
0.5, 0.45, 0.54, 0.54, 0.68, 0.54, 0.63, 0.54, 0.5, 0.63, 0.5, 0.68, 0.59, 0.63, 0.63, 0.36, 0.54, 0.54, 0.54, 0.59

0.5409090909090908
0.5, 0.54, 0.63, 0.59, 0.68, 0.63, 0.5, 0.59, 0.54, 0.40, 0.5, 0.59, 0.59, 0.36, 0.5, 0.54, 0.40, 0.45, 0.5, 0.72


Running iteration 2 of 10 fold...
[8, 0, 1, 18]
using cpu
using cpu
    accuracy, precision, recall, f_score
max0: 0.727273, 0.766715, 0.764929, 0.659962

    accuracy, precision, recall, f_score
max3: 0.743590, 0.790630, 0.684804, 0.574447

    accuracy, precision, recall, f_score
max1: 0.590909, 0.581313, 0.633838, 0.559524


min loss: 0.010, episode: 261000
max accu: 0.727, episode: 350000

10.09 classifiers used
    accuracy, precision, recall, f_score
mv: 0.590909, 0.607197, 0.633838, 0.510109
wv: 0.545455, 0.595238, 0.618687, 0.492460
fs: 0.590909, 0.621212, 0.593434, 0.546212
rl: 0.590909, 0.581313, 0.633838, 0.559524

0.6116883116883117
0.59, 0.59, 0.53, 0.62, 0.58, 0.68, 0.55, 0.59, 0.70, 0.59, 0.57, 0.62, 0.57, 0.64, 0.70, 0.63, 0.57, 0.63, 0.61, 0.58

0.5910256410256409
0.58, 0.58, 0.51, 0.61, 0.61, 0.66, 0.51, 0.58, 0.61, 0.56, 0.56, 0.56, 0.48, 0.71, 0.71, 0.58, 0.53, 0.61, 0.53, 0.61

0.4613636363636364
0.27, 0.40, 0.45, 0.54, 0.40, 0.45, 0.40, 0.45, 0.54, 0.40, 0.59, 0.5, 0.31, 0.5, 0.5, 0.40, 0.59, 0.36, 0.63, 0.45

0.475
0.45, 0.59, 0.45, 0.27, 0.59, 0.54, 0.59, 0.31, 0.54, 0.45, 0.36, 0.45, 0.59, 0.5, 0.40, 0.54, 0.5, 0.40, 0.45, 0.45


Running iteration 3 of 10 fold...
[15, 0, 11, 18, 16, 1, 13, 3, 14, 2, 8]
using cpu
using cpu
    accuracy, precision, recall, f_score
max0: 0.714286, 0.737168, 0.807106, 0.679439

    accuracy, precision, recall, f_score
max3: 0.717949, 0.728632, 0.761346, 0.785119

    accuracy, precision, recall, f_score
max1: 0.863636, 0.863636, 0.788690, 0.788690


min loss: 0.006, episode: 293000
max accu: 0.714, episode: 350000

7.45 classifiers used
    accuracy, precision, recall, f_score
mv: 0.772727, 0.850379, 0.889881, 0.822650
wv: 0.772727, 0.850000, 0.892857, 0.839869
fs: 0.727273, 0.757576, 0.720238, 0.727564
rl: 0.863636, 0.863636, 0.788690, 0.788690

0.5389610389610389
0.55, 0.55, 0.54, 0.58, 0.33, 0.53, 0.57, 0.48, 0.50, 0.49, 0.55, 0.57, 0.58, 0.59, 0.61, 0.63, 0.51, 0.35, 0.61, 0.57

0.5064102564102564
0.46, 0.48, 0.51, 0.48, 0.28, 0.51, 0.53, 0.46, 0.53, 0.51, 0.56, 0.53, 0.61, 0.56, 0.56, 0.56, 0.48, 0.30, 0.56, 0.56

0.6318181818181818
0.63, 0.68, 0.59, 0.72, 0.59, 0.72, 0.45, 0.54, 0.59, 0.59, 0.81, 0.54, 0.63, 0.5, 0.77, 0.54, 0.63, 0.54, 0.72, 0.77

0.6022727272727273
0.40, 0.59, 0.68, 0.40, 0.5, 0.45, 0.68, 0.68, 0.77, 0.59, 0.68, 0.63, 0.54, 0.63, 0.68, 0.54, 0.63, 0.54, 0.63, 0.72

    accuracy, precision, recall, f_score
mv: 0.666667, 0.696426, 0.706716, 0.642983
wv: 0.651515, 0.692313, 0.702658, 0.642840
fs: 0.666667, 0.677128, 0.645034, 0.631142
rl: 0.712121, 0.699182, 0.681319, 0.655954

fs avg size: 7.66667, rl avg size: 10.34848
full test avg accu: 0.53939, test avg accu: 0.55152

training takes 5001.813 sec
