Namespace(dataset='breast_w', mode='examine', n_estimators=1, num_clf=100, random_state=9024, reuse=False)
Dataset breast_w
(314, 10)
(315, 10)
(70, 10)
Number of label: 2 

Single different (100) (x0)

Multi different (100) (x0)

Forth quarter (76) (x5)

Third quarter (51) (x7)

Second quarter (26) (x11)

First quarter (1) (x115)

No different (0) (x177)


[0.9396825396825397, 0.926984126984127, 0.9238095238095239, 0.9174603174603174, 0.9523809523809523, 0.9396825396825397, 0.9333333333333333, 0.9587301587301588, 0.946031746031746, 0.9396825396825397, 0.9206349206349206, 0.9238095238095239, 0.926984126984127, 0.9301587301587302, 0.946031746031746, 0.9396825396825397, 0.9396825396825397, 0.9238095238095239, 0.9238095238095239, 0.8920634920634921, 0.9396825396825397, 0.9142857142857143, 0.9396825396825397, 0.9047619047619048, 0.9365079365079365, 0.9523809523809523, 0.9301587301587302, 0.9174603174603174, 0.946031746031746, 0.9301587301587302, 0.926984126984127, 0.9555555555555556, 0.9492063492063492, 0.9428571428571428, 0.9365079365079365, 0.9365079365079365, 0.9492063492063492, 0.9492063492063492, 0.9396825396825397, 0.9142857142857143, 0.9333333333333333, 0.9079365079365079, 0.9492063492063492, 0.9365079365079365, 0.926984126984127, 0.9079365079365079, 0.9142857142857143, 0.926984126984127, 0.9333333333333333, 0.9428571428571428, 0.9365079365079365, 0.9238095238095239, 0.9333333333333333, 0.9174603174603174, 0.9492063492063492, 0.9365079365079365, 0.9301587301587302, 0.9492063492063492, 0.9428571428571428, 0.9333333333333333, 0.926984126984127, 0.9079365079365079, 0.9333333333333333, 0.9301587301587302, 0.9238095238095239, 0.9428571428571428, 0.9365079365079365, 0.9333333333333333, 0.9238095238095239, 0.9365079365079365, 0.8984126984126984, 0.9396825396825397, 0.9428571428571428, 0.926984126984127, 0.9015873015873016, 0.9238095238095239, 0.9333333333333333, 0.946031746031746, 0.9301587301587302, 0.9428571428571428, 0.9523809523809523, 0.9206349206349206, 0.9555555555555556, 0.9301587301587302, 0.9492063492063492, 0.9492063492063492, 0.9682539682539683, 0.9238095238095239, 0.926984126984127, 0.9142857142857143, 0.9365079365079365, 0.9174603174603174, 0.9492063492063492, 0.926984126984127, 0.9301587301587302, 0.9206349206349206, 0.9301587301587302, 0.9365079365079365, 0.9015873015873016, 0.9206349206349206]
0.9322857142857144


Single different (100) (x0)

Multi different (100) (x0)

Forth quarter (76) (x1)

Third quarter (51) (x0)

Second quarter (26) (x5)

First quarter (1) (x21)

No different (0) (x43)


[0.9, 0.9285714285714286, 0.9285714285714286, 0.9142857142857143, 0.9571428571428572, 0.9285714285714286, 0.9428571428571428, 0.9428571428571428, 0.9571428571428572, 0.9571428571428572, 0.9714285714285714, 0.9285714285714286, 0.9142857142857143, 0.9142857142857143, 0.9285714285714286, 0.9428571428571428, 0.9428571428571428, 0.9142857142857143, 0.8857142857142857, 0.9142857142857143, 0.9285714285714286, 0.9, 0.9857142857142858, 0.9714285714285714, 0.9571428571428572, 0.9428571428571428, 0.9428571428571428, 0.9142857142857143, 0.9428571428571428, 0.9571428571428572, 0.9857142857142858, 0.9714285714285714, 0.9428571428571428, 0.9571428571428572, 0.9285714285714286, 0.9428571428571428, 0.9714285714285714, 0.9285714285714286, 0.9428571428571428, 0.9571428571428572, 0.9428571428571428, 0.9285714285714286, 0.9857142857142858, 0.9285714285714286, 0.9285714285714286, 0.8857142857142857, 0.9285714285714286, 0.9142857142857143, 0.9428571428571428, 0.9428571428571428, 0.9428571428571428, 0.9428571428571428, 0.9285714285714286, 0.9, 0.9428571428571428, 0.9571428571428572, 0.9285714285714286, 0.9285714285714286, 0.9428571428571428, 0.9142857142857143, 0.9571428571428572, 0.9, 0.9428571428571428, 0.9428571428571428, 0.9285714285714286, 0.9285714285714286, 0.9571428571428572, 0.9142857142857143, 0.9428571428571428, 0.9714285714285714, 0.9285714285714286, 0.8714285714285714, 0.9714285714285714, 0.9285714285714286, 0.9285714285714286, 0.9571428571428572, 0.9285714285714286, 0.9142857142857143, 0.9857142857142858, 0.9571428571428572, 0.9285714285714286, 0.9428571428571428, 0.9428571428571428, 0.9428571428571428, 0.9, 0.9285714285714286, 0.9571428571428572, 0.9571428571428572, 0.9285714285714286, 0.9285714285714286, 0.8857142857142857, 0.9142857142857143, 0.9428571428571428, 0.9714285714285714, 0.9571428571428572, 0.9142857142857143, 0.9428571428571428, 0.9285714285714286, 0.9, 0.9714285714285714]
0.9368571428571429
