Namespace(dataset='iris', mode='examine', n_estimators=1, num_clf=100, random_state=7621, reuse=True)
Dataset iris
(135, 5)
(135, 5)
(30, 5)
Number of label: 3 

Single different (100) (x0)

Multi different (100) (x0)

Forth quarter (76) (x0)

Third quarter (51) (x0)

Second quarter (26) (x0)

First quarter (1) (x39)

No different (0) (x231)


[1.0, 0.9740740740740741, 0.9925925925925926, 0.9814814814814815, 0.9888888888888889, 0.9925925925925926, 1.0, 0.9814814814814815, 0.9777777777777777, 0.9851851851851852, 0.9925925925925926, 0.9925925925925926, 0.9814814814814815, 1.0, 1.0, 0.9888888888888889, 0.9740740740740741, 0.9851851851851852, 0.9962962962962963, 0.9925925925925926, 1.0, 0.9888888888888889, 0.9925925925925926, 0.9925925925925926, 0.9925925925925926, 0.9925925925925926, 0.9962962962962963, 1.0, 0.9925925925925926, 1.0, 1.0, 0.9888888888888889, 0.9888888888888889, 1.0, 0.9851851851851852, 0.9888888888888889, 0.9962962962962963, 0.9962962962962963, 0.9814814814814815, 0.9888888888888889, 0.9666666666666667, 0.9925925925925926, 0.9925925925925926, 1.0, 0.9888888888888889, 0.9888888888888889, 1.0, 0.9888888888888889, 0.9888888888888889, 1.0, 1.0, 0.9851851851851852, 0.9925925925925926, 1.0, 0.9962962962962963, 0.9888888888888889, 1.0, 1.0, 0.9851851851851852, 0.9851851851851852, 0.9888888888888889, 0.9925925925925926, 0.9925925925925926, 0.9962962962962963, 0.9925925925925926, 0.9888888888888889, 0.9814814814814815, 1.0, 0.9851851851851852, 1.0, 0.9888888888888889, 0.9888888888888889, 1.0, 0.9851851851851852, 1.0, 0.9888888888888889, 1.0, 1.0, 1.0, 0.9925925925925926, 0.9925925925925926, 1.0, 0.9962962962962963, 1.0, 0.9851851851851852, 1.0, 0.9925925925925926, 0.9851851851851852, 1.0, 0.9814814814814815, 0.9814814814814815, 1.0, 0.9777777777777777, 0.9851851851851852, 0.9925925925925926, 0.9925925925925926, 0.9888888888888889, 0.9962962962962963, 0.9962962962962963, 0.9925925925925926]
0.9918148148148147


Single different (100) (x0)

Multi different (100) (x0)

Forth quarter (76) (x0)

Third quarter (51) (x0)

Second quarter (26) (x0)

First quarter (1) (x7)

No different (0) (x23)


[1.0, 0.9666666666666667, 1.0, 0.9666666666666667, 0.9666666666666667, 1.0, 1.0, 0.9666666666666667, 1.0, 1.0, 1.0, 1.0, 0.9666666666666667, 1.0, 1.0, 0.9666666666666667, 0.9666666666666667, 1.0, 0.9666666666666667, 1.0, 1.0, 0.9666666666666667, 1.0, 1.0, 1.0, 1.0, 0.9666666666666667, 1.0, 1.0, 1.0, 1.0, 0.9666666666666667, 0.9666666666666667, 1.0, 1.0, 0.9666666666666667, 0.9666666666666667, 0.9666666666666667, 0.9666666666666667, 0.9666666666666667, 0.9666666666666667, 1.0, 1.0, 1.0, 0.9666666666666667, 0.9666666666666667, 1.0, 0.9666666666666667, 0.9666666666666667, 1.0, 1.0, 1.0, 1.0, 1.0, 0.9666666666666667, 0.9666666666666667, 1.0, 1.0, 1.0, 1.0, 0.9666666666666667, 1.0, 1.0, 0.9666666666666667, 0.9333333333333333, 0.9666666666666667, 0.9666666666666667, 1.0, 1.0, 1.0, 0.9666666666666667, 0.9666666666666667, 1.0, 1.0, 1.0, 0.9666666666666667, 1.0, 1.0, 1.0, 1.0, 1.0, 1.0, 0.9666666666666667, 1.0, 1.0, 1.0, 1.0, 1.0, 1.0, 0.9666666666666667, 0.9666666666666667, 1.0, 1.0, 1.0, 1.0, 1.0, 0.9666666666666667, 0.9666666666666667, 0.9666666666666667, 1.0]
0.9870000000000002
