Namespace(dataset='ecoli', mode='examine', n_estimators=1, num_clf=50, random_state=3076, reuse=True)
Dataset ecoli
(151, 8)
(151, 8)
(34, 8)
Number of label: 8 

Single different (50) (x0)

Multi different (50) (x0)

Forth quarter (38) (x0)

Third quarter (26) (x0)

Second quarter (13) (x37)

First quarter (1) (x176)

No different (0) (x89)


[0.9205298013245033, 0.8807947019867549, 0.9238410596026491, 0.9006622516556292, 0.8940397350993378, 0.8774834437086093, 0.9039735099337748, 0.8973509933774835, 0.9205298013245033, 0.9403973509933775, 0.9006622516556292, 0.9006622516556292, 0.8940397350993378, 0.9139072847682119, 0.9271523178807947, 0.9006622516556292, 0.8675496688741722, 0.8807947019867549, 0.9039735099337748, 0.9271523178807947, 0.9205298013245033, 0.9337748344370861, 0.8940397350993378, 0.9105960264900662, 0.9172185430463576, 0.9072847682119205, 0.9238410596026491, 0.8841059602649006, 0.8874172185430463, 0.8973509933774835, 0.9006622516556292, 0.9205298013245033, 0.9006622516556292, 0.8774834437086093, 0.9105960264900662, 0.9205298013245033, 0.9304635761589404, 0.890728476821192, 0.9039735099337748, 0.9238410596026491, 0.9139072847682119, 0.8874172185430463, 0.8874172185430463, 0.9271523178807947, 0.9238410596026491, 0.8576158940397351, 0.9271523178807947, 0.8774834437086093, 0.8841059602649006, 0.9072847682119205]
0.9045033112582783


Single different (50) (x0)

Multi different (50) (x1)

Forth quarter (38) (x1)

Third quarter (26) (x2)

Second quarter (13) (x9)

First quarter (1) (x15)

No different (0) (x6)


[0.7352941176470589, 0.8235294117647058, 0.8529411764705882, 0.7941176470588235, 0.7058823529411765, 0.7941176470588235, 0.7647058823529411, 0.8235294117647058, 0.8529411764705882, 0.6470588235294118, 0.7058823529411765, 0.8235294117647058, 0.6470588235294118, 0.8529411764705882, 0.8529411764705882, 0.7941176470588235, 0.8529411764705882, 0.7941176470588235, 0.7941176470588235, 0.7647058823529411, 0.7352941176470589, 0.7352941176470589, 0.6764705882352942, 0.8529411764705882, 0.7941176470588235, 0.8235294117647058, 0.7941176470588235, 0.8529411764705882, 0.7647058823529411, 0.7647058823529411, 0.6764705882352942, 0.8235294117647058, 0.7647058823529411, 0.7941176470588235, 0.8529411764705882, 0.7352941176470589, 0.7352941176470589, 0.8235294117647058, 0.7352941176470589, 0.7941176470588235, 0.8235294117647058, 0.7352941176470589, 0.8235294117647058, 0.8529411764705882, 0.7941176470588235, 0.7647058823529411, 0.7941176470588235, 0.7352941176470589, 0.8529411764705882, 0.7941176470588235]
0.7835294117647059
