Namespace(dataset='iris', mode='examine', n_estimators=1, num_clf=50, random_state=3867, reuse=False)
Dataset iris
(135, 5)
(135, 5)
(30, 5)
Number of label: 3 

Single different (50) (x2)

Multi different (50) (x0)

Forth quarter (38) (x2)

Third quarter (26) (x5)

Second quarter (13) (x4)

First quarter (1) (x22)

No different (0) (x100)


[0.9185185185185185, 0.9259259259259259, 0.9333333333333333, 0.9555555555555556, 0.9333333333333333, 0.9111111111111111, 0.9259259259259259, 0.9481481481481482, 0.9333333333333333, 0.9111111111111111, 0.9185185185185185, 0.9259259259259259, 0.9185185185185185, 0.9333333333333333, 0.9481481481481482, 0.9333333333333333, 0.9333333333333333, 0.9407407407407408, 0.9259259259259259, 0.9555555555555556, 0.8814814814814815, 0.9333333333333333, 0.9407407407407408, 0.9111111111111111, 0.9555555555555556, 0.9333333333333333, 0.9555555555555556, 0.9259259259259259, 0.9111111111111111, 0.9185185185185185, 0.9333333333333333, 0.9333333333333333, 0.9555555555555556, 0.8814814814814815, 0.9259259259259259, 0.9333333333333333, 0.9333333333333333, 0.9185185185185185, 0.8666666666666667, 0.9037037037037037, 0.9259259259259259, 0.9333333333333333, 0.9333333333333333, 0.9259259259259259, 0.9555555555555556, 0.9555555555555556, 0.9185185185185185, 0.9333333333333333, 0.9407407407407408, 0.9555555555555556]
0.9291851851851853


Single different (50) (x0)

Multi different (50) (x0)

Forth quarter (38) (x0)

Third quarter (26) (x1)

Second quarter (13) (x2)

First quarter (1) (x4)

No different (0) (x23)


[0.9, 0.9666666666666667, 0.9666666666666667, 1.0, 0.9666666666666667, 0.9333333333333333, 0.9666666666666667, 1.0, 0.9666666666666667, 0.9, 0.9333333333333333, 0.9333333333333333, 0.9333333333333333, 0.9666666666666667, 0.9333333333333333, 0.9666666666666667, 0.9666666666666667, 1.0, 0.9333333333333333, 1.0, 0.9333333333333333, 0.9666666666666667, 0.9333333333333333, 0.9666666666666667, 1.0, 1.0, 0.9666666666666667, 0.9666666666666667, 0.9666666666666667, 0.9333333333333333, 0.9666666666666667, 0.9666666666666667, 1.0, 0.9, 0.9666666666666667, 0.9666666666666667, 0.9666666666666667, 0.9, 0.9666666666666667, 0.8333333333333334, 0.9666666666666667, 0.9, 0.9666666666666667, 0.9333333333333333, 1.0, 1.0, 0.9333333333333333, 0.9666666666666667, 0.9333333333333333, 1.0]
0.9560000000000001
