Namespace(dataset='ecoli', mode='examine', n_estimators=1, num_clf=50, random_state=410, reuse=False)
Dataset ecoli
(151, 8)
(151, 8)
(34, 8)
Number of label: 8 

Single different (50) (x0)

Multi different (50) (x4)

Forth quarter (38) (x7)

Third quarter (26) (x25)

Second quarter (13) (x21)

First quarter (1) (x71)

No different (0) (x23)


[0.8079470198675497, 0.7218543046357616, 0.6887417218543046, 0.6754966887417219, 0.7748344370860927, 0.7218543046357616, 0.7880794701986755, 0.7615894039735099, 0.7682119205298014, 0.7483443708609272, 0.7019867549668874, 0.7019867549668874, 0.7549668874172185, 0.7483443708609272, 0.7019867549668874, 0.7152317880794702, 0.6887417218543046, 0.8278145695364238, 0.7947019867549668, 0.7615894039735099, 0.7350993377483444, 0.7748344370860927, 0.8079470198675497, 0.7086092715231788, 0.7086092715231788, 0.6821192052980133, 0.7682119205298014, 0.7152317880794702, 0.7218543046357616, 0.7019867549668874, 0.7350993377483444, 0.7748344370860927, 0.7417218543046358, 0.7748344370860927, 0.7019867549668874, 0.6887417218543046, 0.7814569536423841, 0.7086092715231788, 0.7417218543046358, 0.7682119205298014, 0.7086092715231788, 0.7086092715231788, 0.7748344370860927, 0.7086092715231788, 0.6622516556291391, 0.7284768211920529, 0.7947019867549668, 0.7549668874172185, 0.7284768211920529, 0.7615894039735099]
0.7385430463576159


Single different (50) (x0)

Multi different (50) (x0)

Forth quarter (38) (x2)

Third quarter (26) (x6)

Second quarter (13) (x5)

First quarter (1) (x15)

No different (0) (x6)


[0.7647058823529411, 0.7647058823529411, 0.6764705882352942, 0.5588235294117647, 0.7941176470588235, 0.7941176470588235, 0.8235294117647058, 0.7941176470588235, 0.6764705882352942, 0.8235294117647058, 0.5882352941176471, 0.6764705882352942, 0.8235294117647058, 0.7941176470588235, 0.6176470588235294, 0.7058823529411765, 0.6764705882352942, 0.8529411764705882, 0.7647058823529411, 0.7352941176470589, 0.6764705882352942, 0.8529411764705882, 0.6764705882352942, 0.8529411764705882, 0.7647058823529411, 0.8235294117647058, 0.7058823529411765, 0.7941176470588235, 0.6176470588235294, 0.5294117647058824, 0.6176470588235294, 0.7352941176470589, 0.8823529411764706, 0.8529411764705882, 0.6764705882352942, 0.7058823529411765, 0.8529411764705882, 0.6764705882352942, 0.7352941176470589, 0.7647058823529411, 0.8529411764705882, 0.7352941176470589, 0.7647058823529411, 0.7352941176470589, 0.7647058823529411, 0.6764705882352942, 0.7058823529411765, 0.7647058823529411, 0.7058823529411765, 0.8235294117647058]
0.7405882352941175
