Namespace(dataset='dematology', mode='examine', n_estimators=1, num_clf=100, random_state=6070, reuse=True)
Dataset dematology
(164, 35)
(165, 35)
(37, 35)
Number of label: 6 

Single different (100) (x0)

Multi different (100) (x0)

Forth quarter (76) (x0)

Third quarter (51) (x0)

Second quarter (26) (x4)

First quarter (1) (x189)

No different (0) (x136)


[0.9756838905775076, 0.9696048632218845, 0.9604863221884499, 0.9604863221884499, 0.9848024316109423, 0.9422492401215805, 0.9574468085106383, 0.9756838905775076, 0.939209726443769, 0.9604863221884499, 0.9604863221884499, 0.9422492401215805, 0.9361702127659575, 0.9878419452887538, 0.9787234042553191, 0.9574468085106383, 0.9665653495440729, 0.9787234042553191, 0.9696048632218845, 0.9817629179331308, 0.9544072948328267, 0.9452887537993921, 0.9604863221884499, 0.9696048632218845, 0.9513677811550152, 0.9544072948328267, 0.9726443768996961, 0.9483282674772037, 0.9726443768996961, 0.9483282674772037, 0.9696048632218845, 0.9544072948328267, 0.9635258358662614, 0.9665653495440729, 0.9756838905775076, 0.9665653495440729, 0.9635258358662614, 0.9726443768996961, 0.9544072948328267, 0.9787234042553191, 0.9452887537993921, 0.9574468085106383, 0.9696048632218845, 0.9604863221884499, 0.9574468085106383, 0.9513677811550152, 0.9574468085106383, 0.9726443768996961, 0.9696048632218845, 0.9574468085106383, 0.9483282674772037, 0.9665653495440729, 0.9483282674772037, 0.9422492401215805, 0.9635258358662614, 0.9544072948328267, 0.9604863221884499, 0.9604863221884499, 0.9726443768996961, 0.9908814589665653, 0.9513677811550152, 0.9483282674772037, 0.9300911854103343, 0.9604863221884499, 0.939209726443769, 0.9574468085106383, 0.9544072948328267, 0.9787234042553191, 0.9483282674772037, 0.9787234042553191, 0.9696048632218845, 0.9726443768996961, 0.9574468085106383, 0.9696048632218845, 0.9665653495440729, 0.9848024316109423, 0.9635258358662614, 0.9574468085106383, 0.9726443768996961, 0.9513677811550152, 0.9604863221884499, 0.9604863221884499, 0.9878419452887538, 0.9726443768996961, 0.9756838905775076, 0.9604863221884499, 0.9635258358662614, 0.9574468085106383, 0.9574468085106383, 0.939209726443769, 0.9604863221884499, 0.9361702127659575, 0.9696048632218845, 0.9574468085106383, 0.9452887537993921, 0.9604863221884499, 0.9513677811550152, 0.9483282674772037, 0.9787234042553191, 0.9756838905775076]
0.9616717325227964


Single different (100) (x0)

Multi different (100) (x0)

Forth quarter (76) (x0)

Third quarter (51) (x1)

Second quarter (26) (x8)

First quarter (1) (x17)

No different (0) (x11)


[0.8918918918918919, 0.918918918918919, 0.8918918918918919, 0.8918918918918919, 0.9459459459459459, 0.8918918918918919, 0.8108108108108109, 0.972972972972973, 0.8918918918918919, 0.8918918918918919, 0.8378378378378378, 0.8378378378378378, 0.8648648648648649, 0.8918918918918919, 0.8108108108108109, 0.918918918918919, 0.7837837837837838, 0.8648648648648649, 0.918918918918919, 0.918918918918919, 0.8108108108108109, 0.9459459459459459, 0.8648648648648649, 0.8918918918918919, 0.8378378378378378, 0.8378378378378378, 0.8648648648648649, 0.8648648648648649, 0.8648648648648649, 0.7567567567567568, 0.8648648648648649, 0.8648648648648649, 0.8378378378378378, 0.8648648648648649, 0.8648648648648649, 0.918918918918919, 0.918918918918919, 0.972972972972973, 0.8108108108108109, 0.8918918918918919, 0.7837837837837838, 0.8378378378378378, 0.8918918918918919, 0.9459459459459459, 0.8378378378378378, 0.8918918918918919, 0.8648648648648649, 0.8918918918918919, 0.8378378378378378, 0.918918918918919, 0.8918918918918919, 0.972972972972973, 0.918918918918919, 0.8648648648648649, 0.8648648648648649, 0.8108108108108109, 0.8918918918918919, 0.8378378378378378, 0.7567567567567568, 0.8648648648648649, 0.7297297297297297, 0.9459459459459459, 0.8648648648648649, 0.7567567567567568, 0.7837837837837838, 0.8378378378378378, 0.8378378378378378, 0.918918918918919, 0.8648648648648649, 0.8918918918918919, 0.9459459459459459, 0.8648648648648649, 0.918918918918919, 0.8378378378378378, 0.8648648648648649, 0.8648648648648649, 0.8918918918918919, 0.918918918918919, 0.9459459459459459, 0.8108108108108109, 0.8108108108108109, 0.8918918918918919, 0.8648648648648649, 0.8648648648648649, 0.918918918918919, 0.8108108108108109, 0.8648648648648649, 0.8648648648648649, 0.8918918918918919, 0.8378378378378378, 0.8648648648648649, 0.7567567567567568, 1.0, 0.7837837837837838, 0.918918918918919, 0.8378378378378378, 0.7567567567567568, 0.8378378378378378, 0.8378378378378378, 0.9459459459459459]
0.8683783783783785
