Namespace(dataset='hepatitis', mode='examine', n_estimators=1, num_clf=50, random_state=3682, reuse=True)
Dataset hepatitis
(70, 20)
(70, 20)
(15, 20)
Number of label: 2 

Single different (50) (x0)

Multi different (50) (x0)

Forth quarter (38) (x0)

Third quarter (26) (x0)

Second quarter (13) (x10)

First quarter (1) (x91)

No different (0) (x39)


[0.9, 0.9214285714285714, 0.8714285714285714, 0.9357142857142857, 0.9071428571428571, 0.9428571428571428, 0.9142857142857143, 0.9214285714285714, 0.9214285714285714, 0.9357142857142857, 0.9142857142857143, 0.9285714285714286, 0.9142857142857143, 0.9142857142857143, 0.9142857142857143, 0.8857142857142857, 0.9428571428571428, 0.9428571428571428, 0.8928571428571429, 0.9285714285714286, 0.8857142857142857, 0.9428571428571428, 0.8928571428571429, 0.8928571428571429, 0.9285714285714286, 0.9071428571428571, 0.8857142857142857, 0.9071428571428571, 0.95, 0.9214285714285714, 0.8857142857142857, 0.9071428571428571, 0.9142857142857143, 0.9357142857142857, 0.9357142857142857, 0.8928571428571429, 0.9214285714285714, 0.9, 0.9285714285714286, 0.9142857142857143, 0.9214285714285714, 0.9428571428571428, 0.9571428571428572, 0.9142857142857143, 0.9357142857142857, 0.9, 0.9071428571428571, 0.9285714285714286, 0.8785714285714286, 0.9214285714285714]
0.9161428571428571


Single different (50) (x0)

Multi different (50) (x0)

Forth quarter (38) (x0)

Third quarter (26) (x2)

Second quarter (13) (x5)

First quarter (1) (x6)

No different (0) (x2)


[0.6, 0.6, 0.9333333333333333, 0.8, 0.8666666666666667, 0.8666666666666667, 0.6666666666666666, 0.8, 0.8, 0.8666666666666667, 0.7333333333333333, 0.8666666666666667, 0.9333333333333333, 0.6, 0.6, 0.7333333333333333, 0.6666666666666666, 0.6, 0.6, 0.6666666666666666, 0.7333333333333333, 0.6666666666666666, 0.8666666666666667, 0.8666666666666667, 0.7333333333333333, 0.8, 0.6666666666666666, 0.7333333333333333, 0.8666666666666667, 0.7333333333333333, 0.6666666666666666, 0.7333333333333333, 0.8666666666666667, 0.7333333333333333, 0.8, 0.6, 0.6666666666666666, 0.7333333333333333, 0.7333333333333333, 0.9333333333333333, 0.8, 0.8, 0.8, 0.8, 0.6666666666666666, 0.6666666666666666, 0.6666666666666666, 0.8, 0.8, 0.5333333333333333]
0.7453333333333333
