{'mode': 'examine', 'dataset': 'breast_w', 'num_clf': 50, 'reuse': True, 'random_state': 4875, 'num_estimators': 100}
(314, 10)
(315, 10)
(70, 10)
Number of label: 2 

Single different (50) (x0)

Multi different (50) (x0)

Forth quarter (38) (x0)

Third quarter (26) (x0)

Second quarter (13) (x0)

First quarter (1) (x0)

No different (0) (x629)


[1.0, 1.0, 1.0, 1.0, 1.0, 1.0, 1.0, 1.0, 1.0, 1.0, 1.0, 1.0, 1.0, 1.0, 1.0, 1.0, 1.0, 1.0, 1.0, 1.0, 1.0, 1.0, 1.0, 1.0, 1.0, 1.0, 1.0, 1.0, 1.0, 1.0, 1.0, 1.0, 1.0, 1.0, 1.0, 1.0, 1.0, 1.0, 1.0, 1.0, 1.0, 1.0, 1.0, 1.0, 1.0, 1.0, 1.0, 1.0, 1.0, 1.0]
1.0


Single different (50) (x2)

Multi different (50) (x0)

Forth quarter (38) (x0)

Third quarter (26) (x1)

Second quarter (13) (x0)

First quarter (1) (x1)

No different (0) (x66)


[0.9714285714285714, 0.9571428571428572, 0.9714285714285714, 0.9571428571428572, 0.9571428571428572, 0.9571428571428572, 0.9571428571428572, 0.9571428571428572, 0.9714285714285714, 0.9571428571428572, 0.9714285714285714, 0.9714285714285714, 0.9571428571428572, 0.9571428571428572, 0.9714285714285714, 0.9714285714285714, 0.9714285714285714, 0.9428571428571428, 0.9571428571428572, 0.9571428571428572, 0.9571428571428572, 0.9428571428571428, 0.9571428571428572, 0.9571428571428572, 0.9571428571428572, 0.9714285714285714, 0.9571428571428572, 0.9428571428571428, 0.9714285714285714, 0.9714285714285714, 0.9571428571428572, 0.9571428571428572, 0.9571428571428572, 0.9714285714285714, 0.9571428571428572, 0.9714285714285714, 0.9428571428571428, 0.9571428571428572, 0.9714285714285714, 0.9571428571428572, 0.9571428571428572, 0.9714285714285714, 0.9571428571428572, 0.9571428571428572, 0.9714285714285714, 0.9571428571428572, 0.9714285714285714, 0.9714285714285714, 0.9571428571428572, 0.9571428571428572]
0.961142857142857
