{'mode': 'examine', 'dataset': 'dematology', 'num_clf': 100, 'reuse': False, 'random_state': 5988, 'num_estimators': 100}
(164, 35)
(165, 35)
(37, 35)
Number of label: 6 

Single different (100) (x3)

Multi different (100) (x0)

Forth quarter (76) (x3)

Third quarter (51) (x0)

Second quarter (26) (x0)

First quarter (1) (x6)

No different (0) (x153)


[0.9575757575757575, 0.9636363636363636, 0.9636363636363636, 0.9636363636363636, 0.9575757575757575, 0.9696969696969697, 0.9636363636363636, 0.9575757575757575, 0.9636363636363636, 0.9696969696969697, 0.9515151515151515, 0.9636363636363636, 0.9696969696969697, 0.9636363636363636, 0.9636363636363636, 0.9696969696969697, 0.9636363636363636, 0.9636363636363636, 0.9696969696969697, 0.9636363636363636, 0.9636363636363636, 0.9575757575757575, 0.9575757575757575, 0.9636363636363636, 0.9757575757575757, 0.9575757575757575, 0.9636363636363636, 0.9696969696969697, 0.9575757575757575, 0.9636363636363636, 0.9696969696969697, 0.9757575757575757, 0.9575757575757575, 0.9636363636363636, 0.9575757575757575, 0.9575757575757575, 0.9696969696969697, 0.9636363636363636, 0.9636363636363636, 0.9757575757575757, 0.9575757575757575, 0.9636363636363636, 0.9575757575757575, 0.9696969696969697, 0.9575757575757575, 0.9575757575757575, 0.9515151515151515, 0.9575757575757575, 0.9575757575757575, 0.9575757575757575, 0.9636363636363636, 0.9575757575757575, 0.9515151515151515, 0.9575757575757575, 0.9696969696969697, 0.9636363636363636, 0.9575757575757575, 0.9575757575757575, 0.9636363636363636, 0.9636363636363636, 0.9636363636363636, 0.9575757575757575, 0.9575757575757575, 0.9636363636363636, 0.9636363636363636, 0.9636363636363636, 0.9636363636363636, 0.9575757575757575, 0.9515151515151515, 0.9696969696969697, 0.9636363636363636, 0.9575757575757575, 0.9636363636363636, 0.9636363636363636, 0.9636363636363636, 0.9515151515151515, 0.9515151515151515, 0.9636363636363636, 0.9575757575757575, 0.9575757575757575, 0.9696969696969697, 0.9636363636363636, 0.9636363636363636, 0.9636363636363636, 0.9636363636363636, 0.9696969696969697, 0.9636363636363636, 0.9636363636363636, 0.9575757575757575, 0.9696969696969697, 0.9636363636363636, 0.9636363636363636, 0.9636363636363636, 0.9636363636363636, 0.9696969696969697, 0.9515151515151515, 0.9636363636363636, 0.9575757575757575, 0.9454545454545454, 0.9515151515151515]
0.9620000000000001


Single different (100) (x1)

Multi different (100) (x0)

Forth quarter (76) (x0)

Third quarter (51) (x0)

Second quarter (26) (x1)

First quarter (1) (x1)

No different (0) (x34)


[0.9459459459459459, 0.9459459459459459, 0.9459459459459459, 0.9459459459459459, 0.972972972972973, 0.9459459459459459, 0.9459459459459459, 0.9459459459459459, 0.972972972972973, 0.918918918918919, 0.972972972972973, 0.918918918918919, 0.972972972972973, 0.972972972972973, 0.972972972972973, 0.918918918918919, 0.972972972972973, 0.9459459459459459, 0.972972972972973, 0.972972972972973, 0.972972972972973, 0.9459459459459459, 0.9459459459459459, 0.972972972972973, 0.9459459459459459, 0.9459459459459459, 0.918918918918919, 0.9459459459459459, 0.9459459459459459, 0.9459459459459459, 0.972972972972973, 0.972972972972973, 0.972972972972973, 0.9459459459459459, 0.9459459459459459, 0.9459459459459459, 0.9459459459459459, 0.972972972972973, 0.9459459459459459, 0.918918918918919, 0.9459459459459459, 0.9459459459459459, 0.972972972972973, 0.918918918918919, 0.972972972972973, 0.9459459459459459, 0.9459459459459459, 0.972972972972973, 0.972972972972973, 0.9459459459459459, 0.9459459459459459, 0.9459459459459459, 0.9459459459459459, 0.9459459459459459, 0.972972972972973, 0.972972972972973, 0.9459459459459459, 0.972972972972973, 0.972972972972973, 0.972972972972973, 0.9459459459459459, 0.9459459459459459, 0.972972972972973, 0.918918918918919, 0.918918918918919, 0.972972972972973, 0.9459459459459459, 0.972972972972973, 0.972972972972973, 0.918918918918919, 0.972972972972973, 0.972972972972973, 0.972972972972973, 0.9459459459459459, 0.972972972972973, 0.9459459459459459, 0.9459459459459459, 0.972972972972973, 0.9459459459459459, 0.9459459459459459, 0.9459459459459459, 0.9459459459459459, 0.9459459459459459, 0.9459459459459459, 0.9459459459459459, 0.9459459459459459, 0.9459459459459459, 0.972972972972973, 0.9459459459459459, 0.918918918918919, 0.9459459459459459, 0.972972972972973, 0.9459459459459459, 0.972972972972973, 0.972972972972973, 0.9459459459459459, 0.918918918918919, 0.918918918918919, 0.972972972972973, 0.9459459459459459]
0.952972972972973
