{'mode': 'examine', 'dataset': 'audiology', 'num_clf': 50, 'reuse': True, 'random_state': 5626, 'num_estimators': 100}
(100, 95)
(100, 95)
(26, 95)
Number of label: 24 

Single different (50) (x0)

Multi different (50) (x0)

Forth quarter (38) (x0)

Third quarter (26) (x0)

Second quarter (13) (x0)

First quarter (1) (x0)

No different (0) (x200)


[1.0, 1.0, 1.0, 1.0, 1.0, 1.0, 1.0, 1.0, 1.0, 1.0, 1.0, 1.0, 1.0, 1.0, 1.0, 1.0, 1.0, 1.0, 1.0, 1.0, 1.0, 1.0, 1.0, 1.0, 1.0, 1.0, 1.0, 1.0, 1.0, 1.0, 1.0, 1.0, 1.0, 1.0, 1.0, 1.0, 1.0, 1.0, 1.0, 1.0, 1.0, 1.0, 1.0, 1.0, 1.0, 1.0, 1.0, 1.0, 1.0, 1.0]
1.0


Single different (50) (x0)

Multi different (50) (x2)

Forth quarter (38) (x3)

Third quarter (26) (x1)

Second quarter (13) (x0)

First quarter (1) (x2)

No different (0) (x18)


[0.8076923076923077, 0.8076923076923077, 0.7692307692307693, 0.7692307692307693, 0.7692307692307693, 0.8461538461538461, 0.7692307692307693, 0.7692307692307693, 0.7692307692307693, 0.7307692307692307, 0.8076923076923077, 0.8076923076923077, 0.8076923076923077, 0.8076923076923077, 0.8076923076923077, 0.8076923076923077, 0.7307692307692307, 0.8076923076923077, 0.7692307692307693, 0.7692307692307693, 0.7692307692307693, 0.7692307692307693, 0.7692307692307693, 0.7307692307692307, 0.8076923076923077, 0.8076923076923077, 0.8076923076923077, 0.7692307692307693, 0.8076923076923077, 0.8461538461538461, 0.7307692307692307, 0.7692307692307693, 0.7692307692307693, 0.8076923076923077, 0.7692307692307693, 0.7692307692307693, 0.7692307692307693, 0.8461538461538461, 0.7692307692307693, 0.8461538461538461, 0.7692307692307693, 0.8076923076923077, 0.8076923076923077, 0.7692307692307693, 0.7692307692307693, 0.7692307692307693, 0.7692307692307693, 0.7307692307692307, 0.7692307692307693, 0.7307692307692307]
0.7830769230769231
