{'mode': 'examine', 'dataset': 'human_activity', 'num_clf': 100, 'reuse': True, 'random_state': 4780, 'num_estimators': 100}
(3676, 562)
(3676, 562)
(2947, 562)
Number of label: 6 

Single different (100) (x0)

Multi different (100) (x0)

Forth quarter (76) (x0)

Third quarter (51) (x0)

Second quarter (26) (x0)

First quarter (1) (x0)

No different (0) (x7352)


[1.0, 1.0, 1.0, 1.0, 1.0, 1.0, 1.0, 1.0, 1.0, 1.0, 1.0, 1.0, 1.0, 1.0, 1.0, 1.0, 1.0, 1.0, 1.0, 1.0, 1.0, 1.0, 1.0, 1.0, 1.0, 1.0, 1.0, 1.0, 1.0, 1.0, 1.0, 1.0, 1.0, 1.0, 1.0, 1.0, 1.0, 1.0, 1.0, 1.0, 1.0, 1.0, 1.0, 1.0, 1.0, 1.0, 1.0, 1.0, 1.0, 1.0, 1.0, 1.0, 1.0, 1.0, 1.0, 1.0, 1.0, 1.0, 1.0, 1.0, 1.0, 1.0, 1.0, 1.0, 1.0, 1.0, 1.0, 1.0, 1.0, 1.0, 1.0, 1.0, 1.0, 1.0, 1.0, 1.0, 1.0, 1.0, 1.0, 1.0, 1.0, 1.0, 1.0, 1.0, 1.0, 1.0, 1.0, 1.0, 1.0, 1.0, 1.0, 1.0, 1.0, 1.0, 1.0, 1.0, 1.0, 1.0, 1.0, 1.0]
1.0


Single different (100) (x77)

Multi different (100) (x3)

Forth quarter (76) (x89)

Third quarter (51) (x45)

Second quarter (26) (x52)

First quarter (1) (x146)

No different (0) (x2535)


[0.9280624363759755, 0.9222938581608415, 0.9311163895486936, 0.9280624363759755, 0.9290804207668816, 0.9253478113335596, 0.9209365456396336, 0.9246691550729556, 0.9226331862911435, 0.9314557176789956, 0.9294197488971836, 0.9192399049881235, 0.9253478113335596, 0.9250084832032576, 0.9267051238547676, 0.9256871394638616, 0.9199185612487275, 0.9263657957244655, 0.9260264675941635, 0.9280624363759755, 0.9270444519850696, 0.9256871394638616, 0.9212758737699356, 0.9260264675941635, 0.9226331862911435, 0.9216152019002375, 0.9229725144214456, 0.9287410926365796, 0.9277231082456736, 0.9267051238547676, 0.9226331862911435, 0.9233118425517476, 0.9273837801153716, 0.9260264675941635, 0.9250084832032576, 0.9250084832032576, 0.9246691550729556, 0.9256871394638616, 0.9263657957244655, 0.9284017645062775, 0.9267051238547676, 0.9270444519850696, 0.9192399049881235, 0.9300984051577876, 0.9294197488971836, 0.9277231082456736, 0.9294197488971836, 0.9216152019002375, 0.9250084832032576, 0.9294197488971836, 0.9280624363759755, 0.9246691550729556, 0.9212758737699356, 0.9212758737699356, 0.9338310145911096, 0.9297590770274856, 0.9250084832032576, 0.9311163895486936, 0.9246691550729556, 0.9192399049881235, 0.9212758737699356, 0.9263657957244655, 0.9314557176789956, 0.9256871394638616, 0.9314557176789956, 0.9243298269426535, 0.9202578893790295, 0.9290804207668816, 0.9321343739395996, 0.9250084832032576, 0.9229725144214456, 0.9243298269426535, 0.9287410926365796, 0.9280624363759755, 0.9287410926365796, 0.9219545300305395, 0.9250084832032576, 0.9260264675941635, 0.9239904988123515, 0.9324737020699015, 0.9304377332880895, 0.9229725144214456, 0.9317950458092976, 0.9311163895486936, 0.9300984051577876, 0.9263657957244655, 0.9219545300305395, 0.9212758737699356, 0.9300984051577876, 0.9250084832032576, 0.9267051238547676, 0.9277231082456736, 0.9239904988123515, 0.9243298269426535, 0.9290804207668816, 0.9270444519850696, 0.9300984051577876, 0.9280624363759755, 0.9209365456396336, 0.9267051238547676]
0.9261011197828302
