{'dataset': 'credit_card', 'algorithm': 'ptdqn', 'num_clf': 20, 'num_training': 400000, 'learning_rate': 0.1, 'discount_factor': 1.0, 'epsilon': 0.1, 'random_state': 1836, 'portion': 0.5, 'sequential': False}
(30000, 31)
reading data takes 0.160 sec
number of labels: 2

Running iteration 1 of 10 fold...
[11, 0, 1, 8, 3, 13, 18, 15, 19]
using cpu
using cpu
    accuracy, precision, recall, f_score
max0: 0.811759, 0.791681, 0.650300, 0.671779

    accuracy, precision, recall, f_score
max3: 0.815556, 0.795714, 0.651518, 0.673767

    accuracy, precision, recall, f_score
max1: 0.810333, 0.790241, 0.649137, 0.667820


min loss: 0.015, episode: 181000
max accu: 0.812, episode: 220000

17.17 classifiers used
    accuracy, precision, recall, f_score
mv: 0.814667, 0.794962, 0.653053, 0.673154
wv: 0.815333, 0.793913, 0.644042, 0.665455
fs: 0.805333, 0.786378, 0.649516, 0.665914
rl: 0.810333, 0.790241, 0.649137, 0.667820

0.7229953703703703
0.72, 0.72, 0.71, 0.72, 0.71, 0.72, 0.72, 0.71, 0.72, 0.72, 0.71, 0.73, 0.72, 0.72, 0.72, 0.72, 0.72, 0.72, 0.72, 0.72

0.7246203703703704
0.72, 0.72, 0.71, 0.73, 0.72, 0.72, 0.72, 0.71, 0.72, 0.72, 0.71, 0.73, 0.72, 0.72, 0.72, 0.72, 0.71, 0.72, 0.72, 0.72

0.72615
0.73, 0.71, 0.71, 0.72, 0.72, 0.73, 0.72, 0.71, 0.72, 0.72, 0.73, 0.73, 0.72, 0.73, 0.73, 0.72, 0.72, 0.73, 0.72, 0.72

0.7270166666666666
0.72, 0.72, 0.72, 0.73, 0.72, 0.72, 0.73, 0.73, 0.71, 0.73, 0.71, 0.72, 0.73, 0.71, 0.72, 0.73, 0.73, 0.72, 0.73, 0.73


Running iteration 2 of 10 fold...
[16, 0, 17, 3, 10, 15, 8]
using cpu
using cpu
    accuracy, precision, recall, f_score
max0: 0.819352, 0.800737, 0.658428, 0.681513

    accuracy, precision, recall, f_score
max3: 0.824259, 0.805816, 0.660718, 0.684088

    accuracy, precision, recall, f_score
max1: 0.811667, 0.792281, 0.652624, 0.674614


min loss: 0.014, episode: 395000
max accu: 0.819, episode: 220000

19.82 classifiers used
    accuracy, precision, recall, f_score
mv: 0.806333, 0.786352, 0.651348, 0.671261
wv: 0.810000, 0.789697, 0.646175, 0.667997
fs: 0.796333, 0.775682, 0.644387, 0.661119
rl: 0.811667, 0.792281, 0.652624, 0.674614

0.7267175925925926
0.72, 0.72, 0.71, 0.73, 0.72, 0.72, 0.71, 0.72, 0.72, 0.72, 0.72, 0.72, 0.72, 0.73, 0.72, 0.72, 0.73, 0.72, 0.72, 0.72

0.7297592592592592
0.73, 0.72, 0.72, 0.73, 0.73, 0.72, 0.71, 0.73, 0.72, 0.73, 0.73, 0.73, 0.72, 0.73, 0.72, 0.73, 0.73, 0.72, 0.72, 0.72

0.7222666666666667
0.71, 0.71, 0.71, 0.72, 0.72, 0.72, 0.72, 0.71, 0.72, 0.71, 0.72, 0.74, 0.72, 0.73, 0.71, 0.71, 0.73, 0.72, 0.72, 0.71

0.7205166666666667
0.72, 0.71, 0.73, 0.71, 0.71, 0.71, 0.72, 0.73, 0.72, 0.71, 0.72, 0.72, 0.71, 0.73, 0.70, 0.73, 0.71, 0.73, 0.71, 0.72


Running iteration 3 of 10 fold...
[9, 0, 17, 8, 1, 16, 4, 15, 5, 2, 10, 11, 12]
using cpu
using cpu
    accuracy, precision, recall, f_score
max0: 0.816667, 0.796992, 0.652185, 0.674748

    accuracy, precision, recall, f_score
max3: 0.820000, 0.800415, 0.654074, 0.676575

    accuracy, precision, recall, f_score
max1: 0.790667, 0.767011, 0.631546, 0.648477


min loss: 0.014, episode: 347000
max accu: 0.817, episode: 220000

17.70 classifiers used
    accuracy, precision, recall, f_score
mv: 0.797333, 0.775597, 0.641005, 0.659672
wv: 0.799000, 0.776407, 0.633348, 0.652729
fs: 0.794667, 0.773334, 0.642875, 0.660482
rl: 0.790667, 0.767011, 0.631546, 0.648477

0.7263842592592592
0.72, 0.72, 0.72, 0.72, 0.72, 0.72, 0.72, 0.72, 0.73, 0.73, 0.71, 0.72, 0.73, 0.72, 0.71, 0.72, 0.72, 0.72, 0.73, 0.72

0.7285555555555556
0.73, 0.72, 0.73, 0.73, 0.72, 0.73, 0.72, 0.72, 0.73, 0.73, 0.72, 0.72, 0.73, 0.73, 0.72, 0.72, 0.72, 0.72, 0.73, 0.71

0.7109833333333334
0.70, 0.70, 0.72, 0.71, 0.70, 0.71, 0.72, 0.71, 0.72, 0.72, 0.71, 0.71, 0.70, 0.70, 0.69, 0.71, 0.69, 0.70, 0.71, 0.70

0.7148833333333334
0.70, 0.71, 0.71, 0.73, 0.70, 0.72, 0.71, 0.71, 0.71, 0.71, 0.71, 0.71, 0.70, 0.69, 0.71, 0.73, 0.71, 0.71, 0.71, 0.71

    accuracy, precision, recall, f_score
mv: 0.806111, 0.785637, 0.648469, 0.668029
wv: 0.808111, 0.786672, 0.641189, 0.662060
fs: 0.798778, 0.778464, 0.645592, 0.662505
rl: 0.804222, 0.783178, 0.644435, 0.663637

fs avg size: 9.66667, rl avg size: 18.22956
full test avg accu: 0.72081, test avg accu: 0.71980

training takes 14257.675 sec
